<?xml version="1.0" encoding="UTF-8"?>
<testsuites name="New Test Suite" time="2157.757" tests="83" failures="0" errors="0">
   <testsuite name="New Test Suite" tests="83" failures="0" errors="0" time="2157.757" skipped="0" timestamp="2022-07-19 14:43:38" hostname="anthony - 192.168.0.39" id="Test Suites/New Test Suite">
      <properties>
         <property name="deviceName" value=""/>
         <property name="devicePlatform" value=""/>
         <property name="logFolder" value="/Users/anthony/Downloads/Gasp/Reports/20220719_140536/New Test Suite/20220719_140540"/>
         <property name="logFiles" value="/Users/anthony/Downloads/Gasp/Reports/20220719_140536/New Test Suite/20220719_140540/execution0.log"/>
         <property name="attachments" value=""/>
         <property name="hostName" value="anthony - 192.168.0.39"/>
         <property name="os" value="Mac OS X 64bit"/>
         <property name="katalonVersion" value="8.4.0.208"/>
         <property name="browser" value="Chrome 103.0.5060.114"/>
         <property name="hostAddress" value="192.168.0.39"/>
         <property name="sessionId" value="33ffddd24338faf12599834176693334"/>
         <property name="seleniumVersion" value="3.141.59"/>
         <property name="proxyInformation" value="ProxyInformation { proxyOption=NO_PROXY, proxyServerType=HTTP, username=, password=********, proxyServerAddress=, proxyServerPort=0, executionList=&quot;&quot;, isApplyToDesiredCapabilities=true }"/>
         <property name="platform" value="Mac OS X"/>
      </properties>
      <testcase name="Test Cases/Vote" time="27.108" classname="Test Cases/Vote" status="PASSED">
         <system-out><![CDATA[2022-07-19 14:43:38 - [TEST_CASE][PASSED] - Test Cases/Vote: Test Cases/Vote

2022-07-19 14:43:39 - [TEST_STEP][PASSED] - openBrowser(""): Browser is opened with url: ''

2022-07-19 14:43:39 - [MESSAGE][INFO] - Starting 'Chrome' driver

2022-07-19 14:43:39 - [MESSAGE][INFO] - Action delay is set to 0 milliseconds

2022-07-19 14:43:41 - [MESSAGE][PASSED] - Browser is opened with url: ''

2022-07-19 14:43:41 - [TEST_STEP][PASSED] - navigateToUrl("https://lesechosdutouquet.nordlittoral.fr/147787/article/2022-06-30/concours-photo-montrez-nous-la-plus-belle-photo-de-votre-chien-en-promenade-sur#l5lb6r47qsmp9ur58y"): Navigate to 'https://lesechosdutouquet.nordlittoral.fr/147787/article/2022-06-30/concours-photo-montrez-nous-la-plus-belle-photo-de-votre-chien-en-promenade-sur#l5lb6r47qsmp9ur58y' successfully

2022-07-19 14:43:44 - [MESSAGE][PASSED] - Navigate to 'https://lesechosdutouquet.nordlittoral.fr/147787/article/2022-06-30/concours-photo-montrez-nous-la-plus-belle-photo-de-votre-chien-en-promenade-sur#l5lb6r47qsmp9ur58y' successfully

2022-07-19 14:43:44 - [TEST_STEP][PASSED] - setViewPortSize(1920, 1080): Viewport is set to new size with width = 1920 and height = 1080

2022-07-19 14:43:44 - [MESSAGE][PASSED] - Viewport is set to new size with width = 1920 and height = 1080

2022-07-19 14:43:44 - [TEST_STEP][PASSED] - click(findTestObject("Object Repository/Page_Concours photo  votez pour la plus bel_494087/button_Accepter  Fermer")): Object: 'Object Repository/Page_Concours photo  votez pour la plus bel_494087/button_Accepter  Fermer' is clicked on

2022-07-19 14:43:45 - [MESSAGE][PASSED] - Object: 'Object Repository/Page_Concours photo  votez pour la plus bel_494087/button_Accepter  Fermer' is clicked on

2022-07-19 14:43:45 - [TEST_STEP][PASSED] - waitForElementVisible(findTestObject("Object Repository/Page_Concours photo  votez pour la plus bel_494087/a_X"), 15): Object 'Object Repository/Page_Concours photo  votez pour la plus bel_494087/a_X' is visible

2022-07-19 14:43:52 - [MESSAGE][PASSED] - Object 'Object Repository/Page_Concours photo  votez pour la plus bel_494087/a_X' is visible

2022-07-19 14:43:52 - [TEST_STEP][PASSED] - click(findTestObject("Object Repository/Page_Concours photo  votez pour la plus bel_494087/a_X")): Object: 'Object Repository/Page_Concours photo  votez pour la plus bel_494087/a_X' is clicked on

2022-07-19 14:43:53 - [MESSAGE][PASSED] - Object: 'Object Repository/Page_Concours photo  votez pour la plus bel_494087/a_X' is clicked on

2022-07-19 14:43:53 - [TEST_STEP][PASSED] - delay(1): Delayed 1 second(s)

2022-07-19 14:43:54 - [MESSAGE][PASSED] - Delayed 1 second(s)

2022-07-19 14:43:54 - [TEST_STEP][PASSED] - click(findTestObject("Object Repository/Page_Concours photo  votez pour la plus bel_494087/input_concat(Votez pour le plus beau chien de la cte d, , Opale )_jouer")): Object: 'Object Repository/Page_Concours photo  votez pour la plus bel_494087/input_concat(Votez pour le plus beau chien de la cte d, , Opale )_jouer' is clicked on

2022-07-19 14:43:55 - [MESSAGE][PASSED] - Object: 'Object Repository/Page_Concours photo  votez pour la plus bel_494087/input_concat(Votez pour le plus beau chien de la cte d, , Opale )_jouer' is clicked on

2022-07-19 14:43:55 - [TEST_STEP][PASSED] - if (verifyElementPresent(findTestObject("Page_Concours photo  votez pour la plus bel_494087/input_concat(Votez pour le plus beau chien de la cte d, , Opale )_jouer"), 1, OPTIONAL)): null

2022-07-19 14:43:56 - [MESSAGE][PASSED] - Object 'Object Repository/Page_Concours photo  votez pour la plus bel_494087/input_concat(Votez pour le plus beau chien de la cte d, , Opale )_jouer' is present

2022-07-19 14:43:56 - [TEST_STEP][PASSED] - click(findTestObject("Object Repository/Page_Concours photo  votez pour la plus bel_494087/input_concat(Votez pour le plus beau chien de la cte d, , Opale )_jouer")): Object: 'Object Repository/Page_Concours photo  votez pour la plus bel_494087/input_concat(Votez pour le plus beau chien de la cte d, , Opale )_jouer' is clicked on

2022-07-19 14:43:56 - [MESSAGE][PASSED] - Object: 'Object Repository/Page_Concours photo  votez pour la plus bel_494087/input_concat(Votez pour le plus beau chien de la cte d, , Opale )_jouer' is clicked on

2022-07-19 14:43:57 - [TEST_STEP][PASSED] - delay(1): Delayed 1 second(s)

2022-07-19 14:43:58 - [MESSAGE][PASSED] - Delayed 1 second(s)

2022-07-19 14:43:58 - [TEST_STEP][PASSED] - setText(findTestObject("Object Repository/Page_Concours photo  votez pour la plus bel_494087/input_trie par_keyword"), "Gaspard"): Text 'Gaspard' is set on object 'Object Repository/Page_Concours photo  votez pour la plus bel_494087/input_trie par_keyword'

2022-07-19 14:43:59 - [MESSAGE][PASSED] - Text 'Gaspard' is set on object 'Object Repository/Page_Concours photo  votez pour la plus bel_494087/input_trie par_keyword'

2022-07-19 14:43:59 - [TEST_STEP][PASSED] - sendKeys(findTestObject("Page_Concours photo  votez pour la plus bel_494087/input_trie par_keyword"), Keys.chord(ENTER)): Keys 'ENTER + ' sent to object: 'Object Repository/Page_Concours photo  votez pour la plus bel_494087/input_trie par_keyword'

2022-07-19 14:44:00 - [MESSAGE][PASSED] - Keys 'ENTER + ' sent to object: 'Object Repository/Page_Concours photo  votez pour la plus bel_494087/input_trie par_keyword'

2022-07-19 14:44:01 - [TEST_STEP][PASSED] - click(findTestObject("Page_Concours photo  votez pour la plus bel_494087/tri")): Object: 'Object Repository/Page_Concours photo  votez pour la plus bel_494087/tri' is clicked on

2022-07-19 14:44:01 - [MESSAGE][PASSED] - Object: 'Object Repository/Page_Concours photo  votez pour la plus bel_494087/tri' is clicked on

2022-07-19 14:44:01 - [TEST_STEP][PASSED] - click(findTestObject("Page_Concours photo  votez pour la plus bel_494087/plus de votes")): Object: 'Object Repository/Page_Concours photo  votez pour la plus bel_494087/plus de votes' is clicked on

2022-07-19 14:44:02 - [MESSAGE][PASSED] - Object: 'Object Repository/Page_Concours photo  votez pour la plus bel_494087/plus de votes' is clicked on

2022-07-19 14:44:03 - [TEST_STEP][PASSED] - click(findTestObject("Object Repository/Page_Concours photo  votez pour la plus bel_494087/i_Votes_fa fa-heart")): Object: 'Object Repository/Page_Concours photo  votez pour la plus bel_494087/i_Votes_fa fa-heart' is clicked on

2022-07-19 14:44:04 - [MESSAGE][PASSED] - Object: 'Object Repository/Page_Concours photo  votez pour la plus bel_494087/i_Votes_fa fa-heart' is clicked on

2022-07-19 14:44:04 - [TEST_STEP][PASSED] - delay(1): Delayed 1 second(s)

2022-07-19 14:44:05 - [MESSAGE][PASSED] - Delayed 1 second(s)

2022-07-19 14:44:05 - [TEST_STEP][PASSED] - closeBrowser(): Browser is closed

2022-07-19 14:44:05 - [MESSAGE][PASSED] - Browser is closed]]></system-out>
         <system-err><![CDATA[]]></system-err>
      </testcase>
      <testcase name="Test Cases/Vote" time="23.949" classname="Test Cases/Vote" status="PASSED">
         <system-out><![CDATA[2022-07-19 14:44:05 - [TEST_CASE][PASSED] - Test Cases/Vote: Test Cases/Vote

2022-07-19 14:44:05 - [TEST_STEP][PASSED] - openBrowser(""): Browser is opened with url: ''

2022-07-19 14:44:05 - [MESSAGE][INFO] - Starting 'Chrome' driver

2022-07-19 14:44:05 - [MESSAGE][INFO] - Action delay is set to 0 milliseconds

2022-07-19 14:44:06 - [MESSAGE][PASSED] - Browser is opened with url: ''

2022-07-19 14:44:07 - [TEST_STEP][PASSED] - navigateToUrl("https://lesechosdutouquet.nordlittoral.fr/147787/article/2022-06-30/concours-photo-montrez-nous-la-plus-belle-photo-de-votre-chien-en-promenade-sur#l5lb6r47qsmp9ur58y"): Navigate to 'https://lesechosdutouquet.nordlittoral.fr/147787/article/2022-06-30/concours-photo-montrez-nous-la-plus-belle-photo-de-votre-chien-en-promenade-sur#l5lb6r47qsmp9ur58y' successfully

2022-07-19 14:44:09 - [MESSAGE][PASSED] - Navigate to 'https://lesechosdutouquet.nordlittoral.fr/147787/article/2022-06-30/concours-photo-montrez-nous-la-plus-belle-photo-de-votre-chien-en-promenade-sur#l5lb6r47qsmp9ur58y' successfully

2022-07-19 14:44:09 - [TEST_STEP][PASSED] - setViewPortSize(1920, 1080): Viewport is set to new size with width = 1920 and height = 1080

2022-07-19 14:44:09 - [MESSAGE][PASSED] - Viewport is set to new size with width = 1920 and height = 1080

2022-07-19 14:44:09 - [TEST_STEP][PASSED] - click(findTestObject("Object Repository/Page_Concours photo  votez pour la plus bel_494087/button_Accepter  Fermer")): Object: 'Object Repository/Page_Concours photo  votez pour la plus bel_494087/button_Accepter  Fermer' is clicked on

2022-07-19 14:44:10 - [MESSAGE][PASSED] - Object: 'Object Repository/Page_Concours photo  votez pour la plus bel_494087/button_Accepter  Fermer' is clicked on

2022-07-19 14:44:10 - [TEST_STEP][PASSED] - waitForElementVisible(findTestObject("Object Repository/Page_Concours photo  votez pour la plus bel_494087/a_X"), 15): Object 'Object Repository/Page_Concours photo  votez pour la plus bel_494087/a_X' is visible

2022-07-19 14:44:17 - [MESSAGE][PASSED] - Object 'Object Repository/Page_Concours photo  votez pour la plus bel_494087/a_X' is visible

2022-07-19 14:44:17 - [TEST_STEP][PASSED] - click(findTestObject("Object Repository/Page_Concours photo  votez pour la plus bel_494087/a_X")): Object: 'Object Repository/Page_Concours photo  votez pour la plus bel_494087/a_X' is clicked on

2022-07-19 14:44:17 - [MESSAGE][PASSED] - Object: 'Object Repository/Page_Concours photo  votez pour la plus bel_494087/a_X' is clicked on

2022-07-19 14:44:17 - [TEST_STEP][PASSED] - delay(1): Delayed 1 second(s)

2022-07-19 14:44:19 - [MESSAGE][PASSED] - Delayed 1 second(s)

2022-07-19 14:44:19 - [TEST_STEP][PASSED] - click(findTestObject("Object Repository/Page_Concours photo  votez pour la plus bel_494087/input_concat(Votez pour le plus beau chien de la cte d, , Opale )_jouer")): Object: 'Object Repository/Page_Concours photo  votez pour la plus bel_494087/input_concat(Votez pour le plus beau chien de la cte d, , Opale )_jouer' is clicked on

2022-07-19 14:44:19 - [MESSAGE][PASSED] - Object: 'Object Repository/Page_Concours photo  votez pour la plus bel_494087/input_concat(Votez pour le plus beau chien de la cte d, , Opale )_jouer' is clicked on

2022-07-19 14:44:20 - [TEST_STEP][PASSED] - if (verifyElementPresent(findTestObject("Page_Concours photo  votez pour la plus bel_494087/input_concat(Votez pour le plus beau chien de la cte d, , Opale )_jouer"), 1, OPTIONAL)): null

2022-07-19 14:44:21 - [MESSAGE][PASSED] - Object 'Object Repository/Page_Concours photo  votez pour la plus bel_494087/input_concat(Votez pour le plus beau chien de la cte d, , Opale )_jouer' is present

2022-07-19 14:44:21 - [TEST_STEP][PASSED] - click(findTestObject("Object Repository/Page_Concours photo  votez pour la plus bel_494087/input_concat(Votez pour le plus beau chien de la cte d, , Opale )_jouer")): Object: 'Object Repository/Page_Concours photo  votez pour la plus bel_494087/input_concat(Votez pour le plus beau chien de la cte d, , Opale )_jouer' is clicked on

2022-07-19 14:44:21 - [MESSAGE][PASSED] - Object: 'Object Repository/Page_Concours photo  votez pour la plus bel_494087/input_concat(Votez pour le plus beau chien de la cte d, , Opale )_jouer' is clicked on

2022-07-19 14:44:21 - [TEST_STEP][PASSED] - delay(1): Delayed 1 second(s)

2022-07-19 14:44:22 - [MESSAGE][PASSED] - Delayed 1 second(s)

2022-07-19 14:44:22 - [TEST_STEP][PASSED] - setText(findTestObject("Object Repository/Page_Concours photo  votez pour la plus bel_494087/input_trie par_keyword"), "Gaspard"): Text 'Gaspard' is set on object 'Object Repository/Page_Concours photo  votez pour la plus bel_494087/input_trie par_keyword'

2022-07-19 14:44:24 - [MESSAGE][PASSED] - Text 'Gaspard' is set on object 'Object Repository/Page_Concours photo  votez pour la plus bel_494087/input_trie par_keyword'

2022-07-19 14:44:24 - [TEST_STEP][PASSED] - sendKeys(findTestObject("Page_Concours photo  votez pour la plus bel_494087/input_trie par_keyword"), Keys.chord(ENTER)): Keys 'ENTER + ' sent to object: 'Object Repository/Page_Concours photo  votez pour la plus bel_494087/input_trie par_keyword'

2022-07-19 14:44:25 - [MESSAGE][PASSED] - Keys 'ENTER + ' sent to object: 'Object Repository/Page_Concours photo  votez pour la plus bel_494087/input_trie par_keyword'

2022-07-19 14:44:25 - [TEST_STEP][PASSED] - click(findTestObject("Page_Concours photo  votez pour la plus bel_494087/tri")): Object: 'Object Repository/Page_Concours photo  votez pour la plus bel_494087/tri' is clicked on

2022-07-19 14:44:26 - [MESSAGE][PASSED] - Object: 'Object Repository/Page_Concours photo  votez pour la plus bel_494087/tri' is clicked on

2022-07-19 14:44:26 - [TEST_STEP][PASSED] - click(findTestObject("Page_Concours photo  votez pour la plus bel_494087/plus de votes")): Object: 'Object Repository/Page_Concours photo  votez pour la plus bel_494087/plus de votes' is clicked on

2022-07-19 14:44:26 - [MESSAGE][PASSED] - Object: 'Object Repository/Page_Concours photo  votez pour la plus bel_494087/plus de votes' is clicked on

2022-07-19 14:44:27 - [TEST_STEP][PASSED] - click(findTestObject("Object Repository/Page_Concours photo  votez pour la plus bel_494087/i_Votes_fa fa-heart")): Object: 'Object Repository/Page_Concours photo  votez pour la plus bel_494087/i_Votes_fa fa-heart' is clicked on

2022-07-19 14:44:28 - [MESSAGE][PASSED] - Object: 'Object Repository/Page_Concours photo  votez pour la plus bel_494087/i_Votes_fa fa-heart' is clicked on

2022-07-19 14:44:28 - [TEST_STEP][PASSED] - delay(1): Delayed 1 second(s)

2022-07-19 14:44:29 - [MESSAGE][PASSED] - Delayed 1 second(s)

2022-07-19 14:44:29 - [TEST_STEP][PASSED] - closeBrowser(): Browser is closed

2022-07-19 14:44:29 - [MESSAGE][PASSED] - Browser is closed]]></system-out>
         <system-err><![CDATA[]]></system-err>
      </testcase>
      <testcase name="Test Cases/Vote" time="28.209" classname="Test Cases/Vote" status="PASSED">
         <system-out><![CDATA[2022-07-19 14:44:29 - [TEST_CASE][PASSED] - Test Cases/Vote: Test Cases/Vote

2022-07-19 14:44:29 - [TEST_STEP][PASSED] - openBrowser(""): Browser is opened with url: ''

2022-07-19 14:44:29 - [MESSAGE][INFO] - Starting 'Chrome' driver

2022-07-19 14:44:29 - [MESSAGE][INFO] - Action delay is set to 0 milliseconds

2022-07-19 14:44:30 - [MESSAGE][PASSED] - Browser is opened with url: ''

2022-07-19 14:44:30 - [TEST_STEP][PASSED] - navigateToUrl("https://lesechosdutouquet.nordlittoral.fr/147787/article/2022-06-30/concours-photo-montrez-nous-la-plus-belle-photo-de-votre-chien-en-promenade-sur#l5lb6r47qsmp9ur58y"): Navigate to 'https://lesechosdutouquet.nordlittoral.fr/147787/article/2022-06-30/concours-photo-montrez-nous-la-plus-belle-photo-de-votre-chien-en-promenade-sur#l5lb6r47qsmp9ur58y' successfully

2022-07-19 14:44:33 - [MESSAGE][PASSED] - Navigate to 'https://lesechosdutouquet.nordlittoral.fr/147787/article/2022-06-30/concours-photo-montrez-nous-la-plus-belle-photo-de-votre-chien-en-promenade-sur#l5lb6r47qsmp9ur58y' successfully

2022-07-19 14:44:33 - [TEST_STEP][PASSED] - setViewPortSize(1920, 1080): Viewport is set to new size with width = 1920 and height = 1080

2022-07-19 14:44:33 - [MESSAGE][PASSED] - Viewport is set to new size with width = 1920 and height = 1080

2022-07-19 14:44:33 - [TEST_STEP][PASSED] - click(findTestObject("Object Repository/Page_Concours photo  votez pour la plus bel_494087/button_Accepter  Fermer")): Object: 'Object Repository/Page_Concours photo  votez pour la plus bel_494087/button_Accepter  Fermer' is clicked on

2022-07-19 14:44:34 - [MESSAGE][PASSED] - Object: 'Object Repository/Page_Concours photo  votez pour la plus bel_494087/button_Accepter  Fermer' is clicked on

2022-07-19 14:44:34 - [TEST_STEP][PASSED] - waitForElementVisible(findTestObject("Object Repository/Page_Concours photo  votez pour la plus bel_494087/a_X"), 15): Object 'Object Repository/Page_Concours photo  votez pour la plus bel_494087/a_X' is visible

2022-07-19 14:44:42 - [MESSAGE][PASSED] - Object 'Object Repository/Page_Concours photo  votez pour la plus bel_494087/a_X' is visible

2022-07-19 14:44:42 - [TEST_STEP][PASSED] - click(findTestObject("Object Repository/Page_Concours photo  votez pour la plus bel_494087/a_X")): Object: 'Object Repository/Page_Concours photo  votez pour la plus bel_494087/a_X' is clicked on

2022-07-19 14:44:42 - [MESSAGE][PASSED] - Object: 'Object Repository/Page_Concours photo  votez pour la plus bel_494087/a_X' is clicked on

2022-07-19 14:44:42 - [TEST_STEP][PASSED] - delay(1): Delayed 1 second(s)

2022-07-19 14:44:43 - [MESSAGE][PASSED] - Delayed 1 second(s)

2022-07-19 14:44:43 - [TEST_STEP][PASSED] - click(findTestObject("Object Repository/Page_Concours photo  votez pour la plus bel_494087/input_concat(Votez pour le plus beau chien de la cte d, , Opale )_jouer")): Object: 'Object Repository/Page_Concours photo  votez pour la plus bel_494087/input_concat(Votez pour le plus beau chien de la cte d, , Opale )_jouer' is clicked on

2022-07-19 14:44:44 - [MESSAGE][PASSED] - Object: 'Object Repository/Page_Concours photo  votez pour la plus bel_494087/input_concat(Votez pour le plus beau chien de la cte d, , Opale )_jouer' is clicked on

2022-07-19 14:44:44 - [TEST_STEP][PASSED] - if (verifyElementPresent(findTestObject("Page_Concours photo  votez pour la plus bel_494087/input_concat(Votez pour le plus beau chien de la cte d, , Opale )_jouer"), 1, OPTIONAL)): null

2022-07-19 14:44:46 - [MESSAGE][PASSED] - Object 'Object Repository/Page_Concours photo  votez pour la plus bel_494087/input_concat(Votez pour le plus beau chien de la cte d, , Opale )_jouer' is present

2022-07-19 14:44:46 - [TEST_STEP][PASSED] - click(findTestObject("Object Repository/Page_Concours photo  votez pour la plus bel_494087/input_concat(Votez pour le plus beau chien de la cte d, , Opale )_jouer")): Object: 'Object Repository/Page_Concours photo  votez pour la plus bel_494087/input_concat(Votez pour le plus beau chien de la cte d, , Opale )_jouer' is clicked on

2022-07-19 14:44:46 - [MESSAGE][PASSED] - Object: 'Object Repository/Page_Concours photo  votez pour la plus bel_494087/input_concat(Votez pour le plus beau chien de la cte d, , Opale )_jouer' is clicked on

2022-07-19 14:44:46 - [TEST_STEP][PASSED] - delay(1): Delayed 1 second(s)

2022-07-19 14:44:47 - [MESSAGE][PASSED] - Delayed 1 second(s)

2022-07-19 14:44:47 - [TEST_STEP][PASSED] - setText(findTestObject("Object Repository/Page_Concours photo  votez pour la plus bel_494087/input_trie par_keyword"), "Gaspard"): Text 'Gaspard' is set on object 'Object Repository/Page_Concours photo  votez pour la plus bel_494087/input_trie par_keyword'

2022-07-19 14:44:52 - [MESSAGE][PASSED] - Text 'Gaspard' is set on object 'Object Repository/Page_Concours photo  votez pour la plus bel_494087/input_trie par_keyword'

2022-07-19 14:44:52 - [TEST_STEP][PASSED] - sendKeys(findTestObject("Page_Concours photo  votez pour la plus bel_494087/input_trie par_keyword"), Keys.chord(ENTER)): Keys 'ENTER + ' sent to object: 'Object Repository/Page_Concours photo  votez pour la plus bel_494087/input_trie par_keyword'

2022-07-19 14:44:53 - [MESSAGE][PASSED] - Keys 'ENTER + ' sent to object: 'Object Repository/Page_Concours photo  votez pour la plus bel_494087/input_trie par_keyword'

2022-07-19 14:44:53 - [TEST_STEP][PASSED] - click(findTestObject("Page_Concours photo  votez pour la plus bel_494087/tri")): Object: 'Object Repository/Page_Concours photo  votez pour la plus bel_494087/tri' is clicked on

2022-07-19 14:44:54 - [MESSAGE][PASSED] - Object: 'Object Repository/Page_Concours photo  votez pour la plus bel_494087/tri' is clicked on

2022-07-19 14:44:54 - [TEST_STEP][PASSED] - click(findTestObject("Page_Concours photo  votez pour la plus bel_494087/plus de votes")): Object: 'Object Repository/Page_Concours photo  votez pour la plus bel_494087/plus de votes' is clicked on

2022-07-19 14:44:55 - [MESSAGE][PASSED] - Object: 'Object Repository/Page_Concours photo  votez pour la plus bel_494087/plus de votes' is clicked on

2022-07-19 14:44:56 - [TEST_STEP][PASSED] - click(findTestObject("Object Repository/Page_Concours photo  votez pour la plus bel_494087/i_Votes_fa fa-heart")): Object: 'Object Repository/Page_Concours photo  votez pour la plus bel_494087/i_Votes_fa fa-heart' is clicked on

2022-07-19 14:44:56 - [MESSAGE][PASSED] - Object: 'Object Repository/Page_Concours photo  votez pour la plus bel_494087/i_Votes_fa fa-heart' is clicked on

2022-07-19 14:44:56 - [TEST_STEP][PASSED] - delay(1): Delayed 1 second(s)

2022-07-19 14:44:57 - [MESSAGE][PASSED] - Delayed 1 second(s)

2022-07-19 14:44:57 - [TEST_STEP][PASSED] - closeBrowser(): Browser is closed

2022-07-19 14:44:58 - [MESSAGE][PASSED] - Browser is closed]]></system-out>
         <system-err><![CDATA[]]></system-err>
      </testcase>
      <testcase name="Test Cases/Vote" time="27.011" classname="Test Cases/Vote" status="PASSED">
         <system-out><![CDATA[2022-07-19 14:44:58 - [TEST_CASE][PASSED] - Test Cases/Vote: Test Cases/Vote

2022-07-19 14:44:58 - [TEST_STEP][PASSED] - openBrowser(""): Browser is opened with url: ''

2022-07-19 14:44:58 - [MESSAGE][INFO] - Starting 'Chrome' driver

2022-07-19 14:44:58 - [MESSAGE][INFO] - Action delay is set to 0 milliseconds

2022-07-19 14:44:59 - [MESSAGE][PASSED] - Browser is opened with url: ''

2022-07-19 14:44:59 - [TEST_STEP][PASSED] - navigateToUrl("https://lesechosdutouquet.nordlittoral.fr/147787/article/2022-06-30/concours-photo-montrez-nous-la-plus-belle-photo-de-votre-chien-en-promenade-sur#l5lb6r47qsmp9ur58y"): Navigate to 'https://lesechosdutouquet.nordlittoral.fr/147787/article/2022-06-30/concours-photo-montrez-nous-la-plus-belle-photo-de-votre-chien-en-promenade-sur#l5lb6r47qsmp9ur58y' successfully

2022-07-19 14:45:01 - [MESSAGE][PASSED] - Navigate to 'https://lesechosdutouquet.nordlittoral.fr/147787/article/2022-06-30/concours-photo-montrez-nous-la-plus-belle-photo-de-votre-chien-en-promenade-sur#l5lb6r47qsmp9ur58y' successfully

2022-07-19 14:45:01 - [TEST_STEP][PASSED] - setViewPortSize(1920, 1080): Viewport is set to new size with width = 1920 and height = 1080

2022-07-19 14:45:02 - [MESSAGE][PASSED] - Viewport is set to new size with width = 1920 and height = 1080

2022-07-19 14:45:02 - [TEST_STEP][PASSED] - click(findTestObject("Object Repository/Page_Concours photo  votez pour la plus bel_494087/button_Accepter  Fermer")): Object: 'Object Repository/Page_Concours photo  votez pour la plus bel_494087/button_Accepter  Fermer' is clicked on

2022-07-19 14:45:03 - [MESSAGE][PASSED] - Object: 'Object Repository/Page_Concours photo  votez pour la plus bel_494087/button_Accepter  Fermer' is clicked on

2022-07-19 14:45:03 - [TEST_STEP][PASSED] - waitForElementVisible(findTestObject("Object Repository/Page_Concours photo  votez pour la plus bel_494087/a_X"), 15): Object 'Object Repository/Page_Concours photo  votez pour la plus bel_494087/a_X' is visible

2022-07-19 14:45:10 - [MESSAGE][PASSED] - Object 'Object Repository/Page_Concours photo  votez pour la plus bel_494087/a_X' is visible

2022-07-19 14:45:10 - [TEST_STEP][PASSED] - click(findTestObject("Object Repository/Page_Concours photo  votez pour la plus bel_494087/a_X")): Object: 'Object Repository/Page_Concours photo  votez pour la plus bel_494087/a_X' is clicked on

2022-07-19 14:45:10 - [MESSAGE][PASSED] - Object: 'Object Repository/Page_Concours photo  votez pour la plus bel_494087/a_X' is clicked on

2022-07-19 14:45:10 - [TEST_STEP][PASSED] - delay(1): Delayed 1 second(s)

2022-07-19 14:45:11 - [MESSAGE][PASSED] - Delayed 1 second(s)

2022-07-19 14:45:11 - [TEST_STEP][PASSED] - click(findTestObject("Object Repository/Page_Concours photo  votez pour la plus bel_494087/input_concat(Votez pour le plus beau chien de la cte d, , Opale )_jouer")): Object: 'Object Repository/Page_Concours photo  votez pour la plus bel_494087/input_concat(Votez pour le plus beau chien de la cte d, , Opale )_jouer' is clicked on

2022-07-19 14:45:12 - [MESSAGE][PASSED] - Object: 'Object Repository/Page_Concours photo  votez pour la plus bel_494087/input_concat(Votez pour le plus beau chien de la cte d, , Opale )_jouer' is clicked on

2022-07-19 14:45:12 - [TEST_STEP][PASSED] - if (verifyElementPresent(findTestObject("Page_Concours photo  votez pour la plus bel_494087/input_concat(Votez pour le plus beau chien de la cte d, , Opale )_jouer"), 1, OPTIONAL)): null

2022-07-19 14:45:13 - [MESSAGE][PASSED] - Object 'Object Repository/Page_Concours photo  votez pour la plus bel_494087/input_concat(Votez pour le plus beau chien de la cte d, , Opale )_jouer' is present

2022-07-19 14:45:13 - [TEST_STEP][PASSED] - click(findTestObject("Object Repository/Page_Concours photo  votez pour la plus bel_494087/input_concat(Votez pour le plus beau chien de la cte d, , Opale )_jouer")): Object: 'Object Repository/Page_Concours photo  votez pour la plus bel_494087/input_concat(Votez pour le plus beau chien de la cte d, , Opale )_jouer' is clicked on

2022-07-19 14:45:14 - [MESSAGE][PASSED] - Object: 'Object Repository/Page_Concours photo  votez pour la plus bel_494087/input_concat(Votez pour le plus beau chien de la cte d, , Opale )_jouer' is clicked on

2022-07-19 14:45:14 - [TEST_STEP][PASSED] - delay(1): Delayed 1 second(s)

2022-07-19 14:45:15 - [MESSAGE][PASSED] - Delayed 1 second(s)

2022-07-19 14:45:15 - [TEST_STEP][PASSED] - setText(findTestObject("Object Repository/Page_Concours photo  votez pour la plus bel_494087/input_trie par_keyword"), "Gaspard"): Text 'Gaspard' is set on object 'Object Repository/Page_Concours photo  votez pour la plus bel_494087/input_trie par_keyword'

2022-07-19 14:45:19 - [MESSAGE][PASSED] - Text 'Gaspard' is set on object 'Object Repository/Page_Concours photo  votez pour la plus bel_494087/input_trie par_keyword'

2022-07-19 14:45:19 - [TEST_STEP][PASSED] - sendKeys(findTestObject("Page_Concours photo  votez pour la plus bel_494087/input_trie par_keyword"), Keys.chord(ENTER)): Keys 'ENTER + ' sent to object: 'Object Repository/Page_Concours photo  votez pour la plus bel_494087/input_trie par_keyword'

2022-07-19 14:45:20 - [MESSAGE][PASSED] - Keys 'ENTER + ' sent to object: 'Object Repository/Page_Concours photo  votez pour la plus bel_494087/input_trie par_keyword'

2022-07-19 14:45:20 - [TEST_STEP][PASSED] - click(findTestObject("Page_Concours photo  votez pour la plus bel_494087/tri")): Object: 'Object Repository/Page_Concours photo  votez pour la plus bel_494087/tri' is clicked on

2022-07-19 14:45:21 - [MESSAGE][PASSED] - Object: 'Object Repository/Page_Concours photo  votez pour la plus bel_494087/tri' is clicked on

2022-07-19 14:45:21 - [TEST_STEP][PASSED] - click(findTestObject("Page_Concours photo  votez pour la plus bel_494087/plus de votes")): Object: 'Object Repository/Page_Concours photo  votez pour la plus bel_494087/plus de votes' is clicked on

2022-07-19 14:45:21 - [MESSAGE][PASSED] - Object: 'Object Repository/Page_Concours photo  votez pour la plus bel_494087/plus de votes' is clicked on

2022-07-19 14:45:22 - [TEST_STEP][PASSED] - click(findTestObject("Object Repository/Page_Concours photo  votez pour la plus bel_494087/i_Votes_fa fa-heart")): Object: 'Object Repository/Page_Concours photo  votez pour la plus bel_494087/i_Votes_fa fa-heart' is clicked on

2022-07-19 14:45:23 - [MESSAGE][PASSED] - Object: 'Object Repository/Page_Concours photo  votez pour la plus bel_494087/i_Votes_fa fa-heart' is clicked on

2022-07-19 14:45:23 - [TEST_STEP][PASSED] - delay(1): Delayed 1 second(s)

2022-07-19 14:45:24 - [MESSAGE][PASSED] - Delayed 1 second(s)

2022-07-19 14:45:24 - [TEST_STEP][PASSED] - closeBrowser(): Browser is closed

2022-07-19 14:45:25 - [MESSAGE][PASSED] - Browser is closed]]></system-out>
         <system-err><![CDATA[]]></system-err>
      </testcase>
      <testcase name="Test Cases/Vote" time="24.386" classname="Test Cases/Vote" status="PASSED">
         <system-out><![CDATA[2022-07-19 14:45:25 - [TEST_CASE][PASSED] - Test Cases/Vote: Test Cases/Vote

2022-07-19 14:45:25 - [TEST_STEP][PASSED] - openBrowser(""): Browser is opened with url: ''

2022-07-19 14:45:25 - [MESSAGE][INFO] - Starting 'Chrome' driver

2022-07-19 14:45:25 - [MESSAGE][INFO] - Action delay is set to 0 milliseconds

2022-07-19 14:45:26 - [MESSAGE][PASSED] - Browser is opened with url: ''

2022-07-19 14:45:26 - [TEST_STEP][PASSED] - navigateToUrl("https://lesechosdutouquet.nordlittoral.fr/147787/article/2022-06-30/concours-photo-montrez-nous-la-plus-belle-photo-de-votre-chien-en-promenade-sur#l5lb6r47qsmp9ur58y"): Navigate to 'https://lesechosdutouquet.nordlittoral.fr/147787/article/2022-06-30/concours-photo-montrez-nous-la-plus-belle-photo-de-votre-chien-en-promenade-sur#l5lb6r47qsmp9ur58y' successfully

2022-07-19 14:45:29 - [MESSAGE][PASSED] - Navigate to 'https://lesechosdutouquet.nordlittoral.fr/147787/article/2022-06-30/concours-photo-montrez-nous-la-plus-belle-photo-de-votre-chien-en-promenade-sur#l5lb6r47qsmp9ur58y' successfully

2022-07-19 14:45:29 - [TEST_STEP][PASSED] - setViewPortSize(1920, 1080): Viewport is set to new size with width = 1920 and height = 1080

2022-07-19 14:45:29 - [MESSAGE][PASSED] - Viewport is set to new size with width = 1920 and height = 1080

2022-07-19 14:45:29 - [TEST_STEP][PASSED] - click(findTestObject("Object Repository/Page_Concours photo  votez pour la plus bel_494087/button_Accepter  Fermer")): Object: 'Object Repository/Page_Concours photo  votez pour la plus bel_494087/button_Accepter  Fermer' is clicked on

2022-07-19 14:45:30 - [MESSAGE][PASSED] - Object: 'Object Repository/Page_Concours photo  votez pour la plus bel_494087/button_Accepter  Fermer' is clicked on

2022-07-19 14:45:30 - [TEST_STEP][PASSED] - waitForElementVisible(findTestObject("Object Repository/Page_Concours photo  votez pour la plus bel_494087/a_X"), 15): Object 'Object Repository/Page_Concours photo  votez pour la plus bel_494087/a_X' is visible

2022-07-19 14:45:36 - [MESSAGE][PASSED] - Object 'Object Repository/Page_Concours photo  votez pour la plus bel_494087/a_X' is visible

2022-07-19 14:45:36 - [TEST_STEP][PASSED] - click(findTestObject("Object Repository/Page_Concours photo  votez pour la plus bel_494087/a_X")): Object: 'Object Repository/Page_Concours photo  votez pour la plus bel_494087/a_X' is clicked on

2022-07-19 14:45:37 - [MESSAGE][PASSED] - Object: 'Object Repository/Page_Concours photo  votez pour la plus bel_494087/a_X' is clicked on

2022-07-19 14:45:37 - [TEST_STEP][PASSED] - delay(1): Delayed 1 second(s)

2022-07-19 14:45:38 - [MESSAGE][PASSED] - Delayed 1 second(s)

2022-07-19 14:45:38 - [TEST_STEP][PASSED] - click(findTestObject("Object Repository/Page_Concours photo  votez pour la plus bel_494087/input_concat(Votez pour le plus beau chien de la cte d, , Opale )_jouer")): Object: 'Object Repository/Page_Concours photo  votez pour la plus bel_494087/input_concat(Votez pour le plus beau chien de la cte d, , Opale )_jouer' is clicked on

2022-07-19 14:45:38 - [MESSAGE][PASSED] - Object: 'Object Repository/Page_Concours photo  votez pour la plus bel_494087/input_concat(Votez pour le plus beau chien de la cte d, , Opale )_jouer' is clicked on

2022-07-19 14:45:39 - [TEST_STEP][PASSED] - if (verifyElementPresent(findTestObject("Page_Concours photo  votez pour la plus bel_494087/input_concat(Votez pour le plus beau chien de la cte d, , Opale )_jouer"), 1, OPTIONAL)): null

2022-07-19 14:45:40 - [MESSAGE][PASSED] - Object 'Object Repository/Page_Concours photo  votez pour la plus bel_494087/input_concat(Votez pour le plus beau chien de la cte d, , Opale )_jouer' is present

2022-07-19 14:45:40 - [TEST_STEP][PASSED] - click(findTestObject("Object Repository/Page_Concours photo  votez pour la plus bel_494087/input_concat(Votez pour le plus beau chien de la cte d, , Opale )_jouer")): Object: 'Object Repository/Page_Concours photo  votez pour la plus bel_494087/input_concat(Votez pour le plus beau chien de la cte d, , Opale )_jouer' is clicked on

2022-07-19 14:45:41 - [MESSAGE][PASSED] - Object: 'Object Repository/Page_Concours photo  votez pour la plus bel_494087/input_concat(Votez pour le plus beau chien de la cte d, , Opale )_jouer' is clicked on

2022-07-19 14:45:41 - [TEST_STEP][PASSED] - delay(1): Delayed 1 second(s)

2022-07-19 14:45:42 - [MESSAGE][PASSED] - Delayed 1 second(s)

2022-07-19 14:45:42 - [TEST_STEP][PASSED] - setText(findTestObject("Object Repository/Page_Concours photo  votez pour la plus bel_494087/input_trie par_keyword"), "Gaspard"): Text 'Gaspard' is set on object 'Object Repository/Page_Concours photo  votez pour la plus bel_494087/input_trie par_keyword'

2022-07-19 14:45:43 - [MESSAGE][PASSED] - Text 'Gaspard' is set on object 'Object Repository/Page_Concours photo  votez pour la plus bel_494087/input_trie par_keyword'

2022-07-19 14:45:43 - [TEST_STEP][PASSED] - sendKeys(findTestObject("Page_Concours photo  votez pour la plus bel_494087/input_trie par_keyword"), Keys.chord(ENTER)): Keys 'ENTER + ' sent to object: 'Object Repository/Page_Concours photo  votez pour la plus bel_494087/input_trie par_keyword'

2022-07-19 14:45:45 - [MESSAGE][PASSED] - Keys 'ENTER + ' sent to object: 'Object Repository/Page_Concours photo  votez pour la plus bel_494087/input_trie par_keyword'

2022-07-19 14:45:45 - [TEST_STEP][PASSED] - click(findTestObject("Page_Concours photo  votez pour la plus bel_494087/tri")): Object: 'Object Repository/Page_Concours photo  votez pour la plus bel_494087/tri' is clicked on

2022-07-19 14:45:46 - [MESSAGE][PASSED] - Object: 'Object Repository/Page_Concours photo  votez pour la plus bel_494087/tri' is clicked on

2022-07-19 14:45:46 - [TEST_STEP][PASSED] - click(findTestObject("Page_Concours photo  votez pour la plus bel_494087/plus de votes")): Object: 'Object Repository/Page_Concours photo  votez pour la plus bel_494087/plus de votes' is clicked on

2022-07-19 14:45:46 - [MESSAGE][PASSED] - Object: 'Object Repository/Page_Concours photo  votez pour la plus bel_494087/plus de votes' is clicked on

2022-07-19 14:45:47 - [TEST_STEP][PASSED] - click(findTestObject("Object Repository/Page_Concours photo  votez pour la plus bel_494087/i_Votes_fa fa-heart")): Object: 'Object Repository/Page_Concours photo  votez pour la plus bel_494087/i_Votes_fa fa-heart' is clicked on

2022-07-19 14:45:48 - [MESSAGE][PASSED] - Object: 'Object Repository/Page_Concours photo  votez pour la plus bel_494087/i_Votes_fa fa-heart' is clicked on

2022-07-19 14:45:48 - [TEST_STEP][PASSED] - delay(1): Delayed 1 second(s)

2022-07-19 14:45:49 - [MESSAGE][PASSED] - Delayed 1 second(s)

2022-07-19 14:45:49 - [TEST_STEP][PASSED] - closeBrowser(): Browser is closed

2022-07-19 14:45:49 - [MESSAGE][PASSED] - Browser is closed]]></system-out>
         <system-err><![CDATA[]]></system-err>
      </testcase>
      <testcase name="Test Cases/Vote" time="30.13" classname="Test Cases/Vote" status="PASSED">
         <system-out><![CDATA[2022-07-19 14:45:49 - [TEST_CASE][PASSED] - Test Cases/Vote: Test Cases/Vote

2022-07-19 14:45:49 - [TEST_STEP][PASSED] - openBrowser(""): Browser is opened with url: ''

2022-07-19 14:45:49 - [MESSAGE][INFO] - Starting 'Chrome' driver

2022-07-19 14:45:49 - [MESSAGE][INFO] - Action delay is set to 0 milliseconds

2022-07-19 14:45:50 - [MESSAGE][PASSED] - Browser is opened with url: ''

2022-07-19 14:45:50 - [TEST_STEP][PASSED] - navigateToUrl("https://lesechosdutouquet.nordlittoral.fr/147787/article/2022-06-30/concours-photo-montrez-nous-la-plus-belle-photo-de-votre-chien-en-promenade-sur#l5lb6r47qsmp9ur58y"): Navigate to 'https://lesechosdutouquet.nordlittoral.fr/147787/article/2022-06-30/concours-photo-montrez-nous-la-plus-belle-photo-de-votre-chien-en-promenade-sur#l5lb6r47qsmp9ur58y' successfully

2022-07-19 14:45:53 - [MESSAGE][PASSED] - Navigate to 'https://lesechosdutouquet.nordlittoral.fr/147787/article/2022-06-30/concours-photo-montrez-nous-la-plus-belle-photo-de-votre-chien-en-promenade-sur#l5lb6r47qsmp9ur58y' successfully

2022-07-19 14:45:53 - [TEST_STEP][PASSED] - setViewPortSize(1920, 1080): Viewport is set to new size with width = 1920 and height = 1080

2022-07-19 14:45:53 - [MESSAGE][PASSED] - Viewport is set to new size with width = 1920 and height = 1080

2022-07-19 14:45:53 - [TEST_STEP][PASSED] - click(findTestObject("Object Repository/Page_Concours photo  votez pour la plus bel_494087/button_Accepter  Fermer")): Object: 'Object Repository/Page_Concours photo  votez pour la plus bel_494087/button_Accepter  Fermer' is clicked on

2022-07-19 14:45:54 - [MESSAGE][PASSED] - Object: 'Object Repository/Page_Concours photo  votez pour la plus bel_494087/button_Accepter  Fermer' is clicked on

2022-07-19 14:45:54 - [TEST_STEP][PASSED] - waitForElementVisible(findTestObject("Object Repository/Page_Concours photo  votez pour la plus bel_494087/a_X"), 15): Object 'Object Repository/Page_Concours photo  votez pour la plus bel_494087/a_X' is visible

2022-07-19 14:46:01 - [MESSAGE][PASSED] - Object 'Object Repository/Page_Concours photo  votez pour la plus bel_494087/a_X' is visible

2022-07-19 14:46:01 - [TEST_STEP][PASSED] - click(findTestObject("Object Repository/Page_Concours photo  votez pour la plus bel_494087/a_X")): Object: 'Object Repository/Page_Concours photo  votez pour la plus bel_494087/a_X' is clicked on

2022-07-19 14:46:01 - [MESSAGE][PASSED] - Object: 'Object Repository/Page_Concours photo  votez pour la plus bel_494087/a_X' is clicked on

2022-07-19 14:46:01 - [TEST_STEP][PASSED] - delay(1): Delayed 1 second(s)

2022-07-19 14:46:02 - [MESSAGE][PASSED] - Delayed 1 second(s)

2022-07-19 14:46:02 - [TEST_STEP][PASSED] - click(findTestObject("Object Repository/Page_Concours photo  votez pour la plus bel_494087/input_concat(Votez pour le plus beau chien de la cte d, , Opale )_jouer")): Object: 'Object Repository/Page_Concours photo  votez pour la plus bel_494087/input_concat(Votez pour le plus beau chien de la cte d, , Opale )_jouer' is clicked on

2022-07-19 14:46:03 - [MESSAGE][PASSED] - Object: 'Object Repository/Page_Concours photo  votez pour la plus bel_494087/input_concat(Votez pour le plus beau chien de la cte d, , Opale )_jouer' is clicked on

2022-07-19 14:46:03 - [TEST_STEP][PASSED] - if (verifyElementPresent(findTestObject("Page_Concours photo  votez pour la plus bel_494087/input_concat(Votez pour le plus beau chien de la cte d, , Opale )_jouer"), 1, OPTIONAL)): null

2022-07-19 14:46:04 - [MESSAGE][PASSED] - Object 'Object Repository/Page_Concours photo  votez pour la plus bel_494087/input_concat(Votez pour le plus beau chien de la cte d, , Opale )_jouer' is present

2022-07-19 14:46:04 - [TEST_STEP][PASSED] - click(findTestObject("Object Repository/Page_Concours photo  votez pour la plus bel_494087/input_concat(Votez pour le plus beau chien de la cte d, , Opale )_jouer")): Object: 'Object Repository/Page_Concours photo  votez pour la plus bel_494087/input_concat(Votez pour le plus beau chien de la cte d, , Opale )_jouer' is clicked on

2022-07-19 14:46:05 - [MESSAGE][PASSED] - Object: 'Object Repository/Page_Concours photo  votez pour la plus bel_494087/input_concat(Votez pour le plus beau chien de la cte d, , Opale )_jouer' is clicked on

2022-07-19 14:46:05 - [TEST_STEP][PASSED] - delay(1): Delayed 1 second(s)

2022-07-19 14:46:06 - [MESSAGE][PASSED] - Delayed 1 second(s)

2022-07-19 14:46:06 - [TEST_STEP][PASSED] - setText(findTestObject("Object Repository/Page_Concours photo  votez pour la plus bel_494087/input_trie par_keyword"), "Gaspard"): Text 'Gaspard' is set on object 'Object Repository/Page_Concours photo  votez pour la plus bel_494087/input_trie par_keyword'

2022-07-19 14:46:07 - [MESSAGE][PASSED] - Text 'Gaspard' is set on object 'Object Repository/Page_Concours photo  votez pour la plus bel_494087/input_trie par_keyword'

2022-07-19 14:46:07 - [TEST_STEP][PASSED] - sendKeys(findTestObject("Page_Concours photo  votez pour la plus bel_494087/input_trie par_keyword"), Keys.chord(ENTER)): Keys 'ENTER + ' sent to object: 'Object Repository/Page_Concours photo  votez pour la plus bel_494087/input_trie par_keyword'

2022-07-19 14:46:08 - [MESSAGE][PASSED] - Keys 'ENTER + ' sent to object: 'Object Repository/Page_Concours photo  votez pour la plus bel_494087/input_trie par_keyword'

2022-07-19 14:46:08 - [TEST_STEP][PASSED] - click(findTestObject("Page_Concours photo  votez pour la plus bel_494087/tri")): Object: 'Object Repository/Page_Concours photo  votez pour la plus bel_494087/tri' is clicked on

2022-07-19 14:46:09 - [MESSAGE][PASSED] - Object: 'Object Repository/Page_Concours photo  votez pour la plus bel_494087/tri' is clicked on

2022-07-19 14:46:09 - [TEST_STEP][PASSED] - click(findTestObject("Page_Concours photo  votez pour la plus bel_494087/plus de votes")): Object: 'Object Repository/Page_Concours photo  votez pour la plus bel_494087/plus de votes' is clicked on

2022-07-19 14:46:09 - [MESSAGE][PASSED] - Object: 'Object Repository/Page_Concours photo  votez pour la plus bel_494087/plus de votes' is clicked on

2022-07-19 14:46:17 - [TEST_STEP][PASSED] - click(findTestObject("Object Repository/Page_Concours photo  votez pour la plus bel_494087/i_Votes_fa fa-heart")): Object: 'Object Repository/Page_Concours photo  votez pour la plus bel_494087/i_Votes_fa fa-heart' is clicked on

2022-07-19 14:46:18 - [MESSAGE][PASSED] - Object: 'Object Repository/Page_Concours photo  votez pour la plus bel_494087/i_Votes_fa fa-heart' is clicked on

2022-07-19 14:46:18 - [TEST_STEP][PASSED] - delay(1): Delayed 1 second(s)

2022-07-19 14:46:19 - [MESSAGE][PASSED] - Delayed 1 second(s)

2022-07-19 14:46:19 - [TEST_STEP][PASSED] - closeBrowser(): Browser is closed

2022-07-19 14:46:19 - [MESSAGE][PASSED] - Browser is closed]]></system-out>
         <system-err><![CDATA[]]></system-err>
      </testcase>
      <testcase name="Test Cases/Vote" time="24.998" classname="Test Cases/Vote" status="PASSED">
         <system-out><![CDATA[2022-07-19 14:46:19 - [TEST_CASE][PASSED] - Test Cases/Vote: Test Cases/Vote

2022-07-19 14:46:19 - [TEST_STEP][PASSED] - openBrowser(""): Browser is opened with url: ''

2022-07-19 14:46:19 - [MESSAGE][INFO] - Starting 'Chrome' driver

2022-07-19 14:46:19 - [MESSAGE][INFO] - Action delay is set to 0 milliseconds

2022-07-19 14:46:20 - [MESSAGE][PASSED] - Browser is opened with url: ''

2022-07-19 14:46:20 - [TEST_STEP][PASSED] - navigateToUrl("https://lesechosdutouquet.nordlittoral.fr/147787/article/2022-06-30/concours-photo-montrez-nous-la-plus-belle-photo-de-votre-chien-en-promenade-sur#l5lb6r47qsmp9ur58y"): Navigate to 'https://lesechosdutouquet.nordlittoral.fr/147787/article/2022-06-30/concours-photo-montrez-nous-la-plus-belle-photo-de-votre-chien-en-promenade-sur#l5lb6r47qsmp9ur58y' successfully

2022-07-19 14:46:23 - [MESSAGE][PASSED] - Navigate to 'https://lesechosdutouquet.nordlittoral.fr/147787/article/2022-06-30/concours-photo-montrez-nous-la-plus-belle-photo-de-votre-chien-en-promenade-sur#l5lb6r47qsmp9ur58y' successfully

2022-07-19 14:46:23 - [TEST_STEP][PASSED] - setViewPortSize(1920, 1080): Viewport is set to new size with width = 1920 and height = 1080

2022-07-19 14:46:23 - [MESSAGE][PASSED] - Viewport is set to new size with width = 1920 and height = 1080

2022-07-19 14:46:23 - [TEST_STEP][PASSED] - click(findTestObject("Object Repository/Page_Concours photo  votez pour la plus bel_494087/button_Accepter  Fermer")): Object: 'Object Repository/Page_Concours photo  votez pour la plus bel_494087/button_Accepter  Fermer' is clicked on

2022-07-19 14:46:24 - [MESSAGE][PASSED] - Object: 'Object Repository/Page_Concours photo  votez pour la plus bel_494087/button_Accepter  Fermer' is clicked on

2022-07-19 14:46:24 - [TEST_STEP][PASSED] - waitForElementVisible(findTestObject("Object Repository/Page_Concours photo  votez pour la plus bel_494087/a_X"), 15): Object 'Object Repository/Page_Concours photo  votez pour la plus bel_494087/a_X' is visible

2022-07-19 14:46:30 - [MESSAGE][PASSED] - Object 'Object Repository/Page_Concours photo  votez pour la plus bel_494087/a_X' is visible

2022-07-19 14:46:30 - [TEST_STEP][PASSED] - click(findTestObject("Object Repository/Page_Concours photo  votez pour la plus bel_494087/a_X")): Object: 'Object Repository/Page_Concours photo  votez pour la plus bel_494087/a_X' is clicked on

2022-07-19 14:46:31 - [MESSAGE][PASSED] - Object: 'Object Repository/Page_Concours photo  votez pour la plus bel_494087/a_X' is clicked on

2022-07-19 14:46:31 - [TEST_STEP][PASSED] - delay(1): Delayed 1 second(s)

2022-07-19 14:46:32 - [MESSAGE][PASSED] - Delayed 1 second(s)

2022-07-19 14:46:32 - [TEST_STEP][PASSED] - click(findTestObject("Object Repository/Page_Concours photo  votez pour la plus bel_494087/input_concat(Votez pour le plus beau chien de la cte d, , Opale )_jouer")): Object: 'Object Repository/Page_Concours photo  votez pour la plus bel_494087/input_concat(Votez pour le plus beau chien de la cte d, , Opale )_jouer' is clicked on

2022-07-19 14:46:32 - [MESSAGE][PASSED] - Object: 'Object Repository/Page_Concours photo  votez pour la plus bel_494087/input_concat(Votez pour le plus beau chien de la cte d, , Opale )_jouer' is clicked on

2022-07-19 14:46:32 - [TEST_STEP][PASSED] - if (verifyElementPresent(findTestObject("Page_Concours photo  votez pour la plus bel_494087/input_concat(Votez pour le plus beau chien de la cte d, , Opale )_jouer"), 1, OPTIONAL)): null

2022-07-19 14:46:34 - [MESSAGE][PASSED] - Object 'Object Repository/Page_Concours photo  votez pour la plus bel_494087/input_concat(Votez pour le plus beau chien de la cte d, , Opale )_jouer' is present

2022-07-19 14:46:34 - [TEST_STEP][PASSED] - click(findTestObject("Object Repository/Page_Concours photo  votez pour la plus bel_494087/input_concat(Votez pour le plus beau chien de la cte d, , Opale )_jouer")): Object: 'Object Repository/Page_Concours photo  votez pour la plus bel_494087/input_concat(Votez pour le plus beau chien de la cte d, , Opale )_jouer' is clicked on

2022-07-19 14:46:34 - [MESSAGE][PASSED] - Object: 'Object Repository/Page_Concours photo  votez pour la plus bel_494087/input_concat(Votez pour le plus beau chien de la cte d, , Opale )_jouer' is clicked on

2022-07-19 14:46:34 - [TEST_STEP][PASSED] - delay(1): Delayed 1 second(s)

2022-07-19 14:46:35 - [MESSAGE][PASSED] - Delayed 1 second(s)

2022-07-19 14:46:35 - [TEST_STEP][PASSED] - setText(findTestObject("Object Repository/Page_Concours photo  votez pour la plus bel_494087/input_trie par_keyword"), "Gaspard"): Text 'Gaspard' is set on object 'Object Repository/Page_Concours photo  votez pour la plus bel_494087/input_trie par_keyword'

2022-07-19 14:46:38 - [MESSAGE][PASSED] - Text 'Gaspard' is set on object 'Object Repository/Page_Concours photo  votez pour la plus bel_494087/input_trie par_keyword'

2022-07-19 14:46:38 - [TEST_STEP][PASSED] - sendKeys(findTestObject("Page_Concours photo  votez pour la plus bel_494087/input_trie par_keyword"), Keys.chord(ENTER)): Keys 'ENTER + ' sent to object: 'Object Repository/Page_Concours photo  votez pour la plus bel_494087/input_trie par_keyword'

2022-07-19 14:46:40 - [MESSAGE][PASSED] - Keys 'ENTER + ' sent to object: 'Object Repository/Page_Concours photo  votez pour la plus bel_494087/input_trie par_keyword'

2022-07-19 14:46:40 - [TEST_STEP][PASSED] - click(findTestObject("Page_Concours photo  votez pour la plus bel_494087/tri")): Object: 'Object Repository/Page_Concours photo  votez pour la plus bel_494087/tri' is clicked on

2022-07-19 14:46:40 - [MESSAGE][PASSED] - Object: 'Object Repository/Page_Concours photo  votez pour la plus bel_494087/tri' is clicked on

2022-07-19 14:46:40 - [TEST_STEP][PASSED] - click(findTestObject("Page_Concours photo  votez pour la plus bel_494087/plus de votes")): Object: 'Object Repository/Page_Concours photo  votez pour la plus bel_494087/plus de votes' is clicked on

2022-07-19 14:46:41 - [MESSAGE][PASSED] - Object: 'Object Repository/Page_Concours photo  votez pour la plus bel_494087/plus de votes' is clicked on

2022-07-19 14:46:42 - [TEST_STEP][PASSED] - click(findTestObject("Object Repository/Page_Concours photo  votez pour la plus bel_494087/i_Votes_fa fa-heart")): Object: 'Object Repository/Page_Concours photo  votez pour la plus bel_494087/i_Votes_fa fa-heart' is clicked on

2022-07-19 14:46:43 - [MESSAGE][PASSED] - Object: 'Object Repository/Page_Concours photo  votez pour la plus bel_494087/i_Votes_fa fa-heart' is clicked on

2022-07-19 14:46:43 - [TEST_STEP][PASSED] - delay(1): Delayed 1 second(s)

2022-07-19 14:46:44 - [MESSAGE][PASSED] - Delayed 1 second(s)

2022-07-19 14:46:44 - [TEST_STEP][PASSED] - closeBrowser(): Browser is closed

2022-07-19 14:46:44 - [MESSAGE][PASSED] - Browser is closed]]></system-out>
         <system-err><![CDATA[]]></system-err>
      </testcase>
      <testcase name="Test Cases/Vote" time="25.387" classname="Test Cases/Vote" status="PASSED">
         <system-out><![CDATA[2022-07-19 14:46:44 - [TEST_CASE][PASSED] - Test Cases/Vote: Test Cases/Vote

2022-07-19 14:46:44 - [TEST_STEP][PASSED] - openBrowser(""): Browser is opened with url: ''

2022-07-19 14:46:44 - [MESSAGE][INFO] - Starting 'Chrome' driver

2022-07-19 14:46:44 - [MESSAGE][INFO] - Action delay is set to 0 milliseconds

2022-07-19 14:46:45 - [MESSAGE][PASSED] - Browser is opened with url: ''

2022-07-19 14:46:45 - [TEST_STEP][PASSED] - navigateToUrl("https://lesechosdutouquet.nordlittoral.fr/147787/article/2022-06-30/concours-photo-montrez-nous-la-plus-belle-photo-de-votre-chien-en-promenade-sur#l5lb6r47qsmp9ur58y"): Navigate to 'https://lesechosdutouquet.nordlittoral.fr/147787/article/2022-06-30/concours-photo-montrez-nous-la-plus-belle-photo-de-votre-chien-en-promenade-sur#l5lb6r47qsmp9ur58y' successfully

2022-07-19 14:46:48 - [MESSAGE][PASSED] - Navigate to 'https://lesechosdutouquet.nordlittoral.fr/147787/article/2022-06-30/concours-photo-montrez-nous-la-plus-belle-photo-de-votre-chien-en-promenade-sur#l5lb6r47qsmp9ur58y' successfully

2022-07-19 14:46:48 - [TEST_STEP][PASSED] - setViewPortSize(1920, 1080): Viewport is set to new size with width = 1920 and height = 1080

2022-07-19 14:46:48 - [MESSAGE][PASSED] - Viewport is set to new size with width = 1920 and height = 1080

2022-07-19 14:46:48 - [TEST_STEP][PASSED] - click(findTestObject("Object Repository/Page_Concours photo  votez pour la plus bel_494087/button_Accepter  Fermer")): Object: 'Object Repository/Page_Concours photo  votez pour la plus bel_494087/button_Accepter  Fermer' is clicked on

2022-07-19 14:46:49 - [MESSAGE][PASSED] - Object: 'Object Repository/Page_Concours photo  votez pour la plus bel_494087/button_Accepter  Fermer' is clicked on

2022-07-19 14:46:49 - [TEST_STEP][PASSED] - waitForElementVisible(findTestObject("Object Repository/Page_Concours photo  votez pour la plus bel_494087/a_X"), 15): Object 'Object Repository/Page_Concours photo  votez pour la plus bel_494087/a_X' is visible

2022-07-19 14:46:56 - [MESSAGE][PASSED] - Object 'Object Repository/Page_Concours photo  votez pour la plus bel_494087/a_X' is visible

2022-07-19 14:46:56 - [TEST_STEP][PASSED] - click(findTestObject("Object Repository/Page_Concours photo  votez pour la plus bel_494087/a_X")): Object: 'Object Repository/Page_Concours photo  votez pour la plus bel_494087/a_X' is clicked on

2022-07-19 14:46:57 - [MESSAGE][PASSED] - Object: 'Object Repository/Page_Concours photo  votez pour la plus bel_494087/a_X' is clicked on

2022-07-19 14:46:57 - [TEST_STEP][PASSED] - delay(1): Delayed 1 second(s)

2022-07-19 14:46:58 - [MESSAGE][PASSED] - Delayed 1 second(s)

2022-07-19 14:46:58 - [TEST_STEP][PASSED] - click(findTestObject("Object Repository/Page_Concours photo  votez pour la plus bel_494087/input_concat(Votez pour le plus beau chien de la cte d, , Opale )_jouer")): Object: 'Object Repository/Page_Concours photo  votez pour la plus bel_494087/input_concat(Votez pour le plus beau chien de la cte d, , Opale )_jouer' is clicked on

2022-07-19 14:46:58 - [MESSAGE][PASSED] - Object: 'Object Repository/Page_Concours photo  votez pour la plus bel_494087/input_concat(Votez pour le plus beau chien de la cte d, , Opale )_jouer' is clicked on

2022-07-19 14:46:58 - [TEST_STEP][PASSED] - if (verifyElementPresent(findTestObject("Page_Concours photo  votez pour la plus bel_494087/input_concat(Votez pour le plus beau chien de la cte d, , Opale )_jouer"), 1, OPTIONAL)): null

2022-07-19 14:47:00 - [MESSAGE][PASSED] - Object 'Object Repository/Page_Concours photo  votez pour la plus bel_494087/input_concat(Votez pour le plus beau chien de la cte d, , Opale )_jouer' is present

2022-07-19 14:47:00 - [TEST_STEP][PASSED] - click(findTestObject("Object Repository/Page_Concours photo  votez pour la plus bel_494087/input_concat(Votez pour le plus beau chien de la cte d, , Opale )_jouer")): Object: 'Object Repository/Page_Concours photo  votez pour la plus bel_494087/input_concat(Votez pour le plus beau chien de la cte d, , Opale )_jouer' is clicked on

2022-07-19 14:47:00 - [MESSAGE][PASSED] - Object: 'Object Repository/Page_Concours photo  votez pour la plus bel_494087/input_concat(Votez pour le plus beau chien de la cte d, , Opale )_jouer' is clicked on

2022-07-19 14:47:00 - [TEST_STEP][PASSED] - delay(1): Delayed 1 second(s)

2022-07-19 14:47:01 - [MESSAGE][PASSED] - Delayed 1 second(s)

2022-07-19 14:47:01 - [TEST_STEP][PASSED] - setText(findTestObject("Object Repository/Page_Concours photo  votez pour la plus bel_494087/input_trie par_keyword"), "Gaspard"): Text 'Gaspard' is set on object 'Object Repository/Page_Concours photo  votez pour la plus bel_494087/input_trie par_keyword'

2022-07-19 14:47:02 - [MESSAGE][PASSED] - Text 'Gaspard' is set on object 'Object Repository/Page_Concours photo  votez pour la plus bel_494087/input_trie par_keyword'

2022-07-19 14:47:02 - [TEST_STEP][PASSED] - sendKeys(findTestObject("Page_Concours photo  votez pour la plus bel_494087/input_trie par_keyword"), Keys.chord(ENTER)): Keys 'ENTER + ' sent to object: 'Object Repository/Page_Concours photo  votez pour la plus bel_494087/input_trie par_keyword'

2022-07-19 14:47:04 - [MESSAGE][PASSED] - Keys 'ENTER + ' sent to object: 'Object Repository/Page_Concours photo  votez pour la plus bel_494087/input_trie par_keyword'

2022-07-19 14:47:04 - [TEST_STEP][PASSED] - click(findTestObject("Page_Concours photo  votez pour la plus bel_494087/tri")): Object: 'Object Repository/Page_Concours photo  votez pour la plus bel_494087/tri' is clicked on

2022-07-19 14:47:05 - [MESSAGE][PASSED] - Object: 'Object Repository/Page_Concours photo  votez pour la plus bel_494087/tri' is clicked on

2022-07-19 14:47:05 - [TEST_STEP][PASSED] - click(findTestObject("Page_Concours photo  votez pour la plus bel_494087/plus de votes")): Object: 'Object Repository/Page_Concours photo  votez pour la plus bel_494087/plus de votes' is clicked on

2022-07-19 14:47:05 - [MESSAGE][PASSED] - Object: 'Object Repository/Page_Concours photo  votez pour la plus bel_494087/plus de votes' is clicked on

2022-07-19 14:47:08 - [TEST_STEP][PASSED] - click(findTestObject("Object Repository/Page_Concours photo  votez pour la plus bel_494087/i_Votes_fa fa-heart")): Object: 'Object Repository/Page_Concours photo  votez pour la plus bel_494087/i_Votes_fa fa-heart' is clicked on

2022-07-19 14:47:08 - [MESSAGE][PASSED] - Object: 'Object Repository/Page_Concours photo  votez pour la plus bel_494087/i_Votes_fa fa-heart' is clicked on

2022-07-19 14:47:08 - [TEST_STEP][PASSED] - delay(1): Delayed 1 second(s)

2022-07-19 14:47:09 - [MESSAGE][PASSED] - Delayed 1 second(s)

2022-07-19 14:47:09 - [TEST_STEP][PASSED] - closeBrowser(): Browser is closed

2022-07-19 14:47:09 - [MESSAGE][PASSED] - Browser is closed]]></system-out>
         <system-err><![CDATA[]]></system-err>
      </testcase>
      <testcase name="Test Cases/Vote" time="23.614" classname="Test Cases/Vote" status="PASSED">
         <system-out><![CDATA[2022-07-19 14:47:09 - [TEST_CASE][PASSED] - Test Cases/Vote: Test Cases/Vote

2022-07-19 14:47:09 - [TEST_STEP][PASSED] - openBrowser(""): Browser is opened with url: ''

2022-07-19 14:47:10 - [MESSAGE][INFO] - Starting 'Chrome' driver

2022-07-19 14:47:10 - [MESSAGE][INFO] - Action delay is set to 0 milliseconds

2022-07-19 14:47:11 - [MESSAGE][PASSED] - Browser is opened with url: ''

2022-07-19 14:47:11 - [TEST_STEP][PASSED] - navigateToUrl("https://lesechosdutouquet.nordlittoral.fr/147787/article/2022-06-30/concours-photo-montrez-nous-la-plus-belle-photo-de-votre-chien-en-promenade-sur#l5lb6r47qsmp9ur58y"): Navigate to 'https://lesechosdutouquet.nordlittoral.fr/147787/article/2022-06-30/concours-photo-montrez-nous-la-plus-belle-photo-de-votre-chien-en-promenade-sur#l5lb6r47qsmp9ur58y' successfully

2022-07-19 14:47:13 - [MESSAGE][PASSED] - Navigate to 'https://lesechosdutouquet.nordlittoral.fr/147787/article/2022-06-30/concours-photo-montrez-nous-la-plus-belle-photo-de-votre-chien-en-promenade-sur#l5lb6r47qsmp9ur58y' successfully

2022-07-19 14:47:13 - [TEST_STEP][PASSED] - setViewPortSize(1920, 1080): Viewport is set to new size with width = 1920 and height = 1080

2022-07-19 14:47:13 - [MESSAGE][PASSED] - Viewport is set to new size with width = 1920 and height = 1080

2022-07-19 14:47:13 - [TEST_STEP][PASSED] - click(findTestObject("Object Repository/Page_Concours photo  votez pour la plus bel_494087/button_Accepter  Fermer")): Object: 'Object Repository/Page_Concours photo  votez pour la plus bel_494087/button_Accepter  Fermer' is clicked on

2022-07-19 14:47:14 - [MESSAGE][PASSED] - Object: 'Object Repository/Page_Concours photo  votez pour la plus bel_494087/button_Accepter  Fermer' is clicked on

2022-07-19 14:47:14 - [TEST_STEP][PASSED] - waitForElementVisible(findTestObject("Object Repository/Page_Concours photo  votez pour la plus bel_494087/a_X"), 15): Object 'Object Repository/Page_Concours photo  votez pour la plus bel_494087/a_X' is visible

2022-07-19 14:47:20 - [MESSAGE][PASSED] - Object 'Object Repository/Page_Concours photo  votez pour la plus bel_494087/a_X' is visible

2022-07-19 14:47:20 - [TEST_STEP][PASSED] - click(findTestObject("Object Repository/Page_Concours photo  votez pour la plus bel_494087/a_X")): Object: 'Object Repository/Page_Concours photo  votez pour la plus bel_494087/a_X' is clicked on

2022-07-19 14:47:21 - [MESSAGE][PASSED] - Object: 'Object Repository/Page_Concours photo  votez pour la plus bel_494087/a_X' is clicked on

2022-07-19 14:47:21 - [TEST_STEP][PASSED] - delay(1): Delayed 1 second(s)

2022-07-19 14:47:22 - [MESSAGE][PASSED] - Delayed 1 second(s)

2022-07-19 14:47:22 - [TEST_STEP][PASSED] - click(findTestObject("Object Repository/Page_Concours photo  votez pour la plus bel_494087/input_concat(Votez pour le plus beau chien de la cte d, , Opale )_jouer")): Object: 'Object Repository/Page_Concours photo  votez pour la plus bel_494087/input_concat(Votez pour le plus beau chien de la cte d, , Opale )_jouer' is clicked on

2022-07-19 14:47:23 - [MESSAGE][PASSED] - Object: 'Object Repository/Page_Concours photo  votez pour la plus bel_494087/input_concat(Votez pour le plus beau chien de la cte d, , Opale )_jouer' is clicked on

2022-07-19 14:47:23 - [TEST_STEP][PASSED] - if (verifyElementPresent(findTestObject("Page_Concours photo  votez pour la plus bel_494087/input_concat(Votez pour le plus beau chien de la cte d, , Opale )_jouer"), 1, OPTIONAL)): null

2022-07-19 14:47:24 - [MESSAGE][PASSED] - Object 'Object Repository/Page_Concours photo  votez pour la plus bel_494087/input_concat(Votez pour le plus beau chien de la cte d, , Opale )_jouer' is present

2022-07-19 14:47:24 - [TEST_STEP][PASSED] - click(findTestObject("Object Repository/Page_Concours photo  votez pour la plus bel_494087/input_concat(Votez pour le plus beau chien de la cte d, , Opale )_jouer")): Object: 'Object Repository/Page_Concours photo  votez pour la plus bel_494087/input_concat(Votez pour le plus beau chien de la cte d, , Opale )_jouer' is clicked on

2022-07-19 14:47:25 - [MESSAGE][PASSED] - Object: 'Object Repository/Page_Concours photo  votez pour la plus bel_494087/input_concat(Votez pour le plus beau chien de la cte d, , Opale )_jouer' is clicked on

2022-07-19 14:47:25 - [TEST_STEP][PASSED] - delay(1): Delayed 1 second(s)

2022-07-19 14:47:26 - [MESSAGE][PASSED] - Delayed 1 second(s)

2022-07-19 14:47:26 - [TEST_STEP][PASSED] - setText(findTestObject("Object Repository/Page_Concours photo  votez pour la plus bel_494087/input_trie par_keyword"), "Gaspard"): Text 'Gaspard' is set on object 'Object Repository/Page_Concours photo  votez pour la plus bel_494087/input_trie par_keyword'

2022-07-19 14:47:27 - [MESSAGE][PASSED] - Text 'Gaspard' is set on object 'Object Repository/Page_Concours photo  votez pour la plus bel_494087/input_trie par_keyword'

2022-07-19 14:47:27 - [TEST_STEP][PASSED] - sendKeys(findTestObject("Page_Concours photo  votez pour la plus bel_494087/input_trie par_keyword"), Keys.chord(ENTER)): Keys 'ENTER + ' sent to object: 'Object Repository/Page_Concours photo  votez pour la plus bel_494087/input_trie par_keyword'

2022-07-19 14:47:29 - [MESSAGE][PASSED] - Keys 'ENTER + ' sent to object: 'Object Repository/Page_Concours photo  votez pour la plus bel_494087/input_trie par_keyword'

2022-07-19 14:47:29 - [TEST_STEP][PASSED] - click(findTestObject("Page_Concours photo  votez pour la plus bel_494087/tri")): Object: 'Object Repository/Page_Concours photo  votez pour la plus bel_494087/tri' is clicked on

2022-07-19 14:47:29 - [MESSAGE][PASSED] - Object: 'Object Repository/Page_Concours photo  votez pour la plus bel_494087/tri' is clicked on

2022-07-19 14:47:29 - [TEST_STEP][PASSED] - click(findTestObject("Page_Concours photo  votez pour la plus bel_494087/plus de votes")): Object: 'Object Repository/Page_Concours photo  votez pour la plus bel_494087/plus de votes' is clicked on

2022-07-19 14:47:30 - [MESSAGE][PASSED] - Object: 'Object Repository/Page_Concours photo  votez pour la plus bel_494087/plus de votes' is clicked on

2022-07-19 14:47:31 - [TEST_STEP][PASSED] - click(findTestObject("Object Repository/Page_Concours photo  votez pour la plus bel_494087/i_Votes_fa fa-heart")): Object: 'Object Repository/Page_Concours photo  votez pour la plus bel_494087/i_Votes_fa fa-heart' is clicked on

2022-07-19 14:47:32 - [MESSAGE][PASSED] - Object: 'Object Repository/Page_Concours photo  votez pour la plus bel_494087/i_Votes_fa fa-heart' is clicked on

2022-07-19 14:47:32 - [TEST_STEP][PASSED] - delay(1): Delayed 1 second(s)

2022-07-19 14:47:33 - [MESSAGE][PASSED] - Delayed 1 second(s)

2022-07-19 14:47:33 - [TEST_STEP][PASSED] - closeBrowser(): Browser is closed

2022-07-19 14:47:33 - [MESSAGE][PASSED] - Browser is closed]]></system-out>
         <system-err><![CDATA[]]></system-err>
      </testcase>
      <testcase name="Test Cases/Vote" time="26.597" classname="Test Cases/Vote" status="PASSED">
         <system-out><![CDATA[2022-07-19 14:47:33 - [TEST_CASE][PASSED] - Test Cases/Vote: Test Cases/Vote

2022-07-19 14:47:33 - [TEST_STEP][PASSED] - openBrowser(""): Browser is opened with url: ''

2022-07-19 14:47:33 - [MESSAGE][INFO] - Starting 'Chrome' driver

2022-07-19 14:47:33 - [MESSAGE][INFO] - Action delay is set to 0 milliseconds

2022-07-19 14:47:34 - [MESSAGE][PASSED] - Browser is opened with url: ''

2022-07-19 14:47:34 - [TEST_STEP][PASSED] - navigateToUrl("https://lesechosdutouquet.nordlittoral.fr/147787/article/2022-06-30/concours-photo-montrez-nous-la-plus-belle-photo-de-votre-chien-en-promenade-sur#l5lb6r47qsmp9ur58y"): Navigate to 'https://lesechosdutouquet.nordlittoral.fr/147787/article/2022-06-30/concours-photo-montrez-nous-la-plus-belle-photo-de-votre-chien-en-promenade-sur#l5lb6r47qsmp9ur58y' successfully

2022-07-19 14:47:37 - [MESSAGE][PASSED] - Navigate to 'https://lesechosdutouquet.nordlittoral.fr/147787/article/2022-06-30/concours-photo-montrez-nous-la-plus-belle-photo-de-votre-chien-en-promenade-sur#l5lb6r47qsmp9ur58y' successfully

2022-07-19 14:47:37 - [TEST_STEP][PASSED] - setViewPortSize(1920, 1080): Viewport is set to new size with width = 1920 and height = 1080

2022-07-19 14:47:38 - [MESSAGE][PASSED] - Viewport is set to new size with width = 1920 and height = 1080

2022-07-19 14:47:38 - [TEST_STEP][PASSED] - click(findTestObject("Object Repository/Page_Concours photo  votez pour la plus bel_494087/button_Accepter  Fermer")): Object: 'Object Repository/Page_Concours photo  votez pour la plus bel_494087/button_Accepter  Fermer' is clicked on

2022-07-19 14:47:39 - [MESSAGE][PASSED] - Object: 'Object Repository/Page_Concours photo  votez pour la plus bel_494087/button_Accepter  Fermer' is clicked on

2022-07-19 14:47:39 - [TEST_STEP][PASSED] - waitForElementVisible(findTestObject("Object Repository/Page_Concours photo  votez pour la plus bel_494087/a_X"), 15): Object 'Object Repository/Page_Concours photo  votez pour la plus bel_494087/a_X' is visible

2022-07-19 14:47:45 - [MESSAGE][PASSED] - Object 'Object Repository/Page_Concours photo  votez pour la plus bel_494087/a_X' is visible

2022-07-19 14:47:45 - [TEST_STEP][PASSED] - click(findTestObject("Object Repository/Page_Concours photo  votez pour la plus bel_494087/a_X")): Object: 'Object Repository/Page_Concours photo  votez pour la plus bel_494087/a_X' is clicked on

2022-07-19 14:47:46 - [MESSAGE][PASSED] - Object: 'Object Repository/Page_Concours photo  votez pour la plus bel_494087/a_X' is clicked on

2022-07-19 14:47:46 - [TEST_STEP][PASSED] - delay(1): Delayed 1 second(s)

2022-07-19 14:47:47 - [MESSAGE][PASSED] - Delayed 1 second(s)

2022-07-19 14:47:47 - [TEST_STEP][PASSED] - click(findTestObject("Object Repository/Page_Concours photo  votez pour la plus bel_494087/input_concat(Votez pour le plus beau chien de la cte d, , Opale )_jouer")): Object: 'Object Repository/Page_Concours photo  votez pour la plus bel_494087/input_concat(Votez pour le plus beau chien de la cte d, , Opale )_jouer' is clicked on

2022-07-19 14:47:47 - [MESSAGE][PASSED] - Object: 'Object Repository/Page_Concours photo  votez pour la plus bel_494087/input_concat(Votez pour le plus beau chien de la cte d, , Opale )_jouer' is clicked on

2022-07-19 14:47:48 - [TEST_STEP][PASSED] - if (verifyElementPresent(findTestObject("Page_Concours photo  votez pour la plus bel_494087/input_concat(Votez pour le plus beau chien de la cte d, , Opale )_jouer"), 1, OPTIONAL)): null

2022-07-19 14:47:49 - [MESSAGE][PASSED] - Object 'Object Repository/Page_Concours photo  votez pour la plus bel_494087/input_concat(Votez pour le plus beau chien de la cte d, , Opale )_jouer' is present

2022-07-19 14:47:49 - [TEST_STEP][PASSED] - click(findTestObject("Object Repository/Page_Concours photo  votez pour la plus bel_494087/input_concat(Votez pour le plus beau chien de la cte d, , Opale )_jouer")): Object: 'Object Repository/Page_Concours photo  votez pour la plus bel_494087/input_concat(Votez pour le plus beau chien de la cte d, , Opale )_jouer' is clicked on

2022-07-19 14:47:49 - [MESSAGE][PASSED] - Object: 'Object Repository/Page_Concours photo  votez pour la plus bel_494087/input_concat(Votez pour le plus beau chien de la cte d, , Opale )_jouer' is clicked on

2022-07-19 14:47:50 - [TEST_STEP][PASSED] - delay(1): Delayed 1 second(s)

2022-07-19 14:47:51 - [MESSAGE][PASSED] - Delayed 1 second(s)

2022-07-19 14:47:51 - [TEST_STEP][PASSED] - setText(findTestObject("Object Repository/Page_Concours photo  votez pour la plus bel_494087/input_trie par_keyword"), "Gaspard"): Text 'Gaspard' is set on object 'Object Repository/Page_Concours photo  votez pour la plus bel_494087/input_trie par_keyword'

2022-07-19 14:47:54 - [MESSAGE][PASSED] - Text 'Gaspard' is set on object 'Object Repository/Page_Concours photo  votez pour la plus bel_494087/input_trie par_keyword'

2022-07-19 14:47:54 - [TEST_STEP][PASSED] - sendKeys(findTestObject("Page_Concours photo  votez pour la plus bel_494087/input_trie par_keyword"), Keys.chord(ENTER)): Keys 'ENTER + ' sent to object: 'Object Repository/Page_Concours photo  votez pour la plus bel_494087/input_trie par_keyword'

2022-07-19 14:47:55 - [MESSAGE][PASSED] - Keys 'ENTER + ' sent to object: 'Object Repository/Page_Concours photo  votez pour la plus bel_494087/input_trie par_keyword'

2022-07-19 14:47:55 - [TEST_STEP][PASSED] - click(findTestObject("Page_Concours photo  votez pour la plus bel_494087/tri")): Object: 'Object Repository/Page_Concours photo  votez pour la plus bel_494087/tri' is clicked on

2022-07-19 14:47:56 - [MESSAGE][PASSED] - Object: 'Object Repository/Page_Concours photo  votez pour la plus bel_494087/tri' is clicked on

2022-07-19 14:47:56 - [TEST_STEP][PASSED] - click(findTestObject("Page_Concours photo  votez pour la plus bel_494087/plus de votes")): Object: 'Object Repository/Page_Concours photo  votez pour la plus bel_494087/plus de votes' is clicked on

2022-07-19 14:47:56 - [MESSAGE][PASSED] - Object: 'Object Repository/Page_Concours photo  votez pour la plus bel_494087/plus de votes' is clicked on

2022-07-19 14:47:58 - [TEST_STEP][PASSED] - click(findTestObject("Object Repository/Page_Concours photo  votez pour la plus bel_494087/i_Votes_fa fa-heart")): Object: 'Object Repository/Page_Concours photo  votez pour la plus bel_494087/i_Votes_fa fa-heart' is clicked on

2022-07-19 14:47:58 - [MESSAGE][PASSED] - Object: 'Object Repository/Page_Concours photo  votez pour la plus bel_494087/i_Votes_fa fa-heart' is clicked on

2022-07-19 14:47:58 - [TEST_STEP][PASSED] - delay(1): Delayed 1 second(s)

2022-07-19 14:47:59 - [MESSAGE][PASSED] - Delayed 1 second(s)

2022-07-19 14:47:59 - [TEST_STEP][PASSED] - closeBrowser(): Browser is closed

2022-07-19 14:48:00 - [MESSAGE][PASSED] - Browser is closed]]></system-out>
         <system-err><![CDATA[]]></system-err>
      </testcase>
      <testcase name="Test Cases/Vote" time="24.24" classname="Test Cases/Vote" status="PASSED">
         <system-out><![CDATA[2022-07-19 14:48:00 - [TEST_CASE][PASSED] - Test Cases/Vote: Test Cases/Vote

2022-07-19 14:48:00 - [TEST_STEP][PASSED] - openBrowser(""): Browser is opened with url: ''

2022-07-19 14:48:00 - [MESSAGE][INFO] - Starting 'Chrome' driver

2022-07-19 14:48:00 - [MESSAGE][INFO] - Action delay is set to 0 milliseconds

2022-07-19 14:48:01 - [MESSAGE][PASSED] - Browser is opened with url: ''

2022-07-19 14:48:01 - [TEST_STEP][PASSED] - navigateToUrl("https://lesechosdutouquet.nordlittoral.fr/147787/article/2022-06-30/concours-photo-montrez-nous-la-plus-belle-photo-de-votre-chien-en-promenade-sur#l5lb6r47qsmp9ur58y"): Navigate to 'https://lesechosdutouquet.nordlittoral.fr/147787/article/2022-06-30/concours-photo-montrez-nous-la-plus-belle-photo-de-votre-chien-en-promenade-sur#l5lb6r47qsmp9ur58y' successfully

2022-07-19 14:48:04 - [MESSAGE][PASSED] - Navigate to 'https://lesechosdutouquet.nordlittoral.fr/147787/article/2022-06-30/concours-photo-montrez-nous-la-plus-belle-photo-de-votre-chien-en-promenade-sur#l5lb6r47qsmp9ur58y' successfully

2022-07-19 14:48:04 - [TEST_STEP][PASSED] - setViewPortSize(1920, 1080): Viewport is set to new size with width = 1920 and height = 1080

2022-07-19 14:48:04 - [MESSAGE][PASSED] - Viewport is set to new size with width = 1920 and height = 1080

2022-07-19 14:48:04 - [TEST_STEP][PASSED] - click(findTestObject("Object Repository/Page_Concours photo  votez pour la plus bel_494087/button_Accepter  Fermer")): Object: 'Object Repository/Page_Concours photo  votez pour la plus bel_494087/button_Accepter  Fermer' is clicked on

2022-07-19 14:48:05 - [MESSAGE][PASSED] - Object: 'Object Repository/Page_Concours photo  votez pour la plus bel_494087/button_Accepter  Fermer' is clicked on

2022-07-19 14:48:05 - [TEST_STEP][PASSED] - waitForElementVisible(findTestObject("Object Repository/Page_Concours photo  votez pour la plus bel_494087/a_X"), 15): Object 'Object Repository/Page_Concours photo  votez pour la plus bel_494087/a_X' is visible

2022-07-19 14:48:12 - [MESSAGE][PASSED] - Object 'Object Repository/Page_Concours photo  votez pour la plus bel_494087/a_X' is visible

2022-07-19 14:48:12 - [TEST_STEP][PASSED] - click(findTestObject("Object Repository/Page_Concours photo  votez pour la plus bel_494087/a_X")): Object: 'Object Repository/Page_Concours photo  votez pour la plus bel_494087/a_X' is clicked on

2022-07-19 14:48:12 - [MESSAGE][PASSED] - Object: 'Object Repository/Page_Concours photo  votez pour la plus bel_494087/a_X' is clicked on

2022-07-19 14:48:12 - [TEST_STEP][PASSED] - delay(1): Delayed 1 second(s)

2022-07-19 14:48:13 - [MESSAGE][PASSED] - Delayed 1 second(s)

2022-07-19 14:48:13 - [TEST_STEP][PASSED] - click(findTestObject("Object Repository/Page_Concours photo  votez pour la plus bel_494087/input_concat(Votez pour le plus beau chien de la cte d, , Opale )_jouer")): Object: 'Object Repository/Page_Concours photo  votez pour la plus bel_494087/input_concat(Votez pour le plus beau chien de la cte d, , Opale )_jouer' is clicked on

2022-07-19 14:48:14 - [MESSAGE][PASSED] - Object: 'Object Repository/Page_Concours photo  votez pour la plus bel_494087/input_concat(Votez pour le plus beau chien de la cte d, , Opale )_jouer' is clicked on

2022-07-19 14:48:14 - [TEST_STEP][PASSED] - if (verifyElementPresent(findTestObject("Page_Concours photo  votez pour la plus bel_494087/input_concat(Votez pour le plus beau chien de la cte d, , Opale )_jouer"), 1, OPTIONAL)): null

2022-07-19 14:48:16 - [MESSAGE][PASSED] - Object 'Object Repository/Page_Concours photo  votez pour la plus bel_494087/input_concat(Votez pour le plus beau chien de la cte d, , Opale )_jouer' is present

2022-07-19 14:48:16 - [TEST_STEP][PASSED] - click(findTestObject("Object Repository/Page_Concours photo  votez pour la plus bel_494087/input_concat(Votez pour le plus beau chien de la cte d, , Opale )_jouer")): Object: 'Object Repository/Page_Concours photo  votez pour la plus bel_494087/input_concat(Votez pour le plus beau chien de la cte d, , Opale )_jouer' is clicked on

2022-07-19 14:48:16 - [MESSAGE][PASSED] - Object: 'Object Repository/Page_Concours photo  votez pour la plus bel_494087/input_concat(Votez pour le plus beau chien de la cte d, , Opale )_jouer' is clicked on

2022-07-19 14:48:16 - [TEST_STEP][PASSED] - delay(1): Delayed 1 second(s)

2022-07-19 14:48:17 - [MESSAGE][PASSED] - Delayed 1 second(s)

2022-07-19 14:48:17 - [TEST_STEP][PASSED] - setText(findTestObject("Object Repository/Page_Concours photo  votez pour la plus bel_494087/input_trie par_keyword"), "Gaspard"): Text 'Gaspard' is set on object 'Object Repository/Page_Concours photo  votez pour la plus bel_494087/input_trie par_keyword'

2022-07-19 14:48:18 - [MESSAGE][PASSED] - Text 'Gaspard' is set on object 'Object Repository/Page_Concours photo  votez pour la plus bel_494087/input_trie par_keyword'

2022-07-19 14:48:18 - [TEST_STEP][PASSED] - sendKeys(findTestObject("Page_Concours photo  votez pour la plus bel_494087/input_trie par_keyword"), Keys.chord(ENTER)): Keys 'ENTER + ' sent to object: 'Object Repository/Page_Concours photo  votez pour la plus bel_494087/input_trie par_keyword'

2022-07-19 14:48:20 - [MESSAGE][PASSED] - Keys 'ENTER + ' sent to object: 'Object Repository/Page_Concours photo  votez pour la plus bel_494087/input_trie par_keyword'

2022-07-19 14:48:20 - [TEST_STEP][PASSED] - click(findTestObject("Page_Concours photo  votez pour la plus bel_494087/tri")): Object: 'Object Repository/Page_Concours photo  votez pour la plus bel_494087/tri' is clicked on

2022-07-19 14:48:20 - [MESSAGE][PASSED] - Object: 'Object Repository/Page_Concours photo  votez pour la plus bel_494087/tri' is clicked on

2022-07-19 14:48:20 - [TEST_STEP][PASSED] - click(findTestObject("Page_Concours photo  votez pour la plus bel_494087/plus de votes")): Object: 'Object Repository/Page_Concours photo  votez pour la plus bel_494087/plus de votes' is clicked on

2022-07-19 14:48:21 - [MESSAGE][PASSED] - Object: 'Object Repository/Page_Concours photo  votez pour la plus bel_494087/plus de votes' is clicked on

2022-07-19 14:48:22 - [TEST_STEP][PASSED] - click(findTestObject("Object Repository/Page_Concours photo  votez pour la plus bel_494087/i_Votes_fa fa-heart")): Object: 'Object Repository/Page_Concours photo  votez pour la plus bel_494087/i_Votes_fa fa-heart' is clicked on

2022-07-19 14:48:23 - [MESSAGE][PASSED] - Object: 'Object Repository/Page_Concours photo  votez pour la plus bel_494087/i_Votes_fa fa-heart' is clicked on

2022-07-19 14:48:23 - [TEST_STEP][PASSED] - delay(1): Delayed 1 second(s)

2022-07-19 14:48:24 - [MESSAGE][PASSED] - Delayed 1 second(s)

2022-07-19 14:48:24 - [TEST_STEP][PASSED] - closeBrowser(): Browser is closed

2022-07-19 14:48:24 - [MESSAGE][PASSED] - Browser is closed]]></system-out>
         <system-err><![CDATA[]]></system-err>
      </testcase>
      <testcase name="Test Cases/Vote" time="24.447" classname="Test Cases/Vote" status="PASSED">
         <system-out><![CDATA[2022-07-19 14:48:24 - [TEST_CASE][PASSED] - Test Cases/Vote: Test Cases/Vote

2022-07-19 14:48:24 - [TEST_STEP][PASSED] - openBrowser(""): Browser is opened with url: ''

2022-07-19 14:48:24 - [MESSAGE][INFO] - Starting 'Chrome' driver

2022-07-19 14:48:24 - [MESSAGE][INFO] - Action delay is set to 0 milliseconds

2022-07-19 14:48:25 - [MESSAGE][PASSED] - Browser is opened with url: ''

2022-07-19 14:48:25 - [TEST_STEP][PASSED] - navigateToUrl("https://lesechosdutouquet.nordlittoral.fr/147787/article/2022-06-30/concours-photo-montrez-nous-la-plus-belle-photo-de-votre-chien-en-promenade-sur#l5lb6r47qsmp9ur58y"): Navigate to 'https://lesechosdutouquet.nordlittoral.fr/147787/article/2022-06-30/concours-photo-montrez-nous-la-plus-belle-photo-de-votre-chien-en-promenade-sur#l5lb6r47qsmp9ur58y' successfully

2022-07-19 14:48:28 - [MESSAGE][PASSED] - Navigate to 'https://lesechosdutouquet.nordlittoral.fr/147787/article/2022-06-30/concours-photo-montrez-nous-la-plus-belle-photo-de-votre-chien-en-promenade-sur#l5lb6r47qsmp9ur58y' successfully

2022-07-19 14:48:28 - [TEST_STEP][PASSED] - setViewPortSize(1920, 1080): Viewport is set to new size with width = 1920 and height = 1080

2022-07-19 14:48:28 - [MESSAGE][PASSED] - Viewport is set to new size with width = 1920 and height = 1080

2022-07-19 14:48:28 - [TEST_STEP][PASSED] - click(findTestObject("Object Repository/Page_Concours photo  votez pour la plus bel_494087/button_Accepter  Fermer")): Object: 'Object Repository/Page_Concours photo  votez pour la plus bel_494087/button_Accepter  Fermer' is clicked on

2022-07-19 14:48:29 - [MESSAGE][PASSED] - Object: 'Object Repository/Page_Concours photo  votez pour la plus bel_494087/button_Accepter  Fermer' is clicked on

2022-07-19 14:48:29 - [TEST_STEP][PASSED] - waitForElementVisible(findTestObject("Object Repository/Page_Concours photo  votez pour la plus bel_494087/a_X"), 15): Object 'Object Repository/Page_Concours photo  votez pour la plus bel_494087/a_X' is visible

2022-07-19 14:48:35 - [MESSAGE][PASSED] - Object 'Object Repository/Page_Concours photo  votez pour la plus bel_494087/a_X' is visible

2022-07-19 14:48:35 - [TEST_STEP][PASSED] - click(findTestObject("Object Repository/Page_Concours photo  votez pour la plus bel_494087/a_X")): Object: 'Object Repository/Page_Concours photo  votez pour la plus bel_494087/a_X' is clicked on

2022-07-19 14:48:36 - [MESSAGE][PASSED] - Object: 'Object Repository/Page_Concours photo  votez pour la plus bel_494087/a_X' is clicked on

2022-07-19 14:48:36 - [TEST_STEP][PASSED] - delay(1): Delayed 1 second(s)

2022-07-19 14:48:37 - [MESSAGE][PASSED] - Delayed 1 second(s)

2022-07-19 14:48:37 - [TEST_STEP][PASSED] - click(findTestObject("Object Repository/Page_Concours photo  votez pour la plus bel_494087/input_concat(Votez pour le plus beau chien de la cte d, , Opale )_jouer")): Object: 'Object Repository/Page_Concours photo  votez pour la plus bel_494087/input_concat(Votez pour le plus beau chien de la cte d, , Opale )_jouer' is clicked on

2022-07-19 14:48:38 - [MESSAGE][PASSED] - Object: 'Object Repository/Page_Concours photo  votez pour la plus bel_494087/input_concat(Votez pour le plus beau chien de la cte d, , Opale )_jouer' is clicked on

2022-07-19 14:48:38 - [TEST_STEP][PASSED] - if (verifyElementPresent(findTestObject("Page_Concours photo  votez pour la plus bel_494087/input_concat(Votez pour le plus beau chien de la cte d, , Opale )_jouer"), 1, OPTIONAL)): null

2022-07-19 14:48:39 - [MESSAGE][PASSED] - Object 'Object Repository/Page_Concours photo  votez pour la plus bel_494087/input_concat(Votez pour le plus beau chien de la cte d, , Opale )_jouer' is present

2022-07-19 14:48:39 - [TEST_STEP][PASSED] - click(findTestObject("Object Repository/Page_Concours photo  votez pour la plus bel_494087/input_concat(Votez pour le plus beau chien de la cte d, , Opale )_jouer")): Object: 'Object Repository/Page_Concours photo  votez pour la plus bel_494087/input_concat(Votez pour le plus beau chien de la cte d, , Opale )_jouer' is clicked on

2022-07-19 14:48:39 - [MESSAGE][PASSED] - Object: 'Object Repository/Page_Concours photo  votez pour la plus bel_494087/input_concat(Votez pour le plus beau chien de la cte d, , Opale )_jouer' is clicked on

2022-07-19 14:48:40 - [TEST_STEP][PASSED] - delay(1): Delayed 1 second(s)

2022-07-19 14:48:41 - [MESSAGE][PASSED] - Delayed 1 second(s)

2022-07-19 14:48:41 - [TEST_STEP][PASSED] - setText(findTestObject("Object Repository/Page_Concours photo  votez pour la plus bel_494087/input_trie par_keyword"), "Gaspard"): Text 'Gaspard' is set on object 'Object Repository/Page_Concours photo  votez pour la plus bel_494087/input_trie par_keyword'

2022-07-19 14:48:42 - [MESSAGE][PASSED] - Text 'Gaspard' is set on object 'Object Repository/Page_Concours photo  votez pour la plus bel_494087/input_trie par_keyword'

2022-07-19 14:48:42 - [TEST_STEP][PASSED] - sendKeys(findTestObject("Page_Concours photo  votez pour la plus bel_494087/input_trie par_keyword"), Keys.chord(ENTER)): Keys 'ENTER + ' sent to object: 'Object Repository/Page_Concours photo  votez pour la plus bel_494087/input_trie par_keyword'

2022-07-19 14:48:44 - [MESSAGE][PASSED] - Keys 'ENTER + ' sent to object: 'Object Repository/Page_Concours photo  votez pour la plus bel_494087/input_trie par_keyword'

2022-07-19 14:48:44 - [TEST_STEP][PASSED] - click(findTestObject("Page_Concours photo  votez pour la plus bel_494087/tri")): Object: 'Object Repository/Page_Concours photo  votez pour la plus bel_494087/tri' is clicked on

2022-07-19 14:48:44 - [MESSAGE][PASSED] - Object: 'Object Repository/Page_Concours photo  votez pour la plus bel_494087/tri' is clicked on

2022-07-19 14:48:44 - [TEST_STEP][PASSED] - click(findTestObject("Page_Concours photo  votez pour la plus bel_494087/plus de votes")): Object: 'Object Repository/Page_Concours photo  votez pour la plus bel_494087/plus de votes' is clicked on

2022-07-19 14:48:45 - [MESSAGE][PASSED] - Object: 'Object Repository/Page_Concours photo  votez pour la plus bel_494087/plus de votes' is clicked on

2022-07-19 14:48:46 - [TEST_STEP][PASSED] - click(findTestObject("Object Repository/Page_Concours photo  votez pour la plus bel_494087/i_Votes_fa fa-heart")): Object: 'Object Repository/Page_Concours photo  votez pour la plus bel_494087/i_Votes_fa fa-heart' is clicked on

2022-07-19 14:48:47 - [MESSAGE][PASSED] - Object: 'Object Repository/Page_Concours photo  votez pour la plus bel_494087/i_Votes_fa fa-heart' is clicked on

2022-07-19 14:48:47 - [TEST_STEP][PASSED] - delay(1): Delayed 1 second(s)

2022-07-19 14:48:48 - [MESSAGE][PASSED] - Delayed 1 second(s)

2022-07-19 14:48:48 - [TEST_STEP][PASSED] - closeBrowser(): Browser is closed

2022-07-19 14:48:48 - [MESSAGE][PASSED] - Browser is closed]]></system-out>
         <system-err><![CDATA[]]></system-err>
      </testcase>
      <testcase name="Test Cases/Vote" time="26.429" classname="Test Cases/Vote" status="PASSED">
         <system-out><![CDATA[2022-07-19 14:48:48 - [TEST_CASE][PASSED] - Test Cases/Vote: Test Cases/Vote

2022-07-19 14:48:48 - [TEST_STEP][PASSED] - openBrowser(""): Browser is opened with url: ''

2022-07-19 14:48:48 - [MESSAGE][INFO] - Starting 'Chrome' driver

2022-07-19 14:48:48 - [MESSAGE][INFO] - Action delay is set to 0 milliseconds

2022-07-19 14:48:49 - [MESSAGE][PASSED] - Browser is opened with url: ''

2022-07-19 14:48:49 - [TEST_STEP][PASSED] - navigateToUrl("https://lesechosdutouquet.nordlittoral.fr/147787/article/2022-06-30/concours-photo-montrez-nous-la-plus-belle-photo-de-votre-chien-en-promenade-sur#l5lb6r47qsmp9ur58y"): Navigate to 'https://lesechosdutouquet.nordlittoral.fr/147787/article/2022-06-30/concours-photo-montrez-nous-la-plus-belle-photo-de-votre-chien-en-promenade-sur#l5lb6r47qsmp9ur58y' successfully

2022-07-19 14:48:52 - [MESSAGE][PASSED] - Navigate to 'https://lesechosdutouquet.nordlittoral.fr/147787/article/2022-06-30/concours-photo-montrez-nous-la-plus-belle-photo-de-votre-chien-en-promenade-sur#l5lb6r47qsmp9ur58y' successfully

2022-07-19 14:48:52 - [TEST_STEP][PASSED] - setViewPortSize(1920, 1080): Viewport is set to new size with width = 1920 and height = 1080

2022-07-19 14:48:53 - [MESSAGE][PASSED] - Viewport is set to new size with width = 1920 and height = 1080

2022-07-19 14:48:53 - [TEST_STEP][PASSED] - click(findTestObject("Object Repository/Page_Concours photo  votez pour la plus bel_494087/button_Accepter  Fermer")): Object: 'Object Repository/Page_Concours photo  votez pour la plus bel_494087/button_Accepter  Fermer' is clicked on

2022-07-19 14:48:54 - [MESSAGE][PASSED] - Object: 'Object Repository/Page_Concours photo  votez pour la plus bel_494087/button_Accepter  Fermer' is clicked on

2022-07-19 14:48:54 - [TEST_STEP][PASSED] - waitForElementVisible(findTestObject("Object Repository/Page_Concours photo  votez pour la plus bel_494087/a_X"), 15): Object 'Object Repository/Page_Concours photo  votez pour la plus bel_494087/a_X' is visible

2022-07-19 14:49:00 - [MESSAGE][PASSED] - Object 'Object Repository/Page_Concours photo  votez pour la plus bel_494087/a_X' is visible

2022-07-19 14:49:00 - [TEST_STEP][PASSED] - click(findTestObject("Object Repository/Page_Concours photo  votez pour la plus bel_494087/a_X")): Object: 'Object Repository/Page_Concours photo  votez pour la plus bel_494087/a_X' is clicked on

2022-07-19 14:49:01 - [MESSAGE][PASSED] - Object: 'Object Repository/Page_Concours photo  votez pour la plus bel_494087/a_X' is clicked on

2022-07-19 14:49:01 - [TEST_STEP][PASSED] - delay(1): Delayed 1 second(s)

2022-07-19 14:49:02 - [MESSAGE][PASSED] - Delayed 1 second(s)

2022-07-19 14:49:02 - [TEST_STEP][PASSED] - click(findTestObject("Object Repository/Page_Concours photo  votez pour la plus bel_494087/input_concat(Votez pour le plus beau chien de la cte d, , Opale )_jouer")): Object: 'Object Repository/Page_Concours photo  votez pour la plus bel_494087/input_concat(Votez pour le plus beau chien de la cte d, , Opale )_jouer' is clicked on

2022-07-19 14:49:02 - [MESSAGE][PASSED] - Object: 'Object Repository/Page_Concours photo  votez pour la plus bel_494087/input_concat(Votez pour le plus beau chien de la cte d, , Opale )_jouer' is clicked on

2022-07-19 14:49:03 - [TEST_STEP][PASSED] - if (verifyElementPresent(findTestObject("Page_Concours photo  votez pour la plus bel_494087/input_concat(Votez pour le plus beau chien de la cte d, , Opale )_jouer"), 1, OPTIONAL)): null

2022-07-19 14:49:04 - [MESSAGE][PASSED] - Object 'Object Repository/Page_Concours photo  votez pour la plus bel_494087/input_concat(Votez pour le plus beau chien de la cte d, , Opale )_jouer' is present

2022-07-19 14:49:04 - [TEST_STEP][PASSED] - click(findTestObject("Object Repository/Page_Concours photo  votez pour la plus bel_494087/input_concat(Votez pour le plus beau chien de la cte d, , Opale )_jouer")): Object: 'Object Repository/Page_Concours photo  votez pour la plus bel_494087/input_concat(Votez pour le plus beau chien de la cte d, , Opale )_jouer' is clicked on

2022-07-19 14:49:04 - [MESSAGE][PASSED] - Object: 'Object Repository/Page_Concours photo  votez pour la plus bel_494087/input_concat(Votez pour le plus beau chien de la cte d, , Opale )_jouer' is clicked on

2022-07-19 14:49:04 - [TEST_STEP][PASSED] - delay(1): Delayed 1 second(s)

2022-07-19 14:49:06 - [MESSAGE][PASSED] - Delayed 1 second(s)

2022-07-19 14:49:06 - [TEST_STEP][PASSED] - setText(findTestObject("Object Repository/Page_Concours photo  votez pour la plus bel_494087/input_trie par_keyword"), "Gaspard"): Text 'Gaspard' is set on object 'Object Repository/Page_Concours photo  votez pour la plus bel_494087/input_trie par_keyword'

2022-07-19 14:49:09 - [MESSAGE][PASSED] - Text 'Gaspard' is set on object 'Object Repository/Page_Concours photo  votez pour la plus bel_494087/input_trie par_keyword'

2022-07-19 14:49:09 - [TEST_STEP][PASSED] - sendKeys(findTestObject("Page_Concours photo  votez pour la plus bel_494087/input_trie par_keyword"), Keys.chord(ENTER)): Keys 'ENTER + ' sent to object: 'Object Repository/Page_Concours photo  votez pour la plus bel_494087/input_trie par_keyword'

2022-07-19 14:49:10 - [MESSAGE][PASSED] - Keys 'ENTER + ' sent to object: 'Object Repository/Page_Concours photo  votez pour la plus bel_494087/input_trie par_keyword'

2022-07-19 14:49:10 - [TEST_STEP][PASSED] - click(findTestObject("Page_Concours photo  votez pour la plus bel_494087/tri")): Object: 'Object Repository/Page_Concours photo  votez pour la plus bel_494087/tri' is clicked on

2022-07-19 14:49:11 - [MESSAGE][PASSED] - Object: 'Object Repository/Page_Concours photo  votez pour la plus bel_494087/tri' is clicked on

2022-07-19 14:49:11 - [TEST_STEP][PASSED] - click(findTestObject("Page_Concours photo  votez pour la plus bel_494087/plus de votes")): Object: 'Object Repository/Page_Concours photo  votez pour la plus bel_494087/plus de votes' is clicked on

2022-07-19 14:49:11 - [MESSAGE][PASSED] - Object: 'Object Repository/Page_Concours photo  votez pour la plus bel_494087/plus de votes' is clicked on

2022-07-19 14:49:13 - [TEST_STEP][PASSED] - click(findTestObject("Object Repository/Page_Concours photo  votez pour la plus bel_494087/i_Votes_fa fa-heart")): Object: 'Object Repository/Page_Concours photo  votez pour la plus bel_494087/i_Votes_fa fa-heart' is clicked on

2022-07-19 14:49:14 - [MESSAGE][PASSED] - Object: 'Object Repository/Page_Concours photo  votez pour la plus bel_494087/i_Votes_fa fa-heart' is clicked on

2022-07-19 14:49:14 - [TEST_STEP][PASSED] - delay(1): Delayed 1 second(s)

2022-07-19 14:49:15 - [MESSAGE][PASSED] - Delayed 1 second(s)

2022-07-19 14:49:15 - [TEST_STEP][PASSED] - closeBrowser(): Browser is closed

2022-07-19 14:49:15 - [MESSAGE][PASSED] - Browser is closed]]></system-out>
         <system-err><![CDATA[]]></system-err>
      </testcase>
      <testcase name="Test Cases/Vote" time="25.029" classname="Test Cases/Vote" status="PASSED">
         <system-out><![CDATA[2022-07-19 14:49:15 - [TEST_CASE][PASSED] - Test Cases/Vote: Test Cases/Vote

2022-07-19 14:49:15 - [TEST_STEP][PASSED] - openBrowser(""): Browser is opened with url: ''

2022-07-19 14:49:15 - [MESSAGE][INFO] - Starting 'Chrome' driver

2022-07-19 14:49:15 - [MESSAGE][INFO] - Action delay is set to 0 milliseconds

2022-07-19 14:49:16 - [MESSAGE][PASSED] - Browser is opened with url: ''

2022-07-19 14:49:16 - [TEST_STEP][PASSED] - navigateToUrl("https://lesechosdutouquet.nordlittoral.fr/147787/article/2022-06-30/concours-photo-montrez-nous-la-plus-belle-photo-de-votre-chien-en-promenade-sur#l5lb6r47qsmp9ur58y"): Navigate to 'https://lesechosdutouquet.nordlittoral.fr/147787/article/2022-06-30/concours-photo-montrez-nous-la-plus-belle-photo-de-votre-chien-en-promenade-sur#l5lb6r47qsmp9ur58y' successfully

2022-07-19 14:49:19 - [MESSAGE][PASSED] - Navigate to 'https://lesechosdutouquet.nordlittoral.fr/147787/article/2022-06-30/concours-photo-montrez-nous-la-plus-belle-photo-de-votre-chien-en-promenade-sur#l5lb6r47qsmp9ur58y' successfully

2022-07-19 14:49:19 - [TEST_STEP][PASSED] - setViewPortSize(1920, 1080): Viewport is set to new size with width = 1920 and height = 1080

2022-07-19 14:49:19 - [MESSAGE][PASSED] - Viewport is set to new size with width = 1920 and height = 1080

2022-07-19 14:49:19 - [TEST_STEP][PASSED] - click(findTestObject("Object Repository/Page_Concours photo  votez pour la plus bel_494087/button_Accepter  Fermer")): Object: 'Object Repository/Page_Concours photo  votez pour la plus bel_494087/button_Accepter  Fermer' is clicked on

2022-07-19 14:49:20 - [MESSAGE][PASSED] - Object: 'Object Repository/Page_Concours photo  votez pour la plus bel_494087/button_Accepter  Fermer' is clicked on

2022-07-19 14:49:20 - [TEST_STEP][PASSED] - waitForElementVisible(findTestObject("Object Repository/Page_Concours photo  votez pour la plus bel_494087/a_X"), 15): Object 'Object Repository/Page_Concours photo  votez pour la plus bel_494087/a_X' is visible

2022-07-19 14:49:27 - [MESSAGE][PASSED] - Object 'Object Repository/Page_Concours photo  votez pour la plus bel_494087/a_X' is visible

2022-07-19 14:49:27 - [TEST_STEP][PASSED] - click(findTestObject("Object Repository/Page_Concours photo  votez pour la plus bel_494087/a_X")): Object: 'Object Repository/Page_Concours photo  votez pour la plus bel_494087/a_X' is clicked on

2022-07-19 14:49:27 - [MESSAGE][PASSED] - Object: 'Object Repository/Page_Concours photo  votez pour la plus bel_494087/a_X' is clicked on

2022-07-19 14:49:27 - [TEST_STEP][PASSED] - delay(1): Delayed 1 second(s)

2022-07-19 14:49:28 - [MESSAGE][PASSED] - Delayed 1 second(s)

2022-07-19 14:49:28 - [TEST_STEP][PASSED] - click(findTestObject("Object Repository/Page_Concours photo  votez pour la plus bel_494087/input_concat(Votez pour le plus beau chien de la cte d, , Opale )_jouer")): Object: 'Object Repository/Page_Concours photo  votez pour la plus bel_494087/input_concat(Votez pour le plus beau chien de la cte d, , Opale )_jouer' is clicked on

2022-07-19 14:49:29 - [MESSAGE][PASSED] - Object: 'Object Repository/Page_Concours photo  votez pour la plus bel_494087/input_concat(Votez pour le plus beau chien de la cte d, , Opale )_jouer' is clicked on

2022-07-19 14:49:30 - [TEST_STEP][PASSED] - if (verifyElementPresent(findTestObject("Page_Concours photo  votez pour la plus bel_494087/input_concat(Votez pour le plus beau chien de la cte d, , Opale )_jouer"), 1, OPTIONAL)): null

2022-07-19 14:49:31 - [MESSAGE][PASSED] - Object 'Object Repository/Page_Concours photo  votez pour la plus bel_494087/input_concat(Votez pour le plus beau chien de la cte d, , Opale )_jouer' is present

2022-07-19 14:49:31 - [TEST_STEP][PASSED] - click(findTestObject("Object Repository/Page_Concours photo  votez pour la plus bel_494087/input_concat(Votez pour le plus beau chien de la cte d, , Opale )_jouer")): Object: 'Object Repository/Page_Concours photo  votez pour la plus bel_494087/input_concat(Votez pour le plus beau chien de la cte d, , Opale )_jouer' is clicked on

2022-07-19 14:49:31 - [MESSAGE][PASSED] - Object: 'Object Repository/Page_Concours photo  votez pour la plus bel_494087/input_concat(Votez pour le plus beau chien de la cte d, , Opale )_jouer' is clicked on

2022-07-19 14:49:31 - [TEST_STEP][PASSED] - delay(1): Delayed 1 second(s)

2022-07-19 14:49:32 - [MESSAGE][PASSED] - Delayed 1 second(s)

2022-07-19 14:49:32 - [TEST_STEP][PASSED] - setText(findTestObject("Object Repository/Page_Concours photo  votez pour la plus bel_494087/input_trie par_keyword"), "Gaspard"): Text 'Gaspard' is set on object 'Object Repository/Page_Concours photo  votez pour la plus bel_494087/input_trie par_keyword'

2022-07-19 14:49:34 - [MESSAGE][PASSED] - Text 'Gaspard' is set on object 'Object Repository/Page_Concours photo  votez pour la plus bel_494087/input_trie par_keyword'

2022-07-19 14:49:34 - [TEST_STEP][PASSED] - sendKeys(findTestObject("Page_Concours photo  votez pour la plus bel_494087/input_trie par_keyword"), Keys.chord(ENTER)): Keys 'ENTER + ' sent to object: 'Object Repository/Page_Concours photo  votez pour la plus bel_494087/input_trie par_keyword'

2022-07-19 14:49:36 - [MESSAGE][PASSED] - Keys 'ENTER + ' sent to object: 'Object Repository/Page_Concours photo  votez pour la plus bel_494087/input_trie par_keyword'

2022-07-19 14:49:36 - [TEST_STEP][PASSED] - click(findTestObject("Page_Concours photo  votez pour la plus bel_494087/tri")): Object: 'Object Repository/Page_Concours photo  votez pour la plus bel_494087/tri' is clicked on

2022-07-19 14:49:36 - [MESSAGE][PASSED] - Object: 'Object Repository/Page_Concours photo  votez pour la plus bel_494087/tri' is clicked on

2022-07-19 14:49:36 - [TEST_STEP][PASSED] - click(findTestObject("Page_Concours photo  votez pour la plus bel_494087/plus de votes")): Object: 'Object Repository/Page_Concours photo  votez pour la plus bel_494087/plus de votes' is clicked on

2022-07-19 14:49:37 - [MESSAGE][PASSED] - Object: 'Object Repository/Page_Concours photo  votez pour la plus bel_494087/plus de votes' is clicked on

2022-07-19 14:49:38 - [TEST_STEP][PASSED] - click(findTestObject("Object Repository/Page_Concours photo  votez pour la plus bel_494087/i_Votes_fa fa-heart")): Object: 'Object Repository/Page_Concours photo  votez pour la plus bel_494087/i_Votes_fa fa-heart' is clicked on

2022-07-19 14:49:39 - [MESSAGE][PASSED] - Object: 'Object Repository/Page_Concours photo  votez pour la plus bel_494087/i_Votes_fa fa-heart' is clicked on

2022-07-19 14:49:39 - [TEST_STEP][PASSED] - delay(1): Delayed 1 second(s)

2022-07-19 14:49:40 - [MESSAGE][PASSED] - Delayed 1 second(s)

2022-07-19 14:49:40 - [TEST_STEP][PASSED] - closeBrowser(): Browser is closed

2022-07-19 14:49:40 - [MESSAGE][PASSED] - Browser is closed]]></system-out>
         <system-err><![CDATA[]]></system-err>
      </testcase>
      <testcase name="Test Cases/Vote" time="24.703" classname="Test Cases/Vote" status="PASSED">
         <system-out><![CDATA[2022-07-19 14:49:40 - [TEST_CASE][PASSED] - Test Cases/Vote: Test Cases/Vote

2022-07-19 14:49:40 - [TEST_STEP][PASSED] - openBrowser(""): Browser is opened with url: ''

2022-07-19 14:49:40 - [MESSAGE][INFO] - Starting 'Chrome' driver

2022-07-19 14:49:40 - [MESSAGE][INFO] - Action delay is set to 0 milliseconds

2022-07-19 14:49:41 - [MESSAGE][PASSED] - Browser is opened with url: ''

2022-07-19 14:49:41 - [TEST_STEP][PASSED] - navigateToUrl("https://lesechosdutouquet.nordlittoral.fr/147787/article/2022-06-30/concours-photo-montrez-nous-la-plus-belle-photo-de-votre-chien-en-promenade-sur#l5lb6r47qsmp9ur58y"): Navigate to 'https://lesechosdutouquet.nordlittoral.fr/147787/article/2022-06-30/concours-photo-montrez-nous-la-plus-belle-photo-de-votre-chien-en-promenade-sur#l5lb6r47qsmp9ur58y' successfully

2022-07-19 14:49:44 - [MESSAGE][PASSED] - Navigate to 'https://lesechosdutouquet.nordlittoral.fr/147787/article/2022-06-30/concours-photo-montrez-nous-la-plus-belle-photo-de-votre-chien-en-promenade-sur#l5lb6r47qsmp9ur58y' successfully

2022-07-19 14:49:44 - [TEST_STEP][PASSED] - setViewPortSize(1920, 1080): Viewport is set to new size with width = 1920 and height = 1080

2022-07-19 14:49:44 - [MESSAGE][PASSED] - Viewport is set to new size with width = 1920 and height = 1080

2022-07-19 14:49:44 - [TEST_STEP][PASSED] - click(findTestObject("Object Repository/Page_Concours photo  votez pour la plus bel_494087/button_Accepter  Fermer")): Object: 'Object Repository/Page_Concours photo  votez pour la plus bel_494087/button_Accepter  Fermer' is clicked on

2022-07-19 14:49:45 - [MESSAGE][PASSED] - Object: 'Object Repository/Page_Concours photo  votez pour la plus bel_494087/button_Accepter  Fermer' is clicked on

2022-07-19 14:49:45 - [TEST_STEP][PASSED] - waitForElementVisible(findTestObject("Object Repository/Page_Concours photo  votez pour la plus bel_494087/a_X"), 15): Object 'Object Repository/Page_Concours photo  votez pour la plus bel_494087/a_X' is visible

2022-07-19 14:49:51 - [MESSAGE][PASSED] - Object 'Object Repository/Page_Concours photo  votez pour la plus bel_494087/a_X' is visible

2022-07-19 14:49:51 - [TEST_STEP][PASSED] - click(findTestObject("Object Repository/Page_Concours photo  votez pour la plus bel_494087/a_X")): Object: 'Object Repository/Page_Concours photo  votez pour la plus bel_494087/a_X' is clicked on

2022-07-19 14:49:52 - [MESSAGE][PASSED] - Object: 'Object Repository/Page_Concours photo  votez pour la plus bel_494087/a_X' is clicked on

2022-07-19 14:49:52 - [TEST_STEP][PASSED] - delay(1): Delayed 1 second(s)

2022-07-19 14:49:53 - [MESSAGE][PASSED] - Delayed 1 second(s)

2022-07-19 14:49:53 - [TEST_STEP][PASSED] - click(findTestObject("Object Repository/Page_Concours photo  votez pour la plus bel_494087/input_concat(Votez pour le plus beau chien de la cte d, , Opale )_jouer")): Object: 'Object Repository/Page_Concours photo  votez pour la plus bel_494087/input_concat(Votez pour le plus beau chien de la cte d, , Opale )_jouer' is clicked on

2022-07-19 14:49:54 - [MESSAGE][PASSED] - Object: 'Object Repository/Page_Concours photo  votez pour la plus bel_494087/input_concat(Votez pour le plus beau chien de la cte d, , Opale )_jouer' is clicked on

2022-07-19 14:49:54 - [TEST_STEP][PASSED] - if (verifyElementPresent(findTestObject("Page_Concours photo  votez pour la plus bel_494087/input_concat(Votez pour le plus beau chien de la cte d, , Opale )_jouer"), 1, OPTIONAL)): null

2022-07-19 14:49:55 - [MESSAGE][PASSED] - Object 'Object Repository/Page_Concours photo  votez pour la plus bel_494087/input_concat(Votez pour le plus beau chien de la cte d, , Opale )_jouer' is present

2022-07-19 14:49:55 - [TEST_STEP][PASSED] - click(findTestObject("Object Repository/Page_Concours photo  votez pour la plus bel_494087/input_concat(Votez pour le plus beau chien de la cte d, , Opale )_jouer")): Object: 'Object Repository/Page_Concours photo  votez pour la plus bel_494087/input_concat(Votez pour le plus beau chien de la cte d, , Opale )_jouer' is clicked on

2022-07-19 14:49:56 - [MESSAGE][PASSED] - Object: 'Object Repository/Page_Concours photo  votez pour la plus bel_494087/input_concat(Votez pour le plus beau chien de la cte d, , Opale )_jouer' is clicked on

2022-07-19 14:49:56 - [TEST_STEP][PASSED] - delay(1): Delayed 1 second(s)

2022-07-19 14:49:57 - [MESSAGE][PASSED] - Delayed 1 second(s)

2022-07-19 14:49:57 - [TEST_STEP][PASSED] - setText(findTestObject("Object Repository/Page_Concours photo  votez pour la plus bel_494087/input_trie par_keyword"), "Gaspard"): Text 'Gaspard' is set on object 'Object Repository/Page_Concours photo  votez pour la plus bel_494087/input_trie par_keyword'

2022-07-19 14:49:59 - [MESSAGE][PASSED] - Text 'Gaspard' is set on object 'Object Repository/Page_Concours photo  votez pour la plus bel_494087/input_trie par_keyword'

2022-07-19 14:49:59 - [TEST_STEP][PASSED] - sendKeys(findTestObject("Page_Concours photo  votez pour la plus bel_494087/input_trie par_keyword"), Keys.chord(ENTER)): Keys 'ENTER + ' sent to object: 'Object Repository/Page_Concours photo  votez pour la plus bel_494087/input_trie par_keyword'

2022-07-19 14:50:00 - [MESSAGE][PASSED] - Keys 'ENTER + ' sent to object: 'Object Repository/Page_Concours photo  votez pour la plus bel_494087/input_trie par_keyword'

2022-07-19 14:50:00 - [TEST_STEP][PASSED] - click(findTestObject("Page_Concours photo  votez pour la plus bel_494087/tri")): Object: 'Object Repository/Page_Concours photo  votez pour la plus bel_494087/tri' is clicked on

2022-07-19 14:50:01 - [MESSAGE][PASSED] - Object: 'Object Repository/Page_Concours photo  votez pour la plus bel_494087/tri' is clicked on

2022-07-19 14:50:01 - [TEST_STEP][PASSED] - click(findTestObject("Page_Concours photo  votez pour la plus bel_494087/plus de votes")): Object: 'Object Repository/Page_Concours photo  votez pour la plus bel_494087/plus de votes' is clicked on

2022-07-19 14:50:01 - [MESSAGE][PASSED] - Object: 'Object Repository/Page_Concours photo  votez pour la plus bel_494087/plus de votes' is clicked on

2022-07-19 14:50:03 - [TEST_STEP][PASSED] - click(findTestObject("Object Repository/Page_Concours photo  votez pour la plus bel_494087/i_Votes_fa fa-heart")): Object: 'Object Repository/Page_Concours photo  votez pour la plus bel_494087/i_Votes_fa fa-heart' is clicked on

2022-07-19 14:50:03 - [MESSAGE][PASSED] - Object: 'Object Repository/Page_Concours photo  votez pour la plus bel_494087/i_Votes_fa fa-heart' is clicked on

2022-07-19 14:50:03 - [TEST_STEP][PASSED] - delay(1): Delayed 1 second(s)

2022-07-19 14:50:04 - [MESSAGE][PASSED] - Delayed 1 second(s)

2022-07-19 14:50:04 - [TEST_STEP][PASSED] - closeBrowser(): Browser is closed

2022-07-19 14:50:05 - [MESSAGE][PASSED] - Browser is closed]]></system-out>
         <system-err><![CDATA[]]></system-err>
      </testcase>
      <testcase name="Test Cases/Vote" time="25.803" classname="Test Cases/Vote" status="PASSED">
         <system-out><![CDATA[2022-07-19 14:50:05 - [TEST_CASE][PASSED] - Test Cases/Vote: Test Cases/Vote

2022-07-19 14:50:05 - [TEST_STEP][PASSED] - openBrowser(""): Browser is opened with url: ''

2022-07-19 14:50:05 - [MESSAGE][INFO] - Starting 'Chrome' driver

2022-07-19 14:50:05 - [MESSAGE][INFO] - Action delay is set to 0 milliseconds

2022-07-19 14:50:06 - [MESSAGE][PASSED] - Browser is opened with url: ''

2022-07-19 14:50:06 - [TEST_STEP][PASSED] - navigateToUrl("https://lesechosdutouquet.nordlittoral.fr/147787/article/2022-06-30/concours-photo-montrez-nous-la-plus-belle-photo-de-votre-chien-en-promenade-sur#l5lb6r47qsmp9ur58y"): Navigate to 'https://lesechosdutouquet.nordlittoral.fr/147787/article/2022-06-30/concours-photo-montrez-nous-la-plus-belle-photo-de-votre-chien-en-promenade-sur#l5lb6r47qsmp9ur58y' successfully

2022-07-19 14:50:09 - [MESSAGE][PASSED] - Navigate to 'https://lesechosdutouquet.nordlittoral.fr/147787/article/2022-06-30/concours-photo-montrez-nous-la-plus-belle-photo-de-votre-chien-en-promenade-sur#l5lb6r47qsmp9ur58y' successfully

2022-07-19 14:50:09 - [TEST_STEP][PASSED] - setViewPortSize(1920, 1080): Viewport is set to new size with width = 1920 and height = 1080

2022-07-19 14:50:09 - [MESSAGE][PASSED] - Viewport is set to new size with width = 1920 and height = 1080

2022-07-19 14:50:09 - [TEST_STEP][PASSED] - click(findTestObject("Object Repository/Page_Concours photo  votez pour la plus bel_494087/button_Accepter  Fermer")): Object: 'Object Repository/Page_Concours photo  votez pour la plus bel_494087/button_Accepter  Fermer' is clicked on

2022-07-19 14:50:10 - [MESSAGE][PASSED] - Object: 'Object Repository/Page_Concours photo  votez pour la plus bel_494087/button_Accepter  Fermer' is clicked on

2022-07-19 14:50:10 - [TEST_STEP][PASSED] - waitForElementVisible(findTestObject("Object Repository/Page_Concours photo  votez pour la plus bel_494087/a_X"), 15): Object 'Object Repository/Page_Concours photo  votez pour la plus bel_494087/a_X' is visible

2022-07-19 14:50:17 - [MESSAGE][PASSED] - Object 'Object Repository/Page_Concours photo  votez pour la plus bel_494087/a_X' is visible

2022-07-19 14:50:17 - [TEST_STEP][PASSED] - click(findTestObject("Object Repository/Page_Concours photo  votez pour la plus bel_494087/a_X")): Object: 'Object Repository/Page_Concours photo  votez pour la plus bel_494087/a_X' is clicked on

2022-07-19 14:50:18 - [MESSAGE][PASSED] - Object: 'Object Repository/Page_Concours photo  votez pour la plus bel_494087/a_X' is clicked on

2022-07-19 14:50:18 - [TEST_STEP][PASSED] - delay(1): Delayed 1 second(s)

2022-07-19 14:50:19 - [MESSAGE][PASSED] - Delayed 1 second(s)

2022-07-19 14:50:19 - [TEST_STEP][PASSED] - click(findTestObject("Object Repository/Page_Concours photo  votez pour la plus bel_494087/input_concat(Votez pour le plus beau chien de la cte d, , Opale )_jouer")): Object: 'Object Repository/Page_Concours photo  votez pour la plus bel_494087/input_concat(Votez pour le plus beau chien de la cte d, , Opale )_jouer' is clicked on

2022-07-19 14:50:20 - [MESSAGE][PASSED] - Object: 'Object Repository/Page_Concours photo  votez pour la plus bel_494087/input_concat(Votez pour le plus beau chien de la cte d, , Opale )_jouer' is clicked on

2022-07-19 14:50:20 - [TEST_STEP][PASSED] - if (verifyElementPresent(findTestObject("Page_Concours photo  votez pour la plus bel_494087/input_concat(Votez pour le plus beau chien de la cte d, , Opale )_jouer"), 1, OPTIONAL)): null

2022-07-19 14:50:21 - [MESSAGE][PASSED] - Object 'Object Repository/Page_Concours photo  votez pour la plus bel_494087/input_concat(Votez pour le plus beau chien de la cte d, , Opale )_jouer' is present

2022-07-19 14:50:21 - [TEST_STEP][PASSED] - click(findTestObject("Object Repository/Page_Concours photo  votez pour la plus bel_494087/input_concat(Votez pour le plus beau chien de la cte d, , Opale )_jouer")): Object: 'Object Repository/Page_Concours photo  votez pour la plus bel_494087/input_concat(Votez pour le plus beau chien de la cte d, , Opale )_jouer' is clicked on

2022-07-19 14:50:21 - [MESSAGE][PASSED] - Object: 'Object Repository/Page_Concours photo  votez pour la plus bel_494087/input_concat(Votez pour le plus beau chien de la cte d, , Opale )_jouer' is clicked on

2022-07-19 14:50:21 - [TEST_STEP][PASSED] - delay(1): Delayed 1 second(s)

2022-07-19 14:50:23 - [MESSAGE][PASSED] - Delayed 1 second(s)

2022-07-19 14:50:23 - [TEST_STEP][PASSED] - setText(findTestObject("Object Repository/Page_Concours photo  votez pour la plus bel_494087/input_trie par_keyword"), "Gaspard"): Text 'Gaspard' is set on object 'Object Repository/Page_Concours photo  votez pour la plus bel_494087/input_trie par_keyword'

2022-07-19 14:50:24 - [MESSAGE][PASSED] - Text 'Gaspard' is set on object 'Object Repository/Page_Concours photo  votez pour la plus bel_494087/input_trie par_keyword'

2022-07-19 14:50:24 - [TEST_STEP][PASSED] - sendKeys(findTestObject("Page_Concours photo  votez pour la plus bel_494087/input_trie par_keyword"), Keys.chord(ENTER)): Keys 'ENTER + ' sent to object: 'Object Repository/Page_Concours photo  votez pour la plus bel_494087/input_trie par_keyword'

2022-07-19 14:50:26 - [MESSAGE][PASSED] - Keys 'ENTER + ' sent to object: 'Object Repository/Page_Concours photo  votez pour la plus bel_494087/input_trie par_keyword'

2022-07-19 14:50:26 - [TEST_STEP][PASSED] - click(findTestObject("Page_Concours photo  votez pour la plus bel_494087/tri")): Object: 'Object Repository/Page_Concours photo  votez pour la plus bel_494087/tri' is clicked on

2022-07-19 14:50:26 - [MESSAGE][PASSED] - Object: 'Object Repository/Page_Concours photo  votez pour la plus bel_494087/tri' is clicked on

2022-07-19 14:50:26 - [TEST_STEP][PASSED] - click(findTestObject("Page_Concours photo  votez pour la plus bel_494087/plus de votes")): Object: 'Object Repository/Page_Concours photo  votez pour la plus bel_494087/plus de votes' is clicked on

2022-07-19 14:50:27 - [MESSAGE][PASSED] - Object: 'Object Repository/Page_Concours photo  votez pour la plus bel_494087/plus de votes' is clicked on

2022-07-19 14:50:28 - [TEST_STEP][PASSED] - click(findTestObject("Object Repository/Page_Concours photo  votez pour la plus bel_494087/i_Votes_fa fa-heart")): Object: 'Object Repository/Page_Concours photo  votez pour la plus bel_494087/i_Votes_fa fa-heart' is clicked on

2022-07-19 14:50:29 - [MESSAGE][PASSED] - Object: 'Object Repository/Page_Concours photo  votez pour la plus bel_494087/i_Votes_fa fa-heart' is clicked on

2022-07-19 14:50:29 - [TEST_STEP][PASSED] - delay(1): Delayed 1 second(s)

2022-07-19 14:50:30 - [MESSAGE][PASSED] - Delayed 1 second(s)

2022-07-19 14:50:30 - [TEST_STEP][PASSED] - closeBrowser(): Browser is closed

2022-07-19 14:50:30 - [MESSAGE][PASSED] - Browser is closed]]></system-out>
         <system-err><![CDATA[]]></system-err>
      </testcase>
      <testcase name="Test Cases/Vote" time="26.539" classname="Test Cases/Vote" status="PASSED">
         <system-out><![CDATA[2022-07-19 14:50:30 - [TEST_CASE][PASSED] - Test Cases/Vote: Test Cases/Vote

2022-07-19 14:50:30 - [TEST_STEP][PASSED] - openBrowser(""): Browser is opened with url: ''

2022-07-19 14:50:30 - [MESSAGE][INFO] - Starting 'Chrome' driver

2022-07-19 14:50:30 - [MESSAGE][INFO] - Action delay is set to 0 milliseconds

2022-07-19 14:50:32 - [MESSAGE][PASSED] - Browser is opened with url: ''

2022-07-19 14:50:32 - [TEST_STEP][PASSED] - navigateToUrl("https://lesechosdutouquet.nordlittoral.fr/147787/article/2022-06-30/concours-photo-montrez-nous-la-plus-belle-photo-de-votre-chien-en-promenade-sur#l5lb6r47qsmp9ur58y"): Navigate to 'https://lesechosdutouquet.nordlittoral.fr/147787/article/2022-06-30/concours-photo-montrez-nous-la-plus-belle-photo-de-votre-chien-en-promenade-sur#l5lb6r47qsmp9ur58y' successfully

2022-07-19 14:50:34 - [MESSAGE][PASSED] - Navigate to 'https://lesechosdutouquet.nordlittoral.fr/147787/article/2022-06-30/concours-photo-montrez-nous-la-plus-belle-photo-de-votre-chien-en-promenade-sur#l5lb6r47qsmp9ur58y' successfully

2022-07-19 14:50:34 - [TEST_STEP][PASSED] - setViewPortSize(1920, 1080): Viewport is set to new size with width = 1920 and height = 1080

2022-07-19 14:50:35 - [MESSAGE][PASSED] - Viewport is set to new size with width = 1920 and height = 1080

2022-07-19 14:50:35 - [TEST_STEP][PASSED] - click(findTestObject("Object Repository/Page_Concours photo  votez pour la plus bel_494087/button_Accepter  Fermer")): Object: 'Object Repository/Page_Concours photo  votez pour la plus bel_494087/button_Accepter  Fermer' is clicked on

2022-07-19 14:50:36 - [MESSAGE][PASSED] - Object: 'Object Repository/Page_Concours photo  votez pour la plus bel_494087/button_Accepter  Fermer' is clicked on

2022-07-19 14:50:36 - [TEST_STEP][PASSED] - waitForElementVisible(findTestObject("Object Repository/Page_Concours photo  votez pour la plus bel_494087/a_X"), 15): Object 'Object Repository/Page_Concours photo  votez pour la plus bel_494087/a_X' is visible

2022-07-19 14:50:42 - [MESSAGE][PASSED] - Object 'Object Repository/Page_Concours photo  votez pour la plus bel_494087/a_X' is visible

2022-07-19 14:50:42 - [TEST_STEP][PASSED] - click(findTestObject("Object Repository/Page_Concours photo  votez pour la plus bel_494087/a_X")): Object: 'Object Repository/Page_Concours photo  votez pour la plus bel_494087/a_X' is clicked on

2022-07-19 14:50:42 - [MESSAGE][PASSED] - Object: 'Object Repository/Page_Concours photo  votez pour la plus bel_494087/a_X' is clicked on

2022-07-19 14:50:42 - [TEST_STEP][PASSED] - delay(1): Delayed 1 second(s)

2022-07-19 14:50:43 - [MESSAGE][PASSED] - Delayed 1 second(s)

2022-07-19 14:50:43 - [TEST_STEP][PASSED] - click(findTestObject("Object Repository/Page_Concours photo  votez pour la plus bel_494087/input_concat(Votez pour le plus beau chien de la cte d, , Opale )_jouer")): Object: 'Object Repository/Page_Concours photo  votez pour la plus bel_494087/input_concat(Votez pour le plus beau chien de la cte d, , Opale )_jouer' is clicked on

2022-07-19 14:50:44 - [MESSAGE][PASSED] - Object: 'Object Repository/Page_Concours photo  votez pour la plus bel_494087/input_concat(Votez pour le plus beau chien de la cte d, , Opale )_jouer' is clicked on

2022-07-19 14:50:44 - [TEST_STEP][PASSED] - if (verifyElementPresent(findTestObject("Page_Concours photo  votez pour la plus bel_494087/input_concat(Votez pour le plus beau chien de la cte d, , Opale )_jouer"), 1, OPTIONAL)): null

2022-07-19 14:50:45 - [MESSAGE][PASSED] - Object 'Object Repository/Page_Concours photo  votez pour la plus bel_494087/input_concat(Votez pour le plus beau chien de la cte d, , Opale )_jouer' is present

2022-07-19 14:50:45 - [TEST_STEP][PASSED] - click(findTestObject("Object Repository/Page_Concours photo  votez pour la plus bel_494087/input_concat(Votez pour le plus beau chien de la cte d, , Opale )_jouer")): Object: 'Object Repository/Page_Concours photo  votez pour la plus bel_494087/input_concat(Votez pour le plus beau chien de la cte d, , Opale )_jouer' is clicked on

2022-07-19 14:50:46 - [MESSAGE][PASSED] - Object: 'Object Repository/Page_Concours photo  votez pour la plus bel_494087/input_concat(Votez pour le plus beau chien de la cte d, , Opale )_jouer' is clicked on

2022-07-19 14:50:46 - [TEST_STEP][PASSED] - delay(1): Delayed 1 second(s)

2022-07-19 14:50:47 - [MESSAGE][PASSED] - Delayed 1 second(s)

2022-07-19 14:50:47 - [TEST_STEP][PASSED] - setText(findTestObject("Object Repository/Page_Concours photo  votez pour la plus bel_494087/input_trie par_keyword"), "Gaspard"): Text 'Gaspard' is set on object 'Object Repository/Page_Concours photo  votez pour la plus bel_494087/input_trie par_keyword'

2022-07-19 14:50:49 - [MESSAGE][PASSED] - Text 'Gaspard' is set on object 'Object Repository/Page_Concours photo  votez pour la plus bel_494087/input_trie par_keyword'

2022-07-19 14:50:49 - [TEST_STEP][PASSED] - sendKeys(findTestObject("Page_Concours photo  votez pour la plus bel_494087/input_trie par_keyword"), Keys.chord(ENTER)): Keys 'ENTER + ' sent to object: 'Object Repository/Page_Concours photo  votez pour la plus bel_494087/input_trie par_keyword'

2022-07-19 14:50:50 - [MESSAGE][PASSED] - Keys 'ENTER + ' sent to object: 'Object Repository/Page_Concours photo  votez pour la plus bel_494087/input_trie par_keyword'

2022-07-19 14:50:50 - [TEST_STEP][PASSED] - click(findTestObject("Page_Concours photo  votez pour la plus bel_494087/tri")): Object: 'Object Repository/Page_Concours photo  votez pour la plus bel_494087/tri' is clicked on

2022-07-19 14:50:51 - [MESSAGE][PASSED] - Object: 'Object Repository/Page_Concours photo  votez pour la plus bel_494087/tri' is clicked on

2022-07-19 14:50:51 - [TEST_STEP][PASSED] - click(findTestObject("Page_Concours photo  votez pour la plus bel_494087/plus de votes")): Object: 'Object Repository/Page_Concours photo  votez pour la plus bel_494087/plus de votes' is clicked on

2022-07-19 14:50:51 - [MESSAGE][PASSED] - Object: 'Object Repository/Page_Concours photo  votez pour la plus bel_494087/plus de votes' is clicked on

2022-07-19 14:50:53 - [TEST_STEP][PASSED] - click(findTestObject("Object Repository/Page_Concours photo  votez pour la plus bel_494087/i_Votes_fa fa-heart")): Object: 'Object Repository/Page_Concours photo  votez pour la plus bel_494087/i_Votes_fa fa-heart' is clicked on

2022-07-19 14:50:55 - [MESSAGE][PASSED] - Object: 'Object Repository/Page_Concours photo  votez pour la plus bel_494087/i_Votes_fa fa-heart' is clicked on

2022-07-19 14:50:55 - [TEST_STEP][PASSED] - delay(1): Delayed 1 second(s)

2022-07-19 14:50:56 - [MESSAGE][PASSED] - Delayed 1 second(s)

2022-07-19 14:50:56 - [TEST_STEP][PASSED] - closeBrowser(): Browser is closed

2022-07-19 14:50:57 - [MESSAGE][PASSED] - Browser is closed]]></system-out>
         <system-err><![CDATA[]]></system-err>
      </testcase>
      <testcase name="Test Cases/Vote" time="24.993" classname="Test Cases/Vote" status="PASSED">
         <system-out><![CDATA[2022-07-19 14:50:57 - [TEST_CASE][PASSED] - Test Cases/Vote: Test Cases/Vote

2022-07-19 14:50:57 - [TEST_STEP][PASSED] - openBrowser(""): Browser is opened with url: ''

2022-07-19 14:50:57 - [MESSAGE][INFO] - Starting 'Chrome' driver

2022-07-19 14:50:57 - [MESSAGE][INFO] - Action delay is set to 0 milliseconds

2022-07-19 14:50:58 - [MESSAGE][PASSED] - Browser is opened with url: ''

2022-07-19 14:50:58 - [TEST_STEP][PASSED] - navigateToUrl("https://lesechosdutouquet.nordlittoral.fr/147787/article/2022-06-30/concours-photo-montrez-nous-la-plus-belle-photo-de-votre-chien-en-promenade-sur#l5lb6r47qsmp9ur58y"): Navigate to 'https://lesechosdutouquet.nordlittoral.fr/147787/article/2022-06-30/concours-photo-montrez-nous-la-plus-belle-photo-de-votre-chien-en-promenade-sur#l5lb6r47qsmp9ur58y' successfully

2022-07-19 14:51:01 - [MESSAGE][PASSED] - Navigate to 'https://lesechosdutouquet.nordlittoral.fr/147787/article/2022-06-30/concours-photo-montrez-nous-la-plus-belle-photo-de-votre-chien-en-promenade-sur#l5lb6r47qsmp9ur58y' successfully

2022-07-19 14:51:01 - [TEST_STEP][PASSED] - setViewPortSize(1920, 1080): Viewport is set to new size with width = 1920 and height = 1080

2022-07-19 14:51:02 - [MESSAGE][PASSED] - Viewport is set to new size with width = 1920 and height = 1080

2022-07-19 14:51:02 - [TEST_STEP][PASSED] - click(findTestObject("Object Repository/Page_Concours photo  votez pour la plus bel_494087/button_Accepter  Fermer")): Object: 'Object Repository/Page_Concours photo  votez pour la plus bel_494087/button_Accepter  Fermer' is clicked on

2022-07-19 14:51:03 - [MESSAGE][PASSED] - Object: 'Object Repository/Page_Concours photo  votez pour la plus bel_494087/button_Accepter  Fermer' is clicked on

2022-07-19 14:51:03 - [TEST_STEP][PASSED] - waitForElementVisible(findTestObject("Object Repository/Page_Concours photo  votez pour la plus bel_494087/a_X"), 15): Object 'Object Repository/Page_Concours photo  votez pour la plus bel_494087/a_X' is visible

2022-07-19 14:51:09 - [MESSAGE][PASSED] - Object 'Object Repository/Page_Concours photo  votez pour la plus bel_494087/a_X' is visible

2022-07-19 14:51:09 - [TEST_STEP][PASSED] - click(findTestObject("Object Repository/Page_Concours photo  votez pour la plus bel_494087/a_X")): Object: 'Object Repository/Page_Concours photo  votez pour la plus bel_494087/a_X' is clicked on

2022-07-19 14:51:09 - [MESSAGE][PASSED] - Object: 'Object Repository/Page_Concours photo  votez pour la plus bel_494087/a_X' is clicked on

2022-07-19 14:51:09 - [TEST_STEP][PASSED] - delay(1): Delayed 1 second(s)

2022-07-19 14:51:10 - [MESSAGE][PASSED] - Delayed 1 second(s)

2022-07-19 14:51:10 - [TEST_STEP][PASSED] - click(findTestObject("Object Repository/Page_Concours photo  votez pour la plus bel_494087/input_concat(Votez pour le plus beau chien de la cte d, , Opale )_jouer")): Object: 'Object Repository/Page_Concours photo  votez pour la plus bel_494087/input_concat(Votez pour le plus beau chien de la cte d, , Opale )_jouer' is clicked on

2022-07-19 14:51:11 - [MESSAGE][PASSED] - Object: 'Object Repository/Page_Concours photo  votez pour la plus bel_494087/input_concat(Votez pour le plus beau chien de la cte d, , Opale )_jouer' is clicked on

2022-07-19 14:51:12 - [TEST_STEP][PASSED] - if (verifyElementPresent(findTestObject("Page_Concours photo  votez pour la plus bel_494087/input_concat(Votez pour le plus beau chien de la cte d, , Opale )_jouer"), 1, OPTIONAL)): null

2022-07-19 14:51:12 - [MESSAGE][PASSED] - Object 'Object Repository/Page_Concours photo  votez pour la plus bel_494087/input_concat(Votez pour le plus beau chien de la cte d, , Opale )_jouer' is present

2022-07-19 14:51:12 - [TEST_STEP][PASSED] - click(findTestObject("Object Repository/Page_Concours photo  votez pour la plus bel_494087/input_concat(Votez pour le plus beau chien de la cte d, , Opale )_jouer")): Object: 'Object Repository/Page_Concours photo  votez pour la plus bel_494087/input_concat(Votez pour le plus beau chien de la cte d, , Opale )_jouer' is clicked on

2022-07-19 14:51:13 - [MESSAGE][PASSED] - Object: 'Object Repository/Page_Concours photo  votez pour la plus bel_494087/input_concat(Votez pour le plus beau chien de la cte d, , Opale )_jouer' is clicked on

2022-07-19 14:51:13 - [TEST_STEP][PASSED] - delay(1): Delayed 1 second(s)

2022-07-19 14:51:14 - [MESSAGE][PASSED] - Delayed 1 second(s)

2022-07-19 14:51:14 - [TEST_STEP][PASSED] - setText(findTestObject("Object Repository/Page_Concours photo  votez pour la plus bel_494087/input_trie par_keyword"), "Gaspard"): Text 'Gaspard' is set on object 'Object Repository/Page_Concours photo  votez pour la plus bel_494087/input_trie par_keyword'

2022-07-19 14:51:16 - [MESSAGE][PASSED] - Text 'Gaspard' is set on object 'Object Repository/Page_Concours photo  votez pour la plus bel_494087/input_trie par_keyword'

2022-07-19 14:51:16 - [TEST_STEP][PASSED] - sendKeys(findTestObject("Page_Concours photo  votez pour la plus bel_494087/input_trie par_keyword"), Keys.chord(ENTER)): Keys 'ENTER + ' sent to object: 'Object Repository/Page_Concours photo  votez pour la plus bel_494087/input_trie par_keyword'

2022-07-19 14:51:18 - [MESSAGE][PASSED] - Keys 'ENTER + ' sent to object: 'Object Repository/Page_Concours photo  votez pour la plus bel_494087/input_trie par_keyword'

2022-07-19 14:51:18 - [TEST_STEP][PASSED] - click(findTestObject("Page_Concours photo  votez pour la plus bel_494087/tri")): Object: 'Object Repository/Page_Concours photo  votez pour la plus bel_494087/tri' is clicked on

2022-07-19 14:51:18 - [MESSAGE][PASSED] - Object: 'Object Repository/Page_Concours photo  votez pour la plus bel_494087/tri' is clicked on

2022-07-19 14:51:18 - [TEST_STEP][PASSED] - click(findTestObject("Page_Concours photo  votez pour la plus bel_494087/plus de votes")): Object: 'Object Repository/Page_Concours photo  votez pour la plus bel_494087/plus de votes' is clicked on

2022-07-19 14:51:19 - [MESSAGE][PASSED] - Object: 'Object Repository/Page_Concours photo  votez pour la plus bel_494087/plus de votes' is clicked on

2022-07-19 14:51:20 - [TEST_STEP][PASSED] - click(findTestObject("Object Repository/Page_Concours photo  votez pour la plus bel_494087/i_Votes_fa fa-heart")): Object: 'Object Repository/Page_Concours photo  votez pour la plus bel_494087/i_Votes_fa fa-heart' is clicked on

2022-07-19 14:51:21 - [MESSAGE][PASSED] - Object: 'Object Repository/Page_Concours photo  votez pour la plus bel_494087/i_Votes_fa fa-heart' is clicked on

2022-07-19 14:51:21 - [TEST_STEP][PASSED] - delay(1): Delayed 1 second(s)

2022-07-19 14:51:22 - [MESSAGE][PASSED] - Delayed 1 second(s)

2022-07-19 14:51:22 - [TEST_STEP][PASSED] - closeBrowser(): Browser is closed

2022-07-19 14:51:22 - [MESSAGE][PASSED] - Browser is closed]]></system-out>
         <system-err><![CDATA[]]></system-err>
      </testcase>
      <testcase name="Test Cases/Vote" time="26.72" classname="Test Cases/Vote" status="PASSED">
         <system-out><![CDATA[2022-07-19 14:51:22 - [TEST_CASE][PASSED] - Test Cases/Vote: Test Cases/Vote

2022-07-19 14:51:22 - [TEST_STEP][PASSED] - openBrowser(""): Browser is opened with url: ''

2022-07-19 14:51:22 - [MESSAGE][INFO] - Starting 'Chrome' driver

2022-07-19 14:51:22 - [MESSAGE][INFO] - Action delay is set to 0 milliseconds

2022-07-19 14:51:23 - [MESSAGE][PASSED] - Browser is opened with url: ''

2022-07-19 14:51:23 - [TEST_STEP][PASSED] - navigateToUrl("https://lesechosdutouquet.nordlittoral.fr/147787/article/2022-06-30/concours-photo-montrez-nous-la-plus-belle-photo-de-votre-chien-en-promenade-sur#l5lb6r47qsmp9ur58y"): Navigate to 'https://lesechosdutouquet.nordlittoral.fr/147787/article/2022-06-30/concours-photo-montrez-nous-la-plus-belle-photo-de-votre-chien-en-promenade-sur#l5lb6r47qsmp9ur58y' successfully

2022-07-19 14:51:26 - [MESSAGE][PASSED] - Navigate to 'https://lesechosdutouquet.nordlittoral.fr/147787/article/2022-06-30/concours-photo-montrez-nous-la-plus-belle-photo-de-votre-chien-en-promenade-sur#l5lb6r47qsmp9ur58y' successfully

2022-07-19 14:51:26 - [TEST_STEP][PASSED] - setViewPortSize(1920, 1080): Viewport is set to new size with width = 1920 and height = 1080

2022-07-19 14:51:26 - [MESSAGE][PASSED] - Viewport is set to new size with width = 1920 and height = 1080

2022-07-19 14:51:26 - [TEST_STEP][PASSED] - click(findTestObject("Object Repository/Page_Concours photo  votez pour la plus bel_494087/button_Accepter  Fermer")): Object: 'Object Repository/Page_Concours photo  votez pour la plus bel_494087/button_Accepter  Fermer' is clicked on

2022-07-19 14:51:28 - [MESSAGE][PASSED] - Object: 'Object Repository/Page_Concours photo  votez pour la plus bel_494087/button_Accepter  Fermer' is clicked on

2022-07-19 14:51:28 - [TEST_STEP][PASSED] - waitForElementVisible(findTestObject("Object Repository/Page_Concours photo  votez pour la plus bel_494087/a_X"), 15): Object 'Object Repository/Page_Concours photo  votez pour la plus bel_494087/a_X' is visible

2022-07-19 14:51:35 - [MESSAGE][PASSED] - Object 'Object Repository/Page_Concours photo  votez pour la plus bel_494087/a_X' is visible

2022-07-19 14:51:35 - [TEST_STEP][PASSED] - click(findTestObject("Object Repository/Page_Concours photo  votez pour la plus bel_494087/a_X")): Object: 'Object Repository/Page_Concours photo  votez pour la plus bel_494087/a_X' is clicked on

2022-07-19 14:51:35 - [MESSAGE][PASSED] - Object: 'Object Repository/Page_Concours photo  votez pour la plus bel_494087/a_X' is clicked on

2022-07-19 14:51:35 - [TEST_STEP][PASSED] - delay(1): Delayed 1 second(s)

2022-07-19 14:51:36 - [MESSAGE][PASSED] - Delayed 1 second(s)

2022-07-19 14:51:36 - [TEST_STEP][PASSED] - click(findTestObject("Object Repository/Page_Concours photo  votez pour la plus bel_494087/input_concat(Votez pour le plus beau chien de la cte d, , Opale )_jouer")): Object: 'Object Repository/Page_Concours photo  votez pour la plus bel_494087/input_concat(Votez pour le plus beau chien de la cte d, , Opale )_jouer' is clicked on

2022-07-19 14:51:37 - [MESSAGE][PASSED] - Object: 'Object Repository/Page_Concours photo  votez pour la plus bel_494087/input_concat(Votez pour le plus beau chien de la cte d, , Opale )_jouer' is clicked on

2022-07-19 14:51:38 - [TEST_STEP][PASSED] - if (verifyElementPresent(findTestObject("Page_Concours photo  votez pour la plus bel_494087/input_concat(Votez pour le plus beau chien de la cte d, , Opale )_jouer"), 1, OPTIONAL)): null

2022-07-19 14:51:39 - [MESSAGE][PASSED] - Object 'Object Repository/Page_Concours photo  votez pour la plus bel_494087/input_concat(Votez pour le plus beau chien de la cte d, , Opale )_jouer' is present

2022-07-19 14:51:39 - [TEST_STEP][PASSED] - click(findTestObject("Object Repository/Page_Concours photo  votez pour la plus bel_494087/input_concat(Votez pour le plus beau chien de la cte d, , Opale )_jouer")): Object: 'Object Repository/Page_Concours photo  votez pour la plus bel_494087/input_concat(Votez pour le plus beau chien de la cte d, , Opale )_jouer' is clicked on

2022-07-19 14:51:39 - [MESSAGE][PASSED] - Object: 'Object Repository/Page_Concours photo  votez pour la plus bel_494087/input_concat(Votez pour le plus beau chien de la cte d, , Opale )_jouer' is clicked on

2022-07-19 14:51:39 - [TEST_STEP][PASSED] - delay(1): Delayed 1 second(s)

2022-07-19 14:51:40 - [MESSAGE][PASSED] - Delayed 1 second(s)

2022-07-19 14:51:40 - [TEST_STEP][PASSED] - setText(findTestObject("Object Repository/Page_Concours photo  votez pour la plus bel_494087/input_trie par_keyword"), "Gaspard"): Text 'Gaspard' is set on object 'Object Repository/Page_Concours photo  votez pour la plus bel_494087/input_trie par_keyword'

2022-07-19 14:51:42 - [MESSAGE][PASSED] - Text 'Gaspard' is set on object 'Object Repository/Page_Concours photo  votez pour la plus bel_494087/input_trie par_keyword'

2022-07-19 14:51:42 - [TEST_STEP][PASSED] - sendKeys(findTestObject("Page_Concours photo  votez pour la plus bel_494087/input_trie par_keyword"), Keys.chord(ENTER)): Keys 'ENTER + ' sent to object: 'Object Repository/Page_Concours photo  votez pour la plus bel_494087/input_trie par_keyword'

2022-07-19 14:51:44 - [MESSAGE][PASSED] - Keys 'ENTER + ' sent to object: 'Object Repository/Page_Concours photo  votez pour la plus bel_494087/input_trie par_keyword'

2022-07-19 14:51:44 - [TEST_STEP][PASSED] - click(findTestObject("Page_Concours photo  votez pour la plus bel_494087/tri")): Object: 'Object Repository/Page_Concours photo  votez pour la plus bel_494087/tri' is clicked on

2022-07-19 14:51:44 - [MESSAGE][PASSED] - Object: 'Object Repository/Page_Concours photo  votez pour la plus bel_494087/tri' is clicked on

2022-07-19 14:51:44 - [TEST_STEP][PASSED] - click(findTestObject("Page_Concours photo  votez pour la plus bel_494087/plus de votes")): Object: 'Object Repository/Page_Concours photo  votez pour la plus bel_494087/plus de votes' is clicked on

2022-07-19 14:51:45 - [MESSAGE][PASSED] - Object: 'Object Repository/Page_Concours photo  votez pour la plus bel_494087/plus de votes' is clicked on

2022-07-19 14:51:47 - [TEST_STEP][PASSED] - click(findTestObject("Object Repository/Page_Concours photo  votez pour la plus bel_494087/i_Votes_fa fa-heart")): Object: 'Object Repository/Page_Concours photo  votez pour la plus bel_494087/i_Votes_fa fa-heart' is clicked on

2022-07-19 14:51:47 - [MESSAGE][PASSED] - Object: 'Object Repository/Page_Concours photo  votez pour la plus bel_494087/i_Votes_fa fa-heart' is clicked on

2022-07-19 14:51:47 - [TEST_STEP][PASSED] - delay(1): Delayed 1 second(s)

2022-07-19 14:51:48 - [MESSAGE][PASSED] - Delayed 1 second(s)

2022-07-19 14:51:48 - [TEST_STEP][PASSED] - closeBrowser(): Browser is closed

2022-07-19 14:51:49 - [MESSAGE][PASSED] - Browser is closed]]></system-out>
         <system-err><![CDATA[]]></system-err>
      </testcase>
      <testcase name="Test Cases/Vote" time="24.566" classname="Test Cases/Vote" status="PASSED">
         <system-out><![CDATA[2022-07-19 14:51:49 - [TEST_CASE][PASSED] - Test Cases/Vote: Test Cases/Vote

2022-07-19 14:51:49 - [TEST_STEP][PASSED] - openBrowser(""): Browser is opened with url: ''

2022-07-19 14:51:49 - [MESSAGE][INFO] - Starting 'Chrome' driver

2022-07-19 14:51:49 - [MESSAGE][INFO] - Action delay is set to 0 milliseconds

2022-07-19 14:51:50 - [MESSAGE][PASSED] - Browser is opened with url: ''

2022-07-19 14:51:50 - [TEST_STEP][PASSED] - navigateToUrl("https://lesechosdutouquet.nordlittoral.fr/147787/article/2022-06-30/concours-photo-montrez-nous-la-plus-belle-photo-de-votre-chien-en-promenade-sur#l5lb6r47qsmp9ur58y"): Navigate to 'https://lesechosdutouquet.nordlittoral.fr/147787/article/2022-06-30/concours-photo-montrez-nous-la-plus-belle-photo-de-votre-chien-en-promenade-sur#l5lb6r47qsmp9ur58y' successfully

2022-07-19 14:51:53 - [MESSAGE][PASSED] - Navigate to 'https://lesechosdutouquet.nordlittoral.fr/147787/article/2022-06-30/concours-photo-montrez-nous-la-plus-belle-photo-de-votre-chien-en-promenade-sur#l5lb6r47qsmp9ur58y' successfully

2022-07-19 14:51:53 - [TEST_STEP][PASSED] - setViewPortSize(1920, 1080): Viewport is set to new size with width = 1920 and height = 1080

2022-07-19 14:51:53 - [MESSAGE][PASSED] - Viewport is set to new size with width = 1920 and height = 1080

2022-07-19 14:51:53 - [TEST_STEP][PASSED] - click(findTestObject("Object Repository/Page_Concours photo  votez pour la plus bel_494087/button_Accepter  Fermer")): Object: 'Object Repository/Page_Concours photo  votez pour la plus bel_494087/button_Accepter  Fermer' is clicked on

2022-07-19 14:51:54 - [MESSAGE][PASSED] - Object: 'Object Repository/Page_Concours photo  votez pour la plus bel_494087/button_Accepter  Fermer' is clicked on

2022-07-19 14:51:54 - [TEST_STEP][PASSED] - waitForElementVisible(findTestObject("Object Repository/Page_Concours photo  votez pour la plus bel_494087/a_X"), 15): Object 'Object Repository/Page_Concours photo  votez pour la plus bel_494087/a_X' is visible

2022-07-19 14:52:01 - [MESSAGE][PASSED] - Object 'Object Repository/Page_Concours photo  votez pour la plus bel_494087/a_X' is visible

2022-07-19 14:52:01 - [TEST_STEP][PASSED] - click(findTestObject("Object Repository/Page_Concours photo  votez pour la plus bel_494087/a_X")): Object: 'Object Repository/Page_Concours photo  votez pour la plus bel_494087/a_X' is clicked on

2022-07-19 14:52:02 - [MESSAGE][PASSED] - Object: 'Object Repository/Page_Concours photo  votez pour la plus bel_494087/a_X' is clicked on

2022-07-19 14:52:02 - [TEST_STEP][PASSED] - delay(1): Delayed 1 second(s)

2022-07-19 14:52:03 - [MESSAGE][PASSED] - Delayed 1 second(s)

2022-07-19 14:52:03 - [TEST_STEP][PASSED] - click(findTestObject("Object Repository/Page_Concours photo  votez pour la plus bel_494087/input_concat(Votez pour le plus beau chien de la cte d, , Opale )_jouer")): Object: 'Object Repository/Page_Concours photo  votez pour la plus bel_494087/input_concat(Votez pour le plus beau chien de la cte d, , Opale )_jouer' is clicked on

2022-07-19 14:52:04 - [MESSAGE][PASSED] - Object: 'Object Repository/Page_Concours photo  votez pour la plus bel_494087/input_concat(Votez pour le plus beau chien de la cte d, , Opale )_jouer' is clicked on

2022-07-19 14:52:04 - [TEST_STEP][PASSED] - if (verifyElementPresent(findTestObject("Page_Concours photo  votez pour la plus bel_494087/input_concat(Votez pour le plus beau chien de la cte d, , Opale )_jouer"), 1, OPTIONAL)): null

2022-07-19 14:52:05 - [MESSAGE][PASSED] - Object 'Object Repository/Page_Concours photo  votez pour la plus bel_494087/input_concat(Votez pour le plus beau chien de la cte d, , Opale )_jouer' is present

2022-07-19 14:52:05 - [TEST_STEP][PASSED] - click(findTestObject("Object Repository/Page_Concours photo  votez pour la plus bel_494087/input_concat(Votez pour le plus beau chien de la cte d, , Opale )_jouer")): Object: 'Object Repository/Page_Concours photo  votez pour la plus bel_494087/input_concat(Votez pour le plus beau chien de la cte d, , Opale )_jouer' is clicked on

2022-07-19 14:52:05 - [MESSAGE][PASSED] - Object: 'Object Repository/Page_Concours photo  votez pour la plus bel_494087/input_concat(Votez pour le plus beau chien de la cte d, , Opale )_jouer' is clicked on

2022-07-19 14:52:05 - [TEST_STEP][PASSED] - delay(1): Delayed 1 second(s)

2022-07-19 14:52:06 - [MESSAGE][PASSED] - Delayed 1 second(s)

2022-07-19 14:52:06 - [TEST_STEP][PASSED] - setText(findTestObject("Object Repository/Page_Concours photo  votez pour la plus bel_494087/input_trie par_keyword"), "Gaspard"): Text 'Gaspard' is set on object 'Object Repository/Page_Concours photo  votez pour la plus bel_494087/input_trie par_keyword'

2022-07-19 14:52:08 - [MESSAGE][PASSED] - Text 'Gaspard' is set on object 'Object Repository/Page_Concours photo  votez pour la plus bel_494087/input_trie par_keyword'

2022-07-19 14:52:08 - [TEST_STEP][PASSED] - sendKeys(findTestObject("Page_Concours photo  votez pour la plus bel_494087/input_trie par_keyword"), Keys.chord(ENTER)): Keys 'ENTER + ' sent to object: 'Object Repository/Page_Concours photo  votez pour la plus bel_494087/input_trie par_keyword'

2022-07-19 14:52:09 - [MESSAGE][PASSED] - Keys 'ENTER + ' sent to object: 'Object Repository/Page_Concours photo  votez pour la plus bel_494087/input_trie par_keyword'

2022-07-19 14:52:09 - [TEST_STEP][PASSED] - click(findTestObject("Page_Concours photo  votez pour la plus bel_494087/tri")): Object: 'Object Repository/Page_Concours photo  votez pour la plus bel_494087/tri' is clicked on

2022-07-19 14:52:10 - [MESSAGE][PASSED] - Object: 'Object Repository/Page_Concours photo  votez pour la plus bel_494087/tri' is clicked on

2022-07-19 14:52:10 - [TEST_STEP][PASSED] - click(findTestObject("Page_Concours photo  votez pour la plus bel_494087/plus de votes")): Object: 'Object Repository/Page_Concours photo  votez pour la plus bel_494087/plus de votes' is clicked on

2022-07-19 14:52:10 - [MESSAGE][PASSED] - Object: 'Object Repository/Page_Concours photo  votez pour la plus bel_494087/plus de votes' is clicked on

2022-07-19 14:52:11 - [TEST_STEP][PASSED] - click(findTestObject("Object Repository/Page_Concours photo  votez pour la plus bel_494087/i_Votes_fa fa-heart")): Object: 'Object Repository/Page_Concours photo  votez pour la plus bel_494087/i_Votes_fa fa-heart' is clicked on

2022-07-19 14:52:12 - [MESSAGE][PASSED] - Object: 'Object Repository/Page_Concours photo  votez pour la plus bel_494087/i_Votes_fa fa-heart' is clicked on

2022-07-19 14:52:12 - [TEST_STEP][PASSED] - delay(1): Delayed 1 second(s)

2022-07-19 14:52:13 - [MESSAGE][PASSED] - Delayed 1 second(s)

2022-07-19 14:52:13 - [TEST_STEP][PASSED] - closeBrowser(): Browser is closed

2022-07-19 14:52:13 - [MESSAGE][PASSED] - Browser is closed]]></system-out>
         <system-err><![CDATA[]]></system-err>
      </testcase>
      <testcase name="Test Cases/Vote" time="25.613" classname="Test Cases/Vote" status="PASSED">
         <system-out><![CDATA[2022-07-19 14:52:13 - [TEST_CASE][PASSED] - Test Cases/Vote: Test Cases/Vote

2022-07-19 14:52:13 - [TEST_STEP][PASSED] - openBrowser(""): Browser is opened with url: ''

2022-07-19 14:52:13 - [MESSAGE][INFO] - Starting 'Chrome' driver

2022-07-19 14:52:13 - [MESSAGE][INFO] - Action delay is set to 0 milliseconds

2022-07-19 14:52:14 - [MESSAGE][PASSED] - Browser is opened with url: ''

2022-07-19 14:52:14 - [TEST_STEP][PASSED] - navigateToUrl("https://lesechosdutouquet.nordlittoral.fr/147787/article/2022-06-30/concours-photo-montrez-nous-la-plus-belle-photo-de-votre-chien-en-promenade-sur#l5lb6r47qsmp9ur58y"): Navigate to 'https://lesechosdutouquet.nordlittoral.fr/147787/article/2022-06-30/concours-photo-montrez-nous-la-plus-belle-photo-de-votre-chien-en-promenade-sur#l5lb6r47qsmp9ur58y' successfully

2022-07-19 14:52:17 - [MESSAGE][PASSED] - Navigate to 'https://lesechosdutouquet.nordlittoral.fr/147787/article/2022-06-30/concours-photo-montrez-nous-la-plus-belle-photo-de-votre-chien-en-promenade-sur#l5lb6r47qsmp9ur58y' successfully

2022-07-19 14:52:17 - [TEST_STEP][PASSED] - setViewPortSize(1920, 1080): Viewport is set to new size with width = 1920 and height = 1080

2022-07-19 14:52:18 - [MESSAGE][PASSED] - Viewport is set to new size with width = 1920 and height = 1080

2022-07-19 14:52:18 - [TEST_STEP][PASSED] - click(findTestObject("Object Repository/Page_Concours photo  votez pour la plus bel_494087/button_Accepter  Fermer")): Object: 'Object Repository/Page_Concours photo  votez pour la plus bel_494087/button_Accepter  Fermer' is clicked on

2022-07-19 14:52:19 - [MESSAGE][PASSED] - Object: 'Object Repository/Page_Concours photo  votez pour la plus bel_494087/button_Accepter  Fermer' is clicked on

2022-07-19 14:52:19 - [TEST_STEP][PASSED] - waitForElementVisible(findTestObject("Object Repository/Page_Concours photo  votez pour la plus bel_494087/a_X"), 15): Object 'Object Repository/Page_Concours photo  votez pour la plus bel_494087/a_X' is visible

2022-07-19 14:52:26 - [MESSAGE][PASSED] - Object 'Object Repository/Page_Concours photo  votez pour la plus bel_494087/a_X' is visible

2022-07-19 14:52:26 - [TEST_STEP][PASSED] - click(findTestObject("Object Repository/Page_Concours photo  votez pour la plus bel_494087/a_X")): Object: 'Object Repository/Page_Concours photo  votez pour la plus bel_494087/a_X' is clicked on

2022-07-19 14:52:26 - [MESSAGE][PASSED] - Object: 'Object Repository/Page_Concours photo  votez pour la plus bel_494087/a_X' is clicked on

2022-07-19 14:52:26 - [TEST_STEP][PASSED] - delay(1): Delayed 1 second(s)

2022-07-19 14:52:27 - [MESSAGE][PASSED] - Delayed 1 second(s)

2022-07-19 14:52:27 - [TEST_STEP][PASSED] - click(findTestObject("Object Repository/Page_Concours photo  votez pour la plus bel_494087/input_concat(Votez pour le plus beau chien de la cte d, , Opale )_jouer")): Object: 'Object Repository/Page_Concours photo  votez pour la plus bel_494087/input_concat(Votez pour le plus beau chien de la cte d, , Opale )_jouer' is clicked on

2022-07-19 14:52:28 - [MESSAGE][PASSED] - Object: 'Object Repository/Page_Concours photo  votez pour la plus bel_494087/input_concat(Votez pour le plus beau chien de la cte d, , Opale )_jouer' is clicked on

2022-07-19 14:52:28 - [TEST_STEP][PASSED] - if (verifyElementPresent(findTestObject("Page_Concours photo  votez pour la plus bel_494087/input_concat(Votez pour le plus beau chien de la cte d, , Opale )_jouer"), 1, OPTIONAL)): null

2022-07-19 14:52:29 - [MESSAGE][PASSED] - Object 'Object Repository/Page_Concours photo  votez pour la plus bel_494087/input_concat(Votez pour le plus beau chien de la cte d, , Opale )_jouer' is present

2022-07-19 14:52:29 - [TEST_STEP][PASSED] - click(findTestObject("Object Repository/Page_Concours photo  votez pour la plus bel_494087/input_concat(Votez pour le plus beau chien de la cte d, , Opale )_jouer")): Object: 'Object Repository/Page_Concours photo  votez pour la plus bel_494087/input_concat(Votez pour le plus beau chien de la cte d, , Opale )_jouer' is clicked on

2022-07-19 14:52:30 - [MESSAGE][PASSED] - Object: 'Object Repository/Page_Concours photo  votez pour la plus bel_494087/input_concat(Votez pour le plus beau chien de la cte d, , Opale )_jouer' is clicked on

2022-07-19 14:52:30 - [TEST_STEP][PASSED] - delay(1): Delayed 1 second(s)

2022-07-19 14:52:31 - [MESSAGE][PASSED] - Delayed 1 second(s)

2022-07-19 14:52:31 - [TEST_STEP][PASSED] - setText(findTestObject("Object Repository/Page_Concours photo  votez pour la plus bel_494087/input_trie par_keyword"), "Gaspard"): Text 'Gaspard' is set on object 'Object Repository/Page_Concours photo  votez pour la plus bel_494087/input_trie par_keyword'

2022-07-19 14:52:33 - [MESSAGE][PASSED] - Text 'Gaspard' is set on object 'Object Repository/Page_Concours photo  votez pour la plus bel_494087/input_trie par_keyword'

2022-07-19 14:52:33 - [TEST_STEP][PASSED] - sendKeys(findTestObject("Page_Concours photo  votez pour la plus bel_494087/input_trie par_keyword"), Keys.chord(ENTER)): Keys 'ENTER + ' sent to object: 'Object Repository/Page_Concours photo  votez pour la plus bel_494087/input_trie par_keyword'

2022-07-19 14:52:34 - [MESSAGE][PASSED] - Keys 'ENTER + ' sent to object: 'Object Repository/Page_Concours photo  votez pour la plus bel_494087/input_trie par_keyword'

2022-07-19 14:52:34 - [TEST_STEP][PASSED] - click(findTestObject("Page_Concours photo  votez pour la plus bel_494087/tri")): Object: 'Object Repository/Page_Concours photo  votez pour la plus bel_494087/tri' is clicked on

2022-07-19 14:52:35 - [MESSAGE][PASSED] - Object: 'Object Repository/Page_Concours photo  votez pour la plus bel_494087/tri' is clicked on

2022-07-19 14:52:35 - [TEST_STEP][PASSED] - click(findTestObject("Page_Concours photo  votez pour la plus bel_494087/plus de votes")): Object: 'Object Repository/Page_Concours photo  votez pour la plus bel_494087/plus de votes' is clicked on

2022-07-19 14:52:35 - [MESSAGE][PASSED] - Object: 'Object Repository/Page_Concours photo  votez pour la plus bel_494087/plus de votes' is clicked on

2022-07-19 14:52:37 - [TEST_STEP][PASSED] - click(findTestObject("Object Repository/Page_Concours photo  votez pour la plus bel_494087/i_Votes_fa fa-heart")): Object: 'Object Repository/Page_Concours photo  votez pour la plus bel_494087/i_Votes_fa fa-heart' is clicked on

2022-07-19 14:52:37 - [MESSAGE][PASSED] - Object: 'Object Repository/Page_Concours photo  votez pour la plus bel_494087/i_Votes_fa fa-heart' is clicked on

2022-07-19 14:52:37 - [TEST_STEP][PASSED] - delay(1): Delayed 1 second(s)

2022-07-19 14:52:38 - [MESSAGE][PASSED] - Delayed 1 second(s)

2022-07-19 14:52:38 - [TEST_STEP][PASSED] - closeBrowser(): Browser is closed

2022-07-19 14:52:39 - [MESSAGE][PASSED] - Browser is closed]]></system-out>
         <system-err><![CDATA[]]></system-err>
      </testcase>
      <testcase name="Test Cases/Vote" time="24.382" classname="Test Cases/Vote" status="PASSED">
         <system-out><![CDATA[2022-07-19 14:52:39 - [TEST_CASE][PASSED] - Test Cases/Vote: Test Cases/Vote

2022-07-19 14:52:39 - [TEST_STEP][PASSED] - openBrowser(""): Browser is opened with url: ''

2022-07-19 14:52:39 - [MESSAGE][INFO] - Starting 'Chrome' driver

2022-07-19 14:52:39 - [MESSAGE][INFO] - Action delay is set to 0 milliseconds

2022-07-19 14:52:40 - [MESSAGE][PASSED] - Browser is opened with url: ''

2022-07-19 14:52:40 - [TEST_STEP][PASSED] - navigateToUrl("https://lesechosdutouquet.nordlittoral.fr/147787/article/2022-06-30/concours-photo-montrez-nous-la-plus-belle-photo-de-votre-chien-en-promenade-sur#l5lb6r47qsmp9ur58y"): Navigate to 'https://lesechosdutouquet.nordlittoral.fr/147787/article/2022-06-30/concours-photo-montrez-nous-la-plus-belle-photo-de-votre-chien-en-promenade-sur#l5lb6r47qsmp9ur58y' successfully

2022-07-19 14:52:43 - [MESSAGE][PASSED] - Navigate to 'https://lesechosdutouquet.nordlittoral.fr/147787/article/2022-06-30/concours-photo-montrez-nous-la-plus-belle-photo-de-votre-chien-en-promenade-sur#l5lb6r47qsmp9ur58y' successfully

2022-07-19 14:52:43 - [TEST_STEP][PASSED] - setViewPortSize(1920, 1080): Viewport is set to new size with width = 1920 and height = 1080

2022-07-19 14:52:43 - [MESSAGE][PASSED] - Viewport is set to new size with width = 1920 and height = 1080

2022-07-19 14:52:43 - [TEST_STEP][PASSED] - click(findTestObject("Object Repository/Page_Concours photo  votez pour la plus bel_494087/button_Accepter  Fermer")): Object: 'Object Repository/Page_Concours photo  votez pour la plus bel_494087/button_Accepter  Fermer' is clicked on

2022-07-19 14:52:44 - [MESSAGE][PASSED] - Object: 'Object Repository/Page_Concours photo  votez pour la plus bel_494087/button_Accepter  Fermer' is clicked on

2022-07-19 14:52:44 - [TEST_STEP][PASSED] - waitForElementVisible(findTestObject("Object Repository/Page_Concours photo  votez pour la plus bel_494087/a_X"), 15): Object 'Object Repository/Page_Concours photo  votez pour la plus bel_494087/a_X' is visible

2022-07-19 14:52:51 - [MESSAGE][PASSED] - Object 'Object Repository/Page_Concours photo  votez pour la plus bel_494087/a_X' is visible

2022-07-19 14:52:51 - [TEST_STEP][PASSED] - click(findTestObject("Object Repository/Page_Concours photo  votez pour la plus bel_494087/a_X")): Object: 'Object Repository/Page_Concours photo  votez pour la plus bel_494087/a_X' is clicked on

2022-07-19 14:52:51 - [MESSAGE][PASSED] - Object: 'Object Repository/Page_Concours photo  votez pour la plus bel_494087/a_X' is clicked on

2022-07-19 14:52:51 - [TEST_STEP][PASSED] - delay(1): Delayed 1 second(s)

2022-07-19 14:52:52 - [MESSAGE][PASSED] - Delayed 1 second(s)

2022-07-19 14:52:52 - [TEST_STEP][PASSED] - click(findTestObject("Object Repository/Page_Concours photo  votez pour la plus bel_494087/input_concat(Votez pour le plus beau chien de la cte d, , Opale )_jouer")): Object: 'Object Repository/Page_Concours photo  votez pour la plus bel_494087/input_concat(Votez pour le plus beau chien de la cte d, , Opale )_jouer' is clicked on

2022-07-19 14:52:53 - [MESSAGE][PASSED] - Object: 'Object Repository/Page_Concours photo  votez pour la plus bel_494087/input_concat(Votez pour le plus beau chien de la cte d, , Opale )_jouer' is clicked on

2022-07-19 14:52:53 - [TEST_STEP][PASSED] - if (verifyElementPresent(findTestObject("Page_Concours photo  votez pour la plus bel_494087/input_concat(Votez pour le plus beau chien de la cte d, , Opale )_jouer"), 1, OPTIONAL)): null

2022-07-19 14:52:54 - [MESSAGE][PASSED] - Object 'Object Repository/Page_Concours photo  votez pour la plus bel_494087/input_concat(Votez pour le plus beau chien de la cte d, , Opale )_jouer' is present

2022-07-19 14:52:54 - [TEST_STEP][PASSED] - click(findTestObject("Object Repository/Page_Concours photo  votez pour la plus bel_494087/input_concat(Votez pour le plus beau chien de la cte d, , Opale )_jouer")): Object: 'Object Repository/Page_Concours photo  votez pour la plus bel_494087/input_concat(Votez pour le plus beau chien de la cte d, , Opale )_jouer' is clicked on

2022-07-19 14:52:55 - [MESSAGE][PASSED] - Object: 'Object Repository/Page_Concours photo  votez pour la plus bel_494087/input_concat(Votez pour le plus beau chien de la cte d, , Opale )_jouer' is clicked on

2022-07-19 14:52:55 - [TEST_STEP][PASSED] - delay(1): Delayed 1 second(s)

2022-07-19 14:52:56 - [MESSAGE][PASSED] - Delayed 1 second(s)

2022-07-19 14:52:56 - [TEST_STEP][PASSED] - setText(findTestObject("Object Repository/Page_Concours photo  votez pour la plus bel_494087/input_trie par_keyword"), "Gaspard"): Text 'Gaspard' is set on object 'Object Repository/Page_Concours photo  votez pour la plus bel_494087/input_trie par_keyword'

2022-07-19 14:52:57 - [MESSAGE][PASSED] - Text 'Gaspard' is set on object 'Object Repository/Page_Concours photo  votez pour la plus bel_494087/input_trie par_keyword'

2022-07-19 14:52:57 - [TEST_STEP][PASSED] - sendKeys(findTestObject("Page_Concours photo  votez pour la plus bel_494087/input_trie par_keyword"), Keys.chord(ENTER)): Keys 'ENTER + ' sent to object: 'Object Repository/Page_Concours photo  votez pour la plus bel_494087/input_trie par_keyword'

2022-07-19 14:52:59 - [MESSAGE][PASSED] - Keys 'ENTER + ' sent to object: 'Object Repository/Page_Concours photo  votez pour la plus bel_494087/input_trie par_keyword'

2022-07-19 14:52:59 - [TEST_STEP][PASSED] - click(findTestObject("Page_Concours photo  votez pour la plus bel_494087/tri")): Object: 'Object Repository/Page_Concours photo  votez pour la plus bel_494087/tri' is clicked on

2022-07-19 14:53:00 - [MESSAGE][PASSED] - Object: 'Object Repository/Page_Concours photo  votez pour la plus bel_494087/tri' is clicked on

2022-07-19 14:53:00 - [TEST_STEP][PASSED] - click(findTestObject("Page_Concours photo  votez pour la plus bel_494087/plus de votes")): Object: 'Object Repository/Page_Concours photo  votez pour la plus bel_494087/plus de votes' is clicked on

2022-07-19 14:53:00 - [MESSAGE][PASSED] - Object: 'Object Repository/Page_Concours photo  votez pour la plus bel_494087/plus de votes' is clicked on

2022-07-19 14:53:01 - [TEST_STEP][PASSED] - click(findTestObject("Object Repository/Page_Concours photo  votez pour la plus bel_494087/i_Votes_fa fa-heart")): Object: 'Object Repository/Page_Concours photo  votez pour la plus bel_494087/i_Votes_fa fa-heart' is clicked on

2022-07-19 14:53:02 - [MESSAGE][PASSED] - Object: 'Object Repository/Page_Concours photo  votez pour la plus bel_494087/i_Votes_fa fa-heart' is clicked on

2022-07-19 14:53:02 - [TEST_STEP][PASSED] - delay(1): Delayed 1 second(s)

2022-07-19 14:53:03 - [MESSAGE][PASSED] - Delayed 1 second(s)

2022-07-19 14:53:03 - [TEST_STEP][PASSED] - closeBrowser(): Browser is closed

2022-07-19 14:53:03 - [MESSAGE][PASSED] - Browser is closed]]></system-out>
         <system-err><![CDATA[]]></system-err>
      </testcase>
      <testcase name="Test Cases/Vote" time="24.384" classname="Test Cases/Vote" status="PASSED">
         <system-out><![CDATA[2022-07-19 14:53:03 - [TEST_CASE][PASSED] - Test Cases/Vote: Test Cases/Vote

2022-07-19 14:53:03 - [TEST_STEP][PASSED] - openBrowser(""): Browser is opened with url: ''

2022-07-19 14:53:03 - [MESSAGE][INFO] - Starting 'Chrome' driver

2022-07-19 14:53:03 - [MESSAGE][INFO] - Action delay is set to 0 milliseconds

2022-07-19 14:53:04 - [MESSAGE][PASSED] - Browser is opened with url: ''

2022-07-19 14:53:04 - [TEST_STEP][PASSED] - navigateToUrl("https://lesechosdutouquet.nordlittoral.fr/147787/article/2022-06-30/concours-photo-montrez-nous-la-plus-belle-photo-de-votre-chien-en-promenade-sur#l5lb6r47qsmp9ur58y"): Navigate to 'https://lesechosdutouquet.nordlittoral.fr/147787/article/2022-06-30/concours-photo-montrez-nous-la-plus-belle-photo-de-votre-chien-en-promenade-sur#l5lb6r47qsmp9ur58y' successfully

2022-07-19 14:53:07 - [MESSAGE][PASSED] - Navigate to 'https://lesechosdutouquet.nordlittoral.fr/147787/article/2022-06-30/concours-photo-montrez-nous-la-plus-belle-photo-de-votre-chien-en-promenade-sur#l5lb6r47qsmp9ur58y' successfully

2022-07-19 14:53:07 - [TEST_STEP][PASSED] - setViewPortSize(1920, 1080): Viewport is set to new size with width = 1920 and height = 1080

2022-07-19 14:53:07 - [MESSAGE][PASSED] - Viewport is set to new size with width = 1920 and height = 1080

2022-07-19 14:53:07 - [TEST_STEP][PASSED] - click(findTestObject("Object Repository/Page_Concours photo  votez pour la plus bel_494087/button_Accepter  Fermer")): Object: 'Object Repository/Page_Concours photo  votez pour la plus bel_494087/button_Accepter  Fermer' is clicked on

2022-07-19 14:53:08 - [MESSAGE][PASSED] - Object: 'Object Repository/Page_Concours photo  votez pour la plus bel_494087/button_Accepter  Fermer' is clicked on

2022-07-19 14:53:08 - [TEST_STEP][PASSED] - waitForElementVisible(findTestObject("Object Repository/Page_Concours photo  votez pour la plus bel_494087/a_X"), 15): Object 'Object Repository/Page_Concours photo  votez pour la plus bel_494087/a_X' is visible

2022-07-19 14:53:15 - [MESSAGE][PASSED] - Object 'Object Repository/Page_Concours photo  votez pour la plus bel_494087/a_X' is visible

2022-07-19 14:53:15 - [TEST_STEP][PASSED] - click(findTestObject("Object Repository/Page_Concours photo  votez pour la plus bel_494087/a_X")): Object: 'Object Repository/Page_Concours photo  votez pour la plus bel_494087/a_X' is clicked on

2022-07-19 14:53:15 - [MESSAGE][PASSED] - Object: 'Object Repository/Page_Concours photo  votez pour la plus bel_494087/a_X' is clicked on

2022-07-19 14:53:15 - [TEST_STEP][PASSED] - delay(1): Delayed 1 second(s)

2022-07-19 14:53:16 - [MESSAGE][PASSED] - Delayed 1 second(s)

2022-07-19 14:53:16 - [TEST_STEP][PASSED] - click(findTestObject("Object Repository/Page_Concours photo  votez pour la plus bel_494087/input_concat(Votez pour le plus beau chien de la cte d, , Opale )_jouer")): Object: 'Object Repository/Page_Concours photo  votez pour la plus bel_494087/input_concat(Votez pour le plus beau chien de la cte d, , Opale )_jouer' is clicked on

2022-07-19 14:53:17 - [MESSAGE][PASSED] - Object: 'Object Repository/Page_Concours photo  votez pour la plus bel_494087/input_concat(Votez pour le plus beau chien de la cte d, , Opale )_jouer' is clicked on

2022-07-19 14:53:17 - [TEST_STEP][PASSED] - if (verifyElementPresent(findTestObject("Page_Concours photo  votez pour la plus bel_494087/input_concat(Votez pour le plus beau chien de la cte d, , Opale )_jouer"), 1, OPTIONAL)): null

2022-07-19 14:53:18 - [MESSAGE][PASSED] - Object 'Object Repository/Page_Concours photo  votez pour la plus bel_494087/input_concat(Votez pour le plus beau chien de la cte d, , Opale )_jouer' is present

2022-07-19 14:53:18 - [TEST_STEP][PASSED] - click(findTestObject("Object Repository/Page_Concours photo  votez pour la plus bel_494087/input_concat(Votez pour le plus beau chien de la cte d, , Opale )_jouer")): Object: 'Object Repository/Page_Concours photo  votez pour la plus bel_494087/input_concat(Votez pour le plus beau chien de la cte d, , Opale )_jouer' is clicked on

2022-07-19 14:53:19 - [MESSAGE][PASSED] - Object: 'Object Repository/Page_Concours photo  votez pour la plus bel_494087/input_concat(Votez pour le plus beau chien de la cte d, , Opale )_jouer' is clicked on

2022-07-19 14:53:19 - [TEST_STEP][PASSED] - delay(1): Delayed 1 second(s)

2022-07-19 14:53:20 - [MESSAGE][PASSED] - Delayed 1 second(s)

2022-07-19 14:53:20 - [TEST_STEP][PASSED] - setText(findTestObject("Object Repository/Page_Concours photo  votez pour la plus bel_494087/input_trie par_keyword"), "Gaspard"): Text 'Gaspard' is set on object 'Object Repository/Page_Concours photo  votez pour la plus bel_494087/input_trie par_keyword'

2022-07-19 14:53:22 - [MESSAGE][PASSED] - Text 'Gaspard' is set on object 'Object Repository/Page_Concours photo  votez pour la plus bel_494087/input_trie par_keyword'

2022-07-19 14:53:22 - [TEST_STEP][PASSED] - sendKeys(findTestObject("Page_Concours photo  votez pour la plus bel_494087/input_trie par_keyword"), Keys.chord(ENTER)): Keys 'ENTER + ' sent to object: 'Object Repository/Page_Concours photo  votez pour la plus bel_494087/input_trie par_keyword'

2022-07-19 14:53:23 - [MESSAGE][PASSED] - Keys 'ENTER + ' sent to object: 'Object Repository/Page_Concours photo  votez pour la plus bel_494087/input_trie par_keyword'

2022-07-19 14:53:23 - [TEST_STEP][PASSED] - click(findTestObject("Page_Concours photo  votez pour la plus bel_494087/tri")): Object: 'Object Repository/Page_Concours photo  votez pour la plus bel_494087/tri' is clicked on

2022-07-19 14:53:23 - [MESSAGE][PASSED] - Object: 'Object Repository/Page_Concours photo  votez pour la plus bel_494087/tri' is clicked on

2022-07-19 14:53:24 - [TEST_STEP][PASSED] - click(findTestObject("Page_Concours photo  votez pour la plus bel_494087/plus de votes")): Object: 'Object Repository/Page_Concours photo  votez pour la plus bel_494087/plus de votes' is clicked on

2022-07-19 14:53:24 - [MESSAGE][PASSED] - Object: 'Object Repository/Page_Concours photo  votez pour la plus bel_494087/plus de votes' is clicked on

2022-07-19 14:53:26 - [TEST_STEP][PASSED] - click(findTestObject("Object Repository/Page_Concours photo  votez pour la plus bel_494087/i_Votes_fa fa-heart")): Object: 'Object Repository/Page_Concours photo  votez pour la plus bel_494087/i_Votes_fa fa-heart' is clicked on

2022-07-19 14:53:26 - [MESSAGE][PASSED] - Object: 'Object Repository/Page_Concours photo  votez pour la plus bel_494087/i_Votes_fa fa-heart' is clicked on

2022-07-19 14:53:26 - [TEST_STEP][PASSED] - delay(1): Delayed 1 second(s)

2022-07-19 14:53:27 - [MESSAGE][PASSED] - Delayed 1 second(s)

2022-07-19 14:53:27 - [TEST_STEP][PASSED] - closeBrowser(): Browser is closed

2022-07-19 14:53:28 - [MESSAGE][PASSED] - Browser is closed]]></system-out>
         <system-err><![CDATA[]]></system-err>
      </testcase>
      <testcase name="Test Cases/Vote" time="29.297" classname="Test Cases/Vote" status="PASSED">
         <system-out><![CDATA[2022-07-19 14:53:28 - [TEST_CASE][PASSED] - Test Cases/Vote: Test Cases/Vote

2022-07-19 14:53:28 - [TEST_STEP][PASSED] - openBrowser(""): Browser is opened with url: ''

2022-07-19 14:53:28 - [MESSAGE][INFO] - Starting 'Chrome' driver

2022-07-19 14:53:28 - [MESSAGE][INFO] - Action delay is set to 0 milliseconds

2022-07-19 14:53:29 - [MESSAGE][PASSED] - Browser is opened with url: ''

2022-07-19 14:53:29 - [TEST_STEP][PASSED] - navigateToUrl("https://lesechosdutouquet.nordlittoral.fr/147787/article/2022-06-30/concours-photo-montrez-nous-la-plus-belle-photo-de-votre-chien-en-promenade-sur#l5lb6r47qsmp9ur58y"): Navigate to 'https://lesechosdutouquet.nordlittoral.fr/147787/article/2022-06-30/concours-photo-montrez-nous-la-plus-belle-photo-de-votre-chien-en-promenade-sur#l5lb6r47qsmp9ur58y' successfully

2022-07-19 14:53:34 - [MESSAGE][PASSED] - Navigate to 'https://lesechosdutouquet.nordlittoral.fr/147787/article/2022-06-30/concours-photo-montrez-nous-la-plus-belle-photo-de-votre-chien-en-promenade-sur#l5lb6r47qsmp9ur58y' successfully

2022-07-19 14:53:34 - [TEST_STEP][PASSED] - setViewPortSize(1920, 1080): Viewport is set to new size with width = 1920 and height = 1080

2022-07-19 14:53:34 - [MESSAGE][PASSED] - Viewport is set to new size with width = 1920 and height = 1080

2022-07-19 14:53:34 - [TEST_STEP][PASSED] - click(findTestObject("Object Repository/Page_Concours photo  votez pour la plus bel_494087/button_Accepter  Fermer")): Object: 'Object Repository/Page_Concours photo  votez pour la plus bel_494087/button_Accepter  Fermer' is clicked on

2022-07-19 14:53:35 - [MESSAGE][PASSED] - Object: 'Object Repository/Page_Concours photo  votez pour la plus bel_494087/button_Accepter  Fermer' is clicked on

2022-07-19 14:53:35 - [TEST_STEP][PASSED] - waitForElementVisible(findTestObject("Object Repository/Page_Concours photo  votez pour la plus bel_494087/a_X"), 15): Object 'Object Repository/Page_Concours photo  votez pour la plus bel_494087/a_X' is visible

2022-07-19 14:53:42 - [MESSAGE][PASSED] - Object 'Object Repository/Page_Concours photo  votez pour la plus bel_494087/a_X' is visible

2022-07-19 14:53:42 - [TEST_STEP][PASSED] - click(findTestObject("Object Repository/Page_Concours photo  votez pour la plus bel_494087/a_X")): Object: 'Object Repository/Page_Concours photo  votez pour la plus bel_494087/a_X' is clicked on

2022-07-19 14:53:43 - [MESSAGE][PASSED] - Object: 'Object Repository/Page_Concours photo  votez pour la plus bel_494087/a_X' is clicked on

2022-07-19 14:53:43 - [TEST_STEP][PASSED] - delay(1): Delayed 1 second(s)

2022-07-19 14:53:44 - [MESSAGE][PASSED] - Delayed 1 second(s)

2022-07-19 14:53:44 - [TEST_STEP][PASSED] - click(findTestObject("Object Repository/Page_Concours photo  votez pour la plus bel_494087/input_concat(Votez pour le plus beau chien de la cte d, , Opale )_jouer")): Object: 'Object Repository/Page_Concours photo  votez pour la plus bel_494087/input_concat(Votez pour le plus beau chien de la cte d, , Opale )_jouer' is clicked on

2022-07-19 14:53:44 - [MESSAGE][PASSED] - Object: 'Object Repository/Page_Concours photo  votez pour la plus bel_494087/input_concat(Votez pour le plus beau chien de la cte d, , Opale )_jouer' is clicked on

2022-07-19 14:53:45 - [TEST_STEP][PASSED] - if (verifyElementPresent(findTestObject("Page_Concours photo  votez pour la plus bel_494087/input_concat(Votez pour le plus beau chien de la cte d, , Opale )_jouer"), 1, OPTIONAL)): null

2022-07-19 14:53:46 - [MESSAGE][PASSED] - Object 'Object Repository/Page_Concours photo  votez pour la plus bel_494087/input_concat(Votez pour le plus beau chien de la cte d, , Opale )_jouer' is present

2022-07-19 14:53:46 - [TEST_STEP][PASSED] - click(findTestObject("Object Repository/Page_Concours photo  votez pour la plus bel_494087/input_concat(Votez pour le plus beau chien de la cte d, , Opale )_jouer")): Object: 'Object Repository/Page_Concours photo  votez pour la plus bel_494087/input_concat(Votez pour le plus beau chien de la cte d, , Opale )_jouer' is clicked on

2022-07-19 14:53:47 - [MESSAGE][PASSED] - Object: 'Object Repository/Page_Concours photo  votez pour la plus bel_494087/input_concat(Votez pour le plus beau chien de la cte d, , Opale )_jouer' is clicked on

2022-07-19 14:53:47 - [TEST_STEP][PASSED] - delay(1): Delayed 1 second(s)

2022-07-19 14:53:48 - [MESSAGE][PASSED] - Delayed 1 second(s)

2022-07-19 14:53:48 - [TEST_STEP][PASSED] - setText(findTestObject("Object Repository/Page_Concours photo  votez pour la plus bel_494087/input_trie par_keyword"), "Gaspard"): Text 'Gaspard' is set on object 'Object Repository/Page_Concours photo  votez pour la plus bel_494087/input_trie par_keyword'

2022-07-19 14:53:51 - [MESSAGE][PASSED] - Text 'Gaspard' is set on object 'Object Repository/Page_Concours photo  votez pour la plus bel_494087/input_trie par_keyword'

2022-07-19 14:53:51 - [TEST_STEP][PASSED] - sendKeys(findTestObject("Page_Concours photo  votez pour la plus bel_494087/input_trie par_keyword"), Keys.chord(ENTER)): Keys 'ENTER + ' sent to object: 'Object Repository/Page_Concours photo  votez pour la plus bel_494087/input_trie par_keyword'

2022-07-19 14:53:53 - [MESSAGE][PASSED] - Keys 'ENTER + ' sent to object: 'Object Repository/Page_Concours photo  votez pour la plus bel_494087/input_trie par_keyword'

2022-07-19 14:53:53 - [TEST_STEP][PASSED] - click(findTestObject("Page_Concours photo  votez pour la plus bel_494087/tri")): Object: 'Object Repository/Page_Concours photo  votez pour la plus bel_494087/tri' is clicked on

2022-07-19 14:53:54 - [MESSAGE][PASSED] - Object: 'Object Repository/Page_Concours photo  votez pour la plus bel_494087/tri' is clicked on

2022-07-19 14:53:54 - [TEST_STEP][PASSED] - click(findTestObject("Page_Concours photo  votez pour la plus bel_494087/plus de votes")): Object: 'Object Repository/Page_Concours photo  votez pour la plus bel_494087/plus de votes' is clicked on

2022-07-19 14:53:55 - [MESSAGE][PASSED] - Object: 'Object Repository/Page_Concours photo  votez pour la plus bel_494087/plus de votes' is clicked on

2022-07-19 14:53:55 - [TEST_STEP][PASSED] - click(findTestObject("Object Repository/Page_Concours photo  votez pour la plus bel_494087/i_Votes_fa fa-heart")): Object: 'Object Repository/Page_Concours photo  votez pour la plus bel_494087/i_Votes_fa fa-heart' is clicked on

2022-07-19 14:53:56 - [MESSAGE][PASSED] - Object: 'Object Repository/Page_Concours photo  votez pour la plus bel_494087/i_Votes_fa fa-heart' is clicked on

2022-07-19 14:53:56 - [TEST_STEP][PASSED] - delay(1): Delayed 1 second(s)

2022-07-19 14:53:57 - [MESSAGE][PASSED] - Delayed 1 second(s)

2022-07-19 14:53:57 - [TEST_STEP][PASSED] - closeBrowser(): Browser is closed

2022-07-19 14:53:57 - [MESSAGE][PASSED] - Browser is closed]]></system-out>
         <system-err><![CDATA[]]></system-err>
      </testcase>
      <testcase name="Test Cases/Vote" time="23.925" classname="Test Cases/Vote" status="PASSED">
         <system-out><![CDATA[2022-07-19 14:53:57 - [TEST_CASE][PASSED] - Test Cases/Vote: Test Cases/Vote

2022-07-19 14:53:57 - [TEST_STEP][PASSED] - openBrowser(""): Browser is opened with url: ''

2022-07-19 14:53:57 - [MESSAGE][INFO] - Starting 'Chrome' driver

2022-07-19 14:53:57 - [MESSAGE][INFO] - Action delay is set to 0 milliseconds

2022-07-19 14:53:58 - [MESSAGE][PASSED] - Browser is opened with url: ''

2022-07-19 14:53:58 - [TEST_STEP][PASSED] - navigateToUrl("https://lesechosdutouquet.nordlittoral.fr/147787/article/2022-06-30/concours-photo-montrez-nous-la-plus-belle-photo-de-votre-chien-en-promenade-sur#l5lb6r47qsmp9ur58y"): Navigate to 'https://lesechosdutouquet.nordlittoral.fr/147787/article/2022-06-30/concours-photo-montrez-nous-la-plus-belle-photo-de-votre-chien-en-promenade-sur#l5lb6r47qsmp9ur58y' successfully

2022-07-19 14:54:01 - [MESSAGE][PASSED] - Navigate to 'https://lesechosdutouquet.nordlittoral.fr/147787/article/2022-06-30/concours-photo-montrez-nous-la-plus-belle-photo-de-votre-chien-en-promenade-sur#l5lb6r47qsmp9ur58y' successfully

2022-07-19 14:54:01 - [TEST_STEP][PASSED] - setViewPortSize(1920, 1080): Viewport is set to new size with width = 1920 and height = 1080

2022-07-19 14:54:01 - [MESSAGE][PASSED] - Viewport is set to new size with width = 1920 and height = 1080

2022-07-19 14:54:01 - [TEST_STEP][PASSED] - click(findTestObject("Object Repository/Page_Concours photo  votez pour la plus bel_494087/button_Accepter  Fermer")): Object: 'Object Repository/Page_Concours photo  votez pour la plus bel_494087/button_Accepter  Fermer' is clicked on

2022-07-19 14:54:02 - [MESSAGE][PASSED] - Object: 'Object Repository/Page_Concours photo  votez pour la plus bel_494087/button_Accepter  Fermer' is clicked on

2022-07-19 14:54:02 - [TEST_STEP][PASSED] - waitForElementVisible(findTestObject("Object Repository/Page_Concours photo  votez pour la plus bel_494087/a_X"), 15): Object 'Object Repository/Page_Concours photo  votez pour la plus bel_494087/a_X' is visible

2022-07-19 14:54:09 - [MESSAGE][PASSED] - Object 'Object Repository/Page_Concours photo  votez pour la plus bel_494087/a_X' is visible

2022-07-19 14:54:09 - [TEST_STEP][PASSED] - click(findTestObject("Object Repository/Page_Concours photo  votez pour la plus bel_494087/a_X")): Object: 'Object Repository/Page_Concours photo  votez pour la plus bel_494087/a_X' is clicked on

2022-07-19 14:54:09 - [MESSAGE][PASSED] - Object: 'Object Repository/Page_Concours photo  votez pour la plus bel_494087/a_X' is clicked on

2022-07-19 14:54:09 - [TEST_STEP][PASSED] - delay(1): Delayed 1 second(s)

2022-07-19 14:54:10 - [MESSAGE][PASSED] - Delayed 1 second(s)

2022-07-19 14:54:10 - [TEST_STEP][PASSED] - click(findTestObject("Object Repository/Page_Concours photo  votez pour la plus bel_494087/input_concat(Votez pour le plus beau chien de la cte d, , Opale )_jouer")): Object: 'Object Repository/Page_Concours photo  votez pour la plus bel_494087/input_concat(Votez pour le plus beau chien de la cte d, , Opale )_jouer' is clicked on

2022-07-19 14:54:11 - [MESSAGE][PASSED] - Object: 'Object Repository/Page_Concours photo  votez pour la plus bel_494087/input_concat(Votez pour le plus beau chien de la cte d, , Opale )_jouer' is clicked on

2022-07-19 14:54:11 - [TEST_STEP][PASSED] - if (verifyElementPresent(findTestObject("Page_Concours photo  votez pour la plus bel_494087/input_concat(Votez pour le plus beau chien de la cte d, , Opale )_jouer"), 1, OPTIONAL)): null

2022-07-19 14:54:12 - [MESSAGE][PASSED] - Object 'Object Repository/Page_Concours photo  votez pour la plus bel_494087/input_concat(Votez pour le plus beau chien de la cte d, , Opale )_jouer' is present

2022-07-19 14:54:12 - [TEST_STEP][PASSED] - click(findTestObject("Object Repository/Page_Concours photo  votez pour la plus bel_494087/input_concat(Votez pour le plus beau chien de la cte d, , Opale )_jouer")): Object: 'Object Repository/Page_Concours photo  votez pour la plus bel_494087/input_concat(Votez pour le plus beau chien de la cte d, , Opale )_jouer' is clicked on

2022-07-19 14:54:13 - [MESSAGE][PASSED] - Object: 'Object Repository/Page_Concours photo  votez pour la plus bel_494087/input_concat(Votez pour le plus beau chien de la cte d, , Opale )_jouer' is clicked on

2022-07-19 14:54:13 - [TEST_STEP][PASSED] - delay(1): Delayed 1 second(s)

2022-07-19 14:54:14 - [MESSAGE][PASSED] - Delayed 1 second(s)

2022-07-19 14:54:14 - [TEST_STEP][PASSED] - setText(findTestObject("Object Repository/Page_Concours photo  votez pour la plus bel_494087/input_trie par_keyword"), "Gaspard"): Text 'Gaspard' is set on object 'Object Repository/Page_Concours photo  votez pour la plus bel_494087/input_trie par_keyword'

2022-07-19 14:54:15 - [MESSAGE][PASSED] - Text 'Gaspard' is set on object 'Object Repository/Page_Concours photo  votez pour la plus bel_494087/input_trie par_keyword'

2022-07-19 14:54:15 - [TEST_STEP][PASSED] - sendKeys(findTestObject("Page_Concours photo  votez pour la plus bel_494087/input_trie par_keyword"), Keys.chord(ENTER)): Keys 'ENTER + ' sent to object: 'Object Repository/Page_Concours photo  votez pour la plus bel_494087/input_trie par_keyword'

2022-07-19 14:54:16 - [MESSAGE][PASSED] - Keys 'ENTER + ' sent to object: 'Object Repository/Page_Concours photo  votez pour la plus bel_494087/input_trie par_keyword'

2022-07-19 14:54:16 - [TEST_STEP][PASSED] - click(findTestObject("Page_Concours photo  votez pour la plus bel_494087/tri")): Object: 'Object Repository/Page_Concours photo  votez pour la plus bel_494087/tri' is clicked on

2022-07-19 14:54:17 - [MESSAGE][PASSED] - Object: 'Object Repository/Page_Concours photo  votez pour la plus bel_494087/tri' is clicked on

2022-07-19 14:54:17 - [TEST_STEP][PASSED] - click(findTestObject("Page_Concours photo  votez pour la plus bel_494087/plus de votes")): Object: 'Object Repository/Page_Concours photo  votez pour la plus bel_494087/plus de votes' is clicked on

2022-07-19 14:54:18 - [MESSAGE][PASSED] - Object: 'Object Repository/Page_Concours photo  votez pour la plus bel_494087/plus de votes' is clicked on

2022-07-19 14:54:19 - [TEST_STEP][PASSED] - click(findTestObject("Object Repository/Page_Concours photo  votez pour la plus bel_494087/i_Votes_fa fa-heart")): Object: 'Object Repository/Page_Concours photo  votez pour la plus bel_494087/i_Votes_fa fa-heart' is clicked on

2022-07-19 14:54:19 - [MESSAGE][PASSED] - Object: 'Object Repository/Page_Concours photo  votez pour la plus bel_494087/i_Votes_fa fa-heart' is clicked on

2022-07-19 14:54:19 - [TEST_STEP][PASSED] - delay(1): Delayed 1 second(s)

2022-07-19 14:54:20 - [MESSAGE][PASSED] - Delayed 1 second(s)

2022-07-19 14:54:20 - [TEST_STEP][PASSED] - closeBrowser(): Browser is closed

2022-07-19 14:54:21 - [MESSAGE][PASSED] - Browser is closed]]></system-out>
         <system-err><![CDATA[]]></system-err>
      </testcase>
      <testcase name="Test Cases/Vote" time="24.928" classname="Test Cases/Vote" status="PASSED">
         <system-out><![CDATA[2022-07-19 14:54:21 - [TEST_CASE][PASSED] - Test Cases/Vote: Test Cases/Vote

2022-07-19 14:54:21 - [TEST_STEP][PASSED] - openBrowser(""): Browser is opened with url: ''

2022-07-19 14:54:21 - [MESSAGE][INFO] - Starting 'Chrome' driver

2022-07-19 14:54:21 - [MESSAGE][INFO] - Action delay is set to 0 milliseconds

2022-07-19 14:54:22 - [MESSAGE][PASSED] - Browser is opened with url: ''

2022-07-19 14:54:22 - [TEST_STEP][PASSED] - navigateToUrl("https://lesechosdutouquet.nordlittoral.fr/147787/article/2022-06-30/concours-photo-montrez-nous-la-plus-belle-photo-de-votre-chien-en-promenade-sur#l5lb6r47qsmp9ur58y"): Navigate to 'https://lesechosdutouquet.nordlittoral.fr/147787/article/2022-06-30/concours-photo-montrez-nous-la-plus-belle-photo-de-votre-chien-en-promenade-sur#l5lb6r47qsmp9ur58y' successfully

2022-07-19 14:54:26 - [MESSAGE][PASSED] - Navigate to 'https://lesechosdutouquet.nordlittoral.fr/147787/article/2022-06-30/concours-photo-montrez-nous-la-plus-belle-photo-de-votre-chien-en-promenade-sur#l5lb6r47qsmp9ur58y' successfully

2022-07-19 14:54:26 - [TEST_STEP][PASSED] - setViewPortSize(1920, 1080): Viewport is set to new size with width = 1920 and height = 1080

2022-07-19 14:54:26 - [MESSAGE][PASSED] - Viewport is set to new size with width = 1920 and height = 1080

2022-07-19 14:54:26 - [TEST_STEP][PASSED] - click(findTestObject("Object Repository/Page_Concours photo  votez pour la plus bel_494087/button_Accepter  Fermer")): Object: 'Object Repository/Page_Concours photo  votez pour la plus bel_494087/button_Accepter  Fermer' is clicked on

2022-07-19 14:54:27 - [MESSAGE][PASSED] - Object: 'Object Repository/Page_Concours photo  votez pour la plus bel_494087/button_Accepter  Fermer' is clicked on

2022-07-19 14:54:27 - [TEST_STEP][PASSED] - waitForElementVisible(findTestObject("Object Repository/Page_Concours photo  votez pour la plus bel_494087/a_X"), 15): Object 'Object Repository/Page_Concours photo  votez pour la plus bel_494087/a_X' is visible

2022-07-19 14:54:34 - [MESSAGE][PASSED] - Object 'Object Repository/Page_Concours photo  votez pour la plus bel_494087/a_X' is visible

2022-07-19 14:54:34 - [TEST_STEP][PASSED] - click(findTestObject("Object Repository/Page_Concours photo  votez pour la plus bel_494087/a_X")): Object: 'Object Repository/Page_Concours photo  votez pour la plus bel_494087/a_X' is clicked on

2022-07-19 14:54:34 - [MESSAGE][PASSED] - Object: 'Object Repository/Page_Concours photo  votez pour la plus bel_494087/a_X' is clicked on

2022-07-19 14:54:34 - [TEST_STEP][PASSED] - delay(1): Delayed 1 second(s)

2022-07-19 14:54:35 - [MESSAGE][PASSED] - Delayed 1 second(s)

2022-07-19 14:54:35 - [TEST_STEP][PASSED] - click(findTestObject("Object Repository/Page_Concours photo  votez pour la plus bel_494087/input_concat(Votez pour le plus beau chien de la cte d, , Opale )_jouer")): Object: 'Object Repository/Page_Concours photo  votez pour la plus bel_494087/input_concat(Votez pour le plus beau chien de la cte d, , Opale )_jouer' is clicked on

2022-07-19 14:54:36 - [MESSAGE][PASSED] - Object: 'Object Repository/Page_Concours photo  votez pour la plus bel_494087/input_concat(Votez pour le plus beau chien de la cte d, , Opale )_jouer' is clicked on

2022-07-19 14:54:36 - [TEST_STEP][PASSED] - if (verifyElementPresent(findTestObject("Page_Concours photo  votez pour la plus bel_494087/input_concat(Votez pour le plus beau chien de la cte d, , Opale )_jouer"), 1, OPTIONAL)): null

2022-07-19 14:54:37 - [MESSAGE][PASSED] - Object 'Object Repository/Page_Concours photo  votez pour la plus bel_494087/input_concat(Votez pour le plus beau chien de la cte d, , Opale )_jouer' is present

2022-07-19 14:54:37 - [TEST_STEP][PASSED] - click(findTestObject("Object Repository/Page_Concours photo  votez pour la plus bel_494087/input_concat(Votez pour le plus beau chien de la cte d, , Opale )_jouer")): Object: 'Object Repository/Page_Concours photo  votez pour la plus bel_494087/input_concat(Votez pour le plus beau chien de la cte d, , Opale )_jouer' is clicked on

2022-07-19 14:54:38 - [MESSAGE][PASSED] - Object: 'Object Repository/Page_Concours photo  votez pour la plus bel_494087/input_concat(Votez pour le plus beau chien de la cte d, , Opale )_jouer' is clicked on

2022-07-19 14:54:38 - [TEST_STEP][PASSED] - delay(1): Delayed 1 second(s)

2022-07-19 14:54:39 - [MESSAGE][PASSED] - Delayed 1 second(s)

2022-07-19 14:54:39 - [TEST_STEP][PASSED] - setText(findTestObject("Object Repository/Page_Concours photo  votez pour la plus bel_494087/input_trie par_keyword"), "Gaspard"): Text 'Gaspard' is set on object 'Object Repository/Page_Concours photo  votez pour la plus bel_494087/input_trie par_keyword'

2022-07-19 14:54:41 - [MESSAGE][PASSED] - Text 'Gaspard' is set on object 'Object Repository/Page_Concours photo  votez pour la plus bel_494087/input_trie par_keyword'

2022-07-19 14:54:41 - [TEST_STEP][PASSED] - sendKeys(findTestObject("Page_Concours photo  votez pour la plus bel_494087/input_trie par_keyword"), Keys.chord(ENTER)): Keys 'ENTER + ' sent to object: 'Object Repository/Page_Concours photo  votez pour la plus bel_494087/input_trie par_keyword'

2022-07-19 14:54:41 - [MESSAGE][PASSED] - Keys 'ENTER + ' sent to object: 'Object Repository/Page_Concours photo  votez pour la plus bel_494087/input_trie par_keyword'

2022-07-19 14:54:41 - [TEST_STEP][PASSED] - click(findTestObject("Page_Concours photo  votez pour la plus bel_494087/tri")): Object: 'Object Repository/Page_Concours photo  votez pour la plus bel_494087/tri' is clicked on

2022-07-19 14:54:42 - [MESSAGE][PASSED] - Object: 'Object Repository/Page_Concours photo  votez pour la plus bel_494087/tri' is clicked on

2022-07-19 14:54:42 - [TEST_STEP][PASSED] - click(findTestObject("Page_Concours photo  votez pour la plus bel_494087/plus de votes")): Object: 'Object Repository/Page_Concours photo  votez pour la plus bel_494087/plus de votes' is clicked on

2022-07-19 14:54:44 - [MESSAGE][PASSED] - Object: 'Object Repository/Page_Concours photo  votez pour la plus bel_494087/plus de votes' is clicked on

2022-07-19 14:54:44 - [TEST_STEP][PASSED] - click(findTestObject("Object Repository/Page_Concours photo  votez pour la plus bel_494087/i_Votes_fa fa-heart")): Object: 'Object Repository/Page_Concours photo  votez pour la plus bel_494087/i_Votes_fa fa-heart' is clicked on

2022-07-19 14:54:44 - [MESSAGE][PASSED] - Object: 'Object Repository/Page_Concours photo  votez pour la plus bel_494087/i_Votes_fa fa-heart' is clicked on

2022-07-19 14:54:44 - [TEST_STEP][PASSED] - delay(1): Delayed 1 second(s)

2022-07-19 14:54:45 - [MESSAGE][PASSED] - Delayed 1 second(s)

2022-07-19 14:54:45 - [TEST_STEP][PASSED] - closeBrowser(): Browser is closed

2022-07-19 14:54:46 - [MESSAGE][PASSED] - Browser is closed]]></system-out>
         <system-err><![CDATA[]]></system-err>
      </testcase>
      <testcase name="Test Cases/Vote" time="27.144" classname="Test Cases/Vote" status="PASSED">
         <system-out><![CDATA[2022-07-19 14:54:46 - [TEST_CASE][PASSED] - Test Cases/Vote: Test Cases/Vote

2022-07-19 14:54:46 - [TEST_STEP][PASSED] - openBrowser(""): Browser is opened with url: ''

2022-07-19 14:54:46 - [MESSAGE][INFO] - Starting 'Chrome' driver

2022-07-19 14:54:46 - [MESSAGE][INFO] - Action delay is set to 0 milliseconds

2022-07-19 14:54:47 - [MESSAGE][PASSED] - Browser is opened with url: ''

2022-07-19 14:54:47 - [TEST_STEP][PASSED] - navigateToUrl("https://lesechosdutouquet.nordlittoral.fr/147787/article/2022-06-30/concours-photo-montrez-nous-la-plus-belle-photo-de-votre-chien-en-promenade-sur#l5lb6r47qsmp9ur58y"): Navigate to 'https://lesechosdutouquet.nordlittoral.fr/147787/article/2022-06-30/concours-photo-montrez-nous-la-plus-belle-photo-de-votre-chien-en-promenade-sur#l5lb6r47qsmp9ur58y' successfully

2022-07-19 14:54:50 - [MESSAGE][PASSED] - Navigate to 'https://lesechosdutouquet.nordlittoral.fr/147787/article/2022-06-30/concours-photo-montrez-nous-la-plus-belle-photo-de-votre-chien-en-promenade-sur#l5lb6r47qsmp9ur58y' successfully

2022-07-19 14:54:50 - [TEST_STEP][PASSED] - setViewPortSize(1920, 1080): Viewport is set to new size with width = 1920 and height = 1080

2022-07-19 14:54:50 - [MESSAGE][PASSED] - Viewport is set to new size with width = 1920 and height = 1080

2022-07-19 14:54:50 - [TEST_STEP][PASSED] - click(findTestObject("Object Repository/Page_Concours photo  votez pour la plus bel_494087/button_Accepter  Fermer")): Object: 'Object Repository/Page_Concours photo  votez pour la plus bel_494087/button_Accepter  Fermer' is clicked on

2022-07-19 14:54:52 - [MESSAGE][PASSED] - Object: 'Object Repository/Page_Concours photo  votez pour la plus bel_494087/button_Accepter  Fermer' is clicked on

2022-07-19 14:54:52 - [TEST_STEP][PASSED] - waitForElementVisible(findTestObject("Object Repository/Page_Concours photo  votez pour la plus bel_494087/a_X"), 15): Object 'Object Repository/Page_Concours photo  votez pour la plus bel_494087/a_X' is visible

2022-07-19 14:54:58 - [MESSAGE][PASSED] - Object 'Object Repository/Page_Concours photo  votez pour la plus bel_494087/a_X' is visible

2022-07-19 14:54:58 - [TEST_STEP][PASSED] - click(findTestObject("Object Repository/Page_Concours photo  votez pour la plus bel_494087/a_X")): Object: 'Object Repository/Page_Concours photo  votez pour la plus bel_494087/a_X' is clicked on

2022-07-19 14:54:59 - [MESSAGE][PASSED] - Object: 'Object Repository/Page_Concours photo  votez pour la plus bel_494087/a_X' is clicked on

2022-07-19 14:54:59 - [TEST_STEP][PASSED] - delay(1): Delayed 1 second(s)

2022-07-19 14:55:00 - [MESSAGE][PASSED] - Delayed 1 second(s)

2022-07-19 14:55:00 - [TEST_STEP][PASSED] - click(findTestObject("Object Repository/Page_Concours photo  votez pour la plus bel_494087/input_concat(Votez pour le plus beau chien de la cte d, , Opale )_jouer")): Object: 'Object Repository/Page_Concours photo  votez pour la plus bel_494087/input_concat(Votez pour le plus beau chien de la cte d, , Opale )_jouer' is clicked on

2022-07-19 14:55:01 - [MESSAGE][PASSED] - Object: 'Object Repository/Page_Concours photo  votez pour la plus bel_494087/input_concat(Votez pour le plus beau chien de la cte d, , Opale )_jouer' is clicked on

2022-07-19 14:55:01 - [TEST_STEP][PASSED] - if (verifyElementPresent(findTestObject("Page_Concours photo  votez pour la plus bel_494087/input_concat(Votez pour le plus beau chien de la cte d, , Opale )_jouer"), 1, OPTIONAL)): null

2022-07-19 14:55:02 - [MESSAGE][PASSED] - Object 'Object Repository/Page_Concours photo  votez pour la plus bel_494087/input_concat(Votez pour le plus beau chien de la cte d, , Opale )_jouer' is present

2022-07-19 14:55:02 - [TEST_STEP][PASSED] - click(findTestObject("Object Repository/Page_Concours photo  votez pour la plus bel_494087/input_concat(Votez pour le plus beau chien de la cte d, , Opale )_jouer")): Object: 'Object Repository/Page_Concours photo  votez pour la plus bel_494087/input_concat(Votez pour le plus beau chien de la cte d, , Opale )_jouer' is clicked on

2022-07-19 14:55:03 - [MESSAGE][PASSED] - Object: 'Object Repository/Page_Concours photo  votez pour la plus bel_494087/input_concat(Votez pour le plus beau chien de la cte d, , Opale )_jouer' is clicked on

2022-07-19 14:55:03 - [TEST_STEP][PASSED] - delay(1): Delayed 1 second(s)

2022-07-19 14:55:04 - [MESSAGE][PASSED] - Delayed 1 second(s)

2022-07-19 14:55:04 - [TEST_STEP][PASSED] - setText(findTestObject("Object Repository/Page_Concours photo  votez pour la plus bel_494087/input_trie par_keyword"), "Gaspard"): Text 'Gaspard' is set on object 'Object Repository/Page_Concours photo  votez pour la plus bel_494087/input_trie par_keyword'

2022-07-19 14:55:07 - [MESSAGE][PASSED] - Text 'Gaspard' is set on object 'Object Repository/Page_Concours photo  votez pour la plus bel_494087/input_trie par_keyword'

2022-07-19 14:55:07 - [TEST_STEP][PASSED] - sendKeys(findTestObject("Page_Concours photo  votez pour la plus bel_494087/input_trie par_keyword"), Keys.chord(ENTER)): Keys 'ENTER + ' sent to object: 'Object Repository/Page_Concours photo  votez pour la plus bel_494087/input_trie par_keyword'

2022-07-19 14:55:09 - [MESSAGE][PASSED] - Keys 'ENTER + ' sent to object: 'Object Repository/Page_Concours photo  votez pour la plus bel_494087/input_trie par_keyword'

2022-07-19 14:55:09 - [TEST_STEP][PASSED] - click(findTestObject("Page_Concours photo  votez pour la plus bel_494087/tri")): Object: 'Object Repository/Page_Concours photo  votez pour la plus bel_494087/tri' is clicked on

2022-07-19 14:55:09 - [MESSAGE][PASSED] - Object: 'Object Repository/Page_Concours photo  votez pour la plus bel_494087/tri' is clicked on

2022-07-19 14:55:09 - [TEST_STEP][PASSED] - click(findTestObject("Page_Concours photo  votez pour la plus bel_494087/plus de votes")): Object: 'Object Repository/Page_Concours photo  votez pour la plus bel_494087/plus de votes' is clicked on

2022-07-19 14:55:10 - [MESSAGE][PASSED] - Object: 'Object Repository/Page_Concours photo  votez pour la plus bel_494087/plus de votes' is clicked on

2022-07-19 14:55:11 - [TEST_STEP][PASSED] - click(findTestObject("Object Repository/Page_Concours photo  votez pour la plus bel_494087/i_Votes_fa fa-heart")): Object: 'Object Repository/Page_Concours photo  votez pour la plus bel_494087/i_Votes_fa fa-heart' is clicked on

2022-07-19 14:55:12 - [MESSAGE][PASSED] - Object: 'Object Repository/Page_Concours photo  votez pour la plus bel_494087/i_Votes_fa fa-heart' is clicked on

2022-07-19 14:55:12 - [TEST_STEP][PASSED] - delay(1): Delayed 1 second(s)

2022-07-19 14:55:13 - [MESSAGE][PASSED] - Delayed 1 second(s)

2022-07-19 14:55:13 - [TEST_STEP][PASSED] - closeBrowser(): Browser is closed

2022-07-19 14:55:13 - [MESSAGE][PASSED] - Browser is closed]]></system-out>
         <system-err><![CDATA[]]></system-err>
      </testcase>
      <testcase name="Test Cases/Vote" time="26.343" classname="Test Cases/Vote" status="PASSED">
         <system-out><![CDATA[2022-07-19 14:55:13 - [TEST_CASE][PASSED] - Test Cases/Vote: Test Cases/Vote

2022-07-19 14:55:13 - [TEST_STEP][PASSED] - openBrowser(""): Browser is opened with url: ''

2022-07-19 14:55:13 - [MESSAGE][INFO] - Starting 'Chrome' driver

2022-07-19 14:55:13 - [MESSAGE][INFO] - Action delay is set to 0 milliseconds

2022-07-19 14:55:14 - [MESSAGE][PASSED] - Browser is opened with url: ''

2022-07-19 14:55:14 - [TEST_STEP][PASSED] - navigateToUrl("https://lesechosdutouquet.nordlittoral.fr/147787/article/2022-06-30/concours-photo-montrez-nous-la-plus-belle-photo-de-votre-chien-en-promenade-sur#l5lb6r47qsmp9ur58y"): Navigate to 'https://lesechosdutouquet.nordlittoral.fr/147787/article/2022-06-30/concours-photo-montrez-nous-la-plus-belle-photo-de-votre-chien-en-promenade-sur#l5lb6r47qsmp9ur58y' successfully

2022-07-19 14:55:17 - [MESSAGE][PASSED] - Navigate to 'https://lesechosdutouquet.nordlittoral.fr/147787/article/2022-06-30/concours-photo-montrez-nous-la-plus-belle-photo-de-votre-chien-en-promenade-sur#l5lb6r47qsmp9ur58y' successfully

2022-07-19 14:55:17 - [TEST_STEP][PASSED] - setViewPortSize(1920, 1080): Viewport is set to new size with width = 1920 and height = 1080

2022-07-19 14:55:17 - [MESSAGE][PASSED] - Viewport is set to new size with width = 1920 and height = 1080

2022-07-19 14:55:17 - [TEST_STEP][PASSED] - click(findTestObject("Object Repository/Page_Concours photo  votez pour la plus bel_494087/button_Accepter  Fermer")): Object: 'Object Repository/Page_Concours photo  votez pour la plus bel_494087/button_Accepter  Fermer' is clicked on

2022-07-19 14:55:18 - [MESSAGE][PASSED] - Object: 'Object Repository/Page_Concours photo  votez pour la plus bel_494087/button_Accepter  Fermer' is clicked on

2022-07-19 14:55:18 - [TEST_STEP][PASSED] - waitForElementVisible(findTestObject("Object Repository/Page_Concours photo  votez pour la plus bel_494087/a_X"), 15): Object 'Object Repository/Page_Concours photo  votez pour la plus bel_494087/a_X' is visible

2022-07-19 14:55:25 - [MESSAGE][PASSED] - Object 'Object Repository/Page_Concours photo  votez pour la plus bel_494087/a_X' is visible

2022-07-19 14:55:25 - [TEST_STEP][PASSED] - click(findTestObject("Object Repository/Page_Concours photo  votez pour la plus bel_494087/a_X")): Object: 'Object Repository/Page_Concours photo  votez pour la plus bel_494087/a_X' is clicked on

2022-07-19 14:55:26 - [MESSAGE][PASSED] - Object: 'Object Repository/Page_Concours photo  votez pour la plus bel_494087/a_X' is clicked on

2022-07-19 14:55:26 - [TEST_STEP][PASSED] - delay(1): Delayed 1 second(s)

2022-07-19 14:55:27 - [MESSAGE][PASSED] - Delayed 1 second(s)

2022-07-19 14:55:27 - [TEST_STEP][PASSED] - click(findTestObject("Object Repository/Page_Concours photo  votez pour la plus bel_494087/input_concat(Votez pour le plus beau chien de la cte d, , Opale )_jouer")): Object: 'Object Repository/Page_Concours photo  votez pour la plus bel_494087/input_concat(Votez pour le plus beau chien de la cte d, , Opale )_jouer' is clicked on

2022-07-19 14:55:28 - [MESSAGE][PASSED] - Object: 'Object Repository/Page_Concours photo  votez pour la plus bel_494087/input_concat(Votez pour le plus beau chien de la cte d, , Opale )_jouer' is clicked on

2022-07-19 14:55:28 - [TEST_STEP][PASSED] - if (verifyElementPresent(findTestObject("Page_Concours photo  votez pour la plus bel_494087/input_concat(Votez pour le plus beau chien de la cte d, , Opale )_jouer"), 1, OPTIONAL)): null

2022-07-19 14:55:29 - [MESSAGE][PASSED] - Object 'Object Repository/Page_Concours photo  votez pour la plus bel_494087/input_concat(Votez pour le plus beau chien de la cte d, , Opale )_jouer' is present

2022-07-19 14:55:29 - [TEST_STEP][PASSED] - click(findTestObject("Object Repository/Page_Concours photo  votez pour la plus bel_494087/input_concat(Votez pour le plus beau chien de la cte d, , Opale )_jouer")): Object: 'Object Repository/Page_Concours photo  votez pour la plus bel_494087/input_concat(Votez pour le plus beau chien de la cte d, , Opale )_jouer' is clicked on

2022-07-19 14:55:30 - [MESSAGE][PASSED] - Object: 'Object Repository/Page_Concours photo  votez pour la plus bel_494087/input_concat(Votez pour le plus beau chien de la cte d, , Opale )_jouer' is clicked on

2022-07-19 14:55:30 - [TEST_STEP][PASSED] - delay(1): Delayed 1 second(s)

2022-07-19 14:55:31 - [MESSAGE][PASSED] - Delayed 1 second(s)

2022-07-19 14:55:31 - [TEST_STEP][PASSED] - setText(findTestObject("Object Repository/Page_Concours photo  votez pour la plus bel_494087/input_trie par_keyword"), "Gaspard"): Text 'Gaspard' is set on object 'Object Repository/Page_Concours photo  votez pour la plus bel_494087/input_trie par_keyword'

2022-07-19 14:55:33 - [MESSAGE][PASSED] - Text 'Gaspard' is set on object 'Object Repository/Page_Concours photo  votez pour la plus bel_494087/input_trie par_keyword'

2022-07-19 14:55:33 - [TEST_STEP][PASSED] - sendKeys(findTestObject("Page_Concours photo  votez pour la plus bel_494087/input_trie par_keyword"), Keys.chord(ENTER)): Keys 'ENTER + ' sent to object: 'Object Repository/Page_Concours photo  votez pour la plus bel_494087/input_trie par_keyword'

2022-07-19 14:55:35 - [MESSAGE][PASSED] - Keys 'ENTER + ' sent to object: 'Object Repository/Page_Concours photo  votez pour la plus bel_494087/input_trie par_keyword'

2022-07-19 14:55:35 - [TEST_STEP][PASSED] - click(findTestObject("Page_Concours photo  votez pour la plus bel_494087/tri")): Object: 'Object Repository/Page_Concours photo  votez pour la plus bel_494087/tri' is clicked on

2022-07-19 14:55:35 - [MESSAGE][PASSED] - Object: 'Object Repository/Page_Concours photo  votez pour la plus bel_494087/tri' is clicked on

2022-07-19 14:55:35 - [TEST_STEP][PASSED] - click(findTestObject("Page_Concours photo  votez pour la plus bel_494087/plus de votes")): Object: 'Object Repository/Page_Concours photo  votez pour la plus bel_494087/plus de votes' is clicked on

2022-07-19 14:55:36 - [MESSAGE][PASSED] - Object: 'Object Repository/Page_Concours photo  votez pour la plus bel_494087/plus de votes' is clicked on

2022-07-19 14:55:37 - [TEST_STEP][PASSED] - click(findTestObject("Object Repository/Page_Concours photo  votez pour la plus bel_494087/i_Votes_fa fa-heart")): Object: 'Object Repository/Page_Concours photo  votez pour la plus bel_494087/i_Votes_fa fa-heart' is clicked on

2022-07-19 14:55:38 - [MESSAGE][PASSED] - Object: 'Object Repository/Page_Concours photo  votez pour la plus bel_494087/i_Votes_fa fa-heart' is clicked on

2022-07-19 14:55:38 - [TEST_STEP][PASSED] - delay(1): Delayed 1 second(s)

2022-07-19 14:55:39 - [MESSAGE][PASSED] - Delayed 1 second(s)

2022-07-19 14:55:39 - [TEST_STEP][PASSED] - closeBrowser(): Browser is closed

2022-07-19 14:55:39 - [MESSAGE][PASSED] - Browser is closed]]></system-out>
         <system-err><![CDATA[]]></system-err>
      </testcase>
      <testcase name="Test Cases/Vote" time="25.171" classname="Test Cases/Vote" status="PASSED">
         <system-out><![CDATA[2022-07-19 14:55:39 - [TEST_CASE][PASSED] - Test Cases/Vote: Test Cases/Vote

2022-07-19 14:55:39 - [TEST_STEP][PASSED] - openBrowser(""): Browser is opened with url: ''

2022-07-19 14:55:39 - [MESSAGE][INFO] - Starting 'Chrome' driver

2022-07-19 14:55:39 - [MESSAGE][INFO] - Action delay is set to 0 milliseconds

2022-07-19 14:55:41 - [MESSAGE][PASSED] - Browser is opened with url: ''

2022-07-19 14:55:41 - [TEST_STEP][PASSED] - navigateToUrl("https://lesechosdutouquet.nordlittoral.fr/147787/article/2022-06-30/concours-photo-montrez-nous-la-plus-belle-photo-de-votre-chien-en-promenade-sur#l5lb6r47qsmp9ur58y"): Navigate to 'https://lesechosdutouquet.nordlittoral.fr/147787/article/2022-06-30/concours-photo-montrez-nous-la-plus-belle-photo-de-votre-chien-en-promenade-sur#l5lb6r47qsmp9ur58y' successfully

2022-07-19 14:55:44 - [MESSAGE][PASSED] - Navigate to 'https://lesechosdutouquet.nordlittoral.fr/147787/article/2022-06-30/concours-photo-montrez-nous-la-plus-belle-photo-de-votre-chien-en-promenade-sur#l5lb6r47qsmp9ur58y' successfully

2022-07-19 14:55:44 - [TEST_STEP][PASSED] - setViewPortSize(1920, 1080): Viewport is set to new size with width = 1920 and height = 1080

2022-07-19 14:55:44 - [MESSAGE][PASSED] - Viewport is set to new size with width = 1920 and height = 1080

2022-07-19 14:55:44 - [TEST_STEP][PASSED] - click(findTestObject("Object Repository/Page_Concours photo  votez pour la plus bel_494087/button_Accepter  Fermer")): Object: 'Object Repository/Page_Concours photo  votez pour la plus bel_494087/button_Accepter  Fermer' is clicked on

2022-07-19 14:55:45 - [MESSAGE][PASSED] - Object: 'Object Repository/Page_Concours photo  votez pour la plus bel_494087/button_Accepter  Fermer' is clicked on

2022-07-19 14:55:45 - [TEST_STEP][PASSED] - waitForElementVisible(findTestObject("Object Repository/Page_Concours photo  votez pour la plus bel_494087/a_X"), 15): Object 'Object Repository/Page_Concours photo  votez pour la plus bel_494087/a_X' is visible

2022-07-19 14:55:52 - [MESSAGE][PASSED] - Object 'Object Repository/Page_Concours photo  votez pour la plus bel_494087/a_X' is visible

2022-07-19 14:55:52 - [TEST_STEP][PASSED] - click(findTestObject("Object Repository/Page_Concours photo  votez pour la plus bel_494087/a_X")): Object: 'Object Repository/Page_Concours photo  votez pour la plus bel_494087/a_X' is clicked on

2022-07-19 14:55:52 - [MESSAGE][PASSED] - Object: 'Object Repository/Page_Concours photo  votez pour la plus bel_494087/a_X' is clicked on

2022-07-19 14:55:52 - [TEST_STEP][PASSED] - delay(1): Delayed 1 second(s)

2022-07-19 14:55:53 - [MESSAGE][PASSED] - Delayed 1 second(s)

2022-07-19 14:55:53 - [TEST_STEP][PASSED] - click(findTestObject("Object Repository/Page_Concours photo  votez pour la plus bel_494087/input_concat(Votez pour le plus beau chien de la cte d, , Opale )_jouer")): Object: 'Object Repository/Page_Concours photo  votez pour la plus bel_494087/input_concat(Votez pour le plus beau chien de la cte d, , Opale )_jouer' is clicked on

2022-07-19 14:55:54 - [MESSAGE][PASSED] - Object: 'Object Repository/Page_Concours photo  votez pour la plus bel_494087/input_concat(Votez pour le plus beau chien de la cte d, , Opale )_jouer' is clicked on

2022-07-19 14:55:55 - [TEST_STEP][PASSED] - if (verifyElementPresent(findTestObject("Page_Concours photo  votez pour la plus bel_494087/input_concat(Votez pour le plus beau chien de la cte d, , Opale )_jouer"), 1, OPTIONAL)): null

2022-07-19 14:55:56 - [MESSAGE][PASSED] - Object 'Object Repository/Page_Concours photo  votez pour la plus bel_494087/input_concat(Votez pour le plus beau chien de la cte d, , Opale )_jouer' is present

2022-07-19 14:55:56 - [TEST_STEP][PASSED] - click(findTestObject("Object Repository/Page_Concours photo  votez pour la plus bel_494087/input_concat(Votez pour le plus beau chien de la cte d, , Opale )_jouer")): Object: 'Object Repository/Page_Concours photo  votez pour la plus bel_494087/input_concat(Votez pour le plus beau chien de la cte d, , Opale )_jouer' is clicked on

2022-07-19 14:55:56 - [MESSAGE][PASSED] - Object: 'Object Repository/Page_Concours photo  votez pour la plus bel_494087/input_concat(Votez pour le plus beau chien de la cte d, , Opale )_jouer' is clicked on

2022-07-19 14:55:56 - [TEST_STEP][PASSED] - delay(1): Delayed 1 second(s)

2022-07-19 14:55:57 - [MESSAGE][PASSED] - Delayed 1 second(s)

2022-07-19 14:55:57 - [TEST_STEP][PASSED] - setText(findTestObject("Object Repository/Page_Concours photo  votez pour la plus bel_494087/input_trie par_keyword"), "Gaspard"): Text 'Gaspard' is set on object 'Object Repository/Page_Concours photo  votez pour la plus bel_494087/input_trie par_keyword'

2022-07-19 14:55:58 - [MESSAGE][PASSED] - Text 'Gaspard' is set on object 'Object Repository/Page_Concours photo  votez pour la plus bel_494087/input_trie par_keyword'

2022-07-19 14:55:58 - [TEST_STEP][PASSED] - sendKeys(findTestObject("Page_Concours photo  votez pour la plus bel_494087/input_trie par_keyword"), Keys.chord(ENTER)): Keys 'ENTER + ' sent to object: 'Object Repository/Page_Concours photo  votez pour la plus bel_494087/input_trie par_keyword'

2022-07-19 14:56:00 - [MESSAGE][PASSED] - Keys 'ENTER + ' sent to object: 'Object Repository/Page_Concours photo  votez pour la plus bel_494087/input_trie par_keyword'

2022-07-19 14:56:00 - [TEST_STEP][PASSED] - click(findTestObject("Page_Concours photo  votez pour la plus bel_494087/tri")): Object: 'Object Repository/Page_Concours photo  votez pour la plus bel_494087/tri' is clicked on

2022-07-19 14:56:00 - [MESSAGE][PASSED] - Object: 'Object Repository/Page_Concours photo  votez pour la plus bel_494087/tri' is clicked on

2022-07-19 14:56:00 - [TEST_STEP][PASSED] - click(findTestObject("Page_Concours photo  votez pour la plus bel_494087/plus de votes")): Object: 'Object Repository/Page_Concours photo  votez pour la plus bel_494087/plus de votes' is clicked on

2022-07-19 14:56:01 - [MESSAGE][PASSED] - Object: 'Object Repository/Page_Concours photo  votez pour la plus bel_494087/plus de votes' is clicked on

2022-07-19 14:56:03 - [TEST_STEP][PASSED] - click(findTestObject("Object Repository/Page_Concours photo  votez pour la plus bel_494087/i_Votes_fa fa-heart")): Object: 'Object Repository/Page_Concours photo  votez pour la plus bel_494087/i_Votes_fa fa-heart' is clicked on

2022-07-19 14:56:03 - [MESSAGE][PASSED] - Object: 'Object Repository/Page_Concours photo  votez pour la plus bel_494087/i_Votes_fa fa-heart' is clicked on

2022-07-19 14:56:03 - [TEST_STEP][PASSED] - delay(1): Delayed 1 second(s)

2022-07-19 14:56:04 - [MESSAGE][PASSED] - Delayed 1 second(s)

2022-07-19 14:56:04 - [TEST_STEP][PASSED] - closeBrowser(): Browser is closed

2022-07-19 14:56:04 - [MESSAGE][PASSED] - Browser is closed]]></system-out>
         <system-err><![CDATA[]]></system-err>
      </testcase>
      <testcase name="Test Cases/Vote" time="27.938" classname="Test Cases/Vote" status="PASSED">
         <system-out><![CDATA[2022-07-19 14:56:04 - [TEST_CASE][PASSED] - Test Cases/Vote: Test Cases/Vote

2022-07-19 14:56:04 - [TEST_STEP][PASSED] - openBrowser(""): Browser is opened with url: ''

2022-07-19 14:56:04 - [MESSAGE][INFO] - Starting 'Chrome' driver

2022-07-19 14:56:04 - [MESSAGE][INFO] - Action delay is set to 0 milliseconds

2022-07-19 14:56:06 - [MESSAGE][PASSED] - Browser is opened with url: ''

2022-07-19 14:56:06 - [TEST_STEP][PASSED] - navigateToUrl("https://lesechosdutouquet.nordlittoral.fr/147787/article/2022-06-30/concours-photo-montrez-nous-la-plus-belle-photo-de-votre-chien-en-promenade-sur#l5lb6r47qsmp9ur58y"): Navigate to 'https://lesechosdutouquet.nordlittoral.fr/147787/article/2022-06-30/concours-photo-montrez-nous-la-plus-belle-photo-de-votre-chien-en-promenade-sur#l5lb6r47qsmp9ur58y' successfully

2022-07-19 14:56:08 - [MESSAGE][PASSED] - Navigate to 'https://lesechosdutouquet.nordlittoral.fr/147787/article/2022-06-30/concours-photo-montrez-nous-la-plus-belle-photo-de-votre-chien-en-promenade-sur#l5lb6r47qsmp9ur58y' successfully

2022-07-19 14:56:08 - [TEST_STEP][PASSED] - setViewPortSize(1920, 1080): Viewport is set to new size with width = 1920 and height = 1080

2022-07-19 14:56:08 - [MESSAGE][PASSED] - Viewport is set to new size with width = 1920 and height = 1080

2022-07-19 14:56:08 - [TEST_STEP][PASSED] - click(findTestObject("Object Repository/Page_Concours photo  votez pour la plus bel_494087/button_Accepter  Fermer")): Object: 'Object Repository/Page_Concours photo  votez pour la plus bel_494087/button_Accepter  Fermer' is clicked on

2022-07-19 14:56:13 - [MESSAGE][PASSED] - Object: 'Object Repository/Page_Concours photo  votez pour la plus bel_494087/button_Accepter  Fermer' is clicked on

2022-07-19 14:56:13 - [TEST_STEP][PASSED] - waitForElementVisible(findTestObject("Object Repository/Page_Concours photo  votez pour la plus bel_494087/a_X"), 15): Object 'Object Repository/Page_Concours photo  votez pour la plus bel_494087/a_X' is visible

2022-07-19 14:56:20 - [MESSAGE][PASSED] - Object 'Object Repository/Page_Concours photo  votez pour la plus bel_494087/a_X' is visible

2022-07-19 14:56:20 - [TEST_STEP][PASSED] - click(findTestObject("Object Repository/Page_Concours photo  votez pour la plus bel_494087/a_X")): Object: 'Object Repository/Page_Concours photo  votez pour la plus bel_494087/a_X' is clicked on

2022-07-19 14:56:20 - [MESSAGE][PASSED] - Object: 'Object Repository/Page_Concours photo  votez pour la plus bel_494087/a_X' is clicked on

2022-07-19 14:56:20 - [TEST_STEP][PASSED] - delay(1): Delayed 1 second(s)

2022-07-19 14:56:21 - [MESSAGE][PASSED] - Delayed 1 second(s)

2022-07-19 14:56:21 - [TEST_STEP][PASSED] - click(findTestObject("Object Repository/Page_Concours photo  votez pour la plus bel_494087/input_concat(Votez pour le plus beau chien de la cte d, , Opale )_jouer")): Object: 'Object Repository/Page_Concours photo  votez pour la plus bel_494087/input_concat(Votez pour le plus beau chien de la cte d, , Opale )_jouer' is clicked on

2022-07-19 14:56:22 - [MESSAGE][PASSED] - Object: 'Object Repository/Page_Concours photo  votez pour la plus bel_494087/input_concat(Votez pour le plus beau chien de la cte d, , Opale )_jouer' is clicked on

2022-07-19 14:56:22 - [TEST_STEP][PASSED] - if (verifyElementPresent(findTestObject("Page_Concours photo  votez pour la plus bel_494087/input_concat(Votez pour le plus beau chien de la cte d, , Opale )_jouer"), 1, OPTIONAL)): null

2022-07-19 14:56:23 - [MESSAGE][PASSED] - Object 'Object Repository/Page_Concours photo  votez pour la plus bel_494087/input_concat(Votez pour le plus beau chien de la cte d, , Opale )_jouer' is present

2022-07-19 14:56:23 - [TEST_STEP][PASSED] - click(findTestObject("Object Repository/Page_Concours photo  votez pour la plus bel_494087/input_concat(Votez pour le plus beau chien de la cte d, , Opale )_jouer")): Object: 'Object Repository/Page_Concours photo  votez pour la plus bel_494087/input_concat(Votez pour le plus beau chien de la cte d, , Opale )_jouer' is clicked on

2022-07-19 14:56:24 - [MESSAGE][PASSED] - Object: 'Object Repository/Page_Concours photo  votez pour la plus bel_494087/input_concat(Votez pour le plus beau chien de la cte d, , Opale )_jouer' is clicked on

2022-07-19 14:56:24 - [TEST_STEP][PASSED] - delay(1): Delayed 1 second(s)

2022-07-19 14:56:25 - [MESSAGE][PASSED] - Delayed 1 second(s)

2022-07-19 14:56:25 - [TEST_STEP][PASSED] - setText(findTestObject("Object Repository/Page_Concours photo  votez pour la plus bel_494087/input_trie par_keyword"), "Gaspard"): Text 'Gaspard' is set on object 'Object Repository/Page_Concours photo  votez pour la plus bel_494087/input_trie par_keyword'

2022-07-19 14:56:27 - [MESSAGE][PASSED] - Text 'Gaspard' is set on object 'Object Repository/Page_Concours photo  votez pour la plus bel_494087/input_trie par_keyword'

2022-07-19 14:56:27 - [TEST_STEP][PASSED] - sendKeys(findTestObject("Page_Concours photo  votez pour la plus bel_494087/input_trie par_keyword"), Keys.chord(ENTER)): Keys 'ENTER + ' sent to object: 'Object Repository/Page_Concours photo  votez pour la plus bel_494087/input_trie par_keyword'

2022-07-19 14:56:28 - [MESSAGE][PASSED] - Keys 'ENTER + ' sent to object: 'Object Repository/Page_Concours photo  votez pour la plus bel_494087/input_trie par_keyword'

2022-07-19 14:56:28 - [TEST_STEP][PASSED] - click(findTestObject("Page_Concours photo  votez pour la plus bel_494087/tri")): Object: 'Object Repository/Page_Concours photo  votez pour la plus bel_494087/tri' is clicked on

2022-07-19 14:56:29 - [MESSAGE][PASSED] - Object: 'Object Repository/Page_Concours photo  votez pour la plus bel_494087/tri' is clicked on

2022-07-19 14:56:29 - [TEST_STEP][PASSED] - click(findTestObject("Page_Concours photo  votez pour la plus bel_494087/plus de votes")): Object: 'Object Repository/Page_Concours photo  votez pour la plus bel_494087/plus de votes' is clicked on

2022-07-19 14:56:29 - [MESSAGE][PASSED] - Object: 'Object Repository/Page_Concours photo  votez pour la plus bel_494087/plus de votes' is clicked on

2022-07-19 14:56:31 - [TEST_STEP][PASSED] - click(findTestObject("Object Repository/Page_Concours photo  votez pour la plus bel_494087/i_Votes_fa fa-heart")): Object: 'Object Repository/Page_Concours photo  votez pour la plus bel_494087/i_Votes_fa fa-heart' is clicked on

2022-07-19 14:56:31 - [MESSAGE][PASSED] - Object: 'Object Repository/Page_Concours photo  votez pour la plus bel_494087/i_Votes_fa fa-heart' is clicked on

2022-07-19 14:56:31 - [TEST_STEP][PASSED] - delay(1): Delayed 1 second(s)

2022-07-19 14:56:32 - [MESSAGE][PASSED] - Delayed 1 second(s)

2022-07-19 14:56:32 - [TEST_STEP][PASSED] - closeBrowser(): Browser is closed

2022-07-19 14:56:32 - [MESSAGE][PASSED] - Browser is closed]]></system-out>
         <system-err><![CDATA[]]></system-err>
      </testcase>
      <testcase name="Test Cases/Vote" time="25.785" classname="Test Cases/Vote" status="PASSED">
         <system-out><![CDATA[2022-07-19 14:56:32 - [TEST_CASE][PASSED] - Test Cases/Vote: Test Cases/Vote

2022-07-19 14:56:32 - [TEST_STEP][PASSED] - openBrowser(""): Browser is opened with url: ''

2022-07-19 14:56:32 - [MESSAGE][INFO] - Starting 'Chrome' driver

2022-07-19 14:56:32 - [MESSAGE][INFO] - Action delay is set to 0 milliseconds

2022-07-19 14:56:34 - [MESSAGE][PASSED] - Browser is opened with url: ''

2022-07-19 14:56:34 - [TEST_STEP][PASSED] - navigateToUrl("https://lesechosdutouquet.nordlittoral.fr/147787/article/2022-06-30/concours-photo-montrez-nous-la-plus-belle-photo-de-votre-chien-en-promenade-sur#l5lb6r47qsmp9ur58y"): Navigate to 'https://lesechosdutouquet.nordlittoral.fr/147787/article/2022-06-30/concours-photo-montrez-nous-la-plus-belle-photo-de-votre-chien-en-promenade-sur#l5lb6r47qsmp9ur58y' successfully

2022-07-19 14:56:36 - [MESSAGE][PASSED] - Navigate to 'https://lesechosdutouquet.nordlittoral.fr/147787/article/2022-06-30/concours-photo-montrez-nous-la-plus-belle-photo-de-votre-chien-en-promenade-sur#l5lb6r47qsmp9ur58y' successfully

2022-07-19 14:56:36 - [TEST_STEP][PASSED] - setViewPortSize(1920, 1080): Viewport is set to new size with width = 1920 and height = 1080

2022-07-19 14:56:36 - [MESSAGE][PASSED] - Viewport is set to new size with width = 1920 and height = 1080

2022-07-19 14:56:36 - [TEST_STEP][PASSED] - click(findTestObject("Object Repository/Page_Concours photo  votez pour la plus bel_494087/button_Accepter  Fermer")): Object: 'Object Repository/Page_Concours photo  votez pour la plus bel_494087/button_Accepter  Fermer' is clicked on

2022-07-19 14:56:38 - [MESSAGE][PASSED] - Object: 'Object Repository/Page_Concours photo  votez pour la plus bel_494087/button_Accepter  Fermer' is clicked on

2022-07-19 14:56:38 - [TEST_STEP][PASSED] - waitForElementVisible(findTestObject("Object Repository/Page_Concours photo  votez pour la plus bel_494087/a_X"), 15): Object 'Object Repository/Page_Concours photo  votez pour la plus bel_494087/a_X' is visible

2022-07-19 14:56:45 - [MESSAGE][PASSED] - Object 'Object Repository/Page_Concours photo  votez pour la plus bel_494087/a_X' is visible

2022-07-19 14:56:45 - [TEST_STEP][PASSED] - click(findTestObject("Object Repository/Page_Concours photo  votez pour la plus bel_494087/a_X")): Object: 'Object Repository/Page_Concours photo  votez pour la plus bel_494087/a_X' is clicked on

2022-07-19 14:56:45 - [MESSAGE][PASSED] - Object: 'Object Repository/Page_Concours photo  votez pour la plus bel_494087/a_X' is clicked on

2022-07-19 14:56:45 - [TEST_STEP][PASSED] - delay(1): Delayed 1 second(s)

2022-07-19 14:56:46 - [MESSAGE][PASSED] - Delayed 1 second(s)

2022-07-19 14:56:46 - [TEST_STEP][PASSED] - click(findTestObject("Object Repository/Page_Concours photo  votez pour la plus bel_494087/input_concat(Votez pour le plus beau chien de la cte d, , Opale )_jouer")): Object: 'Object Repository/Page_Concours photo  votez pour la plus bel_494087/input_concat(Votez pour le plus beau chien de la cte d, , Opale )_jouer' is clicked on

2022-07-19 14:56:47 - [MESSAGE][PASSED] - Object: 'Object Repository/Page_Concours photo  votez pour la plus bel_494087/input_concat(Votez pour le plus beau chien de la cte d, , Opale )_jouer' is clicked on

2022-07-19 14:56:47 - [TEST_STEP][PASSED] - if (verifyElementPresent(findTestObject("Page_Concours photo  votez pour la plus bel_494087/input_concat(Votez pour le plus beau chien de la cte d, , Opale )_jouer"), 1, OPTIONAL)): null

2022-07-19 14:56:48 - [MESSAGE][PASSED] - Object 'Object Repository/Page_Concours photo  votez pour la plus bel_494087/input_concat(Votez pour le plus beau chien de la cte d, , Opale )_jouer' is present

2022-07-19 14:56:48 - [TEST_STEP][PASSED] - click(findTestObject("Object Repository/Page_Concours photo  votez pour la plus bel_494087/input_concat(Votez pour le plus beau chien de la cte d, , Opale )_jouer")): Object: 'Object Repository/Page_Concours photo  votez pour la plus bel_494087/input_concat(Votez pour le plus beau chien de la cte d, , Opale )_jouer' is clicked on

2022-07-19 14:56:49 - [MESSAGE][PASSED] - Object: 'Object Repository/Page_Concours photo  votez pour la plus bel_494087/input_concat(Votez pour le plus beau chien de la cte d, , Opale )_jouer' is clicked on

2022-07-19 14:56:49 - [TEST_STEP][PASSED] - delay(1): Delayed 1 second(s)

2022-07-19 14:56:50 - [MESSAGE][PASSED] - Delayed 1 second(s)

2022-07-19 14:56:50 - [TEST_STEP][PASSED] - setText(findTestObject("Object Repository/Page_Concours photo  votez pour la plus bel_494087/input_trie par_keyword"), "Gaspard"): Text 'Gaspard' is set on object 'Object Repository/Page_Concours photo  votez pour la plus bel_494087/input_trie par_keyword'

2022-07-19 14:56:51 - [MESSAGE][PASSED] - Text 'Gaspard' is set on object 'Object Repository/Page_Concours photo  votez pour la plus bel_494087/input_trie par_keyword'

2022-07-19 14:56:51 - [TEST_STEP][PASSED] - sendKeys(findTestObject("Page_Concours photo  votez pour la plus bel_494087/input_trie par_keyword"), Keys.chord(ENTER)): Keys 'ENTER + ' sent to object: 'Object Repository/Page_Concours photo  votez pour la plus bel_494087/input_trie par_keyword'

2022-07-19 14:56:53 - [MESSAGE][PASSED] - Keys 'ENTER + ' sent to object: 'Object Repository/Page_Concours photo  votez pour la plus bel_494087/input_trie par_keyword'

2022-07-19 14:56:53 - [TEST_STEP][PASSED] - click(findTestObject("Page_Concours photo  votez pour la plus bel_494087/tri")): Object: 'Object Repository/Page_Concours photo  votez pour la plus bel_494087/tri' is clicked on

2022-07-19 14:56:53 - [MESSAGE][PASSED] - Object: 'Object Repository/Page_Concours photo  votez pour la plus bel_494087/tri' is clicked on

2022-07-19 14:56:53 - [TEST_STEP][PASSED] - click(findTestObject("Page_Concours photo  votez pour la plus bel_494087/plus de votes")): Object: 'Object Repository/Page_Concours photo  votez pour la plus bel_494087/plus de votes' is clicked on

2022-07-19 14:56:54 - [MESSAGE][PASSED] - Object: 'Object Repository/Page_Concours photo  votez pour la plus bel_494087/plus de votes' is clicked on

2022-07-19 14:56:56 - [TEST_STEP][PASSED] - click(findTestObject("Object Repository/Page_Concours photo  votez pour la plus bel_494087/i_Votes_fa fa-heart")): Object: 'Object Repository/Page_Concours photo  votez pour la plus bel_494087/i_Votes_fa fa-heart' is clicked on

2022-07-19 14:56:56 - [MESSAGE][PASSED] - Object: 'Object Repository/Page_Concours photo  votez pour la plus bel_494087/i_Votes_fa fa-heart' is clicked on

2022-07-19 14:56:56 - [TEST_STEP][PASSED] - delay(1): Delayed 1 second(s)

2022-07-19 14:56:57 - [MESSAGE][PASSED] - Delayed 1 second(s)

2022-07-19 14:56:57 - [TEST_STEP][PASSED] - closeBrowser(): Browser is closed

2022-07-19 14:56:58 - [MESSAGE][PASSED] - Browser is closed]]></system-out>
         <system-err><![CDATA[]]></system-err>
      </testcase>
      <testcase name="Test Cases/Vote" time="25.448" classname="Test Cases/Vote" status="PASSED">
         <system-out><![CDATA[2022-07-19 14:56:58 - [TEST_CASE][PASSED] - Test Cases/Vote: Test Cases/Vote

2022-07-19 14:56:58 - [TEST_STEP][PASSED] - openBrowser(""): Browser is opened with url: ''

2022-07-19 14:56:58 - [MESSAGE][INFO] - Starting 'Chrome' driver

2022-07-19 14:56:58 - [MESSAGE][INFO] - Action delay is set to 0 milliseconds

2022-07-19 14:57:00 - [MESSAGE][PASSED] - Browser is opened with url: ''

2022-07-19 14:57:00 - [TEST_STEP][PASSED] - navigateToUrl("https://lesechosdutouquet.nordlittoral.fr/147787/article/2022-06-30/concours-photo-montrez-nous-la-plus-belle-photo-de-votre-chien-en-promenade-sur#l5lb6r47qsmp9ur58y"): Navigate to 'https://lesechosdutouquet.nordlittoral.fr/147787/article/2022-06-30/concours-photo-montrez-nous-la-plus-belle-photo-de-votre-chien-en-promenade-sur#l5lb6r47qsmp9ur58y' successfully

2022-07-19 14:57:03 - [MESSAGE][PASSED] - Navigate to 'https://lesechosdutouquet.nordlittoral.fr/147787/article/2022-06-30/concours-photo-montrez-nous-la-plus-belle-photo-de-votre-chien-en-promenade-sur#l5lb6r47qsmp9ur58y' successfully

2022-07-19 14:57:03 - [TEST_STEP][PASSED] - setViewPortSize(1920, 1080): Viewport is set to new size with width = 1920 and height = 1080

2022-07-19 14:57:03 - [MESSAGE][PASSED] - Viewport is set to new size with width = 1920 and height = 1080

2022-07-19 14:57:03 - [TEST_STEP][PASSED] - click(findTestObject("Object Repository/Page_Concours photo  votez pour la plus bel_494087/button_Accepter  Fermer")): Object: 'Object Repository/Page_Concours photo  votez pour la plus bel_494087/button_Accepter  Fermer' is clicked on

2022-07-19 14:57:04 - [MESSAGE][PASSED] - Object: 'Object Repository/Page_Concours photo  votez pour la plus bel_494087/button_Accepter  Fermer' is clicked on

2022-07-19 14:57:04 - [TEST_STEP][PASSED] - waitForElementVisible(findTestObject("Object Repository/Page_Concours photo  votez pour la plus bel_494087/a_X"), 15): Object 'Object Repository/Page_Concours photo  votez pour la plus bel_494087/a_X' is visible

2022-07-19 14:57:11 - [MESSAGE][PASSED] - Object 'Object Repository/Page_Concours photo  votez pour la plus bel_494087/a_X' is visible

2022-07-19 14:57:11 - [TEST_STEP][PASSED] - click(findTestObject("Object Repository/Page_Concours photo  votez pour la plus bel_494087/a_X")): Object: 'Object Repository/Page_Concours photo  votez pour la plus bel_494087/a_X' is clicked on

2022-07-19 14:57:11 - [MESSAGE][PASSED] - Object: 'Object Repository/Page_Concours photo  votez pour la plus bel_494087/a_X' is clicked on

2022-07-19 14:57:11 - [TEST_STEP][PASSED] - delay(1): Delayed 1 second(s)

2022-07-19 14:57:12 - [MESSAGE][PASSED] - Delayed 1 second(s)

2022-07-19 14:57:12 - [TEST_STEP][PASSED] - click(findTestObject("Object Repository/Page_Concours photo  votez pour la plus bel_494087/input_concat(Votez pour le plus beau chien de la cte d, , Opale )_jouer")): Object: 'Object Repository/Page_Concours photo  votez pour la plus bel_494087/input_concat(Votez pour le plus beau chien de la cte d, , Opale )_jouer' is clicked on

2022-07-19 14:57:13 - [MESSAGE][PASSED] - Object: 'Object Repository/Page_Concours photo  votez pour la plus bel_494087/input_concat(Votez pour le plus beau chien de la cte d, , Opale )_jouer' is clicked on

2022-07-19 14:57:13 - [TEST_STEP][PASSED] - if (verifyElementPresent(findTestObject("Page_Concours photo  votez pour la plus bel_494087/input_concat(Votez pour le plus beau chien de la cte d, , Opale )_jouer"), 1, OPTIONAL)): null

2022-07-19 14:57:15 - [MESSAGE][PASSED] - Object 'Object Repository/Page_Concours photo  votez pour la plus bel_494087/input_concat(Votez pour le plus beau chien de la cte d, , Opale )_jouer' is present

2022-07-19 14:57:15 - [TEST_STEP][PASSED] - click(findTestObject("Object Repository/Page_Concours photo  votez pour la plus bel_494087/input_concat(Votez pour le plus beau chien de la cte d, , Opale )_jouer")): Object: 'Object Repository/Page_Concours photo  votez pour la plus bel_494087/input_concat(Votez pour le plus beau chien de la cte d, , Opale )_jouer' is clicked on

2022-07-19 14:57:15 - [MESSAGE][PASSED] - Object: 'Object Repository/Page_Concours photo  votez pour la plus bel_494087/input_concat(Votez pour le plus beau chien de la cte d, , Opale )_jouer' is clicked on

2022-07-19 14:57:15 - [TEST_STEP][PASSED] - delay(1): Delayed 1 second(s)

2022-07-19 14:57:16 - [MESSAGE][PASSED] - Delayed 1 second(s)

2022-07-19 14:57:16 - [TEST_STEP][PASSED] - setText(findTestObject("Object Repository/Page_Concours photo  votez pour la plus bel_494087/input_trie par_keyword"), "Gaspard"): Text 'Gaspard' is set on object 'Object Repository/Page_Concours photo  votez pour la plus bel_494087/input_trie par_keyword'

2022-07-19 14:57:18 - [MESSAGE][PASSED] - Text 'Gaspard' is set on object 'Object Repository/Page_Concours photo  votez pour la plus bel_494087/input_trie par_keyword'

2022-07-19 14:57:18 - [TEST_STEP][PASSED] - sendKeys(findTestObject("Page_Concours photo  votez pour la plus bel_494087/input_trie par_keyword"), Keys.chord(ENTER)): Keys 'ENTER + ' sent to object: 'Object Repository/Page_Concours photo  votez pour la plus bel_494087/input_trie par_keyword'

2022-07-19 14:57:19 - [MESSAGE][PASSED] - Keys 'ENTER + ' sent to object: 'Object Repository/Page_Concours photo  votez pour la plus bel_494087/input_trie par_keyword'

2022-07-19 14:57:19 - [TEST_STEP][PASSED] - click(findTestObject("Page_Concours photo  votez pour la plus bel_494087/tri")): Object: 'Object Repository/Page_Concours photo  votez pour la plus bel_494087/tri' is clicked on

2022-07-19 14:57:20 - [MESSAGE][PASSED] - Object: 'Object Repository/Page_Concours photo  votez pour la plus bel_494087/tri' is clicked on

2022-07-19 14:57:20 - [TEST_STEP][PASSED] - click(findTestObject("Page_Concours photo  votez pour la plus bel_494087/plus de votes")): Object: 'Object Repository/Page_Concours photo  votez pour la plus bel_494087/plus de votes' is clicked on

2022-07-19 14:57:21 - [MESSAGE][PASSED] - Object: 'Object Repository/Page_Concours photo  votez pour la plus bel_494087/plus de votes' is clicked on

2022-07-19 14:57:22 - [TEST_STEP][PASSED] - click(findTestObject("Object Repository/Page_Concours photo  votez pour la plus bel_494087/i_Votes_fa fa-heart")): Object: 'Object Repository/Page_Concours photo  votez pour la plus bel_494087/i_Votes_fa fa-heart' is clicked on

2022-07-19 14:57:22 - [MESSAGE][PASSED] - Object: 'Object Repository/Page_Concours photo  votez pour la plus bel_494087/i_Votes_fa fa-heart' is clicked on

2022-07-19 14:57:22 - [TEST_STEP][PASSED] - delay(1): Delayed 1 second(s)

2022-07-19 14:57:23 - [MESSAGE][PASSED] - Delayed 1 second(s)

2022-07-19 14:57:23 - [TEST_STEP][PASSED] - closeBrowser(): Browser is closed

2022-07-19 14:57:24 - [MESSAGE][PASSED] - Browser is closed]]></system-out>
         <system-err><![CDATA[]]></system-err>
      </testcase>
      <testcase name="Test Cases/Vote" time="29.071" classname="Test Cases/Vote" status="PASSED">
         <system-out><![CDATA[2022-07-19 14:57:24 - [TEST_CASE][PASSED] - Test Cases/Vote: Test Cases/Vote

2022-07-19 14:57:24 - [TEST_STEP][PASSED] - openBrowser(""): Browser is opened with url: ''

2022-07-19 14:57:24 - [MESSAGE][INFO] - Starting 'Chrome' driver

2022-07-19 14:57:24 - [MESSAGE][INFO] - Action delay is set to 0 milliseconds

2022-07-19 14:57:25 - [MESSAGE][PASSED] - Browser is opened with url: ''

2022-07-19 14:57:25 - [TEST_STEP][PASSED] - navigateToUrl("https://lesechosdutouquet.nordlittoral.fr/147787/article/2022-06-30/concours-photo-montrez-nous-la-plus-belle-photo-de-votre-chien-en-promenade-sur#l5lb6r47qsmp9ur58y"): Navigate to 'https://lesechosdutouquet.nordlittoral.fr/147787/article/2022-06-30/concours-photo-montrez-nous-la-plus-belle-photo-de-votre-chien-en-promenade-sur#l5lb6r47qsmp9ur58y' successfully

2022-07-19 14:57:27 - [MESSAGE][PASSED] - Navigate to 'https://lesechosdutouquet.nordlittoral.fr/147787/article/2022-06-30/concours-photo-montrez-nous-la-plus-belle-photo-de-votre-chien-en-promenade-sur#l5lb6r47qsmp9ur58y' successfully

2022-07-19 14:57:27 - [TEST_STEP][PASSED] - setViewPortSize(1920, 1080): Viewport is set to new size with width = 1920 and height = 1080

2022-07-19 14:57:27 - [MESSAGE][PASSED] - Viewport is set to new size with width = 1920 and height = 1080

2022-07-19 14:57:27 - [TEST_STEP][PASSED] - click(findTestObject("Object Repository/Page_Concours photo  votez pour la plus bel_494087/button_Accepter  Fermer")): Object: 'Object Repository/Page_Concours photo  votez pour la plus bel_494087/button_Accepter  Fermer' is clicked on

2022-07-19 14:57:28 - [MESSAGE][PASSED] - Object: 'Object Repository/Page_Concours photo  votez pour la plus bel_494087/button_Accepter  Fermer' is clicked on

2022-07-19 14:57:28 - [TEST_STEP][PASSED] - waitForElementVisible(findTestObject("Object Repository/Page_Concours photo  votez pour la plus bel_494087/a_X"), 15): Object 'Object Repository/Page_Concours photo  votez pour la plus bel_494087/a_X' is visible

2022-07-19 14:57:34 - [MESSAGE][PASSED] - Object 'Object Repository/Page_Concours photo  votez pour la plus bel_494087/a_X' is visible

2022-07-19 14:57:34 - [TEST_STEP][PASSED] - click(findTestObject("Object Repository/Page_Concours photo  votez pour la plus bel_494087/a_X")): Object: 'Object Repository/Page_Concours photo  votez pour la plus bel_494087/a_X' is clicked on

2022-07-19 14:57:35 - [MESSAGE][PASSED] - Object: 'Object Repository/Page_Concours photo  votez pour la plus bel_494087/a_X' is clicked on

2022-07-19 14:57:35 - [TEST_STEP][PASSED] - delay(1): Delayed 1 second(s)

2022-07-19 14:57:36 - [MESSAGE][PASSED] - Delayed 1 second(s)

2022-07-19 14:57:36 - [TEST_STEP][PASSED] - click(findTestObject("Object Repository/Page_Concours photo  votez pour la plus bel_494087/input_concat(Votez pour le plus beau chien de la cte d, , Opale )_jouer")): Object: 'Object Repository/Page_Concours photo  votez pour la plus bel_494087/input_concat(Votez pour le plus beau chien de la cte d, , Opale )_jouer' is clicked on

2022-07-19 14:57:37 - [MESSAGE][PASSED] - Object: 'Object Repository/Page_Concours photo  votez pour la plus bel_494087/input_concat(Votez pour le plus beau chien de la cte d, , Opale )_jouer' is clicked on

2022-07-19 14:57:37 - [TEST_STEP][PASSED] - if (verifyElementPresent(findTestObject("Page_Concours photo  votez pour la plus bel_494087/input_concat(Votez pour le plus beau chien de la cte d, , Opale )_jouer"), 1, OPTIONAL)): null

2022-07-19 14:57:38 - [MESSAGE][PASSED] - Object 'Object Repository/Page_Concours photo  votez pour la plus bel_494087/input_concat(Votez pour le plus beau chien de la cte d, , Opale )_jouer' is present

2022-07-19 14:57:38 - [TEST_STEP][PASSED] - click(findTestObject("Object Repository/Page_Concours photo  votez pour la plus bel_494087/input_concat(Votez pour le plus beau chien de la cte d, , Opale )_jouer")): Object: 'Object Repository/Page_Concours photo  votez pour la plus bel_494087/input_concat(Votez pour le plus beau chien de la cte d, , Opale )_jouer' is clicked on

2022-07-19 14:57:39 - [MESSAGE][PASSED] - Object: 'Object Repository/Page_Concours photo  votez pour la plus bel_494087/input_concat(Votez pour le plus beau chien de la cte d, , Opale )_jouer' is clicked on

2022-07-19 14:57:39 - [TEST_STEP][PASSED] - delay(1): Delayed 1 second(s)

2022-07-19 14:57:40 - [MESSAGE][PASSED] - Delayed 1 second(s)

2022-07-19 14:57:40 - [TEST_STEP][PASSED] - setText(findTestObject("Object Repository/Page_Concours photo  votez pour la plus bel_494087/input_trie par_keyword"), "Gaspard"): Text 'Gaspard' is set on object 'Object Repository/Page_Concours photo  votez pour la plus bel_494087/input_trie par_keyword'

2022-07-19 14:57:42 - [MESSAGE][PASSED] - Text 'Gaspard' is set on object 'Object Repository/Page_Concours photo  votez pour la plus bel_494087/input_trie par_keyword'

2022-07-19 14:57:42 - [TEST_STEP][PASSED] - sendKeys(findTestObject("Page_Concours photo  votez pour la plus bel_494087/input_trie par_keyword"), Keys.chord(ENTER)): Keys 'ENTER + ' sent to object: 'Object Repository/Page_Concours photo  votez pour la plus bel_494087/input_trie par_keyword'

2022-07-19 14:57:44 - [MESSAGE][PASSED] - Keys 'ENTER + ' sent to object: 'Object Repository/Page_Concours photo  votez pour la plus bel_494087/input_trie par_keyword'

2022-07-19 14:57:44 - [TEST_STEP][PASSED] - click(findTestObject("Page_Concours photo  votez pour la plus bel_494087/tri")): Object: 'Object Repository/Page_Concours photo  votez pour la plus bel_494087/tri' is clicked on

2022-07-19 14:57:44 - [MESSAGE][PASSED] - Object: 'Object Repository/Page_Concours photo  votez pour la plus bel_494087/tri' is clicked on

2022-07-19 14:57:44 - [TEST_STEP][PASSED] - click(findTestObject("Page_Concours photo  votez pour la plus bel_494087/plus de votes")): Object: 'Object Repository/Page_Concours photo  votez pour la plus bel_494087/plus de votes' is clicked on

2022-07-19 14:57:45 - [MESSAGE][PASSED] - Object: 'Object Repository/Page_Concours photo  votez pour la plus bel_494087/plus de votes' is clicked on

2022-07-19 14:57:49 - [TEST_STEP][PASSED] - click(findTestObject("Object Repository/Page_Concours photo  votez pour la plus bel_494087/i_Votes_fa fa-heart")): Object: 'Object Repository/Page_Concours photo  votez pour la plus bel_494087/i_Votes_fa fa-heart' is clicked on

2022-07-19 14:57:50 - [MESSAGE][PASSED] - Object: 'Object Repository/Page_Concours photo  votez pour la plus bel_494087/i_Votes_fa fa-heart' is clicked on

2022-07-19 14:57:51 - [TEST_STEP][PASSED] - delay(1): Delayed 1 second(s)

2022-07-19 14:57:52 - [MESSAGE][PASSED] - Delayed 1 second(s)

2022-07-19 14:57:52 - [TEST_STEP][PASSED] - closeBrowser(): Browser is closed

2022-07-19 14:57:53 - [MESSAGE][PASSED] - Browser is closed]]></system-out>
         <system-err><![CDATA[]]></system-err>
      </testcase>
      <testcase name="Test Cases/Vote" time="23.656" classname="Test Cases/Vote" status="PASSED">
         <system-out><![CDATA[2022-07-19 14:57:53 - [TEST_CASE][PASSED] - Test Cases/Vote: Test Cases/Vote

2022-07-19 14:57:53 - [TEST_STEP][PASSED] - openBrowser(""): Browser is opened with url: ''

2022-07-19 14:57:53 - [MESSAGE][INFO] - Starting 'Chrome' driver

2022-07-19 14:57:53 - [MESSAGE][INFO] - Action delay is set to 0 milliseconds

2022-07-19 14:57:54 - [MESSAGE][PASSED] - Browser is opened with url: ''

2022-07-19 14:57:54 - [TEST_STEP][PASSED] - navigateToUrl("https://lesechosdutouquet.nordlittoral.fr/147787/article/2022-06-30/concours-photo-montrez-nous-la-plus-belle-photo-de-votre-chien-en-promenade-sur#l5lb6r47qsmp9ur58y"): Navigate to 'https://lesechosdutouquet.nordlittoral.fr/147787/article/2022-06-30/concours-photo-montrez-nous-la-plus-belle-photo-de-votre-chien-en-promenade-sur#l5lb6r47qsmp9ur58y' successfully

2022-07-19 14:57:56 - [MESSAGE][PASSED] - Navigate to 'https://lesechosdutouquet.nordlittoral.fr/147787/article/2022-06-30/concours-photo-montrez-nous-la-plus-belle-photo-de-votre-chien-en-promenade-sur#l5lb6r47qsmp9ur58y' successfully

2022-07-19 14:57:56 - [TEST_STEP][PASSED] - setViewPortSize(1920, 1080): Viewport is set to new size with width = 1920 and height = 1080

2022-07-19 14:57:56 - [MESSAGE][PASSED] - Viewport is set to new size with width = 1920 and height = 1080

2022-07-19 14:57:56 - [TEST_STEP][PASSED] - click(findTestObject("Object Repository/Page_Concours photo  votez pour la plus bel_494087/button_Accepter  Fermer")): Object: 'Object Repository/Page_Concours photo  votez pour la plus bel_494087/button_Accepter  Fermer' is clicked on

2022-07-19 14:57:57 - [MESSAGE][PASSED] - Object: 'Object Repository/Page_Concours photo  votez pour la plus bel_494087/button_Accepter  Fermer' is clicked on

2022-07-19 14:57:57 - [TEST_STEP][PASSED] - waitForElementVisible(findTestObject("Object Repository/Page_Concours photo  votez pour la plus bel_494087/a_X"), 15): Object 'Object Repository/Page_Concours photo  votez pour la plus bel_494087/a_X' is visible

2022-07-19 14:58:04 - [MESSAGE][PASSED] - Object 'Object Repository/Page_Concours photo  votez pour la plus bel_494087/a_X' is visible

2022-07-19 14:58:04 - [TEST_STEP][PASSED] - click(findTestObject("Object Repository/Page_Concours photo  votez pour la plus bel_494087/a_X")): Object: 'Object Repository/Page_Concours photo  votez pour la plus bel_494087/a_X' is clicked on

2022-07-19 14:58:05 - [MESSAGE][PASSED] - Object: 'Object Repository/Page_Concours photo  votez pour la plus bel_494087/a_X' is clicked on

2022-07-19 14:58:05 - [TEST_STEP][PASSED] - delay(1): Delayed 1 second(s)

2022-07-19 14:58:06 - [MESSAGE][PASSED] - Delayed 1 second(s)

2022-07-19 14:58:06 - [TEST_STEP][PASSED] - click(findTestObject("Object Repository/Page_Concours photo  votez pour la plus bel_494087/input_concat(Votez pour le plus beau chien de la cte d, , Opale )_jouer")): Object: 'Object Repository/Page_Concours photo  votez pour la plus bel_494087/input_concat(Votez pour le plus beau chien de la cte d, , Opale )_jouer' is clicked on

2022-07-19 14:58:06 - [MESSAGE][PASSED] - Object: 'Object Repository/Page_Concours photo  votez pour la plus bel_494087/input_concat(Votez pour le plus beau chien de la cte d, , Opale )_jouer' is clicked on

2022-07-19 14:58:06 - [TEST_STEP][PASSED] - if (verifyElementPresent(findTestObject("Page_Concours photo  votez pour la plus bel_494087/input_concat(Votez pour le plus beau chien de la cte d, , Opale )_jouer"), 1, OPTIONAL)): null

2022-07-19 14:58:08 - [MESSAGE][PASSED] - Object 'Object Repository/Page_Concours photo  votez pour la plus bel_494087/input_concat(Votez pour le plus beau chien de la cte d, , Opale )_jouer' is present

2022-07-19 14:58:08 - [TEST_STEP][PASSED] - click(findTestObject("Object Repository/Page_Concours photo  votez pour la plus bel_494087/input_concat(Votez pour le plus beau chien de la cte d, , Opale )_jouer")): Object: 'Object Repository/Page_Concours photo  votez pour la plus bel_494087/input_concat(Votez pour le plus beau chien de la cte d, , Opale )_jouer' is clicked on

2022-07-19 14:58:08 - [MESSAGE][PASSED] - Object: 'Object Repository/Page_Concours photo  votez pour la plus bel_494087/input_concat(Votez pour le plus beau chien de la cte d, , Opale )_jouer' is clicked on

2022-07-19 14:58:08 - [TEST_STEP][PASSED] - delay(1): Delayed 1 second(s)

2022-07-19 14:58:09 - [MESSAGE][PASSED] - Delayed 1 second(s)

2022-07-19 14:58:09 - [TEST_STEP][PASSED] - setText(findTestObject("Object Repository/Page_Concours photo  votez pour la plus bel_494087/input_trie par_keyword"), "Gaspard"): Text 'Gaspard' is set on object 'Object Repository/Page_Concours photo  votez pour la plus bel_494087/input_trie par_keyword'

2022-07-19 14:58:11 - [MESSAGE][PASSED] - Text 'Gaspard' is set on object 'Object Repository/Page_Concours photo  votez pour la plus bel_494087/input_trie par_keyword'

2022-07-19 14:58:11 - [TEST_STEP][PASSED] - sendKeys(findTestObject("Page_Concours photo  votez pour la plus bel_494087/input_trie par_keyword"), Keys.chord(ENTER)): Keys 'ENTER + ' sent to object: 'Object Repository/Page_Concours photo  votez pour la plus bel_494087/input_trie par_keyword'

2022-07-19 14:58:12 - [MESSAGE][PASSED] - Keys 'ENTER + ' sent to object: 'Object Repository/Page_Concours photo  votez pour la plus bel_494087/input_trie par_keyword'

2022-07-19 14:58:12 - [TEST_STEP][PASSED] - click(findTestObject("Page_Concours photo  votez pour la plus bel_494087/tri")): Object: 'Object Repository/Page_Concours photo  votez pour la plus bel_494087/tri' is clicked on

2022-07-19 14:58:13 - [MESSAGE][PASSED] - Object: 'Object Repository/Page_Concours photo  votez pour la plus bel_494087/tri' is clicked on

2022-07-19 14:58:13 - [TEST_STEP][PASSED] - click(findTestObject("Page_Concours photo  votez pour la plus bel_494087/plus de votes")): Object: 'Object Repository/Page_Concours photo  votez pour la plus bel_494087/plus de votes' is clicked on

2022-07-19 14:58:13 - [MESSAGE][PASSED] - Object: 'Object Repository/Page_Concours photo  votez pour la plus bel_494087/plus de votes' is clicked on

2022-07-19 14:58:15 - [TEST_STEP][PASSED] - click(findTestObject("Object Repository/Page_Concours photo  votez pour la plus bel_494087/i_Votes_fa fa-heart")): Object: 'Object Repository/Page_Concours photo  votez pour la plus bel_494087/i_Votes_fa fa-heart' is clicked on

2022-07-19 14:58:15 - [MESSAGE][PASSED] - Object: 'Object Repository/Page_Concours photo  votez pour la plus bel_494087/i_Votes_fa fa-heart' is clicked on

2022-07-19 14:58:15 - [TEST_STEP][PASSED] - delay(1): Delayed 1 second(s)

2022-07-19 14:58:16 - [MESSAGE][PASSED] - Delayed 1 second(s)

2022-07-19 14:58:16 - [TEST_STEP][PASSED] - closeBrowser(): Browser is closed

2022-07-19 14:58:16 - [MESSAGE][PASSED] - Browser is closed]]></system-out>
         <system-err><![CDATA[]]></system-err>
      </testcase>
      <testcase name="Test Cases/Vote" time="29.818" classname="Test Cases/Vote" status="PASSED">
         <system-out><![CDATA[2022-07-19 14:58:16 - [TEST_CASE][PASSED] - Test Cases/Vote: Test Cases/Vote

2022-07-19 14:58:16 - [TEST_STEP][PASSED] - openBrowser(""): Browser is opened with url: ''

2022-07-19 14:58:16 - [MESSAGE][INFO] - Starting 'Chrome' driver

2022-07-19 14:58:16 - [MESSAGE][INFO] - Action delay is set to 0 milliseconds

2022-07-19 14:58:17 - [MESSAGE][PASSED] - Browser is opened with url: ''

2022-07-19 14:58:17 - [TEST_STEP][PASSED] - navigateToUrl("https://lesechosdutouquet.nordlittoral.fr/147787/article/2022-06-30/concours-photo-montrez-nous-la-plus-belle-photo-de-votre-chien-en-promenade-sur#l5lb6r47qsmp9ur58y"): Navigate to 'https://lesechosdutouquet.nordlittoral.fr/147787/article/2022-06-30/concours-photo-montrez-nous-la-plus-belle-photo-de-votre-chien-en-promenade-sur#l5lb6r47qsmp9ur58y' successfully

2022-07-19 14:58:24 - [MESSAGE][PASSED] - Navigate to 'https://lesechosdutouquet.nordlittoral.fr/147787/article/2022-06-30/concours-photo-montrez-nous-la-plus-belle-photo-de-votre-chien-en-promenade-sur#l5lb6r47qsmp9ur58y' successfully

2022-07-19 14:58:24 - [TEST_STEP][PASSED] - setViewPortSize(1920, 1080): Viewport is set to new size with width = 1920 and height = 1080

2022-07-19 14:58:25 - [MESSAGE][PASSED] - Viewport is set to new size with width = 1920 and height = 1080

2022-07-19 14:58:25 - [TEST_STEP][PASSED] - click(findTestObject("Object Repository/Page_Concours photo  votez pour la plus bel_494087/button_Accepter  Fermer")): Object: 'Object Repository/Page_Concours photo  votez pour la plus bel_494087/button_Accepter  Fermer' is clicked on

2022-07-19 14:58:26 - [MESSAGE][PASSED] - Object: 'Object Repository/Page_Concours photo  votez pour la plus bel_494087/button_Accepter  Fermer' is clicked on

2022-07-19 14:58:26 - [TEST_STEP][PASSED] - waitForElementVisible(findTestObject("Object Repository/Page_Concours photo  votez pour la plus bel_494087/a_X"), 15): Object 'Object Repository/Page_Concours photo  votez pour la plus bel_494087/a_X' is visible

2022-07-19 14:58:33 - [MESSAGE][PASSED] - Object 'Object Repository/Page_Concours photo  votez pour la plus bel_494087/a_X' is visible

2022-07-19 14:58:33 - [TEST_STEP][PASSED] - click(findTestObject("Object Repository/Page_Concours photo  votez pour la plus bel_494087/a_X")): Object: 'Object Repository/Page_Concours photo  votez pour la plus bel_494087/a_X' is clicked on

2022-07-19 14:58:33 - [MESSAGE][PASSED] - Object: 'Object Repository/Page_Concours photo  votez pour la plus bel_494087/a_X' is clicked on

2022-07-19 14:58:33 - [TEST_STEP][PASSED] - delay(1): Delayed 1 second(s)

2022-07-19 14:58:34 - [MESSAGE][PASSED] - Delayed 1 second(s)

2022-07-19 14:58:34 - [TEST_STEP][PASSED] - click(findTestObject("Object Repository/Page_Concours photo  votez pour la plus bel_494087/input_concat(Votez pour le plus beau chien de la cte d, , Opale )_jouer")): Object: 'Object Repository/Page_Concours photo  votez pour la plus bel_494087/input_concat(Votez pour le plus beau chien de la cte d, , Opale )_jouer' is clicked on

2022-07-19 14:58:35 - [MESSAGE][PASSED] - Object: 'Object Repository/Page_Concours photo  votez pour la plus bel_494087/input_concat(Votez pour le plus beau chien de la cte d, , Opale )_jouer' is clicked on

2022-07-19 14:58:35 - [TEST_STEP][PASSED] - if (verifyElementPresent(findTestObject("Page_Concours photo  votez pour la plus bel_494087/input_concat(Votez pour le plus beau chien de la cte d, , Opale )_jouer"), 1, OPTIONAL)): null

2022-07-19 14:58:36 - [MESSAGE][PASSED] - Object 'Object Repository/Page_Concours photo  votez pour la plus bel_494087/input_concat(Votez pour le plus beau chien de la cte d, , Opale )_jouer' is present

2022-07-19 14:58:36 - [TEST_STEP][PASSED] - click(findTestObject("Object Repository/Page_Concours photo  votez pour la plus bel_494087/input_concat(Votez pour le plus beau chien de la cte d, , Opale )_jouer")): Object: 'Object Repository/Page_Concours photo  votez pour la plus bel_494087/input_concat(Votez pour le plus beau chien de la cte d, , Opale )_jouer' is clicked on

2022-07-19 14:58:37 - [MESSAGE][PASSED] - Object: 'Object Repository/Page_Concours photo  votez pour la plus bel_494087/input_concat(Votez pour le plus beau chien de la cte d, , Opale )_jouer' is clicked on

2022-07-19 14:58:37 - [TEST_STEP][PASSED] - delay(1): Delayed 1 second(s)

2022-07-19 14:58:38 - [MESSAGE][PASSED] - Delayed 1 second(s)

2022-07-19 14:58:38 - [TEST_STEP][PASSED] - setText(findTestObject("Object Repository/Page_Concours photo  votez pour la plus bel_494087/input_trie par_keyword"), "Gaspard"): Text 'Gaspard' is set on object 'Object Repository/Page_Concours photo  votez pour la plus bel_494087/input_trie par_keyword'

2022-07-19 14:58:39 - [MESSAGE][PASSED] - Text 'Gaspard' is set on object 'Object Repository/Page_Concours photo  votez pour la plus bel_494087/input_trie par_keyword'

2022-07-19 14:58:39 - [TEST_STEP][PASSED] - sendKeys(findTestObject("Page_Concours photo  votez pour la plus bel_494087/input_trie par_keyword"), Keys.chord(ENTER)): Keys 'ENTER + ' sent to object: 'Object Repository/Page_Concours photo  votez pour la plus bel_494087/input_trie par_keyword'

2022-07-19 14:58:42 - [MESSAGE][PASSED] - Keys 'ENTER + ' sent to object: 'Object Repository/Page_Concours photo  votez pour la plus bel_494087/input_trie par_keyword'

2022-07-19 14:58:42 - [TEST_STEP][PASSED] - click(findTestObject("Page_Concours photo  votez pour la plus bel_494087/tri")): Object: 'Object Repository/Page_Concours photo  votez pour la plus bel_494087/tri' is clicked on

2022-07-19 14:58:42 - [MESSAGE][PASSED] - Object: 'Object Repository/Page_Concours photo  votez pour la plus bel_494087/tri' is clicked on

2022-07-19 14:58:42 - [TEST_STEP][PASSED] - click(findTestObject("Page_Concours photo  votez pour la plus bel_494087/plus de votes")): Object: 'Object Repository/Page_Concours photo  votez pour la plus bel_494087/plus de votes' is clicked on

2022-07-19 14:58:43 - [MESSAGE][PASSED] - Object: 'Object Repository/Page_Concours photo  votez pour la plus bel_494087/plus de votes' is clicked on

2022-07-19 14:58:44 - [TEST_STEP][PASSED] - click(findTestObject("Object Repository/Page_Concours photo  votez pour la plus bel_494087/i_Votes_fa fa-heart")): Object: 'Object Repository/Page_Concours photo  votez pour la plus bel_494087/i_Votes_fa fa-heart' is clicked on

2022-07-19 14:58:45 - [MESSAGE][PASSED] - Object: 'Object Repository/Page_Concours photo  votez pour la plus bel_494087/i_Votes_fa fa-heart' is clicked on

2022-07-19 14:58:45 - [TEST_STEP][PASSED] - delay(1): Delayed 1 second(s)

2022-07-19 14:58:46 - [MESSAGE][PASSED] - Delayed 1 second(s)

2022-07-19 14:58:46 - [TEST_STEP][PASSED] - closeBrowser(): Browser is closed

2022-07-19 14:58:46 - [MESSAGE][PASSED] - Browser is closed]]></system-out>
         <system-err><![CDATA[]]></system-err>
      </testcase>
      <testcase name="Test Cases/Vote" time="24.55" classname="Test Cases/Vote" status="PASSED">
         <system-out><![CDATA[2022-07-19 14:58:46 - [TEST_CASE][PASSED] - Test Cases/Vote: Test Cases/Vote

2022-07-19 14:58:46 - [TEST_STEP][PASSED] - openBrowser(""): Browser is opened with url: ''

2022-07-19 14:58:46 - [MESSAGE][INFO] - Starting 'Chrome' driver

2022-07-19 14:58:46 - [MESSAGE][INFO] - Action delay is set to 0 milliseconds

2022-07-19 14:58:47 - [MESSAGE][PASSED] - Browser is opened with url: ''

2022-07-19 14:58:47 - [TEST_STEP][PASSED] - navigateToUrl("https://lesechosdutouquet.nordlittoral.fr/147787/article/2022-06-30/concours-photo-montrez-nous-la-plus-belle-photo-de-votre-chien-en-promenade-sur#l5lb6r47qsmp9ur58y"): Navigate to 'https://lesechosdutouquet.nordlittoral.fr/147787/article/2022-06-30/concours-photo-montrez-nous-la-plus-belle-photo-de-votre-chien-en-promenade-sur#l5lb6r47qsmp9ur58y' successfully

2022-07-19 14:58:50 - [MESSAGE][PASSED] - Navigate to 'https://lesechosdutouquet.nordlittoral.fr/147787/article/2022-06-30/concours-photo-montrez-nous-la-plus-belle-photo-de-votre-chien-en-promenade-sur#l5lb6r47qsmp9ur58y' successfully

2022-07-19 14:58:50 - [TEST_STEP][PASSED] - setViewPortSize(1920, 1080): Viewport is set to new size with width = 1920 and height = 1080

2022-07-19 14:58:50 - [MESSAGE][PASSED] - Viewport is set to new size with width = 1920 and height = 1080

2022-07-19 14:58:50 - [TEST_STEP][PASSED] - click(findTestObject("Object Repository/Page_Concours photo  votez pour la plus bel_494087/button_Accepter  Fermer")): Object: 'Object Repository/Page_Concours photo  votez pour la plus bel_494087/button_Accepter  Fermer' is clicked on

2022-07-19 14:58:51 - [MESSAGE][PASSED] - Object: 'Object Repository/Page_Concours photo  votez pour la plus bel_494087/button_Accepter  Fermer' is clicked on

2022-07-19 14:58:51 - [TEST_STEP][PASSED] - waitForElementVisible(findTestObject("Object Repository/Page_Concours photo  votez pour la plus bel_494087/a_X"), 15): Object 'Object Repository/Page_Concours photo  votez pour la plus bel_494087/a_X' is visible

2022-07-19 14:58:58 - [MESSAGE][PASSED] - Object 'Object Repository/Page_Concours photo  votez pour la plus bel_494087/a_X' is visible

2022-07-19 14:58:58 - [TEST_STEP][PASSED] - click(findTestObject("Object Repository/Page_Concours photo  votez pour la plus bel_494087/a_X")): Object: 'Object Repository/Page_Concours photo  votez pour la plus bel_494087/a_X' is clicked on

2022-07-19 14:58:58 - [MESSAGE][PASSED] - Object: 'Object Repository/Page_Concours photo  votez pour la plus bel_494087/a_X' is clicked on

2022-07-19 14:58:58 - [TEST_STEP][PASSED] - delay(1): Delayed 1 second(s)

2022-07-19 14:58:59 - [MESSAGE][PASSED] - Delayed 1 second(s)

2022-07-19 14:58:59 - [TEST_STEP][PASSED] - click(findTestObject("Object Repository/Page_Concours photo  votez pour la plus bel_494087/input_concat(Votez pour le plus beau chien de la cte d, , Opale )_jouer")): Object: 'Object Repository/Page_Concours photo  votez pour la plus bel_494087/input_concat(Votez pour le plus beau chien de la cte d, , Opale )_jouer' is clicked on

2022-07-19 14:59:00 - [MESSAGE][PASSED] - Object: 'Object Repository/Page_Concours photo  votez pour la plus bel_494087/input_concat(Votez pour le plus beau chien de la cte d, , Opale )_jouer' is clicked on

2022-07-19 14:59:00 - [TEST_STEP][PASSED] - if (verifyElementPresent(findTestObject("Page_Concours photo  votez pour la plus bel_494087/input_concat(Votez pour le plus beau chien de la cte d, , Opale )_jouer"), 1, OPTIONAL)): null

2022-07-19 14:59:01 - [MESSAGE][PASSED] - Object 'Object Repository/Page_Concours photo  votez pour la plus bel_494087/input_concat(Votez pour le plus beau chien de la cte d, , Opale )_jouer' is present

2022-07-19 14:59:01 - [TEST_STEP][PASSED] - click(findTestObject("Object Repository/Page_Concours photo  votez pour la plus bel_494087/input_concat(Votez pour le plus beau chien de la cte d, , Opale )_jouer")): Object: 'Object Repository/Page_Concours photo  votez pour la plus bel_494087/input_concat(Votez pour le plus beau chien de la cte d, , Opale )_jouer' is clicked on

2022-07-19 14:59:02 - [MESSAGE][PASSED] - Object: 'Object Repository/Page_Concours photo  votez pour la plus bel_494087/input_concat(Votez pour le plus beau chien de la cte d, , Opale )_jouer' is clicked on

2022-07-19 14:59:02 - [TEST_STEP][PASSED] - delay(1): Delayed 1 second(s)

2022-07-19 14:59:03 - [MESSAGE][PASSED] - Delayed 1 second(s)

2022-07-19 14:59:03 - [TEST_STEP][PASSED] - setText(findTestObject("Object Repository/Page_Concours photo  votez pour la plus bel_494087/input_trie par_keyword"), "Gaspard"): Text 'Gaspard' is set on object 'Object Repository/Page_Concours photo  votez pour la plus bel_494087/input_trie par_keyword'

2022-07-19 14:59:05 - [MESSAGE][PASSED] - Text 'Gaspard' is set on object 'Object Repository/Page_Concours photo  votez pour la plus bel_494087/input_trie par_keyword'

2022-07-19 14:59:05 - [TEST_STEP][PASSED] - sendKeys(findTestObject("Page_Concours photo  votez pour la plus bel_494087/input_trie par_keyword"), Keys.chord(ENTER)): Keys 'ENTER + ' sent to object: 'Object Repository/Page_Concours photo  votez pour la plus bel_494087/input_trie par_keyword'

2022-07-19 14:59:06 - [MESSAGE][PASSED] - Keys 'ENTER + ' sent to object: 'Object Repository/Page_Concours photo  votez pour la plus bel_494087/input_trie par_keyword'

2022-07-19 14:59:06 - [TEST_STEP][PASSED] - click(findTestObject("Page_Concours photo  votez pour la plus bel_494087/tri")): Object: 'Object Repository/Page_Concours photo  votez pour la plus bel_494087/tri' is clicked on

2022-07-19 14:59:07 - [MESSAGE][PASSED] - Object: 'Object Repository/Page_Concours photo  votez pour la plus bel_494087/tri' is clicked on

2022-07-19 14:59:07 - [TEST_STEP][PASSED] - click(findTestObject("Page_Concours photo  votez pour la plus bel_494087/plus de votes")): Object: 'Object Repository/Page_Concours photo  votez pour la plus bel_494087/plus de votes' is clicked on

2022-07-19 14:59:08 - [MESSAGE][PASSED] - Object: 'Object Repository/Page_Concours photo  votez pour la plus bel_494087/plus de votes' is clicked on

2022-07-19 14:59:09 - [TEST_STEP][PASSED] - click(findTestObject("Object Repository/Page_Concours photo  votez pour la plus bel_494087/i_Votes_fa fa-heart")): Object: 'Object Repository/Page_Concours photo  votez pour la plus bel_494087/i_Votes_fa fa-heart' is clicked on

2022-07-19 14:59:09 - [MESSAGE][PASSED] - Object: 'Object Repository/Page_Concours photo  votez pour la plus bel_494087/i_Votes_fa fa-heart' is clicked on

2022-07-19 14:59:09 - [TEST_STEP][PASSED] - delay(1): Delayed 1 second(s)

2022-07-19 14:59:10 - [MESSAGE][PASSED] - Delayed 1 second(s)

2022-07-19 14:59:10 - [TEST_STEP][PASSED] - closeBrowser(): Browser is closed

2022-07-19 14:59:11 - [MESSAGE][PASSED] - Browser is closed]]></system-out>
         <system-err><![CDATA[]]></system-err>
      </testcase>
      <testcase name="Test Cases/Vote" time="24.188" classname="Test Cases/Vote" status="PASSED">
         <system-out><![CDATA[2022-07-19 14:59:11 - [TEST_CASE][PASSED] - Test Cases/Vote: Test Cases/Vote

2022-07-19 14:59:11 - [TEST_STEP][PASSED] - openBrowser(""): Browser is opened with url: ''

2022-07-19 14:59:11 - [MESSAGE][INFO] - Starting 'Chrome' driver

2022-07-19 14:59:11 - [MESSAGE][INFO] - Action delay is set to 0 milliseconds

2022-07-19 14:59:12 - [MESSAGE][PASSED] - Browser is opened with url: ''

2022-07-19 14:59:12 - [TEST_STEP][PASSED] - navigateToUrl("https://lesechosdutouquet.nordlittoral.fr/147787/article/2022-06-30/concours-photo-montrez-nous-la-plus-belle-photo-de-votre-chien-en-promenade-sur#l5lb6r47qsmp9ur58y"): Navigate to 'https://lesechosdutouquet.nordlittoral.fr/147787/article/2022-06-30/concours-photo-montrez-nous-la-plus-belle-photo-de-votre-chien-en-promenade-sur#l5lb6r47qsmp9ur58y' successfully

2022-07-19 14:59:15 - [MESSAGE][PASSED] - Navigate to 'https://lesechosdutouquet.nordlittoral.fr/147787/article/2022-06-30/concours-photo-montrez-nous-la-plus-belle-photo-de-votre-chien-en-promenade-sur#l5lb6r47qsmp9ur58y' successfully

2022-07-19 14:59:15 - [TEST_STEP][PASSED] - setViewPortSize(1920, 1080): Viewport is set to new size with width = 1920 and height = 1080

2022-07-19 14:59:15 - [MESSAGE][PASSED] - Viewport is set to new size with width = 1920 and height = 1080

2022-07-19 14:59:15 - [TEST_STEP][PASSED] - click(findTestObject("Object Repository/Page_Concours photo  votez pour la plus bel_494087/button_Accepter  Fermer")): Object: 'Object Repository/Page_Concours photo  votez pour la plus bel_494087/button_Accepter  Fermer' is clicked on

2022-07-19 14:59:16 - [MESSAGE][PASSED] - Object: 'Object Repository/Page_Concours photo  votez pour la plus bel_494087/button_Accepter  Fermer' is clicked on

2022-07-19 14:59:16 - [TEST_STEP][PASSED] - waitForElementVisible(findTestObject("Object Repository/Page_Concours photo  votez pour la plus bel_494087/a_X"), 15): Object 'Object Repository/Page_Concours photo  votez pour la plus bel_494087/a_X' is visible

2022-07-19 14:59:23 - [MESSAGE][PASSED] - Object 'Object Repository/Page_Concours photo  votez pour la plus bel_494087/a_X' is visible

2022-07-19 14:59:23 - [TEST_STEP][PASSED] - click(findTestObject("Object Repository/Page_Concours photo  votez pour la plus bel_494087/a_X")): Object: 'Object Repository/Page_Concours photo  votez pour la plus bel_494087/a_X' is clicked on

2022-07-19 14:59:23 - [MESSAGE][PASSED] - Object: 'Object Repository/Page_Concours photo  votez pour la plus bel_494087/a_X' is clicked on

2022-07-19 14:59:23 - [TEST_STEP][PASSED] - delay(1): Delayed 1 second(s)

2022-07-19 14:59:24 - [MESSAGE][PASSED] - Delayed 1 second(s)

2022-07-19 14:59:24 - [TEST_STEP][PASSED] - click(findTestObject("Object Repository/Page_Concours photo  votez pour la plus bel_494087/input_concat(Votez pour le plus beau chien de la cte d, , Opale )_jouer")): Object: 'Object Repository/Page_Concours photo  votez pour la plus bel_494087/input_concat(Votez pour le plus beau chien de la cte d, , Opale )_jouer' is clicked on

2022-07-19 14:59:25 - [MESSAGE][PASSED] - Object: 'Object Repository/Page_Concours photo  votez pour la plus bel_494087/input_concat(Votez pour le plus beau chien de la cte d, , Opale )_jouer' is clicked on

2022-07-19 14:59:25 - [TEST_STEP][PASSED] - if (verifyElementPresent(findTestObject("Page_Concours photo  votez pour la plus bel_494087/input_concat(Votez pour le plus beau chien de la cte d, , Opale )_jouer"), 1, OPTIONAL)): null

2022-07-19 14:59:26 - [MESSAGE][PASSED] - Object 'Object Repository/Page_Concours photo  votez pour la plus bel_494087/input_concat(Votez pour le plus beau chien de la cte d, , Opale )_jouer' is present

2022-07-19 14:59:26 - [TEST_STEP][PASSED] - click(findTestObject("Object Repository/Page_Concours photo  votez pour la plus bel_494087/input_concat(Votez pour le plus beau chien de la cte d, , Opale )_jouer")): Object: 'Object Repository/Page_Concours photo  votez pour la plus bel_494087/input_concat(Votez pour le plus beau chien de la cte d, , Opale )_jouer' is clicked on

2022-07-19 14:59:27 - [MESSAGE][PASSED] - Object: 'Object Repository/Page_Concours photo  votez pour la plus bel_494087/input_concat(Votez pour le plus beau chien de la cte d, , Opale )_jouer' is clicked on

2022-07-19 14:59:27 - [TEST_STEP][PASSED] - delay(1): Delayed 1 second(s)

2022-07-19 14:59:28 - [MESSAGE][PASSED] - Delayed 1 second(s)

2022-07-19 14:59:28 - [TEST_STEP][PASSED] - setText(findTestObject("Object Repository/Page_Concours photo  votez pour la plus bel_494087/input_trie par_keyword"), "Gaspard"): Text 'Gaspard' is set on object 'Object Repository/Page_Concours photo  votez pour la plus bel_494087/input_trie par_keyword'

2022-07-19 14:59:29 - [MESSAGE][PASSED] - Text 'Gaspard' is set on object 'Object Repository/Page_Concours photo  votez pour la plus bel_494087/input_trie par_keyword'

2022-07-19 14:59:29 - [TEST_STEP][PASSED] - sendKeys(findTestObject("Page_Concours photo  votez pour la plus bel_494087/input_trie par_keyword"), Keys.chord(ENTER)): Keys 'ENTER + ' sent to object: 'Object Repository/Page_Concours photo  votez pour la plus bel_494087/input_trie par_keyword'

2022-07-19 14:59:31 - [MESSAGE][PASSED] - Keys 'ENTER + ' sent to object: 'Object Repository/Page_Concours photo  votez pour la plus bel_494087/input_trie par_keyword'

2022-07-19 14:59:31 - [TEST_STEP][PASSED] - click(findTestObject("Page_Concours photo  votez pour la plus bel_494087/tri")): Object: 'Object Repository/Page_Concours photo  votez pour la plus bel_494087/tri' is clicked on

2022-07-19 14:59:31 - [MESSAGE][PASSED] - Object: 'Object Repository/Page_Concours photo  votez pour la plus bel_494087/tri' is clicked on

2022-07-19 14:59:31 - [TEST_STEP][PASSED] - click(findTestObject("Page_Concours photo  votez pour la plus bel_494087/plus de votes")): Object: 'Object Repository/Page_Concours photo  votez pour la plus bel_494087/plus de votes' is clicked on

2022-07-19 14:59:32 - [MESSAGE][PASSED] - Object: 'Object Repository/Page_Concours photo  votez pour la plus bel_494087/plus de votes' is clicked on

2022-07-19 14:59:33 - [TEST_STEP][PASSED] - click(findTestObject("Object Repository/Page_Concours photo  votez pour la plus bel_494087/i_Votes_fa fa-heart")): Object: 'Object Repository/Page_Concours photo  votez pour la plus bel_494087/i_Votes_fa fa-heart' is clicked on

2022-07-19 14:59:34 - [MESSAGE][PASSED] - Object: 'Object Repository/Page_Concours photo  votez pour la plus bel_494087/i_Votes_fa fa-heart' is clicked on

2022-07-19 14:59:34 - [TEST_STEP][PASSED] - delay(1): Delayed 1 second(s)

2022-07-19 14:59:35 - [MESSAGE][PASSED] - Delayed 1 second(s)

2022-07-19 14:59:35 - [TEST_STEP][PASSED] - closeBrowser(): Browser is closed

2022-07-19 14:59:35 - [MESSAGE][PASSED] - Browser is closed]]></system-out>
         <system-err><![CDATA[]]></system-err>
      </testcase>
      <testcase name="Test Cases/Vote" time="23.473" classname="Test Cases/Vote" status="PASSED">
         <system-out><![CDATA[2022-07-19 14:59:35 - [TEST_CASE][PASSED] - Test Cases/Vote: Test Cases/Vote

2022-07-19 14:59:35 - [TEST_STEP][PASSED] - openBrowser(""): Browser is opened with url: ''

2022-07-19 14:59:35 - [MESSAGE][INFO] - Starting 'Chrome' driver

2022-07-19 14:59:35 - [MESSAGE][INFO] - Action delay is set to 0 milliseconds

2022-07-19 14:59:36 - [MESSAGE][PASSED] - Browser is opened with url: ''

2022-07-19 14:59:36 - [TEST_STEP][PASSED] - navigateToUrl("https://lesechosdutouquet.nordlittoral.fr/147787/article/2022-06-30/concours-photo-montrez-nous-la-plus-belle-photo-de-votre-chien-en-promenade-sur#l5lb6r47qsmp9ur58y"): Navigate to 'https://lesechosdutouquet.nordlittoral.fr/147787/article/2022-06-30/concours-photo-montrez-nous-la-plus-belle-photo-de-votre-chien-en-promenade-sur#l5lb6r47qsmp9ur58y' successfully

2022-07-19 14:59:39 - [MESSAGE][PASSED] - Navigate to 'https://lesechosdutouquet.nordlittoral.fr/147787/article/2022-06-30/concours-photo-montrez-nous-la-plus-belle-photo-de-votre-chien-en-promenade-sur#l5lb6r47qsmp9ur58y' successfully

2022-07-19 14:59:39 - [TEST_STEP][PASSED] - setViewPortSize(1920, 1080): Viewport is set to new size with width = 1920 and height = 1080

2022-07-19 14:59:39 - [MESSAGE][PASSED] - Viewport is set to new size with width = 1920 and height = 1080

2022-07-19 14:59:39 - [TEST_STEP][PASSED] - click(findTestObject("Object Repository/Page_Concours photo  votez pour la plus bel_494087/button_Accepter  Fermer")): Object: 'Object Repository/Page_Concours photo  votez pour la plus bel_494087/button_Accepter  Fermer' is clicked on

2022-07-19 14:59:40 - [MESSAGE][PASSED] - Object: 'Object Repository/Page_Concours photo  votez pour la plus bel_494087/button_Accepter  Fermer' is clicked on

2022-07-19 14:59:40 - [TEST_STEP][PASSED] - waitForElementVisible(findTestObject("Object Repository/Page_Concours photo  votez pour la plus bel_494087/a_X"), 15): Object 'Object Repository/Page_Concours photo  votez pour la plus bel_494087/a_X' is visible

2022-07-19 14:59:47 - [MESSAGE][PASSED] - Object 'Object Repository/Page_Concours photo  votez pour la plus bel_494087/a_X' is visible

2022-07-19 14:59:47 - [TEST_STEP][PASSED] - click(findTestObject("Object Repository/Page_Concours photo  votez pour la plus bel_494087/a_X")): Object: 'Object Repository/Page_Concours photo  votez pour la plus bel_494087/a_X' is clicked on

2022-07-19 14:59:47 - [MESSAGE][PASSED] - Object: 'Object Repository/Page_Concours photo  votez pour la plus bel_494087/a_X' is clicked on

2022-07-19 14:59:47 - [TEST_STEP][PASSED] - delay(1): Delayed 1 second(s)

2022-07-19 14:59:48 - [MESSAGE][PASSED] - Delayed 1 second(s)

2022-07-19 14:59:48 - [TEST_STEP][PASSED] - click(findTestObject("Object Repository/Page_Concours photo  votez pour la plus bel_494087/input_concat(Votez pour le plus beau chien de la cte d, , Opale )_jouer")): Object: 'Object Repository/Page_Concours photo  votez pour la plus bel_494087/input_concat(Votez pour le plus beau chien de la cte d, , Opale )_jouer' is clicked on

2022-07-19 14:59:49 - [MESSAGE][PASSED] - Object: 'Object Repository/Page_Concours photo  votez pour la plus bel_494087/input_concat(Votez pour le plus beau chien de la cte d, , Opale )_jouer' is clicked on

2022-07-19 14:59:49 - [TEST_STEP][PASSED] - if (verifyElementPresent(findTestObject("Page_Concours photo  votez pour la plus bel_494087/input_concat(Votez pour le plus beau chien de la cte d, , Opale )_jouer"), 1, OPTIONAL)): null

2022-07-19 14:59:50 - [MESSAGE][PASSED] - Object 'Object Repository/Page_Concours photo  votez pour la plus bel_494087/input_concat(Votez pour le plus beau chien de la cte d, , Opale )_jouer' is present

2022-07-19 14:59:50 - [TEST_STEP][PASSED] - click(findTestObject("Object Repository/Page_Concours photo  votez pour la plus bel_494087/input_concat(Votez pour le plus beau chien de la cte d, , Opale )_jouer")): Object: 'Object Repository/Page_Concours photo  votez pour la plus bel_494087/input_concat(Votez pour le plus beau chien de la cte d, , Opale )_jouer' is clicked on

2022-07-19 14:59:51 - [MESSAGE][PASSED] - Object: 'Object Repository/Page_Concours photo  votez pour la plus bel_494087/input_concat(Votez pour le plus beau chien de la cte d, , Opale )_jouer' is clicked on

2022-07-19 14:59:51 - [TEST_STEP][PASSED] - delay(1): Delayed 1 second(s)

2022-07-19 14:59:52 - [MESSAGE][PASSED] - Delayed 1 second(s)

2022-07-19 14:59:52 - [TEST_STEP][PASSED] - setText(findTestObject("Object Repository/Page_Concours photo  votez pour la plus bel_494087/input_trie par_keyword"), "Gaspard"): Text 'Gaspard' is set on object 'Object Repository/Page_Concours photo  votez pour la plus bel_494087/input_trie par_keyword'

2022-07-19 14:59:54 - [MESSAGE][PASSED] - Text 'Gaspard' is set on object 'Object Repository/Page_Concours photo  votez pour la plus bel_494087/input_trie par_keyword'

2022-07-19 14:59:54 - [TEST_STEP][PASSED] - sendKeys(findTestObject("Page_Concours photo  votez pour la plus bel_494087/input_trie par_keyword"), Keys.chord(ENTER)): Keys 'ENTER + ' sent to object: 'Object Repository/Page_Concours photo  votez pour la plus bel_494087/input_trie par_keyword'

2022-07-19 14:59:54 - [MESSAGE][PASSED] - Keys 'ENTER + ' sent to object: 'Object Repository/Page_Concours photo  votez pour la plus bel_494087/input_trie par_keyword'

2022-07-19 14:59:54 - [TEST_STEP][PASSED] - click(findTestObject("Page_Concours photo  votez pour la plus bel_494087/tri")): Object: 'Object Repository/Page_Concours photo  votez pour la plus bel_494087/tri' is clicked on

2022-07-19 14:59:56 - [MESSAGE][PASSED] - Object: 'Object Repository/Page_Concours photo  votez pour la plus bel_494087/tri' is clicked on

2022-07-19 14:59:56 - [TEST_STEP][PASSED] - click(findTestObject("Page_Concours photo  votez pour la plus bel_494087/plus de votes")): Object: 'Object Repository/Page_Concours photo  votez pour la plus bel_494087/plus de votes' is clicked on

2022-07-19 14:59:56 - [MESSAGE][PASSED] - Object: 'Object Repository/Page_Concours photo  votez pour la plus bel_494087/plus de votes' is clicked on

2022-07-19 14:59:56 - [TEST_STEP][PASSED] - click(findTestObject("Object Repository/Page_Concours photo  votez pour la plus bel_494087/i_Votes_fa fa-heart")): Object: 'Object Repository/Page_Concours photo  votez pour la plus bel_494087/i_Votes_fa fa-heart' is clicked on

2022-07-19 14:59:57 - [MESSAGE][PASSED] - Object: 'Object Repository/Page_Concours photo  votez pour la plus bel_494087/i_Votes_fa fa-heart' is clicked on

2022-07-19 14:59:57 - [TEST_STEP][PASSED] - delay(1): Delayed 1 second(s)

2022-07-19 14:59:58 - [MESSAGE][PASSED] - Delayed 1 second(s)

2022-07-19 14:59:58 - [TEST_STEP][PASSED] - closeBrowser(): Browser is closed

2022-07-19 14:59:58 - [MESSAGE][PASSED] - Browser is closed]]></system-out>
         <system-err><![CDATA[]]></system-err>
      </testcase>
      <testcase name="Test Cases/Vote" time="23.966" classname="Test Cases/Vote" status="PASSED">
         <system-out><![CDATA[2022-07-19 14:59:58 - [TEST_CASE][PASSED] - Test Cases/Vote: Test Cases/Vote

2022-07-19 14:59:58 - [TEST_STEP][PASSED] - openBrowser(""): Browser is opened with url: ''

2022-07-19 14:59:58 - [MESSAGE][INFO] - Starting 'Chrome' driver

2022-07-19 14:59:58 - [MESSAGE][INFO] - Action delay is set to 0 milliseconds

2022-07-19 14:59:59 - [MESSAGE][PASSED] - Browser is opened with url: ''

2022-07-19 14:59:59 - [TEST_STEP][PASSED] - navigateToUrl("https://lesechosdutouquet.nordlittoral.fr/147787/article/2022-06-30/concours-photo-montrez-nous-la-plus-belle-photo-de-votre-chien-en-promenade-sur#l5lb6r47qsmp9ur58y"): Navigate to 'https://lesechosdutouquet.nordlittoral.fr/147787/article/2022-06-30/concours-photo-montrez-nous-la-plus-belle-photo-de-votre-chien-en-promenade-sur#l5lb6r47qsmp9ur58y' successfully

2022-07-19 15:00:02 - [MESSAGE][PASSED] - Navigate to 'https://lesechosdutouquet.nordlittoral.fr/147787/article/2022-06-30/concours-photo-montrez-nous-la-plus-belle-photo-de-votre-chien-en-promenade-sur#l5lb6r47qsmp9ur58y' successfully

2022-07-19 15:00:02 - [TEST_STEP][PASSED] - setViewPortSize(1920, 1080): Viewport is set to new size with width = 1920 and height = 1080

2022-07-19 15:00:02 - [MESSAGE][PASSED] - Viewport is set to new size with width = 1920 and height = 1080

2022-07-19 15:00:02 - [TEST_STEP][PASSED] - click(findTestObject("Object Repository/Page_Concours photo  votez pour la plus bel_494087/button_Accepter  Fermer")): Object: 'Object Repository/Page_Concours photo  votez pour la plus bel_494087/button_Accepter  Fermer' is clicked on

2022-07-19 15:00:03 - [MESSAGE][PASSED] - Object: 'Object Repository/Page_Concours photo  votez pour la plus bel_494087/button_Accepter  Fermer' is clicked on

2022-07-19 15:00:03 - [TEST_STEP][PASSED] - waitForElementVisible(findTestObject("Object Repository/Page_Concours photo  votez pour la plus bel_494087/a_X"), 15): Object 'Object Repository/Page_Concours photo  votez pour la plus bel_494087/a_X' is visible

2022-07-19 15:00:10 - [MESSAGE][PASSED] - Object 'Object Repository/Page_Concours photo  votez pour la plus bel_494087/a_X' is visible

2022-07-19 15:00:10 - [TEST_STEP][PASSED] - click(findTestObject("Object Repository/Page_Concours photo  votez pour la plus bel_494087/a_X")): Object: 'Object Repository/Page_Concours photo  votez pour la plus bel_494087/a_X' is clicked on

2022-07-19 15:00:10 - [MESSAGE][PASSED] - Object: 'Object Repository/Page_Concours photo  votez pour la plus bel_494087/a_X' is clicked on

2022-07-19 15:00:10 - [TEST_STEP][PASSED] - delay(1): Delayed 1 second(s)

2022-07-19 15:00:11 - [MESSAGE][PASSED] - Delayed 1 second(s)

2022-07-19 15:00:11 - [TEST_STEP][PASSED] - click(findTestObject("Object Repository/Page_Concours photo  votez pour la plus bel_494087/input_concat(Votez pour le plus beau chien de la cte d, , Opale )_jouer")): Object: 'Object Repository/Page_Concours photo  votez pour la plus bel_494087/input_concat(Votez pour le plus beau chien de la cte d, , Opale )_jouer' is clicked on

2022-07-19 15:00:12 - [MESSAGE][PASSED] - Object: 'Object Repository/Page_Concours photo  votez pour la plus bel_494087/input_concat(Votez pour le plus beau chien de la cte d, , Opale )_jouer' is clicked on

2022-07-19 15:00:12 - [TEST_STEP][PASSED] - if (verifyElementPresent(findTestObject("Page_Concours photo  votez pour la plus bel_494087/input_concat(Votez pour le plus beau chien de la cte d, , Opale )_jouer"), 1, OPTIONAL)): null

2022-07-19 15:00:13 - [MESSAGE][PASSED] - Object 'Object Repository/Page_Concours photo  votez pour la plus bel_494087/input_concat(Votez pour le plus beau chien de la cte d, , Opale )_jouer' is present

2022-07-19 15:00:13 - [TEST_STEP][PASSED] - click(findTestObject("Object Repository/Page_Concours photo  votez pour la plus bel_494087/input_concat(Votez pour le plus beau chien de la cte d, , Opale )_jouer")): Object: 'Object Repository/Page_Concours photo  votez pour la plus bel_494087/input_concat(Votez pour le plus beau chien de la cte d, , Opale )_jouer' is clicked on

2022-07-19 15:00:14 - [MESSAGE][PASSED] - Object: 'Object Repository/Page_Concours photo  votez pour la plus bel_494087/input_concat(Votez pour le plus beau chien de la cte d, , Opale )_jouer' is clicked on

2022-07-19 15:00:14 - [TEST_STEP][PASSED] - delay(1): Delayed 1 second(s)

2022-07-19 15:00:15 - [MESSAGE][PASSED] - Delayed 1 second(s)

2022-07-19 15:00:15 - [TEST_STEP][PASSED] - setText(findTestObject("Object Repository/Page_Concours photo  votez pour la plus bel_494087/input_trie par_keyword"), "Gaspard"): Text 'Gaspard' is set on object 'Object Repository/Page_Concours photo  votez pour la plus bel_494087/input_trie par_keyword'

2022-07-19 15:00:17 - [MESSAGE][PASSED] - Text 'Gaspard' is set on object 'Object Repository/Page_Concours photo  votez pour la plus bel_494087/input_trie par_keyword'

2022-07-19 15:00:17 - [TEST_STEP][PASSED] - sendKeys(findTestObject("Page_Concours photo  votez pour la plus bel_494087/input_trie par_keyword"), Keys.chord(ENTER)): Keys 'ENTER + ' sent to object: 'Object Repository/Page_Concours photo  votez pour la plus bel_494087/input_trie par_keyword'

2022-07-19 15:00:18 - [MESSAGE][PASSED] - Keys 'ENTER + ' sent to object: 'Object Repository/Page_Concours photo  votez pour la plus bel_494087/input_trie par_keyword'

2022-07-19 15:00:18 - [TEST_STEP][PASSED] - click(findTestObject("Page_Concours photo  votez pour la plus bel_494087/tri")): Object: 'Object Repository/Page_Concours photo  votez pour la plus bel_494087/tri' is clicked on

2022-07-19 15:00:19 - [MESSAGE][PASSED] - Object: 'Object Repository/Page_Concours photo  votez pour la plus bel_494087/tri' is clicked on

2022-07-19 15:00:19 - [TEST_STEP][PASSED] - click(findTestObject("Page_Concours photo  votez pour la plus bel_494087/plus de votes")): Object: 'Object Repository/Page_Concours photo  votez pour la plus bel_494087/plus de votes' is clicked on

2022-07-19 15:00:19 - [MESSAGE][PASSED] - Object: 'Object Repository/Page_Concours photo  votez pour la plus bel_494087/plus de votes' is clicked on

2022-07-19 15:00:20 - [TEST_STEP][PASSED] - click(findTestObject("Object Repository/Page_Concours photo  votez pour la plus bel_494087/i_Votes_fa fa-heart")): Object: 'Object Repository/Page_Concours photo  votez pour la plus bel_494087/i_Votes_fa fa-heart' is clicked on

2022-07-19 15:00:21 - [MESSAGE][PASSED] - Object: 'Object Repository/Page_Concours photo  votez pour la plus bel_494087/i_Votes_fa fa-heart' is clicked on

2022-07-19 15:00:21 - [TEST_STEP][PASSED] - delay(1): Delayed 1 second(s)

2022-07-19 15:00:22 - [MESSAGE][PASSED] - Delayed 1 second(s)

2022-07-19 15:00:22 - [TEST_STEP][PASSED] - closeBrowser(): Browser is closed

2022-07-19 15:00:22 - [MESSAGE][PASSED] - Browser is closed]]></system-out>
         <system-err><![CDATA[]]></system-err>
      </testcase>
      <testcase name="Test Cases/Vote" time="24.36" classname="Test Cases/Vote" status="PASSED">
         <system-out><![CDATA[2022-07-19 15:00:22 - [TEST_CASE][PASSED] - Test Cases/Vote: Test Cases/Vote

2022-07-19 15:00:22 - [TEST_STEP][PASSED] - openBrowser(""): Browser is opened with url: ''

2022-07-19 15:00:22 - [MESSAGE][INFO] - Starting 'Chrome' driver

2022-07-19 15:00:22 - [MESSAGE][INFO] - Action delay is set to 0 milliseconds

2022-07-19 15:00:23 - [MESSAGE][PASSED] - Browser is opened with url: ''

2022-07-19 15:00:23 - [TEST_STEP][PASSED] - navigateToUrl("https://lesechosdutouquet.nordlittoral.fr/147787/article/2022-06-30/concours-photo-montrez-nous-la-plus-belle-photo-de-votre-chien-en-promenade-sur#l5lb6r47qsmp9ur58y"): Navigate to 'https://lesechosdutouquet.nordlittoral.fr/147787/article/2022-06-30/concours-photo-montrez-nous-la-plus-belle-photo-de-votre-chien-en-promenade-sur#l5lb6r47qsmp9ur58y' successfully

2022-07-19 15:00:26 - [MESSAGE][PASSED] - Navigate to 'https://lesechosdutouquet.nordlittoral.fr/147787/article/2022-06-30/concours-photo-montrez-nous-la-plus-belle-photo-de-votre-chien-en-promenade-sur#l5lb6r47qsmp9ur58y' successfully

2022-07-19 15:00:26 - [TEST_STEP][PASSED] - setViewPortSize(1920, 1080): Viewport is set to new size with width = 1920 and height = 1080

2022-07-19 15:00:26 - [MESSAGE][PASSED] - Viewport is set to new size with width = 1920 and height = 1080

2022-07-19 15:00:26 - [TEST_STEP][PASSED] - click(findTestObject("Object Repository/Page_Concours photo  votez pour la plus bel_494087/button_Accepter  Fermer")): Object: 'Object Repository/Page_Concours photo  votez pour la plus bel_494087/button_Accepter  Fermer' is clicked on

2022-07-19 15:00:27 - [MESSAGE][PASSED] - Object: 'Object Repository/Page_Concours photo  votez pour la plus bel_494087/button_Accepter  Fermer' is clicked on

2022-07-19 15:00:27 - [TEST_STEP][PASSED] - waitForElementVisible(findTestObject("Object Repository/Page_Concours photo  votez pour la plus bel_494087/a_X"), 15): Object 'Object Repository/Page_Concours photo  votez pour la plus bel_494087/a_X' is visible

2022-07-19 15:00:34 - [MESSAGE][PASSED] - Object 'Object Repository/Page_Concours photo  votez pour la plus bel_494087/a_X' is visible

2022-07-19 15:00:34 - [TEST_STEP][PASSED] - click(findTestObject("Object Repository/Page_Concours photo  votez pour la plus bel_494087/a_X")): Object: 'Object Repository/Page_Concours photo  votez pour la plus bel_494087/a_X' is clicked on

2022-07-19 15:00:34 - [MESSAGE][PASSED] - Object: 'Object Repository/Page_Concours photo  votez pour la plus bel_494087/a_X' is clicked on

2022-07-19 15:00:34 - [TEST_STEP][PASSED] - delay(1): Delayed 1 second(s)

2022-07-19 15:00:35 - [MESSAGE][PASSED] - Delayed 1 second(s)

2022-07-19 15:00:35 - [TEST_STEP][PASSED] - click(findTestObject("Object Repository/Page_Concours photo  votez pour la plus bel_494087/input_concat(Votez pour le plus beau chien de la cte d, , Opale )_jouer")): Object: 'Object Repository/Page_Concours photo  votez pour la plus bel_494087/input_concat(Votez pour le plus beau chien de la cte d, , Opale )_jouer' is clicked on

2022-07-19 15:00:36 - [MESSAGE][PASSED] - Object: 'Object Repository/Page_Concours photo  votez pour la plus bel_494087/input_concat(Votez pour le plus beau chien de la cte d, , Opale )_jouer' is clicked on

2022-07-19 15:00:36 - [TEST_STEP][PASSED] - if (verifyElementPresent(findTestObject("Page_Concours photo  votez pour la plus bel_494087/input_concat(Votez pour le plus beau chien de la cte d, , Opale )_jouer"), 1, OPTIONAL)): null

2022-07-19 15:00:37 - [MESSAGE][PASSED] - Object 'Object Repository/Page_Concours photo  votez pour la plus bel_494087/input_concat(Votez pour le plus beau chien de la cte d, , Opale )_jouer' is present

2022-07-19 15:00:37 - [TEST_STEP][PASSED] - click(findTestObject("Object Repository/Page_Concours photo  votez pour la plus bel_494087/input_concat(Votez pour le plus beau chien de la cte d, , Opale )_jouer")): Object: 'Object Repository/Page_Concours photo  votez pour la plus bel_494087/input_concat(Votez pour le plus beau chien de la cte d, , Opale )_jouer' is clicked on

2022-07-19 15:00:38 - [MESSAGE][PASSED] - Object: 'Object Repository/Page_Concours photo  votez pour la plus bel_494087/input_concat(Votez pour le plus beau chien de la cte d, , Opale )_jouer' is clicked on

2022-07-19 15:00:38 - [TEST_STEP][PASSED] - delay(1): Delayed 1 second(s)

2022-07-19 15:00:39 - [MESSAGE][PASSED] - Delayed 1 second(s)

2022-07-19 15:00:39 - [TEST_STEP][PASSED] - setText(findTestObject("Object Repository/Page_Concours photo  votez pour la plus bel_494087/input_trie par_keyword"), "Gaspard"): Text 'Gaspard' is set on object 'Object Repository/Page_Concours photo  votez pour la plus bel_494087/input_trie par_keyword'

2022-07-19 15:00:40 - [MESSAGE][PASSED] - Text 'Gaspard' is set on object 'Object Repository/Page_Concours photo  votez pour la plus bel_494087/input_trie par_keyword'

2022-07-19 15:00:40 - [TEST_STEP][PASSED] - sendKeys(findTestObject("Page_Concours photo  votez pour la plus bel_494087/input_trie par_keyword"), Keys.chord(ENTER)): Keys 'ENTER + ' sent to object: 'Object Repository/Page_Concours photo  votez pour la plus bel_494087/input_trie par_keyword'

2022-07-19 15:00:42 - [MESSAGE][PASSED] - Keys 'ENTER + ' sent to object: 'Object Repository/Page_Concours photo  votez pour la plus bel_494087/input_trie par_keyword'

2022-07-19 15:00:42 - [TEST_STEP][PASSED] - click(findTestObject("Page_Concours photo  votez pour la plus bel_494087/tri")): Object: 'Object Repository/Page_Concours photo  votez pour la plus bel_494087/tri' is clicked on

2022-07-19 15:00:42 - [MESSAGE][PASSED] - Object: 'Object Repository/Page_Concours photo  votez pour la plus bel_494087/tri' is clicked on

2022-07-19 15:00:42 - [TEST_STEP][PASSED] - click(findTestObject("Page_Concours photo  votez pour la plus bel_494087/plus de votes")): Object: 'Object Repository/Page_Concours photo  votez pour la plus bel_494087/plus de votes' is clicked on

2022-07-19 15:00:43 - [MESSAGE][PASSED] - Object: 'Object Repository/Page_Concours photo  votez pour la plus bel_494087/plus de votes' is clicked on

2022-07-19 15:00:44 - [TEST_STEP][PASSED] - click(findTestObject("Object Repository/Page_Concours photo  votez pour la plus bel_494087/i_Votes_fa fa-heart")): Object: 'Object Repository/Page_Concours photo  votez pour la plus bel_494087/i_Votes_fa fa-heart' is clicked on

2022-07-19 15:00:45 - [MESSAGE][PASSED] - Object: 'Object Repository/Page_Concours photo  votez pour la plus bel_494087/i_Votes_fa fa-heart' is clicked on

2022-07-19 15:00:45 - [TEST_STEP][PASSED] - delay(1): Delayed 1 second(s)

2022-07-19 15:00:46 - [MESSAGE][PASSED] - Delayed 1 second(s)

2022-07-19 15:00:46 - [TEST_STEP][PASSED] - closeBrowser(): Browser is closed

2022-07-19 15:00:47 - [MESSAGE][PASSED] - Browser is closed]]></system-out>
         <system-err><![CDATA[]]></system-err>
      </testcase>
      <testcase name="Test Cases/Vote" time="26.718" classname="Test Cases/Vote" status="PASSED">
         <system-out><![CDATA[2022-07-19 15:00:47 - [TEST_CASE][PASSED] - Test Cases/Vote: Test Cases/Vote

2022-07-19 15:00:47 - [TEST_STEP][PASSED] - openBrowser(""): Browser is opened with url: ''

2022-07-19 15:00:47 - [MESSAGE][INFO] - Starting 'Chrome' driver

2022-07-19 15:00:47 - [MESSAGE][INFO] - Action delay is set to 0 milliseconds

2022-07-19 15:00:48 - [MESSAGE][PASSED] - Browser is opened with url: ''

2022-07-19 15:00:48 - [TEST_STEP][PASSED] - navigateToUrl("https://lesechosdutouquet.nordlittoral.fr/147787/article/2022-06-30/concours-photo-montrez-nous-la-plus-belle-photo-de-votre-chien-en-promenade-sur#l5lb6r47qsmp9ur58y"): Navigate to 'https://lesechosdutouquet.nordlittoral.fr/147787/article/2022-06-30/concours-photo-montrez-nous-la-plus-belle-photo-de-votre-chien-en-promenade-sur#l5lb6r47qsmp9ur58y' successfully

2022-07-19 15:00:51 - [MESSAGE][PASSED] - Navigate to 'https://lesechosdutouquet.nordlittoral.fr/147787/article/2022-06-30/concours-photo-montrez-nous-la-plus-belle-photo-de-votre-chien-en-promenade-sur#l5lb6r47qsmp9ur58y' successfully

2022-07-19 15:00:51 - [TEST_STEP][PASSED] - setViewPortSize(1920, 1080): Viewport is set to new size with width = 1920 and height = 1080

2022-07-19 15:00:51 - [MESSAGE][PASSED] - Viewport is set to new size with width = 1920 and height = 1080

2022-07-19 15:00:51 - [TEST_STEP][PASSED] - click(findTestObject("Object Repository/Page_Concours photo  votez pour la plus bel_494087/button_Accepter  Fermer")): Object: 'Object Repository/Page_Concours photo  votez pour la plus bel_494087/button_Accepter  Fermer' is clicked on

2022-07-19 15:00:52 - [MESSAGE][PASSED] - Object: 'Object Repository/Page_Concours photo  votez pour la plus bel_494087/button_Accepter  Fermer' is clicked on

2022-07-19 15:00:52 - [TEST_STEP][PASSED] - waitForElementVisible(findTestObject("Object Repository/Page_Concours photo  votez pour la plus bel_494087/a_X"), 15): Object 'Object Repository/Page_Concours photo  votez pour la plus bel_494087/a_X' is visible

2022-07-19 15:00:59 - [MESSAGE][PASSED] - Object 'Object Repository/Page_Concours photo  votez pour la plus bel_494087/a_X' is visible

2022-07-19 15:00:59 - [TEST_STEP][PASSED] - click(findTestObject("Object Repository/Page_Concours photo  votez pour la plus bel_494087/a_X")): Object: 'Object Repository/Page_Concours photo  votez pour la plus bel_494087/a_X' is clicked on

2022-07-19 15:00:59 - [MESSAGE][PASSED] - Object: 'Object Repository/Page_Concours photo  votez pour la plus bel_494087/a_X' is clicked on

2022-07-19 15:00:59 - [TEST_STEP][PASSED] - delay(1): Delayed 1 second(s)

2022-07-19 15:01:00 - [MESSAGE][PASSED] - Delayed 1 second(s)

2022-07-19 15:01:00 - [TEST_STEP][PASSED] - click(findTestObject("Object Repository/Page_Concours photo  votez pour la plus bel_494087/input_concat(Votez pour le plus beau chien de la cte d, , Opale )_jouer")): Object: 'Object Repository/Page_Concours photo  votez pour la plus bel_494087/input_concat(Votez pour le plus beau chien de la cte d, , Opale )_jouer' is clicked on

2022-07-19 15:01:01 - [MESSAGE][PASSED] - Object: 'Object Repository/Page_Concours photo  votez pour la plus bel_494087/input_concat(Votez pour le plus beau chien de la cte d, , Opale )_jouer' is clicked on

2022-07-19 15:01:01 - [TEST_STEP][PASSED] - if (verifyElementPresent(findTestObject("Page_Concours photo  votez pour la plus bel_494087/input_concat(Votez pour le plus beau chien de la cte d, , Opale )_jouer"), 1, OPTIONAL)): null

2022-07-19 15:01:02 - [MESSAGE][PASSED] - Object 'Object Repository/Page_Concours photo  votez pour la plus bel_494087/input_concat(Votez pour le plus beau chien de la cte d, , Opale )_jouer' is present

2022-07-19 15:01:02 - [TEST_STEP][PASSED] - click(findTestObject("Object Repository/Page_Concours photo  votez pour la plus bel_494087/input_concat(Votez pour le plus beau chien de la cte d, , Opale )_jouer")): Object: 'Object Repository/Page_Concours photo  votez pour la plus bel_494087/input_concat(Votez pour le plus beau chien de la cte d, , Opale )_jouer' is clicked on

2022-07-19 15:01:03 - [MESSAGE][PASSED] - Object: 'Object Repository/Page_Concours photo  votez pour la plus bel_494087/input_concat(Votez pour le plus beau chien de la cte d, , Opale )_jouer' is clicked on

2022-07-19 15:01:03 - [TEST_STEP][PASSED] - delay(1): Delayed 1 second(s)

2022-07-19 15:01:04 - [MESSAGE][PASSED] - Delayed 1 second(s)

2022-07-19 15:01:04 - [TEST_STEP][PASSED] - setText(findTestObject("Object Repository/Page_Concours photo  votez pour la plus bel_494087/input_trie par_keyword"), "Gaspard"): Text 'Gaspard' is set on object 'Object Repository/Page_Concours photo  votez pour la plus bel_494087/input_trie par_keyword'

2022-07-19 15:01:05 - [MESSAGE][PASSED] - Text 'Gaspard' is set on object 'Object Repository/Page_Concours photo  votez pour la plus bel_494087/input_trie par_keyword'

2022-07-19 15:01:05 - [TEST_STEP][PASSED] - sendKeys(findTestObject("Page_Concours photo  votez pour la plus bel_494087/input_trie par_keyword"), Keys.chord(ENTER)): Keys 'ENTER + ' sent to object: 'Object Repository/Page_Concours photo  votez pour la plus bel_494087/input_trie par_keyword'

2022-07-19 15:01:07 - [MESSAGE][PASSED] - Keys 'ENTER + ' sent to object: 'Object Repository/Page_Concours photo  votez pour la plus bel_494087/input_trie par_keyword'

2022-07-19 15:01:07 - [TEST_STEP][PASSED] - click(findTestObject("Page_Concours photo  votez pour la plus bel_494087/tri")): Object: 'Object Repository/Page_Concours photo  votez pour la plus bel_494087/tri' is clicked on

2022-07-19 15:01:07 - [MESSAGE][PASSED] - Object: 'Object Repository/Page_Concours photo  votez pour la plus bel_494087/tri' is clicked on

2022-07-19 15:01:07 - [TEST_STEP][PASSED] - click(findTestObject("Page_Concours photo  votez pour la plus bel_494087/plus de votes")): Object: 'Object Repository/Page_Concours photo  votez pour la plus bel_494087/plus de votes' is clicked on

2022-07-19 15:01:08 - [MESSAGE][PASSED] - Object: 'Object Repository/Page_Concours photo  votez pour la plus bel_494087/plus de votes' is clicked on

2022-07-19 15:01:10 - [TEST_STEP][PASSED] - click(findTestObject("Object Repository/Page_Concours photo  votez pour la plus bel_494087/i_Votes_fa fa-heart")): Object: 'Object Repository/Page_Concours photo  votez pour la plus bel_494087/i_Votes_fa fa-heart' is clicked on

2022-07-19 15:01:11 - [MESSAGE][PASSED] - Object: 'Object Repository/Page_Concours photo  votez pour la plus bel_494087/i_Votes_fa fa-heart' is clicked on

2022-07-19 15:01:11 - [TEST_STEP][PASSED] - delay(1): Delayed 1 second(s)

2022-07-19 15:01:12 - [MESSAGE][PASSED] - Delayed 1 second(s)

2022-07-19 15:01:12 - [TEST_STEP][PASSED] - closeBrowser(): Browser is closed

2022-07-19 15:01:13 - [MESSAGE][PASSED] - Browser is closed]]></system-out>
         <system-err><![CDATA[]]></system-err>
      </testcase>
      <testcase name="Test Cases/Vote" time="27.39" classname="Test Cases/Vote" status="PASSED">
         <system-out><![CDATA[2022-07-19 15:01:13 - [TEST_CASE][PASSED] - Test Cases/Vote: Test Cases/Vote

2022-07-19 15:01:13 - [TEST_STEP][PASSED] - openBrowser(""): Browser is opened with url: ''

2022-07-19 15:01:13 - [MESSAGE][INFO] - Starting 'Chrome' driver

2022-07-19 15:01:13 - [MESSAGE][INFO] - Action delay is set to 0 milliseconds

2022-07-19 15:01:15 - [MESSAGE][PASSED] - Browser is opened with url: ''

2022-07-19 15:01:15 - [TEST_STEP][PASSED] - navigateToUrl("https://lesechosdutouquet.nordlittoral.fr/147787/article/2022-06-30/concours-photo-montrez-nous-la-plus-belle-photo-de-votre-chien-en-promenade-sur#l5lb6r47qsmp9ur58y"): Navigate to 'https://lesechosdutouquet.nordlittoral.fr/147787/article/2022-06-30/concours-photo-montrez-nous-la-plus-belle-photo-de-votre-chien-en-promenade-sur#l5lb6r47qsmp9ur58y' successfully

2022-07-19 15:01:17 - [MESSAGE][PASSED] - Navigate to 'https://lesechosdutouquet.nordlittoral.fr/147787/article/2022-06-30/concours-photo-montrez-nous-la-plus-belle-photo-de-votre-chien-en-promenade-sur#l5lb6r47qsmp9ur58y' successfully

2022-07-19 15:01:17 - [TEST_STEP][PASSED] - setViewPortSize(1920, 1080): Viewport is set to new size with width = 1920 and height = 1080

2022-07-19 15:01:17 - [MESSAGE][PASSED] - Viewport is set to new size with width = 1920 and height = 1080

2022-07-19 15:01:17 - [TEST_STEP][PASSED] - click(findTestObject("Object Repository/Page_Concours photo  votez pour la plus bel_494087/button_Accepter  Fermer")): Object: 'Object Repository/Page_Concours photo  votez pour la plus bel_494087/button_Accepter  Fermer' is clicked on

2022-07-19 15:01:22 - [MESSAGE][PASSED] - Object: 'Object Repository/Page_Concours photo  votez pour la plus bel_494087/button_Accepter  Fermer' is clicked on

2022-07-19 15:01:22 - [TEST_STEP][PASSED] - waitForElementVisible(findTestObject("Object Repository/Page_Concours photo  votez pour la plus bel_494087/a_X"), 15): Object 'Object Repository/Page_Concours photo  votez pour la plus bel_494087/a_X' is visible

2022-07-19 15:01:27 - [MESSAGE][PASSED] - Object 'Object Repository/Page_Concours photo  votez pour la plus bel_494087/a_X' is visible

2022-07-19 15:01:27 - [TEST_STEP][PASSED] - click(findTestObject("Object Repository/Page_Concours photo  votez pour la plus bel_494087/a_X")): Object: 'Object Repository/Page_Concours photo  votez pour la plus bel_494087/a_X' is clicked on

2022-07-19 15:01:28 - [MESSAGE][PASSED] - Object: 'Object Repository/Page_Concours photo  votez pour la plus bel_494087/a_X' is clicked on

2022-07-19 15:01:28 - [TEST_STEP][PASSED] - delay(1): Delayed 1 second(s)

2022-07-19 15:01:29 - [MESSAGE][PASSED] - Delayed 1 second(s)

2022-07-19 15:01:29 - [TEST_STEP][PASSED] - click(findTestObject("Object Repository/Page_Concours photo  votez pour la plus bel_494087/input_concat(Votez pour le plus beau chien de la cte d, , Opale )_jouer")): Object: 'Object Repository/Page_Concours photo  votez pour la plus bel_494087/input_concat(Votez pour le plus beau chien de la cte d, , Opale )_jouer' is clicked on

2022-07-19 15:01:30 - [MESSAGE][PASSED] - Object: 'Object Repository/Page_Concours photo  votez pour la plus bel_494087/input_concat(Votez pour le plus beau chien de la cte d, , Opale )_jouer' is clicked on

2022-07-19 15:01:31 - [TEST_STEP][PASSED] - if (verifyElementPresent(findTestObject("Page_Concours photo  votez pour la plus bel_494087/input_concat(Votez pour le plus beau chien de la cte d, , Opale )_jouer"), 1, OPTIONAL)): null

2022-07-19 15:01:32 - [MESSAGE][PASSED] - Object 'Object Repository/Page_Concours photo  votez pour la plus bel_494087/input_concat(Votez pour le plus beau chien de la cte d, , Opale )_jouer' is present

2022-07-19 15:01:32 - [TEST_STEP][PASSED] - click(findTestObject("Object Repository/Page_Concours photo  votez pour la plus bel_494087/input_concat(Votez pour le plus beau chien de la cte d, , Opale )_jouer")): Object: 'Object Repository/Page_Concours photo  votez pour la plus bel_494087/input_concat(Votez pour le plus beau chien de la cte d, , Opale )_jouer' is clicked on

2022-07-19 15:01:33 - [MESSAGE][PASSED] - Object: 'Object Repository/Page_Concours photo  votez pour la plus bel_494087/input_concat(Votez pour le plus beau chien de la cte d, , Opale )_jouer' is clicked on

2022-07-19 15:01:33 - [TEST_STEP][PASSED] - delay(1): Delayed 1 second(s)

2022-07-19 15:01:34 - [MESSAGE][PASSED] - Delayed 1 second(s)

2022-07-19 15:01:34 - [TEST_STEP][PASSED] - setText(findTestObject("Object Repository/Page_Concours photo  votez pour la plus bel_494087/input_trie par_keyword"), "Gaspard"): Text 'Gaspard' is set on object 'Object Repository/Page_Concours photo  votez pour la plus bel_494087/input_trie par_keyword'

2022-07-19 15:01:36 - [MESSAGE][PASSED] - Text 'Gaspard' is set on object 'Object Repository/Page_Concours photo  votez pour la plus bel_494087/input_trie par_keyword'

2022-07-19 15:01:36 - [TEST_STEP][PASSED] - sendKeys(findTestObject("Page_Concours photo  votez pour la plus bel_494087/input_trie par_keyword"), Keys.chord(ENTER)): Keys 'ENTER + ' sent to object: 'Object Repository/Page_Concours photo  votez pour la plus bel_494087/input_trie par_keyword'

2022-07-19 15:01:37 - [MESSAGE][PASSED] - Keys 'ENTER + ' sent to object: 'Object Repository/Page_Concours photo  votez pour la plus bel_494087/input_trie par_keyword'

2022-07-19 15:01:37 - [TEST_STEP][PASSED] - click(findTestObject("Page_Concours photo  votez pour la plus bel_494087/tri")): Object: 'Object Repository/Page_Concours photo  votez pour la plus bel_494087/tri' is clicked on

2022-07-19 15:01:37 - [MESSAGE][PASSED] - Object: 'Object Repository/Page_Concours photo  votez pour la plus bel_494087/tri' is clicked on

2022-07-19 15:01:37 - [TEST_STEP][PASSED] - click(findTestObject("Page_Concours photo  votez pour la plus bel_494087/plus de votes")): Object: 'Object Repository/Page_Concours photo  votez pour la plus bel_494087/plus de votes' is clicked on

2022-07-19 15:01:38 - [MESSAGE][PASSED] - Object: 'Object Repository/Page_Concours photo  votez pour la plus bel_494087/plus de votes' is clicked on

2022-07-19 15:01:39 - [TEST_STEP][PASSED] - click(findTestObject("Object Repository/Page_Concours photo  votez pour la plus bel_494087/i_Votes_fa fa-heart")): Object: 'Object Repository/Page_Concours photo  votez pour la plus bel_494087/i_Votes_fa fa-heart' is clicked on

2022-07-19 15:01:40 - [MESSAGE][PASSED] - Object: 'Object Repository/Page_Concours photo  votez pour la plus bel_494087/i_Votes_fa fa-heart' is clicked on

2022-07-19 15:01:40 - [TEST_STEP][PASSED] - delay(1): Delayed 1 second(s)

2022-07-19 15:01:41 - [MESSAGE][PASSED] - Delayed 1 second(s)

2022-07-19 15:01:41 - [TEST_STEP][PASSED] - closeBrowser(): Browser is closed

2022-07-19 15:01:41 - [MESSAGE][PASSED] - Browser is closed]]></system-out>
         <system-err><![CDATA[]]></system-err>
      </testcase>
      <testcase name="Test Cases/Vote" time="25.314" classname="Test Cases/Vote" status="PASSED">
         <system-out><![CDATA[2022-07-19 15:01:41 - [TEST_CASE][PASSED] - Test Cases/Vote: Test Cases/Vote

2022-07-19 15:01:41 - [TEST_STEP][PASSED] - openBrowser(""): Browser is opened with url: ''

2022-07-19 15:01:41 - [MESSAGE][INFO] - Starting 'Chrome' driver

2022-07-19 15:01:41 - [MESSAGE][INFO] - Action delay is set to 0 milliseconds

2022-07-19 15:01:42 - [MESSAGE][PASSED] - Browser is opened with url: ''

2022-07-19 15:01:42 - [TEST_STEP][PASSED] - navigateToUrl("https://lesechosdutouquet.nordlittoral.fr/147787/article/2022-06-30/concours-photo-montrez-nous-la-plus-belle-photo-de-votre-chien-en-promenade-sur#l5lb6r47qsmp9ur58y"): Navigate to 'https://lesechosdutouquet.nordlittoral.fr/147787/article/2022-06-30/concours-photo-montrez-nous-la-plus-belle-photo-de-votre-chien-en-promenade-sur#l5lb6r47qsmp9ur58y' successfully

2022-07-19 15:01:46 - [MESSAGE][PASSED] - Navigate to 'https://lesechosdutouquet.nordlittoral.fr/147787/article/2022-06-30/concours-photo-montrez-nous-la-plus-belle-photo-de-votre-chien-en-promenade-sur#l5lb6r47qsmp9ur58y' successfully

2022-07-19 15:01:46 - [TEST_STEP][PASSED] - setViewPortSize(1920, 1080): Viewport is set to new size with width = 1920 and height = 1080

2022-07-19 15:01:46 - [MESSAGE][PASSED] - Viewport is set to new size with width = 1920 and height = 1080

2022-07-19 15:01:46 - [TEST_STEP][PASSED] - click(findTestObject("Object Repository/Page_Concours photo  votez pour la plus bel_494087/button_Accepter  Fermer")): Object: 'Object Repository/Page_Concours photo  votez pour la plus bel_494087/button_Accepter  Fermer' is clicked on

2022-07-19 15:01:47 - [MESSAGE][PASSED] - Object: 'Object Repository/Page_Concours photo  votez pour la plus bel_494087/button_Accepter  Fermer' is clicked on

2022-07-19 15:01:47 - [TEST_STEP][PASSED] - waitForElementVisible(findTestObject("Object Repository/Page_Concours photo  votez pour la plus bel_494087/a_X"), 15): Object 'Object Repository/Page_Concours photo  votez pour la plus bel_494087/a_X' is visible

2022-07-19 15:01:55 - [MESSAGE][PASSED] - Object 'Object Repository/Page_Concours photo  votez pour la plus bel_494087/a_X' is visible

2022-07-19 15:01:55 - [TEST_STEP][PASSED] - click(findTestObject("Object Repository/Page_Concours photo  votez pour la plus bel_494087/a_X")): Object: 'Object Repository/Page_Concours photo  votez pour la plus bel_494087/a_X' is clicked on

2022-07-19 15:01:55 - [MESSAGE][PASSED] - Object: 'Object Repository/Page_Concours photo  votez pour la plus bel_494087/a_X' is clicked on

2022-07-19 15:01:55 - [TEST_STEP][PASSED] - delay(1): Delayed 1 second(s)

2022-07-19 15:01:56 - [MESSAGE][PASSED] - Delayed 1 second(s)

2022-07-19 15:01:56 - [TEST_STEP][PASSED] - click(findTestObject("Object Repository/Page_Concours photo  votez pour la plus bel_494087/input_concat(Votez pour le plus beau chien de la cte d, , Opale )_jouer")): Object: 'Object Repository/Page_Concours photo  votez pour la plus bel_494087/input_concat(Votez pour le plus beau chien de la cte d, , Opale )_jouer' is clicked on

2022-07-19 15:01:57 - [MESSAGE][PASSED] - Object: 'Object Repository/Page_Concours photo  votez pour la plus bel_494087/input_concat(Votez pour le plus beau chien de la cte d, , Opale )_jouer' is clicked on

2022-07-19 15:01:57 - [TEST_STEP][PASSED] - if (verifyElementPresent(findTestObject("Page_Concours photo  votez pour la plus bel_494087/input_concat(Votez pour le plus beau chien de la cte d, , Opale )_jouer"), 1, OPTIONAL)): null

2022-07-19 15:01:58 - [MESSAGE][PASSED] - Object 'Object Repository/Page_Concours photo  votez pour la plus bel_494087/input_concat(Votez pour le plus beau chien de la cte d, , Opale )_jouer' is present

2022-07-19 15:01:58 - [TEST_STEP][PASSED] - click(findTestObject("Object Repository/Page_Concours photo  votez pour la plus bel_494087/input_concat(Votez pour le plus beau chien de la cte d, , Opale )_jouer")): Object: 'Object Repository/Page_Concours photo  votez pour la plus bel_494087/input_concat(Votez pour le plus beau chien de la cte d, , Opale )_jouer' is clicked on

2022-07-19 15:01:58 - [MESSAGE][PASSED] - Object: 'Object Repository/Page_Concours photo  votez pour la plus bel_494087/input_concat(Votez pour le plus beau chien de la cte d, , Opale )_jouer' is clicked on

2022-07-19 15:01:58 - [TEST_STEP][PASSED] - delay(1): Delayed 1 second(s)

2022-07-19 15:01:59 - [MESSAGE][PASSED] - Delayed 1 second(s)

2022-07-19 15:01:59 - [TEST_STEP][PASSED] - setText(findTestObject("Object Repository/Page_Concours photo  votez pour la plus bel_494087/input_trie par_keyword"), "Gaspard"): Text 'Gaspard' is set on object 'Object Repository/Page_Concours photo  votez pour la plus bel_494087/input_trie par_keyword'

2022-07-19 15:02:01 - [MESSAGE][PASSED] - Text 'Gaspard' is set on object 'Object Repository/Page_Concours photo  votez pour la plus bel_494087/input_trie par_keyword'

2022-07-19 15:02:01 - [TEST_STEP][PASSED] - sendKeys(findTestObject("Page_Concours photo  votez pour la plus bel_494087/input_trie par_keyword"), Keys.chord(ENTER)): Keys 'ENTER + ' sent to object: 'Object Repository/Page_Concours photo  votez pour la plus bel_494087/input_trie par_keyword'

2022-07-19 15:02:02 - [MESSAGE][PASSED] - Keys 'ENTER + ' sent to object: 'Object Repository/Page_Concours photo  votez pour la plus bel_494087/input_trie par_keyword'

2022-07-19 15:02:02 - [TEST_STEP][PASSED] - click(findTestObject("Page_Concours photo  votez pour la plus bel_494087/tri")): Object: 'Object Repository/Page_Concours photo  votez pour la plus bel_494087/tri' is clicked on

2022-07-19 15:02:03 - [MESSAGE][PASSED] - Object: 'Object Repository/Page_Concours photo  votez pour la plus bel_494087/tri' is clicked on

2022-07-19 15:02:03 - [TEST_STEP][PASSED] - click(findTestObject("Page_Concours photo  votez pour la plus bel_494087/plus de votes")): Object: 'Object Repository/Page_Concours photo  votez pour la plus bel_494087/plus de votes' is clicked on

2022-07-19 15:02:03 - [MESSAGE][PASSED] - Object: 'Object Repository/Page_Concours photo  votez pour la plus bel_494087/plus de votes' is clicked on

2022-07-19 15:02:03 - [TEST_STEP][PASSED] - click(findTestObject("Object Repository/Page_Concours photo  votez pour la plus bel_494087/i_Votes_fa fa-heart")): Object: 'Object Repository/Page_Concours photo  votez pour la plus bel_494087/i_Votes_fa fa-heart' is clicked on

2022-07-19 15:02:05 - [MESSAGE][PASSED] - Object: 'Object Repository/Page_Concours photo  votez pour la plus bel_494087/i_Votes_fa fa-heart' is clicked on

2022-07-19 15:02:05 - [TEST_STEP][PASSED] - delay(1): Delayed 1 second(s)

2022-07-19 15:02:06 - [MESSAGE][PASSED] - Delayed 1 second(s)

2022-07-19 15:02:06 - [TEST_STEP][PASSED] - closeBrowser(): Browser is closed

2022-07-19 15:02:06 - [MESSAGE][PASSED] - Browser is closed]]></system-out>
         <system-err><![CDATA[]]></system-err>
      </testcase>
      <testcase name="Test Cases/Vote" time="27.631" classname="Test Cases/Vote" status="PASSED">
         <system-out><![CDATA[2022-07-19 15:02:06 - [TEST_CASE][PASSED] - Test Cases/Vote: Test Cases/Vote

2022-07-19 15:02:06 - [TEST_STEP][PASSED] - openBrowser(""): Browser is opened with url: ''

2022-07-19 15:02:06 - [MESSAGE][INFO] - Starting 'Chrome' driver

2022-07-19 15:02:06 - [MESSAGE][INFO] - Action delay is set to 0 milliseconds

2022-07-19 15:02:07 - [MESSAGE][PASSED] - Browser is opened with url: ''

2022-07-19 15:02:07 - [TEST_STEP][PASSED] - navigateToUrl("https://lesechosdutouquet.nordlittoral.fr/147787/article/2022-06-30/concours-photo-montrez-nous-la-plus-belle-photo-de-votre-chien-en-promenade-sur#l5lb6r47qsmp9ur58y"): Navigate to 'https://lesechosdutouquet.nordlittoral.fr/147787/article/2022-06-30/concours-photo-montrez-nous-la-plus-belle-photo-de-votre-chien-en-promenade-sur#l5lb6r47qsmp9ur58y' successfully

2022-07-19 15:02:11 - [MESSAGE][PASSED] - Navigate to 'https://lesechosdutouquet.nordlittoral.fr/147787/article/2022-06-30/concours-photo-montrez-nous-la-plus-belle-photo-de-votre-chien-en-promenade-sur#l5lb6r47qsmp9ur58y' successfully

2022-07-19 15:02:11 - [TEST_STEP][PASSED] - setViewPortSize(1920, 1080): Viewport is set to new size with width = 1920 and height = 1080

2022-07-19 15:02:11 - [MESSAGE][PASSED] - Viewport is set to new size with width = 1920 and height = 1080

2022-07-19 15:02:11 - [TEST_STEP][PASSED] - click(findTestObject("Object Repository/Page_Concours photo  votez pour la plus bel_494087/button_Accepter  Fermer")): Object: 'Object Repository/Page_Concours photo  votez pour la plus bel_494087/button_Accepter  Fermer' is clicked on

2022-07-19 15:02:12 - [MESSAGE][PASSED] - Object: 'Object Repository/Page_Concours photo  votez pour la plus bel_494087/button_Accepter  Fermer' is clicked on

2022-07-19 15:02:12 - [TEST_STEP][PASSED] - waitForElementVisible(findTestObject("Object Repository/Page_Concours photo  votez pour la plus bel_494087/a_X"), 15): Object 'Object Repository/Page_Concours photo  votez pour la plus bel_494087/a_X' is visible

2022-07-19 15:02:19 - [MESSAGE][PASSED] - Object 'Object Repository/Page_Concours photo  votez pour la plus bel_494087/a_X' is visible

2022-07-19 15:02:19 - [TEST_STEP][PASSED] - click(findTestObject("Object Repository/Page_Concours photo  votez pour la plus bel_494087/a_X")): Object: 'Object Repository/Page_Concours photo  votez pour la plus bel_494087/a_X' is clicked on

2022-07-19 15:02:19 - [MESSAGE][PASSED] - Object: 'Object Repository/Page_Concours photo  votez pour la plus bel_494087/a_X' is clicked on

2022-07-19 15:02:19 - [TEST_STEP][PASSED] - delay(1): Delayed 1 second(s)

2022-07-19 15:02:20 - [MESSAGE][PASSED] - Delayed 1 second(s)

2022-07-19 15:02:20 - [TEST_STEP][PASSED] - click(findTestObject("Object Repository/Page_Concours photo  votez pour la plus bel_494087/input_concat(Votez pour le plus beau chien de la cte d, , Opale )_jouer")): Object: 'Object Repository/Page_Concours photo  votez pour la plus bel_494087/input_concat(Votez pour le plus beau chien de la cte d, , Opale )_jouer' is clicked on

2022-07-19 15:02:21 - [MESSAGE][PASSED] - Object: 'Object Repository/Page_Concours photo  votez pour la plus bel_494087/input_concat(Votez pour le plus beau chien de la cte d, , Opale )_jouer' is clicked on

2022-07-19 15:02:21 - [TEST_STEP][PASSED] - if (verifyElementPresent(findTestObject("Page_Concours photo  votez pour la plus bel_494087/input_concat(Votez pour le plus beau chien de la cte d, , Opale )_jouer"), 1, OPTIONAL)): null

2022-07-19 15:02:22 - [MESSAGE][PASSED] - Object 'Object Repository/Page_Concours photo  votez pour la plus bel_494087/input_concat(Votez pour le plus beau chien de la cte d, , Opale )_jouer' is present

2022-07-19 15:02:22 - [TEST_STEP][PASSED] - click(findTestObject("Object Repository/Page_Concours photo  votez pour la plus bel_494087/input_concat(Votez pour le plus beau chien de la cte d, , Opale )_jouer")): Object: 'Object Repository/Page_Concours photo  votez pour la plus bel_494087/input_concat(Votez pour le plus beau chien de la cte d, , Opale )_jouer' is clicked on

2022-07-19 15:02:23 - [MESSAGE][PASSED] - Object: 'Object Repository/Page_Concours photo  votez pour la plus bel_494087/input_concat(Votez pour le plus beau chien de la cte d, , Opale )_jouer' is clicked on

2022-07-19 15:02:23 - [TEST_STEP][PASSED] - delay(1): Delayed 1 second(s)

2022-07-19 15:02:24 - [MESSAGE][PASSED] - Delayed 1 second(s)

2022-07-19 15:02:24 - [TEST_STEP][PASSED] - setText(findTestObject("Object Repository/Page_Concours photo  votez pour la plus bel_494087/input_trie par_keyword"), "Gaspard"): Text 'Gaspard' is set on object 'Object Repository/Page_Concours photo  votez pour la plus bel_494087/input_trie par_keyword'

2022-07-19 15:02:28 - [MESSAGE][PASSED] - Text 'Gaspard' is set on object 'Object Repository/Page_Concours photo  votez pour la plus bel_494087/input_trie par_keyword'

2022-07-19 15:02:28 - [TEST_STEP][PASSED] - sendKeys(findTestObject("Page_Concours photo  votez pour la plus bel_494087/input_trie par_keyword"), Keys.chord(ENTER)): Keys 'ENTER + ' sent to object: 'Object Repository/Page_Concours photo  votez pour la plus bel_494087/input_trie par_keyword'

2022-07-19 15:02:29 - [MESSAGE][PASSED] - Keys 'ENTER + ' sent to object: 'Object Repository/Page_Concours photo  votez pour la plus bel_494087/input_trie par_keyword'

2022-07-19 15:02:29 - [TEST_STEP][PASSED] - click(findTestObject("Page_Concours photo  votez pour la plus bel_494087/tri")): Object: 'Object Repository/Page_Concours photo  votez pour la plus bel_494087/tri' is clicked on

2022-07-19 15:02:30 - [MESSAGE][PASSED] - Object: 'Object Repository/Page_Concours photo  votez pour la plus bel_494087/tri' is clicked on

2022-07-19 15:02:30 - [TEST_STEP][PASSED] - click(findTestObject("Page_Concours photo  votez pour la plus bel_494087/plus de votes")): Object: 'Object Repository/Page_Concours photo  votez pour la plus bel_494087/plus de votes' is clicked on

2022-07-19 15:02:30 - [MESSAGE][PASSED] - Object: 'Object Repository/Page_Concours photo  votez pour la plus bel_494087/plus de votes' is clicked on

2022-07-19 15:02:32 - [TEST_STEP][PASSED] - click(findTestObject("Object Repository/Page_Concours photo  votez pour la plus bel_494087/i_Votes_fa fa-heart")): Object: 'Object Repository/Page_Concours photo  votez pour la plus bel_494087/i_Votes_fa fa-heart' is clicked on

2022-07-19 15:02:32 - [MESSAGE][PASSED] - Object: 'Object Repository/Page_Concours photo  votez pour la plus bel_494087/i_Votes_fa fa-heart' is clicked on

2022-07-19 15:02:32 - [TEST_STEP][PASSED] - delay(1): Delayed 1 second(s)

2022-07-19 15:02:33 - [MESSAGE][PASSED] - Delayed 1 second(s)

2022-07-19 15:02:33 - [TEST_STEP][PASSED] - closeBrowser(): Browser is closed

2022-07-19 15:02:34 - [MESSAGE][PASSED] - Browser is closed]]></system-out>
         <system-err><![CDATA[]]></system-err>
      </testcase>
      <testcase name="Test Cases/Vote" time="24.46" classname="Test Cases/Vote" status="PASSED">
         <system-out><![CDATA[2022-07-19 15:02:34 - [TEST_CASE][PASSED] - Test Cases/Vote: Test Cases/Vote

2022-07-19 15:02:34 - [TEST_STEP][PASSED] - openBrowser(""): Browser is opened with url: ''

2022-07-19 15:02:34 - [MESSAGE][INFO] - Starting 'Chrome' driver

2022-07-19 15:02:34 - [MESSAGE][INFO] - Action delay is set to 0 milliseconds

2022-07-19 15:02:35 - [MESSAGE][PASSED] - Browser is opened with url: ''

2022-07-19 15:02:35 - [TEST_STEP][PASSED] - navigateToUrl("https://lesechosdutouquet.nordlittoral.fr/147787/article/2022-06-30/concours-photo-montrez-nous-la-plus-belle-photo-de-votre-chien-en-promenade-sur#l5lb6r47qsmp9ur58y"): Navigate to 'https://lesechosdutouquet.nordlittoral.fr/147787/article/2022-06-30/concours-photo-montrez-nous-la-plus-belle-photo-de-votre-chien-en-promenade-sur#l5lb6r47qsmp9ur58y' successfully

2022-07-19 15:02:38 - [MESSAGE][PASSED] - Navigate to 'https://lesechosdutouquet.nordlittoral.fr/147787/article/2022-06-30/concours-photo-montrez-nous-la-plus-belle-photo-de-votre-chien-en-promenade-sur#l5lb6r47qsmp9ur58y' successfully

2022-07-19 15:02:38 - [TEST_STEP][PASSED] - setViewPortSize(1920, 1080): Viewport is set to new size with width = 1920 and height = 1080

2022-07-19 15:02:38 - [MESSAGE][PASSED] - Viewport is set to new size with width = 1920 and height = 1080

2022-07-19 15:02:38 - [TEST_STEP][PASSED] - click(findTestObject("Object Repository/Page_Concours photo  votez pour la plus bel_494087/button_Accepter  Fermer")): Object: 'Object Repository/Page_Concours photo  votez pour la plus bel_494087/button_Accepter  Fermer' is clicked on

2022-07-19 15:02:39 - [MESSAGE][PASSED] - Object: 'Object Repository/Page_Concours photo  votez pour la plus bel_494087/button_Accepter  Fermer' is clicked on

2022-07-19 15:02:39 - [TEST_STEP][PASSED] - waitForElementVisible(findTestObject("Object Repository/Page_Concours photo  votez pour la plus bel_494087/a_X"), 15): Object 'Object Repository/Page_Concours photo  votez pour la plus bel_494087/a_X' is visible

2022-07-19 15:02:46 - [MESSAGE][PASSED] - Object 'Object Repository/Page_Concours photo  votez pour la plus bel_494087/a_X' is visible

2022-07-19 15:02:46 - [TEST_STEP][PASSED] - click(findTestObject("Object Repository/Page_Concours photo  votez pour la plus bel_494087/a_X")): Object: 'Object Repository/Page_Concours photo  votez pour la plus bel_494087/a_X' is clicked on

2022-07-19 15:02:46 - [MESSAGE][PASSED] - Object: 'Object Repository/Page_Concours photo  votez pour la plus bel_494087/a_X' is clicked on

2022-07-19 15:02:46 - [TEST_STEP][PASSED] - delay(1): Delayed 1 second(s)

2022-07-19 15:02:47 - [MESSAGE][PASSED] - Delayed 1 second(s)

2022-07-19 15:02:47 - [TEST_STEP][PASSED] - click(findTestObject("Object Repository/Page_Concours photo  votez pour la plus bel_494087/input_concat(Votez pour le plus beau chien de la cte d, , Opale )_jouer")): Object: 'Object Repository/Page_Concours photo  votez pour la plus bel_494087/input_concat(Votez pour le plus beau chien de la cte d, , Opale )_jouer' is clicked on

2022-07-19 15:02:48 - [MESSAGE][PASSED] - Object: 'Object Repository/Page_Concours photo  votez pour la plus bel_494087/input_concat(Votez pour le plus beau chien de la cte d, , Opale )_jouer' is clicked on

2022-07-19 15:02:48 - [TEST_STEP][PASSED] - if (verifyElementPresent(findTestObject("Page_Concours photo  votez pour la plus bel_494087/input_concat(Votez pour le plus beau chien de la cte d, , Opale )_jouer"), 1, OPTIONAL)): null

2022-07-19 15:02:49 - [MESSAGE][PASSED] - Object 'Object Repository/Page_Concours photo  votez pour la plus bel_494087/input_concat(Votez pour le plus beau chien de la cte d, , Opale )_jouer' is present

2022-07-19 15:02:49 - [TEST_STEP][PASSED] - click(findTestObject("Object Repository/Page_Concours photo  votez pour la plus bel_494087/input_concat(Votez pour le plus beau chien de la cte d, , Opale )_jouer")): Object: 'Object Repository/Page_Concours photo  votez pour la plus bel_494087/input_concat(Votez pour le plus beau chien de la cte d, , Opale )_jouer' is clicked on

2022-07-19 15:02:50 - [MESSAGE][PASSED] - Object: 'Object Repository/Page_Concours photo  votez pour la plus bel_494087/input_concat(Votez pour le plus beau chien de la cte d, , Opale )_jouer' is clicked on

2022-07-19 15:02:50 - [TEST_STEP][PASSED] - delay(1): Delayed 1 second(s)

2022-07-19 15:02:51 - [MESSAGE][PASSED] - Delayed 1 second(s)

2022-07-19 15:02:51 - [TEST_STEP][PASSED] - setText(findTestObject("Object Repository/Page_Concours photo  votez pour la plus bel_494087/input_trie par_keyword"), "Gaspard"): Text 'Gaspard' is set on object 'Object Repository/Page_Concours photo  votez pour la plus bel_494087/input_trie par_keyword'

2022-07-19 15:02:52 - [MESSAGE][PASSED] - Text 'Gaspard' is set on object 'Object Repository/Page_Concours photo  votez pour la plus bel_494087/input_trie par_keyword'

2022-07-19 15:02:52 - [TEST_STEP][PASSED] - sendKeys(findTestObject("Page_Concours photo  votez pour la plus bel_494087/input_trie par_keyword"), Keys.chord(ENTER)): Keys 'ENTER + ' sent to object: 'Object Repository/Page_Concours photo  votez pour la plus bel_494087/input_trie par_keyword'

2022-07-19 15:02:53 - [MESSAGE][PASSED] - Keys 'ENTER + ' sent to object: 'Object Repository/Page_Concours photo  votez pour la plus bel_494087/input_trie par_keyword'

2022-07-19 15:02:53 - [TEST_STEP][PASSED] - click(findTestObject("Page_Concours photo  votez pour la plus bel_494087/tri")): Object: 'Object Repository/Page_Concours photo  votez pour la plus bel_494087/tri' is clicked on

2022-07-19 15:02:54 - [MESSAGE][PASSED] - Object: 'Object Repository/Page_Concours photo  votez pour la plus bel_494087/tri' is clicked on

2022-07-19 15:02:54 - [TEST_STEP][PASSED] - click(findTestObject("Page_Concours photo  votez pour la plus bel_494087/plus de votes")): Object: 'Object Repository/Page_Concours photo  votez pour la plus bel_494087/plus de votes' is clicked on

2022-07-19 15:02:55 - [MESSAGE][PASSED] - Object: 'Object Repository/Page_Concours photo  votez pour la plus bel_494087/plus de votes' is clicked on

2022-07-19 15:02:55 - [TEST_STEP][PASSED] - click(findTestObject("Object Repository/Page_Concours photo  votez pour la plus bel_494087/i_Votes_fa fa-heart")): Object: 'Object Repository/Page_Concours photo  votez pour la plus bel_494087/i_Votes_fa fa-heart' is clicked on

2022-07-19 15:02:57 - [MESSAGE][PASSED] - Object: 'Object Repository/Page_Concours photo  votez pour la plus bel_494087/i_Votes_fa fa-heart' is clicked on

2022-07-19 15:02:57 - [TEST_STEP][PASSED] - delay(1): Delayed 1 second(s)

2022-07-19 15:02:58 - [MESSAGE][PASSED] - Delayed 1 second(s)

2022-07-19 15:02:58 - [TEST_STEP][PASSED] - closeBrowser(): Browser is closed

2022-07-19 15:02:58 - [MESSAGE][PASSED] - Browser is closed]]></system-out>
         <system-err><![CDATA[]]></system-err>
      </testcase>
      <testcase name="Test Cases/Vote" time="26.164" classname="Test Cases/Vote" status="PASSED">
         <system-out><![CDATA[2022-07-19 15:02:58 - [TEST_CASE][PASSED] - Test Cases/Vote: Test Cases/Vote

2022-07-19 15:02:58 - [TEST_STEP][PASSED] - openBrowser(""): Browser is opened with url: ''

2022-07-19 15:02:58 - [MESSAGE][INFO] - Starting 'Chrome' driver

2022-07-19 15:02:58 - [MESSAGE][INFO] - Action delay is set to 0 milliseconds

2022-07-19 15:02:59 - [MESSAGE][PASSED] - Browser is opened with url: ''

2022-07-19 15:02:59 - [TEST_STEP][PASSED] - navigateToUrl("https://lesechosdutouquet.nordlittoral.fr/147787/article/2022-06-30/concours-photo-montrez-nous-la-plus-belle-photo-de-votre-chien-en-promenade-sur#l5lb6r47qsmp9ur58y"): Navigate to 'https://lesechosdutouquet.nordlittoral.fr/147787/article/2022-06-30/concours-photo-montrez-nous-la-plus-belle-photo-de-votre-chien-en-promenade-sur#l5lb6r47qsmp9ur58y' successfully

2022-07-19 15:03:03 - [MESSAGE][PASSED] - Navigate to 'https://lesechosdutouquet.nordlittoral.fr/147787/article/2022-06-30/concours-photo-montrez-nous-la-plus-belle-photo-de-votre-chien-en-promenade-sur#l5lb6r47qsmp9ur58y' successfully

2022-07-19 15:03:03 - [TEST_STEP][PASSED] - setViewPortSize(1920, 1080): Viewport is set to new size with width = 1920 and height = 1080

2022-07-19 15:03:03 - [MESSAGE][PASSED] - Viewport is set to new size with width = 1920 and height = 1080

2022-07-19 15:03:03 - [TEST_STEP][PASSED] - click(findTestObject("Object Repository/Page_Concours photo  votez pour la plus bel_494087/button_Accepter  Fermer")): Object: 'Object Repository/Page_Concours photo  votez pour la plus bel_494087/button_Accepter  Fermer' is clicked on

2022-07-19 15:03:05 - [MESSAGE][PASSED] - Object: 'Object Repository/Page_Concours photo  votez pour la plus bel_494087/button_Accepter  Fermer' is clicked on

2022-07-19 15:03:05 - [TEST_STEP][PASSED] - waitForElementVisible(findTestObject("Object Repository/Page_Concours photo  votez pour la plus bel_494087/a_X"), 15): Object 'Object Repository/Page_Concours photo  votez pour la plus bel_494087/a_X' is visible

2022-07-19 15:03:12 - [MESSAGE][PASSED] - Object 'Object Repository/Page_Concours photo  votez pour la plus bel_494087/a_X' is visible

2022-07-19 15:03:12 - [TEST_STEP][PASSED] - click(findTestObject("Object Repository/Page_Concours photo  votez pour la plus bel_494087/a_X")): Object: 'Object Repository/Page_Concours photo  votez pour la plus bel_494087/a_X' is clicked on

2022-07-19 15:03:12 - [MESSAGE][PASSED] - Object: 'Object Repository/Page_Concours photo  votez pour la plus bel_494087/a_X' is clicked on

2022-07-19 15:03:12 - [TEST_STEP][PASSED] - delay(1): Delayed 1 second(s)

2022-07-19 15:03:13 - [MESSAGE][PASSED] - Delayed 1 second(s)

2022-07-19 15:03:13 - [TEST_STEP][PASSED] - click(findTestObject("Object Repository/Page_Concours photo  votez pour la plus bel_494087/input_concat(Votez pour le plus beau chien de la cte d, , Opale )_jouer")): Object: 'Object Repository/Page_Concours photo  votez pour la plus bel_494087/input_concat(Votez pour le plus beau chien de la cte d, , Opale )_jouer' is clicked on

2022-07-19 15:03:14 - [MESSAGE][PASSED] - Object: 'Object Repository/Page_Concours photo  votez pour la plus bel_494087/input_concat(Votez pour le plus beau chien de la cte d, , Opale )_jouer' is clicked on

2022-07-19 15:03:14 - [TEST_STEP][PASSED] - if (verifyElementPresent(findTestObject("Page_Concours photo  votez pour la plus bel_494087/input_concat(Votez pour le plus beau chien de la cte d, , Opale )_jouer"), 1, OPTIONAL)): null

2022-07-19 15:03:15 - [MESSAGE][PASSED] - Object 'Object Repository/Page_Concours photo  votez pour la plus bel_494087/input_concat(Votez pour le plus beau chien de la cte d, , Opale )_jouer' is present

2022-07-19 15:03:15 - [TEST_STEP][PASSED] - click(findTestObject("Object Repository/Page_Concours photo  votez pour la plus bel_494087/input_concat(Votez pour le plus beau chien de la cte d, , Opale )_jouer")): Object: 'Object Repository/Page_Concours photo  votez pour la plus bel_494087/input_concat(Votez pour le plus beau chien de la cte d, , Opale )_jouer' is clicked on

2022-07-19 15:03:16 - [MESSAGE][PASSED] - Object: 'Object Repository/Page_Concours photo  votez pour la plus bel_494087/input_concat(Votez pour le plus beau chien de la cte d, , Opale )_jouer' is clicked on

2022-07-19 15:03:16 - [TEST_STEP][PASSED] - delay(1): Delayed 1 second(s)

2022-07-19 15:03:17 - [MESSAGE][PASSED] - Delayed 1 second(s)

2022-07-19 15:03:17 - [TEST_STEP][PASSED] - setText(findTestObject("Object Repository/Page_Concours photo  votez pour la plus bel_494087/input_trie par_keyword"), "Gaspard"): Text 'Gaspard' is set on object 'Object Repository/Page_Concours photo  votez pour la plus bel_494087/input_trie par_keyword'

2022-07-19 15:03:19 - [MESSAGE][PASSED] - Text 'Gaspard' is set on object 'Object Repository/Page_Concours photo  votez pour la plus bel_494087/input_trie par_keyword'

2022-07-19 15:03:19 - [TEST_STEP][PASSED] - sendKeys(findTestObject("Page_Concours photo  votez pour la plus bel_494087/input_trie par_keyword"), Keys.chord(ENTER)): Keys 'ENTER + ' sent to object: 'Object Repository/Page_Concours photo  votez pour la plus bel_494087/input_trie par_keyword'

2022-07-19 15:03:20 - [MESSAGE][PASSED] - Keys 'ENTER + ' sent to object: 'Object Repository/Page_Concours photo  votez pour la plus bel_494087/input_trie par_keyword'

2022-07-19 15:03:20 - [TEST_STEP][PASSED] - click(findTestObject("Page_Concours photo  votez pour la plus bel_494087/tri")): Object: 'Object Repository/Page_Concours photo  votez pour la plus bel_494087/tri' is clicked on

2022-07-19 15:03:21 - [MESSAGE][PASSED] - Object: 'Object Repository/Page_Concours photo  votez pour la plus bel_494087/tri' is clicked on

2022-07-19 15:03:21 - [TEST_STEP][PASSED] - click(findTestObject("Page_Concours photo  votez pour la plus bel_494087/plus de votes")): Object: 'Object Repository/Page_Concours photo  votez pour la plus bel_494087/plus de votes' is clicked on

2022-07-19 15:03:21 - [MESSAGE][PASSED] - Object: 'Object Repository/Page_Concours photo  votez pour la plus bel_494087/plus de votes' is clicked on

2022-07-19 15:03:23 - [TEST_STEP][PASSED] - click(findTestObject("Object Repository/Page_Concours photo  votez pour la plus bel_494087/i_Votes_fa fa-heart")): Object: 'Object Repository/Page_Concours photo  votez pour la plus bel_494087/i_Votes_fa fa-heart' is clicked on

2022-07-19 15:03:23 - [MESSAGE][PASSED] - Object: 'Object Repository/Page_Concours photo  votez pour la plus bel_494087/i_Votes_fa fa-heart' is clicked on

2022-07-19 15:03:23 - [TEST_STEP][PASSED] - delay(1): Delayed 1 second(s)

2022-07-19 15:03:24 - [MESSAGE][PASSED] - Delayed 1 second(s)

2022-07-19 15:03:24 - [TEST_STEP][PASSED] - closeBrowser(): Browser is closed

2022-07-19 15:03:24 - [MESSAGE][PASSED] - Browser is closed]]></system-out>
         <system-err><![CDATA[]]></system-err>
      </testcase>
      <testcase name="Test Cases/Vote" time="28.931" classname="Test Cases/Vote" status="PASSED">
         <system-out><![CDATA[2022-07-19 15:03:24 - [TEST_CASE][PASSED] - Test Cases/Vote: Test Cases/Vote

2022-07-19 15:03:24 - [TEST_STEP][PASSED] - openBrowser(""): Browser is opened with url: ''

2022-07-19 15:03:24 - [MESSAGE][INFO] - Starting 'Chrome' driver

2022-07-19 15:03:24 - [MESSAGE][INFO] - Action delay is set to 0 milliseconds

2022-07-19 15:03:26 - [MESSAGE][PASSED] - Browser is opened with url: ''

2022-07-19 15:03:26 - [TEST_STEP][PASSED] - navigateToUrl("https://lesechosdutouquet.nordlittoral.fr/147787/article/2022-06-30/concours-photo-montrez-nous-la-plus-belle-photo-de-votre-chien-en-promenade-sur#l5lb6r47qsmp9ur58y"): Navigate to 'https://lesechosdutouquet.nordlittoral.fr/147787/article/2022-06-30/concours-photo-montrez-nous-la-plus-belle-photo-de-votre-chien-en-promenade-sur#l5lb6r47qsmp9ur58y' successfully

2022-07-19 15:03:32 - [MESSAGE][PASSED] - Navigate to 'https://lesechosdutouquet.nordlittoral.fr/147787/article/2022-06-30/concours-photo-montrez-nous-la-plus-belle-photo-de-votre-chien-en-promenade-sur#l5lb6r47qsmp9ur58y' successfully

2022-07-19 15:03:32 - [TEST_STEP][PASSED] - setViewPortSize(1920, 1080): Viewport is set to new size with width = 1920 and height = 1080

2022-07-19 15:03:32 - [MESSAGE][PASSED] - Viewport is set to new size with width = 1920 and height = 1080

2022-07-19 15:03:32 - [TEST_STEP][PASSED] - click(findTestObject("Object Repository/Page_Concours photo  votez pour la plus bel_494087/button_Accepter  Fermer")): Object: 'Object Repository/Page_Concours photo  votez pour la plus bel_494087/button_Accepter  Fermer' is clicked on

2022-07-19 15:03:33 - [MESSAGE][PASSED] - Object: 'Object Repository/Page_Concours photo  votez pour la plus bel_494087/button_Accepter  Fermer' is clicked on

2022-07-19 15:03:33 - [TEST_STEP][PASSED] - waitForElementVisible(findTestObject("Object Repository/Page_Concours photo  votez pour la plus bel_494087/a_X"), 15): Object 'Object Repository/Page_Concours photo  votez pour la plus bel_494087/a_X' is visible

2022-07-19 15:03:40 - [MESSAGE][PASSED] - Object 'Object Repository/Page_Concours photo  votez pour la plus bel_494087/a_X' is visible

2022-07-19 15:03:40 - [TEST_STEP][PASSED] - click(findTestObject("Object Repository/Page_Concours photo  votez pour la plus bel_494087/a_X")): Object: 'Object Repository/Page_Concours photo  votez pour la plus bel_494087/a_X' is clicked on

2022-07-19 15:03:40 - [MESSAGE][PASSED] - Object: 'Object Repository/Page_Concours photo  votez pour la plus bel_494087/a_X' is clicked on

2022-07-19 15:03:40 - [TEST_STEP][PASSED] - delay(1): Delayed 1 second(s)

2022-07-19 15:03:41 - [MESSAGE][PASSED] - Delayed 1 second(s)

2022-07-19 15:03:41 - [TEST_STEP][PASSED] - click(findTestObject("Object Repository/Page_Concours photo  votez pour la plus bel_494087/input_concat(Votez pour le plus beau chien de la cte d, , Opale )_jouer")): Object: 'Object Repository/Page_Concours photo  votez pour la plus bel_494087/input_concat(Votez pour le plus beau chien de la cte d, , Opale )_jouer' is clicked on

2022-07-19 15:03:42 - [MESSAGE][PASSED] - Object: 'Object Repository/Page_Concours photo  votez pour la plus bel_494087/input_concat(Votez pour le plus beau chien de la cte d, , Opale )_jouer' is clicked on

2022-07-19 15:03:42 - [TEST_STEP][PASSED] - if (verifyElementPresent(findTestObject("Page_Concours photo  votez pour la plus bel_494087/input_concat(Votez pour le plus beau chien de la cte d, , Opale )_jouer"), 1, OPTIONAL)): null

2022-07-19 15:03:44 - [MESSAGE][PASSED] - Object 'Object Repository/Page_Concours photo  votez pour la plus bel_494087/input_concat(Votez pour le plus beau chien de la cte d, , Opale )_jouer' is present

2022-07-19 15:03:44 - [TEST_STEP][PASSED] - click(findTestObject("Object Repository/Page_Concours photo  votez pour la plus bel_494087/input_concat(Votez pour le plus beau chien de la cte d, , Opale )_jouer")): Object: 'Object Repository/Page_Concours photo  votez pour la plus bel_494087/input_concat(Votez pour le plus beau chien de la cte d, , Opale )_jouer' is clicked on

2022-07-19 15:03:44 - [MESSAGE][PASSED] - Object: 'Object Repository/Page_Concours photo  votez pour la plus bel_494087/input_concat(Votez pour le plus beau chien de la cte d, , Opale )_jouer' is clicked on

2022-07-19 15:03:44 - [TEST_STEP][PASSED] - delay(1): Delayed 1 second(s)

2022-07-19 15:03:45 - [MESSAGE][PASSED] - Delayed 1 second(s)

2022-07-19 15:03:45 - [TEST_STEP][PASSED] - setText(findTestObject("Object Repository/Page_Concours photo  votez pour la plus bel_494087/input_trie par_keyword"), "Gaspard"): Text 'Gaspard' is set on object 'Object Repository/Page_Concours photo  votez pour la plus bel_494087/input_trie par_keyword'

2022-07-19 15:03:48 - [MESSAGE][PASSED] - Text 'Gaspard' is set on object 'Object Repository/Page_Concours photo  votez pour la plus bel_494087/input_trie par_keyword'

2022-07-19 15:03:48 - [TEST_STEP][PASSED] - sendKeys(findTestObject("Page_Concours photo  votez pour la plus bel_494087/input_trie par_keyword"), Keys.chord(ENTER)): Keys 'ENTER + ' sent to object: 'Object Repository/Page_Concours photo  votez pour la plus bel_494087/input_trie par_keyword'

2022-07-19 15:03:49 - [MESSAGE][PASSED] - Keys 'ENTER + ' sent to object: 'Object Repository/Page_Concours photo  votez pour la plus bel_494087/input_trie par_keyword'

2022-07-19 15:03:49 - [TEST_STEP][PASSED] - click(findTestObject("Page_Concours photo  votez pour la plus bel_494087/tri")): Object: 'Object Repository/Page_Concours photo  votez pour la plus bel_494087/tri' is clicked on

2022-07-19 15:03:49 - [MESSAGE][PASSED] - Object: 'Object Repository/Page_Concours photo  votez pour la plus bel_494087/tri' is clicked on

2022-07-19 15:03:50 - [TEST_STEP][PASSED] - click(findTestObject("Page_Concours photo  votez pour la plus bel_494087/plus de votes")): Object: 'Object Repository/Page_Concours photo  votez pour la plus bel_494087/plus de votes' is clicked on

2022-07-19 15:03:50 - [MESSAGE][PASSED] - Object: 'Object Repository/Page_Concours photo  votez pour la plus bel_494087/plus de votes' is clicked on

2022-07-19 15:03:51 - [TEST_STEP][PASSED] - click(findTestObject("Object Repository/Page_Concours photo  votez pour la plus bel_494087/i_Votes_fa fa-heart")): Object: 'Object Repository/Page_Concours photo  votez pour la plus bel_494087/i_Votes_fa fa-heart' is clicked on

2022-07-19 15:03:52 - [MESSAGE][PASSED] - Object: 'Object Repository/Page_Concours photo  votez pour la plus bel_494087/i_Votes_fa fa-heart' is clicked on

2022-07-19 15:03:52 - [TEST_STEP][PASSED] - delay(1): Delayed 1 second(s)

2022-07-19 15:03:53 - [MESSAGE][PASSED] - Delayed 1 second(s)

2022-07-19 15:03:53 - [TEST_STEP][PASSED] - closeBrowser(): Browser is closed

2022-07-19 15:03:53 - [MESSAGE][PASSED] - Browser is closed]]></system-out>
         <system-err><![CDATA[]]></system-err>
      </testcase>
      <testcase name="Test Cases/Vote" time="24.842" classname="Test Cases/Vote" status="PASSED">
         <system-out><![CDATA[2022-07-19 15:03:53 - [TEST_CASE][PASSED] - Test Cases/Vote: Test Cases/Vote

2022-07-19 15:03:53 - [TEST_STEP][PASSED] - openBrowser(""): Browser is opened with url: ''

2022-07-19 15:03:53 - [MESSAGE][INFO] - Starting 'Chrome' driver

2022-07-19 15:03:53 - [MESSAGE][INFO] - Action delay is set to 0 milliseconds

2022-07-19 15:03:55 - [MESSAGE][PASSED] - Browser is opened with url: ''

2022-07-19 15:03:55 - [TEST_STEP][PASSED] - navigateToUrl("https://lesechosdutouquet.nordlittoral.fr/147787/article/2022-06-30/concours-photo-montrez-nous-la-plus-belle-photo-de-votre-chien-en-promenade-sur#l5lb6r47qsmp9ur58y"): Navigate to 'https://lesechosdutouquet.nordlittoral.fr/147787/article/2022-06-30/concours-photo-montrez-nous-la-plus-belle-photo-de-votre-chien-en-promenade-sur#l5lb6r47qsmp9ur58y' successfully

2022-07-19 15:03:58 - [MESSAGE][PASSED] - Navigate to 'https://lesechosdutouquet.nordlittoral.fr/147787/article/2022-06-30/concours-photo-montrez-nous-la-plus-belle-photo-de-votre-chien-en-promenade-sur#l5lb6r47qsmp9ur58y' successfully

2022-07-19 15:03:58 - [TEST_STEP][PASSED] - setViewPortSize(1920, 1080): Viewport is set to new size with width = 1920 and height = 1080

2022-07-19 15:03:58 - [MESSAGE][PASSED] - Viewport is set to new size with width = 1920 and height = 1080

2022-07-19 15:03:58 - [TEST_STEP][PASSED] - click(findTestObject("Object Repository/Page_Concours photo  votez pour la plus bel_494087/button_Accepter  Fermer")): Object: 'Object Repository/Page_Concours photo  votez pour la plus bel_494087/button_Accepter  Fermer' is clicked on

2022-07-19 15:03:59 - [MESSAGE][PASSED] - Object: 'Object Repository/Page_Concours photo  votez pour la plus bel_494087/button_Accepter  Fermer' is clicked on

2022-07-19 15:03:59 - [TEST_STEP][PASSED] - waitForElementVisible(findTestObject("Object Repository/Page_Concours photo  votez pour la plus bel_494087/a_X"), 15): Object 'Object Repository/Page_Concours photo  votez pour la plus bel_494087/a_X' is visible

2022-07-19 15:04:06 - [MESSAGE][PASSED] - Object 'Object Repository/Page_Concours photo  votez pour la plus bel_494087/a_X' is visible

2022-07-19 15:04:06 - [TEST_STEP][PASSED] - click(findTestObject("Object Repository/Page_Concours photo  votez pour la plus bel_494087/a_X")): Object: 'Object Repository/Page_Concours photo  votez pour la plus bel_494087/a_X' is clicked on

2022-07-19 15:04:06 - [MESSAGE][PASSED] - Object: 'Object Repository/Page_Concours photo  votez pour la plus bel_494087/a_X' is clicked on

2022-07-19 15:04:06 - [TEST_STEP][PASSED] - delay(1): Delayed 1 second(s)

2022-07-19 15:04:07 - [MESSAGE][PASSED] - Delayed 1 second(s)

2022-07-19 15:04:07 - [TEST_STEP][PASSED] - click(findTestObject("Object Repository/Page_Concours photo  votez pour la plus bel_494087/input_concat(Votez pour le plus beau chien de la cte d, , Opale )_jouer")): Object: 'Object Repository/Page_Concours photo  votez pour la plus bel_494087/input_concat(Votez pour le plus beau chien de la cte d, , Opale )_jouer' is clicked on

2022-07-19 15:04:08 - [MESSAGE][PASSED] - Object: 'Object Repository/Page_Concours photo  votez pour la plus bel_494087/input_concat(Votez pour le plus beau chien de la cte d, , Opale )_jouer' is clicked on

2022-07-19 15:04:08 - [TEST_STEP][PASSED] - if (verifyElementPresent(findTestObject("Page_Concours photo  votez pour la plus bel_494087/input_concat(Votez pour le plus beau chien de la cte d, , Opale )_jouer"), 1, OPTIONAL)): null

2022-07-19 15:04:09 - [MESSAGE][PASSED] - Object 'Object Repository/Page_Concours photo  votez pour la plus bel_494087/input_concat(Votez pour le plus beau chien de la cte d, , Opale )_jouer' is present

2022-07-19 15:04:09 - [TEST_STEP][PASSED] - click(findTestObject("Object Repository/Page_Concours photo  votez pour la plus bel_494087/input_concat(Votez pour le plus beau chien de la cte d, , Opale )_jouer")): Object: 'Object Repository/Page_Concours photo  votez pour la plus bel_494087/input_concat(Votez pour le plus beau chien de la cte d, , Opale )_jouer' is clicked on

2022-07-19 15:04:10 - [MESSAGE][PASSED] - Object: 'Object Repository/Page_Concours photo  votez pour la plus bel_494087/input_concat(Votez pour le plus beau chien de la cte d, , Opale )_jouer' is clicked on

2022-07-19 15:04:10 - [TEST_STEP][PASSED] - delay(1): Delayed 1 second(s)

2022-07-19 15:04:11 - [MESSAGE][PASSED] - Delayed 1 second(s)

2022-07-19 15:04:11 - [TEST_STEP][PASSED] - setText(findTestObject("Object Repository/Page_Concours photo  votez pour la plus bel_494087/input_trie par_keyword"), "Gaspard"): Text 'Gaspard' is set on object 'Object Repository/Page_Concours photo  votez pour la plus bel_494087/input_trie par_keyword'

2022-07-19 15:04:13 - [MESSAGE][PASSED] - Text 'Gaspard' is set on object 'Object Repository/Page_Concours photo  votez pour la plus bel_494087/input_trie par_keyword'

2022-07-19 15:04:13 - [TEST_STEP][PASSED] - sendKeys(findTestObject("Page_Concours photo  votez pour la plus bel_494087/input_trie par_keyword"), Keys.chord(ENTER)): Keys 'ENTER + ' sent to object: 'Object Repository/Page_Concours photo  votez pour la plus bel_494087/input_trie par_keyword'

2022-07-19 15:04:14 - [MESSAGE][PASSED] - Keys 'ENTER + ' sent to object: 'Object Repository/Page_Concours photo  votez pour la plus bel_494087/input_trie par_keyword'

2022-07-19 15:04:14 - [TEST_STEP][PASSED] - click(findTestObject("Page_Concours photo  votez pour la plus bel_494087/tri")): Object: 'Object Repository/Page_Concours photo  votez pour la plus bel_494087/tri' is clicked on

2022-07-19 15:04:14 - [MESSAGE][PASSED] - Object: 'Object Repository/Page_Concours photo  votez pour la plus bel_494087/tri' is clicked on

2022-07-19 15:04:14 - [TEST_STEP][PASSED] - click(findTestObject("Page_Concours photo  votez pour la plus bel_494087/plus de votes")): Object: 'Object Repository/Page_Concours photo  votez pour la plus bel_494087/plus de votes' is clicked on

2022-07-19 15:04:15 - [MESSAGE][PASSED] - Object: 'Object Repository/Page_Concours photo  votez pour la plus bel_494087/plus de votes' is clicked on

2022-07-19 15:04:16 - [TEST_STEP][PASSED] - click(findTestObject("Object Repository/Page_Concours photo  votez pour la plus bel_494087/i_Votes_fa fa-heart")): Object: 'Object Repository/Page_Concours photo  votez pour la plus bel_494087/i_Votes_fa fa-heart' is clicked on

2022-07-19 15:04:17 - [MESSAGE][PASSED] - Object: 'Object Repository/Page_Concours photo  votez pour la plus bel_494087/i_Votes_fa fa-heart' is clicked on

2022-07-19 15:04:17 - [TEST_STEP][PASSED] - delay(1): Delayed 1 second(s)

2022-07-19 15:04:18 - [MESSAGE][PASSED] - Delayed 1 second(s)

2022-07-19 15:04:18 - [TEST_STEP][PASSED] - closeBrowser(): Browser is closed

2022-07-19 15:04:18 - [MESSAGE][PASSED] - Browser is closed]]></system-out>
         <system-err><![CDATA[]]></system-err>
      </testcase>
      <testcase name="Test Cases/Vote" time="26.659" classname="Test Cases/Vote" status="PASSED">
         <system-out><![CDATA[2022-07-19 15:04:18 - [TEST_CASE][PASSED] - Test Cases/Vote: Test Cases/Vote

2022-07-19 15:04:18 - [TEST_STEP][PASSED] - openBrowser(""): Browser is opened with url: ''

2022-07-19 15:04:18 - [MESSAGE][INFO] - Starting 'Chrome' driver

2022-07-19 15:04:18 - [MESSAGE][INFO] - Action delay is set to 0 milliseconds

2022-07-19 15:04:19 - [MESSAGE][PASSED] - Browser is opened with url: ''

2022-07-19 15:04:19 - [TEST_STEP][PASSED] - navigateToUrl("https://lesechosdutouquet.nordlittoral.fr/147787/article/2022-06-30/concours-photo-montrez-nous-la-plus-belle-photo-de-votre-chien-en-promenade-sur#l5lb6r47qsmp9ur58y"): Navigate to 'https://lesechosdutouquet.nordlittoral.fr/147787/article/2022-06-30/concours-photo-montrez-nous-la-plus-belle-photo-de-votre-chien-en-promenade-sur#l5lb6r47qsmp9ur58y' successfully

2022-07-19 15:04:22 - [MESSAGE][PASSED] - Navigate to 'https://lesechosdutouquet.nordlittoral.fr/147787/article/2022-06-30/concours-photo-montrez-nous-la-plus-belle-photo-de-votre-chien-en-promenade-sur#l5lb6r47qsmp9ur58y' successfully

2022-07-19 15:04:22 - [TEST_STEP][PASSED] - setViewPortSize(1920, 1080): Viewport is set to new size with width = 1920 and height = 1080

2022-07-19 15:04:22 - [MESSAGE][PASSED] - Viewport is set to new size with width = 1920 and height = 1080

2022-07-19 15:04:22 - [TEST_STEP][PASSED] - click(findTestObject("Object Repository/Page_Concours photo  votez pour la plus bel_494087/button_Accepter  Fermer")): Object: 'Object Repository/Page_Concours photo  votez pour la plus bel_494087/button_Accepter  Fermer' is clicked on

2022-07-19 15:04:23 - [MESSAGE][PASSED] - Object: 'Object Repository/Page_Concours photo  votez pour la plus bel_494087/button_Accepter  Fermer' is clicked on

2022-07-19 15:04:23 - [TEST_STEP][PASSED] - waitForElementVisible(findTestObject("Object Repository/Page_Concours photo  votez pour la plus bel_494087/a_X"), 15): Object 'Object Repository/Page_Concours photo  votez pour la plus bel_494087/a_X' is visible

2022-07-19 15:04:31 - [MESSAGE][PASSED] - Object 'Object Repository/Page_Concours photo  votez pour la plus bel_494087/a_X' is visible

2022-07-19 15:04:31 - [TEST_STEP][PASSED] - click(findTestObject("Object Repository/Page_Concours photo  votez pour la plus bel_494087/a_X")): Object: 'Object Repository/Page_Concours photo  votez pour la plus bel_494087/a_X' is clicked on

2022-07-19 15:04:31 - [MESSAGE][PASSED] - Object: 'Object Repository/Page_Concours photo  votez pour la plus bel_494087/a_X' is clicked on

2022-07-19 15:04:31 - [TEST_STEP][PASSED] - delay(1): Delayed 1 second(s)

2022-07-19 15:04:32 - [MESSAGE][PASSED] - Delayed 1 second(s)

2022-07-19 15:04:32 - [TEST_STEP][PASSED] - click(findTestObject("Object Repository/Page_Concours photo  votez pour la plus bel_494087/input_concat(Votez pour le plus beau chien de la cte d, , Opale )_jouer")): Object: 'Object Repository/Page_Concours photo  votez pour la plus bel_494087/input_concat(Votez pour le plus beau chien de la cte d, , Opale )_jouer' is clicked on

2022-07-19 15:04:33 - [MESSAGE][PASSED] - Object: 'Object Repository/Page_Concours photo  votez pour la plus bel_494087/input_concat(Votez pour le plus beau chien de la cte d, , Opale )_jouer' is clicked on

2022-07-19 15:04:33 - [TEST_STEP][PASSED] - if (verifyElementPresent(findTestObject("Page_Concours photo  votez pour la plus bel_494087/input_concat(Votez pour le plus beau chien de la cte d, , Opale )_jouer"), 1, OPTIONAL)): null

2022-07-19 15:04:34 - [MESSAGE][PASSED] - Object 'Object Repository/Page_Concours photo  votez pour la plus bel_494087/input_concat(Votez pour le plus beau chien de la cte d, , Opale )_jouer' is present

2022-07-19 15:04:34 - [TEST_STEP][PASSED] - click(findTestObject("Object Repository/Page_Concours photo  votez pour la plus bel_494087/input_concat(Votez pour le plus beau chien de la cte d, , Opale )_jouer")): Object: 'Object Repository/Page_Concours photo  votez pour la plus bel_494087/input_concat(Votez pour le plus beau chien de la cte d, , Opale )_jouer' is clicked on

2022-07-19 15:04:35 - [MESSAGE][PASSED] - Object: 'Object Repository/Page_Concours photo  votez pour la plus bel_494087/input_concat(Votez pour le plus beau chien de la cte d, , Opale )_jouer' is clicked on

2022-07-19 15:04:35 - [TEST_STEP][PASSED] - delay(1): Delayed 1 second(s)

2022-07-19 15:04:36 - [MESSAGE][PASSED] - Delayed 1 second(s)

2022-07-19 15:04:36 - [TEST_STEP][PASSED] - setText(findTestObject("Object Repository/Page_Concours photo  votez pour la plus bel_494087/input_trie par_keyword"), "Gaspard"): Text 'Gaspard' is set on object 'Object Repository/Page_Concours photo  votez pour la plus bel_494087/input_trie par_keyword'

2022-07-19 15:04:37 - [MESSAGE][PASSED] - Text 'Gaspard' is set on object 'Object Repository/Page_Concours photo  votez pour la plus bel_494087/input_trie par_keyword'

2022-07-19 15:04:37 - [TEST_STEP][PASSED] - sendKeys(findTestObject("Page_Concours photo  votez pour la plus bel_494087/input_trie par_keyword"), Keys.chord(ENTER)): Keys 'ENTER + ' sent to object: 'Object Repository/Page_Concours photo  votez pour la plus bel_494087/input_trie par_keyword'

2022-07-19 15:04:39 - [MESSAGE][PASSED] - Keys 'ENTER + ' sent to object: 'Object Repository/Page_Concours photo  votez pour la plus bel_494087/input_trie par_keyword'

2022-07-19 15:04:39 - [TEST_STEP][PASSED] - click(findTestObject("Page_Concours photo  votez pour la plus bel_494087/tri")): Object: 'Object Repository/Page_Concours photo  votez pour la plus bel_494087/tri' is clicked on

2022-07-19 15:04:41 - [MESSAGE][PASSED] - Object: 'Object Repository/Page_Concours photo  votez pour la plus bel_494087/tri' is clicked on

2022-07-19 15:04:41 - [TEST_STEP][PASSED] - click(findTestObject("Page_Concours photo  votez pour la plus bel_494087/plus de votes")): Object: 'Object Repository/Page_Concours photo  votez pour la plus bel_494087/plus de votes' is clicked on

2022-07-19 15:04:41 - [MESSAGE][PASSED] - Object: 'Object Repository/Page_Concours photo  votez pour la plus bel_494087/plus de votes' is clicked on

2022-07-19 15:04:42 - [TEST_STEP][PASSED] - click(findTestObject("Object Repository/Page_Concours photo  votez pour la plus bel_494087/i_Votes_fa fa-heart")): Object: 'Object Repository/Page_Concours photo  votez pour la plus bel_494087/i_Votes_fa fa-heart' is clicked on

2022-07-19 15:04:43 - [MESSAGE][PASSED] - Object: 'Object Repository/Page_Concours photo  votez pour la plus bel_494087/i_Votes_fa fa-heart' is clicked on

2022-07-19 15:04:43 - [TEST_STEP][PASSED] - delay(1): Delayed 1 second(s)

2022-07-19 15:04:44 - [MESSAGE][PASSED] - Delayed 1 second(s)

2022-07-19 15:04:44 - [TEST_STEP][PASSED] - closeBrowser(): Browser is closed

2022-07-19 15:04:45 - [MESSAGE][PASSED] - Browser is closed]]></system-out>
         <system-err><![CDATA[]]></system-err>
      </testcase>
      <testcase name="Test Cases/Vote" time="24.982" classname="Test Cases/Vote" status="PASSED">
         <system-out><![CDATA[2022-07-19 15:04:45 - [TEST_CASE][PASSED] - Test Cases/Vote: Test Cases/Vote

2022-07-19 15:04:45 - [TEST_STEP][PASSED] - openBrowser(""): Browser is opened with url: ''

2022-07-19 15:04:45 - [MESSAGE][INFO] - Starting 'Chrome' driver

2022-07-19 15:04:45 - [MESSAGE][INFO] - Action delay is set to 0 milliseconds

2022-07-19 15:04:46 - [MESSAGE][PASSED] - Browser is opened with url: ''

2022-07-19 15:04:46 - [TEST_STEP][PASSED] - navigateToUrl("https://lesechosdutouquet.nordlittoral.fr/147787/article/2022-06-30/concours-photo-montrez-nous-la-plus-belle-photo-de-votre-chien-en-promenade-sur#l5lb6r47qsmp9ur58y"): Navigate to 'https://lesechosdutouquet.nordlittoral.fr/147787/article/2022-06-30/concours-photo-montrez-nous-la-plus-belle-photo-de-votre-chien-en-promenade-sur#l5lb6r47qsmp9ur58y' successfully

2022-07-19 15:04:49 - [MESSAGE][PASSED] - Navigate to 'https://lesechosdutouquet.nordlittoral.fr/147787/article/2022-06-30/concours-photo-montrez-nous-la-plus-belle-photo-de-votre-chien-en-promenade-sur#l5lb6r47qsmp9ur58y' successfully

2022-07-19 15:04:49 - [TEST_STEP][PASSED] - setViewPortSize(1920, 1080): Viewport is set to new size with width = 1920 and height = 1080

2022-07-19 15:04:49 - [MESSAGE][PASSED] - Viewport is set to new size with width = 1920 and height = 1080

2022-07-19 15:04:49 - [TEST_STEP][PASSED] - click(findTestObject("Object Repository/Page_Concours photo  votez pour la plus bel_494087/button_Accepter  Fermer")): Object: 'Object Repository/Page_Concours photo  votez pour la plus bel_494087/button_Accepter  Fermer' is clicked on

2022-07-19 15:04:50 - [MESSAGE][PASSED] - Object: 'Object Repository/Page_Concours photo  votez pour la plus bel_494087/button_Accepter  Fermer' is clicked on

2022-07-19 15:04:50 - [TEST_STEP][PASSED] - waitForElementVisible(findTestObject("Object Repository/Page_Concours photo  votez pour la plus bel_494087/a_X"), 15): Object 'Object Repository/Page_Concours photo  votez pour la plus bel_494087/a_X' is visible

2022-07-19 15:04:57 - [MESSAGE][PASSED] - Object 'Object Repository/Page_Concours photo  votez pour la plus bel_494087/a_X' is visible

2022-07-19 15:04:57 - [TEST_STEP][PASSED] - click(findTestObject("Object Repository/Page_Concours photo  votez pour la plus bel_494087/a_X")): Object: 'Object Repository/Page_Concours photo  votez pour la plus bel_494087/a_X' is clicked on

2022-07-19 15:04:58 - [MESSAGE][PASSED] - Object: 'Object Repository/Page_Concours photo  votez pour la plus bel_494087/a_X' is clicked on

2022-07-19 15:04:58 - [TEST_STEP][PASSED] - delay(1): Delayed 1 second(s)

2022-07-19 15:04:59 - [MESSAGE][PASSED] - Delayed 1 second(s)

2022-07-19 15:04:59 - [TEST_STEP][PASSED] - click(findTestObject("Object Repository/Page_Concours photo  votez pour la plus bel_494087/input_concat(Votez pour le plus beau chien de la cte d, , Opale )_jouer")): Object: 'Object Repository/Page_Concours photo  votez pour la plus bel_494087/input_concat(Votez pour le plus beau chien de la cte d, , Opale )_jouer' is clicked on

2022-07-19 15:04:59 - [MESSAGE][PASSED] - Object: 'Object Repository/Page_Concours photo  votez pour la plus bel_494087/input_concat(Votez pour le plus beau chien de la cte d, , Opale )_jouer' is clicked on

2022-07-19 15:05:00 - [TEST_STEP][PASSED] - if (verifyElementPresent(findTestObject("Page_Concours photo  votez pour la plus bel_494087/input_concat(Votez pour le plus beau chien de la cte d, , Opale )_jouer"), 1, OPTIONAL)): null

2022-07-19 15:05:01 - [MESSAGE][PASSED] - Object 'Object Repository/Page_Concours photo  votez pour la plus bel_494087/input_concat(Votez pour le plus beau chien de la cte d, , Opale )_jouer' is present

2022-07-19 15:05:01 - [TEST_STEP][PASSED] - click(findTestObject("Object Repository/Page_Concours photo  votez pour la plus bel_494087/input_concat(Votez pour le plus beau chien de la cte d, , Opale )_jouer")): Object: 'Object Repository/Page_Concours photo  votez pour la plus bel_494087/input_concat(Votez pour le plus beau chien de la cte d, , Opale )_jouer' is clicked on

2022-07-19 15:05:01 - [MESSAGE][PASSED] - Object: 'Object Repository/Page_Concours photo  votez pour la plus bel_494087/input_concat(Votez pour le plus beau chien de la cte d, , Opale )_jouer' is clicked on

2022-07-19 15:05:01 - [TEST_STEP][PASSED] - delay(1): Delayed 1 second(s)

2022-07-19 15:05:02 - [MESSAGE][PASSED] - Delayed 1 second(s)

2022-07-19 15:05:02 - [TEST_STEP][PASSED] - setText(findTestObject("Object Repository/Page_Concours photo  votez pour la plus bel_494087/input_trie par_keyword"), "Gaspard"): Text 'Gaspard' is set on object 'Object Repository/Page_Concours photo  votez pour la plus bel_494087/input_trie par_keyword'

2022-07-19 15:05:04 - [MESSAGE][PASSED] - Text 'Gaspard' is set on object 'Object Repository/Page_Concours photo  votez pour la plus bel_494087/input_trie par_keyword'

2022-07-19 15:05:04 - [TEST_STEP][PASSED] - sendKeys(findTestObject("Page_Concours photo  votez pour la plus bel_494087/input_trie par_keyword"), Keys.chord(ENTER)): Keys 'ENTER + ' sent to object: 'Object Repository/Page_Concours photo  votez pour la plus bel_494087/input_trie par_keyword'

2022-07-19 15:05:06 - [MESSAGE][PASSED] - Keys 'ENTER + ' sent to object: 'Object Repository/Page_Concours photo  votez pour la plus bel_494087/input_trie par_keyword'

2022-07-19 15:05:06 - [TEST_STEP][PASSED] - click(findTestObject("Page_Concours photo  votez pour la plus bel_494087/tri")): Object: 'Object Repository/Page_Concours photo  votez pour la plus bel_494087/tri' is clicked on

2022-07-19 15:05:06 - [MESSAGE][PASSED] - Object: 'Object Repository/Page_Concours photo  votez pour la plus bel_494087/tri' is clicked on

2022-07-19 15:05:06 - [TEST_STEP][PASSED] - click(findTestObject("Page_Concours photo  votez pour la plus bel_494087/plus de votes")): Object: 'Object Repository/Page_Concours photo  votez pour la plus bel_494087/plus de votes' is clicked on

2022-07-19 15:05:07 - [MESSAGE][PASSED] - Object: 'Object Repository/Page_Concours photo  votez pour la plus bel_494087/plus de votes' is clicked on

2022-07-19 15:05:08 - [TEST_STEP][PASSED] - click(findTestObject("Object Repository/Page_Concours photo  votez pour la plus bel_494087/i_Votes_fa fa-heart")): Object: 'Object Repository/Page_Concours photo  votez pour la plus bel_494087/i_Votes_fa fa-heart' is clicked on

2022-07-19 15:05:08 - [MESSAGE][PASSED] - Object: 'Object Repository/Page_Concours photo  votez pour la plus bel_494087/i_Votes_fa fa-heart' is clicked on

2022-07-19 15:05:08 - [TEST_STEP][PASSED] - delay(1): Delayed 1 second(s)

2022-07-19 15:05:09 - [MESSAGE][PASSED] - Delayed 1 second(s)

2022-07-19 15:05:09 - [TEST_STEP][PASSED] - closeBrowser(): Browser is closed

2022-07-19 15:05:10 - [MESSAGE][PASSED] - Browser is closed]]></system-out>
         <system-err><![CDATA[]]></system-err>
      </testcase>
      <testcase name="Test Cases/Vote" time="27.473" classname="Test Cases/Vote" status="PASSED">
         <system-out><![CDATA[2022-07-19 15:05:10 - [TEST_CASE][PASSED] - Test Cases/Vote: Test Cases/Vote

2022-07-19 15:05:10 - [TEST_STEP][PASSED] - openBrowser(""): Browser is opened with url: ''

2022-07-19 15:05:10 - [MESSAGE][INFO] - Starting 'Chrome' driver

2022-07-19 15:05:10 - [MESSAGE][INFO] - Action delay is set to 0 milliseconds

2022-07-19 15:05:11 - [MESSAGE][PASSED] - Browser is opened with url: ''

2022-07-19 15:05:11 - [TEST_STEP][PASSED] - navigateToUrl("https://lesechosdutouquet.nordlittoral.fr/147787/article/2022-06-30/concours-photo-montrez-nous-la-plus-belle-photo-de-votre-chien-en-promenade-sur#l5lb6r47qsmp9ur58y"): Navigate to 'https://lesechosdutouquet.nordlittoral.fr/147787/article/2022-06-30/concours-photo-montrez-nous-la-plus-belle-photo-de-votre-chien-en-promenade-sur#l5lb6r47qsmp9ur58y' successfully

2022-07-19 15:05:15 - [MESSAGE][PASSED] - Navigate to 'https://lesechosdutouquet.nordlittoral.fr/147787/article/2022-06-30/concours-photo-montrez-nous-la-plus-belle-photo-de-votre-chien-en-promenade-sur#l5lb6r47qsmp9ur58y' successfully

2022-07-19 15:05:15 - [TEST_STEP][PASSED] - setViewPortSize(1920, 1080): Viewport is set to new size with width = 1920 and height = 1080

2022-07-19 15:05:15 - [MESSAGE][PASSED] - Viewport is set to new size with width = 1920 and height = 1080

2022-07-19 15:05:15 - [TEST_STEP][PASSED] - click(findTestObject("Object Repository/Page_Concours photo  votez pour la plus bel_494087/button_Accepter  Fermer")): Object: 'Object Repository/Page_Concours photo  votez pour la plus bel_494087/button_Accepter  Fermer' is clicked on

2022-07-19 15:05:16 - [MESSAGE][PASSED] - Object: 'Object Repository/Page_Concours photo  votez pour la plus bel_494087/button_Accepter  Fermer' is clicked on

2022-07-19 15:05:16 - [TEST_STEP][PASSED] - waitForElementVisible(findTestObject("Object Repository/Page_Concours photo  votez pour la plus bel_494087/a_X"), 15): Object 'Object Repository/Page_Concours photo  votez pour la plus bel_494087/a_X' is visible

2022-07-19 15:05:23 - [MESSAGE][PASSED] - Object 'Object Repository/Page_Concours photo  votez pour la plus bel_494087/a_X' is visible

2022-07-19 15:05:23 - [TEST_STEP][PASSED] - click(findTestObject("Object Repository/Page_Concours photo  votez pour la plus bel_494087/a_X")): Object: 'Object Repository/Page_Concours photo  votez pour la plus bel_494087/a_X' is clicked on

2022-07-19 15:05:23 - [MESSAGE][PASSED] - Object: 'Object Repository/Page_Concours photo  votez pour la plus bel_494087/a_X' is clicked on

2022-07-19 15:05:23 - [TEST_STEP][PASSED] - delay(1): Delayed 1 second(s)

2022-07-19 15:05:24 - [MESSAGE][PASSED] - Delayed 1 second(s)

2022-07-19 15:05:24 - [TEST_STEP][PASSED] - click(findTestObject("Object Repository/Page_Concours photo  votez pour la plus bel_494087/input_concat(Votez pour le plus beau chien de la cte d, , Opale )_jouer")): Object: 'Object Repository/Page_Concours photo  votez pour la plus bel_494087/input_concat(Votez pour le plus beau chien de la cte d, , Opale )_jouer' is clicked on

2022-07-19 15:05:25 - [MESSAGE][PASSED] - Object: 'Object Repository/Page_Concours photo  votez pour la plus bel_494087/input_concat(Votez pour le plus beau chien de la cte d, , Opale )_jouer' is clicked on

2022-07-19 15:05:25 - [TEST_STEP][PASSED] - if (verifyElementPresent(findTestObject("Page_Concours photo  votez pour la plus bel_494087/input_concat(Votez pour le plus beau chien de la cte d, , Opale )_jouer"), 1, OPTIONAL)): null

2022-07-19 15:05:26 - [MESSAGE][PASSED] - Object 'Object Repository/Page_Concours photo  votez pour la plus bel_494087/input_concat(Votez pour le plus beau chien de la cte d, , Opale )_jouer' is present

2022-07-19 15:05:26 - [TEST_STEP][PASSED] - click(findTestObject("Object Repository/Page_Concours photo  votez pour la plus bel_494087/input_concat(Votez pour le plus beau chien de la cte d, , Opale )_jouer")): Object: 'Object Repository/Page_Concours photo  votez pour la plus bel_494087/input_concat(Votez pour le plus beau chien de la cte d, , Opale )_jouer' is clicked on

2022-07-19 15:05:27 - [MESSAGE][PASSED] - Object: 'Object Repository/Page_Concours photo  votez pour la plus bel_494087/input_concat(Votez pour le plus beau chien de la cte d, , Opale )_jouer' is clicked on

2022-07-19 15:05:27 - [TEST_STEP][PASSED] - delay(1): Delayed 1 second(s)

2022-07-19 15:05:28 - [MESSAGE][PASSED] - Delayed 1 second(s)

2022-07-19 15:05:28 - [TEST_STEP][PASSED] - setText(findTestObject("Object Repository/Page_Concours photo  votez pour la plus bel_494087/input_trie par_keyword"), "Gaspard"): Text 'Gaspard' is set on object 'Object Repository/Page_Concours photo  votez pour la plus bel_494087/input_trie par_keyword'

2022-07-19 15:05:32 - [MESSAGE][PASSED] - Text 'Gaspard' is set on object 'Object Repository/Page_Concours photo  votez pour la plus bel_494087/input_trie par_keyword'

2022-07-19 15:05:32 - [TEST_STEP][PASSED] - sendKeys(findTestObject("Page_Concours photo  votez pour la plus bel_494087/input_trie par_keyword"), Keys.chord(ENTER)): Keys 'ENTER + ' sent to object: 'Object Repository/Page_Concours photo  votez pour la plus bel_494087/input_trie par_keyword'

2022-07-19 15:05:33 - [MESSAGE][PASSED] - Keys 'ENTER + ' sent to object: 'Object Repository/Page_Concours photo  votez pour la plus bel_494087/input_trie par_keyword'

2022-07-19 15:05:33 - [TEST_STEP][PASSED] - click(findTestObject("Page_Concours photo  votez pour la plus bel_494087/tri")): Object: 'Object Repository/Page_Concours photo  votez pour la plus bel_494087/tri' is clicked on

2022-07-19 15:05:34 - [MESSAGE][PASSED] - Object: 'Object Repository/Page_Concours photo  votez pour la plus bel_494087/tri' is clicked on

2022-07-19 15:05:34 - [TEST_STEP][PASSED] - click(findTestObject("Page_Concours photo  votez pour la plus bel_494087/plus de votes")): Object: 'Object Repository/Page_Concours photo  votez pour la plus bel_494087/plus de votes' is clicked on

2022-07-19 15:05:34 - [MESSAGE][PASSED] - Object: 'Object Repository/Page_Concours photo  votez pour la plus bel_494087/plus de votes' is clicked on

2022-07-19 15:05:35 - [TEST_STEP][PASSED] - click(findTestObject("Object Repository/Page_Concours photo  votez pour la plus bel_494087/i_Votes_fa fa-heart")): Object: 'Object Repository/Page_Concours photo  votez pour la plus bel_494087/i_Votes_fa fa-heart' is clicked on

2022-07-19 15:05:36 - [MESSAGE][PASSED] - Object: 'Object Repository/Page_Concours photo  votez pour la plus bel_494087/i_Votes_fa fa-heart' is clicked on

2022-07-19 15:05:36 - [TEST_STEP][PASSED] - delay(1): Delayed 1 second(s)

2022-07-19 15:05:37 - [MESSAGE][PASSED] - Delayed 1 second(s)

2022-07-19 15:05:37 - [TEST_STEP][PASSED] - closeBrowser(): Browser is closed

2022-07-19 15:05:37 - [MESSAGE][PASSED] - Browser is closed]]></system-out>
         <system-err><![CDATA[]]></system-err>
      </testcase>
      <testcase name="Test Cases/Vote" time="25.53" classname="Test Cases/Vote" status="PASSED">
         <system-out><![CDATA[2022-07-19 15:05:37 - [TEST_CASE][PASSED] - Test Cases/Vote: Test Cases/Vote

2022-07-19 15:05:37 - [TEST_STEP][PASSED] - openBrowser(""): Browser is opened with url: ''

2022-07-19 15:05:37 - [MESSAGE][INFO] - Starting 'Chrome' driver

2022-07-19 15:05:37 - [MESSAGE][INFO] - Action delay is set to 0 milliseconds

2022-07-19 15:05:38 - [MESSAGE][PASSED] - Browser is opened with url: ''

2022-07-19 15:05:38 - [TEST_STEP][PASSED] - navigateToUrl("https://lesechosdutouquet.nordlittoral.fr/147787/article/2022-06-30/concours-photo-montrez-nous-la-plus-belle-photo-de-votre-chien-en-promenade-sur#l5lb6r47qsmp9ur58y"): Navigate to 'https://lesechosdutouquet.nordlittoral.fr/147787/article/2022-06-30/concours-photo-montrez-nous-la-plus-belle-photo-de-votre-chien-en-promenade-sur#l5lb6r47qsmp9ur58y' successfully

2022-07-19 15:05:41 - [MESSAGE][PASSED] - Navigate to 'https://lesechosdutouquet.nordlittoral.fr/147787/article/2022-06-30/concours-photo-montrez-nous-la-plus-belle-photo-de-votre-chien-en-promenade-sur#l5lb6r47qsmp9ur58y' successfully

2022-07-19 15:05:41 - [TEST_STEP][PASSED] - setViewPortSize(1920, 1080): Viewport is set to new size with width = 1920 and height = 1080

2022-07-19 15:05:42 - [MESSAGE][PASSED] - Viewport is set to new size with width = 1920 and height = 1080

2022-07-19 15:05:42 - [TEST_STEP][PASSED] - click(findTestObject("Object Repository/Page_Concours photo  votez pour la plus bel_494087/button_Accepter  Fermer")): Object: 'Object Repository/Page_Concours photo  votez pour la plus bel_494087/button_Accepter  Fermer' is clicked on

2022-07-19 15:05:43 - [MESSAGE][PASSED] - Object: 'Object Repository/Page_Concours photo  votez pour la plus bel_494087/button_Accepter  Fermer' is clicked on

2022-07-19 15:05:43 - [TEST_STEP][PASSED] - waitForElementVisible(findTestObject("Object Repository/Page_Concours photo  votez pour la plus bel_494087/a_X"), 15): Object 'Object Repository/Page_Concours photo  votez pour la plus bel_494087/a_X' is visible

2022-07-19 15:05:50 - [MESSAGE][PASSED] - Object 'Object Repository/Page_Concours photo  votez pour la plus bel_494087/a_X' is visible

2022-07-19 15:05:50 - [TEST_STEP][PASSED] - click(findTestObject("Object Repository/Page_Concours photo  votez pour la plus bel_494087/a_X")): Object: 'Object Repository/Page_Concours photo  votez pour la plus bel_494087/a_X' is clicked on

2022-07-19 15:05:50 - [MESSAGE][PASSED] - Object: 'Object Repository/Page_Concours photo  votez pour la plus bel_494087/a_X' is clicked on

2022-07-19 15:05:50 - [TEST_STEP][PASSED] - delay(1): Delayed 1 second(s)

2022-07-19 15:05:51 - [MESSAGE][PASSED] - Delayed 1 second(s)

2022-07-19 15:05:51 - [TEST_STEP][PASSED] - click(findTestObject("Object Repository/Page_Concours photo  votez pour la plus bel_494087/input_concat(Votez pour le plus beau chien de la cte d, , Opale )_jouer")): Object: 'Object Repository/Page_Concours photo  votez pour la plus bel_494087/input_concat(Votez pour le plus beau chien de la cte d, , Opale )_jouer' is clicked on

2022-07-19 15:05:52 - [MESSAGE][PASSED] - Object: 'Object Repository/Page_Concours photo  votez pour la plus bel_494087/input_concat(Votez pour le plus beau chien de la cte d, , Opale )_jouer' is clicked on

2022-07-19 15:05:52 - [TEST_STEP][PASSED] - if (verifyElementPresent(findTestObject("Page_Concours photo  votez pour la plus bel_494087/input_concat(Votez pour le plus beau chien de la cte d, , Opale )_jouer"), 1, OPTIONAL)): null

2022-07-19 15:05:54 - [MESSAGE][PASSED] - Object 'Object Repository/Page_Concours photo  votez pour la plus bel_494087/input_concat(Votez pour le plus beau chien de la cte d, , Opale )_jouer' is present

2022-07-19 15:05:54 - [TEST_STEP][PASSED] - click(findTestObject("Object Repository/Page_Concours photo  votez pour la plus bel_494087/input_concat(Votez pour le plus beau chien de la cte d, , Opale )_jouer")): Object: 'Object Repository/Page_Concours photo  votez pour la plus bel_494087/input_concat(Votez pour le plus beau chien de la cte d, , Opale )_jouer' is clicked on

2022-07-19 15:05:54 - [MESSAGE][PASSED] - Object: 'Object Repository/Page_Concours photo  votez pour la plus bel_494087/input_concat(Votez pour le plus beau chien de la cte d, , Opale )_jouer' is clicked on

2022-07-19 15:05:54 - [TEST_STEP][PASSED] - delay(1): Delayed 1 second(s)

2022-07-19 15:05:55 - [MESSAGE][PASSED] - Delayed 1 second(s)

2022-07-19 15:05:55 - [TEST_STEP][PASSED] - setText(findTestObject("Object Repository/Page_Concours photo  votez pour la plus bel_494087/input_trie par_keyword"), "Gaspard"): Text 'Gaspard' is set on object 'Object Repository/Page_Concours photo  votez pour la plus bel_494087/input_trie par_keyword'

2022-07-19 15:05:57 - [MESSAGE][PASSED] - Text 'Gaspard' is set on object 'Object Repository/Page_Concours photo  votez pour la plus bel_494087/input_trie par_keyword'

2022-07-19 15:05:57 - [TEST_STEP][PASSED] - sendKeys(findTestObject("Page_Concours photo  votez pour la plus bel_494087/input_trie par_keyword"), Keys.chord(ENTER)): Keys 'ENTER + ' sent to object: 'Object Repository/Page_Concours photo  votez pour la plus bel_494087/input_trie par_keyword'

2022-07-19 15:05:59 - [MESSAGE][PASSED] - Keys 'ENTER + ' sent to object: 'Object Repository/Page_Concours photo  votez pour la plus bel_494087/input_trie par_keyword'

2022-07-19 15:05:59 - [TEST_STEP][PASSED] - click(findTestObject("Page_Concours photo  votez pour la plus bel_494087/tri")): Object: 'Object Repository/Page_Concours photo  votez pour la plus bel_494087/tri' is clicked on

2022-07-19 15:05:59 - [MESSAGE][PASSED] - Object: 'Object Repository/Page_Concours photo  votez pour la plus bel_494087/tri' is clicked on

2022-07-19 15:05:59 - [TEST_STEP][PASSED] - click(findTestObject("Page_Concours photo  votez pour la plus bel_494087/plus de votes")): Object: 'Object Repository/Page_Concours photo  votez pour la plus bel_494087/plus de votes' is clicked on

2022-07-19 15:06:00 - [MESSAGE][PASSED] - Object: 'Object Repository/Page_Concours photo  votez pour la plus bel_494087/plus de votes' is clicked on

2022-07-19 15:06:01 - [TEST_STEP][PASSED] - click(findTestObject("Object Repository/Page_Concours photo  votez pour la plus bel_494087/i_Votes_fa fa-heart")): Object: 'Object Repository/Page_Concours photo  votez pour la plus bel_494087/i_Votes_fa fa-heart' is clicked on

2022-07-19 15:06:01 - [MESSAGE][PASSED] - Object: 'Object Repository/Page_Concours photo  votez pour la plus bel_494087/i_Votes_fa fa-heart' is clicked on

2022-07-19 15:06:01 - [TEST_STEP][PASSED] - delay(1): Delayed 1 second(s)

2022-07-19 15:06:02 - [MESSAGE][PASSED] - Delayed 1 second(s)

2022-07-19 15:06:02 - [TEST_STEP][PASSED] - closeBrowser(): Browser is closed

2022-07-19 15:06:03 - [MESSAGE][PASSED] - Browser is closed]]></system-out>
         <system-err><![CDATA[]]></system-err>
      </testcase>
      <testcase name="Test Cases/Vote" time="25.809" classname="Test Cases/Vote" status="PASSED">
         <system-out><![CDATA[2022-07-19 15:06:03 - [TEST_CASE][PASSED] - Test Cases/Vote: Test Cases/Vote

2022-07-19 15:06:03 - [TEST_STEP][PASSED] - openBrowser(""): Browser is opened with url: ''

2022-07-19 15:06:03 - [MESSAGE][INFO] - Starting 'Chrome' driver

2022-07-19 15:06:03 - [MESSAGE][INFO] - Action delay is set to 0 milliseconds

2022-07-19 15:06:04 - [MESSAGE][PASSED] - Browser is opened with url: ''

2022-07-19 15:06:04 - [TEST_STEP][PASSED] - navigateToUrl("https://lesechosdutouquet.nordlittoral.fr/147787/article/2022-06-30/concours-photo-montrez-nous-la-plus-belle-photo-de-votre-chien-en-promenade-sur#l5lb6r47qsmp9ur58y"): Navigate to 'https://lesechosdutouquet.nordlittoral.fr/147787/article/2022-06-30/concours-photo-montrez-nous-la-plus-belle-photo-de-votre-chien-en-promenade-sur#l5lb6r47qsmp9ur58y' successfully

2022-07-19 15:06:07 - [MESSAGE][PASSED] - Navigate to 'https://lesechosdutouquet.nordlittoral.fr/147787/article/2022-06-30/concours-photo-montrez-nous-la-plus-belle-photo-de-votre-chien-en-promenade-sur#l5lb6r47qsmp9ur58y' successfully

2022-07-19 15:06:07 - [TEST_STEP][PASSED] - setViewPortSize(1920, 1080): Viewport is set to new size with width = 1920 and height = 1080

2022-07-19 15:06:07 - [MESSAGE][PASSED] - Viewport is set to new size with width = 1920 and height = 1080

2022-07-19 15:06:07 - [TEST_STEP][PASSED] - click(findTestObject("Object Repository/Page_Concours photo  votez pour la plus bel_494087/button_Accepter  Fermer")): Object: 'Object Repository/Page_Concours photo  votez pour la plus bel_494087/button_Accepter  Fermer' is clicked on

2022-07-19 15:06:09 - [MESSAGE][PASSED] - Object: 'Object Repository/Page_Concours photo  votez pour la plus bel_494087/button_Accepter  Fermer' is clicked on

2022-07-19 15:06:09 - [TEST_STEP][PASSED] - waitForElementVisible(findTestObject("Object Repository/Page_Concours photo  votez pour la plus bel_494087/a_X"), 15): Object 'Object Repository/Page_Concours photo  votez pour la plus bel_494087/a_X' is visible

2022-07-19 15:06:16 - [MESSAGE][PASSED] - Object 'Object Repository/Page_Concours photo  votez pour la plus bel_494087/a_X' is visible

2022-07-19 15:06:16 - [TEST_STEP][PASSED] - click(findTestObject("Object Repository/Page_Concours photo  votez pour la plus bel_494087/a_X")): Object: 'Object Repository/Page_Concours photo  votez pour la plus bel_494087/a_X' is clicked on

2022-07-19 15:06:16 - [MESSAGE][PASSED] - Object: 'Object Repository/Page_Concours photo  votez pour la plus bel_494087/a_X' is clicked on

2022-07-19 15:06:16 - [TEST_STEP][PASSED] - delay(1): Delayed 1 second(s)

2022-07-19 15:06:17 - [MESSAGE][PASSED] - Delayed 1 second(s)

2022-07-19 15:06:17 - [TEST_STEP][PASSED] - click(findTestObject("Object Repository/Page_Concours photo  votez pour la plus bel_494087/input_concat(Votez pour le plus beau chien de la cte d, , Opale )_jouer")): Object: 'Object Repository/Page_Concours photo  votez pour la plus bel_494087/input_concat(Votez pour le plus beau chien de la cte d, , Opale )_jouer' is clicked on

2022-07-19 15:06:18 - [MESSAGE][PASSED] - Object: 'Object Repository/Page_Concours photo  votez pour la plus bel_494087/input_concat(Votez pour le plus beau chien de la cte d, , Opale )_jouer' is clicked on

2022-07-19 15:06:18 - [TEST_STEP][PASSED] - if (verifyElementPresent(findTestObject("Page_Concours photo  votez pour la plus bel_494087/input_concat(Votez pour le plus beau chien de la cte d, , Opale )_jouer"), 1, OPTIONAL)): null

2022-07-19 15:06:19 - [MESSAGE][PASSED] - Object 'Object Repository/Page_Concours photo  votez pour la plus bel_494087/input_concat(Votez pour le plus beau chien de la cte d, , Opale )_jouer' is present

2022-07-19 15:06:19 - [TEST_STEP][PASSED] - click(findTestObject("Object Repository/Page_Concours photo  votez pour la plus bel_494087/input_concat(Votez pour le plus beau chien de la cte d, , Opale )_jouer")): Object: 'Object Repository/Page_Concours photo  votez pour la plus bel_494087/input_concat(Votez pour le plus beau chien de la cte d, , Opale )_jouer' is clicked on

2022-07-19 15:06:20 - [MESSAGE][PASSED] - Object: 'Object Repository/Page_Concours photo  votez pour la plus bel_494087/input_concat(Votez pour le plus beau chien de la cte d, , Opale )_jouer' is clicked on

2022-07-19 15:06:20 - [TEST_STEP][PASSED] - delay(1): Delayed 1 second(s)

2022-07-19 15:06:21 - [MESSAGE][PASSED] - Delayed 1 second(s)

2022-07-19 15:06:21 - [TEST_STEP][PASSED] - setText(findTestObject("Object Repository/Page_Concours photo  votez pour la plus bel_494087/input_trie par_keyword"), "Gaspard"): Text 'Gaspard' is set on object 'Object Repository/Page_Concours photo  votez pour la plus bel_494087/input_trie par_keyword'

2022-07-19 15:06:23 - [MESSAGE][PASSED] - Text 'Gaspard' is set on object 'Object Repository/Page_Concours photo  votez pour la plus bel_494087/input_trie par_keyword'

2022-07-19 15:06:23 - [TEST_STEP][PASSED] - sendKeys(findTestObject("Page_Concours photo  votez pour la plus bel_494087/input_trie par_keyword"), Keys.chord(ENTER)): Keys 'ENTER + ' sent to object: 'Object Repository/Page_Concours photo  votez pour la plus bel_494087/input_trie par_keyword'

2022-07-19 15:06:24 - [MESSAGE][PASSED] - Keys 'ENTER + ' sent to object: 'Object Repository/Page_Concours photo  votez pour la plus bel_494087/input_trie par_keyword'

2022-07-19 15:06:24 - [TEST_STEP][PASSED] - click(findTestObject("Page_Concours photo  votez pour la plus bel_494087/tri")): Object: 'Object Repository/Page_Concours photo  votez pour la plus bel_494087/tri' is clicked on

2022-07-19 15:06:25 - [MESSAGE][PASSED] - Object: 'Object Repository/Page_Concours photo  votez pour la plus bel_494087/tri' is clicked on

2022-07-19 15:06:25 - [TEST_STEP][PASSED] - click(findTestObject("Page_Concours photo  votez pour la plus bel_494087/plus de votes")): Object: 'Object Repository/Page_Concours photo  votez pour la plus bel_494087/plus de votes' is clicked on

2022-07-19 15:06:25 - [MESSAGE][PASSED] - Object: 'Object Repository/Page_Concours photo  votez pour la plus bel_494087/plus de votes' is clicked on

2022-07-19 15:06:27 - [TEST_STEP][PASSED] - click(findTestObject("Object Repository/Page_Concours photo  votez pour la plus bel_494087/i_Votes_fa fa-heart")): Object: 'Object Repository/Page_Concours photo  votez pour la plus bel_494087/i_Votes_fa fa-heart' is clicked on

2022-07-19 15:06:27 - [MESSAGE][PASSED] - Object: 'Object Repository/Page_Concours photo  votez pour la plus bel_494087/i_Votes_fa fa-heart' is clicked on

2022-07-19 15:06:27 - [TEST_STEP][PASSED] - delay(1): Delayed 1 second(s)

2022-07-19 15:06:28 - [MESSAGE][PASSED] - Delayed 1 second(s)

2022-07-19 15:06:28 - [TEST_STEP][PASSED] - closeBrowser(): Browser is closed

2022-07-19 15:06:29 - [MESSAGE][PASSED] - Browser is closed]]></system-out>
         <system-err><![CDATA[]]></system-err>
      </testcase>
      <testcase name="Test Cases/Vote" time="24.145" classname="Test Cases/Vote" status="PASSED">
         <system-out><![CDATA[2022-07-19 15:06:29 - [TEST_CASE][PASSED] - Test Cases/Vote: Test Cases/Vote

2022-07-19 15:06:29 - [TEST_STEP][PASSED] - openBrowser(""): Browser is opened with url: ''

2022-07-19 15:06:29 - [MESSAGE][INFO] - Starting 'Chrome' driver

2022-07-19 15:06:29 - [MESSAGE][INFO] - Action delay is set to 0 milliseconds

2022-07-19 15:06:30 - [MESSAGE][PASSED] - Browser is opened with url: ''

2022-07-19 15:06:30 - [TEST_STEP][PASSED] - navigateToUrl("https://lesechosdutouquet.nordlittoral.fr/147787/article/2022-06-30/concours-photo-montrez-nous-la-plus-belle-photo-de-votre-chien-en-promenade-sur#l5lb6r47qsmp9ur58y"): Navigate to 'https://lesechosdutouquet.nordlittoral.fr/147787/article/2022-06-30/concours-photo-montrez-nous-la-plus-belle-photo-de-votre-chien-en-promenade-sur#l5lb6r47qsmp9ur58y' successfully

2022-07-19 15:06:33 - [MESSAGE][PASSED] - Navigate to 'https://lesechosdutouquet.nordlittoral.fr/147787/article/2022-06-30/concours-photo-montrez-nous-la-plus-belle-photo-de-votre-chien-en-promenade-sur#l5lb6r47qsmp9ur58y' successfully

2022-07-19 15:06:33 - [TEST_STEP][PASSED] - setViewPortSize(1920, 1080): Viewport is set to new size with width = 1920 and height = 1080

2022-07-19 15:06:33 - [MESSAGE][PASSED] - Viewport is set to new size with width = 1920 and height = 1080

2022-07-19 15:06:33 - [TEST_STEP][PASSED] - click(findTestObject("Object Repository/Page_Concours photo  votez pour la plus bel_494087/button_Accepter  Fermer")): Object: 'Object Repository/Page_Concours photo  votez pour la plus bel_494087/button_Accepter  Fermer' is clicked on

2022-07-19 15:06:34 - [MESSAGE][PASSED] - Object: 'Object Repository/Page_Concours photo  votez pour la plus bel_494087/button_Accepter  Fermer' is clicked on

2022-07-19 15:06:34 - [TEST_STEP][PASSED] - waitForElementVisible(findTestObject("Object Repository/Page_Concours photo  votez pour la plus bel_494087/a_X"), 15): Object 'Object Repository/Page_Concours photo  votez pour la plus bel_494087/a_X' is visible

2022-07-19 15:06:41 - [MESSAGE][PASSED] - Object 'Object Repository/Page_Concours photo  votez pour la plus bel_494087/a_X' is visible

2022-07-19 15:06:41 - [TEST_STEP][PASSED] - click(findTestObject("Object Repository/Page_Concours photo  votez pour la plus bel_494087/a_X")): Object: 'Object Repository/Page_Concours photo  votez pour la plus bel_494087/a_X' is clicked on

2022-07-19 15:06:41 - [MESSAGE][PASSED] - Object: 'Object Repository/Page_Concours photo  votez pour la plus bel_494087/a_X' is clicked on

2022-07-19 15:06:41 - [TEST_STEP][PASSED] - delay(1): Delayed 1 second(s)

2022-07-19 15:06:42 - [MESSAGE][PASSED] - Delayed 1 second(s)

2022-07-19 15:06:42 - [TEST_STEP][PASSED] - click(findTestObject("Object Repository/Page_Concours photo  votez pour la plus bel_494087/input_concat(Votez pour le plus beau chien de la cte d, , Opale )_jouer")): Object: 'Object Repository/Page_Concours photo  votez pour la plus bel_494087/input_concat(Votez pour le plus beau chien de la cte d, , Opale )_jouer' is clicked on

2022-07-19 15:06:43 - [MESSAGE][PASSED] - Object: 'Object Repository/Page_Concours photo  votez pour la plus bel_494087/input_concat(Votez pour le plus beau chien de la cte d, , Opale )_jouer' is clicked on

2022-07-19 15:06:43 - [TEST_STEP][PASSED] - if (verifyElementPresent(findTestObject("Page_Concours photo  votez pour la plus bel_494087/input_concat(Votez pour le plus beau chien de la cte d, , Opale )_jouer"), 1, OPTIONAL)): null

2022-07-19 15:06:45 - [MESSAGE][PASSED] - Object 'Object Repository/Page_Concours photo  votez pour la plus bel_494087/input_concat(Votez pour le plus beau chien de la cte d, , Opale )_jouer' is present

2022-07-19 15:06:45 - [TEST_STEP][PASSED] - click(findTestObject("Object Repository/Page_Concours photo  votez pour la plus bel_494087/input_concat(Votez pour le plus beau chien de la cte d, , Opale )_jouer")): Object: 'Object Repository/Page_Concours photo  votez pour la plus bel_494087/input_concat(Votez pour le plus beau chien de la cte d, , Opale )_jouer' is clicked on

2022-07-19 15:06:45 - [MESSAGE][PASSED] - Object: 'Object Repository/Page_Concours photo  votez pour la plus bel_494087/input_concat(Votez pour le plus beau chien de la cte d, , Opale )_jouer' is clicked on

2022-07-19 15:06:45 - [TEST_STEP][PASSED] - delay(1): Delayed 1 second(s)

2022-07-19 15:06:46 - [MESSAGE][PASSED] - Delayed 1 second(s)

2022-07-19 15:06:46 - [TEST_STEP][PASSED] - setText(findTestObject("Object Repository/Page_Concours photo  votez pour la plus bel_494087/input_trie par_keyword"), "Gaspard"): Text 'Gaspard' is set on object 'Object Repository/Page_Concours photo  votez pour la plus bel_494087/input_trie par_keyword'

2022-07-19 15:06:47 - [MESSAGE][PASSED] - Text 'Gaspard' is set on object 'Object Repository/Page_Concours photo  votez pour la plus bel_494087/input_trie par_keyword'

2022-07-19 15:06:47 - [TEST_STEP][PASSED] - sendKeys(findTestObject("Page_Concours photo  votez pour la plus bel_494087/input_trie par_keyword"), Keys.chord(ENTER)): Keys 'ENTER + ' sent to object: 'Object Repository/Page_Concours photo  votez pour la plus bel_494087/input_trie par_keyword'

2022-07-19 15:06:48 - [MESSAGE][PASSED] - Keys 'ENTER + ' sent to object: 'Object Repository/Page_Concours photo  votez pour la plus bel_494087/input_trie par_keyword'

2022-07-19 15:06:48 - [TEST_STEP][PASSED] - click(findTestObject("Page_Concours photo  votez pour la plus bel_494087/tri")): Object: 'Object Repository/Page_Concours photo  votez pour la plus bel_494087/tri' is clicked on

2022-07-19 15:06:49 - [MESSAGE][PASSED] - Object: 'Object Repository/Page_Concours photo  votez pour la plus bel_494087/tri' is clicked on

2022-07-19 15:06:49 - [TEST_STEP][PASSED] - click(findTestObject("Page_Concours photo  votez pour la plus bel_494087/plus de votes")): Object: 'Object Repository/Page_Concours photo  votez pour la plus bel_494087/plus de votes' is clicked on

2022-07-19 15:06:50 - [MESSAGE][PASSED] - Object: 'Object Repository/Page_Concours photo  votez pour la plus bel_494087/plus de votes' is clicked on

2022-07-19 15:06:51 - [TEST_STEP][PASSED] - click(findTestObject("Object Repository/Page_Concours photo  votez pour la plus bel_494087/i_Votes_fa fa-heart")): Object: 'Object Repository/Page_Concours photo  votez pour la plus bel_494087/i_Votes_fa fa-heart' is clicked on

2022-07-19 15:06:51 - [MESSAGE][PASSED] - Object: 'Object Repository/Page_Concours photo  votez pour la plus bel_494087/i_Votes_fa fa-heart' is clicked on

2022-07-19 15:06:51 - [TEST_STEP][PASSED] - delay(1): Delayed 1 second(s)

2022-07-19 15:06:52 - [MESSAGE][PASSED] - Delayed 1 second(s)

2022-07-19 15:06:52 - [TEST_STEP][PASSED] - closeBrowser(): Browser is closed

2022-07-19 15:06:53 - [MESSAGE][PASSED] - Browser is closed]]></system-out>
         <system-err><![CDATA[]]></system-err>
      </testcase>
      <testcase name="Test Cases/Vote" time="24.94" classname="Test Cases/Vote" status="PASSED">
         <system-out><![CDATA[2022-07-19 15:06:53 - [TEST_CASE][PASSED] - Test Cases/Vote: Test Cases/Vote

2022-07-19 15:06:53 - [TEST_STEP][PASSED] - openBrowser(""): Browser is opened with url: ''

2022-07-19 15:06:53 - [MESSAGE][INFO] - Starting 'Chrome' driver

2022-07-19 15:06:53 - [MESSAGE][INFO] - Action delay is set to 0 milliseconds

2022-07-19 15:06:54 - [MESSAGE][PASSED] - Browser is opened with url: ''

2022-07-19 15:06:54 - [TEST_STEP][PASSED] - navigateToUrl("https://lesechosdutouquet.nordlittoral.fr/147787/article/2022-06-30/concours-photo-montrez-nous-la-plus-belle-photo-de-votre-chien-en-promenade-sur#l5lb6r47qsmp9ur58y"): Navigate to 'https://lesechosdutouquet.nordlittoral.fr/147787/article/2022-06-30/concours-photo-montrez-nous-la-plus-belle-photo-de-votre-chien-en-promenade-sur#l5lb6r47qsmp9ur58y' successfully

2022-07-19 15:06:57 - [MESSAGE][PASSED] - Navigate to 'https://lesechosdutouquet.nordlittoral.fr/147787/article/2022-06-30/concours-photo-montrez-nous-la-plus-belle-photo-de-votre-chien-en-promenade-sur#l5lb6r47qsmp9ur58y' successfully

2022-07-19 15:06:57 - [TEST_STEP][PASSED] - setViewPortSize(1920, 1080): Viewport is set to new size with width = 1920 and height = 1080

2022-07-19 15:06:57 - [MESSAGE][PASSED] - Viewport is set to new size with width = 1920 and height = 1080

2022-07-19 15:06:57 - [TEST_STEP][PASSED] - click(findTestObject("Object Repository/Page_Concours photo  votez pour la plus bel_494087/button_Accepter  Fermer")): Object: 'Object Repository/Page_Concours photo  votez pour la plus bel_494087/button_Accepter  Fermer' is clicked on

2022-07-19 15:06:58 - [MESSAGE][PASSED] - Object: 'Object Repository/Page_Concours photo  votez pour la plus bel_494087/button_Accepter  Fermer' is clicked on

2022-07-19 15:06:58 - [TEST_STEP][PASSED] - waitForElementVisible(findTestObject("Object Repository/Page_Concours photo  votez pour la plus bel_494087/a_X"), 15): Object 'Object Repository/Page_Concours photo  votez pour la plus bel_494087/a_X' is visible

2022-07-19 15:07:05 - [MESSAGE][PASSED] - Object 'Object Repository/Page_Concours photo  votez pour la plus bel_494087/a_X' is visible

2022-07-19 15:07:05 - [TEST_STEP][PASSED] - click(findTestObject("Object Repository/Page_Concours photo  votez pour la plus bel_494087/a_X")): Object: 'Object Repository/Page_Concours photo  votez pour la plus bel_494087/a_X' is clicked on

2022-07-19 15:07:06 - [MESSAGE][PASSED] - Object: 'Object Repository/Page_Concours photo  votez pour la plus bel_494087/a_X' is clicked on

2022-07-19 15:07:06 - [TEST_STEP][PASSED] - delay(1): Delayed 1 second(s)

2022-07-19 15:07:07 - [MESSAGE][PASSED] - Delayed 1 second(s)

2022-07-19 15:07:07 - [TEST_STEP][PASSED] - click(findTestObject("Object Repository/Page_Concours photo  votez pour la plus bel_494087/input_concat(Votez pour le plus beau chien de la cte d, , Opale )_jouer")): Object: 'Object Repository/Page_Concours photo  votez pour la plus bel_494087/input_concat(Votez pour le plus beau chien de la cte d, , Opale )_jouer' is clicked on

2022-07-19 15:07:07 - [MESSAGE][PASSED] - Object: 'Object Repository/Page_Concours photo  votez pour la plus bel_494087/input_concat(Votez pour le plus beau chien de la cte d, , Opale )_jouer' is clicked on

2022-07-19 15:07:08 - [TEST_STEP][PASSED] - if (verifyElementPresent(findTestObject("Page_Concours photo  votez pour la plus bel_494087/input_concat(Votez pour le plus beau chien de la cte d, , Opale )_jouer"), 1, OPTIONAL)): null

2022-07-19 15:07:09 - [MESSAGE][PASSED] - Object 'Object Repository/Page_Concours photo  votez pour la plus bel_494087/input_concat(Votez pour le plus beau chien de la cte d, , Opale )_jouer' is present

2022-07-19 15:07:09 - [TEST_STEP][PASSED] - click(findTestObject("Object Repository/Page_Concours photo  votez pour la plus bel_494087/input_concat(Votez pour le plus beau chien de la cte d, , Opale )_jouer")): Object: 'Object Repository/Page_Concours photo  votez pour la plus bel_494087/input_concat(Votez pour le plus beau chien de la cte d, , Opale )_jouer' is clicked on

2022-07-19 15:07:09 - [MESSAGE][PASSED] - Object: 'Object Repository/Page_Concours photo  votez pour la plus bel_494087/input_concat(Votez pour le plus beau chien de la cte d, , Opale )_jouer' is clicked on

2022-07-19 15:07:09 - [TEST_STEP][PASSED] - delay(1): Delayed 1 second(s)

2022-07-19 15:07:10 - [MESSAGE][PASSED] - Delayed 1 second(s)

2022-07-19 15:07:10 - [TEST_STEP][PASSED] - setText(findTestObject("Object Repository/Page_Concours photo  votez pour la plus bel_494087/input_trie par_keyword"), "Gaspard"): Text 'Gaspard' is set on object 'Object Repository/Page_Concours photo  votez pour la plus bel_494087/input_trie par_keyword'

2022-07-19 15:07:12 - [MESSAGE][PASSED] - Text 'Gaspard' is set on object 'Object Repository/Page_Concours photo  votez pour la plus bel_494087/input_trie par_keyword'

2022-07-19 15:07:12 - [TEST_STEP][PASSED] - sendKeys(findTestObject("Page_Concours photo  votez pour la plus bel_494087/input_trie par_keyword"), Keys.chord(ENTER)): Keys 'ENTER + ' sent to object: 'Object Repository/Page_Concours photo  votez pour la plus bel_494087/input_trie par_keyword'

2022-07-19 15:07:13 - [MESSAGE][PASSED] - Keys 'ENTER + ' sent to object: 'Object Repository/Page_Concours photo  votez pour la plus bel_494087/input_trie par_keyword'

2022-07-19 15:07:14 - [TEST_STEP][PASSED] - click(findTestObject("Page_Concours photo  votez pour la plus bel_494087/tri")): Object: 'Object Repository/Page_Concours photo  votez pour la plus bel_494087/tri' is clicked on

2022-07-19 15:07:14 - [MESSAGE][PASSED] - Object: 'Object Repository/Page_Concours photo  votez pour la plus bel_494087/tri' is clicked on

2022-07-19 15:07:14 - [TEST_STEP][PASSED] - click(findTestObject("Page_Concours photo  votez pour la plus bel_494087/plus de votes")): Object: 'Object Repository/Page_Concours photo  votez pour la plus bel_494087/plus de votes' is clicked on

2022-07-19 15:07:14 - [MESSAGE][PASSED] - Object: 'Object Repository/Page_Concours photo  votez pour la plus bel_494087/plus de votes' is clicked on

2022-07-19 15:07:16 - [TEST_STEP][PASSED] - click(findTestObject("Object Repository/Page_Concours photo  votez pour la plus bel_494087/i_Votes_fa fa-heart")): Object: 'Object Repository/Page_Concours photo  votez pour la plus bel_494087/i_Votes_fa fa-heart' is clicked on

2022-07-19 15:07:16 - [MESSAGE][PASSED] - Object: 'Object Repository/Page_Concours photo  votez pour la plus bel_494087/i_Votes_fa fa-heart' is clicked on

2022-07-19 15:07:16 - [TEST_STEP][PASSED] - delay(1): Delayed 1 second(s)

2022-07-19 15:07:17 - [MESSAGE][PASSED] - Delayed 1 second(s)

2022-07-19 15:07:17 - [TEST_STEP][PASSED] - closeBrowser(): Browser is closed

2022-07-19 15:07:18 - [MESSAGE][PASSED] - Browser is closed]]></system-out>
         <system-err><![CDATA[]]></system-err>
      </testcase>
      <testcase name="Test Cases/Vote" time="37.956" classname="Test Cases/Vote" status="PASSED">
         <system-out><![CDATA[2022-07-19 15:07:18 - [TEST_CASE][PASSED] - Test Cases/Vote: Test Cases/Vote

2022-07-19 15:07:18 - [TEST_STEP][PASSED] - openBrowser(""): Browser is opened with url: ''

2022-07-19 15:07:18 - [MESSAGE][INFO] - Starting 'Chrome' driver

2022-07-19 15:07:18 - [MESSAGE][INFO] - Action delay is set to 0 milliseconds

2022-07-19 15:07:19 - [MESSAGE][PASSED] - Browser is opened with url: ''

2022-07-19 15:07:19 - [TEST_STEP][PASSED] - navigateToUrl("https://lesechosdutouquet.nordlittoral.fr/147787/article/2022-06-30/concours-photo-montrez-nous-la-plus-belle-photo-de-votre-chien-en-promenade-sur#l5lb6r47qsmp9ur58y"): Navigate to 'https://lesechosdutouquet.nordlittoral.fr/147787/article/2022-06-30/concours-photo-montrez-nous-la-plus-belle-photo-de-votre-chien-en-promenade-sur#l5lb6r47qsmp9ur58y' successfully

2022-07-19 15:07:36 - [MESSAGE][PASSED] - Navigate to 'https://lesechosdutouquet.nordlittoral.fr/147787/article/2022-06-30/concours-photo-montrez-nous-la-plus-belle-photo-de-votre-chien-en-promenade-sur#l5lb6r47qsmp9ur58y' successfully

2022-07-19 15:07:36 - [TEST_STEP][PASSED] - setViewPortSize(1920, 1080): Viewport is set to new size with width = 1920 and height = 1080

2022-07-19 15:07:36 - [MESSAGE][PASSED] - Viewport is set to new size with width = 1920 and height = 1080

2022-07-19 15:07:36 - [TEST_STEP][PASSED] - click(findTestObject("Object Repository/Page_Concours photo  votez pour la plus bel_494087/button_Accepter  Fermer")): Object: 'Object Repository/Page_Concours photo  votez pour la plus bel_494087/button_Accepter  Fermer' is clicked on

2022-07-19 15:07:37 - [MESSAGE][PASSED] - Object: 'Object Repository/Page_Concours photo  votez pour la plus bel_494087/button_Accepter  Fermer' is clicked on

2022-07-19 15:07:37 - [TEST_STEP][PASSED] - waitForElementVisible(findTestObject("Object Repository/Page_Concours photo  votez pour la plus bel_494087/a_X"), 15): Object 'Object Repository/Page_Concours photo  votez pour la plus bel_494087/a_X' is visible

2022-07-19 15:07:44 - [MESSAGE][PASSED] - Object 'Object Repository/Page_Concours photo  votez pour la plus bel_494087/a_X' is visible

2022-07-19 15:07:44 - [TEST_STEP][PASSED] - click(findTestObject("Object Repository/Page_Concours photo  votez pour la plus bel_494087/a_X")): Object: 'Object Repository/Page_Concours photo  votez pour la plus bel_494087/a_X' is clicked on

2022-07-19 15:07:45 - [MESSAGE][PASSED] - Object: 'Object Repository/Page_Concours photo  votez pour la plus bel_494087/a_X' is clicked on

2022-07-19 15:07:45 - [TEST_STEP][PASSED] - delay(1): Delayed 1 second(s)

2022-07-19 15:07:46 - [MESSAGE][PASSED] - Delayed 1 second(s)

2022-07-19 15:07:46 - [TEST_STEP][PASSED] - click(findTestObject("Object Repository/Page_Concours photo  votez pour la plus bel_494087/input_concat(Votez pour le plus beau chien de la cte d, , Opale )_jouer")): Object: 'Object Repository/Page_Concours photo  votez pour la plus bel_494087/input_concat(Votez pour le plus beau chien de la cte d, , Opale )_jouer' is clicked on

2022-07-19 15:07:46 - [MESSAGE][PASSED] - Object: 'Object Repository/Page_Concours photo  votez pour la plus bel_494087/input_concat(Votez pour le plus beau chien de la cte d, , Opale )_jouer' is clicked on

2022-07-19 15:07:46 - [TEST_STEP][PASSED] - if (verifyElementPresent(findTestObject("Page_Concours photo  votez pour la plus bel_494087/input_concat(Votez pour le plus beau chien de la cte d, , Opale )_jouer"), 1, OPTIONAL)): null

2022-07-19 15:07:48 - [MESSAGE][PASSED] - Object 'Object Repository/Page_Concours photo  votez pour la plus bel_494087/input_concat(Votez pour le plus beau chien de la cte d, , Opale )_jouer' is present

2022-07-19 15:07:48 - [TEST_STEP][PASSED] - click(findTestObject("Object Repository/Page_Concours photo  votez pour la plus bel_494087/input_concat(Votez pour le plus beau chien de la cte d, , Opale )_jouer")): Object: 'Object Repository/Page_Concours photo  votez pour la plus bel_494087/input_concat(Votez pour le plus beau chien de la cte d, , Opale )_jouer' is clicked on

2022-07-19 15:07:48 - [MESSAGE][PASSED] - Object: 'Object Repository/Page_Concours photo  votez pour la plus bel_494087/input_concat(Votez pour le plus beau chien de la cte d, , Opale )_jouer' is clicked on

2022-07-19 15:07:48 - [TEST_STEP][PASSED] - delay(1): Delayed 1 second(s)

2022-07-19 15:07:49 - [MESSAGE][PASSED] - Delayed 1 second(s)

2022-07-19 15:07:49 - [TEST_STEP][PASSED] - setText(findTestObject("Object Repository/Page_Concours photo  votez pour la plus bel_494087/input_trie par_keyword"), "Gaspard"): Text 'Gaspard' is set on object 'Object Repository/Page_Concours photo  votez pour la plus bel_494087/input_trie par_keyword'

2022-07-19 15:07:50 - [MESSAGE][PASSED] - Text 'Gaspard' is set on object 'Object Repository/Page_Concours photo  votez pour la plus bel_494087/input_trie par_keyword'

2022-07-19 15:07:50 - [TEST_STEP][PASSED] - sendKeys(findTestObject("Page_Concours photo  votez pour la plus bel_494087/input_trie par_keyword"), Keys.chord(ENTER)): Keys 'ENTER + ' sent to object: 'Object Repository/Page_Concours photo  votez pour la plus bel_494087/input_trie par_keyword'

2022-07-19 15:07:52 - [MESSAGE][PASSED] - Keys 'ENTER + ' sent to object: 'Object Repository/Page_Concours photo  votez pour la plus bel_494087/input_trie par_keyword'

2022-07-19 15:07:52 - [TEST_STEP][PASSED] - click(findTestObject("Page_Concours photo  votez pour la plus bel_494087/tri")): Object: 'Object Repository/Page_Concours photo  votez pour la plus bel_494087/tri' is clicked on

2022-07-19 15:07:52 - [MESSAGE][PASSED] - Object: 'Object Repository/Page_Concours photo  votez pour la plus bel_494087/tri' is clicked on

2022-07-19 15:07:52 - [TEST_STEP][PASSED] - click(findTestObject("Page_Concours photo  votez pour la plus bel_494087/plus de votes")): Object: 'Object Repository/Page_Concours photo  votez pour la plus bel_494087/plus de votes' is clicked on

2022-07-19 15:07:53 - [MESSAGE][PASSED] - Object: 'Object Repository/Page_Concours photo  votez pour la plus bel_494087/plus de votes' is clicked on

2022-07-19 15:07:54 - [TEST_STEP][PASSED] - click(findTestObject("Object Repository/Page_Concours photo  votez pour la plus bel_494087/i_Votes_fa fa-heart")): Object: 'Object Repository/Page_Concours photo  votez pour la plus bel_494087/i_Votes_fa fa-heart' is clicked on

2022-07-19 15:07:54 - [MESSAGE][PASSED] - Object: 'Object Repository/Page_Concours photo  votez pour la plus bel_494087/i_Votes_fa fa-heart' is clicked on

2022-07-19 15:07:54 - [TEST_STEP][PASSED] - delay(1): Delayed 1 second(s)

2022-07-19 15:07:55 - [MESSAGE][PASSED] - Delayed 1 second(s)

2022-07-19 15:07:55 - [TEST_STEP][PASSED] - closeBrowser(): Browser is closed

2022-07-19 15:07:56 - [MESSAGE][PASSED] - Browser is closed]]></system-out>
         <system-err><![CDATA[]]></system-err>
      </testcase>
      <testcase name="Test Cases/Vote" time="27.508" classname="Test Cases/Vote" status="PASSED">
         <system-out><![CDATA[2022-07-19 15:07:56 - [TEST_CASE][PASSED] - Test Cases/Vote: Test Cases/Vote

2022-07-19 15:07:56 - [TEST_STEP][PASSED] - openBrowser(""): Browser is opened with url: ''

2022-07-19 15:07:56 - [MESSAGE][INFO] - Starting 'Chrome' driver

2022-07-19 15:07:56 - [MESSAGE][INFO] - Action delay is set to 0 milliseconds

2022-07-19 15:07:57 - [MESSAGE][PASSED] - Browser is opened with url: ''

2022-07-19 15:07:57 - [TEST_STEP][PASSED] - navigateToUrl("https://lesechosdutouquet.nordlittoral.fr/147787/article/2022-06-30/concours-photo-montrez-nous-la-plus-belle-photo-de-votre-chien-en-promenade-sur#l5lb6r47qsmp9ur58y"): Navigate to 'https://lesechosdutouquet.nordlittoral.fr/147787/article/2022-06-30/concours-photo-montrez-nous-la-plus-belle-photo-de-votre-chien-en-promenade-sur#l5lb6r47qsmp9ur58y' successfully

2022-07-19 15:08:00 - [MESSAGE][PASSED] - Navigate to 'https://lesechosdutouquet.nordlittoral.fr/147787/article/2022-06-30/concours-photo-montrez-nous-la-plus-belle-photo-de-votre-chien-en-promenade-sur#l5lb6r47qsmp9ur58y' successfully

2022-07-19 15:08:00 - [TEST_STEP][PASSED] - setViewPortSize(1920, 1080): Viewport is set to new size with width = 1920 and height = 1080

2022-07-19 15:08:00 - [MESSAGE][PASSED] - Viewport is set to new size with width = 1920 and height = 1080

2022-07-19 15:08:00 - [TEST_STEP][PASSED] - click(findTestObject("Object Repository/Page_Concours photo  votez pour la plus bel_494087/button_Accepter  Fermer")): Object: 'Object Repository/Page_Concours photo  votez pour la plus bel_494087/button_Accepter  Fermer' is clicked on

2022-07-19 15:08:01 - [MESSAGE][PASSED] - Object: 'Object Repository/Page_Concours photo  votez pour la plus bel_494087/button_Accepter  Fermer' is clicked on

2022-07-19 15:08:01 - [TEST_STEP][PASSED] - waitForElementVisible(findTestObject("Object Repository/Page_Concours photo  votez pour la plus bel_494087/a_X"), 15): Object 'Object Repository/Page_Concours photo  votez pour la plus bel_494087/a_X' is visible

2022-07-19 15:08:10 - [MESSAGE][PASSED] - Object 'Object Repository/Page_Concours photo  votez pour la plus bel_494087/a_X' is visible

2022-07-19 15:08:10 - [TEST_STEP][PASSED] - click(findTestObject("Object Repository/Page_Concours photo  votez pour la plus bel_494087/a_X")): Object: 'Object Repository/Page_Concours photo  votez pour la plus bel_494087/a_X' is clicked on

2022-07-19 15:08:10 - [MESSAGE][PASSED] - Object: 'Object Repository/Page_Concours photo  votez pour la plus bel_494087/a_X' is clicked on

2022-07-19 15:08:10 - [TEST_STEP][PASSED] - delay(1): Delayed 1 second(s)

2022-07-19 15:08:11 - [MESSAGE][PASSED] - Delayed 1 second(s)

2022-07-19 15:08:11 - [TEST_STEP][PASSED] - click(findTestObject("Object Repository/Page_Concours photo  votez pour la plus bel_494087/input_concat(Votez pour le plus beau chien de la cte d, , Opale )_jouer")): Object: 'Object Repository/Page_Concours photo  votez pour la plus bel_494087/input_concat(Votez pour le plus beau chien de la cte d, , Opale )_jouer' is clicked on

2022-07-19 15:08:12 - [MESSAGE][PASSED] - Object: 'Object Repository/Page_Concours photo  votez pour la plus bel_494087/input_concat(Votez pour le plus beau chien de la cte d, , Opale )_jouer' is clicked on

2022-07-19 15:08:12 - [TEST_STEP][PASSED] - if (verifyElementPresent(findTestObject("Page_Concours photo  votez pour la plus bel_494087/input_concat(Votez pour le plus beau chien de la cte d, , Opale )_jouer"), 1, OPTIONAL)): null

2022-07-19 15:08:13 - [MESSAGE][PASSED] - Object 'Object Repository/Page_Concours photo  votez pour la plus bel_494087/input_concat(Votez pour le plus beau chien de la cte d, , Opale )_jouer' is present

2022-07-19 15:08:13 - [TEST_STEP][PASSED] - click(findTestObject("Object Repository/Page_Concours photo  votez pour la plus bel_494087/input_concat(Votez pour le plus beau chien de la cte d, , Opale )_jouer")): Object: 'Object Repository/Page_Concours photo  votez pour la plus bel_494087/input_concat(Votez pour le plus beau chien de la cte d, , Opale )_jouer' is clicked on

2022-07-19 15:08:14 - [MESSAGE][PASSED] - Object: 'Object Repository/Page_Concours photo  votez pour la plus bel_494087/input_concat(Votez pour le plus beau chien de la cte d, , Opale )_jouer' is clicked on

2022-07-19 15:08:14 - [TEST_STEP][PASSED] - delay(1): Delayed 1 second(s)

2022-07-19 15:08:15 - [MESSAGE][PASSED] - Delayed 1 second(s)

2022-07-19 15:08:15 - [TEST_STEP][PASSED] - setText(findTestObject("Object Repository/Page_Concours photo  votez pour la plus bel_494087/input_trie par_keyword"), "Gaspard"): Text 'Gaspard' is set on object 'Object Repository/Page_Concours photo  votez pour la plus bel_494087/input_trie par_keyword'

2022-07-19 15:08:17 - [MESSAGE][PASSED] - Text 'Gaspard' is set on object 'Object Repository/Page_Concours photo  votez pour la plus bel_494087/input_trie par_keyword'

2022-07-19 15:08:17 - [TEST_STEP][PASSED] - sendKeys(findTestObject("Page_Concours photo  votez pour la plus bel_494087/input_trie par_keyword"), Keys.chord(ENTER)): Keys 'ENTER + ' sent to object: 'Object Repository/Page_Concours photo  votez pour la plus bel_494087/input_trie par_keyword'

2022-07-19 15:08:19 - [MESSAGE][PASSED] - Keys 'ENTER + ' sent to object: 'Object Repository/Page_Concours photo  votez pour la plus bel_494087/input_trie par_keyword'

2022-07-19 15:08:19 - [TEST_STEP][PASSED] - click(findTestObject("Page_Concours photo  votez pour la plus bel_494087/tri")): Object: 'Object Repository/Page_Concours photo  votez pour la plus bel_494087/tri' is clicked on

2022-07-19 15:08:19 - [MESSAGE][PASSED] - Object: 'Object Repository/Page_Concours photo  votez pour la plus bel_494087/tri' is clicked on

2022-07-19 15:08:19 - [TEST_STEP][PASSED] - click(findTestObject("Page_Concours photo  votez pour la plus bel_494087/plus de votes")): Object: 'Object Repository/Page_Concours photo  votez pour la plus bel_494087/plus de votes' is clicked on

2022-07-19 15:08:20 - [MESSAGE][PASSED] - Object: 'Object Repository/Page_Concours photo  votez pour la plus bel_494087/plus de votes' is clicked on

2022-07-19 15:08:21 - [TEST_STEP][PASSED] - click(findTestObject("Object Repository/Page_Concours photo  votez pour la plus bel_494087/i_Votes_fa fa-heart")): Object: 'Object Repository/Page_Concours photo  votez pour la plus bel_494087/i_Votes_fa fa-heart' is clicked on

2022-07-19 15:08:22 - [MESSAGE][PASSED] - Object: 'Object Repository/Page_Concours photo  votez pour la plus bel_494087/i_Votes_fa fa-heart' is clicked on

2022-07-19 15:08:22 - [TEST_STEP][PASSED] - delay(1): Delayed 1 second(s)

2022-07-19 15:08:23 - [MESSAGE][PASSED] - Delayed 1 second(s)

2022-07-19 15:08:23 - [TEST_STEP][PASSED] - closeBrowser(): Browser is closed

2022-07-19 15:08:23 - [MESSAGE][PASSED] - Browser is closed]]></system-out>
         <system-err><![CDATA[]]></system-err>
      </testcase>
      <testcase name="Test Cases/Vote" time="22.871" classname="Test Cases/Vote" status="PASSED">
         <system-out><![CDATA[2022-07-19 15:08:23 - [TEST_CASE][PASSED] - Test Cases/Vote: Test Cases/Vote

2022-07-19 15:08:23 - [TEST_STEP][PASSED] - openBrowser(""): Browser is opened with url: ''

2022-07-19 15:08:23 - [MESSAGE][INFO] - Starting 'Chrome' driver

2022-07-19 15:08:23 - [MESSAGE][INFO] - Action delay is set to 0 milliseconds

2022-07-19 15:08:24 - [MESSAGE][PASSED] - Browser is opened with url: ''

2022-07-19 15:08:24 - [TEST_STEP][PASSED] - navigateToUrl("https://lesechosdutouquet.nordlittoral.fr/147787/article/2022-06-30/concours-photo-montrez-nous-la-plus-belle-photo-de-votre-chien-en-promenade-sur#l5lb6r47qsmp9ur58y"): Navigate to 'https://lesechosdutouquet.nordlittoral.fr/147787/article/2022-06-30/concours-photo-montrez-nous-la-plus-belle-photo-de-votre-chien-en-promenade-sur#l5lb6r47qsmp9ur58y' successfully

2022-07-19 15:08:27 - [MESSAGE][PASSED] - Navigate to 'https://lesechosdutouquet.nordlittoral.fr/147787/article/2022-06-30/concours-photo-montrez-nous-la-plus-belle-photo-de-votre-chien-en-promenade-sur#l5lb6r47qsmp9ur58y' successfully

2022-07-19 15:08:27 - [TEST_STEP][PASSED] - setViewPortSize(1920, 1080): Viewport is set to new size with width = 1920 and height = 1080

2022-07-19 15:08:27 - [MESSAGE][PASSED] - Viewport is set to new size with width = 1920 and height = 1080

2022-07-19 15:08:27 - [TEST_STEP][PASSED] - click(findTestObject("Object Repository/Page_Concours photo  votez pour la plus bel_494087/button_Accepter  Fermer")): Object: 'Object Repository/Page_Concours photo  votez pour la plus bel_494087/button_Accepter  Fermer' is clicked on

2022-07-19 15:08:28 - [MESSAGE][PASSED] - Object: 'Object Repository/Page_Concours photo  votez pour la plus bel_494087/button_Accepter  Fermer' is clicked on

2022-07-19 15:08:28 - [TEST_STEP][PASSED] - waitForElementVisible(findTestObject("Object Repository/Page_Concours photo  votez pour la plus bel_494087/a_X"), 15): Object 'Object Repository/Page_Concours photo  votez pour la plus bel_494087/a_X' is visible

2022-07-19 15:08:35 - [MESSAGE][PASSED] - Object 'Object Repository/Page_Concours photo  votez pour la plus bel_494087/a_X' is visible

2022-07-19 15:08:35 - [TEST_STEP][PASSED] - click(findTestObject("Object Repository/Page_Concours photo  votez pour la plus bel_494087/a_X")): Object: 'Object Repository/Page_Concours photo  votez pour la plus bel_494087/a_X' is clicked on

2022-07-19 15:08:35 - [MESSAGE][PASSED] - Object: 'Object Repository/Page_Concours photo  votez pour la plus bel_494087/a_X' is clicked on

2022-07-19 15:08:35 - [TEST_STEP][PASSED] - delay(1): Delayed 1 second(s)

2022-07-19 15:08:36 - [MESSAGE][PASSED] - Delayed 1 second(s)

2022-07-19 15:08:36 - [TEST_STEP][PASSED] - click(findTestObject("Object Repository/Page_Concours photo  votez pour la plus bel_494087/input_concat(Votez pour le plus beau chien de la cte d, , Opale )_jouer")): Object: 'Object Repository/Page_Concours photo  votez pour la plus bel_494087/input_concat(Votez pour le plus beau chien de la cte d, , Opale )_jouer' is clicked on

2022-07-19 15:08:37 - [MESSAGE][PASSED] - Object: 'Object Repository/Page_Concours photo  votez pour la plus bel_494087/input_concat(Votez pour le plus beau chien de la cte d, , Opale )_jouer' is clicked on

2022-07-19 15:08:37 - [TEST_STEP][PASSED] - if (verifyElementPresent(findTestObject("Page_Concours photo  votez pour la plus bel_494087/input_concat(Votez pour le plus beau chien de la cte d, , Opale )_jouer"), 1, OPTIONAL)): null

2022-07-19 15:08:39 - [MESSAGE][PASSED] - Object 'Object Repository/Page_Concours photo  votez pour la plus bel_494087/input_concat(Votez pour le plus beau chien de la cte d, , Opale )_jouer' is present

2022-07-19 15:08:39 - [TEST_STEP][PASSED] - click(findTestObject("Object Repository/Page_Concours photo  votez pour la plus bel_494087/input_concat(Votez pour le plus beau chien de la cte d, , Opale )_jouer")): Object: 'Object Repository/Page_Concours photo  votez pour la plus bel_494087/input_concat(Votez pour le plus beau chien de la cte d, , Opale )_jouer' is clicked on

2022-07-19 15:08:39 - [MESSAGE][PASSED] - Object: 'Object Repository/Page_Concours photo  votez pour la plus bel_494087/input_concat(Votez pour le plus beau chien de la cte d, , Opale )_jouer' is clicked on

2022-07-19 15:08:39 - [TEST_STEP][PASSED] - delay(1): Delayed 1 second(s)

2022-07-19 15:08:40 - [MESSAGE][PASSED] - Delayed 1 second(s)

2022-07-19 15:08:40 - [TEST_STEP][PASSED] - setText(findTestObject("Object Repository/Page_Concours photo  votez pour la plus bel_494087/input_trie par_keyword"), "Gaspard"): Text 'Gaspard' is set on object 'Object Repository/Page_Concours photo  votez pour la plus bel_494087/input_trie par_keyword'

2022-07-19 15:08:41 - [MESSAGE][PASSED] - Text 'Gaspard' is set on object 'Object Repository/Page_Concours photo  votez pour la plus bel_494087/input_trie par_keyword'

2022-07-19 15:08:41 - [TEST_STEP][PASSED] - sendKeys(findTestObject("Page_Concours photo  votez pour la plus bel_494087/input_trie par_keyword"), Keys.chord(ENTER)): Keys 'ENTER + ' sent to object: 'Object Repository/Page_Concours photo  votez pour la plus bel_494087/input_trie par_keyword'

2022-07-19 15:08:42 - [MESSAGE][PASSED] - Keys 'ENTER + ' sent to object: 'Object Repository/Page_Concours photo  votez pour la plus bel_494087/input_trie par_keyword'

2022-07-19 15:08:42 - [TEST_STEP][PASSED] - click(findTestObject("Page_Concours photo  votez pour la plus bel_494087/tri")): Object: 'Object Repository/Page_Concours photo  votez pour la plus bel_494087/tri' is clicked on

2022-07-19 15:08:43 - [MESSAGE][PASSED] - Object: 'Object Repository/Page_Concours photo  votez pour la plus bel_494087/tri' is clicked on

2022-07-19 15:08:43 - [TEST_STEP][PASSED] - click(findTestObject("Page_Concours photo  votez pour la plus bel_494087/plus de votes")): Object: 'Object Repository/Page_Concours photo  votez pour la plus bel_494087/plus de votes' is clicked on

2022-07-19 15:08:43 - [MESSAGE][PASSED] - Object: 'Object Repository/Page_Concours photo  votez pour la plus bel_494087/plus de votes' is clicked on

2022-07-19 15:08:44 - [TEST_STEP][PASSED] - click(findTestObject("Object Repository/Page_Concours photo  votez pour la plus bel_494087/i_Votes_fa fa-heart")): Object: 'Object Repository/Page_Concours photo  votez pour la plus bel_494087/i_Votes_fa fa-heart' is clicked on

2022-07-19 15:08:45 - [MESSAGE][PASSED] - Object: 'Object Repository/Page_Concours photo  votez pour la plus bel_494087/i_Votes_fa fa-heart' is clicked on

2022-07-19 15:08:45 - [TEST_STEP][PASSED] - delay(1): Delayed 1 second(s)

2022-07-19 15:08:46 - [MESSAGE][PASSED] - Delayed 1 second(s)

2022-07-19 15:08:46 - [TEST_STEP][PASSED] - closeBrowser(): Browser is closed

2022-07-19 15:08:46 - [MESSAGE][PASSED] - Browser is closed]]></system-out>
         <system-err><![CDATA[]]></system-err>
      </testcase>
      <testcase name="Test Cases/Vote" time="24.107" classname="Test Cases/Vote" status="PASSED">
         <system-out><![CDATA[2022-07-19 15:08:46 - [TEST_CASE][PASSED] - Test Cases/Vote: Test Cases/Vote

2022-07-19 15:08:46 - [TEST_STEP][PASSED] - openBrowser(""): Browser is opened with url: ''

2022-07-19 15:08:46 - [MESSAGE][INFO] - Starting 'Chrome' driver

2022-07-19 15:08:46 - [MESSAGE][INFO] - Action delay is set to 0 milliseconds

2022-07-19 15:08:47 - [MESSAGE][PASSED] - Browser is opened with url: ''

2022-07-19 15:08:47 - [TEST_STEP][PASSED] - navigateToUrl("https://lesechosdutouquet.nordlittoral.fr/147787/article/2022-06-30/concours-photo-montrez-nous-la-plus-belle-photo-de-votre-chien-en-promenade-sur#l5lb6r47qsmp9ur58y"): Navigate to 'https://lesechosdutouquet.nordlittoral.fr/147787/article/2022-06-30/concours-photo-montrez-nous-la-plus-belle-photo-de-votre-chien-en-promenade-sur#l5lb6r47qsmp9ur58y' successfully

2022-07-19 15:08:50 - [MESSAGE][PASSED] - Navigate to 'https://lesechosdutouquet.nordlittoral.fr/147787/article/2022-06-30/concours-photo-montrez-nous-la-plus-belle-photo-de-votre-chien-en-promenade-sur#l5lb6r47qsmp9ur58y' successfully

2022-07-19 15:08:50 - [TEST_STEP][PASSED] - setViewPortSize(1920, 1080): Viewport is set to new size with width = 1920 and height = 1080

2022-07-19 15:08:50 - [MESSAGE][PASSED] - Viewport is set to new size with width = 1920 and height = 1080

2022-07-19 15:08:50 - [TEST_STEP][PASSED] - click(findTestObject("Object Repository/Page_Concours photo  votez pour la plus bel_494087/button_Accepter  Fermer")): Object: 'Object Repository/Page_Concours photo  votez pour la plus bel_494087/button_Accepter  Fermer' is clicked on

2022-07-19 15:08:51 - [MESSAGE][PASSED] - Object: 'Object Repository/Page_Concours photo  votez pour la plus bel_494087/button_Accepter  Fermer' is clicked on

2022-07-19 15:08:51 - [TEST_STEP][PASSED] - waitForElementVisible(findTestObject("Object Repository/Page_Concours photo  votez pour la plus bel_494087/a_X"), 15): Object 'Object Repository/Page_Concours photo  votez pour la plus bel_494087/a_X' is visible

2022-07-19 15:08:57 - [MESSAGE][PASSED] - Object 'Object Repository/Page_Concours photo  votez pour la plus bel_494087/a_X' is visible

2022-07-19 15:08:57 - [TEST_STEP][PASSED] - click(findTestObject("Object Repository/Page_Concours photo  votez pour la plus bel_494087/a_X")): Object: 'Object Repository/Page_Concours photo  votez pour la plus bel_494087/a_X' is clicked on

2022-07-19 15:08:57 - [MESSAGE][PASSED] - Object: 'Object Repository/Page_Concours photo  votez pour la plus bel_494087/a_X' is clicked on

2022-07-19 15:08:57 - [TEST_STEP][PASSED] - delay(1): Delayed 1 second(s)

2022-07-19 15:08:58 - [MESSAGE][PASSED] - Delayed 1 second(s)

2022-07-19 15:08:58 - [TEST_STEP][PASSED] - click(findTestObject("Object Repository/Page_Concours photo  votez pour la plus bel_494087/input_concat(Votez pour le plus beau chien de la cte d, , Opale )_jouer")): Object: 'Object Repository/Page_Concours photo  votez pour la plus bel_494087/input_concat(Votez pour le plus beau chien de la cte d, , Opale )_jouer' is clicked on

2022-07-19 15:08:59 - [MESSAGE][PASSED] - Object: 'Object Repository/Page_Concours photo  votez pour la plus bel_494087/input_concat(Votez pour le plus beau chien de la cte d, , Opale )_jouer' is clicked on

2022-07-19 15:08:59 - [TEST_STEP][PASSED] - if (verifyElementPresent(findTestObject("Page_Concours photo  votez pour la plus bel_494087/input_concat(Votez pour le plus beau chien de la cte d, , Opale )_jouer"), 1, OPTIONAL)): null

2022-07-19 15:09:01 - [MESSAGE][PASSED] - Object 'Object Repository/Page_Concours photo  votez pour la plus bel_494087/input_concat(Votez pour le plus beau chien de la cte d, , Opale )_jouer' is present

2022-07-19 15:09:01 - [TEST_STEP][PASSED] - click(findTestObject("Object Repository/Page_Concours photo  votez pour la plus bel_494087/input_concat(Votez pour le plus beau chien de la cte d, , Opale )_jouer")): Object: 'Object Repository/Page_Concours photo  votez pour la plus bel_494087/input_concat(Votez pour le plus beau chien de la cte d, , Opale )_jouer' is clicked on

2022-07-19 15:09:01 - [MESSAGE][PASSED] - Object: 'Object Repository/Page_Concours photo  votez pour la plus bel_494087/input_concat(Votez pour le plus beau chien de la cte d, , Opale )_jouer' is clicked on

2022-07-19 15:09:01 - [TEST_STEP][PASSED] - delay(1): Delayed 1 second(s)

2022-07-19 15:09:02 - [MESSAGE][PASSED] - Delayed 1 second(s)

2022-07-19 15:09:02 - [TEST_STEP][PASSED] - setText(findTestObject("Object Repository/Page_Concours photo  votez pour la plus bel_494087/input_trie par_keyword"), "Gaspard"): Text 'Gaspard' is set on object 'Object Repository/Page_Concours photo  votez pour la plus bel_494087/input_trie par_keyword'

2022-07-19 15:09:03 - [MESSAGE][PASSED] - Text 'Gaspard' is set on object 'Object Repository/Page_Concours photo  votez pour la plus bel_494087/input_trie par_keyword'

2022-07-19 15:09:03 - [TEST_STEP][PASSED] - sendKeys(findTestObject("Page_Concours photo  votez pour la plus bel_494087/input_trie par_keyword"), Keys.chord(ENTER)): Keys 'ENTER + ' sent to object: 'Object Repository/Page_Concours photo  votez pour la plus bel_494087/input_trie par_keyword'

2022-07-19 15:09:04 - [MESSAGE][PASSED] - Keys 'ENTER + ' sent to object: 'Object Repository/Page_Concours photo  votez pour la plus bel_494087/input_trie par_keyword'

2022-07-19 15:09:04 - [TEST_STEP][PASSED] - click(findTestObject("Page_Concours photo  votez pour la plus bel_494087/tri")): Object: 'Object Repository/Page_Concours photo  votez pour la plus bel_494087/tri' is clicked on

2022-07-19 15:09:05 - [MESSAGE][PASSED] - Object: 'Object Repository/Page_Concours photo  votez pour la plus bel_494087/tri' is clicked on

2022-07-19 15:09:05 - [TEST_STEP][PASSED] - click(findTestObject("Page_Concours photo  votez pour la plus bel_494087/plus de votes")): Object: 'Object Repository/Page_Concours photo  votez pour la plus bel_494087/plus de votes' is clicked on

2022-07-19 15:09:06 - [MESSAGE][PASSED] - Object: 'Object Repository/Page_Concours photo  votez pour la plus bel_494087/plus de votes' is clicked on

2022-07-19 15:09:08 - [TEST_STEP][PASSED] - click(findTestObject("Object Repository/Page_Concours photo  votez pour la plus bel_494087/i_Votes_fa fa-heart")): Object: 'Object Repository/Page_Concours photo  votez pour la plus bel_494087/i_Votes_fa fa-heart' is clicked on

2022-07-19 15:09:09 - [MESSAGE][PASSED] - Object: 'Object Repository/Page_Concours photo  votez pour la plus bel_494087/i_Votes_fa fa-heart' is clicked on

2022-07-19 15:09:09 - [TEST_STEP][PASSED] - delay(1): Delayed 1 second(s)

2022-07-19 15:09:10 - [MESSAGE][PASSED] - Delayed 1 second(s)

2022-07-19 15:09:10 - [TEST_STEP][PASSED] - closeBrowser(): Browser is closed

2022-07-19 15:09:10 - [MESSAGE][PASSED] - Browser is closed]]></system-out>
         <system-err><![CDATA[]]></system-err>
      </testcase>
      <testcase name="Test Cases/Vote" time="26.563" classname="Test Cases/Vote" status="PASSED">
         <system-out><![CDATA[2022-07-19 15:09:10 - [TEST_CASE][PASSED] - Test Cases/Vote: Test Cases/Vote

2022-07-19 15:09:10 - [TEST_STEP][PASSED] - openBrowser(""): Browser is opened with url: ''

2022-07-19 15:09:10 - [MESSAGE][INFO] - Starting 'Chrome' driver

2022-07-19 15:09:10 - [MESSAGE][INFO] - Action delay is set to 0 milliseconds

2022-07-19 15:09:11 - [MESSAGE][PASSED] - Browser is opened with url: ''

2022-07-19 15:09:11 - [TEST_STEP][PASSED] - navigateToUrl("https://lesechosdutouquet.nordlittoral.fr/147787/article/2022-06-30/concours-photo-montrez-nous-la-plus-belle-photo-de-votre-chien-en-promenade-sur#l5lb6r47qsmp9ur58y"): Navigate to 'https://lesechosdutouquet.nordlittoral.fr/147787/article/2022-06-30/concours-photo-montrez-nous-la-plus-belle-photo-de-votre-chien-en-promenade-sur#l5lb6r47qsmp9ur58y' successfully

2022-07-19 15:09:14 - [MESSAGE][PASSED] - Navigate to 'https://lesechosdutouquet.nordlittoral.fr/147787/article/2022-06-30/concours-photo-montrez-nous-la-plus-belle-photo-de-votre-chien-en-promenade-sur#l5lb6r47qsmp9ur58y' successfully

2022-07-19 15:09:14 - [TEST_STEP][PASSED] - setViewPortSize(1920, 1080): Viewport is set to new size with width = 1920 and height = 1080

2022-07-19 15:09:14 - [MESSAGE][PASSED] - Viewport is set to new size with width = 1920 and height = 1080

2022-07-19 15:09:14 - [TEST_STEP][PASSED] - click(findTestObject("Object Repository/Page_Concours photo  votez pour la plus bel_494087/button_Accepter  Fermer")): Object: 'Object Repository/Page_Concours photo  votez pour la plus bel_494087/button_Accepter  Fermer' is clicked on

2022-07-19 15:09:15 - [MESSAGE][PASSED] - Object: 'Object Repository/Page_Concours photo  votez pour la plus bel_494087/button_Accepter  Fermer' is clicked on

2022-07-19 15:09:15 - [TEST_STEP][PASSED] - waitForElementVisible(findTestObject("Object Repository/Page_Concours photo  votez pour la plus bel_494087/a_X"), 15): Object 'Object Repository/Page_Concours photo  votez pour la plus bel_494087/a_X' is visible

2022-07-19 15:09:22 - [MESSAGE][PASSED] - Object 'Object Repository/Page_Concours photo  votez pour la plus bel_494087/a_X' is visible

2022-07-19 15:09:22 - [TEST_STEP][PASSED] - click(findTestObject("Object Repository/Page_Concours photo  votez pour la plus bel_494087/a_X")): Object: 'Object Repository/Page_Concours photo  votez pour la plus bel_494087/a_X' is clicked on

2022-07-19 15:09:22 - [MESSAGE][PASSED] - Object: 'Object Repository/Page_Concours photo  votez pour la plus bel_494087/a_X' is clicked on

2022-07-19 15:09:22 - [TEST_STEP][PASSED] - delay(1): Delayed 1 second(s)

2022-07-19 15:09:23 - [MESSAGE][PASSED] - Delayed 1 second(s)

2022-07-19 15:09:23 - [TEST_STEP][PASSED] - click(findTestObject("Object Repository/Page_Concours photo  votez pour la plus bel_494087/input_concat(Votez pour le plus beau chien de la cte d, , Opale )_jouer")): Object: 'Object Repository/Page_Concours photo  votez pour la plus bel_494087/input_concat(Votez pour le plus beau chien de la cte d, , Opale )_jouer' is clicked on

2022-07-19 15:09:24 - [MESSAGE][PASSED] - Object: 'Object Repository/Page_Concours photo  votez pour la plus bel_494087/input_concat(Votez pour le plus beau chien de la cte d, , Opale )_jouer' is clicked on

2022-07-19 15:09:24 - [TEST_STEP][PASSED] - if (verifyElementPresent(findTestObject("Page_Concours photo  votez pour la plus bel_494087/input_concat(Votez pour le plus beau chien de la cte d, , Opale )_jouer"), 1, OPTIONAL)): null

2022-07-19 15:09:27 - [MESSAGE][PASSED] - Object 'Object Repository/Page_Concours photo  votez pour la plus bel_494087/input_concat(Votez pour le plus beau chien de la cte d, , Opale )_jouer' is present

2022-07-19 15:09:27 - [TEST_STEP][PASSED] - click(findTestObject("Object Repository/Page_Concours photo  votez pour la plus bel_494087/input_concat(Votez pour le plus beau chien de la cte d, , Opale )_jouer")): Object: 'Object Repository/Page_Concours photo  votez pour la plus bel_494087/input_concat(Votez pour le plus beau chien de la cte d, , Opale )_jouer' is clicked on

2022-07-19 15:09:28 - [MESSAGE][PASSED] - Object: 'Object Repository/Page_Concours photo  votez pour la plus bel_494087/input_concat(Votez pour le plus beau chien de la cte d, , Opale )_jouer' is clicked on

2022-07-19 15:09:28 - [TEST_STEP][PASSED] - delay(1): Delayed 1 second(s)

2022-07-19 15:09:29 - [MESSAGE][PASSED] - Delayed 1 second(s)

2022-07-19 15:09:29 - [TEST_STEP][PASSED] - setText(findTestObject("Object Repository/Page_Concours photo  votez pour la plus bel_494087/input_trie par_keyword"), "Gaspard"): Text 'Gaspard' is set on object 'Object Repository/Page_Concours photo  votez pour la plus bel_494087/input_trie par_keyword'

2022-07-19 15:09:31 - [MESSAGE][PASSED] - Text 'Gaspard' is set on object 'Object Repository/Page_Concours photo  votez pour la plus bel_494087/input_trie par_keyword'

2022-07-19 15:09:31 - [TEST_STEP][PASSED] - sendKeys(findTestObject("Page_Concours photo  votez pour la plus bel_494087/input_trie par_keyword"), Keys.chord(ENTER)): Keys 'ENTER + ' sent to object: 'Object Repository/Page_Concours photo  votez pour la plus bel_494087/input_trie par_keyword'

2022-07-19 15:09:33 - [MESSAGE][PASSED] - Keys 'ENTER + ' sent to object: 'Object Repository/Page_Concours photo  votez pour la plus bel_494087/input_trie par_keyword'

2022-07-19 15:09:33 - [TEST_STEP][PASSED] - click(findTestObject("Page_Concours photo  votez pour la plus bel_494087/tri")): Object: 'Object Repository/Page_Concours photo  votez pour la plus bel_494087/tri' is clicked on

2022-07-19 15:09:33 - [MESSAGE][PASSED] - Object: 'Object Repository/Page_Concours photo  votez pour la plus bel_494087/tri' is clicked on

2022-07-19 15:09:33 - [TEST_STEP][PASSED] - click(findTestObject("Page_Concours photo  votez pour la plus bel_494087/plus de votes")): Object: 'Object Repository/Page_Concours photo  votez pour la plus bel_494087/plus de votes' is clicked on

2022-07-19 15:09:34 - [MESSAGE][PASSED] - Object: 'Object Repository/Page_Concours photo  votez pour la plus bel_494087/plus de votes' is clicked on

2022-07-19 15:09:35 - [TEST_STEP][PASSED] - click(findTestObject("Object Repository/Page_Concours photo  votez pour la plus bel_494087/i_Votes_fa fa-heart")): Object: 'Object Repository/Page_Concours photo  votez pour la plus bel_494087/i_Votes_fa fa-heart' is clicked on

2022-07-19 15:09:35 - [MESSAGE][PASSED] - Object: 'Object Repository/Page_Concours photo  votez pour la plus bel_494087/i_Votes_fa fa-heart' is clicked on

2022-07-19 15:09:35 - [TEST_STEP][PASSED] - delay(1): Delayed 1 second(s)

2022-07-19 15:09:36 - [MESSAGE][PASSED] - Delayed 1 second(s)

2022-07-19 15:09:36 - [TEST_STEP][PASSED] - closeBrowser(): Browser is closed

2022-07-19 15:09:37 - [MESSAGE][PASSED] - Browser is closed]]></system-out>
         <system-err><![CDATA[]]></system-err>
      </testcase>
      <testcase name="Test Cases/Vote" time="25.66" classname="Test Cases/Vote" status="PASSED">
         <system-out><![CDATA[2022-07-19 15:09:37 - [TEST_CASE][PASSED] - Test Cases/Vote: Test Cases/Vote

2022-07-19 15:09:37 - [TEST_STEP][PASSED] - openBrowser(""): Browser is opened with url: ''

2022-07-19 15:09:37 - [MESSAGE][INFO] - Starting 'Chrome' driver

2022-07-19 15:09:37 - [MESSAGE][INFO] - Action delay is set to 0 milliseconds

2022-07-19 15:09:38 - [MESSAGE][PASSED] - Browser is opened with url: ''

2022-07-19 15:09:38 - [TEST_STEP][PASSED] - navigateToUrl("https://lesechosdutouquet.nordlittoral.fr/147787/article/2022-06-30/concours-photo-montrez-nous-la-plus-belle-photo-de-votre-chien-en-promenade-sur#l5lb6r47qsmp9ur58y"): Navigate to 'https://lesechosdutouquet.nordlittoral.fr/147787/article/2022-06-30/concours-photo-montrez-nous-la-plus-belle-photo-de-votre-chien-en-promenade-sur#l5lb6r47qsmp9ur58y' successfully

2022-07-19 15:09:41 - [MESSAGE][PASSED] - Navigate to 'https://lesechosdutouquet.nordlittoral.fr/147787/article/2022-06-30/concours-photo-montrez-nous-la-plus-belle-photo-de-votre-chien-en-promenade-sur#l5lb6r47qsmp9ur58y' successfully

2022-07-19 15:09:41 - [TEST_STEP][PASSED] - setViewPortSize(1920, 1080): Viewport is set to new size with width = 1920 and height = 1080

2022-07-19 15:09:41 - [MESSAGE][PASSED] - Viewport is set to new size with width = 1920 and height = 1080

2022-07-19 15:09:41 - [TEST_STEP][PASSED] - click(findTestObject("Object Repository/Page_Concours photo  votez pour la plus bel_494087/button_Accepter  Fermer")): Object: 'Object Repository/Page_Concours photo  votez pour la plus bel_494087/button_Accepter  Fermer' is clicked on

2022-07-19 15:09:43 - [MESSAGE][PASSED] - Object: 'Object Repository/Page_Concours photo  votez pour la plus bel_494087/button_Accepter  Fermer' is clicked on

2022-07-19 15:09:43 - [TEST_STEP][PASSED] - waitForElementVisible(findTestObject("Object Repository/Page_Concours photo  votez pour la plus bel_494087/a_X"), 15): Object 'Object Repository/Page_Concours photo  votez pour la plus bel_494087/a_X' is visible

2022-07-19 15:09:50 - [MESSAGE][PASSED] - Object 'Object Repository/Page_Concours photo  votez pour la plus bel_494087/a_X' is visible

2022-07-19 15:09:50 - [TEST_STEP][PASSED] - click(findTestObject("Object Repository/Page_Concours photo  votez pour la plus bel_494087/a_X")): Object: 'Object Repository/Page_Concours photo  votez pour la plus bel_494087/a_X' is clicked on

2022-07-19 15:09:50 - [MESSAGE][PASSED] - Object: 'Object Repository/Page_Concours photo  votez pour la plus bel_494087/a_X' is clicked on

2022-07-19 15:09:50 - [TEST_STEP][PASSED] - delay(1): Delayed 1 second(s)

2022-07-19 15:09:51 - [MESSAGE][PASSED] - Delayed 1 second(s)

2022-07-19 15:09:51 - [TEST_STEP][PASSED] - click(findTestObject("Object Repository/Page_Concours photo  votez pour la plus bel_494087/input_concat(Votez pour le plus beau chien de la cte d, , Opale )_jouer")): Object: 'Object Repository/Page_Concours photo  votez pour la plus bel_494087/input_concat(Votez pour le plus beau chien de la cte d, , Opale )_jouer' is clicked on

2022-07-19 15:09:52 - [MESSAGE][PASSED] - Object: 'Object Repository/Page_Concours photo  votez pour la plus bel_494087/input_concat(Votez pour le plus beau chien de la cte d, , Opale )_jouer' is clicked on

2022-07-19 15:09:52 - [TEST_STEP][PASSED] - if (verifyElementPresent(findTestObject("Page_Concours photo  votez pour la plus bel_494087/input_concat(Votez pour le plus beau chien de la cte d, , Opale )_jouer"), 1, OPTIONAL)): null

2022-07-19 15:09:54 - [MESSAGE][PASSED] - Object 'Object Repository/Page_Concours photo  votez pour la plus bel_494087/input_concat(Votez pour le plus beau chien de la cte d, , Opale )_jouer' is present

2022-07-19 15:09:54 - [TEST_STEP][PASSED] - click(findTestObject("Object Repository/Page_Concours photo  votez pour la plus bel_494087/input_concat(Votez pour le plus beau chien de la cte d, , Opale )_jouer")): Object: 'Object Repository/Page_Concours photo  votez pour la plus bel_494087/input_concat(Votez pour le plus beau chien de la cte d, , Opale )_jouer' is clicked on

2022-07-19 15:09:54 - [MESSAGE][PASSED] - Object: 'Object Repository/Page_Concours photo  votez pour la plus bel_494087/input_concat(Votez pour le plus beau chien de la cte d, , Opale )_jouer' is clicked on

2022-07-19 15:09:54 - [TEST_STEP][PASSED] - delay(1): Delayed 1 second(s)

2022-07-19 15:09:55 - [MESSAGE][PASSED] - Delayed 1 second(s)

2022-07-19 15:09:55 - [TEST_STEP][PASSED] - setText(findTestObject("Object Repository/Page_Concours photo  votez pour la plus bel_494087/input_trie par_keyword"), "Gaspard"): Text 'Gaspard' is set on object 'Object Repository/Page_Concours photo  votez pour la plus bel_494087/input_trie par_keyword'

2022-07-19 15:09:57 - [MESSAGE][PASSED] - Text 'Gaspard' is set on object 'Object Repository/Page_Concours photo  votez pour la plus bel_494087/input_trie par_keyword'

2022-07-19 15:09:57 - [TEST_STEP][PASSED] - sendKeys(findTestObject("Page_Concours photo  votez pour la plus bel_494087/input_trie par_keyword"), Keys.chord(ENTER)): Keys 'ENTER + ' sent to object: 'Object Repository/Page_Concours photo  votez pour la plus bel_494087/input_trie par_keyword'

2022-07-19 15:09:58 - [MESSAGE][PASSED] - Keys 'ENTER + ' sent to object: 'Object Repository/Page_Concours photo  votez pour la plus bel_494087/input_trie par_keyword'

2022-07-19 15:09:58 - [TEST_STEP][PASSED] - click(findTestObject("Page_Concours photo  votez pour la plus bel_494087/tri")): Object: 'Object Repository/Page_Concours photo  votez pour la plus bel_494087/tri' is clicked on

2022-07-19 15:09:59 - [MESSAGE][PASSED] - Object: 'Object Repository/Page_Concours photo  votez pour la plus bel_494087/tri' is clicked on

2022-07-19 15:09:59 - [TEST_STEP][PASSED] - click(findTestObject("Page_Concours photo  votez pour la plus bel_494087/plus de votes")): Object: 'Object Repository/Page_Concours photo  votez pour la plus bel_494087/plus de votes' is clicked on

2022-07-19 15:09:59 - [MESSAGE][PASSED] - Object: 'Object Repository/Page_Concours photo  votez pour la plus bel_494087/plus de votes' is clicked on

2022-07-19 15:10:01 - [TEST_STEP][PASSED] - click(findTestObject("Object Repository/Page_Concours photo  votez pour la plus bel_494087/i_Votes_fa fa-heart")): Object: 'Object Repository/Page_Concours photo  votez pour la plus bel_494087/i_Votes_fa fa-heart' is clicked on

2022-07-19 15:10:01 - [MESSAGE][PASSED] - Object: 'Object Repository/Page_Concours photo  votez pour la plus bel_494087/i_Votes_fa fa-heart' is clicked on

2022-07-19 15:10:01 - [TEST_STEP][PASSED] - delay(1): Delayed 1 second(s)

2022-07-19 15:10:02 - [MESSAGE][PASSED] - Delayed 1 second(s)

2022-07-19 15:10:02 - [TEST_STEP][PASSED] - closeBrowser(): Browser is closed

2022-07-19 15:10:02 - [MESSAGE][PASSED] - Browser is closed]]></system-out>
         <system-err><![CDATA[]]></system-err>
      </testcase>
      <testcase name="Test Cases/Vote" time="28.632" classname="Test Cases/Vote" status="PASSED">
         <system-out><![CDATA[2022-07-19 15:10:02 - [TEST_CASE][PASSED] - Test Cases/Vote: Test Cases/Vote

2022-07-19 15:10:02 - [TEST_STEP][PASSED] - openBrowser(""): Browser is opened with url: ''

2022-07-19 15:10:02 - [MESSAGE][INFO] - Starting 'Chrome' driver

2022-07-19 15:10:02 - [MESSAGE][INFO] - Action delay is set to 0 milliseconds

2022-07-19 15:10:03 - [MESSAGE][PASSED] - Browser is opened with url: ''

2022-07-19 15:10:03 - [TEST_STEP][PASSED] - navigateToUrl("https://lesechosdutouquet.nordlittoral.fr/147787/article/2022-06-30/concours-photo-montrez-nous-la-plus-belle-photo-de-votre-chien-en-promenade-sur#l5lb6r47qsmp9ur58y"): Navigate to 'https://lesechosdutouquet.nordlittoral.fr/147787/article/2022-06-30/concours-photo-montrez-nous-la-plus-belle-photo-de-votre-chien-en-promenade-sur#l5lb6r47qsmp9ur58y' successfully

2022-07-19 15:10:10 - [MESSAGE][PASSED] - Navigate to 'https://lesechosdutouquet.nordlittoral.fr/147787/article/2022-06-30/concours-photo-montrez-nous-la-plus-belle-photo-de-votre-chien-en-promenade-sur#l5lb6r47qsmp9ur58y' successfully

2022-07-19 15:10:10 - [TEST_STEP][PASSED] - setViewPortSize(1920, 1080): Viewport is set to new size with width = 1920 and height = 1080

2022-07-19 15:10:10 - [MESSAGE][PASSED] - Viewport is set to new size with width = 1920 and height = 1080

2022-07-19 15:10:10 - [TEST_STEP][PASSED] - click(findTestObject("Object Repository/Page_Concours photo  votez pour la plus bel_494087/button_Accepter  Fermer")): Object: 'Object Repository/Page_Concours photo  votez pour la plus bel_494087/button_Accepter  Fermer' is clicked on

2022-07-19 15:10:11 - [MESSAGE][PASSED] - Object: 'Object Repository/Page_Concours photo  votez pour la plus bel_494087/button_Accepter  Fermer' is clicked on

2022-07-19 15:10:11 - [TEST_STEP][PASSED] - waitForElementVisible(findTestObject("Object Repository/Page_Concours photo  votez pour la plus bel_494087/a_X"), 15): Object 'Object Repository/Page_Concours photo  votez pour la plus bel_494087/a_X' is visible

2022-07-19 15:10:18 - [MESSAGE][PASSED] - Object 'Object Repository/Page_Concours photo  votez pour la plus bel_494087/a_X' is visible

2022-07-19 15:10:18 - [TEST_STEP][PASSED] - click(findTestObject("Object Repository/Page_Concours photo  votez pour la plus bel_494087/a_X")): Object: 'Object Repository/Page_Concours photo  votez pour la plus bel_494087/a_X' is clicked on

2022-07-19 15:10:19 - [MESSAGE][PASSED] - Object: 'Object Repository/Page_Concours photo  votez pour la plus bel_494087/a_X' is clicked on

2022-07-19 15:10:19 - [TEST_STEP][PASSED] - delay(1): Delayed 1 second(s)

2022-07-19 15:10:20 - [MESSAGE][PASSED] - Delayed 1 second(s)

2022-07-19 15:10:20 - [TEST_STEP][PASSED] - click(findTestObject("Object Repository/Page_Concours photo  votez pour la plus bel_494087/input_concat(Votez pour le plus beau chien de la cte d, , Opale )_jouer")): Object: 'Object Repository/Page_Concours photo  votez pour la plus bel_494087/input_concat(Votez pour le plus beau chien de la cte d, , Opale )_jouer' is clicked on

2022-07-19 15:10:20 - [MESSAGE][PASSED] - Object: 'Object Repository/Page_Concours photo  votez pour la plus bel_494087/input_concat(Votez pour le plus beau chien de la cte d, , Opale )_jouer' is clicked on

2022-07-19 15:10:21 - [TEST_STEP][PASSED] - if (verifyElementPresent(findTestObject("Page_Concours photo  votez pour la plus bel_494087/input_concat(Votez pour le plus beau chien de la cte d, , Opale )_jouer"), 1, OPTIONAL)): null

2022-07-19 15:10:22 - [MESSAGE][PASSED] - Object 'Object Repository/Page_Concours photo  votez pour la plus bel_494087/input_concat(Votez pour le plus beau chien de la cte d, , Opale )_jouer' is present

2022-07-19 15:10:22 - [TEST_STEP][PASSED] - click(findTestObject("Object Repository/Page_Concours photo  votez pour la plus bel_494087/input_concat(Votez pour le plus beau chien de la cte d, , Opale )_jouer")): Object: 'Object Repository/Page_Concours photo  votez pour la plus bel_494087/input_concat(Votez pour le plus beau chien de la cte d, , Opale )_jouer' is clicked on

2022-07-19 15:10:23 - [MESSAGE][PASSED] - Object: 'Object Repository/Page_Concours photo  votez pour la plus bel_494087/input_concat(Votez pour le plus beau chien de la cte d, , Opale )_jouer' is clicked on

2022-07-19 15:10:23 - [TEST_STEP][PASSED] - delay(1): Delayed 1 second(s)

2022-07-19 15:10:24 - [MESSAGE][PASSED] - Delayed 1 second(s)

2022-07-19 15:10:24 - [TEST_STEP][PASSED] - setText(findTestObject("Object Repository/Page_Concours photo  votez pour la plus bel_494087/input_trie par_keyword"), "Gaspard"): Text 'Gaspard' is set on object 'Object Repository/Page_Concours photo  votez pour la plus bel_494087/input_trie par_keyword'

2022-07-19 15:10:26 - [MESSAGE][PASSED] - Text 'Gaspard' is set on object 'Object Repository/Page_Concours photo  votez pour la plus bel_494087/input_trie par_keyword'

2022-07-19 15:10:26 - [TEST_STEP][PASSED] - sendKeys(findTestObject("Page_Concours photo  votez pour la plus bel_494087/input_trie par_keyword"), Keys.chord(ENTER)): Keys 'ENTER + ' sent to object: 'Object Repository/Page_Concours photo  votez pour la plus bel_494087/input_trie par_keyword'

2022-07-19 15:10:27 - [MESSAGE][PASSED] - Keys 'ENTER + ' sent to object: 'Object Repository/Page_Concours photo  votez pour la plus bel_494087/input_trie par_keyword'

2022-07-19 15:10:27 - [TEST_STEP][PASSED] - click(findTestObject("Page_Concours photo  votez pour la plus bel_494087/tri")): Object: 'Object Repository/Page_Concours photo  votez pour la plus bel_494087/tri' is clicked on

2022-07-19 15:10:27 - [MESSAGE][PASSED] - Object: 'Object Repository/Page_Concours photo  votez pour la plus bel_494087/tri' is clicked on

2022-07-19 15:10:27 - [TEST_STEP][PASSED] - click(findTestObject("Page_Concours photo  votez pour la plus bel_494087/plus de votes")): Object: 'Object Repository/Page_Concours photo  votez pour la plus bel_494087/plus de votes' is clicked on

2022-07-19 15:10:28 - [MESSAGE][PASSED] - Object: 'Object Repository/Page_Concours photo  votez pour la plus bel_494087/plus de votes' is clicked on

2022-07-19 15:10:29 - [TEST_STEP][PASSED] - click(findTestObject("Object Repository/Page_Concours photo  votez pour la plus bel_494087/i_Votes_fa fa-heart")): Object: 'Object Repository/Page_Concours photo  votez pour la plus bel_494087/i_Votes_fa fa-heart' is clicked on

2022-07-19 15:10:30 - [MESSAGE][PASSED] - Object: 'Object Repository/Page_Concours photo  votez pour la plus bel_494087/i_Votes_fa fa-heart' is clicked on

2022-07-19 15:10:30 - [TEST_STEP][PASSED] - delay(1): Delayed 1 second(s)

2022-07-19 15:10:31 - [MESSAGE][PASSED] - Delayed 1 second(s)

2022-07-19 15:10:31 - [TEST_STEP][PASSED] - closeBrowser(): Browser is closed

2022-07-19 15:10:31 - [MESSAGE][PASSED] - Browser is closed]]></system-out>
         <system-err><![CDATA[]]></system-err>
      </testcase>
      <testcase name="Test Cases/Vote" time="26.0" classname="Test Cases/Vote" status="PASSED">
         <system-out><![CDATA[2022-07-19 15:10:31 - [TEST_CASE][PASSED] - Test Cases/Vote: Test Cases/Vote

2022-07-19 15:10:31 - [TEST_STEP][PASSED] - openBrowser(""): Browser is opened with url: ''

2022-07-19 15:10:31 - [MESSAGE][INFO] - Starting 'Chrome' driver

2022-07-19 15:10:31 - [MESSAGE][INFO] - Action delay is set to 0 milliseconds

2022-07-19 15:10:32 - [MESSAGE][PASSED] - Browser is opened with url: ''

2022-07-19 15:10:32 - [TEST_STEP][PASSED] - navigateToUrl("https://lesechosdutouquet.nordlittoral.fr/147787/article/2022-06-30/concours-photo-montrez-nous-la-plus-belle-photo-de-votre-chien-en-promenade-sur#l5lb6r47qsmp9ur58y"): Navigate to 'https://lesechosdutouquet.nordlittoral.fr/147787/article/2022-06-30/concours-photo-montrez-nous-la-plus-belle-photo-de-votre-chien-en-promenade-sur#l5lb6r47qsmp9ur58y' successfully

2022-07-19 15:10:35 - [MESSAGE][PASSED] - Navigate to 'https://lesechosdutouquet.nordlittoral.fr/147787/article/2022-06-30/concours-photo-montrez-nous-la-plus-belle-photo-de-votre-chien-en-promenade-sur#l5lb6r47qsmp9ur58y' successfully

2022-07-19 15:10:35 - [TEST_STEP][PASSED] - setViewPortSize(1920, 1080): Viewport is set to new size with width = 1920 and height = 1080

2022-07-19 15:10:36 - [MESSAGE][PASSED] - Viewport is set to new size with width = 1920 and height = 1080

2022-07-19 15:10:36 - [TEST_STEP][PASSED] - click(findTestObject("Object Repository/Page_Concours photo  votez pour la plus bel_494087/button_Accepter  Fermer")): Object: 'Object Repository/Page_Concours photo  votez pour la plus bel_494087/button_Accepter  Fermer' is clicked on

2022-07-19 15:10:37 - [MESSAGE][PASSED] - Object: 'Object Repository/Page_Concours photo  votez pour la plus bel_494087/button_Accepter  Fermer' is clicked on

2022-07-19 15:10:37 - [TEST_STEP][PASSED] - waitForElementVisible(findTestObject("Object Repository/Page_Concours photo  votez pour la plus bel_494087/a_X"), 15): Object 'Object Repository/Page_Concours photo  votez pour la plus bel_494087/a_X' is visible

2022-07-19 15:10:44 - [MESSAGE][PASSED] - Object 'Object Repository/Page_Concours photo  votez pour la plus bel_494087/a_X' is visible

2022-07-19 15:10:44 - [TEST_STEP][PASSED] - click(findTestObject("Object Repository/Page_Concours photo  votez pour la plus bel_494087/a_X")): Object: 'Object Repository/Page_Concours photo  votez pour la plus bel_494087/a_X' is clicked on

2022-07-19 15:10:44 - [MESSAGE][PASSED] - Object: 'Object Repository/Page_Concours photo  votez pour la plus bel_494087/a_X' is clicked on

2022-07-19 15:10:44 - [TEST_STEP][PASSED] - delay(1): Delayed 1 second(s)

2022-07-19 15:10:45 - [MESSAGE][PASSED] - Delayed 1 second(s)

2022-07-19 15:10:45 - [TEST_STEP][PASSED] - click(findTestObject("Object Repository/Page_Concours photo  votez pour la plus bel_494087/input_concat(Votez pour le plus beau chien de la cte d, , Opale )_jouer")): Object: 'Object Repository/Page_Concours photo  votez pour la plus bel_494087/input_concat(Votez pour le plus beau chien de la cte d, , Opale )_jouer' is clicked on

2022-07-19 15:10:46 - [MESSAGE][PASSED] - Object: 'Object Repository/Page_Concours photo  votez pour la plus bel_494087/input_concat(Votez pour le plus beau chien de la cte d, , Opale )_jouer' is clicked on

2022-07-19 15:10:46 - [TEST_STEP][PASSED] - if (verifyElementPresent(findTestObject("Page_Concours photo  votez pour la plus bel_494087/input_concat(Votez pour le plus beau chien de la cte d, , Opale )_jouer"), 1, OPTIONAL)): null

2022-07-19 15:10:47 - [MESSAGE][PASSED] - Object 'Object Repository/Page_Concours photo  votez pour la plus bel_494087/input_concat(Votez pour le plus beau chien de la cte d, , Opale )_jouer' is present

2022-07-19 15:10:47 - [TEST_STEP][PASSED] - click(findTestObject("Object Repository/Page_Concours photo  votez pour la plus bel_494087/input_concat(Votez pour le plus beau chien de la cte d, , Opale )_jouer")): Object: 'Object Repository/Page_Concours photo  votez pour la plus bel_494087/input_concat(Votez pour le plus beau chien de la cte d, , Opale )_jouer' is clicked on

2022-07-19 15:10:48 - [MESSAGE][PASSED] - Object: 'Object Repository/Page_Concours photo  votez pour la plus bel_494087/input_concat(Votez pour le plus beau chien de la cte d, , Opale )_jouer' is clicked on

2022-07-19 15:10:48 - [TEST_STEP][PASSED] - delay(1): Delayed 1 second(s)

2022-07-19 15:10:49 - [MESSAGE][PASSED] - Delayed 1 second(s)

2022-07-19 15:10:49 - [TEST_STEP][PASSED] - setText(findTestObject("Object Repository/Page_Concours photo  votez pour la plus bel_494087/input_trie par_keyword"), "Gaspard"): Text 'Gaspard' is set on object 'Object Repository/Page_Concours photo  votez pour la plus bel_494087/input_trie par_keyword'

2022-07-19 15:10:51 - [MESSAGE][PASSED] - Text 'Gaspard' is set on object 'Object Repository/Page_Concours photo  votez pour la plus bel_494087/input_trie par_keyword'

2022-07-19 15:10:51 - [TEST_STEP][PASSED] - sendKeys(findTestObject("Page_Concours photo  votez pour la plus bel_494087/input_trie par_keyword"), Keys.chord(ENTER)): Keys 'ENTER + ' sent to object: 'Object Repository/Page_Concours photo  votez pour la plus bel_494087/input_trie par_keyword'

2022-07-19 15:10:52 - [MESSAGE][PASSED] - Keys 'ENTER + ' sent to object: 'Object Repository/Page_Concours photo  votez pour la plus bel_494087/input_trie par_keyword'

2022-07-19 15:10:52 - [TEST_STEP][PASSED] - click(findTestObject("Page_Concours photo  votez pour la plus bel_494087/tri")): Object: 'Object Repository/Page_Concours photo  votez pour la plus bel_494087/tri' is clicked on

2022-07-19 15:10:53 - [MESSAGE][PASSED] - Object: 'Object Repository/Page_Concours photo  votez pour la plus bel_494087/tri' is clicked on

2022-07-19 15:10:53 - [TEST_STEP][PASSED] - click(findTestObject("Page_Concours photo  votez pour la plus bel_494087/plus de votes")): Object: 'Object Repository/Page_Concours photo  votez pour la plus bel_494087/plus de votes' is clicked on

2022-07-19 15:10:53 - [MESSAGE][PASSED] - Object: 'Object Repository/Page_Concours photo  votez pour la plus bel_494087/plus de votes' is clicked on

2022-07-19 15:10:55 - [TEST_STEP][PASSED] - click(findTestObject("Object Repository/Page_Concours photo  votez pour la plus bel_494087/i_Votes_fa fa-heart")): Object: 'Object Repository/Page_Concours photo  votez pour la plus bel_494087/i_Votes_fa fa-heart' is clicked on

2022-07-19 15:10:56 - [MESSAGE][PASSED] - Object: 'Object Repository/Page_Concours photo  votez pour la plus bel_494087/i_Votes_fa fa-heart' is clicked on

2022-07-19 15:10:56 - [TEST_STEP][PASSED] - delay(1): Delayed 1 second(s)

2022-07-19 15:10:57 - [MESSAGE][PASSED] - Delayed 1 second(s)

2022-07-19 15:10:57 - [TEST_STEP][PASSED] - closeBrowser(): Browser is closed

2022-07-19 15:10:57 - [MESSAGE][PASSED] - Browser is closed]]></system-out>
         <system-err><![CDATA[]]></system-err>
      </testcase>
      <testcase name="Test Cases/Vote" time="23.873" classname="Test Cases/Vote" status="PASSED">
         <system-out><![CDATA[2022-07-19 15:10:57 - [TEST_CASE][PASSED] - Test Cases/Vote: Test Cases/Vote

2022-07-19 15:10:57 - [TEST_STEP][PASSED] - openBrowser(""): Browser is opened with url: ''

2022-07-19 15:10:57 - [MESSAGE][INFO] - Starting 'Chrome' driver

2022-07-19 15:10:57 - [MESSAGE][INFO] - Action delay is set to 0 milliseconds

2022-07-19 15:10:58 - [MESSAGE][PASSED] - Browser is opened with url: ''

2022-07-19 15:10:58 - [TEST_STEP][PASSED] - navigateToUrl("https://lesechosdutouquet.nordlittoral.fr/147787/article/2022-06-30/concours-photo-montrez-nous-la-plus-belle-photo-de-votre-chien-en-promenade-sur#l5lb6r47qsmp9ur58y"): Navigate to 'https://lesechosdutouquet.nordlittoral.fr/147787/article/2022-06-30/concours-photo-montrez-nous-la-plus-belle-photo-de-votre-chien-en-promenade-sur#l5lb6r47qsmp9ur58y' successfully

2022-07-19 15:11:01 - [MESSAGE][PASSED] - Navigate to 'https://lesechosdutouquet.nordlittoral.fr/147787/article/2022-06-30/concours-photo-montrez-nous-la-plus-belle-photo-de-votre-chien-en-promenade-sur#l5lb6r47qsmp9ur58y' successfully

2022-07-19 15:11:01 - [TEST_STEP][PASSED] - setViewPortSize(1920, 1080): Viewport is set to new size with width = 1920 and height = 1080

2022-07-19 15:11:01 - [MESSAGE][PASSED] - Viewport is set to new size with width = 1920 and height = 1080

2022-07-19 15:11:01 - [TEST_STEP][PASSED] - click(findTestObject("Object Repository/Page_Concours photo  votez pour la plus bel_494087/button_Accepter  Fermer")): Object: 'Object Repository/Page_Concours photo  votez pour la plus bel_494087/button_Accepter  Fermer' is clicked on

2022-07-19 15:11:02 - [MESSAGE][PASSED] - Object: 'Object Repository/Page_Concours photo  votez pour la plus bel_494087/button_Accepter  Fermer' is clicked on

2022-07-19 15:11:02 - [TEST_STEP][PASSED] - waitForElementVisible(findTestObject("Object Repository/Page_Concours photo  votez pour la plus bel_494087/a_X"), 15): Object 'Object Repository/Page_Concours photo  votez pour la plus bel_494087/a_X' is visible

2022-07-19 15:11:09 - [MESSAGE][PASSED] - Object 'Object Repository/Page_Concours photo  votez pour la plus bel_494087/a_X' is visible

2022-07-19 15:11:09 - [TEST_STEP][PASSED] - click(findTestObject("Object Repository/Page_Concours photo  votez pour la plus bel_494087/a_X")): Object: 'Object Repository/Page_Concours photo  votez pour la plus bel_494087/a_X' is clicked on

2022-07-19 15:11:09 - [MESSAGE][PASSED] - Object: 'Object Repository/Page_Concours photo  votez pour la plus bel_494087/a_X' is clicked on

2022-07-19 15:11:09 - [TEST_STEP][PASSED] - delay(1): Delayed 1 second(s)

2022-07-19 15:11:10 - [MESSAGE][PASSED] - Delayed 1 second(s)

2022-07-19 15:11:10 - [TEST_STEP][PASSED] - click(findTestObject("Object Repository/Page_Concours photo  votez pour la plus bel_494087/input_concat(Votez pour le plus beau chien de la cte d, , Opale )_jouer")): Object: 'Object Repository/Page_Concours photo  votez pour la plus bel_494087/input_concat(Votez pour le plus beau chien de la cte d, , Opale )_jouer' is clicked on

2022-07-19 15:11:11 - [MESSAGE][PASSED] - Object: 'Object Repository/Page_Concours photo  votez pour la plus bel_494087/input_concat(Votez pour le plus beau chien de la cte d, , Opale )_jouer' is clicked on

2022-07-19 15:11:12 - [TEST_STEP][PASSED] - if (verifyElementPresent(findTestObject("Page_Concours photo  votez pour la plus bel_494087/input_concat(Votez pour le plus beau chien de la cte d, , Opale )_jouer"), 1, OPTIONAL)): null

2022-07-19 15:11:12 - [MESSAGE][PASSED] - Object 'Object Repository/Page_Concours photo  votez pour la plus bel_494087/input_concat(Votez pour le plus beau chien de la cte d, , Opale )_jouer' is present

2022-07-19 15:11:12 - [TEST_STEP][PASSED] - click(findTestObject("Object Repository/Page_Concours photo  votez pour la plus bel_494087/input_concat(Votez pour le plus beau chien de la cte d, , Opale )_jouer")): Object: 'Object Repository/Page_Concours photo  votez pour la plus bel_494087/input_concat(Votez pour le plus beau chien de la cte d, , Opale )_jouer' is clicked on

2022-07-19 15:11:13 - [MESSAGE][PASSED] - Object: 'Object Repository/Page_Concours photo  votez pour la plus bel_494087/input_concat(Votez pour le plus beau chien de la cte d, , Opale )_jouer' is clicked on

2022-07-19 15:11:13 - [TEST_STEP][PASSED] - delay(1): Delayed 1 second(s)

2022-07-19 15:11:14 - [MESSAGE][PASSED] - Delayed 1 second(s)

2022-07-19 15:11:14 - [TEST_STEP][PASSED] - setText(findTestObject("Object Repository/Page_Concours photo  votez pour la plus bel_494087/input_trie par_keyword"), "Gaspard"): Text 'Gaspard' is set on object 'Object Repository/Page_Concours photo  votez pour la plus bel_494087/input_trie par_keyword'

2022-07-19 15:11:15 - [MESSAGE][PASSED] - Text 'Gaspard' is set on object 'Object Repository/Page_Concours photo  votez pour la plus bel_494087/input_trie par_keyword'

2022-07-19 15:11:15 - [TEST_STEP][PASSED] - sendKeys(findTestObject("Page_Concours photo  votez pour la plus bel_494087/input_trie par_keyword"), Keys.chord(ENTER)): Keys 'ENTER + ' sent to object: 'Object Repository/Page_Concours photo  votez pour la plus bel_494087/input_trie par_keyword'

2022-07-19 15:11:17 - [MESSAGE][PASSED] - Keys 'ENTER + ' sent to object: 'Object Repository/Page_Concours photo  votez pour la plus bel_494087/input_trie par_keyword'

2022-07-19 15:11:17 - [TEST_STEP][PASSED] - click(findTestObject("Page_Concours photo  votez pour la plus bel_494087/tri")): Object: 'Object Repository/Page_Concours photo  votez pour la plus bel_494087/tri' is clicked on

2022-07-19 15:11:17 - [MESSAGE][PASSED] - Object: 'Object Repository/Page_Concours photo  votez pour la plus bel_494087/tri' is clicked on

2022-07-19 15:11:17 - [TEST_STEP][PASSED] - click(findTestObject("Page_Concours photo  votez pour la plus bel_494087/plus de votes")): Object: 'Object Repository/Page_Concours photo  votez pour la plus bel_494087/plus de votes' is clicked on

2022-07-19 15:11:18 - [MESSAGE][PASSED] - Object: 'Object Repository/Page_Concours photo  votez pour la plus bel_494087/plus de votes' is clicked on

2022-07-19 15:11:19 - [TEST_STEP][PASSED] - click(findTestObject("Object Repository/Page_Concours photo  votez pour la plus bel_494087/i_Votes_fa fa-heart")): Object: 'Object Repository/Page_Concours photo  votez pour la plus bel_494087/i_Votes_fa fa-heart' is clicked on

2022-07-19 15:11:20 - [MESSAGE][PASSED] - Object: 'Object Repository/Page_Concours photo  votez pour la plus bel_494087/i_Votes_fa fa-heart' is clicked on

2022-07-19 15:11:20 - [TEST_STEP][PASSED] - delay(1): Delayed 1 second(s)

2022-07-19 15:11:21 - [MESSAGE][PASSED] - Delayed 1 second(s)

2022-07-19 15:11:21 - [TEST_STEP][PASSED] - closeBrowser(): Browser is closed

2022-07-19 15:11:21 - [MESSAGE][PASSED] - Browser is closed]]></system-out>
         <system-err><![CDATA[]]></system-err>
      </testcase>
      <testcase name="Test Cases/Vote" time="24.007" classname="Test Cases/Vote" status="PASSED">
         <system-out><![CDATA[2022-07-19 15:11:21 - [TEST_CASE][PASSED] - Test Cases/Vote: Test Cases/Vote

2022-07-19 15:11:21 - [TEST_STEP][PASSED] - openBrowser(""): Browser is opened with url: ''

2022-07-19 15:11:21 - [MESSAGE][INFO] - Starting 'Chrome' driver

2022-07-19 15:11:21 - [MESSAGE][INFO] - Action delay is set to 0 milliseconds

2022-07-19 15:11:22 - [MESSAGE][PASSED] - Browser is opened with url: ''

2022-07-19 15:11:22 - [TEST_STEP][PASSED] - navigateToUrl("https://lesechosdutouquet.nordlittoral.fr/147787/article/2022-06-30/concours-photo-montrez-nous-la-plus-belle-photo-de-votre-chien-en-promenade-sur#l5lb6r47qsmp9ur58y"): Navigate to 'https://lesechosdutouquet.nordlittoral.fr/147787/article/2022-06-30/concours-photo-montrez-nous-la-plus-belle-photo-de-votre-chien-en-promenade-sur#l5lb6r47qsmp9ur58y' successfully

2022-07-19 15:11:25 - [MESSAGE][PASSED] - Navigate to 'https://lesechosdutouquet.nordlittoral.fr/147787/article/2022-06-30/concours-photo-montrez-nous-la-plus-belle-photo-de-votre-chien-en-promenade-sur#l5lb6r47qsmp9ur58y' successfully

2022-07-19 15:11:25 - [TEST_STEP][PASSED] - setViewPortSize(1920, 1080): Viewport is set to new size with width = 1920 and height = 1080

2022-07-19 15:11:25 - [MESSAGE][PASSED] - Viewport is set to new size with width = 1920 and height = 1080

2022-07-19 15:11:25 - [TEST_STEP][PASSED] - click(findTestObject("Object Repository/Page_Concours photo  votez pour la plus bel_494087/button_Accepter  Fermer")): Object: 'Object Repository/Page_Concours photo  votez pour la plus bel_494087/button_Accepter  Fermer' is clicked on

2022-07-19 15:11:26 - [MESSAGE][PASSED] - Object: 'Object Repository/Page_Concours photo  votez pour la plus bel_494087/button_Accepter  Fermer' is clicked on

2022-07-19 15:11:26 - [TEST_STEP][PASSED] - waitForElementVisible(findTestObject("Object Repository/Page_Concours photo  votez pour la plus bel_494087/a_X"), 15): Object 'Object Repository/Page_Concours photo  votez pour la plus bel_494087/a_X' is visible

2022-07-19 15:11:33 - [MESSAGE][PASSED] - Object 'Object Repository/Page_Concours photo  votez pour la plus bel_494087/a_X' is visible

2022-07-19 15:11:33 - [TEST_STEP][PASSED] - click(findTestObject("Object Repository/Page_Concours photo  votez pour la plus bel_494087/a_X")): Object: 'Object Repository/Page_Concours photo  votez pour la plus bel_494087/a_X' is clicked on

2022-07-19 15:11:33 - [MESSAGE][PASSED] - Object: 'Object Repository/Page_Concours photo  votez pour la plus bel_494087/a_X' is clicked on

2022-07-19 15:11:33 - [TEST_STEP][PASSED] - delay(1): Delayed 1 second(s)

2022-07-19 15:11:34 - [MESSAGE][PASSED] - Delayed 1 second(s)

2022-07-19 15:11:34 - [TEST_STEP][PASSED] - click(findTestObject("Object Repository/Page_Concours photo  votez pour la plus bel_494087/input_concat(Votez pour le plus beau chien de la cte d, , Opale )_jouer")): Object: 'Object Repository/Page_Concours photo  votez pour la plus bel_494087/input_concat(Votez pour le plus beau chien de la cte d, , Opale )_jouer' is clicked on

2022-07-19 15:11:35 - [MESSAGE][PASSED] - Object: 'Object Repository/Page_Concours photo  votez pour la plus bel_494087/input_concat(Votez pour le plus beau chien de la cte d, , Opale )_jouer' is clicked on

2022-07-19 15:11:35 - [TEST_STEP][PASSED] - if (verifyElementPresent(findTestObject("Page_Concours photo  votez pour la plus bel_494087/input_concat(Votez pour le plus beau chien de la cte d, , Opale )_jouer"), 1, OPTIONAL)): null

2022-07-19 15:11:36 - [MESSAGE][PASSED] - Object 'Object Repository/Page_Concours photo  votez pour la plus bel_494087/input_concat(Votez pour le plus beau chien de la cte d, , Opale )_jouer' is present

2022-07-19 15:11:36 - [TEST_STEP][PASSED] - click(findTestObject("Object Repository/Page_Concours photo  votez pour la plus bel_494087/input_concat(Votez pour le plus beau chien de la cte d, , Opale )_jouer")): Object: 'Object Repository/Page_Concours photo  votez pour la plus bel_494087/input_concat(Votez pour le plus beau chien de la cte d, , Opale )_jouer' is clicked on

2022-07-19 15:11:37 - [MESSAGE][PASSED] - Object: 'Object Repository/Page_Concours photo  votez pour la plus bel_494087/input_concat(Votez pour le plus beau chien de la cte d, , Opale )_jouer' is clicked on

2022-07-19 15:11:37 - [TEST_STEP][PASSED] - delay(1): Delayed 1 second(s)

2022-07-19 15:11:38 - [MESSAGE][PASSED] - Delayed 1 second(s)

2022-07-19 15:11:38 - [TEST_STEP][PASSED] - setText(findTestObject("Object Repository/Page_Concours photo  votez pour la plus bel_494087/input_trie par_keyword"), "Gaspard"): Text 'Gaspard' is set on object 'Object Repository/Page_Concours photo  votez pour la plus bel_494087/input_trie par_keyword'

2022-07-19 15:11:39 - [MESSAGE][PASSED] - Text 'Gaspard' is set on object 'Object Repository/Page_Concours photo  votez pour la plus bel_494087/input_trie par_keyword'

2022-07-19 15:11:39 - [TEST_STEP][PASSED] - sendKeys(findTestObject("Page_Concours photo  votez pour la plus bel_494087/input_trie par_keyword"), Keys.chord(ENTER)): Keys 'ENTER + ' sent to object: 'Object Repository/Page_Concours photo  votez pour la plus bel_494087/input_trie par_keyword'

2022-07-19 15:11:41 - [MESSAGE][PASSED] - Keys 'ENTER + ' sent to object: 'Object Repository/Page_Concours photo  votez pour la plus bel_494087/input_trie par_keyword'

2022-07-19 15:11:41 - [TEST_STEP][PASSED] - click(findTestObject("Page_Concours photo  votez pour la plus bel_494087/tri")): Object: 'Object Repository/Page_Concours photo  votez pour la plus bel_494087/tri' is clicked on

2022-07-19 15:11:41 - [MESSAGE][PASSED] - Object: 'Object Repository/Page_Concours photo  votez pour la plus bel_494087/tri' is clicked on

2022-07-19 15:11:41 - [TEST_STEP][PASSED] - click(findTestObject("Page_Concours photo  votez pour la plus bel_494087/plus de votes")): Object: 'Object Repository/Page_Concours photo  votez pour la plus bel_494087/plus de votes' is clicked on

2022-07-19 15:11:42 - [MESSAGE][PASSED] - Object: 'Object Repository/Page_Concours photo  votez pour la plus bel_494087/plus de votes' is clicked on

2022-07-19 15:11:43 - [TEST_STEP][PASSED] - click(findTestObject("Object Repository/Page_Concours photo  votez pour la plus bel_494087/i_Votes_fa fa-heart")): Object: 'Object Repository/Page_Concours photo  votez pour la plus bel_494087/i_Votes_fa fa-heart' is clicked on

2022-07-19 15:11:44 - [MESSAGE][PASSED] - Object: 'Object Repository/Page_Concours photo  votez pour la plus bel_494087/i_Votes_fa fa-heart' is clicked on

2022-07-19 15:11:44 - [TEST_STEP][PASSED] - delay(1): Delayed 1 second(s)

2022-07-19 15:11:45 - [MESSAGE][PASSED] - Delayed 1 second(s)

2022-07-19 15:11:45 - [TEST_STEP][PASSED] - closeBrowser(): Browser is closed

2022-07-19 15:11:45 - [MESSAGE][PASSED] - Browser is closed]]></system-out>
         <system-err><![CDATA[]]></system-err>
      </testcase>
      <testcase name="Test Cases/Vote" time="24.036" classname="Test Cases/Vote" status="PASSED">
         <system-out><![CDATA[2022-07-19 15:11:45 - [TEST_CASE][PASSED] - Test Cases/Vote: Test Cases/Vote

2022-07-19 15:11:45 - [TEST_STEP][PASSED] - openBrowser(""): Browser is opened with url: ''

2022-07-19 15:11:45 - [MESSAGE][INFO] - Starting 'Chrome' driver

2022-07-19 15:11:45 - [MESSAGE][INFO] - Action delay is set to 0 milliseconds

2022-07-19 15:11:46 - [MESSAGE][PASSED] - Browser is opened with url: ''

2022-07-19 15:11:46 - [TEST_STEP][PASSED] - navigateToUrl("https://lesechosdutouquet.nordlittoral.fr/147787/article/2022-06-30/concours-photo-montrez-nous-la-plus-belle-photo-de-votre-chien-en-promenade-sur#l5lb6r47qsmp9ur58y"): Navigate to 'https://lesechosdutouquet.nordlittoral.fr/147787/article/2022-06-30/concours-photo-montrez-nous-la-plus-belle-photo-de-votre-chien-en-promenade-sur#l5lb6r47qsmp9ur58y' successfully

2022-07-19 15:11:49 - [MESSAGE][PASSED] - Navigate to 'https://lesechosdutouquet.nordlittoral.fr/147787/article/2022-06-30/concours-photo-montrez-nous-la-plus-belle-photo-de-votre-chien-en-promenade-sur#l5lb6r47qsmp9ur58y' successfully

2022-07-19 15:11:49 - [TEST_STEP][PASSED] - setViewPortSize(1920, 1080): Viewport is set to new size with width = 1920 and height = 1080

2022-07-19 15:11:49 - [MESSAGE][PASSED] - Viewport is set to new size with width = 1920 and height = 1080

2022-07-19 15:11:49 - [TEST_STEP][PASSED] - click(findTestObject("Object Repository/Page_Concours photo  votez pour la plus bel_494087/button_Accepter  Fermer")): Object: 'Object Repository/Page_Concours photo  votez pour la plus bel_494087/button_Accepter  Fermer' is clicked on

2022-07-19 15:11:50 - [MESSAGE][PASSED] - Object: 'Object Repository/Page_Concours photo  votez pour la plus bel_494087/button_Accepter  Fermer' is clicked on

2022-07-19 15:11:50 - [TEST_STEP][PASSED] - waitForElementVisible(findTestObject("Object Repository/Page_Concours photo  votez pour la plus bel_494087/a_X"), 15): Object 'Object Repository/Page_Concours photo  votez pour la plus bel_494087/a_X' is visible

2022-07-19 15:11:57 - [MESSAGE][PASSED] - Object 'Object Repository/Page_Concours photo  votez pour la plus bel_494087/a_X' is visible

2022-07-19 15:11:57 - [TEST_STEP][PASSED] - click(findTestObject("Object Repository/Page_Concours photo  votez pour la plus bel_494087/a_X")): Object: 'Object Repository/Page_Concours photo  votez pour la plus bel_494087/a_X' is clicked on

2022-07-19 15:11:57 - [MESSAGE][PASSED] - Object: 'Object Repository/Page_Concours photo  votez pour la plus bel_494087/a_X' is clicked on

2022-07-19 15:11:57 - [TEST_STEP][PASSED] - delay(1): Delayed 1 second(s)

2022-07-19 15:11:58 - [MESSAGE][PASSED] - Delayed 1 second(s)

2022-07-19 15:11:58 - [TEST_STEP][PASSED] - click(findTestObject("Object Repository/Page_Concours photo  votez pour la plus bel_494087/input_concat(Votez pour le plus beau chien de la cte d, , Opale )_jouer")): Object: 'Object Repository/Page_Concours photo  votez pour la plus bel_494087/input_concat(Votez pour le plus beau chien de la cte d, , Opale )_jouer' is clicked on

2022-07-19 15:11:59 - [MESSAGE][PASSED] - Object: 'Object Repository/Page_Concours photo  votez pour la plus bel_494087/input_concat(Votez pour le plus beau chien de la cte d, , Opale )_jouer' is clicked on

2022-07-19 15:11:59 - [TEST_STEP][PASSED] - if (verifyElementPresent(findTestObject("Page_Concours photo  votez pour la plus bel_494087/input_concat(Votez pour le plus beau chien de la cte d, , Opale )_jouer"), 1, OPTIONAL)): null

2022-07-19 15:12:01 - [MESSAGE][PASSED] - Object 'Object Repository/Page_Concours photo  votez pour la plus bel_494087/input_concat(Votez pour le plus beau chien de la cte d, , Opale )_jouer' is present

2022-07-19 15:12:01 - [TEST_STEP][PASSED] - click(findTestObject("Object Repository/Page_Concours photo  votez pour la plus bel_494087/input_concat(Votez pour le plus beau chien de la cte d, , Opale )_jouer")): Object: 'Object Repository/Page_Concours photo  votez pour la plus bel_494087/input_concat(Votez pour le plus beau chien de la cte d, , Opale )_jouer' is clicked on

2022-07-19 15:12:01 - [MESSAGE][PASSED] - Object: 'Object Repository/Page_Concours photo  votez pour la plus bel_494087/input_concat(Votez pour le plus beau chien de la cte d, , Opale )_jouer' is clicked on

2022-07-19 15:12:01 - [TEST_STEP][PASSED] - delay(1): Delayed 1 second(s)

2022-07-19 15:12:02 - [MESSAGE][PASSED] - Delayed 1 second(s)

2022-07-19 15:12:02 - [TEST_STEP][PASSED] - setText(findTestObject("Object Repository/Page_Concours photo  votez pour la plus bel_494087/input_trie par_keyword"), "Gaspard"): Text 'Gaspard' is set on object 'Object Repository/Page_Concours photo  votez pour la plus bel_494087/input_trie par_keyword'

2022-07-19 15:12:04 - [MESSAGE][PASSED] - Text 'Gaspard' is set on object 'Object Repository/Page_Concours photo  votez pour la plus bel_494087/input_trie par_keyword'

2022-07-19 15:12:04 - [TEST_STEP][PASSED] - sendKeys(findTestObject("Page_Concours photo  votez pour la plus bel_494087/input_trie par_keyword"), Keys.chord(ENTER)): Keys 'ENTER + ' sent to object: 'Object Repository/Page_Concours photo  votez pour la plus bel_494087/input_trie par_keyword'

2022-07-19 15:12:05 - [MESSAGE][PASSED] - Keys 'ENTER + ' sent to object: 'Object Repository/Page_Concours photo  votez pour la plus bel_494087/input_trie par_keyword'

2022-07-19 15:12:05 - [TEST_STEP][PASSED] - click(findTestObject("Page_Concours photo  votez pour la plus bel_494087/tri")): Object: 'Object Repository/Page_Concours photo  votez pour la plus bel_494087/tri' is clicked on

2022-07-19 15:12:05 - [MESSAGE][PASSED] - Object: 'Object Repository/Page_Concours photo  votez pour la plus bel_494087/tri' is clicked on

2022-07-19 15:12:05 - [TEST_STEP][PASSED] - click(findTestObject("Page_Concours photo  votez pour la plus bel_494087/plus de votes")): Object: 'Object Repository/Page_Concours photo  votez pour la plus bel_494087/plus de votes' is clicked on

2022-07-19 15:12:06 - [MESSAGE][PASSED] - Object: 'Object Repository/Page_Concours photo  votez pour la plus bel_494087/plus de votes' is clicked on

2022-07-19 15:12:07 - [TEST_STEP][PASSED] - click(findTestObject("Object Repository/Page_Concours photo  votez pour la plus bel_494087/i_Votes_fa fa-heart")): Object: 'Object Repository/Page_Concours photo  votez pour la plus bel_494087/i_Votes_fa fa-heart' is clicked on

2022-07-19 15:12:08 - [MESSAGE][PASSED] - Object: 'Object Repository/Page_Concours photo  votez pour la plus bel_494087/i_Votes_fa fa-heart' is clicked on

2022-07-19 15:12:08 - [TEST_STEP][PASSED] - delay(1): Delayed 1 second(s)

2022-07-19 15:12:09 - [MESSAGE][PASSED] - Delayed 1 second(s)

2022-07-19 15:12:09 - [TEST_STEP][PASSED] - closeBrowser(): Browser is closed

2022-07-19 15:12:09 - [MESSAGE][PASSED] - Browser is closed]]></system-out>
         <system-err><![CDATA[]]></system-err>
      </testcase>
      <testcase name="Test Cases/Vote" time="24.323" classname="Test Cases/Vote" status="PASSED">
         <system-out><![CDATA[2022-07-19 15:12:09 - [TEST_CASE][PASSED] - Test Cases/Vote: Test Cases/Vote

2022-07-19 15:12:09 - [TEST_STEP][PASSED] - openBrowser(""): Browser is opened with url: ''

2022-07-19 15:12:09 - [MESSAGE][INFO] - Starting 'Chrome' driver

2022-07-19 15:12:09 - [MESSAGE][INFO] - Action delay is set to 0 milliseconds

2022-07-19 15:12:10 - [MESSAGE][PASSED] - Browser is opened with url: ''

2022-07-19 15:12:10 - [TEST_STEP][PASSED] - navigateToUrl("https://lesechosdutouquet.nordlittoral.fr/147787/article/2022-06-30/concours-photo-montrez-nous-la-plus-belle-photo-de-votre-chien-en-promenade-sur#l5lb6r47qsmp9ur58y"): Navigate to 'https://lesechosdutouquet.nordlittoral.fr/147787/article/2022-06-30/concours-photo-montrez-nous-la-plus-belle-photo-de-votre-chien-en-promenade-sur#l5lb6r47qsmp9ur58y' successfully

2022-07-19 15:12:13 - [MESSAGE][PASSED] - Navigate to 'https://lesechosdutouquet.nordlittoral.fr/147787/article/2022-06-30/concours-photo-montrez-nous-la-plus-belle-photo-de-votre-chien-en-promenade-sur#l5lb6r47qsmp9ur58y' successfully

2022-07-19 15:12:13 - [TEST_STEP][PASSED] - setViewPortSize(1920, 1080): Viewport is set to new size with width = 1920 and height = 1080

2022-07-19 15:12:13 - [MESSAGE][PASSED] - Viewport is set to new size with width = 1920 and height = 1080

2022-07-19 15:12:13 - [TEST_STEP][PASSED] - click(findTestObject("Object Repository/Page_Concours photo  votez pour la plus bel_494087/button_Accepter  Fermer")): Object: 'Object Repository/Page_Concours photo  votez pour la plus bel_494087/button_Accepter  Fermer' is clicked on

2022-07-19 15:12:14 - [MESSAGE][PASSED] - Object: 'Object Repository/Page_Concours photo  votez pour la plus bel_494087/button_Accepter  Fermer' is clicked on

2022-07-19 15:12:14 - [TEST_STEP][PASSED] - waitForElementVisible(findTestObject("Object Repository/Page_Concours photo  votez pour la plus bel_494087/a_X"), 15): Object 'Object Repository/Page_Concours photo  votez pour la plus bel_494087/a_X' is visible

2022-07-19 15:12:20 - [MESSAGE][PASSED] - Object 'Object Repository/Page_Concours photo  votez pour la plus bel_494087/a_X' is visible

2022-07-19 15:12:20 - [TEST_STEP][PASSED] - click(findTestObject("Object Repository/Page_Concours photo  votez pour la plus bel_494087/a_X")): Object: 'Object Repository/Page_Concours photo  votez pour la plus bel_494087/a_X' is clicked on

2022-07-19 15:12:21 - [MESSAGE][PASSED] - Object: 'Object Repository/Page_Concours photo  votez pour la plus bel_494087/a_X' is clicked on

2022-07-19 15:12:21 - [TEST_STEP][PASSED] - delay(1): Delayed 1 second(s)

2022-07-19 15:12:22 - [MESSAGE][PASSED] - Delayed 1 second(s)

2022-07-19 15:12:22 - [TEST_STEP][PASSED] - click(findTestObject("Object Repository/Page_Concours photo  votez pour la plus bel_494087/input_concat(Votez pour le plus beau chien de la cte d, , Opale )_jouer")): Object: 'Object Repository/Page_Concours photo  votez pour la plus bel_494087/input_concat(Votez pour le plus beau chien de la cte d, , Opale )_jouer' is clicked on

2022-07-19 15:12:23 - [MESSAGE][PASSED] - Object: 'Object Repository/Page_Concours photo  votez pour la plus bel_494087/input_concat(Votez pour le plus beau chien de la cte d, , Opale )_jouer' is clicked on

2022-07-19 15:12:23 - [TEST_STEP][PASSED] - if (verifyElementPresent(findTestObject("Page_Concours photo  votez pour la plus bel_494087/input_concat(Votez pour le plus beau chien de la cte d, , Opale )_jouer"), 1, OPTIONAL)): null

2022-07-19 15:12:24 - [MESSAGE][PASSED] - Object 'Object Repository/Page_Concours photo  votez pour la plus bel_494087/input_concat(Votez pour le plus beau chien de la cte d, , Opale )_jouer' is present

2022-07-19 15:12:24 - [TEST_STEP][PASSED] - click(findTestObject("Object Repository/Page_Concours photo  votez pour la plus bel_494087/input_concat(Votez pour le plus beau chien de la cte d, , Opale )_jouer")): Object: 'Object Repository/Page_Concours photo  votez pour la plus bel_494087/input_concat(Votez pour le plus beau chien de la cte d, , Opale )_jouer' is clicked on

2022-07-19 15:12:25 - [MESSAGE][PASSED] - Object: 'Object Repository/Page_Concours photo  votez pour la plus bel_494087/input_concat(Votez pour le plus beau chien de la cte d, , Opale )_jouer' is clicked on

2022-07-19 15:12:25 - [TEST_STEP][PASSED] - delay(1): Delayed 1 second(s)

2022-07-19 15:12:26 - [MESSAGE][PASSED] - Delayed 1 second(s)

2022-07-19 15:12:26 - [TEST_STEP][PASSED] - setText(findTestObject("Object Repository/Page_Concours photo  votez pour la plus bel_494087/input_trie par_keyword"), "Gaspard"): Text 'Gaspard' is set on object 'Object Repository/Page_Concours photo  votez pour la plus bel_494087/input_trie par_keyword'

2022-07-19 15:12:27 - [MESSAGE][PASSED] - Text 'Gaspard' is set on object 'Object Repository/Page_Concours photo  votez pour la plus bel_494087/input_trie par_keyword'

2022-07-19 15:12:27 - [TEST_STEP][PASSED] - sendKeys(findTestObject("Page_Concours photo  votez pour la plus bel_494087/input_trie par_keyword"), Keys.chord(ENTER)): Keys 'ENTER + ' sent to object: 'Object Repository/Page_Concours photo  votez pour la plus bel_494087/input_trie par_keyword'

2022-07-19 15:12:29 - [MESSAGE][PASSED] - Keys 'ENTER + ' sent to object: 'Object Repository/Page_Concours photo  votez pour la plus bel_494087/input_trie par_keyword'

2022-07-19 15:12:29 - [TEST_STEP][PASSED] - click(findTestObject("Page_Concours photo  votez pour la plus bel_494087/tri")): Object: 'Object Repository/Page_Concours photo  votez pour la plus bel_494087/tri' is clicked on

2022-07-19 15:12:29 - [MESSAGE][PASSED] - Object: 'Object Repository/Page_Concours photo  votez pour la plus bel_494087/tri' is clicked on

2022-07-19 15:12:29 - [TEST_STEP][PASSED] - click(findTestObject("Page_Concours photo  votez pour la plus bel_494087/plus de votes")): Object: 'Object Repository/Page_Concours photo  votez pour la plus bel_494087/plus de votes' is clicked on

2022-07-19 15:12:31 - [MESSAGE][PASSED] - Object: 'Object Repository/Page_Concours photo  votez pour la plus bel_494087/plus de votes' is clicked on

2022-07-19 15:12:31 - [TEST_STEP][PASSED] - click(findTestObject("Object Repository/Page_Concours photo  votez pour la plus bel_494087/i_Votes_fa fa-heart")): Object: 'Object Repository/Page_Concours photo  votez pour la plus bel_494087/i_Votes_fa fa-heart' is clicked on

2022-07-19 15:12:32 - [MESSAGE][PASSED] - Object: 'Object Repository/Page_Concours photo  votez pour la plus bel_494087/i_Votes_fa fa-heart' is clicked on

2022-07-19 15:12:32 - [TEST_STEP][PASSED] - delay(1): Delayed 1 second(s)

2022-07-19 15:12:33 - [MESSAGE][PASSED] - Delayed 1 second(s)

2022-07-19 15:12:33 - [TEST_STEP][PASSED] - closeBrowser(): Browser is closed

2022-07-19 15:12:33 - [MESSAGE][PASSED] - Browser is closed]]></system-out>
         <system-err><![CDATA[]]></system-err>
      </testcase>
      <testcase name="Test Cases/Vote" time="23.62" classname="Test Cases/Vote" status="PASSED">
         <system-out><![CDATA[2022-07-19 15:12:33 - [TEST_CASE][PASSED] - Test Cases/Vote: Test Cases/Vote

2022-07-19 15:12:33 - [TEST_STEP][PASSED] - openBrowser(""): Browser is opened with url: ''

2022-07-19 15:12:33 - [MESSAGE][INFO] - Starting 'Chrome' driver

2022-07-19 15:12:33 - [MESSAGE][INFO] - Action delay is set to 0 milliseconds

2022-07-19 15:12:34 - [MESSAGE][PASSED] - Browser is opened with url: ''

2022-07-19 15:12:34 - [TEST_STEP][PASSED] - navigateToUrl("https://lesechosdutouquet.nordlittoral.fr/147787/article/2022-06-30/concours-photo-montrez-nous-la-plus-belle-photo-de-votre-chien-en-promenade-sur#l5lb6r47qsmp9ur58y"): Navigate to 'https://lesechosdutouquet.nordlittoral.fr/147787/article/2022-06-30/concours-photo-montrez-nous-la-plus-belle-photo-de-votre-chien-en-promenade-sur#l5lb6r47qsmp9ur58y' successfully

2022-07-19 15:12:37 - [MESSAGE][PASSED] - Navigate to 'https://lesechosdutouquet.nordlittoral.fr/147787/article/2022-06-30/concours-photo-montrez-nous-la-plus-belle-photo-de-votre-chien-en-promenade-sur#l5lb6r47qsmp9ur58y' successfully

2022-07-19 15:12:37 - [TEST_STEP][PASSED] - setViewPortSize(1920, 1080): Viewport is set to new size with width = 1920 and height = 1080

2022-07-19 15:12:37 - [MESSAGE][PASSED] - Viewport is set to new size with width = 1920 and height = 1080

2022-07-19 15:12:37 - [TEST_STEP][PASSED] - click(findTestObject("Object Repository/Page_Concours photo  votez pour la plus bel_494087/button_Accepter  Fermer")): Object: 'Object Repository/Page_Concours photo  votez pour la plus bel_494087/button_Accepter  Fermer' is clicked on

2022-07-19 15:12:38 - [MESSAGE][PASSED] - Object: 'Object Repository/Page_Concours photo  votez pour la plus bel_494087/button_Accepter  Fermer' is clicked on

2022-07-19 15:12:38 - [TEST_STEP][PASSED] - waitForElementVisible(findTestObject("Object Repository/Page_Concours photo  votez pour la plus bel_494087/a_X"), 15): Object 'Object Repository/Page_Concours photo  votez pour la plus bel_494087/a_X' is visible

2022-07-19 15:12:45 - [MESSAGE][PASSED] - Object 'Object Repository/Page_Concours photo  votez pour la plus bel_494087/a_X' is visible

2022-07-19 15:12:45 - [TEST_STEP][PASSED] - click(findTestObject("Object Repository/Page_Concours photo  votez pour la plus bel_494087/a_X")): Object: 'Object Repository/Page_Concours photo  votez pour la plus bel_494087/a_X' is clicked on

2022-07-19 15:12:45 - [MESSAGE][PASSED] - Object: 'Object Repository/Page_Concours photo  votez pour la plus bel_494087/a_X' is clicked on

2022-07-19 15:12:45 - [TEST_STEP][PASSED] - delay(1): Delayed 1 second(s)

2022-07-19 15:12:46 - [MESSAGE][PASSED] - Delayed 1 second(s)

2022-07-19 15:12:46 - [TEST_STEP][PASSED] - click(findTestObject("Object Repository/Page_Concours photo  votez pour la plus bel_494087/input_concat(Votez pour le plus beau chien de la cte d, , Opale )_jouer")): Object: 'Object Repository/Page_Concours photo  votez pour la plus bel_494087/input_concat(Votez pour le plus beau chien de la cte d, , Opale )_jouer' is clicked on

2022-07-19 15:12:47 - [MESSAGE][PASSED] - Object: 'Object Repository/Page_Concours photo  votez pour la plus bel_494087/input_concat(Votez pour le plus beau chien de la cte d, , Opale )_jouer' is clicked on

2022-07-19 15:12:47 - [TEST_STEP][PASSED] - if (verifyElementPresent(findTestObject("Page_Concours photo  votez pour la plus bel_494087/input_concat(Votez pour le plus beau chien de la cte d, , Opale )_jouer"), 1, OPTIONAL)): null

2022-07-19 15:12:48 - [MESSAGE][PASSED] - Object 'Object Repository/Page_Concours photo  votez pour la plus bel_494087/input_concat(Votez pour le plus beau chien de la cte d, , Opale )_jouer' is present

2022-07-19 15:12:48 - [TEST_STEP][PASSED] - click(findTestObject("Object Repository/Page_Concours photo  votez pour la plus bel_494087/input_concat(Votez pour le plus beau chien de la cte d, , Opale )_jouer")): Object: 'Object Repository/Page_Concours photo  votez pour la plus bel_494087/input_concat(Votez pour le plus beau chien de la cte d, , Opale )_jouer' is clicked on

2022-07-19 15:12:49 - [MESSAGE][PASSED] - Object: 'Object Repository/Page_Concours photo  votez pour la plus bel_494087/input_concat(Votez pour le plus beau chien de la cte d, , Opale )_jouer' is clicked on

2022-07-19 15:12:49 - [TEST_STEP][PASSED] - delay(1): Delayed 1 second(s)

2022-07-19 15:12:50 - [MESSAGE][PASSED] - Delayed 1 second(s)

2022-07-19 15:12:50 - [TEST_STEP][PASSED] - setText(findTestObject("Object Repository/Page_Concours photo  votez pour la plus bel_494087/input_trie par_keyword"), "Gaspard"): Text 'Gaspard' is set on object 'Object Repository/Page_Concours photo  votez pour la plus bel_494087/input_trie par_keyword'

2022-07-19 15:12:51 - [MESSAGE][PASSED] - Text 'Gaspard' is set on object 'Object Repository/Page_Concours photo  votez pour la plus bel_494087/input_trie par_keyword'

2022-07-19 15:12:51 - [TEST_STEP][PASSED] - sendKeys(findTestObject("Page_Concours photo  votez pour la plus bel_494087/input_trie par_keyword"), Keys.chord(ENTER)): Keys 'ENTER + ' sent to object: 'Object Repository/Page_Concours photo  votez pour la plus bel_494087/input_trie par_keyword'

2022-07-19 15:12:53 - [MESSAGE][PASSED] - Keys 'ENTER + ' sent to object: 'Object Repository/Page_Concours photo  votez pour la plus bel_494087/input_trie par_keyword'

2022-07-19 15:12:53 - [TEST_STEP][PASSED] - click(findTestObject("Page_Concours photo  votez pour la plus bel_494087/tri")): Object: 'Object Repository/Page_Concours photo  votez pour la plus bel_494087/tri' is clicked on

2022-07-19 15:12:53 - [MESSAGE][PASSED] - Object: 'Object Repository/Page_Concours photo  votez pour la plus bel_494087/tri' is clicked on

2022-07-19 15:12:53 - [TEST_STEP][PASSED] - click(findTestObject("Page_Concours photo  votez pour la plus bel_494087/plus de votes")): Object: 'Object Repository/Page_Concours photo  votez pour la plus bel_494087/plus de votes' is clicked on

2022-07-19 15:12:54 - [MESSAGE][PASSED] - Object: 'Object Repository/Page_Concours photo  votez pour la plus bel_494087/plus de votes' is clicked on

2022-07-19 15:12:55 - [TEST_STEP][PASSED] - click(findTestObject("Object Repository/Page_Concours photo  votez pour la plus bel_494087/i_Votes_fa fa-heart")): Object: 'Object Repository/Page_Concours photo  votez pour la plus bel_494087/i_Votes_fa fa-heart' is clicked on

2022-07-19 15:12:56 - [MESSAGE][PASSED] - Object: 'Object Repository/Page_Concours photo  votez pour la plus bel_494087/i_Votes_fa fa-heart' is clicked on

2022-07-19 15:12:56 - [TEST_STEP][PASSED] - delay(1): Delayed 1 second(s)

2022-07-19 15:12:57 - [MESSAGE][PASSED] - Delayed 1 second(s)

2022-07-19 15:12:57 - [TEST_STEP][PASSED] - closeBrowser(): Browser is closed

2022-07-19 15:12:57 - [MESSAGE][PASSED] - Browser is closed]]></system-out>
         <system-err><![CDATA[]]></system-err>
      </testcase>
      <testcase name="Test Cases/Vote" time="23.318" classname="Test Cases/Vote" status="PASSED">
         <system-out><![CDATA[2022-07-19 15:12:57 - [TEST_CASE][PASSED] - Test Cases/Vote: Test Cases/Vote

2022-07-19 15:12:57 - [TEST_STEP][PASSED] - openBrowser(""): Browser is opened with url: ''

2022-07-19 15:12:57 - [MESSAGE][INFO] - Starting 'Chrome' driver

2022-07-19 15:12:57 - [MESSAGE][INFO] - Action delay is set to 0 milliseconds

2022-07-19 15:12:58 - [MESSAGE][PASSED] - Browser is opened with url: ''

2022-07-19 15:12:58 - [TEST_STEP][PASSED] - navigateToUrl("https://lesechosdutouquet.nordlittoral.fr/147787/article/2022-06-30/concours-photo-montrez-nous-la-plus-belle-photo-de-votre-chien-en-promenade-sur#l5lb6r47qsmp9ur58y"): Navigate to 'https://lesechosdutouquet.nordlittoral.fr/147787/article/2022-06-30/concours-photo-montrez-nous-la-plus-belle-photo-de-votre-chien-en-promenade-sur#l5lb6r47qsmp9ur58y' successfully

2022-07-19 15:13:01 - [MESSAGE][PASSED] - Navigate to 'https://lesechosdutouquet.nordlittoral.fr/147787/article/2022-06-30/concours-photo-montrez-nous-la-plus-belle-photo-de-votre-chien-en-promenade-sur#l5lb6r47qsmp9ur58y' successfully

2022-07-19 15:13:01 - [TEST_STEP][PASSED] - setViewPortSize(1920, 1080): Viewport is set to new size with width = 1920 and height = 1080

2022-07-19 15:13:01 - [MESSAGE][PASSED] - Viewport is set to new size with width = 1920 and height = 1080

2022-07-19 15:13:01 - [TEST_STEP][PASSED] - click(findTestObject("Object Repository/Page_Concours photo  votez pour la plus bel_494087/button_Accepter  Fermer")): Object: 'Object Repository/Page_Concours photo  votez pour la plus bel_494087/button_Accepter  Fermer' is clicked on

2022-07-19 15:13:02 - [MESSAGE][PASSED] - Object: 'Object Repository/Page_Concours photo  votez pour la plus bel_494087/button_Accepter  Fermer' is clicked on

2022-07-19 15:13:02 - [TEST_STEP][PASSED] - waitForElementVisible(findTestObject("Object Repository/Page_Concours photo  votez pour la plus bel_494087/a_X"), 15): Object 'Object Repository/Page_Concours photo  votez pour la plus bel_494087/a_X' is visible

2022-07-19 15:13:08 - [MESSAGE][PASSED] - Object 'Object Repository/Page_Concours photo  votez pour la plus bel_494087/a_X' is visible

2022-07-19 15:13:08 - [TEST_STEP][PASSED] - click(findTestObject("Object Repository/Page_Concours photo  votez pour la plus bel_494087/a_X")): Object: 'Object Repository/Page_Concours photo  votez pour la plus bel_494087/a_X' is clicked on

2022-07-19 15:13:08 - [MESSAGE][PASSED] - Object: 'Object Repository/Page_Concours photo  votez pour la plus bel_494087/a_X' is clicked on

2022-07-19 15:13:08 - [TEST_STEP][PASSED] - delay(1): Delayed 1 second(s)

2022-07-19 15:13:09 - [MESSAGE][PASSED] - Delayed 1 second(s)

2022-07-19 15:13:09 - [TEST_STEP][PASSED] - click(findTestObject("Object Repository/Page_Concours photo  votez pour la plus bel_494087/input_concat(Votez pour le plus beau chien de la cte d, , Opale )_jouer")): Object: 'Object Repository/Page_Concours photo  votez pour la plus bel_494087/input_concat(Votez pour le plus beau chien de la cte d, , Opale )_jouer' is clicked on

2022-07-19 15:13:10 - [MESSAGE][PASSED] - Object: 'Object Repository/Page_Concours photo  votez pour la plus bel_494087/input_concat(Votez pour le plus beau chien de la cte d, , Opale )_jouer' is clicked on

2022-07-19 15:13:10 - [TEST_STEP][PASSED] - if (verifyElementPresent(findTestObject("Page_Concours photo  votez pour la plus bel_494087/input_concat(Votez pour le plus beau chien de la cte d, , Opale )_jouer"), 1, OPTIONAL)): null

2022-07-19 15:13:11 - [MESSAGE][PASSED] - Object 'Object Repository/Page_Concours photo  votez pour la plus bel_494087/input_concat(Votez pour le plus beau chien de la cte d, , Opale )_jouer' is present

2022-07-19 15:13:11 - [TEST_STEP][PASSED] - click(findTestObject("Object Repository/Page_Concours photo  votez pour la plus bel_494087/input_concat(Votez pour le plus beau chien de la cte d, , Opale )_jouer")): Object: 'Object Repository/Page_Concours photo  votez pour la plus bel_494087/input_concat(Votez pour le plus beau chien de la cte d, , Opale )_jouer' is clicked on

2022-07-19 15:13:12 - [MESSAGE][PASSED] - Object: 'Object Repository/Page_Concours photo  votez pour la plus bel_494087/input_concat(Votez pour le plus beau chien de la cte d, , Opale )_jouer' is clicked on

2022-07-19 15:13:12 - [TEST_STEP][PASSED] - delay(1): Delayed 1 second(s)

2022-07-19 15:13:13 - [MESSAGE][PASSED] - Delayed 1 second(s)

2022-07-19 15:13:13 - [TEST_STEP][PASSED] - setText(findTestObject("Object Repository/Page_Concours photo  votez pour la plus bel_494087/input_trie par_keyword"), "Gaspard"): Text 'Gaspard' is set on object 'Object Repository/Page_Concours photo  votez pour la plus bel_494087/input_trie par_keyword'

2022-07-19 15:13:15 - [MESSAGE][PASSED] - Text 'Gaspard' is set on object 'Object Repository/Page_Concours photo  votez pour la plus bel_494087/input_trie par_keyword'

2022-07-19 15:13:15 - [TEST_STEP][PASSED] - sendKeys(findTestObject("Page_Concours photo  votez pour la plus bel_494087/input_trie par_keyword"), Keys.chord(ENTER)): Keys 'ENTER + ' sent to object: 'Object Repository/Page_Concours photo  votez pour la plus bel_494087/input_trie par_keyword'

2022-07-19 15:13:16 - [MESSAGE][PASSED] - Keys 'ENTER + ' sent to object: 'Object Repository/Page_Concours photo  votez pour la plus bel_494087/input_trie par_keyword'

2022-07-19 15:13:16 - [TEST_STEP][PASSED] - click(findTestObject("Page_Concours photo  votez pour la plus bel_494087/tri")): Object: 'Object Repository/Page_Concours photo  votez pour la plus bel_494087/tri' is clicked on

2022-07-19 15:13:17 - [MESSAGE][PASSED] - Object: 'Object Repository/Page_Concours photo  votez pour la plus bel_494087/tri' is clicked on

2022-07-19 15:13:17 - [TEST_STEP][PASSED] - click(findTestObject("Page_Concours photo  votez pour la plus bel_494087/plus de votes")): Object: 'Object Repository/Page_Concours photo  votez pour la plus bel_494087/plus de votes' is clicked on

2022-07-19 15:13:17 - [MESSAGE][PASSED] - Object: 'Object Repository/Page_Concours photo  votez pour la plus bel_494087/plus de votes' is clicked on

2022-07-19 15:13:19 - [TEST_STEP][PASSED] - click(findTestObject("Object Repository/Page_Concours photo  votez pour la plus bel_494087/i_Votes_fa fa-heart")): Object: 'Object Repository/Page_Concours photo  votez pour la plus bel_494087/i_Votes_fa fa-heart' is clicked on

2022-07-19 15:13:19 - [MESSAGE][PASSED] - Object: 'Object Repository/Page_Concours photo  votez pour la plus bel_494087/i_Votes_fa fa-heart' is clicked on

2022-07-19 15:13:19 - [TEST_STEP][PASSED] - delay(1): Delayed 1 second(s)

2022-07-19 15:13:20 - [MESSAGE][PASSED] - Delayed 1 second(s)

2022-07-19 15:13:20 - [TEST_STEP][PASSED] - closeBrowser(): Browser is closed

2022-07-19 15:13:20 - [MESSAGE][PASSED] - Browser is closed]]></system-out>
         <system-err><![CDATA[]]></system-err>
      </testcase>
      <testcase name="Test Cases/Vote" time="23.162" classname="Test Cases/Vote" status="PASSED">
         <system-out><![CDATA[2022-07-19 15:13:20 - [TEST_CASE][PASSED] - Test Cases/Vote: Test Cases/Vote

2022-07-19 15:13:20 - [TEST_STEP][PASSED] - openBrowser(""): Browser is opened with url: ''

2022-07-19 15:13:20 - [MESSAGE][INFO] - Starting 'Chrome' driver

2022-07-19 15:13:20 - [MESSAGE][INFO] - Action delay is set to 0 milliseconds

2022-07-19 15:13:21 - [MESSAGE][PASSED] - Browser is opened with url: ''

2022-07-19 15:13:21 - [TEST_STEP][PASSED] - navigateToUrl("https://lesechosdutouquet.nordlittoral.fr/147787/article/2022-06-30/concours-photo-montrez-nous-la-plus-belle-photo-de-votre-chien-en-promenade-sur#l5lb6r47qsmp9ur58y"): Navigate to 'https://lesechosdutouquet.nordlittoral.fr/147787/article/2022-06-30/concours-photo-montrez-nous-la-plus-belle-photo-de-votre-chien-en-promenade-sur#l5lb6r47qsmp9ur58y' successfully

2022-07-19 15:13:24 - [MESSAGE][PASSED] - Navigate to 'https://lesechosdutouquet.nordlittoral.fr/147787/article/2022-06-30/concours-photo-montrez-nous-la-plus-belle-photo-de-votre-chien-en-promenade-sur#l5lb6r47qsmp9ur58y' successfully

2022-07-19 15:13:24 - [TEST_STEP][PASSED] - setViewPortSize(1920, 1080): Viewport is set to new size with width = 1920 and height = 1080

2022-07-19 15:13:24 - [MESSAGE][PASSED] - Viewport is set to new size with width = 1920 and height = 1080

2022-07-19 15:13:24 - [TEST_STEP][PASSED] - click(findTestObject("Object Repository/Page_Concours photo  votez pour la plus bel_494087/button_Accepter  Fermer")): Object: 'Object Repository/Page_Concours photo  votez pour la plus bel_494087/button_Accepter  Fermer' is clicked on

2022-07-19 15:13:25 - [MESSAGE][PASSED] - Object: 'Object Repository/Page_Concours photo  votez pour la plus bel_494087/button_Accepter  Fermer' is clicked on

2022-07-19 15:13:25 - [TEST_STEP][PASSED] - waitForElementVisible(findTestObject("Object Repository/Page_Concours photo  votez pour la plus bel_494087/a_X"), 15): Object 'Object Repository/Page_Concours photo  votez pour la plus bel_494087/a_X' is visible

2022-07-19 15:13:32 - [MESSAGE][PASSED] - Object 'Object Repository/Page_Concours photo  votez pour la plus bel_494087/a_X' is visible

2022-07-19 15:13:32 - [TEST_STEP][PASSED] - click(findTestObject("Object Repository/Page_Concours photo  votez pour la plus bel_494087/a_X")): Object: 'Object Repository/Page_Concours photo  votez pour la plus bel_494087/a_X' is clicked on

2022-07-19 15:13:32 - [MESSAGE][PASSED] - Object: 'Object Repository/Page_Concours photo  votez pour la plus bel_494087/a_X' is clicked on

2022-07-19 15:13:32 - [TEST_STEP][PASSED] - delay(1): Delayed 1 second(s)

2022-07-19 15:13:33 - [MESSAGE][PASSED] - Delayed 1 second(s)

2022-07-19 15:13:33 - [TEST_STEP][PASSED] - click(findTestObject("Object Repository/Page_Concours photo  votez pour la plus bel_494087/input_concat(Votez pour le plus beau chien de la cte d, , Opale )_jouer")): Object: 'Object Repository/Page_Concours photo  votez pour la plus bel_494087/input_concat(Votez pour le plus beau chien de la cte d, , Opale )_jouer' is clicked on

2022-07-19 15:13:34 - [MESSAGE][PASSED] - Object: 'Object Repository/Page_Concours photo  votez pour la plus bel_494087/input_concat(Votez pour le plus beau chien de la cte d, , Opale )_jouer' is clicked on

2022-07-19 15:13:34 - [TEST_STEP][PASSED] - if (verifyElementPresent(findTestObject("Page_Concours photo  votez pour la plus bel_494087/input_concat(Votez pour le plus beau chien de la cte d, , Opale )_jouer"), 1, OPTIONAL)): null

2022-07-19 15:13:35 - [MESSAGE][PASSED] - Object 'Object Repository/Page_Concours photo  votez pour la plus bel_494087/input_concat(Votez pour le plus beau chien de la cte d, , Opale )_jouer' is present

2022-07-19 15:13:35 - [TEST_STEP][PASSED] - click(findTestObject("Object Repository/Page_Concours photo  votez pour la plus bel_494087/input_concat(Votez pour le plus beau chien de la cte d, , Opale )_jouer")): Object: 'Object Repository/Page_Concours photo  votez pour la plus bel_494087/input_concat(Votez pour le plus beau chien de la cte d, , Opale )_jouer' is clicked on

2022-07-19 15:13:36 - [MESSAGE][PASSED] - Object: 'Object Repository/Page_Concours photo  votez pour la plus bel_494087/input_concat(Votez pour le plus beau chien de la cte d, , Opale )_jouer' is clicked on

2022-07-19 15:13:36 - [TEST_STEP][PASSED] - delay(1): Delayed 1 second(s)

2022-07-19 15:13:37 - [MESSAGE][PASSED] - Delayed 1 second(s)

2022-07-19 15:13:37 - [TEST_STEP][PASSED] - setText(findTestObject("Object Repository/Page_Concours photo  votez pour la plus bel_494087/input_trie par_keyword"), "Gaspard"): Text 'Gaspard' is set on object 'Object Repository/Page_Concours photo  votez pour la plus bel_494087/input_trie par_keyword'

2022-07-19 15:13:38 - [MESSAGE][PASSED] - Text 'Gaspard' is set on object 'Object Repository/Page_Concours photo  votez pour la plus bel_494087/input_trie par_keyword'

2022-07-19 15:13:38 - [TEST_STEP][PASSED] - sendKeys(findTestObject("Page_Concours photo  votez pour la plus bel_494087/input_trie par_keyword"), Keys.chord(ENTER)): Keys 'ENTER + ' sent to object: 'Object Repository/Page_Concours photo  votez pour la plus bel_494087/input_trie par_keyword'

2022-07-19 15:13:39 - [MESSAGE][PASSED] - Keys 'ENTER + ' sent to object: 'Object Repository/Page_Concours photo  votez pour la plus bel_494087/input_trie par_keyword'

2022-07-19 15:13:39 - [TEST_STEP][PASSED] - click(findTestObject("Page_Concours photo  votez pour la plus bel_494087/tri")): Object: 'Object Repository/Page_Concours photo  votez pour la plus bel_494087/tri' is clicked on

2022-07-19 15:13:40 - [MESSAGE][PASSED] - Object: 'Object Repository/Page_Concours photo  votez pour la plus bel_494087/tri' is clicked on

2022-07-19 15:13:40 - [TEST_STEP][PASSED] - click(findTestObject("Page_Concours photo  votez pour la plus bel_494087/plus de votes")): Object: 'Object Repository/Page_Concours photo  votez pour la plus bel_494087/plus de votes' is clicked on

2022-07-19 15:13:40 - [MESSAGE][PASSED] - Object: 'Object Repository/Page_Concours photo  votez pour la plus bel_494087/plus de votes' is clicked on

2022-07-19 15:13:42 - [TEST_STEP][PASSED] - click(findTestObject("Object Repository/Page_Concours photo  votez pour la plus bel_494087/i_Votes_fa fa-heart")): Object: 'Object Repository/Page_Concours photo  votez pour la plus bel_494087/i_Votes_fa fa-heart' is clicked on

2022-07-19 15:13:42 - [MESSAGE][PASSED] - Object: 'Object Repository/Page_Concours photo  votez pour la plus bel_494087/i_Votes_fa fa-heart' is clicked on

2022-07-19 15:13:42 - [TEST_STEP][PASSED] - delay(1): Delayed 1 second(s)

2022-07-19 15:13:43 - [MESSAGE][PASSED] - Delayed 1 second(s)

2022-07-19 15:13:43 - [TEST_STEP][PASSED] - closeBrowser(): Browser is closed

2022-07-19 15:13:43 - [MESSAGE][PASSED] - Browser is closed]]></system-out>
         <system-err><![CDATA[]]></system-err>
      </testcase>
      <testcase name="Test Cases/Vote" time="23.773" classname="Test Cases/Vote" status="PASSED">
         <system-out><![CDATA[2022-07-19 15:13:43 - [TEST_CASE][PASSED] - Test Cases/Vote: Test Cases/Vote

2022-07-19 15:13:43 - [TEST_STEP][PASSED] - openBrowser(""): Browser is opened with url: ''

2022-07-19 15:13:43 - [MESSAGE][INFO] - Starting 'Chrome' driver

2022-07-19 15:13:43 - [MESSAGE][INFO] - Action delay is set to 0 milliseconds

2022-07-19 15:13:44 - [MESSAGE][PASSED] - Browser is opened with url: ''

2022-07-19 15:13:44 - [TEST_STEP][PASSED] - navigateToUrl("https://lesechosdutouquet.nordlittoral.fr/147787/article/2022-06-30/concours-photo-montrez-nous-la-plus-belle-photo-de-votre-chien-en-promenade-sur#l5lb6r47qsmp9ur58y"): Navigate to 'https://lesechosdutouquet.nordlittoral.fr/147787/article/2022-06-30/concours-photo-montrez-nous-la-plus-belle-photo-de-votre-chien-en-promenade-sur#l5lb6r47qsmp9ur58y' successfully

2022-07-19 15:13:47 - [MESSAGE][PASSED] - Navigate to 'https://lesechosdutouquet.nordlittoral.fr/147787/article/2022-06-30/concours-photo-montrez-nous-la-plus-belle-photo-de-votre-chien-en-promenade-sur#l5lb6r47qsmp9ur58y' successfully

2022-07-19 15:13:47 - [TEST_STEP][PASSED] - setViewPortSize(1920, 1080): Viewport is set to new size with width = 1920 and height = 1080

2022-07-19 15:13:47 - [MESSAGE][PASSED] - Viewport is set to new size with width = 1920 and height = 1080

2022-07-19 15:13:47 - [TEST_STEP][PASSED] - click(findTestObject("Object Repository/Page_Concours photo  votez pour la plus bel_494087/button_Accepter  Fermer")): Object: 'Object Repository/Page_Concours photo  votez pour la plus bel_494087/button_Accepter  Fermer' is clicked on

2022-07-19 15:13:48 - [MESSAGE][PASSED] - Object: 'Object Repository/Page_Concours photo  votez pour la plus bel_494087/button_Accepter  Fermer' is clicked on

2022-07-19 15:13:48 - [TEST_STEP][PASSED] - waitForElementVisible(findTestObject("Object Repository/Page_Concours photo  votez pour la plus bel_494087/a_X"), 15): Object 'Object Repository/Page_Concours photo  votez pour la plus bel_494087/a_X' is visible

2022-07-19 15:13:55 - [MESSAGE][PASSED] - Object 'Object Repository/Page_Concours photo  votez pour la plus bel_494087/a_X' is visible

2022-07-19 15:13:55 - [TEST_STEP][PASSED] - click(findTestObject("Object Repository/Page_Concours photo  votez pour la plus bel_494087/a_X")): Object: 'Object Repository/Page_Concours photo  votez pour la plus bel_494087/a_X' is clicked on

2022-07-19 15:13:55 - [MESSAGE][PASSED] - Object: 'Object Repository/Page_Concours photo  votez pour la plus bel_494087/a_X' is clicked on

2022-07-19 15:13:55 - [TEST_STEP][PASSED] - delay(1): Delayed 1 second(s)

2022-07-19 15:13:56 - [MESSAGE][PASSED] - Delayed 1 second(s)

2022-07-19 15:13:56 - [TEST_STEP][PASSED] - click(findTestObject("Object Repository/Page_Concours photo  votez pour la plus bel_494087/input_concat(Votez pour le plus beau chien de la cte d, , Opale )_jouer")): Object: 'Object Repository/Page_Concours photo  votez pour la plus bel_494087/input_concat(Votez pour le plus beau chien de la cte d, , Opale )_jouer' is clicked on

2022-07-19 15:13:57 - [MESSAGE][PASSED] - Object: 'Object Repository/Page_Concours photo  votez pour la plus bel_494087/input_concat(Votez pour le plus beau chien de la cte d, , Opale )_jouer' is clicked on

2022-07-19 15:13:57 - [TEST_STEP][PASSED] - if (verifyElementPresent(findTestObject("Page_Concours photo  votez pour la plus bel_494087/input_concat(Votez pour le plus beau chien de la cte d, , Opale )_jouer"), 1, OPTIONAL)): null

2022-07-19 15:13:58 - [MESSAGE][PASSED] - Object 'Object Repository/Page_Concours photo  votez pour la plus bel_494087/input_concat(Votez pour le plus beau chien de la cte d, , Opale )_jouer' is present

2022-07-19 15:13:58 - [TEST_STEP][PASSED] - click(findTestObject("Object Repository/Page_Concours photo  votez pour la plus bel_494087/input_concat(Votez pour le plus beau chien de la cte d, , Opale )_jouer")): Object: 'Object Repository/Page_Concours photo  votez pour la plus bel_494087/input_concat(Votez pour le plus beau chien de la cte d, , Opale )_jouer' is clicked on

2022-07-19 15:13:59 - [MESSAGE][PASSED] - Object: 'Object Repository/Page_Concours photo  votez pour la plus bel_494087/input_concat(Votez pour le plus beau chien de la cte d, , Opale )_jouer' is clicked on

2022-07-19 15:13:59 - [TEST_STEP][PASSED] - delay(1): Delayed 1 second(s)

2022-07-19 15:14:00 - [MESSAGE][PASSED] - Delayed 1 second(s)

2022-07-19 15:14:00 - [TEST_STEP][PASSED] - setText(findTestObject("Object Repository/Page_Concours photo  votez pour la plus bel_494087/input_trie par_keyword"), "Gaspard"): Text 'Gaspard' is set on object 'Object Repository/Page_Concours photo  votez pour la plus bel_494087/input_trie par_keyword'

2022-07-19 15:14:01 - [MESSAGE][PASSED] - Text 'Gaspard' is set on object 'Object Repository/Page_Concours photo  votez pour la plus bel_494087/input_trie par_keyword'

2022-07-19 15:14:01 - [TEST_STEP][PASSED] - sendKeys(findTestObject("Page_Concours photo  votez pour la plus bel_494087/input_trie par_keyword"), Keys.chord(ENTER)): Keys 'ENTER + ' sent to object: 'Object Repository/Page_Concours photo  votez pour la plus bel_494087/input_trie par_keyword'

2022-07-19 15:14:03 - [MESSAGE][PASSED] - Keys 'ENTER + ' sent to object: 'Object Repository/Page_Concours photo  votez pour la plus bel_494087/input_trie par_keyword'

2022-07-19 15:14:03 - [TEST_STEP][PASSED] - click(findTestObject("Page_Concours photo  votez pour la plus bel_494087/tri")): Object: 'Object Repository/Page_Concours photo  votez pour la plus bel_494087/tri' is clicked on

2022-07-19 15:14:03 - [MESSAGE][PASSED] - Object: 'Object Repository/Page_Concours photo  votez pour la plus bel_494087/tri' is clicked on

2022-07-19 15:14:03 - [TEST_STEP][PASSED] - click(findTestObject("Page_Concours photo  votez pour la plus bel_494087/plus de votes")): Object: 'Object Repository/Page_Concours photo  votez pour la plus bel_494087/plus de votes' is clicked on

2022-07-19 15:14:04 - [MESSAGE][PASSED] - Object: 'Object Repository/Page_Concours photo  votez pour la plus bel_494087/plus de votes' is clicked on

2022-07-19 15:14:05 - [TEST_STEP][PASSED] - click(findTestObject("Object Repository/Page_Concours photo  votez pour la plus bel_494087/i_Votes_fa fa-heart")): Object: 'Object Repository/Page_Concours photo  votez pour la plus bel_494087/i_Votes_fa fa-heart' is clicked on

2022-07-19 15:14:06 - [MESSAGE][PASSED] - Object: 'Object Repository/Page_Concours photo  votez pour la plus bel_494087/i_Votes_fa fa-heart' is clicked on

2022-07-19 15:14:06 - [TEST_STEP][PASSED] - delay(1): Delayed 1 second(s)

2022-07-19 15:14:07 - [MESSAGE][PASSED] - Delayed 1 second(s)

2022-07-19 15:14:07 - [TEST_STEP][PASSED] - closeBrowser(): Browser is closed

2022-07-19 15:14:07 - [MESSAGE][PASSED] - Browser is closed]]></system-out>
         <system-err><![CDATA[]]></system-err>
      </testcase>
      <testcase name="Test Cases/Vote" time="29.748" classname="Test Cases/Vote" status="PASSED">
         <system-out><![CDATA[2022-07-19 15:14:07 - [TEST_CASE][PASSED] - Test Cases/Vote: Test Cases/Vote

2022-07-19 15:14:07 - [TEST_STEP][PASSED] - openBrowser(""): Browser is opened with url: ''

2022-07-19 15:14:07 - [MESSAGE][INFO] - Starting 'Chrome' driver

2022-07-19 15:14:07 - [MESSAGE][INFO] - Action delay is set to 0 milliseconds

2022-07-19 15:14:08 - [MESSAGE][PASSED] - Browser is opened with url: ''

2022-07-19 15:14:08 - [TEST_STEP][PASSED] - navigateToUrl("https://lesechosdutouquet.nordlittoral.fr/147787/article/2022-06-30/concours-photo-montrez-nous-la-plus-belle-photo-de-votre-chien-en-promenade-sur#l5lb6r47qsmp9ur58y"): Navigate to 'https://lesechosdutouquet.nordlittoral.fr/147787/article/2022-06-30/concours-photo-montrez-nous-la-plus-belle-photo-de-votre-chien-en-promenade-sur#l5lb6r47qsmp9ur58y' successfully

2022-07-19 15:14:16 - [MESSAGE][PASSED] - Navigate to 'https://lesechosdutouquet.nordlittoral.fr/147787/article/2022-06-30/concours-photo-montrez-nous-la-plus-belle-photo-de-votre-chien-en-promenade-sur#l5lb6r47qsmp9ur58y' successfully

2022-07-19 15:14:16 - [TEST_STEP][PASSED] - setViewPortSize(1920, 1080): Viewport is set to new size with width = 1920 and height = 1080

2022-07-19 15:14:17 - [MESSAGE][PASSED] - Viewport is set to new size with width = 1920 and height = 1080

2022-07-19 15:14:17 - [TEST_STEP][PASSED] - click(findTestObject("Object Repository/Page_Concours photo  votez pour la plus bel_494087/button_Accepter  Fermer")): Object: 'Object Repository/Page_Concours photo  votez pour la plus bel_494087/button_Accepter  Fermer' is clicked on

2022-07-19 15:14:18 - [MESSAGE][PASSED] - Object: 'Object Repository/Page_Concours photo  votez pour la plus bel_494087/button_Accepter  Fermer' is clicked on

2022-07-19 15:14:18 - [TEST_STEP][PASSED] - waitForElementVisible(findTestObject("Object Repository/Page_Concours photo  votez pour la plus bel_494087/a_X"), 15): Object 'Object Repository/Page_Concours photo  votez pour la plus bel_494087/a_X' is visible

2022-07-19 15:14:24 - [MESSAGE][PASSED] - Object 'Object Repository/Page_Concours photo  votez pour la plus bel_494087/a_X' is visible

2022-07-19 15:14:24 - [TEST_STEP][PASSED] - click(findTestObject("Object Repository/Page_Concours photo  votez pour la plus bel_494087/a_X")): Object: 'Object Repository/Page_Concours photo  votez pour la plus bel_494087/a_X' is clicked on

2022-07-19 15:14:25 - [MESSAGE][PASSED] - Object: 'Object Repository/Page_Concours photo  votez pour la plus bel_494087/a_X' is clicked on

2022-07-19 15:14:25 - [TEST_STEP][PASSED] - delay(1): Delayed 1 second(s)

2022-07-19 15:14:26 - [MESSAGE][PASSED] - Delayed 1 second(s)

2022-07-19 15:14:26 - [TEST_STEP][PASSED] - click(findTestObject("Object Repository/Page_Concours photo  votez pour la plus bel_494087/input_concat(Votez pour le plus beau chien de la cte d, , Opale )_jouer")): Object: 'Object Repository/Page_Concours photo  votez pour la plus bel_494087/input_concat(Votez pour le plus beau chien de la cte d, , Opale )_jouer' is clicked on

2022-07-19 15:14:26 - [MESSAGE][PASSED] - Object: 'Object Repository/Page_Concours photo  votez pour la plus bel_494087/input_concat(Votez pour le plus beau chien de la cte d, , Opale )_jouer' is clicked on

2022-07-19 15:14:27 - [TEST_STEP][PASSED] - if (verifyElementPresent(findTestObject("Page_Concours photo  votez pour la plus bel_494087/input_concat(Votez pour le plus beau chien de la cte d, , Opale )_jouer"), 1, OPTIONAL)): null

2022-07-19 15:14:28 - [MESSAGE][PASSED] - Object 'Object Repository/Page_Concours photo  votez pour la plus bel_494087/input_concat(Votez pour le plus beau chien de la cte d, , Opale )_jouer' is present

2022-07-19 15:14:28 - [TEST_STEP][PASSED] - click(findTestObject("Object Repository/Page_Concours photo  votez pour la plus bel_494087/input_concat(Votez pour le plus beau chien de la cte d, , Opale )_jouer")): Object: 'Object Repository/Page_Concours photo  votez pour la plus bel_494087/input_concat(Votez pour le plus beau chien de la cte d, , Opale )_jouer' is clicked on

2022-07-19 15:14:28 - [MESSAGE][PASSED] - Object: 'Object Repository/Page_Concours photo  votez pour la plus bel_494087/input_concat(Votez pour le plus beau chien de la cte d, , Opale )_jouer' is clicked on

2022-07-19 15:14:28 - [TEST_STEP][PASSED] - delay(1): Delayed 1 second(s)

2022-07-19 15:14:29 - [MESSAGE][PASSED] - Delayed 1 second(s)

2022-07-19 15:14:29 - [TEST_STEP][PASSED] - setText(findTestObject("Object Repository/Page_Concours photo  votez pour la plus bel_494087/input_trie par_keyword"), "Gaspard"): Text 'Gaspard' is set on object 'Object Repository/Page_Concours photo  votez pour la plus bel_494087/input_trie par_keyword'

2022-07-19 15:14:32 - [MESSAGE][PASSED] - Text 'Gaspard' is set on object 'Object Repository/Page_Concours photo  votez pour la plus bel_494087/input_trie par_keyword'

2022-07-19 15:14:32 - [TEST_STEP][PASSED] - sendKeys(findTestObject("Page_Concours photo  votez pour la plus bel_494087/input_trie par_keyword"), Keys.chord(ENTER)): Keys 'ENTER + ' sent to object: 'Object Repository/Page_Concours photo  votez pour la plus bel_494087/input_trie par_keyword'

2022-07-19 15:14:33 - [MESSAGE][PASSED] - Keys 'ENTER + ' sent to object: 'Object Repository/Page_Concours photo  votez pour la plus bel_494087/input_trie par_keyword'

2022-07-19 15:14:33 - [TEST_STEP][PASSED] - click(findTestObject("Page_Concours photo  votez pour la plus bel_494087/tri")): Object: 'Object Repository/Page_Concours photo  votez pour la plus bel_494087/tri' is clicked on

2022-07-19 15:14:33 - [MESSAGE][PASSED] - Object: 'Object Repository/Page_Concours photo  votez pour la plus bel_494087/tri' is clicked on

2022-07-19 15:14:33 - [TEST_STEP][PASSED] - click(findTestObject("Page_Concours photo  votez pour la plus bel_494087/plus de votes")): Object: 'Object Repository/Page_Concours photo  votez pour la plus bel_494087/plus de votes' is clicked on

2022-07-19 15:14:34 - [MESSAGE][PASSED] - Object: 'Object Repository/Page_Concours photo  votez pour la plus bel_494087/plus de votes' is clicked on

2022-07-19 15:14:35 - [TEST_STEP][PASSED] - click(findTestObject("Object Repository/Page_Concours photo  votez pour la plus bel_494087/i_Votes_fa fa-heart")): Object: 'Object Repository/Page_Concours photo  votez pour la plus bel_494087/i_Votes_fa fa-heart' is clicked on

2022-07-19 15:14:36 - [MESSAGE][PASSED] - Object: 'Object Repository/Page_Concours photo  votez pour la plus bel_494087/i_Votes_fa fa-heart' is clicked on

2022-07-19 15:14:36 - [TEST_STEP][PASSED] - delay(1): Delayed 1 second(s)

2022-07-19 15:14:37 - [MESSAGE][PASSED] - Delayed 1 second(s)

2022-07-19 15:14:37 - [TEST_STEP][PASSED] - closeBrowser(): Browser is closed

2022-07-19 15:14:37 - [MESSAGE][PASSED] - Browser is closed]]></system-out>
         <system-err><![CDATA[]]></system-err>
      </testcase>
      <testcase name="Test Cases/Vote" time="24.041" classname="Test Cases/Vote" status="PASSED">
         <system-out><![CDATA[2022-07-19 15:14:37 - [TEST_CASE][PASSED] - Test Cases/Vote: Test Cases/Vote

2022-07-19 15:14:37 - [TEST_STEP][PASSED] - openBrowser(""): Browser is opened with url: ''

2022-07-19 15:14:37 - [MESSAGE][INFO] - Starting 'Chrome' driver

2022-07-19 15:14:37 - [MESSAGE][INFO] - Action delay is set to 0 milliseconds

2022-07-19 15:14:38 - [MESSAGE][PASSED] - Browser is opened with url: ''

2022-07-19 15:14:38 - [TEST_STEP][PASSED] - navigateToUrl("https://lesechosdutouquet.nordlittoral.fr/147787/article/2022-06-30/concours-photo-montrez-nous-la-plus-belle-photo-de-votre-chien-en-promenade-sur#l5lb6r47qsmp9ur58y"): Navigate to 'https://lesechosdutouquet.nordlittoral.fr/147787/article/2022-06-30/concours-photo-montrez-nous-la-plus-belle-photo-de-votre-chien-en-promenade-sur#l5lb6r47qsmp9ur58y' successfully

2022-07-19 15:14:41 - [MESSAGE][PASSED] - Navigate to 'https://lesechosdutouquet.nordlittoral.fr/147787/article/2022-06-30/concours-photo-montrez-nous-la-plus-belle-photo-de-votre-chien-en-promenade-sur#l5lb6r47qsmp9ur58y' successfully

2022-07-19 15:14:41 - [TEST_STEP][PASSED] - setViewPortSize(1920, 1080): Viewport is set to new size with width = 1920 and height = 1080

2022-07-19 15:14:41 - [MESSAGE][PASSED] - Viewport is set to new size with width = 1920 and height = 1080

2022-07-19 15:14:41 - [TEST_STEP][PASSED] - click(findTestObject("Object Repository/Page_Concours photo  votez pour la plus bel_494087/button_Accepter  Fermer")): Object: 'Object Repository/Page_Concours photo  votez pour la plus bel_494087/button_Accepter  Fermer' is clicked on

2022-07-19 15:14:42 - [MESSAGE][PASSED] - Object: 'Object Repository/Page_Concours photo  votez pour la plus bel_494087/button_Accepter  Fermer' is clicked on

2022-07-19 15:14:42 - [TEST_STEP][PASSED] - waitForElementVisible(findTestObject("Object Repository/Page_Concours photo  votez pour la plus bel_494087/a_X"), 15): Object 'Object Repository/Page_Concours photo  votez pour la plus bel_494087/a_X' is visible

2022-07-19 15:14:48 - [MESSAGE][PASSED] - Object 'Object Repository/Page_Concours photo  votez pour la plus bel_494087/a_X' is visible

2022-07-19 15:14:49 - [TEST_STEP][PASSED] - click(findTestObject("Object Repository/Page_Concours photo  votez pour la plus bel_494087/a_X")): Object: 'Object Repository/Page_Concours photo  votez pour la plus bel_494087/a_X' is clicked on

2022-07-19 15:14:49 - [MESSAGE][PASSED] - Object: 'Object Repository/Page_Concours photo  votez pour la plus bel_494087/a_X' is clicked on

2022-07-19 15:14:49 - [TEST_STEP][PASSED] - delay(1): Delayed 1 second(s)

2022-07-19 15:14:50 - [MESSAGE][PASSED] - Delayed 1 second(s)

2022-07-19 15:14:50 - [TEST_STEP][PASSED] - click(findTestObject("Object Repository/Page_Concours photo  votez pour la plus bel_494087/input_concat(Votez pour le plus beau chien de la cte d, , Opale )_jouer")): Object: 'Object Repository/Page_Concours photo  votez pour la plus bel_494087/input_concat(Votez pour le plus beau chien de la cte d, , Opale )_jouer' is clicked on

2022-07-19 15:14:51 - [MESSAGE][PASSED] - Object: 'Object Repository/Page_Concours photo  votez pour la plus bel_494087/input_concat(Votez pour le plus beau chien de la cte d, , Opale )_jouer' is clicked on

2022-07-19 15:14:51 - [TEST_STEP][PASSED] - if (verifyElementPresent(findTestObject("Page_Concours photo  votez pour la plus bel_494087/input_concat(Votez pour le plus beau chien de la cte d, , Opale )_jouer"), 1, OPTIONAL)): null

2022-07-19 15:14:52 - [MESSAGE][PASSED] - Object 'Object Repository/Page_Concours photo  votez pour la plus bel_494087/input_concat(Votez pour le plus beau chien de la cte d, , Opale )_jouer' is present

2022-07-19 15:14:52 - [TEST_STEP][PASSED] - click(findTestObject("Object Repository/Page_Concours photo  votez pour la plus bel_494087/input_concat(Votez pour le plus beau chien de la cte d, , Opale )_jouer")): Object: 'Object Repository/Page_Concours photo  votez pour la plus bel_494087/input_concat(Votez pour le plus beau chien de la cte d, , Opale )_jouer' is clicked on

2022-07-19 15:14:53 - [MESSAGE][PASSED] - Object: 'Object Repository/Page_Concours photo  votez pour la plus bel_494087/input_concat(Votez pour le plus beau chien de la cte d, , Opale )_jouer' is clicked on

2022-07-19 15:14:53 - [TEST_STEP][PASSED] - delay(1): Delayed 1 second(s)

2022-07-19 15:14:54 - [MESSAGE][PASSED] - Delayed 1 second(s)

2022-07-19 15:14:54 - [TEST_STEP][PASSED] - setText(findTestObject("Object Repository/Page_Concours photo  votez pour la plus bel_494087/input_trie par_keyword"), "Gaspard"): Text 'Gaspard' is set on object 'Object Repository/Page_Concours photo  votez pour la plus bel_494087/input_trie par_keyword'

2022-07-19 15:14:55 - [MESSAGE][PASSED] - Text 'Gaspard' is set on object 'Object Repository/Page_Concours photo  votez pour la plus bel_494087/input_trie par_keyword'

2022-07-19 15:14:55 - [TEST_STEP][PASSED] - sendKeys(findTestObject("Page_Concours photo  votez pour la plus bel_494087/input_trie par_keyword"), Keys.chord(ENTER)): Keys 'ENTER + ' sent to object: 'Object Repository/Page_Concours photo  votez pour la plus bel_494087/input_trie par_keyword'

2022-07-19 15:14:57 - [MESSAGE][PASSED] - Keys 'ENTER + ' sent to object: 'Object Repository/Page_Concours photo  votez pour la plus bel_494087/input_trie par_keyword'

2022-07-19 15:14:57 - [TEST_STEP][PASSED] - click(findTestObject("Page_Concours photo  votez pour la plus bel_494087/tri")): Object: 'Object Repository/Page_Concours photo  votez pour la plus bel_494087/tri' is clicked on

2022-07-19 15:14:57 - [MESSAGE][PASSED] - Object: 'Object Repository/Page_Concours photo  votez pour la plus bel_494087/tri' is clicked on

2022-07-19 15:14:57 - [TEST_STEP][PASSED] - click(findTestObject("Page_Concours photo  votez pour la plus bel_494087/plus de votes")): Object: 'Object Repository/Page_Concours photo  votez pour la plus bel_494087/plus de votes' is clicked on

2022-07-19 15:14:58 - [MESSAGE][PASSED] - Object: 'Object Repository/Page_Concours photo  votez pour la plus bel_494087/plus de votes' is clicked on

2022-07-19 15:14:59 - [TEST_STEP][PASSED] - click(findTestObject("Object Repository/Page_Concours photo  votez pour la plus bel_494087/i_Votes_fa fa-heart")): Object: 'Object Repository/Page_Concours photo  votez pour la plus bel_494087/i_Votes_fa fa-heart' is clicked on

2022-07-19 15:15:00 - [MESSAGE][PASSED] - Object: 'Object Repository/Page_Concours photo  votez pour la plus bel_494087/i_Votes_fa fa-heart' is clicked on

2022-07-19 15:15:00 - [TEST_STEP][PASSED] - delay(1): Delayed 1 second(s)

2022-07-19 15:15:01 - [MESSAGE][PASSED] - Delayed 1 second(s)

2022-07-19 15:15:01 - [TEST_STEP][PASSED] - closeBrowser(): Browser is closed

2022-07-19 15:15:01 - [MESSAGE][PASSED] - Browser is closed]]></system-out>
         <system-err><![CDATA[]]></system-err>
      </testcase>
      <testcase name="Test Cases/Vote" time="23.671" classname="Test Cases/Vote" status="PASSED">
         <system-out><![CDATA[2022-07-19 15:15:01 - [TEST_CASE][PASSED] - Test Cases/Vote: Test Cases/Vote

2022-07-19 15:15:01 - [TEST_STEP][PASSED] - openBrowser(""): Browser is opened with url: ''

2022-07-19 15:15:01 - [MESSAGE][INFO] - Starting 'Chrome' driver

2022-07-19 15:15:01 - [MESSAGE][INFO] - Action delay is set to 0 milliseconds

2022-07-19 15:15:02 - [MESSAGE][PASSED] - Browser is opened with url: ''

2022-07-19 15:15:02 - [TEST_STEP][PASSED] - navigateToUrl("https://lesechosdutouquet.nordlittoral.fr/147787/article/2022-06-30/concours-photo-montrez-nous-la-plus-belle-photo-de-votre-chien-en-promenade-sur#l5lb6r47qsmp9ur58y"): Navigate to 'https://lesechosdutouquet.nordlittoral.fr/147787/article/2022-06-30/concours-photo-montrez-nous-la-plus-belle-photo-de-votre-chien-en-promenade-sur#l5lb6r47qsmp9ur58y' successfully

2022-07-19 15:15:05 - [MESSAGE][PASSED] - Navigate to 'https://lesechosdutouquet.nordlittoral.fr/147787/article/2022-06-30/concours-photo-montrez-nous-la-plus-belle-photo-de-votre-chien-en-promenade-sur#l5lb6r47qsmp9ur58y' successfully

2022-07-19 15:15:05 - [TEST_STEP][PASSED] - setViewPortSize(1920, 1080): Viewport is set to new size with width = 1920 and height = 1080

2022-07-19 15:15:05 - [MESSAGE][PASSED] - Viewport is set to new size with width = 1920 and height = 1080

2022-07-19 15:15:05 - [TEST_STEP][PASSED] - click(findTestObject("Object Repository/Page_Concours photo  votez pour la plus bel_494087/button_Accepter  Fermer")): Object: 'Object Repository/Page_Concours photo  votez pour la plus bel_494087/button_Accepter  Fermer' is clicked on

2022-07-19 15:15:06 - [MESSAGE][PASSED] - Object: 'Object Repository/Page_Concours photo  votez pour la plus bel_494087/button_Accepter  Fermer' is clicked on

2022-07-19 15:15:06 - [TEST_STEP][PASSED] - waitForElementVisible(findTestObject("Object Repository/Page_Concours photo  votez pour la plus bel_494087/a_X"), 15): Object 'Object Repository/Page_Concours photo  votez pour la plus bel_494087/a_X' is visible

2022-07-19 15:15:13 - [MESSAGE][PASSED] - Object 'Object Repository/Page_Concours photo  votez pour la plus bel_494087/a_X' is visible

2022-07-19 15:15:13 - [TEST_STEP][PASSED] - click(findTestObject("Object Repository/Page_Concours photo  votez pour la plus bel_494087/a_X")): Object: 'Object Repository/Page_Concours photo  votez pour la plus bel_494087/a_X' is clicked on

2022-07-19 15:15:13 - [MESSAGE][PASSED] - Object: 'Object Repository/Page_Concours photo  votez pour la plus bel_494087/a_X' is clicked on

2022-07-19 15:15:13 - [TEST_STEP][PASSED] - delay(1): Delayed 1 second(s)

2022-07-19 15:15:14 - [MESSAGE][PASSED] - Delayed 1 second(s)

2022-07-19 15:15:14 - [TEST_STEP][PASSED] - click(findTestObject("Object Repository/Page_Concours photo  votez pour la plus bel_494087/input_concat(Votez pour le plus beau chien de la cte d, , Opale )_jouer")): Object: 'Object Repository/Page_Concours photo  votez pour la plus bel_494087/input_concat(Votez pour le plus beau chien de la cte d, , Opale )_jouer' is clicked on

2022-07-19 15:15:15 - [MESSAGE][PASSED] - Object: 'Object Repository/Page_Concours photo  votez pour la plus bel_494087/input_concat(Votez pour le plus beau chien de la cte d, , Opale )_jouer' is clicked on

2022-07-19 15:15:15 - [TEST_STEP][PASSED] - if (verifyElementPresent(findTestObject("Page_Concours photo  votez pour la plus bel_494087/input_concat(Votez pour le plus beau chien de la cte d, , Opale )_jouer"), 1, OPTIONAL)): null

2022-07-19 15:15:16 - [MESSAGE][PASSED] - Object 'Object Repository/Page_Concours photo  votez pour la plus bel_494087/input_concat(Votez pour le plus beau chien de la cte d, , Opale )_jouer' is present

2022-07-19 15:15:16 - [TEST_STEP][PASSED] - click(findTestObject("Object Repository/Page_Concours photo  votez pour la plus bel_494087/input_concat(Votez pour le plus beau chien de la cte d, , Opale )_jouer")): Object: 'Object Repository/Page_Concours photo  votez pour la plus bel_494087/input_concat(Votez pour le plus beau chien de la cte d, , Opale )_jouer' is clicked on

2022-07-19 15:15:17 - [MESSAGE][PASSED] - Object: 'Object Repository/Page_Concours photo  votez pour la plus bel_494087/input_concat(Votez pour le plus beau chien de la cte d, , Opale )_jouer' is clicked on

2022-07-19 15:15:17 - [TEST_STEP][PASSED] - delay(1): Delayed 1 second(s)

2022-07-19 15:15:18 - [MESSAGE][PASSED] - Delayed 1 second(s)

2022-07-19 15:15:18 - [TEST_STEP][PASSED] - setText(findTestObject("Object Repository/Page_Concours photo  votez pour la plus bel_494087/input_trie par_keyword"), "Gaspard"): Text 'Gaspard' is set on object 'Object Repository/Page_Concours photo  votez pour la plus bel_494087/input_trie par_keyword'

2022-07-19 15:15:19 - [MESSAGE][PASSED] - Text 'Gaspard' is set on object 'Object Repository/Page_Concours photo  votez pour la plus bel_494087/input_trie par_keyword'

2022-07-19 15:15:19 - [TEST_STEP][PASSED] - sendKeys(findTestObject("Page_Concours photo  votez pour la plus bel_494087/input_trie par_keyword"), Keys.chord(ENTER)): Keys 'ENTER + ' sent to object: 'Object Repository/Page_Concours photo  votez pour la plus bel_494087/input_trie par_keyword'

2022-07-19 15:15:21 - [MESSAGE][PASSED] - Keys 'ENTER + ' sent to object: 'Object Repository/Page_Concours photo  votez pour la plus bel_494087/input_trie par_keyword'

2022-07-19 15:15:21 - [TEST_STEP][PASSED] - click(findTestObject("Page_Concours photo  votez pour la plus bel_494087/tri")): Object: 'Object Repository/Page_Concours photo  votez pour la plus bel_494087/tri' is clicked on

2022-07-19 15:15:21 - [MESSAGE][PASSED] - Object: 'Object Repository/Page_Concours photo  votez pour la plus bel_494087/tri' is clicked on

2022-07-19 15:15:21 - [TEST_STEP][PASSED] - click(findTestObject("Page_Concours photo  votez pour la plus bel_494087/plus de votes")): Object: 'Object Repository/Page_Concours photo  votez pour la plus bel_494087/plus de votes' is clicked on

2022-07-19 15:15:22 - [MESSAGE][PASSED] - Object: 'Object Repository/Page_Concours photo  votez pour la plus bel_494087/plus de votes' is clicked on

2022-07-19 15:15:23 - [TEST_STEP][PASSED] - click(findTestObject("Object Repository/Page_Concours photo  votez pour la plus bel_494087/i_Votes_fa fa-heart")): Object: 'Object Repository/Page_Concours photo  votez pour la plus bel_494087/i_Votes_fa fa-heart' is clicked on

2022-07-19 15:15:23 - [MESSAGE][PASSED] - Object: 'Object Repository/Page_Concours photo  votez pour la plus bel_494087/i_Votes_fa fa-heart' is clicked on

2022-07-19 15:15:23 - [TEST_STEP][PASSED] - delay(1): Delayed 1 second(s)

2022-07-19 15:15:24 - [MESSAGE][PASSED] - Delayed 1 second(s)

2022-07-19 15:15:24 - [TEST_STEP][PASSED] - closeBrowser(): Browser is closed

2022-07-19 15:15:25 - [MESSAGE][PASSED] - Browser is closed]]></system-out>
         <system-err><![CDATA[]]></system-err>
      </testcase>
      <testcase name="Test Cases/Vote" time="23.567" classname="Test Cases/Vote" status="PASSED">
         <system-out><![CDATA[2022-07-19 15:15:25 - [TEST_CASE][PASSED] - Test Cases/Vote: Test Cases/Vote

2022-07-19 15:15:25 - [TEST_STEP][PASSED] - openBrowser(""): Browser is opened with url: ''

2022-07-19 15:15:25 - [MESSAGE][INFO] - Starting 'Chrome' driver

2022-07-19 15:15:25 - [MESSAGE][INFO] - Action delay is set to 0 milliseconds

2022-07-19 15:15:26 - [MESSAGE][PASSED] - Browser is opened with url: ''

2022-07-19 15:15:26 - [TEST_STEP][PASSED] - navigateToUrl("https://lesechosdutouquet.nordlittoral.fr/147787/article/2022-06-30/concours-photo-montrez-nous-la-plus-belle-photo-de-votre-chien-en-promenade-sur#l5lb6r47qsmp9ur58y"): Navigate to 'https://lesechosdutouquet.nordlittoral.fr/147787/article/2022-06-30/concours-photo-montrez-nous-la-plus-belle-photo-de-votre-chien-en-promenade-sur#l5lb6r47qsmp9ur58y' successfully

2022-07-19 15:15:28 - [MESSAGE][PASSED] - Navigate to 'https://lesechosdutouquet.nordlittoral.fr/147787/article/2022-06-30/concours-photo-montrez-nous-la-plus-belle-photo-de-votre-chien-en-promenade-sur#l5lb6r47qsmp9ur58y' successfully

2022-07-19 15:15:28 - [TEST_STEP][PASSED] - setViewPortSize(1920, 1080): Viewport is set to new size with width = 1920 and height = 1080

2022-07-19 15:15:29 - [MESSAGE][PASSED] - Viewport is set to new size with width = 1920 and height = 1080

2022-07-19 15:15:29 - [TEST_STEP][PASSED] - click(findTestObject("Object Repository/Page_Concours photo  votez pour la plus bel_494087/button_Accepter  Fermer")): Object: 'Object Repository/Page_Concours photo  votez pour la plus bel_494087/button_Accepter  Fermer' is clicked on

2022-07-19 15:15:30 - [MESSAGE][PASSED] - Object: 'Object Repository/Page_Concours photo  votez pour la plus bel_494087/button_Accepter  Fermer' is clicked on

2022-07-19 15:15:30 - [TEST_STEP][PASSED] - waitForElementVisible(findTestObject("Object Repository/Page_Concours photo  votez pour la plus bel_494087/a_X"), 15): Object 'Object Repository/Page_Concours photo  votez pour la plus bel_494087/a_X' is visible

2022-07-19 15:15:36 - [MESSAGE][PASSED] - Object 'Object Repository/Page_Concours photo  votez pour la plus bel_494087/a_X' is visible

2022-07-19 15:15:36 - [TEST_STEP][PASSED] - click(findTestObject("Object Repository/Page_Concours photo  votez pour la plus bel_494087/a_X")): Object: 'Object Repository/Page_Concours photo  votez pour la plus bel_494087/a_X' is clicked on

2022-07-19 15:15:36 - [MESSAGE][PASSED] - Object: 'Object Repository/Page_Concours photo  votez pour la plus bel_494087/a_X' is clicked on

2022-07-19 15:15:36 - [TEST_STEP][PASSED] - delay(1): Delayed 1 second(s)

2022-07-19 15:15:37 - [MESSAGE][PASSED] - Delayed 1 second(s)

2022-07-19 15:15:37 - [TEST_STEP][PASSED] - click(findTestObject("Object Repository/Page_Concours photo  votez pour la plus bel_494087/input_concat(Votez pour le plus beau chien de la cte d, , Opale )_jouer")): Object: 'Object Repository/Page_Concours photo  votez pour la plus bel_494087/input_concat(Votez pour le plus beau chien de la cte d, , Opale )_jouer' is clicked on

2022-07-19 15:15:38 - [MESSAGE][PASSED] - Object: 'Object Repository/Page_Concours photo  votez pour la plus bel_494087/input_concat(Votez pour le plus beau chien de la cte d, , Opale )_jouer' is clicked on

2022-07-19 15:15:38 - [TEST_STEP][PASSED] - if (verifyElementPresent(findTestObject("Page_Concours photo  votez pour la plus bel_494087/input_concat(Votez pour le plus beau chien de la cte d, , Opale )_jouer"), 1, OPTIONAL)): null

2022-07-19 15:15:39 - [MESSAGE][PASSED] - Object 'Object Repository/Page_Concours photo  votez pour la plus bel_494087/input_concat(Votez pour le plus beau chien de la cte d, , Opale )_jouer' is present

2022-07-19 15:15:39 - [TEST_STEP][PASSED] - click(findTestObject("Object Repository/Page_Concours photo  votez pour la plus bel_494087/input_concat(Votez pour le plus beau chien de la cte d, , Opale )_jouer")): Object: 'Object Repository/Page_Concours photo  votez pour la plus bel_494087/input_concat(Votez pour le plus beau chien de la cte d, , Opale )_jouer' is clicked on

2022-07-19 15:15:40 - [MESSAGE][PASSED] - Object: 'Object Repository/Page_Concours photo  votez pour la plus bel_494087/input_concat(Votez pour le plus beau chien de la cte d, , Opale )_jouer' is clicked on

2022-07-19 15:15:40 - [TEST_STEP][PASSED] - delay(1): Delayed 1 second(s)

2022-07-19 15:15:41 - [MESSAGE][PASSED] - Delayed 1 second(s)

2022-07-19 15:15:41 - [TEST_STEP][PASSED] - setText(findTestObject("Object Repository/Page_Concours photo  votez pour la plus bel_494087/input_trie par_keyword"), "Gaspard"): Text 'Gaspard' is set on object 'Object Repository/Page_Concours photo  votez pour la plus bel_494087/input_trie par_keyword'

2022-07-19 15:15:42 - [MESSAGE][PASSED] - Text 'Gaspard' is set on object 'Object Repository/Page_Concours photo  votez pour la plus bel_494087/input_trie par_keyword'

2022-07-19 15:15:42 - [TEST_STEP][PASSED] - sendKeys(findTestObject("Page_Concours photo  votez pour la plus bel_494087/input_trie par_keyword"), Keys.chord(ENTER)): Keys 'ENTER + ' sent to object: 'Object Repository/Page_Concours photo  votez pour la plus bel_494087/input_trie par_keyword'

2022-07-19 15:15:44 - [MESSAGE][PASSED] - Keys 'ENTER + ' sent to object: 'Object Repository/Page_Concours photo  votez pour la plus bel_494087/input_trie par_keyword'

2022-07-19 15:15:44 - [TEST_STEP][PASSED] - click(findTestObject("Page_Concours photo  votez pour la plus bel_494087/tri")): Object: 'Object Repository/Page_Concours photo  votez pour la plus bel_494087/tri' is clicked on

2022-07-19 15:15:44 - [MESSAGE][PASSED] - Object: 'Object Repository/Page_Concours photo  votez pour la plus bel_494087/tri' is clicked on

2022-07-19 15:15:44 - [TEST_STEP][PASSED] - click(findTestObject("Page_Concours photo  votez pour la plus bel_494087/plus de votes")): Object: 'Object Repository/Page_Concours photo  votez pour la plus bel_494087/plus de votes' is clicked on

2022-07-19 15:15:45 - [MESSAGE][PASSED] - Object: 'Object Repository/Page_Concours photo  votez pour la plus bel_494087/plus de votes' is clicked on

2022-07-19 15:15:46 - [TEST_STEP][PASSED] - click(findTestObject("Object Repository/Page_Concours photo  votez pour la plus bel_494087/i_Votes_fa fa-heart")): Object: 'Object Repository/Page_Concours photo  votez pour la plus bel_494087/i_Votes_fa fa-heart' is clicked on

2022-07-19 15:15:47 - [MESSAGE][PASSED] - Object: 'Object Repository/Page_Concours photo  votez pour la plus bel_494087/i_Votes_fa fa-heart' is clicked on

2022-07-19 15:15:47 - [TEST_STEP][PASSED] - delay(1): Delayed 1 second(s)

2022-07-19 15:15:48 - [MESSAGE][PASSED] - Delayed 1 second(s)

2022-07-19 15:15:48 - [TEST_STEP][PASSED] - closeBrowser(): Browser is closed

2022-07-19 15:15:48 - [MESSAGE][PASSED] - Browser is closed]]></system-out>
         <system-err><![CDATA[]]></system-err>
      </testcase>
      <testcase name="Test Cases/Vote" time="27.723" classname="Test Cases/Vote" status="PASSED">
         <system-out><![CDATA[2022-07-19 15:15:48 - [TEST_CASE][PASSED] - Test Cases/Vote: Test Cases/Vote

2022-07-19 15:15:48 - [TEST_STEP][PASSED] - openBrowser(""): Browser is opened with url: ''

2022-07-19 15:15:48 - [MESSAGE][INFO] - Starting 'Chrome' driver

2022-07-19 15:15:48 - [MESSAGE][INFO] - Action delay is set to 0 milliseconds

2022-07-19 15:15:49 - [MESSAGE][PASSED] - Browser is opened with url: ''

2022-07-19 15:15:49 - [TEST_STEP][PASSED] - navigateToUrl("https://lesechosdutouquet.nordlittoral.fr/147787/article/2022-06-30/concours-photo-montrez-nous-la-plus-belle-photo-de-votre-chien-en-promenade-sur#l5lb6r47qsmp9ur58y"): Navigate to 'https://lesechosdutouquet.nordlittoral.fr/147787/article/2022-06-30/concours-photo-montrez-nous-la-plus-belle-photo-de-votre-chien-en-promenade-sur#l5lb6r47qsmp9ur58y' successfully

2022-07-19 15:15:51 - [MESSAGE][PASSED] - Navigate to 'https://lesechosdutouquet.nordlittoral.fr/147787/article/2022-06-30/concours-photo-montrez-nous-la-plus-belle-photo-de-votre-chien-en-promenade-sur#l5lb6r47qsmp9ur58y' successfully

2022-07-19 15:15:51 - [TEST_STEP][PASSED] - setViewPortSize(1920, 1080): Viewport is set to new size with width = 1920 and height = 1080

2022-07-19 15:15:51 - [MESSAGE][PASSED] - Viewport is set to new size with width = 1920 and height = 1080

2022-07-19 15:15:51 - [TEST_STEP][PASSED] - click(findTestObject("Object Repository/Page_Concours photo  votez pour la plus bel_494087/button_Accepter  Fermer")): Object: 'Object Repository/Page_Concours photo  votez pour la plus bel_494087/button_Accepter  Fermer' is clicked on

2022-07-19 15:15:57 - [MESSAGE][PASSED] - Object: 'Object Repository/Page_Concours photo  votez pour la plus bel_494087/button_Accepter  Fermer' is clicked on

2022-07-19 15:15:57 - [TEST_STEP][PASSED] - waitForElementVisible(findTestObject("Object Repository/Page_Concours photo  votez pour la plus bel_494087/a_X"), 15): Object 'Object Repository/Page_Concours photo  votez pour la plus bel_494087/a_X' is visible

2022-07-19 15:16:04 - [MESSAGE][PASSED] - Object 'Object Repository/Page_Concours photo  votez pour la plus bel_494087/a_X' is visible

2022-07-19 15:16:04 - [TEST_STEP][PASSED] - click(findTestObject("Object Repository/Page_Concours photo  votez pour la plus bel_494087/a_X")): Object: 'Object Repository/Page_Concours photo  votez pour la plus bel_494087/a_X' is clicked on

2022-07-19 15:16:04 - [MESSAGE][PASSED] - Object: 'Object Repository/Page_Concours photo  votez pour la plus bel_494087/a_X' is clicked on

2022-07-19 15:16:04 - [TEST_STEP][PASSED] - delay(1): Delayed 1 second(s)

2022-07-19 15:16:05 - [MESSAGE][PASSED] - Delayed 1 second(s)

2022-07-19 15:16:05 - [TEST_STEP][PASSED] - click(findTestObject("Object Repository/Page_Concours photo  votez pour la plus bel_494087/input_concat(Votez pour le plus beau chien de la cte d, , Opale )_jouer")): Object: 'Object Repository/Page_Concours photo  votez pour la plus bel_494087/input_concat(Votez pour le plus beau chien de la cte d, , Opale )_jouer' is clicked on

2022-07-19 15:16:06 - [MESSAGE][PASSED] - Object: 'Object Repository/Page_Concours photo  votez pour la plus bel_494087/input_concat(Votez pour le plus beau chien de la cte d, , Opale )_jouer' is clicked on

2022-07-19 15:16:06 - [TEST_STEP][PASSED] - if (verifyElementPresent(findTestObject("Page_Concours photo  votez pour la plus bel_494087/input_concat(Votez pour le plus beau chien de la cte d, , Opale )_jouer"), 1, OPTIONAL)): null

2022-07-19 15:16:07 - [MESSAGE][PASSED] - Object 'Object Repository/Page_Concours photo  votez pour la plus bel_494087/input_concat(Votez pour le plus beau chien de la cte d, , Opale )_jouer' is present

2022-07-19 15:16:07 - [TEST_STEP][PASSED] - click(findTestObject("Object Repository/Page_Concours photo  votez pour la plus bel_494087/input_concat(Votez pour le plus beau chien de la cte d, , Opale )_jouer")): Object: 'Object Repository/Page_Concours photo  votez pour la plus bel_494087/input_concat(Votez pour le plus beau chien de la cte d, , Opale )_jouer' is clicked on

2022-07-19 15:16:07 - [MESSAGE][PASSED] - Object: 'Object Repository/Page_Concours photo  votez pour la plus bel_494087/input_concat(Votez pour le plus beau chien de la cte d, , Opale )_jouer' is clicked on

2022-07-19 15:16:07 - [TEST_STEP][PASSED] - delay(1): Delayed 1 second(s)

2022-07-19 15:16:08 - [MESSAGE][PASSED] - Delayed 1 second(s)

2022-07-19 15:16:08 - [TEST_STEP][PASSED] - setText(findTestObject("Object Repository/Page_Concours photo  votez pour la plus bel_494087/input_trie par_keyword"), "Gaspard"): Text 'Gaspard' is set on object 'Object Repository/Page_Concours photo  votez pour la plus bel_494087/input_trie par_keyword'

2022-07-19 15:16:10 - [MESSAGE][PASSED] - Text 'Gaspard' is set on object 'Object Repository/Page_Concours photo  votez pour la plus bel_494087/input_trie par_keyword'

2022-07-19 15:16:10 - [TEST_STEP][PASSED] - sendKeys(findTestObject("Page_Concours photo  votez pour la plus bel_494087/input_trie par_keyword"), Keys.chord(ENTER)): Keys 'ENTER + ' sent to object: 'Object Repository/Page_Concours photo  votez pour la plus bel_494087/input_trie par_keyword'

2022-07-19 15:16:12 - [MESSAGE][PASSED] - Keys 'ENTER + ' sent to object: 'Object Repository/Page_Concours photo  votez pour la plus bel_494087/input_trie par_keyword'

2022-07-19 15:16:12 - [TEST_STEP][PASSED] - click(findTestObject("Page_Concours photo  votez pour la plus bel_494087/tri")): Object: 'Object Repository/Page_Concours photo  votez pour la plus bel_494087/tri' is clicked on

2022-07-19 15:16:12 - [MESSAGE][PASSED] - Object: 'Object Repository/Page_Concours photo  votez pour la plus bel_494087/tri' is clicked on

2022-07-19 15:16:12 - [TEST_STEP][PASSED] - click(findTestObject("Page_Concours photo  votez pour la plus bel_494087/plus de votes")): Object: 'Object Repository/Page_Concours photo  votez pour la plus bel_494087/plus de votes' is clicked on

2022-07-19 15:16:13 - [MESSAGE][PASSED] - Object: 'Object Repository/Page_Concours photo  votez pour la plus bel_494087/plus de votes' is clicked on

2022-07-19 15:16:14 - [TEST_STEP][PASSED] - click(findTestObject("Object Repository/Page_Concours photo  votez pour la plus bel_494087/i_Votes_fa fa-heart")): Object: 'Object Repository/Page_Concours photo  votez pour la plus bel_494087/i_Votes_fa fa-heart' is clicked on

2022-07-19 15:16:15 - [MESSAGE][PASSED] - Object: 'Object Repository/Page_Concours photo  votez pour la plus bel_494087/i_Votes_fa fa-heart' is clicked on

2022-07-19 15:16:15 - [TEST_STEP][PASSED] - delay(1): Delayed 1 second(s)

2022-07-19 15:16:16 - [MESSAGE][PASSED] - Delayed 1 second(s)

2022-07-19 15:16:16 - [TEST_STEP][PASSED] - closeBrowser(): Browser is closed

2022-07-19 15:16:16 - [MESSAGE][PASSED] - Browser is closed]]></system-out>
         <system-err><![CDATA[]]></system-err>
      </testcase>
      <testcase name="Test Cases/Vote" time="23.216" classname="Test Cases/Vote" status="PASSED">
         <system-out><![CDATA[2022-07-19 15:16:16 - [TEST_CASE][PASSED] - Test Cases/Vote: Test Cases/Vote

2022-07-19 15:16:16 - [TEST_STEP][PASSED] - openBrowser(""): Browser is opened with url: ''

2022-07-19 15:16:16 - [MESSAGE][INFO] - Starting 'Chrome' driver

2022-07-19 15:16:16 - [MESSAGE][INFO] - Action delay is set to 0 milliseconds

2022-07-19 15:16:17 - [MESSAGE][PASSED] - Browser is opened with url: ''

2022-07-19 15:16:17 - [TEST_STEP][PASSED] - navigateToUrl("https://lesechosdutouquet.nordlittoral.fr/147787/article/2022-06-30/concours-photo-montrez-nous-la-plus-belle-photo-de-votre-chien-en-promenade-sur#l5lb6r47qsmp9ur58y"): Navigate to 'https://lesechosdutouquet.nordlittoral.fr/147787/article/2022-06-30/concours-photo-montrez-nous-la-plus-belle-photo-de-votre-chien-en-promenade-sur#l5lb6r47qsmp9ur58y' successfully

2022-07-19 15:16:20 - [MESSAGE][PASSED] - Navigate to 'https://lesechosdutouquet.nordlittoral.fr/147787/article/2022-06-30/concours-photo-montrez-nous-la-plus-belle-photo-de-votre-chien-en-promenade-sur#l5lb6r47qsmp9ur58y' successfully

2022-07-19 15:16:20 - [TEST_STEP][PASSED] - setViewPortSize(1920, 1080): Viewport is set to new size with width = 1920 and height = 1080

2022-07-19 15:16:20 - [MESSAGE][PASSED] - Viewport is set to new size with width = 1920 and height = 1080

2022-07-19 15:16:20 - [TEST_STEP][PASSED] - click(findTestObject("Object Repository/Page_Concours photo  votez pour la plus bel_494087/button_Accepter  Fermer")): Object: 'Object Repository/Page_Concours photo  votez pour la plus bel_494087/button_Accepter  Fermer' is clicked on

2022-07-19 15:16:21 - [MESSAGE][PASSED] - Object: 'Object Repository/Page_Concours photo  votez pour la plus bel_494087/button_Accepter  Fermer' is clicked on

2022-07-19 15:16:21 - [TEST_STEP][PASSED] - waitForElementVisible(findTestObject("Object Repository/Page_Concours photo  votez pour la plus bel_494087/a_X"), 15): Object 'Object Repository/Page_Concours photo  votez pour la plus bel_494087/a_X' is visible

2022-07-19 15:16:28 - [MESSAGE][PASSED] - Object 'Object Repository/Page_Concours photo  votez pour la plus bel_494087/a_X' is visible

2022-07-19 15:16:28 - [TEST_STEP][PASSED] - click(findTestObject("Object Repository/Page_Concours photo  votez pour la plus bel_494087/a_X")): Object: 'Object Repository/Page_Concours photo  votez pour la plus bel_494087/a_X' is clicked on

2022-07-19 15:16:28 - [MESSAGE][PASSED] - Object: 'Object Repository/Page_Concours photo  votez pour la plus bel_494087/a_X' is clicked on

2022-07-19 15:16:28 - [TEST_STEP][PASSED] - delay(1): Delayed 1 second(s)

2022-07-19 15:16:29 - [MESSAGE][PASSED] - Delayed 1 second(s)

2022-07-19 15:16:29 - [TEST_STEP][PASSED] - click(findTestObject("Object Repository/Page_Concours photo  votez pour la plus bel_494087/input_concat(Votez pour le plus beau chien de la cte d, , Opale )_jouer")): Object: 'Object Repository/Page_Concours photo  votez pour la plus bel_494087/input_concat(Votez pour le plus beau chien de la cte d, , Opale )_jouer' is clicked on

2022-07-19 15:16:30 - [MESSAGE][PASSED] - Object: 'Object Repository/Page_Concours photo  votez pour la plus bel_494087/input_concat(Votez pour le plus beau chien de la cte d, , Opale )_jouer' is clicked on

2022-07-19 15:16:30 - [TEST_STEP][PASSED] - if (verifyElementPresent(findTestObject("Page_Concours photo  votez pour la plus bel_494087/input_concat(Votez pour le plus beau chien de la cte d, , Opale )_jouer"), 1, OPTIONAL)): null

2022-07-19 15:16:31 - [MESSAGE][PASSED] - Object 'Object Repository/Page_Concours photo  votez pour la plus bel_494087/input_concat(Votez pour le plus beau chien de la cte d, , Opale )_jouer' is present

2022-07-19 15:16:31 - [TEST_STEP][PASSED] - click(findTestObject("Object Repository/Page_Concours photo  votez pour la plus bel_494087/input_concat(Votez pour le plus beau chien de la cte d, , Opale )_jouer")): Object: 'Object Repository/Page_Concours photo  votez pour la plus bel_494087/input_concat(Votez pour le plus beau chien de la cte d, , Opale )_jouer' is clicked on

2022-07-19 15:16:32 - [MESSAGE][PASSED] - Object: 'Object Repository/Page_Concours photo  votez pour la plus bel_494087/input_concat(Votez pour le plus beau chien de la cte d, , Opale )_jouer' is clicked on

2022-07-19 15:16:32 - [TEST_STEP][PASSED] - delay(1): Delayed 1 second(s)

2022-07-19 15:16:33 - [MESSAGE][PASSED] - Delayed 1 second(s)

2022-07-19 15:16:33 - [TEST_STEP][PASSED] - setText(findTestObject("Object Repository/Page_Concours photo  votez pour la plus bel_494087/input_trie par_keyword"), "Gaspard"): Text 'Gaspard' is set on object 'Object Repository/Page_Concours photo  votez pour la plus bel_494087/input_trie par_keyword'

2022-07-19 15:16:34 - [MESSAGE][PASSED] - Text 'Gaspard' is set on object 'Object Repository/Page_Concours photo  votez pour la plus bel_494087/input_trie par_keyword'

2022-07-19 15:16:34 - [TEST_STEP][PASSED] - sendKeys(findTestObject("Page_Concours photo  votez pour la plus bel_494087/input_trie par_keyword"), Keys.chord(ENTER)): Keys 'ENTER + ' sent to object: 'Object Repository/Page_Concours photo  votez pour la plus bel_494087/input_trie par_keyword'

2022-07-19 15:16:35 - [MESSAGE][PASSED] - Keys 'ENTER + ' sent to object: 'Object Repository/Page_Concours photo  votez pour la plus bel_494087/input_trie par_keyword'

2022-07-19 15:16:35 - [TEST_STEP][PASSED] - click(findTestObject("Page_Concours photo  votez pour la plus bel_494087/tri")): Object: 'Object Repository/Page_Concours photo  votez pour la plus bel_494087/tri' is clicked on

2022-07-19 15:16:36 - [MESSAGE][PASSED] - Object: 'Object Repository/Page_Concours photo  votez pour la plus bel_494087/tri' is clicked on

2022-07-19 15:16:36 - [TEST_STEP][PASSED] - click(findTestObject("Page_Concours photo  votez pour la plus bel_494087/plus de votes")): Object: 'Object Repository/Page_Concours photo  votez pour la plus bel_494087/plus de votes' is clicked on

2022-07-19 15:16:37 - [MESSAGE][PASSED] - Object: 'Object Repository/Page_Concours photo  votez pour la plus bel_494087/plus de votes' is clicked on

2022-07-19 15:16:37 - [TEST_STEP][PASSED] - click(findTestObject("Object Repository/Page_Concours photo  votez pour la plus bel_494087/i_Votes_fa fa-heart")): Object: 'Object Repository/Page_Concours photo  votez pour la plus bel_494087/i_Votes_fa fa-heart' is clicked on

2022-07-19 15:16:38 - [MESSAGE][PASSED] - Object: 'Object Repository/Page_Concours photo  votez pour la plus bel_494087/i_Votes_fa fa-heart' is clicked on

2022-07-19 15:16:38 - [TEST_STEP][PASSED] - delay(1): Delayed 1 second(s)

2022-07-19 15:16:39 - [MESSAGE][PASSED] - Delayed 1 second(s)

2022-07-19 15:16:39 - [TEST_STEP][PASSED] - closeBrowser(): Browser is closed

2022-07-19 15:16:39 - [MESSAGE][PASSED] - Browser is closed]]></system-out>
         <system-err><![CDATA[]]></system-err>
      </testcase>
      <testcase name="Test Cases/Vote" time="27.067" classname="Test Cases/Vote" status="PASSED">
         <system-out><![CDATA[2022-07-19 15:16:39 - [TEST_CASE][PASSED] - Test Cases/Vote: Test Cases/Vote

2022-07-19 15:16:39 - [TEST_STEP][PASSED] - openBrowser(""): Browser is opened with url: ''

2022-07-19 15:16:39 - [MESSAGE][INFO] - Starting 'Chrome' driver

2022-07-19 15:16:39 - [MESSAGE][INFO] - Action delay is set to 0 milliseconds

2022-07-19 15:16:40 - [MESSAGE][PASSED] - Browser is opened with url: ''

2022-07-19 15:16:40 - [TEST_STEP][PASSED] - navigateToUrl("https://lesechosdutouquet.nordlittoral.fr/147787/article/2022-06-30/concours-photo-montrez-nous-la-plus-belle-photo-de-votre-chien-en-promenade-sur#l5lb6r47qsmp9ur58y"): Navigate to 'https://lesechosdutouquet.nordlittoral.fr/147787/article/2022-06-30/concours-photo-montrez-nous-la-plus-belle-photo-de-votre-chien-en-promenade-sur#l5lb6r47qsmp9ur58y' successfully

2022-07-19 15:16:43 - [MESSAGE][PASSED] - Navigate to 'https://lesechosdutouquet.nordlittoral.fr/147787/article/2022-06-30/concours-photo-montrez-nous-la-plus-belle-photo-de-votre-chien-en-promenade-sur#l5lb6r47qsmp9ur58y' successfully

2022-07-19 15:16:43 - [TEST_STEP][PASSED] - setViewPortSize(1920, 1080): Viewport is set to new size with width = 1920 and height = 1080

2022-07-19 15:16:43 - [MESSAGE][PASSED] - Viewport is set to new size with width = 1920 and height = 1080

2022-07-19 15:16:43 - [TEST_STEP][PASSED] - click(findTestObject("Object Repository/Page_Concours photo  votez pour la plus bel_494087/button_Accepter  Fermer")): Object: 'Object Repository/Page_Concours photo  votez pour la plus bel_494087/button_Accepter  Fermer' is clicked on

2022-07-19 15:16:44 - [MESSAGE][PASSED] - Object: 'Object Repository/Page_Concours photo  votez pour la plus bel_494087/button_Accepter  Fermer' is clicked on

2022-07-19 15:16:44 - [TEST_STEP][PASSED] - waitForElementVisible(findTestObject("Object Repository/Page_Concours photo  votez pour la plus bel_494087/a_X"), 15): Object 'Object Repository/Page_Concours photo  votez pour la plus bel_494087/a_X' is visible

2022-07-19 15:16:51 - [MESSAGE][PASSED] - Object 'Object Repository/Page_Concours photo  votez pour la plus bel_494087/a_X' is visible

2022-07-19 15:16:51 - [TEST_STEP][PASSED] - click(findTestObject("Object Repository/Page_Concours photo  votez pour la plus bel_494087/a_X")): Object: 'Object Repository/Page_Concours photo  votez pour la plus bel_494087/a_X' is clicked on

2022-07-19 15:16:52 - [MESSAGE][PASSED] - Object: 'Object Repository/Page_Concours photo  votez pour la plus bel_494087/a_X' is clicked on

2022-07-19 15:16:52 - [TEST_STEP][PASSED] - delay(1): Delayed 1 second(s)

2022-07-19 15:16:53 - [MESSAGE][PASSED] - Delayed 1 second(s)

2022-07-19 15:16:53 - [TEST_STEP][PASSED] - click(findTestObject("Object Repository/Page_Concours photo  votez pour la plus bel_494087/input_concat(Votez pour le plus beau chien de la cte d, , Opale )_jouer")): Object: 'Object Repository/Page_Concours photo  votez pour la plus bel_494087/input_concat(Votez pour le plus beau chien de la cte d, , Opale )_jouer' is clicked on

2022-07-19 15:16:53 - [MESSAGE][PASSED] - Object: 'Object Repository/Page_Concours photo  votez pour la plus bel_494087/input_concat(Votez pour le plus beau chien de la cte d, , Opale )_jouer' is clicked on

2022-07-19 15:16:53 - [TEST_STEP][PASSED] - if (verifyElementPresent(findTestObject("Page_Concours photo  votez pour la plus bel_494087/input_concat(Votez pour le plus beau chien de la cte d, , Opale )_jouer"), 1, OPTIONAL)): null

2022-07-19 15:16:56 - [MESSAGE][PASSED] - Object 'Object Repository/Page_Concours photo  votez pour la plus bel_494087/input_concat(Votez pour le plus beau chien de la cte d, , Opale )_jouer' is present

2022-07-19 15:16:56 - [TEST_STEP][PASSED] - click(findTestObject("Object Repository/Page_Concours photo  votez pour la plus bel_494087/input_concat(Votez pour le plus beau chien de la cte d, , Opale )_jouer")): Object: 'Object Repository/Page_Concours photo  votez pour la plus bel_494087/input_concat(Votez pour le plus beau chien de la cte d, , Opale )_jouer' is clicked on

2022-07-19 15:16:56 - [MESSAGE][PASSED] - Object: 'Object Repository/Page_Concours photo  votez pour la plus bel_494087/input_concat(Votez pour le plus beau chien de la cte d, , Opale )_jouer' is clicked on

2022-07-19 15:16:56 - [TEST_STEP][PASSED] - delay(1): Delayed 1 second(s)

2022-07-19 15:16:57 - [MESSAGE][PASSED] - Delayed 1 second(s)

2022-07-19 15:16:57 - [TEST_STEP][PASSED] - setText(findTestObject("Object Repository/Page_Concours photo  votez pour la plus bel_494087/input_trie par_keyword"), "Gaspard"): Text 'Gaspard' is set on object 'Object Repository/Page_Concours photo  votez pour la plus bel_494087/input_trie par_keyword'

2022-07-19 15:17:00 - [MESSAGE][PASSED] - Text 'Gaspard' is set on object 'Object Repository/Page_Concours photo  votez pour la plus bel_494087/input_trie par_keyword'

2022-07-19 15:17:00 - [TEST_STEP][PASSED] - sendKeys(findTestObject("Page_Concours photo  votez pour la plus bel_494087/input_trie par_keyword"), Keys.chord(ENTER)): Keys 'ENTER + ' sent to object: 'Object Repository/Page_Concours photo  votez pour la plus bel_494087/input_trie par_keyword'

2022-07-19 15:17:02 - [MESSAGE][PASSED] - Keys 'ENTER + ' sent to object: 'Object Repository/Page_Concours photo  votez pour la plus bel_494087/input_trie par_keyword'

2022-07-19 15:17:02 - [TEST_STEP][PASSED] - click(findTestObject("Page_Concours photo  votez pour la plus bel_494087/tri")): Object: 'Object Repository/Page_Concours photo  votez pour la plus bel_494087/tri' is clicked on

2022-07-19 15:17:02 - [MESSAGE][PASSED] - Object: 'Object Repository/Page_Concours photo  votez pour la plus bel_494087/tri' is clicked on

2022-07-19 15:17:02 - [TEST_STEP][PASSED] - click(findTestObject("Page_Concours photo  votez pour la plus bel_494087/plus de votes")): Object: 'Object Repository/Page_Concours photo  votez pour la plus bel_494087/plus de votes' is clicked on

2022-07-19 15:17:03 - [MESSAGE][PASSED] - Object: 'Object Repository/Page_Concours photo  votez pour la plus bel_494087/plus de votes' is clicked on

2022-07-19 15:17:04 - [TEST_STEP][PASSED] - click(findTestObject("Object Repository/Page_Concours photo  votez pour la plus bel_494087/i_Votes_fa fa-heart")): Object: 'Object Repository/Page_Concours photo  votez pour la plus bel_494087/i_Votes_fa fa-heart' is clicked on

2022-07-19 15:17:05 - [MESSAGE][PASSED] - Object: 'Object Repository/Page_Concours photo  votez pour la plus bel_494087/i_Votes_fa fa-heart' is clicked on

2022-07-19 15:17:05 - [TEST_STEP][PASSED] - delay(1): Delayed 1 second(s)

2022-07-19 15:17:06 - [MESSAGE][PASSED] - Delayed 1 second(s)

2022-07-19 15:17:06 - [TEST_STEP][PASSED] - closeBrowser(): Browser is closed

2022-07-19 15:17:06 - [MESSAGE][PASSED] - Browser is closed]]></system-out>
         <system-err><![CDATA[]]></system-err>
      </testcase>
      <testcase name="Test Cases/Vote" time="23.624" classname="Test Cases/Vote" status="PASSED">
         <system-out><![CDATA[2022-07-19 15:17:06 - [TEST_CASE][PASSED] - Test Cases/Vote: Test Cases/Vote

2022-07-19 15:17:06 - [TEST_STEP][PASSED] - openBrowser(""): Browser is opened with url: ''

2022-07-19 15:17:06 - [MESSAGE][INFO] - Starting 'Chrome' driver

2022-07-19 15:17:06 - [MESSAGE][INFO] - Action delay is set to 0 milliseconds

2022-07-19 15:17:07 - [MESSAGE][PASSED] - Browser is opened with url: ''

2022-07-19 15:17:07 - [TEST_STEP][PASSED] - navigateToUrl("https://lesechosdutouquet.nordlittoral.fr/147787/article/2022-06-30/concours-photo-montrez-nous-la-plus-belle-photo-de-votre-chien-en-promenade-sur#l5lb6r47qsmp9ur58y"): Navigate to 'https://lesechosdutouquet.nordlittoral.fr/147787/article/2022-06-30/concours-photo-montrez-nous-la-plus-belle-photo-de-votre-chien-en-promenade-sur#l5lb6r47qsmp9ur58y' successfully

2022-07-19 15:17:10 - [MESSAGE][PASSED] - Navigate to 'https://lesechosdutouquet.nordlittoral.fr/147787/article/2022-06-30/concours-photo-montrez-nous-la-plus-belle-photo-de-votre-chien-en-promenade-sur#l5lb6r47qsmp9ur58y' successfully

2022-07-19 15:17:10 - [TEST_STEP][PASSED] - setViewPortSize(1920, 1080): Viewport is set to new size with width = 1920 and height = 1080

2022-07-19 15:17:10 - [MESSAGE][PASSED] - Viewport is set to new size with width = 1920 and height = 1080

2022-07-19 15:17:10 - [TEST_STEP][PASSED] - click(findTestObject("Object Repository/Page_Concours photo  votez pour la plus bel_494087/button_Accepter  Fermer")): Object: 'Object Repository/Page_Concours photo  votez pour la plus bel_494087/button_Accepter  Fermer' is clicked on

2022-07-19 15:17:11 - [MESSAGE][PASSED] - Object: 'Object Repository/Page_Concours photo  votez pour la plus bel_494087/button_Accepter  Fermer' is clicked on

2022-07-19 15:17:11 - [TEST_STEP][PASSED] - waitForElementVisible(findTestObject("Object Repository/Page_Concours photo  votez pour la plus bel_494087/a_X"), 15): Object 'Object Repository/Page_Concours photo  votez pour la plus bel_494087/a_X' is visible

2022-07-19 15:17:18 - [MESSAGE][PASSED] - Object 'Object Repository/Page_Concours photo  votez pour la plus bel_494087/a_X' is visible

2022-07-19 15:17:18 - [TEST_STEP][PASSED] - click(findTestObject("Object Repository/Page_Concours photo  votez pour la plus bel_494087/a_X")): Object: 'Object Repository/Page_Concours photo  votez pour la plus bel_494087/a_X' is clicked on

2022-07-19 15:17:19 - [MESSAGE][PASSED] - Object: 'Object Repository/Page_Concours photo  votez pour la plus bel_494087/a_X' is clicked on

2022-07-19 15:17:19 - [TEST_STEP][PASSED] - delay(1): Delayed 1 second(s)

2022-07-19 15:17:20 - [MESSAGE][PASSED] - Delayed 1 second(s)

2022-07-19 15:17:20 - [TEST_STEP][PASSED] - click(findTestObject("Object Repository/Page_Concours photo  votez pour la plus bel_494087/input_concat(Votez pour le plus beau chien de la cte d, , Opale )_jouer")): Object: 'Object Repository/Page_Concours photo  votez pour la plus bel_494087/input_concat(Votez pour le plus beau chien de la cte d, , Opale )_jouer' is clicked on

2022-07-19 15:17:20 - [MESSAGE][PASSED] - Object: 'Object Repository/Page_Concours photo  votez pour la plus bel_494087/input_concat(Votez pour le plus beau chien de la cte d, , Opale )_jouer' is clicked on

2022-07-19 15:17:21 - [TEST_STEP][PASSED] - if (verifyElementPresent(findTestObject("Page_Concours photo  votez pour la plus bel_494087/input_concat(Votez pour le plus beau chien de la cte d, , Opale )_jouer"), 1, OPTIONAL)): null

2022-07-19 15:17:22 - [MESSAGE][PASSED] - Object 'Object Repository/Page_Concours photo  votez pour la plus bel_494087/input_concat(Votez pour le plus beau chien de la cte d, , Opale )_jouer' is present

2022-07-19 15:17:22 - [TEST_STEP][PASSED] - click(findTestObject("Object Repository/Page_Concours photo  votez pour la plus bel_494087/input_concat(Votez pour le plus beau chien de la cte d, , Opale )_jouer")): Object: 'Object Repository/Page_Concours photo  votez pour la plus bel_494087/input_concat(Votez pour le plus beau chien de la cte d, , Opale )_jouer' is clicked on

2022-07-19 15:17:22 - [MESSAGE][PASSED] - Object: 'Object Repository/Page_Concours photo  votez pour la plus bel_494087/input_concat(Votez pour le plus beau chien de la cte d, , Opale )_jouer' is clicked on

2022-07-19 15:17:22 - [TEST_STEP][PASSED] - delay(1): Delayed 1 second(s)

2022-07-19 15:17:23 - [MESSAGE][PASSED] - Delayed 1 second(s)

2022-07-19 15:17:23 - [TEST_STEP][PASSED] - setText(findTestObject("Object Repository/Page_Concours photo  votez pour la plus bel_494087/input_trie par_keyword"), "Gaspard"): Text 'Gaspard' is set on object 'Object Repository/Page_Concours photo  votez pour la plus bel_494087/input_trie par_keyword'

2022-07-19 15:17:24 - [MESSAGE][PASSED] - Text 'Gaspard' is set on object 'Object Repository/Page_Concours photo  votez pour la plus bel_494087/input_trie par_keyword'

2022-07-19 15:17:24 - [TEST_STEP][PASSED] - sendKeys(findTestObject("Page_Concours photo  votez pour la plus bel_494087/input_trie par_keyword"), Keys.chord(ENTER)): Keys 'ENTER + ' sent to object: 'Object Repository/Page_Concours photo  votez pour la plus bel_494087/input_trie par_keyword'

2022-07-19 15:17:25 - [MESSAGE][PASSED] - Keys 'ENTER + ' sent to object: 'Object Repository/Page_Concours photo  votez pour la plus bel_494087/input_trie par_keyword'

2022-07-19 15:17:25 - [TEST_STEP][PASSED] - click(findTestObject("Page_Concours photo  votez pour la plus bel_494087/tri")): Object: 'Object Repository/Page_Concours photo  votez pour la plus bel_494087/tri' is clicked on

2022-07-19 15:17:26 - [MESSAGE][PASSED] - Object: 'Object Repository/Page_Concours photo  votez pour la plus bel_494087/tri' is clicked on

2022-07-19 15:17:26 - [TEST_STEP][PASSED] - click(findTestObject("Page_Concours photo  votez pour la plus bel_494087/plus de votes")): Object: 'Object Repository/Page_Concours photo  votez pour la plus bel_494087/plus de votes' is clicked on

2022-07-19 15:17:26 - [MESSAGE][PASSED] - Object: 'Object Repository/Page_Concours photo  votez pour la plus bel_494087/plus de votes' is clicked on

2022-07-19 15:17:28 - [TEST_STEP][PASSED] - click(findTestObject("Object Repository/Page_Concours photo  votez pour la plus bel_494087/i_Votes_fa fa-heart")): Object: 'Object Repository/Page_Concours photo  votez pour la plus bel_494087/i_Votes_fa fa-heart' is clicked on

2022-07-19 15:17:28 - [MESSAGE][PASSED] - Object: 'Object Repository/Page_Concours photo  votez pour la plus bel_494087/i_Votes_fa fa-heart' is clicked on

2022-07-19 15:17:28 - [TEST_STEP][PASSED] - delay(1): Delayed 1 second(s)

2022-07-19 15:17:29 - [MESSAGE][PASSED] - Delayed 1 second(s)

2022-07-19 15:17:29 - [TEST_STEP][PASSED] - closeBrowser(): Browser is closed

2022-07-19 15:17:30 - [MESSAGE][PASSED] - Browser is closed]]></system-out>
         <system-err><![CDATA[]]></system-err>
      </testcase>
      <testcase name="Test Cases/Vote" time="40.0" classname="Test Cases/Vote" status="PASSED">
         <system-out><![CDATA[2022-07-19 15:17:30 - [TEST_CASE][PASSED] - Test Cases/Vote: Test Cases/Vote

2022-07-19 15:17:30 - [TEST_STEP][PASSED] - openBrowser(""): Browser is opened with url: ''

2022-07-19 15:17:30 - [MESSAGE][INFO] - Starting 'Chrome' driver

2022-07-19 15:17:30 - [MESSAGE][INFO] - Action delay is set to 0 milliseconds

2022-07-19 15:17:31 - [MESSAGE][PASSED] - Browser is opened with url: ''

2022-07-19 15:17:31 - [TEST_STEP][PASSED] - navigateToUrl("https://lesechosdutouquet.nordlittoral.fr/147787/article/2022-06-30/concours-photo-montrez-nous-la-plus-belle-photo-de-votre-chien-en-promenade-sur#l5lb6r47qsmp9ur58y"): Navigate to 'https://lesechosdutouquet.nordlittoral.fr/147787/article/2022-06-30/concours-photo-montrez-nous-la-plus-belle-photo-de-votre-chien-en-promenade-sur#l5lb6r47qsmp9ur58y' successfully

2022-07-19 15:17:49 - [MESSAGE][PASSED] - Navigate to 'https://lesechosdutouquet.nordlittoral.fr/147787/article/2022-06-30/concours-photo-montrez-nous-la-plus-belle-photo-de-votre-chien-en-promenade-sur#l5lb6r47qsmp9ur58y' successfully

2022-07-19 15:17:49 - [TEST_STEP][PASSED] - setViewPortSize(1920, 1080): Viewport is set to new size with width = 1920 and height = 1080

2022-07-19 15:17:49 - [MESSAGE][PASSED] - Viewport is set to new size with width = 1920 and height = 1080

2022-07-19 15:17:49 - [TEST_STEP][PASSED] - click(findTestObject("Object Repository/Page_Concours photo  votez pour la plus bel_494087/button_Accepter  Fermer")): Object: 'Object Repository/Page_Concours photo  votez pour la plus bel_494087/button_Accepter  Fermer' is clicked on

2022-07-19 15:17:50 - [MESSAGE][PASSED] - Object: 'Object Repository/Page_Concours photo  votez pour la plus bel_494087/button_Accepter  Fermer' is clicked on

2022-07-19 15:17:50 - [TEST_STEP][PASSED] - waitForElementVisible(findTestObject("Object Repository/Page_Concours photo  votez pour la plus bel_494087/a_X"), 15): Object 'Object Repository/Page_Concours photo  votez pour la plus bel_494087/a_X' is visible

2022-07-19 15:17:57 - [MESSAGE][PASSED] - Object 'Object Repository/Page_Concours photo  votez pour la plus bel_494087/a_X' is visible

2022-07-19 15:17:57 - [TEST_STEP][PASSED] - click(findTestObject("Object Repository/Page_Concours photo  votez pour la plus bel_494087/a_X")): Object: 'Object Repository/Page_Concours photo  votez pour la plus bel_494087/a_X' is clicked on

2022-07-19 15:17:57 - [MESSAGE][PASSED] - Object: 'Object Repository/Page_Concours photo  votez pour la plus bel_494087/a_X' is clicked on

2022-07-19 15:17:57 - [TEST_STEP][PASSED] - delay(1): Delayed 1 second(s)

2022-07-19 15:17:58 - [MESSAGE][PASSED] - Delayed 1 second(s)

2022-07-19 15:17:58 - [TEST_STEP][PASSED] - click(findTestObject("Object Repository/Page_Concours photo  votez pour la plus bel_494087/input_concat(Votez pour le plus beau chien de la cte d, , Opale )_jouer")): Object: 'Object Repository/Page_Concours photo  votez pour la plus bel_494087/input_concat(Votez pour le plus beau chien de la cte d, , Opale )_jouer' is clicked on

2022-07-19 15:17:59 - [MESSAGE][PASSED] - Object: 'Object Repository/Page_Concours photo  votez pour la plus bel_494087/input_concat(Votez pour le plus beau chien de la cte d, , Opale )_jouer' is clicked on

2022-07-19 15:17:59 - [TEST_STEP][PASSED] - if (verifyElementPresent(findTestObject("Page_Concours photo  votez pour la plus bel_494087/input_concat(Votez pour le plus beau chien de la cte d, , Opale )_jouer"), 1, OPTIONAL)): null

2022-07-19 15:18:01 - [MESSAGE][PASSED] - Object 'Object Repository/Page_Concours photo  votez pour la plus bel_494087/input_concat(Votez pour le plus beau chien de la cte d, , Opale )_jouer' is present

2022-07-19 15:18:01 - [TEST_STEP][PASSED] - click(findTestObject("Object Repository/Page_Concours photo  votez pour la plus bel_494087/input_concat(Votez pour le plus beau chien de la cte d, , Opale )_jouer")): Object: 'Object Repository/Page_Concours photo  votez pour la plus bel_494087/input_concat(Votez pour le plus beau chien de la cte d, , Opale )_jouer' is clicked on

2022-07-19 15:18:01 - [MESSAGE][PASSED] - Object: 'Object Repository/Page_Concours photo  votez pour la plus bel_494087/input_concat(Votez pour le plus beau chien de la cte d, , Opale )_jouer' is clicked on

2022-07-19 15:18:01 - [TEST_STEP][PASSED] - delay(1): Delayed 1 second(s)

2022-07-19 15:18:02 - [MESSAGE][PASSED] - Delayed 1 second(s)

2022-07-19 15:18:02 - [TEST_STEP][PASSED] - setText(findTestObject("Object Repository/Page_Concours photo  votez pour la plus bel_494087/input_trie par_keyword"), "Gaspard"): Text 'Gaspard' is set on object 'Object Repository/Page_Concours photo  votez pour la plus bel_494087/input_trie par_keyword'

2022-07-19 15:18:05 - [MESSAGE][PASSED] - Text 'Gaspard' is set on object 'Object Repository/Page_Concours photo  votez pour la plus bel_494087/input_trie par_keyword'

2022-07-19 15:18:05 - [TEST_STEP][PASSED] - sendKeys(findTestObject("Page_Concours photo  votez pour la plus bel_494087/input_trie par_keyword"), Keys.chord(ENTER)): Keys 'ENTER + ' sent to object: 'Object Repository/Page_Concours photo  votez pour la plus bel_494087/input_trie par_keyword'

2022-07-19 15:18:05 - [MESSAGE][PASSED] - Keys 'ENTER + ' sent to object: 'Object Repository/Page_Concours photo  votez pour la plus bel_494087/input_trie par_keyword'

2022-07-19 15:18:05 - [TEST_STEP][PASSED] - click(findTestObject("Page_Concours photo  votez pour la plus bel_494087/tri")): Object: 'Object Repository/Page_Concours photo  votez pour la plus bel_494087/tri' is clicked on

2022-07-19 15:18:06 - [MESSAGE][PASSED] - Object: 'Object Repository/Page_Concours photo  votez pour la plus bel_494087/tri' is clicked on

2022-07-19 15:18:06 - [TEST_STEP][PASSED] - click(findTestObject("Page_Concours photo  votez pour la plus bel_494087/plus de votes")): Object: 'Object Repository/Page_Concours photo  votez pour la plus bel_494087/plus de votes' is clicked on

2022-07-19 15:18:07 - [MESSAGE][PASSED] - Object: 'Object Repository/Page_Concours photo  votez pour la plus bel_494087/plus de votes' is clicked on

2022-07-19 15:18:07 - [TEST_STEP][PASSED] - click(findTestObject("Object Repository/Page_Concours photo  votez pour la plus bel_494087/i_Votes_fa fa-heart")): Object: 'Object Repository/Page_Concours photo  votez pour la plus bel_494087/i_Votes_fa fa-heart' is clicked on

2022-07-19 15:18:08 - [MESSAGE][PASSED] - Object: 'Object Repository/Page_Concours photo  votez pour la plus bel_494087/i_Votes_fa fa-heart' is clicked on

2022-07-19 15:18:08 - [TEST_STEP][PASSED] - delay(1): Delayed 1 second(s)

2022-07-19 15:18:09 - [MESSAGE][PASSED] - Delayed 1 second(s)

2022-07-19 15:18:09 - [TEST_STEP][PASSED] - closeBrowser(): Browser is closed

2022-07-19 15:18:10 - [MESSAGE][PASSED] - Browser is closed]]></system-out>
         <system-err><![CDATA[]]></system-err>
      </testcase>
      <testcase name="Test Cases/Vote" time="26.008" classname="Test Cases/Vote" status="PASSED">
         <system-out><![CDATA[2022-07-19 15:18:10 - [TEST_CASE][PASSED] - Test Cases/Vote: Test Cases/Vote

2022-07-19 15:18:10 - [TEST_STEP][PASSED] - openBrowser(""): Browser is opened with url: ''

2022-07-19 15:18:10 - [MESSAGE][INFO] - Starting 'Chrome' driver

2022-07-19 15:18:10 - [MESSAGE][INFO] - Action delay is set to 0 milliseconds

2022-07-19 15:18:11 - [MESSAGE][PASSED] - Browser is opened with url: ''

2022-07-19 15:18:11 - [TEST_STEP][PASSED] - navigateToUrl("https://lesechosdutouquet.nordlittoral.fr/147787/article/2022-06-30/concours-photo-montrez-nous-la-plus-belle-photo-de-votre-chien-en-promenade-sur#l5lb6r47qsmp9ur58y"): Navigate to 'https://lesechosdutouquet.nordlittoral.fr/147787/article/2022-06-30/concours-photo-montrez-nous-la-plus-belle-photo-de-votre-chien-en-promenade-sur#l5lb6r47qsmp9ur58y' successfully

2022-07-19 15:18:14 - [MESSAGE][PASSED] - Navigate to 'https://lesechosdutouquet.nordlittoral.fr/147787/article/2022-06-30/concours-photo-montrez-nous-la-plus-belle-photo-de-votre-chien-en-promenade-sur#l5lb6r47qsmp9ur58y' successfully

2022-07-19 15:18:14 - [TEST_STEP][PASSED] - setViewPortSize(1920, 1080): Viewport is set to new size with width = 1920 and height = 1080

2022-07-19 15:18:14 - [MESSAGE][PASSED] - Viewport is set to new size with width = 1920 and height = 1080

2022-07-19 15:18:14 - [TEST_STEP][PASSED] - click(findTestObject("Object Repository/Page_Concours photo  votez pour la plus bel_494087/button_Accepter  Fermer")): Object: 'Object Repository/Page_Concours photo  votez pour la plus bel_494087/button_Accepter  Fermer' is clicked on

2022-07-19 15:18:15 - [MESSAGE][PASSED] - Object: 'Object Repository/Page_Concours photo  votez pour la plus bel_494087/button_Accepter  Fermer' is clicked on

2022-07-19 15:18:15 - [TEST_STEP][PASSED] - waitForElementVisible(findTestObject("Object Repository/Page_Concours photo  votez pour la plus bel_494087/a_X"), 15): Object 'Object Repository/Page_Concours photo  votez pour la plus bel_494087/a_X' is visible

2022-07-19 15:18:22 - [MESSAGE][PASSED] - Object 'Object Repository/Page_Concours photo  votez pour la plus bel_494087/a_X' is visible

2022-07-19 15:18:22 - [TEST_STEP][PASSED] - click(findTestObject("Object Repository/Page_Concours photo  votez pour la plus bel_494087/a_X")): Object: 'Object Repository/Page_Concours photo  votez pour la plus bel_494087/a_X' is clicked on

2022-07-19 15:18:22 - [MESSAGE][PASSED] - Object: 'Object Repository/Page_Concours photo  votez pour la plus bel_494087/a_X' is clicked on

2022-07-19 15:18:22 - [TEST_STEP][PASSED] - delay(1): Delayed 1 second(s)

2022-07-19 15:18:24 - [MESSAGE][PASSED] - Delayed 1 second(s)

2022-07-19 15:18:24 - [TEST_STEP][PASSED] - click(findTestObject("Object Repository/Page_Concours photo  votez pour la plus bel_494087/input_concat(Votez pour le plus beau chien de la cte d, , Opale )_jouer")): Object: 'Object Repository/Page_Concours photo  votez pour la plus bel_494087/input_concat(Votez pour le plus beau chien de la cte d, , Opale )_jouer' is clicked on

2022-07-19 15:18:24 - [MESSAGE][PASSED] - Object: 'Object Repository/Page_Concours photo  votez pour la plus bel_494087/input_concat(Votez pour le plus beau chien de la cte d, , Opale )_jouer' is clicked on

2022-07-19 15:18:24 - [TEST_STEP][PASSED] - if (verifyElementPresent(findTestObject("Page_Concours photo  votez pour la plus bel_494087/input_concat(Votez pour le plus beau chien de la cte d, , Opale )_jouer"), 1, OPTIONAL)): null

2022-07-19 15:18:26 - [MESSAGE][PASSED] - Object 'Object Repository/Page_Concours photo  votez pour la plus bel_494087/input_concat(Votez pour le plus beau chien de la cte d, , Opale )_jouer' is present

2022-07-19 15:18:26 - [TEST_STEP][PASSED] - click(findTestObject("Object Repository/Page_Concours photo  votez pour la plus bel_494087/input_concat(Votez pour le plus beau chien de la cte d, , Opale )_jouer")): Object: 'Object Repository/Page_Concours photo  votez pour la plus bel_494087/input_concat(Votez pour le plus beau chien de la cte d, , Opale )_jouer' is clicked on

2022-07-19 15:18:26 - [MESSAGE][PASSED] - Object: 'Object Repository/Page_Concours photo  votez pour la plus bel_494087/input_concat(Votez pour le plus beau chien de la cte d, , Opale )_jouer' is clicked on

2022-07-19 15:18:26 - [TEST_STEP][PASSED] - delay(1): Delayed 1 second(s)

2022-07-19 15:18:27 - [MESSAGE][PASSED] - Delayed 1 second(s)

2022-07-19 15:18:27 - [TEST_STEP][PASSED] - setText(findTestObject("Object Repository/Page_Concours photo  votez pour la plus bel_494087/input_trie par_keyword"), "Gaspard"): Text 'Gaspard' is set on object 'Object Repository/Page_Concours photo  votez pour la plus bel_494087/input_trie par_keyword'

2022-07-19 15:18:29 - [MESSAGE][PASSED] - Text 'Gaspard' is set on object 'Object Repository/Page_Concours photo  votez pour la plus bel_494087/input_trie par_keyword'

2022-07-19 15:18:29 - [TEST_STEP][PASSED] - sendKeys(findTestObject("Page_Concours photo  votez pour la plus bel_494087/input_trie par_keyword"), Keys.chord(ENTER)): Keys 'ENTER + ' sent to object: 'Object Repository/Page_Concours photo  votez pour la plus bel_494087/input_trie par_keyword'

2022-07-19 15:18:30 - [MESSAGE][PASSED] - Keys 'ENTER + ' sent to object: 'Object Repository/Page_Concours photo  votez pour la plus bel_494087/input_trie par_keyword'

2022-07-19 15:18:30 - [TEST_STEP][PASSED] - click(findTestObject("Page_Concours photo  votez pour la plus bel_494087/tri")): Object: 'Object Repository/Page_Concours photo  votez pour la plus bel_494087/tri' is clicked on

2022-07-19 15:18:31 - [MESSAGE][PASSED] - Object: 'Object Repository/Page_Concours photo  votez pour la plus bel_494087/tri' is clicked on

2022-07-19 15:18:31 - [TEST_STEP][PASSED] - click(findTestObject("Page_Concours photo  votez pour la plus bel_494087/plus de votes")): Object: 'Object Repository/Page_Concours photo  votez pour la plus bel_494087/plus de votes' is clicked on

2022-07-19 15:18:32 - [MESSAGE][PASSED] - Object: 'Object Repository/Page_Concours photo  votez pour la plus bel_494087/plus de votes' is clicked on

2022-07-19 15:18:34 - [TEST_STEP][PASSED] - click(findTestObject("Object Repository/Page_Concours photo  votez pour la plus bel_494087/i_Votes_fa fa-heart")): Object: 'Object Repository/Page_Concours photo  votez pour la plus bel_494087/i_Votes_fa fa-heart' is clicked on

2022-07-19 15:18:35 - [MESSAGE][PASSED] - Object: 'Object Repository/Page_Concours photo  votez pour la plus bel_494087/i_Votes_fa fa-heart' is clicked on

2022-07-19 15:18:35 - [TEST_STEP][PASSED] - delay(1): Delayed 1 second(s)

2022-07-19 15:18:36 - [MESSAGE][PASSED] - Delayed 1 second(s)

2022-07-19 15:18:36 - [TEST_STEP][PASSED] - closeBrowser(): Browser is closed

2022-07-19 15:18:36 - [MESSAGE][PASSED] - Browser is closed]]></system-out>
         <system-err><![CDATA[]]></system-err>
      </testcase>
      <testcase name="Test Cases/Vote" time="23.306" classname="Test Cases/Vote" status="PASSED">
         <system-out><![CDATA[2022-07-19 15:18:36 - [TEST_CASE][PASSED] - Test Cases/Vote: Test Cases/Vote

2022-07-19 15:18:36 - [TEST_STEP][PASSED] - openBrowser(""): Browser is opened with url: ''

2022-07-19 15:18:36 - [MESSAGE][INFO] - Starting 'Chrome' driver

2022-07-19 15:18:36 - [MESSAGE][INFO] - Action delay is set to 0 milliseconds

2022-07-19 15:18:37 - [MESSAGE][PASSED] - Browser is opened with url: ''

2022-07-19 15:18:37 - [TEST_STEP][PASSED] - navigateToUrl("https://lesechosdutouquet.nordlittoral.fr/147787/article/2022-06-30/concours-photo-montrez-nous-la-plus-belle-photo-de-votre-chien-en-promenade-sur#l5lb6r47qsmp9ur58y"): Navigate to 'https://lesechosdutouquet.nordlittoral.fr/147787/article/2022-06-30/concours-photo-montrez-nous-la-plus-belle-photo-de-votre-chien-en-promenade-sur#l5lb6r47qsmp9ur58y' successfully

2022-07-19 15:18:40 - [MESSAGE][PASSED] - Navigate to 'https://lesechosdutouquet.nordlittoral.fr/147787/article/2022-06-30/concours-photo-montrez-nous-la-plus-belle-photo-de-votre-chien-en-promenade-sur#l5lb6r47qsmp9ur58y' successfully

2022-07-19 15:18:40 - [TEST_STEP][PASSED] - setViewPortSize(1920, 1080): Viewport is set to new size with width = 1920 and height = 1080

2022-07-19 15:18:40 - [MESSAGE][PASSED] - Viewport is set to new size with width = 1920 and height = 1080

2022-07-19 15:18:40 - [TEST_STEP][PASSED] - click(findTestObject("Object Repository/Page_Concours photo  votez pour la plus bel_494087/button_Accepter  Fermer")): Object: 'Object Repository/Page_Concours photo  votez pour la plus bel_494087/button_Accepter  Fermer' is clicked on

2022-07-19 15:18:41 - [MESSAGE][PASSED] - Object: 'Object Repository/Page_Concours photo  votez pour la plus bel_494087/button_Accepter  Fermer' is clicked on

2022-07-19 15:18:41 - [TEST_STEP][PASSED] - waitForElementVisible(findTestObject("Object Repository/Page_Concours photo  votez pour la plus bel_494087/a_X"), 15): Object 'Object Repository/Page_Concours photo  votez pour la plus bel_494087/a_X' is visible

2022-07-19 15:18:47 - [MESSAGE][PASSED] - Object 'Object Repository/Page_Concours photo  votez pour la plus bel_494087/a_X' is visible

2022-07-19 15:18:47 - [TEST_STEP][PASSED] - click(findTestObject("Object Repository/Page_Concours photo  votez pour la plus bel_494087/a_X")): Object: 'Object Repository/Page_Concours photo  votez pour la plus bel_494087/a_X' is clicked on

2022-07-19 15:18:48 - [MESSAGE][PASSED] - Object: 'Object Repository/Page_Concours photo  votez pour la plus bel_494087/a_X' is clicked on

2022-07-19 15:18:48 - [TEST_STEP][PASSED] - delay(1): Delayed 1 second(s)

2022-07-19 15:18:49 - [MESSAGE][PASSED] - Delayed 1 second(s)

2022-07-19 15:18:49 - [TEST_STEP][PASSED] - click(findTestObject("Object Repository/Page_Concours photo  votez pour la plus bel_494087/input_concat(Votez pour le plus beau chien de la cte d, , Opale )_jouer")): Object: 'Object Repository/Page_Concours photo  votez pour la plus bel_494087/input_concat(Votez pour le plus beau chien de la cte d, , Opale )_jouer' is clicked on

2022-07-19 15:18:49 - [MESSAGE][PASSED] - Object: 'Object Repository/Page_Concours photo  votez pour la plus bel_494087/input_concat(Votez pour le plus beau chien de la cte d, , Opale )_jouer' is clicked on

2022-07-19 15:18:49 - [TEST_STEP][PASSED] - if (verifyElementPresent(findTestObject("Page_Concours photo  votez pour la plus bel_494087/input_concat(Votez pour le plus beau chien de la cte d, , Opale )_jouer"), 1, OPTIONAL)): null

2022-07-19 15:18:51 - [MESSAGE][PASSED] - Object 'Object Repository/Page_Concours photo  votez pour la plus bel_494087/input_concat(Votez pour le plus beau chien de la cte d, , Opale )_jouer' is present

2022-07-19 15:18:51 - [TEST_STEP][PASSED] - click(findTestObject("Object Repository/Page_Concours photo  votez pour la plus bel_494087/input_concat(Votez pour le plus beau chien de la cte d, , Opale )_jouer")): Object: 'Object Repository/Page_Concours photo  votez pour la plus bel_494087/input_concat(Votez pour le plus beau chien de la cte d, , Opale )_jouer' is clicked on

2022-07-19 15:18:51 - [MESSAGE][PASSED] - Object: 'Object Repository/Page_Concours photo  votez pour la plus bel_494087/input_concat(Votez pour le plus beau chien de la cte d, , Opale )_jouer' is clicked on

2022-07-19 15:18:51 - [TEST_STEP][PASSED] - delay(1): Delayed 1 second(s)

2022-07-19 15:18:52 - [MESSAGE][PASSED] - Delayed 1 second(s)

2022-07-19 15:18:52 - [TEST_STEP][PASSED] - setText(findTestObject("Object Repository/Page_Concours photo  votez pour la plus bel_494087/input_trie par_keyword"), "Gaspard"): Text 'Gaspard' is set on object 'Object Repository/Page_Concours photo  votez pour la plus bel_494087/input_trie par_keyword'

2022-07-19 15:18:54 - [MESSAGE][PASSED] - Text 'Gaspard' is set on object 'Object Repository/Page_Concours photo  votez pour la plus bel_494087/input_trie par_keyword'

2022-07-19 15:18:54 - [TEST_STEP][PASSED] - sendKeys(findTestObject("Page_Concours photo  votez pour la plus bel_494087/input_trie par_keyword"), Keys.chord(ENTER)): Keys 'ENTER + ' sent to object: 'Object Repository/Page_Concours photo  votez pour la plus bel_494087/input_trie par_keyword'

2022-07-19 15:18:55 - [MESSAGE][PASSED] - Keys 'ENTER + ' sent to object: 'Object Repository/Page_Concours photo  votez pour la plus bel_494087/input_trie par_keyword'

2022-07-19 15:18:55 - [TEST_STEP][PASSED] - click(findTestObject("Page_Concours photo  votez pour la plus bel_494087/tri")): Object: 'Object Repository/Page_Concours photo  votez pour la plus bel_494087/tri' is clicked on

2022-07-19 15:18:56 - [MESSAGE][PASSED] - Object: 'Object Repository/Page_Concours photo  votez pour la plus bel_494087/tri' is clicked on

2022-07-19 15:18:56 - [TEST_STEP][PASSED] - click(findTestObject("Page_Concours photo  votez pour la plus bel_494087/plus de votes")): Object: 'Object Repository/Page_Concours photo  votez pour la plus bel_494087/plus de votes' is clicked on

2022-07-19 15:18:56 - [MESSAGE][PASSED] - Object: 'Object Repository/Page_Concours photo  votez pour la plus bel_494087/plus de votes' is clicked on

2022-07-19 15:18:57 - [TEST_STEP][PASSED] - click(findTestObject("Object Repository/Page_Concours photo  votez pour la plus bel_494087/i_Votes_fa fa-heart")): Object: 'Object Repository/Page_Concours photo  votez pour la plus bel_494087/i_Votes_fa fa-heart' is clicked on

2022-07-19 15:18:58 - [MESSAGE][PASSED] - Object: 'Object Repository/Page_Concours photo  votez pour la plus bel_494087/i_Votes_fa fa-heart' is clicked on

2022-07-19 15:18:58 - [TEST_STEP][PASSED] - delay(1): Delayed 1 second(s)

2022-07-19 15:18:59 - [MESSAGE][PASSED] - Delayed 1 second(s)

2022-07-19 15:18:59 - [TEST_STEP][PASSED] - closeBrowser(): Browser is closed

2022-07-19 15:18:59 - [MESSAGE][PASSED] - Browser is closed]]></system-out>
         <system-err><![CDATA[]]></system-err>
      </testcase>
      <testcase name="Test Cases/Vote" time="36.478" classname="Test Cases/Vote" status="PASSED">
         <system-out><![CDATA[2022-07-19 15:18:59 - [TEST_CASE][PASSED] - Test Cases/Vote: Test Cases/Vote

2022-07-19 15:18:59 - [TEST_STEP][PASSED] - openBrowser(""): Browser is opened with url: ''

2022-07-19 15:18:59 - [MESSAGE][INFO] - Starting 'Chrome' driver

2022-07-19 15:18:59 - [MESSAGE][INFO] - Action delay is set to 0 milliseconds

2022-07-19 15:19:00 - [MESSAGE][PASSED] - Browser is opened with url: ''

2022-07-19 15:19:00 - [TEST_STEP][PASSED] - navigateToUrl("https://lesechosdutouquet.nordlittoral.fr/147787/article/2022-06-30/concours-photo-montrez-nous-la-plus-belle-photo-de-votre-chien-en-promenade-sur#l5lb6r47qsmp9ur58y"): Navigate to 'https://lesechosdutouquet.nordlittoral.fr/147787/article/2022-06-30/concours-photo-montrez-nous-la-plus-belle-photo-de-votre-chien-en-promenade-sur#l5lb6r47qsmp9ur58y' successfully

2022-07-19 15:19:11 - [MESSAGE][PASSED] - Navigate to 'https://lesechosdutouquet.nordlittoral.fr/147787/article/2022-06-30/concours-photo-montrez-nous-la-plus-belle-photo-de-votre-chien-en-promenade-sur#l5lb6r47qsmp9ur58y' successfully

2022-07-19 15:19:11 - [TEST_STEP][PASSED] - setViewPortSize(1920, 1080): Viewport is set to new size with width = 1920 and height = 1080

2022-07-19 15:19:12 - [MESSAGE][PASSED] - Viewport is set to new size with width = 1920 and height = 1080

2022-07-19 15:19:12 - [TEST_STEP][PASSED] - click(findTestObject("Object Repository/Page_Concours photo  votez pour la plus bel_494087/button_Accepter  Fermer")): Object: 'Object Repository/Page_Concours photo  votez pour la plus bel_494087/button_Accepter  Fermer' is clicked on

2022-07-19 15:19:16 - [MESSAGE][PASSED] - Object: 'Object Repository/Page_Concours photo  votez pour la plus bel_494087/button_Accepter  Fermer' is clicked on

2022-07-19 15:19:16 - [TEST_STEP][PASSED] - waitForElementVisible(findTestObject("Object Repository/Page_Concours photo  votez pour la plus bel_494087/a_X"), 15): Object 'Object Repository/Page_Concours photo  votez pour la plus bel_494087/a_X' is visible

2022-07-19 15:19:23 - [MESSAGE][PASSED] - Object 'Object Repository/Page_Concours photo  votez pour la plus bel_494087/a_X' is visible

2022-07-19 15:19:23 - [TEST_STEP][PASSED] - click(findTestObject("Object Repository/Page_Concours photo  votez pour la plus bel_494087/a_X")): Object: 'Object Repository/Page_Concours photo  votez pour la plus bel_494087/a_X' is clicked on

2022-07-19 15:19:23 - [MESSAGE][PASSED] - Object: 'Object Repository/Page_Concours photo  votez pour la plus bel_494087/a_X' is clicked on

2022-07-19 15:19:23 - [TEST_STEP][PASSED] - delay(1): Delayed 1 second(s)

2022-07-19 15:19:24 - [MESSAGE][PASSED] - Delayed 1 second(s)

2022-07-19 15:19:24 - [TEST_STEP][PASSED] - click(findTestObject("Object Repository/Page_Concours photo  votez pour la plus bel_494087/input_concat(Votez pour le plus beau chien de la cte d, , Opale )_jouer")): Object: 'Object Repository/Page_Concours photo  votez pour la plus bel_494087/input_concat(Votez pour le plus beau chien de la cte d, , Opale )_jouer' is clicked on

2022-07-19 15:19:25 - [MESSAGE][PASSED] - Object: 'Object Repository/Page_Concours photo  votez pour la plus bel_494087/input_concat(Votez pour le plus beau chien de la cte d, , Opale )_jouer' is clicked on

2022-07-19 15:19:25 - [TEST_STEP][PASSED] - if (verifyElementPresent(findTestObject("Page_Concours photo  votez pour la plus bel_494087/input_concat(Votez pour le plus beau chien de la cte d, , Opale )_jouer"), 1, OPTIONAL)): null

2022-07-19 15:19:26 - [MESSAGE][PASSED] - Object 'Object Repository/Page_Concours photo  votez pour la plus bel_494087/input_concat(Votez pour le plus beau chien de la cte d, , Opale )_jouer' is present

2022-07-19 15:19:26 - [TEST_STEP][PASSED] - click(findTestObject("Object Repository/Page_Concours photo  votez pour la plus bel_494087/input_concat(Votez pour le plus beau chien de la cte d, , Opale )_jouer")): Object: 'Object Repository/Page_Concours photo  votez pour la plus bel_494087/input_concat(Votez pour le plus beau chien de la cte d, , Opale )_jouer' is clicked on

2022-07-19 15:19:27 - [MESSAGE][PASSED] - Object: 'Object Repository/Page_Concours photo  votez pour la plus bel_494087/input_concat(Votez pour le plus beau chien de la cte d, , Opale )_jouer' is clicked on

2022-07-19 15:19:27 - [TEST_STEP][PASSED] - delay(1): Delayed 1 second(s)

2022-07-19 15:19:28 - [MESSAGE][PASSED] - Delayed 1 second(s)

2022-07-19 15:19:28 - [TEST_STEP][PASSED] - setText(findTestObject("Object Repository/Page_Concours photo  votez pour la plus bel_494087/input_trie par_keyword"), "Gaspard"): Text 'Gaspard' is set on object 'Object Repository/Page_Concours photo  votez pour la plus bel_494087/input_trie par_keyword'

2022-07-19 15:19:30 - [MESSAGE][PASSED] - Text 'Gaspard' is set on object 'Object Repository/Page_Concours photo  votez pour la plus bel_494087/input_trie par_keyword'

2022-07-19 15:19:30 - [TEST_STEP][PASSED] - sendKeys(findTestObject("Page_Concours photo  votez pour la plus bel_494087/input_trie par_keyword"), Keys.chord(ENTER)): Keys 'ENTER + ' sent to object: 'Object Repository/Page_Concours photo  votez pour la plus bel_494087/input_trie par_keyword'

2022-07-19 15:19:30 - [MESSAGE][PASSED] - Keys 'ENTER + ' sent to object: 'Object Repository/Page_Concours photo  votez pour la plus bel_494087/input_trie par_keyword'

2022-07-19 15:19:30 - [TEST_STEP][PASSED] - click(findTestObject("Page_Concours photo  votez pour la plus bel_494087/tri")): Object: 'Object Repository/Page_Concours photo  votez pour la plus bel_494087/tri' is clicked on

2022-07-19 15:19:32 - [MESSAGE][PASSED] - Object: 'Object Repository/Page_Concours photo  votez pour la plus bel_494087/tri' is clicked on

2022-07-19 15:19:32 - [TEST_STEP][PASSED] - click(findTestObject("Page_Concours photo  votez pour la plus bel_494087/plus de votes")): Object: 'Object Repository/Page_Concours photo  votez pour la plus bel_494087/plus de votes' is clicked on

2022-07-19 15:19:33 - [MESSAGE][PASSED] - Object: 'Object Repository/Page_Concours photo  votez pour la plus bel_494087/plus de votes' is clicked on

2022-07-19 15:19:34 - [TEST_STEP][PASSED] - click(findTestObject("Object Repository/Page_Concours photo  votez pour la plus bel_494087/i_Votes_fa fa-heart")): Object: 'Object Repository/Page_Concours photo  votez pour la plus bel_494087/i_Votes_fa fa-heart' is clicked on

2022-07-19 15:19:34 - [MESSAGE][PASSED] - Object: 'Object Repository/Page_Concours photo  votez pour la plus bel_494087/i_Votes_fa fa-heart' is clicked on

2022-07-19 15:19:34 - [TEST_STEP][PASSED] - delay(1): Delayed 1 second(s)

2022-07-19 15:19:35 - [MESSAGE][PASSED] - Delayed 1 second(s)

2022-07-19 15:19:35 - [TEST_STEP][PASSED] - closeBrowser(): Browser is closed

2022-07-19 15:19:36 - [MESSAGE][PASSED] - Browser is closed]]></system-out>
         <system-err><![CDATA[]]></system-err>
      </testcase>
      <system-out><![CDATA[2022-07-19 14:43:38 - [TEST_SUITE][PASSED] - New Test Suite: Test Cases/Vote]]></system-out>
      <system-err><![CDATA[]]></system-err>
   </testsuite>
</testsuites>
