<?xml version="1.0" encoding="UTF-8"?>
<testsuites name="New Test Suite" time="2635.263" tests="83" failures="0" errors="0">
   <testsuite name="New Test Suite" tests="83" failures="0" errors="0" time="2635.263" skipped="0" timestamp="2022-07-19 06:52:52" hostname="anthony - 192.168.0.39" id="Test Suites/New Test Suite">
      <properties>
         <property name="deviceName" value=""/>
         <property name="devicePlatform" value=""/>
         <property name="logFolder" value="/Users/anthony/Downloads/Gasp/Reports/20220718_191330/New Test Suite/20220718_191344"/>
         <property name="logFiles" value="/Users/anthony/Downloads/Gasp/Reports/20220718_191330/New Test Suite/20220718_191344/execution0.log"/>
         <property name="attachments" value=""/>
         <property name="hostName" value="anthony - 192.168.0.39"/>
         <property name="os" value="Mac OS X 64bit"/>
         <property name="katalonVersion" value="8.4.0.208"/>
         <property name="browser" value="Chrome 103.0.5060.114"/>
         <property name="hostAddress" value="192.168.0.39"/>
         <property name="sessionId" value="0651ba0300b555cdf1f0a36786adcc8c"/>
         <property name="seleniumVersion" value="3.141.59"/>
         <property name="proxyInformation" value="ProxyInformation { proxyOption=NO_PROXY, proxyServerType=HTTP, username=, password=********, proxyServerAddress=, proxyServerPort=0, executionList=&quot;&quot;, isApplyToDesiredCapabilities=true }"/>
         <property name="platform" value="Mac OS X"/>
      </properties>
      <testcase name="Test Cases/Vote" time="32.562" classname="Test Cases/Vote" status="PASSED">
         <system-out><![CDATA[2022-07-19 06:52:52 - [TEST_CASE][PASSED] - Test Cases/Vote: Test Cases/Vote

2022-07-19 06:52:52 - [TEST_STEP][PASSED] - openBrowser(""): Browser is opened with url: ''

2022-07-19 06:52:53 - [MESSAGE][INFO] - Starting 'Chrome' driver

2022-07-19 06:52:53 - [MESSAGE][INFO] - Action delay is set to 0 milliseconds

2022-07-19 06:52:55 - [MESSAGE][PASSED] - Browser is opened with url: ''

2022-07-19 06:52:55 - [TEST_STEP][PASSED] - navigateToUrl("https://lesechosdutouquet.nordlittoral.fr/147787/article/2022-06-30/concours-photo-montrez-nous-la-plus-belle-photo-de-votre-chien-en-promenade-sur#l5lb6r47qsmp9ur58y"): Navigate to 'https://lesechosdutouquet.nordlittoral.fr/147787/article/2022-06-30/concours-photo-montrez-nous-la-plus-belle-photo-de-votre-chien-en-promenade-sur#l5lb6r47qsmp9ur58y' successfully

2022-07-19 06:52:57 - [MESSAGE][PASSED] - Navigate to 'https://lesechosdutouquet.nordlittoral.fr/147787/article/2022-06-30/concours-photo-montrez-nous-la-plus-belle-photo-de-votre-chien-en-promenade-sur#l5lb6r47qsmp9ur58y' successfully

2022-07-19 06:52:57 - [TEST_STEP][PASSED] - setViewPortSize(1920, 1080): Viewport is set to new size with width = 1920 and height = 1080

2022-07-19 06:52:57 - [MESSAGE][PASSED] - Viewport is set to new size with width = 1920 and height = 1080

2022-07-19 06:52:57 - [TEST_STEP][PASSED] - click(findTestObject("Object Repository/Page_Concours photo  votez pour la plus bel_494087/button_Accepter  Fermer")): Object: 'Object Repository/Page_Concours photo  votez pour la plus bel_494087/button_Accepter  Fermer' is clicked on

2022-07-19 06:52:59 - [MESSAGE][PASSED] - Object: 'Object Repository/Page_Concours photo  votez pour la plus bel_494087/button_Accepter  Fermer' is clicked on

2022-07-19 06:52:59 - [TEST_STEP][PASSED] - delay(12): Delayed 12 second(s)

2022-07-19 06:53:11 - [MESSAGE][PASSED] - Delayed 12 second(s)

2022-07-19 06:53:11 - [TEST_STEP][PASSED] - click(findTestObject("Object Repository/Page_Concours photo  votez pour la plus bel_494087/a_X")): Object: 'Object Repository/Page_Concours photo  votez pour la plus bel_494087/a_X' is clicked on

2022-07-19 06:53:11 - [MESSAGE][PASSED] - Object: 'Object Repository/Page_Concours photo  votez pour la plus bel_494087/a_X' is clicked on

2022-07-19 06:53:11 - [TEST_STEP][PASSED] - delay(1): Delayed 1 second(s)

2022-07-19 06:53:12 - [MESSAGE][PASSED] - Delayed 1 second(s)

2022-07-19 06:53:12 - [TEST_STEP][PASSED] - click(findTestObject("Object Repository/Page_Concours photo  votez pour la plus bel_494087/input_concat(Votez pour le plus beau chien de la cte d, , Opale )_jouer")): Object: 'Object Repository/Page_Concours photo  votez pour la plus bel_494087/input_concat(Votez pour le plus beau chien de la cte d, , Opale )_jouer' is clicked on

2022-07-19 06:53:13 - [MESSAGE][PASSED] - Object: 'Object Repository/Page_Concours photo  votez pour la plus bel_494087/input_concat(Votez pour le plus beau chien de la cte d, , Opale )_jouer' is clicked on

2022-07-19 06:53:13 - [TEST_STEP][PASSED] - if (verifyElementPresent(findTestObject("Page_Concours photo  votez pour la plus bel_494087/input_concat(Votez pour le plus beau chien de la cte d, , Opale )_jouer"), 1, OPTIONAL)): null

2022-07-19 06:53:13 - [MESSAGE][PASSED] - Object 'Object Repository/Page_Concours photo  votez pour la plus bel_494087/input_concat(Votez pour le plus beau chien de la cte d, , Opale )_jouer' is present

2022-07-19 06:53:13 - [TEST_STEP][PASSED] - click(findTestObject("Object Repository/Page_Concours photo  votez pour la plus bel_494087/input_concat(Votez pour le plus beau chien de la cte d, , Opale )_jouer")): Object: 'Object Repository/Page_Concours photo  votez pour la plus bel_494087/input_concat(Votez pour le plus beau chien de la cte d, , Opale )_jouer' is clicked on

2022-07-19 06:53:14 - [MESSAGE][PASSED] - Object: 'Object Repository/Page_Concours photo  votez pour la plus bel_494087/input_concat(Votez pour le plus beau chien de la cte d, , Opale )_jouer' is clicked on

2022-07-19 06:53:14 - [TEST_STEP][PASSED] - delay(1): Delayed 1 second(s)

2022-07-19 06:53:15 - [MESSAGE][PASSED] - Delayed 1 second(s)

2022-07-19 06:53:15 - [TEST_STEP][PASSED] - setText(findTestObject("Object Repository/Page_Concours photo  votez pour la plus bel_494087/input_trie par_keyword"), "Gaspard"): Text 'Gaspard' is set on object 'Object Repository/Page_Concours photo  votez pour la plus bel_494087/input_trie par_keyword'

2022-07-19 06:53:19 - [MESSAGE][PASSED] - Text 'Gaspard' is set on object 'Object Repository/Page_Concours photo  votez pour la plus bel_494087/input_trie par_keyword'

2022-07-19 06:53:19 - [TEST_STEP][PASSED] - sendKeys(findTestObject("Page_Concours photo  votez pour la plus bel_494087/input_trie par_keyword"), Keys.chord(ENTER)): Keys 'ENTER + ' sent to object: 'Object Repository/Page_Concours photo  votez pour la plus bel_494087/input_trie par_keyword'

2022-07-19 06:53:20 - [MESSAGE][PASSED] - Keys 'ENTER + ' sent to object: 'Object Repository/Page_Concours photo  votez pour la plus bel_494087/input_trie par_keyword'

2022-07-19 06:53:20 - [TEST_STEP][PASSED] - click(findTestObject("Page_Concours photo  votez pour la plus bel_494087/tri")): Object: 'Object Repository/Page_Concours photo  votez pour la plus bel_494087/tri' is clicked on

2022-07-19 06:53:21 - [MESSAGE][PASSED] - Object: 'Object Repository/Page_Concours photo  votez pour la plus bel_494087/tri' is clicked on

2022-07-19 06:53:21 - [TEST_STEP][PASSED] - click(findTestObject("Page_Concours photo  votez pour la plus bel_494087/plus de votes")): Object: 'Object Repository/Page_Concours photo  votez pour la plus bel_494087/plus de votes' is clicked on

2022-07-19 06:53:21 - [MESSAGE][PASSED] - Object: 'Object Repository/Page_Concours photo  votez pour la plus bel_494087/plus de votes' is clicked on

2022-07-19 06:53:23 - [TEST_STEP][PASSED] - click(findTestObject("Object Repository/Page_Concours photo  votez pour la plus bel_494087/i_Votes_fa fa-heart")): Object: 'Object Repository/Page_Concours photo  votez pour la plus bel_494087/i_Votes_fa fa-heart' is clicked on

2022-07-19 06:53:23 - [MESSAGE][PASSED] - Object: 'Object Repository/Page_Concours photo  votez pour la plus bel_494087/i_Votes_fa fa-heart' is clicked on

2022-07-19 06:53:23 - [TEST_STEP][PASSED] - delay(1): Delayed 1 second(s)

2022-07-19 06:53:24 - [MESSAGE][PASSED] - Delayed 1 second(s)

2022-07-19 06:53:24 - [TEST_STEP][PASSED] - closeBrowser(): Browser is closed

2022-07-19 06:53:25 - [MESSAGE][PASSED] - Browser is closed]]></system-out>
         <system-err><![CDATA[]]></system-err>
      </testcase>
      <testcase name="Test Cases/Vote" time="29.027" classname="Test Cases/Vote" status="PASSED">
         <system-out><![CDATA[2022-07-19 06:53:25 - [TEST_CASE][PASSED] - Test Cases/Vote: Test Cases/Vote

2022-07-19 06:53:25 - [TEST_STEP][PASSED] - openBrowser(""): Browser is opened with url: ''

2022-07-19 06:53:25 - [MESSAGE][INFO] - Starting 'Chrome' driver

2022-07-19 06:53:25 - [MESSAGE][INFO] - Action delay is set to 0 milliseconds

2022-07-19 06:53:26 - [MESSAGE][PASSED] - Browser is opened with url: ''

2022-07-19 06:53:26 - [TEST_STEP][PASSED] - navigateToUrl("https://lesechosdutouquet.nordlittoral.fr/147787/article/2022-06-30/concours-photo-montrez-nous-la-plus-belle-photo-de-votre-chien-en-promenade-sur#l5lb6r47qsmp9ur58y"): Navigate to 'https://lesechosdutouquet.nordlittoral.fr/147787/article/2022-06-30/concours-photo-montrez-nous-la-plus-belle-photo-de-votre-chien-en-promenade-sur#l5lb6r47qsmp9ur58y' successfully

2022-07-19 06:53:28 - [MESSAGE][PASSED] - Navigate to 'https://lesechosdutouquet.nordlittoral.fr/147787/article/2022-06-30/concours-photo-montrez-nous-la-plus-belle-photo-de-votre-chien-en-promenade-sur#l5lb6r47qsmp9ur58y' successfully

2022-07-19 06:53:28 - [TEST_STEP][PASSED] - setViewPortSize(1920, 1080): Viewport is set to new size with width = 1920 and height = 1080

2022-07-19 06:53:29 - [MESSAGE][PASSED] - Viewport is set to new size with width = 1920 and height = 1080

2022-07-19 06:53:29 - [TEST_STEP][PASSED] - click(findTestObject("Object Repository/Page_Concours photo  votez pour la plus bel_494087/button_Accepter  Fermer")): Object: 'Object Repository/Page_Concours photo  votez pour la plus bel_494087/button_Accepter  Fermer' is clicked on

2022-07-19 06:53:30 - [MESSAGE][PASSED] - Object: 'Object Repository/Page_Concours photo  votez pour la plus bel_494087/button_Accepter  Fermer' is clicked on

2022-07-19 06:53:30 - [TEST_STEP][PASSED] - delay(12): Delayed 12 second(s)

2022-07-19 06:53:42 - [MESSAGE][PASSED] - Delayed 12 second(s)

2022-07-19 06:53:42 - [TEST_STEP][PASSED] - click(findTestObject("Object Repository/Page_Concours photo  votez pour la plus bel_494087/a_X")): Object: 'Object Repository/Page_Concours photo  votez pour la plus bel_494087/a_X' is clicked on

2022-07-19 06:53:42 - [MESSAGE][PASSED] - Object: 'Object Repository/Page_Concours photo  votez pour la plus bel_494087/a_X' is clicked on

2022-07-19 06:53:42 - [TEST_STEP][PASSED] - delay(1): Delayed 1 second(s)

2022-07-19 06:53:43 - [MESSAGE][PASSED] - Delayed 1 second(s)

2022-07-19 06:53:43 - [TEST_STEP][PASSED] - click(findTestObject("Object Repository/Page_Concours photo  votez pour la plus bel_494087/input_concat(Votez pour le plus beau chien de la cte d, , Opale )_jouer")): Object: 'Object Repository/Page_Concours photo  votez pour la plus bel_494087/input_concat(Votez pour le plus beau chien de la cte d, , Opale )_jouer' is clicked on

2022-07-19 06:53:44 - [MESSAGE][PASSED] - Object: 'Object Repository/Page_Concours photo  votez pour la plus bel_494087/input_concat(Votez pour le plus beau chien de la cte d, , Opale )_jouer' is clicked on

2022-07-19 06:53:44 - [TEST_STEP][PASSED] - if (verifyElementPresent(findTestObject("Page_Concours photo  votez pour la plus bel_494087/input_concat(Votez pour le plus beau chien de la cte d, , Opale )_jouer"), 1, OPTIONAL)): null

2022-07-19 06:53:45 - [MESSAGE][PASSED] - Object 'Object Repository/Page_Concours photo  votez pour la plus bel_494087/input_concat(Votez pour le plus beau chien de la cte d, , Opale )_jouer' is present

2022-07-19 06:53:45 - [TEST_STEP][PASSED] - click(findTestObject("Object Repository/Page_Concours photo  votez pour la plus bel_494087/input_concat(Votez pour le plus beau chien de la cte d, , Opale )_jouer")): Object: 'Object Repository/Page_Concours photo  votez pour la plus bel_494087/input_concat(Votez pour le plus beau chien de la cte d, , Opale )_jouer' is clicked on

2022-07-19 06:53:46 - [MESSAGE][PASSED] - Object: 'Object Repository/Page_Concours photo  votez pour la plus bel_494087/input_concat(Votez pour le plus beau chien de la cte d, , Opale )_jouer' is clicked on

2022-07-19 06:53:46 - [TEST_STEP][PASSED] - delay(1): Delayed 1 second(s)

2022-07-19 06:53:47 - [MESSAGE][PASSED] - Delayed 1 second(s)

2022-07-19 06:53:47 - [TEST_STEP][PASSED] - setText(findTestObject("Object Repository/Page_Concours photo  votez pour la plus bel_494087/input_trie par_keyword"), "Gaspard"): Text 'Gaspard' is set on object 'Object Repository/Page_Concours photo  votez pour la plus bel_494087/input_trie par_keyword'

2022-07-19 06:53:48 - [MESSAGE][PASSED] - Text 'Gaspard' is set on object 'Object Repository/Page_Concours photo  votez pour la plus bel_494087/input_trie par_keyword'

2022-07-19 06:53:48 - [TEST_STEP][PASSED] - sendKeys(findTestObject("Page_Concours photo  votez pour la plus bel_494087/input_trie par_keyword"), Keys.chord(ENTER)): Keys 'ENTER + ' sent to object: 'Object Repository/Page_Concours photo  votez pour la plus bel_494087/input_trie par_keyword'

2022-07-19 06:53:49 - [MESSAGE][PASSED] - Keys 'ENTER + ' sent to object: 'Object Repository/Page_Concours photo  votez pour la plus bel_494087/input_trie par_keyword'

2022-07-19 06:53:49 - [TEST_STEP][PASSED] - click(findTestObject("Page_Concours photo  votez pour la plus bel_494087/tri")): Object: 'Object Repository/Page_Concours photo  votez pour la plus bel_494087/tri' is clicked on

2022-07-19 06:53:50 - [MESSAGE][PASSED] - Object: 'Object Repository/Page_Concours photo  votez pour la plus bel_494087/tri' is clicked on

2022-07-19 06:53:50 - [TEST_STEP][PASSED] - click(findTestObject("Page_Concours photo  votez pour la plus bel_494087/plus de votes")): Object: 'Object Repository/Page_Concours photo  votez pour la plus bel_494087/plus de votes' is clicked on

2022-07-19 06:53:51 - [MESSAGE][PASSED] - Object: 'Object Repository/Page_Concours photo  votez pour la plus bel_494087/plus de votes' is clicked on

2022-07-19 06:53:52 - [TEST_STEP][PASSED] - click(findTestObject("Object Repository/Page_Concours photo  votez pour la plus bel_494087/i_Votes_fa fa-heart")): Object: 'Object Repository/Page_Concours photo  votez pour la plus bel_494087/i_Votes_fa fa-heart' is clicked on

2022-07-19 06:53:52 - [MESSAGE][PASSED] - Object: 'Object Repository/Page_Concours photo  votez pour la plus bel_494087/i_Votes_fa fa-heart' is clicked on

2022-07-19 06:53:52 - [TEST_STEP][PASSED] - delay(1): Delayed 1 second(s)

2022-07-19 06:53:53 - [MESSAGE][PASSED] - Delayed 1 second(s)

2022-07-19 06:53:53 - [TEST_STEP][PASSED] - closeBrowser(): Browser is closed

2022-07-19 06:53:54 - [MESSAGE][PASSED] - Browser is closed]]></system-out>
         <system-err><![CDATA[]]></system-err>
      </testcase>
      <testcase name="Test Cases/Vote" time="37.138" classname="Test Cases/Vote" status="PASSED">
         <system-out><![CDATA[2022-07-19 06:53:54 - [TEST_CASE][PASSED] - Test Cases/Vote: Test Cases/Vote

2022-07-19 06:53:54 - [TEST_STEP][PASSED] - openBrowser(""): Browser is opened with url: ''

2022-07-19 06:53:54 - [MESSAGE][INFO] - Starting 'Chrome' driver

2022-07-19 06:53:54 - [MESSAGE][INFO] - Action delay is set to 0 milliseconds

2022-07-19 06:53:55 - [MESSAGE][PASSED] - Browser is opened with url: ''

2022-07-19 06:53:55 - [TEST_STEP][PASSED] - navigateToUrl("https://lesechosdutouquet.nordlittoral.fr/147787/article/2022-06-30/concours-photo-montrez-nous-la-plus-belle-photo-de-votre-chien-en-promenade-sur#l5lb6r47qsmp9ur58y"): Navigate to 'https://lesechosdutouquet.nordlittoral.fr/147787/article/2022-06-30/concours-photo-montrez-nous-la-plus-belle-photo-de-votre-chien-en-promenade-sur#l5lb6r47qsmp9ur58y' successfully

2022-07-19 06:54:03 - [MESSAGE][PASSED] - Navigate to 'https://lesechosdutouquet.nordlittoral.fr/147787/article/2022-06-30/concours-photo-montrez-nous-la-plus-belle-photo-de-votre-chien-en-promenade-sur#l5lb6r47qsmp9ur58y' successfully

2022-07-19 06:54:03 - [TEST_STEP][PASSED] - setViewPortSize(1920, 1080): Viewport is set to new size with width = 1920 and height = 1080

2022-07-19 06:54:03 - [MESSAGE][PASSED] - Viewport is set to new size with width = 1920 and height = 1080

2022-07-19 06:54:03 - [TEST_STEP][PASSED] - click(findTestObject("Object Repository/Page_Concours photo  votez pour la plus bel_494087/button_Accepter  Fermer")): Object: 'Object Repository/Page_Concours photo  votez pour la plus bel_494087/button_Accepter  Fermer' is clicked on

2022-07-19 06:54:04 - [MESSAGE][PASSED] - Object: 'Object Repository/Page_Concours photo  votez pour la plus bel_494087/button_Accepter  Fermer' is clicked on

2022-07-19 06:54:04 - [TEST_STEP][PASSED] - delay(12): Delayed 12 second(s)

2022-07-19 06:54:16 - [MESSAGE][PASSED] - Delayed 12 second(s)

2022-07-19 06:54:16 - [TEST_STEP][PASSED] - click(findTestObject("Object Repository/Page_Concours photo  votez pour la plus bel_494087/a_X")): Object: 'Object Repository/Page_Concours photo  votez pour la plus bel_494087/a_X' is clicked on

2022-07-19 06:54:17 - [MESSAGE][PASSED] - Object: 'Object Repository/Page_Concours photo  votez pour la plus bel_494087/a_X' is clicked on

2022-07-19 06:54:17 - [TEST_STEP][PASSED] - delay(1): Delayed 1 second(s)

2022-07-19 06:54:18 - [MESSAGE][PASSED] - Delayed 1 second(s)

2022-07-19 06:54:18 - [TEST_STEP][PASSED] - click(findTestObject("Object Repository/Page_Concours photo  votez pour la plus bel_494087/input_concat(Votez pour le plus beau chien de la cte d, , Opale )_jouer")): Object: 'Object Repository/Page_Concours photo  votez pour la plus bel_494087/input_concat(Votez pour le plus beau chien de la cte d, , Opale )_jouer' is clicked on

2022-07-19 06:54:18 - [MESSAGE][PASSED] - Object: 'Object Repository/Page_Concours photo  votez pour la plus bel_494087/input_concat(Votez pour le plus beau chien de la cte d, , Opale )_jouer' is clicked on

2022-07-19 06:54:18 - [TEST_STEP][PASSED] - if (verifyElementPresent(findTestObject("Page_Concours photo  votez pour la plus bel_494087/input_concat(Votez pour le plus beau chien de la cte d, , Opale )_jouer"), 1, OPTIONAL)): null

2022-07-19 06:54:20 - [MESSAGE][PASSED] - Object 'Object Repository/Page_Concours photo  votez pour la plus bel_494087/input_concat(Votez pour le plus beau chien de la cte d, , Opale )_jouer' is present

2022-07-19 06:54:20 - [TEST_STEP][PASSED] - click(findTestObject("Object Repository/Page_Concours photo  votez pour la plus bel_494087/input_concat(Votez pour le plus beau chien de la cte d, , Opale )_jouer")): Object: 'Object Repository/Page_Concours photo  votez pour la plus bel_494087/input_concat(Votez pour le plus beau chien de la cte d, , Opale )_jouer' is clicked on

2022-07-19 06:54:21 - [MESSAGE][PASSED] - Object: 'Object Repository/Page_Concours photo  votez pour la plus bel_494087/input_concat(Votez pour le plus beau chien de la cte d, , Opale )_jouer' is clicked on

2022-07-19 06:54:21 - [TEST_STEP][PASSED] - delay(1): Delayed 1 second(s)

2022-07-19 06:54:22 - [MESSAGE][PASSED] - Delayed 1 second(s)

2022-07-19 06:54:22 - [TEST_STEP][PASSED] - setText(findTestObject("Object Repository/Page_Concours photo  votez pour la plus bel_494087/input_trie par_keyword"), "Gaspard"): Text 'Gaspard' is set on object 'Object Repository/Page_Concours photo  votez pour la plus bel_494087/input_trie par_keyword'

2022-07-19 06:54:25 - [MESSAGE][PASSED] - Text 'Gaspard' is set on object 'Object Repository/Page_Concours photo  votez pour la plus bel_494087/input_trie par_keyword'

2022-07-19 06:54:25 - [TEST_STEP][PASSED] - sendKeys(findTestObject("Page_Concours photo  votez pour la plus bel_494087/input_trie par_keyword"), Keys.chord(ENTER)): Keys 'ENTER + ' sent to object: 'Object Repository/Page_Concours photo  votez pour la plus bel_494087/input_trie par_keyword'

2022-07-19 06:54:27 - [MESSAGE][PASSED] - Keys 'ENTER + ' sent to object: 'Object Repository/Page_Concours photo  votez pour la plus bel_494087/input_trie par_keyword'

2022-07-19 06:54:27 - [TEST_STEP][PASSED] - click(findTestObject("Page_Concours photo  votez pour la plus bel_494087/tri")): Object: 'Object Repository/Page_Concours photo  votez pour la plus bel_494087/tri' is clicked on

2022-07-19 06:54:27 - [MESSAGE][PASSED] - Object: 'Object Repository/Page_Concours photo  votez pour la plus bel_494087/tri' is clicked on

2022-07-19 06:54:27 - [TEST_STEP][PASSED] - click(findTestObject("Page_Concours photo  votez pour la plus bel_494087/plus de votes")): Object: 'Object Repository/Page_Concours photo  votez pour la plus bel_494087/plus de votes' is clicked on

2022-07-19 06:54:28 - [MESSAGE][PASSED] - Object: 'Object Repository/Page_Concours photo  votez pour la plus bel_494087/plus de votes' is clicked on

2022-07-19 06:54:29 - [TEST_STEP][PASSED] - click(findTestObject("Object Repository/Page_Concours photo  votez pour la plus bel_494087/i_Votes_fa fa-heart")): Object: 'Object Repository/Page_Concours photo  votez pour la plus bel_494087/i_Votes_fa fa-heart' is clicked on

2022-07-19 06:54:29 - [MESSAGE][PASSED] - Object: 'Object Repository/Page_Concours photo  votez pour la plus bel_494087/i_Votes_fa fa-heart' is clicked on

2022-07-19 06:54:29 - [TEST_STEP][PASSED] - delay(1): Delayed 1 second(s)

2022-07-19 06:54:30 - [MESSAGE][PASSED] - Delayed 1 second(s)

2022-07-19 06:54:30 - [TEST_STEP][PASSED] - closeBrowser(): Browser is closed

2022-07-19 06:54:31 - [MESSAGE][PASSED] - Browser is closed]]></system-out>
         <system-err><![CDATA[]]></system-err>
      </testcase>
      <testcase name="Test Cases/Vote" time="30.515" classname="Test Cases/Vote" status="PASSED">
         <system-out><![CDATA[2022-07-19 06:54:31 - [TEST_CASE][PASSED] - Test Cases/Vote: Test Cases/Vote

2022-07-19 06:54:31 - [TEST_STEP][PASSED] - openBrowser(""): Browser is opened with url: ''

2022-07-19 06:54:31 - [MESSAGE][INFO] - Starting 'Chrome' driver

2022-07-19 06:54:31 - [MESSAGE][INFO] - Action delay is set to 0 milliseconds

2022-07-19 06:54:32 - [MESSAGE][PASSED] - Browser is opened with url: ''

2022-07-19 06:54:32 - [TEST_STEP][PASSED] - navigateToUrl("https://lesechosdutouquet.nordlittoral.fr/147787/article/2022-06-30/concours-photo-montrez-nous-la-plus-belle-photo-de-votre-chien-en-promenade-sur#l5lb6r47qsmp9ur58y"): Navigate to 'https://lesechosdutouquet.nordlittoral.fr/147787/article/2022-06-30/concours-photo-montrez-nous-la-plus-belle-photo-de-votre-chien-en-promenade-sur#l5lb6r47qsmp9ur58y' successfully

2022-07-19 06:54:35 - [MESSAGE][PASSED] - Navigate to 'https://lesechosdutouquet.nordlittoral.fr/147787/article/2022-06-30/concours-photo-montrez-nous-la-plus-belle-photo-de-votre-chien-en-promenade-sur#l5lb6r47qsmp9ur58y' successfully

2022-07-19 06:54:35 - [TEST_STEP][PASSED] - setViewPortSize(1920, 1080): Viewport is set to new size with width = 1920 and height = 1080

2022-07-19 06:54:35 - [MESSAGE][PASSED] - Viewport is set to new size with width = 1920 and height = 1080

2022-07-19 06:54:35 - [TEST_STEP][PASSED] - click(findTestObject("Object Repository/Page_Concours photo  votez pour la plus bel_494087/button_Accepter  Fermer")): Object: 'Object Repository/Page_Concours photo  votez pour la plus bel_494087/button_Accepter  Fermer' is clicked on

2022-07-19 06:54:36 - [MESSAGE][PASSED] - Object: 'Object Repository/Page_Concours photo  votez pour la plus bel_494087/button_Accepter  Fermer' is clicked on

2022-07-19 06:54:36 - [TEST_STEP][PASSED] - delay(12): Delayed 12 second(s)

2022-07-19 06:54:48 - [MESSAGE][PASSED] - Delayed 12 second(s)

2022-07-19 06:54:48 - [TEST_STEP][PASSED] - click(findTestObject("Object Repository/Page_Concours photo  votez pour la plus bel_494087/a_X")): Object: 'Object Repository/Page_Concours photo  votez pour la plus bel_494087/a_X' is clicked on

2022-07-19 06:54:48 - [MESSAGE][PASSED] - Object: 'Object Repository/Page_Concours photo  votez pour la plus bel_494087/a_X' is clicked on

2022-07-19 06:54:48 - [TEST_STEP][PASSED] - delay(1): Delayed 1 second(s)

2022-07-19 06:54:49 - [MESSAGE][PASSED] - Delayed 1 second(s)

2022-07-19 06:54:49 - [TEST_STEP][PASSED] - click(findTestObject("Object Repository/Page_Concours photo  votez pour la plus bel_494087/input_concat(Votez pour le plus beau chien de la cte d, , Opale )_jouer")): Object: 'Object Repository/Page_Concours photo  votez pour la plus bel_494087/input_concat(Votez pour le plus beau chien de la cte d, , Opale )_jouer' is clicked on

2022-07-19 06:54:50 - [MESSAGE][PASSED] - Object: 'Object Repository/Page_Concours photo  votez pour la plus bel_494087/input_concat(Votez pour le plus beau chien de la cte d, , Opale )_jouer' is clicked on

2022-07-19 06:54:50 - [TEST_STEP][PASSED] - if (verifyElementPresent(findTestObject("Page_Concours photo  votez pour la plus bel_494087/input_concat(Votez pour le plus beau chien de la cte d, , Opale )_jouer"), 1, OPTIONAL)): null

2022-07-19 06:54:51 - [MESSAGE][PASSED] - Object 'Object Repository/Page_Concours photo  votez pour la plus bel_494087/input_concat(Votez pour le plus beau chien de la cte d, , Opale )_jouer' is present

2022-07-19 06:54:51 - [TEST_STEP][PASSED] - click(findTestObject("Object Repository/Page_Concours photo  votez pour la plus bel_494087/input_concat(Votez pour le plus beau chien de la cte d, , Opale )_jouer")): Object: 'Object Repository/Page_Concours photo  votez pour la plus bel_494087/input_concat(Votez pour le plus beau chien de la cte d, , Opale )_jouer' is clicked on

2022-07-19 06:54:52 - [MESSAGE][PASSED] - Object: 'Object Repository/Page_Concours photo  votez pour la plus bel_494087/input_concat(Votez pour le plus beau chien de la cte d, , Opale )_jouer' is clicked on

2022-07-19 06:54:52 - [TEST_STEP][PASSED] - delay(1): Delayed 1 second(s)

2022-07-19 06:54:53 - [MESSAGE][PASSED] - Delayed 1 second(s)

2022-07-19 06:54:53 - [TEST_STEP][PASSED] - setText(findTestObject("Object Repository/Page_Concours photo  votez pour la plus bel_494087/input_trie par_keyword"), "Gaspard"): Text 'Gaspard' is set on object 'Object Repository/Page_Concours photo  votez pour la plus bel_494087/input_trie par_keyword'

2022-07-19 06:54:56 - [MESSAGE][PASSED] - Text 'Gaspard' is set on object 'Object Repository/Page_Concours photo  votez pour la plus bel_494087/input_trie par_keyword'

2022-07-19 06:54:56 - [TEST_STEP][PASSED] - sendKeys(findTestObject("Page_Concours photo  votez pour la plus bel_494087/input_trie par_keyword"), Keys.chord(ENTER)): Keys 'ENTER + ' sent to object: 'Object Repository/Page_Concours photo  votez pour la plus bel_494087/input_trie par_keyword'

2022-07-19 06:54:57 - [MESSAGE][PASSED] - Keys 'ENTER + ' sent to object: 'Object Repository/Page_Concours photo  votez pour la plus bel_494087/input_trie par_keyword'

2022-07-19 06:54:57 - [TEST_STEP][PASSED] - click(findTestObject("Page_Concours photo  votez pour la plus bel_494087/tri")): Object: 'Object Repository/Page_Concours photo  votez pour la plus bel_494087/tri' is clicked on

2022-07-19 06:54:58 - [MESSAGE][PASSED] - Object: 'Object Repository/Page_Concours photo  votez pour la plus bel_494087/tri' is clicked on

2022-07-19 06:54:58 - [TEST_STEP][PASSED] - click(findTestObject("Page_Concours photo  votez pour la plus bel_494087/plus de votes")): Object: 'Object Repository/Page_Concours photo  votez pour la plus bel_494087/plus de votes' is clicked on

2022-07-19 06:54:58 - [MESSAGE][PASSED] - Object: 'Object Repository/Page_Concours photo  votez pour la plus bel_494087/plus de votes' is clicked on

2022-07-19 06:55:00 - [TEST_STEP][PASSED] - click(findTestObject("Object Repository/Page_Concours photo  votez pour la plus bel_494087/i_Votes_fa fa-heart")): Object: 'Object Repository/Page_Concours photo  votez pour la plus bel_494087/i_Votes_fa fa-heart' is clicked on

2022-07-19 06:55:00 - [MESSAGE][PASSED] - Object: 'Object Repository/Page_Concours photo  votez pour la plus bel_494087/i_Votes_fa fa-heart' is clicked on

2022-07-19 06:55:00 - [TEST_STEP][PASSED] - delay(1): Delayed 1 second(s)

2022-07-19 06:55:01 - [MESSAGE][PASSED] - Delayed 1 second(s)

2022-07-19 06:55:01 - [TEST_STEP][PASSED] - closeBrowser(): Browser is closed

2022-07-19 06:55:01 - [MESSAGE][PASSED] - Browser is closed]]></system-out>
         <system-err><![CDATA[]]></system-err>
      </testcase>
      <testcase name="Test Cases/Vote" time="31.21" classname="Test Cases/Vote" status="PASSED">
         <system-out><![CDATA[2022-07-19 06:55:01 - [TEST_CASE][PASSED] - Test Cases/Vote: Test Cases/Vote

2022-07-19 06:55:01 - [TEST_STEP][PASSED] - openBrowser(""): Browser is opened with url: ''

2022-07-19 06:55:01 - [MESSAGE][INFO] - Starting 'Chrome' driver

2022-07-19 06:55:01 - [MESSAGE][INFO] - Action delay is set to 0 milliseconds

2022-07-19 06:55:02 - [MESSAGE][PASSED] - Browser is opened with url: ''

2022-07-19 06:55:02 - [TEST_STEP][PASSED] - navigateToUrl("https://lesechosdutouquet.nordlittoral.fr/147787/article/2022-06-30/concours-photo-montrez-nous-la-plus-belle-photo-de-votre-chien-en-promenade-sur#l5lb6r47qsmp9ur58y"): Navigate to 'https://lesechosdutouquet.nordlittoral.fr/147787/article/2022-06-30/concours-photo-montrez-nous-la-plus-belle-photo-de-votre-chien-en-promenade-sur#l5lb6r47qsmp9ur58y' successfully

2022-07-19 06:55:05 - [MESSAGE][PASSED] - Navigate to 'https://lesechosdutouquet.nordlittoral.fr/147787/article/2022-06-30/concours-photo-montrez-nous-la-plus-belle-photo-de-votre-chien-en-promenade-sur#l5lb6r47qsmp9ur58y' successfully

2022-07-19 06:55:05 - [TEST_STEP][PASSED] - setViewPortSize(1920, 1080): Viewport is set to new size with width = 1920 and height = 1080

2022-07-19 06:55:05 - [MESSAGE][PASSED] - Viewport is set to new size with width = 1920 and height = 1080

2022-07-19 06:55:05 - [TEST_STEP][PASSED] - click(findTestObject("Object Repository/Page_Concours photo  votez pour la plus bel_494087/button_Accepter  Fermer")): Object: 'Object Repository/Page_Concours photo  votez pour la plus bel_494087/button_Accepter  Fermer' is clicked on

2022-07-19 06:55:06 - [MESSAGE][PASSED] - Object: 'Object Repository/Page_Concours photo  votez pour la plus bel_494087/button_Accepter  Fermer' is clicked on

2022-07-19 06:55:06 - [TEST_STEP][PASSED] - delay(12): Delayed 12 second(s)

2022-07-19 06:55:18 - [MESSAGE][PASSED] - Delayed 12 second(s)

2022-07-19 06:55:18 - [TEST_STEP][PASSED] - click(findTestObject("Object Repository/Page_Concours photo  votez pour la plus bel_494087/a_X")): Object: 'Object Repository/Page_Concours photo  votez pour la plus bel_494087/a_X' is clicked on

2022-07-19 06:55:19 - [MESSAGE][PASSED] - Object: 'Object Repository/Page_Concours photo  votez pour la plus bel_494087/a_X' is clicked on

2022-07-19 06:55:19 - [TEST_STEP][PASSED] - delay(1): Delayed 1 second(s)

2022-07-19 06:55:20 - [MESSAGE][PASSED] - Delayed 1 second(s)

2022-07-19 06:55:20 - [TEST_STEP][PASSED] - click(findTestObject("Object Repository/Page_Concours photo  votez pour la plus bel_494087/input_concat(Votez pour le plus beau chien de la cte d, , Opale )_jouer")): Object: 'Object Repository/Page_Concours photo  votez pour la plus bel_494087/input_concat(Votez pour le plus beau chien de la cte d, , Opale )_jouer' is clicked on

2022-07-19 06:55:20 - [MESSAGE][PASSED] - Object: 'Object Repository/Page_Concours photo  votez pour la plus bel_494087/input_concat(Votez pour le plus beau chien de la cte d, , Opale )_jouer' is clicked on

2022-07-19 06:55:21 - [TEST_STEP][PASSED] - if (verifyElementPresent(findTestObject("Page_Concours photo  votez pour la plus bel_494087/input_concat(Votez pour le plus beau chien de la cte d, , Opale )_jouer"), 1, OPTIONAL)): null

2022-07-19 06:55:22 - [MESSAGE][PASSED] - Object 'Object Repository/Page_Concours photo  votez pour la plus bel_494087/input_concat(Votez pour le plus beau chien de la cte d, , Opale )_jouer' is present

2022-07-19 06:55:22 - [TEST_STEP][PASSED] - click(findTestObject("Object Repository/Page_Concours photo  votez pour la plus bel_494087/input_concat(Votez pour le plus beau chien de la cte d, , Opale )_jouer")): Object: 'Object Repository/Page_Concours photo  votez pour la plus bel_494087/input_concat(Votez pour le plus beau chien de la cte d, , Opale )_jouer' is clicked on

2022-07-19 06:55:22 - [MESSAGE][PASSED] - Object: 'Object Repository/Page_Concours photo  votez pour la plus bel_494087/input_concat(Votez pour le plus beau chien de la cte d, , Opale )_jouer' is clicked on

2022-07-19 06:55:22 - [TEST_STEP][PASSED] - delay(1): Delayed 1 second(s)

2022-07-19 06:55:23 - [MESSAGE][PASSED] - Delayed 1 second(s)

2022-07-19 06:55:23 - [TEST_STEP][PASSED] - setText(findTestObject("Object Repository/Page_Concours photo  votez pour la plus bel_494087/input_trie par_keyword"), "Gaspard"): Text 'Gaspard' is set on object 'Object Repository/Page_Concours photo  votez pour la plus bel_494087/input_trie par_keyword'

2022-07-19 06:55:26 - [MESSAGE][PASSED] - Text 'Gaspard' is set on object 'Object Repository/Page_Concours photo  votez pour la plus bel_494087/input_trie par_keyword'

2022-07-19 06:55:26 - [TEST_STEP][PASSED] - sendKeys(findTestObject("Page_Concours photo  votez pour la plus bel_494087/input_trie par_keyword"), Keys.chord(ENTER)): Keys 'ENTER + ' sent to object: 'Object Repository/Page_Concours photo  votez pour la plus bel_494087/input_trie par_keyword'

2022-07-19 06:55:28 - [MESSAGE][PASSED] - Keys 'ENTER + ' sent to object: 'Object Repository/Page_Concours photo  votez pour la plus bel_494087/input_trie par_keyword'

2022-07-19 06:55:28 - [TEST_STEP][PASSED] - click(findTestObject("Page_Concours photo  votez pour la plus bel_494087/tri")): Object: 'Object Repository/Page_Concours photo  votez pour la plus bel_494087/tri' is clicked on

2022-07-19 06:55:29 - [MESSAGE][PASSED] - Object: 'Object Repository/Page_Concours photo  votez pour la plus bel_494087/tri' is clicked on

2022-07-19 06:55:29 - [TEST_STEP][PASSED] - click(findTestObject("Page_Concours photo  votez pour la plus bel_494087/plus de votes")): Object: 'Object Repository/Page_Concours photo  votez pour la plus bel_494087/plus de votes' is clicked on

2022-07-19 06:55:29 - [MESSAGE][PASSED] - Object: 'Object Repository/Page_Concours photo  votez pour la plus bel_494087/plus de votes' is clicked on

2022-07-19 06:55:31 - [TEST_STEP][PASSED] - click(findTestObject("Object Repository/Page_Concours photo  votez pour la plus bel_494087/i_Votes_fa fa-heart")): Object: 'Object Repository/Page_Concours photo  votez pour la plus bel_494087/i_Votes_fa fa-heart' is clicked on

2022-07-19 06:55:31 - [MESSAGE][PASSED] - Object: 'Object Repository/Page_Concours photo  votez pour la plus bel_494087/i_Votes_fa fa-heart' is clicked on

2022-07-19 06:55:31 - [TEST_STEP][PASSED] - delay(1): Delayed 1 second(s)

2022-07-19 06:55:32 - [MESSAGE][PASSED] - Delayed 1 second(s)

2022-07-19 06:55:32 - [TEST_STEP][PASSED] - closeBrowser(): Browser is closed

2022-07-19 06:55:32 - [MESSAGE][PASSED] - Browser is closed]]></system-out>
         <system-err><![CDATA[]]></system-err>
      </testcase>
      <testcase name="Test Cases/Vote" time="30.935" classname="Test Cases/Vote" status="PASSED">
         <system-out><![CDATA[2022-07-19 06:55:32 - [TEST_CASE][PASSED] - Test Cases/Vote: Test Cases/Vote

2022-07-19 06:55:32 - [TEST_STEP][PASSED] - openBrowser(""): Browser is opened with url: ''

2022-07-19 06:55:32 - [MESSAGE][INFO] - Starting 'Chrome' driver

2022-07-19 06:55:32 - [MESSAGE][INFO] - Action delay is set to 0 milliseconds

2022-07-19 06:55:34 - [MESSAGE][PASSED] - Browser is opened with url: ''

2022-07-19 06:55:34 - [TEST_STEP][PASSED] - navigateToUrl("https://lesechosdutouquet.nordlittoral.fr/147787/article/2022-06-30/concours-photo-montrez-nous-la-plus-belle-photo-de-votre-chien-en-promenade-sur#l5lb6r47qsmp9ur58y"): Navigate to 'https://lesechosdutouquet.nordlittoral.fr/147787/article/2022-06-30/concours-photo-montrez-nous-la-plus-belle-photo-de-votre-chien-en-promenade-sur#l5lb6r47qsmp9ur58y' successfully

2022-07-19 06:55:36 - [MESSAGE][PASSED] - Navigate to 'https://lesechosdutouquet.nordlittoral.fr/147787/article/2022-06-30/concours-photo-montrez-nous-la-plus-belle-photo-de-votre-chien-en-promenade-sur#l5lb6r47qsmp9ur58y' successfully

2022-07-19 06:55:36 - [TEST_STEP][PASSED] - setViewPortSize(1920, 1080): Viewport is set to new size with width = 1920 and height = 1080

2022-07-19 06:55:36 - [MESSAGE][PASSED] - Viewport is set to new size with width = 1920 and height = 1080

2022-07-19 06:55:36 - [TEST_STEP][PASSED] - click(findTestObject("Object Repository/Page_Concours photo  votez pour la plus bel_494087/button_Accepter  Fermer")): Object: 'Object Repository/Page_Concours photo  votez pour la plus bel_494087/button_Accepter  Fermer' is clicked on

2022-07-19 06:55:37 - [MESSAGE][PASSED] - Object: 'Object Repository/Page_Concours photo  votez pour la plus bel_494087/button_Accepter  Fermer' is clicked on

2022-07-19 06:55:37 - [TEST_STEP][PASSED] - delay(12): Delayed 12 second(s)

2022-07-19 06:55:49 - [MESSAGE][PASSED] - Delayed 12 second(s)

2022-07-19 06:55:49 - [TEST_STEP][PASSED] - click(findTestObject("Object Repository/Page_Concours photo  votez pour la plus bel_494087/a_X")): Object: 'Object Repository/Page_Concours photo  votez pour la plus bel_494087/a_X' is clicked on

2022-07-19 06:55:50 - [MESSAGE][PASSED] - Object: 'Object Repository/Page_Concours photo  votez pour la plus bel_494087/a_X' is clicked on

2022-07-19 06:55:50 - [TEST_STEP][PASSED] - delay(1): Delayed 1 second(s)

2022-07-19 06:55:51 - [MESSAGE][PASSED] - Delayed 1 second(s)

2022-07-19 06:55:51 - [TEST_STEP][PASSED] - click(findTestObject("Object Repository/Page_Concours photo  votez pour la plus bel_494087/input_concat(Votez pour le plus beau chien de la cte d, , Opale )_jouer")): Object: 'Object Repository/Page_Concours photo  votez pour la plus bel_494087/input_concat(Votez pour le plus beau chien de la cte d, , Opale )_jouer' is clicked on

2022-07-19 06:55:52 - [MESSAGE][PASSED] - Object: 'Object Repository/Page_Concours photo  votez pour la plus bel_494087/input_concat(Votez pour le plus beau chien de la cte d, , Opale )_jouer' is clicked on

2022-07-19 06:55:52 - [TEST_STEP][PASSED] - if (verifyElementPresent(findTestObject("Page_Concours photo  votez pour la plus bel_494087/input_concat(Votez pour le plus beau chien de la cte d, , Opale )_jouer"), 1, OPTIONAL)): null

2022-07-19 06:55:53 - [MESSAGE][PASSED] - Object 'Object Repository/Page_Concours photo  votez pour la plus bel_494087/input_concat(Votez pour le plus beau chien de la cte d, , Opale )_jouer' is present

2022-07-19 06:55:53 - [TEST_STEP][PASSED] - click(findTestObject("Object Repository/Page_Concours photo  votez pour la plus bel_494087/input_concat(Votez pour le plus beau chien de la cte d, , Opale )_jouer")): Object: 'Object Repository/Page_Concours photo  votez pour la plus bel_494087/input_concat(Votez pour le plus beau chien de la cte d, , Opale )_jouer' is clicked on

2022-07-19 06:55:54 - [MESSAGE][PASSED] - Object: 'Object Repository/Page_Concours photo  votez pour la plus bel_494087/input_concat(Votez pour le plus beau chien de la cte d, , Opale )_jouer' is clicked on

2022-07-19 06:55:54 - [TEST_STEP][PASSED] - delay(1): Delayed 1 second(s)

2022-07-19 06:55:55 - [MESSAGE][PASSED] - Delayed 1 second(s)

2022-07-19 06:55:55 - [TEST_STEP][PASSED] - setText(findTestObject("Object Repository/Page_Concours photo  votez pour la plus bel_494087/input_trie par_keyword"), "Gaspard"): Text 'Gaspard' is set on object 'Object Repository/Page_Concours photo  votez pour la plus bel_494087/input_trie par_keyword'

2022-07-19 06:55:58 - [MESSAGE][PASSED] - Text 'Gaspard' is set on object 'Object Repository/Page_Concours photo  votez pour la plus bel_494087/input_trie par_keyword'

2022-07-19 06:55:58 - [TEST_STEP][PASSED] - sendKeys(findTestObject("Page_Concours photo  votez pour la plus bel_494087/input_trie par_keyword"), Keys.chord(ENTER)): Keys 'ENTER + ' sent to object: 'Object Repository/Page_Concours photo  votez pour la plus bel_494087/input_trie par_keyword'

2022-07-19 06:55:59 - [MESSAGE][PASSED] - Keys 'ENTER + ' sent to object: 'Object Repository/Page_Concours photo  votez pour la plus bel_494087/input_trie par_keyword'

2022-07-19 06:55:59 - [TEST_STEP][PASSED] - click(findTestObject("Page_Concours photo  votez pour la plus bel_494087/tri")): Object: 'Object Repository/Page_Concours photo  votez pour la plus bel_494087/tri' is clicked on

2022-07-19 06:56:00 - [MESSAGE][PASSED] - Object: 'Object Repository/Page_Concours photo  votez pour la plus bel_494087/tri' is clicked on

2022-07-19 06:56:00 - [TEST_STEP][PASSED] - click(findTestObject("Page_Concours photo  votez pour la plus bel_494087/plus de votes")): Object: 'Object Repository/Page_Concours photo  votez pour la plus bel_494087/plus de votes' is clicked on

2022-07-19 06:56:00 - [MESSAGE][PASSED] - Object: 'Object Repository/Page_Concours photo  votez pour la plus bel_494087/plus de votes' is clicked on

2022-07-19 06:56:02 - [TEST_STEP][PASSED] - click(findTestObject("Object Repository/Page_Concours photo  votez pour la plus bel_494087/i_Votes_fa fa-heart")): Object: 'Object Repository/Page_Concours photo  votez pour la plus bel_494087/i_Votes_fa fa-heart' is clicked on

2022-07-19 06:56:02 - [MESSAGE][PASSED] - Object: 'Object Repository/Page_Concours photo  votez pour la plus bel_494087/i_Votes_fa fa-heart' is clicked on

2022-07-19 06:56:02 - [TEST_STEP][PASSED] - delay(1): Delayed 1 second(s)

2022-07-19 06:56:03 - [MESSAGE][PASSED] - Delayed 1 second(s)

2022-07-19 06:56:03 - [TEST_STEP][PASSED] - closeBrowser(): Browser is closed

2022-07-19 06:56:03 - [MESSAGE][PASSED] - Browser is closed]]></system-out>
         <system-err><![CDATA[]]></system-err>
      </testcase>
      <testcase name="Test Cases/Vote" time="30.96" classname="Test Cases/Vote" status="PASSED">
         <system-out><![CDATA[2022-07-19 06:56:03 - [TEST_CASE][PASSED] - Test Cases/Vote: Test Cases/Vote

2022-07-19 06:56:03 - [TEST_STEP][PASSED] - openBrowser(""): Browser is opened with url: ''

2022-07-19 06:56:03 - [MESSAGE][INFO] - Starting 'Chrome' driver

2022-07-19 06:56:03 - [MESSAGE][INFO] - Action delay is set to 0 milliseconds

2022-07-19 06:56:05 - [MESSAGE][PASSED] - Browser is opened with url: ''

2022-07-19 06:56:05 - [TEST_STEP][PASSED] - navigateToUrl("https://lesechosdutouquet.nordlittoral.fr/147787/article/2022-06-30/concours-photo-montrez-nous-la-plus-belle-photo-de-votre-chien-en-promenade-sur#l5lb6r47qsmp9ur58y"): Navigate to 'https://lesechosdutouquet.nordlittoral.fr/147787/article/2022-06-30/concours-photo-montrez-nous-la-plus-belle-photo-de-votre-chien-en-promenade-sur#l5lb6r47qsmp9ur58y' successfully

2022-07-19 06:56:07 - [MESSAGE][PASSED] - Navigate to 'https://lesechosdutouquet.nordlittoral.fr/147787/article/2022-06-30/concours-photo-montrez-nous-la-plus-belle-photo-de-votre-chien-en-promenade-sur#l5lb6r47qsmp9ur58y' successfully

2022-07-19 06:56:07 - [TEST_STEP][PASSED] - setViewPortSize(1920, 1080): Viewport is set to new size with width = 1920 and height = 1080

2022-07-19 06:56:08 - [MESSAGE][PASSED] - Viewport is set to new size with width = 1920 and height = 1080

2022-07-19 06:56:08 - [TEST_STEP][PASSED] - click(findTestObject("Object Repository/Page_Concours photo  votez pour la plus bel_494087/button_Accepter  Fermer")): Object: 'Object Repository/Page_Concours photo  votez pour la plus bel_494087/button_Accepter  Fermer' is clicked on

2022-07-19 06:56:09 - [MESSAGE][PASSED] - Object: 'Object Repository/Page_Concours photo  votez pour la plus bel_494087/button_Accepter  Fermer' is clicked on

2022-07-19 06:56:09 - [TEST_STEP][PASSED] - delay(12): Delayed 12 second(s)

2022-07-19 06:56:21 - [MESSAGE][PASSED] - Delayed 12 second(s)

2022-07-19 06:56:21 - [TEST_STEP][PASSED] - click(findTestObject("Object Repository/Page_Concours photo  votez pour la plus bel_494087/a_X")): Object: 'Object Repository/Page_Concours photo  votez pour la plus bel_494087/a_X' is clicked on

2022-07-19 06:56:21 - [MESSAGE][PASSED] - Object: 'Object Repository/Page_Concours photo  votez pour la plus bel_494087/a_X' is clicked on

2022-07-19 06:56:21 - [TEST_STEP][PASSED] - delay(1): Delayed 1 second(s)

2022-07-19 06:56:22 - [MESSAGE][PASSED] - Delayed 1 second(s)

2022-07-19 06:56:22 - [TEST_STEP][PASSED] - click(findTestObject("Object Repository/Page_Concours photo  votez pour la plus bel_494087/input_concat(Votez pour le plus beau chien de la cte d, , Opale )_jouer")): Object: 'Object Repository/Page_Concours photo  votez pour la plus bel_494087/input_concat(Votez pour le plus beau chien de la cte d, , Opale )_jouer' is clicked on

2022-07-19 06:56:23 - [MESSAGE][PASSED] - Object: 'Object Repository/Page_Concours photo  votez pour la plus bel_494087/input_concat(Votez pour le plus beau chien de la cte d, , Opale )_jouer' is clicked on

2022-07-19 06:56:23 - [TEST_STEP][PASSED] - if (verifyElementPresent(findTestObject("Page_Concours photo  votez pour la plus bel_494087/input_concat(Votez pour le plus beau chien de la cte d, , Opale )_jouer"), 1, OPTIONAL)): null

2022-07-19 06:56:24 - [MESSAGE][PASSED] - Object 'Object Repository/Page_Concours photo  votez pour la plus bel_494087/input_concat(Votez pour le plus beau chien de la cte d, , Opale )_jouer' is present

2022-07-19 06:56:24 - [TEST_STEP][PASSED] - click(findTestObject("Object Repository/Page_Concours photo  votez pour la plus bel_494087/input_concat(Votez pour le plus beau chien de la cte d, , Opale )_jouer")): Object: 'Object Repository/Page_Concours photo  votez pour la plus bel_494087/input_concat(Votez pour le plus beau chien de la cte d, , Opale )_jouer' is clicked on

2022-07-19 06:56:25 - [MESSAGE][PASSED] - Object: 'Object Repository/Page_Concours photo  votez pour la plus bel_494087/input_concat(Votez pour le plus beau chien de la cte d, , Opale )_jouer' is clicked on

2022-07-19 06:56:25 - [TEST_STEP][PASSED] - delay(1): Delayed 1 second(s)

2022-07-19 06:56:26 - [MESSAGE][PASSED] - Delayed 1 second(s)

2022-07-19 06:56:26 - [TEST_STEP][PASSED] - setText(findTestObject("Object Repository/Page_Concours photo  votez pour la plus bel_494087/input_trie par_keyword"), "Gaspard"): Text 'Gaspard' is set on object 'Object Repository/Page_Concours photo  votez pour la plus bel_494087/input_trie par_keyword'

2022-07-19 06:56:29 - [MESSAGE][PASSED] - Text 'Gaspard' is set on object 'Object Repository/Page_Concours photo  votez pour la plus bel_494087/input_trie par_keyword'

2022-07-19 06:56:29 - [TEST_STEP][PASSED] - sendKeys(findTestObject("Page_Concours photo  votez pour la plus bel_494087/input_trie par_keyword"), Keys.chord(ENTER)): Keys 'ENTER + ' sent to object: 'Object Repository/Page_Concours photo  votez pour la plus bel_494087/input_trie par_keyword'

2022-07-19 06:56:30 - [MESSAGE][PASSED] - Keys 'ENTER + ' sent to object: 'Object Repository/Page_Concours photo  votez pour la plus bel_494087/input_trie par_keyword'

2022-07-19 06:56:30 - [TEST_STEP][PASSED] - click(findTestObject("Page_Concours photo  votez pour la plus bel_494087/tri")): Object: 'Object Repository/Page_Concours photo  votez pour la plus bel_494087/tri' is clicked on

2022-07-19 06:56:31 - [MESSAGE][PASSED] - Object: 'Object Repository/Page_Concours photo  votez pour la plus bel_494087/tri' is clicked on

2022-07-19 06:56:31 - [TEST_STEP][PASSED] - click(findTestObject("Page_Concours photo  votez pour la plus bel_494087/plus de votes")): Object: 'Object Repository/Page_Concours photo  votez pour la plus bel_494087/plus de votes' is clicked on

2022-07-19 06:56:31 - [MESSAGE][PASSED] - Object: 'Object Repository/Page_Concours photo  votez pour la plus bel_494087/plus de votes' is clicked on

2022-07-19 06:56:33 - [TEST_STEP][PASSED] - click(findTestObject("Object Repository/Page_Concours photo  votez pour la plus bel_494087/i_Votes_fa fa-heart")): Object: 'Object Repository/Page_Concours photo  votez pour la plus bel_494087/i_Votes_fa fa-heart' is clicked on

2022-07-19 06:56:33 - [MESSAGE][PASSED] - Object: 'Object Repository/Page_Concours photo  votez pour la plus bel_494087/i_Votes_fa fa-heart' is clicked on

2022-07-19 06:56:33 - [TEST_STEP][PASSED] - delay(1): Delayed 1 second(s)

2022-07-19 06:56:34 - [MESSAGE][PASSED] - Delayed 1 second(s)

2022-07-19 06:56:34 - [TEST_STEP][PASSED] - closeBrowser(): Browser is closed

2022-07-19 06:56:34 - [MESSAGE][PASSED] - Browser is closed]]></system-out>
         <system-err><![CDATA[]]></system-err>
      </testcase>
      <testcase name="Test Cases/Vote" time="30.898" classname="Test Cases/Vote" status="PASSED">
         <system-out><![CDATA[2022-07-19 06:56:34 - [TEST_CASE][PASSED] - Test Cases/Vote: Test Cases/Vote

2022-07-19 06:56:34 - [TEST_STEP][PASSED] - openBrowser(""): Browser is opened with url: ''

2022-07-19 06:56:34 - [MESSAGE][INFO] - Starting 'Chrome' driver

2022-07-19 06:56:34 - [MESSAGE][INFO] - Action delay is set to 0 milliseconds

2022-07-19 06:56:35 - [MESSAGE][PASSED] - Browser is opened with url: ''

2022-07-19 06:56:36 - [TEST_STEP][PASSED] - navigateToUrl("https://lesechosdutouquet.nordlittoral.fr/147787/article/2022-06-30/concours-photo-montrez-nous-la-plus-belle-photo-de-votre-chien-en-promenade-sur#l5lb6r47qsmp9ur58y"): Navigate to 'https://lesechosdutouquet.nordlittoral.fr/147787/article/2022-06-30/concours-photo-montrez-nous-la-plus-belle-photo-de-votre-chien-en-promenade-sur#l5lb6r47qsmp9ur58y' successfully

2022-07-19 06:56:39 - [MESSAGE][PASSED] - Navigate to 'https://lesechosdutouquet.nordlittoral.fr/147787/article/2022-06-30/concours-photo-montrez-nous-la-plus-belle-photo-de-votre-chien-en-promenade-sur#l5lb6r47qsmp9ur58y' successfully

2022-07-19 06:56:39 - [TEST_STEP][PASSED] - setViewPortSize(1920, 1080): Viewport is set to new size with width = 1920 and height = 1080

2022-07-19 06:56:39 - [MESSAGE][PASSED] - Viewport is set to new size with width = 1920 and height = 1080

2022-07-19 06:56:39 - [TEST_STEP][PASSED] - click(findTestObject("Object Repository/Page_Concours photo  votez pour la plus bel_494087/button_Accepter  Fermer")): Object: 'Object Repository/Page_Concours photo  votez pour la plus bel_494087/button_Accepter  Fermer' is clicked on

2022-07-19 06:56:40 - [MESSAGE][PASSED] - Object: 'Object Repository/Page_Concours photo  votez pour la plus bel_494087/button_Accepter  Fermer' is clicked on

2022-07-19 06:56:40 - [TEST_STEP][PASSED] - delay(12): Delayed 12 second(s)

2022-07-19 06:56:52 - [MESSAGE][PASSED] - Delayed 12 second(s)

2022-07-19 06:56:52 - [TEST_STEP][PASSED] - click(findTestObject("Object Repository/Page_Concours photo  votez pour la plus bel_494087/a_X")): Object: 'Object Repository/Page_Concours photo  votez pour la plus bel_494087/a_X' is clicked on

2022-07-19 06:56:52 - [MESSAGE][PASSED] - Object: 'Object Repository/Page_Concours photo  votez pour la plus bel_494087/a_X' is clicked on

2022-07-19 06:56:52 - [TEST_STEP][PASSED] - delay(1): Delayed 1 second(s)

2022-07-19 06:56:53 - [MESSAGE][PASSED] - Delayed 1 second(s)

2022-07-19 06:56:53 - [TEST_STEP][PASSED] - click(findTestObject("Object Repository/Page_Concours photo  votez pour la plus bel_494087/input_concat(Votez pour le plus beau chien de la cte d, , Opale )_jouer")): Object: 'Object Repository/Page_Concours photo  votez pour la plus bel_494087/input_concat(Votez pour le plus beau chien de la cte d, , Opale )_jouer' is clicked on

2022-07-19 06:56:54 - [MESSAGE][PASSED] - Object: 'Object Repository/Page_Concours photo  votez pour la plus bel_494087/input_concat(Votez pour le plus beau chien de la cte d, , Opale )_jouer' is clicked on

2022-07-19 06:56:54 - [TEST_STEP][PASSED] - if (verifyElementPresent(findTestObject("Page_Concours photo  votez pour la plus bel_494087/input_concat(Votez pour le plus beau chien de la cte d, , Opale )_jouer"), 1, OPTIONAL)): null

2022-07-19 06:56:55 - [MESSAGE][PASSED] - Object 'Object Repository/Page_Concours photo  votez pour la plus bel_494087/input_concat(Votez pour le plus beau chien de la cte d, , Opale )_jouer' is present

2022-07-19 06:56:55 - [TEST_STEP][PASSED] - click(findTestObject("Object Repository/Page_Concours photo  votez pour la plus bel_494087/input_concat(Votez pour le plus beau chien de la cte d, , Opale )_jouer")): Object: 'Object Repository/Page_Concours photo  votez pour la plus bel_494087/input_concat(Votez pour le plus beau chien de la cte d, , Opale )_jouer' is clicked on

2022-07-19 06:56:56 - [MESSAGE][PASSED] - Object: 'Object Repository/Page_Concours photo  votez pour la plus bel_494087/input_concat(Votez pour le plus beau chien de la cte d, , Opale )_jouer' is clicked on

2022-07-19 06:56:56 - [TEST_STEP][PASSED] - delay(1): Delayed 1 second(s)

2022-07-19 06:56:57 - [MESSAGE][PASSED] - Delayed 1 second(s)

2022-07-19 06:56:57 - [TEST_STEP][PASSED] - setText(findTestObject("Object Repository/Page_Concours photo  votez pour la plus bel_494087/input_trie par_keyword"), "Gaspard"): Text 'Gaspard' is set on object 'Object Repository/Page_Concours photo  votez pour la plus bel_494087/input_trie par_keyword'

2022-07-19 06:57:00 - [MESSAGE][PASSED] - Text 'Gaspard' is set on object 'Object Repository/Page_Concours photo  votez pour la plus bel_494087/input_trie par_keyword'

2022-07-19 06:57:00 - [TEST_STEP][PASSED] - sendKeys(findTestObject("Page_Concours photo  votez pour la plus bel_494087/input_trie par_keyword"), Keys.chord(ENTER)): Keys 'ENTER + ' sent to object: 'Object Repository/Page_Concours photo  votez pour la plus bel_494087/input_trie par_keyword'

2022-07-19 06:57:01 - [MESSAGE][PASSED] - Keys 'ENTER + ' sent to object: 'Object Repository/Page_Concours photo  votez pour la plus bel_494087/input_trie par_keyword'

2022-07-19 06:57:01 - [TEST_STEP][PASSED] - click(findTestObject("Page_Concours photo  votez pour la plus bel_494087/tri")): Object: 'Object Repository/Page_Concours photo  votez pour la plus bel_494087/tri' is clicked on

2022-07-19 06:57:02 - [MESSAGE][PASSED] - Object: 'Object Repository/Page_Concours photo  votez pour la plus bel_494087/tri' is clicked on

2022-07-19 06:57:02 - [TEST_STEP][PASSED] - click(findTestObject("Page_Concours photo  votez pour la plus bel_494087/plus de votes")): Object: 'Object Repository/Page_Concours photo  votez pour la plus bel_494087/plus de votes' is clicked on

2022-07-19 06:57:02 - [MESSAGE][PASSED] - Object: 'Object Repository/Page_Concours photo  votez pour la plus bel_494087/plus de votes' is clicked on

2022-07-19 06:57:03 - [TEST_STEP][PASSED] - click(findTestObject("Object Repository/Page_Concours photo  votez pour la plus bel_494087/i_Votes_fa fa-heart")): Object: 'Object Repository/Page_Concours photo  votez pour la plus bel_494087/i_Votes_fa fa-heart' is clicked on

2022-07-19 06:57:04 - [MESSAGE][PASSED] - Object: 'Object Repository/Page_Concours photo  votez pour la plus bel_494087/i_Votes_fa fa-heart' is clicked on

2022-07-19 06:57:04 - [TEST_STEP][PASSED] - delay(1): Delayed 1 second(s)

2022-07-19 06:57:05 - [MESSAGE][PASSED] - Delayed 1 second(s)

2022-07-19 06:57:05 - [TEST_STEP][PASSED] - closeBrowser(): Browser is closed

2022-07-19 06:57:05 - [MESSAGE][PASSED] - Browser is closed]]></system-out>
         <system-err><![CDATA[]]></system-err>
      </testcase>
      <testcase name="Test Cases/Vote" time="30.695" classname="Test Cases/Vote" status="PASSED">
         <system-out><![CDATA[2022-07-19 06:57:05 - [TEST_CASE][PASSED] - Test Cases/Vote: Test Cases/Vote

2022-07-19 06:57:05 - [TEST_STEP][PASSED] - openBrowser(""): Browser is opened with url: ''

2022-07-19 06:57:05 - [MESSAGE][INFO] - Starting 'Chrome' driver

2022-07-19 06:57:05 - [MESSAGE][INFO] - Action delay is set to 0 milliseconds

2022-07-19 06:57:06 - [MESSAGE][PASSED] - Browser is opened with url: ''

2022-07-19 06:57:06 - [TEST_STEP][PASSED] - navigateToUrl("https://lesechosdutouquet.nordlittoral.fr/147787/article/2022-06-30/concours-photo-montrez-nous-la-plus-belle-photo-de-votre-chien-en-promenade-sur#l5lb6r47qsmp9ur58y"): Navigate to 'https://lesechosdutouquet.nordlittoral.fr/147787/article/2022-06-30/concours-photo-montrez-nous-la-plus-belle-photo-de-votre-chien-en-promenade-sur#l5lb6r47qsmp9ur58y' successfully

2022-07-19 06:57:09 - [MESSAGE][PASSED] - Navigate to 'https://lesechosdutouquet.nordlittoral.fr/147787/article/2022-06-30/concours-photo-montrez-nous-la-plus-belle-photo-de-votre-chien-en-promenade-sur#l5lb6r47qsmp9ur58y' successfully

2022-07-19 06:57:09 - [TEST_STEP][PASSED] - setViewPortSize(1920, 1080): Viewport is set to new size with width = 1920 and height = 1080

2022-07-19 06:57:09 - [MESSAGE][PASSED] - Viewport is set to new size with width = 1920 and height = 1080

2022-07-19 06:57:09 - [TEST_STEP][PASSED] - click(findTestObject("Object Repository/Page_Concours photo  votez pour la plus bel_494087/button_Accepter  Fermer")): Object: 'Object Repository/Page_Concours photo  votez pour la plus bel_494087/button_Accepter  Fermer' is clicked on

2022-07-19 06:57:10 - [MESSAGE][PASSED] - Object: 'Object Repository/Page_Concours photo  votez pour la plus bel_494087/button_Accepter  Fermer' is clicked on

2022-07-19 06:57:10 - [TEST_STEP][PASSED] - delay(12): Delayed 12 second(s)

2022-07-19 06:57:22 - [MESSAGE][PASSED] - Delayed 12 second(s)

2022-07-19 06:57:22 - [TEST_STEP][PASSED] - click(findTestObject("Object Repository/Page_Concours photo  votez pour la plus bel_494087/a_X")): Object: 'Object Repository/Page_Concours photo  votez pour la plus bel_494087/a_X' is clicked on

2022-07-19 06:57:23 - [MESSAGE][PASSED] - Object: 'Object Repository/Page_Concours photo  votez pour la plus bel_494087/a_X' is clicked on

2022-07-19 06:57:23 - [TEST_STEP][PASSED] - delay(1): Delayed 1 second(s)

2022-07-19 06:57:24 - [MESSAGE][PASSED] - Delayed 1 second(s)

2022-07-19 06:57:24 - [TEST_STEP][PASSED] - click(findTestObject("Object Repository/Page_Concours photo  votez pour la plus bel_494087/input_concat(Votez pour le plus beau chien de la cte d, , Opale )_jouer")): Object: 'Object Repository/Page_Concours photo  votez pour la plus bel_494087/input_concat(Votez pour le plus beau chien de la cte d, , Opale )_jouer' is clicked on

2022-07-19 06:57:25 - [MESSAGE][PASSED] - Object: 'Object Repository/Page_Concours photo  votez pour la plus bel_494087/input_concat(Votez pour le plus beau chien de la cte d, , Opale )_jouer' is clicked on

2022-07-19 06:57:25 - [TEST_STEP][PASSED] - if (verifyElementPresent(findTestObject("Page_Concours photo  votez pour la plus bel_494087/input_concat(Votez pour le plus beau chien de la cte d, , Opale )_jouer"), 1, OPTIONAL)): null

2022-07-19 06:57:26 - [MESSAGE][PASSED] - Object 'Object Repository/Page_Concours photo  votez pour la plus bel_494087/input_concat(Votez pour le plus beau chien de la cte d, , Opale )_jouer' is present

2022-07-19 06:57:26 - [TEST_STEP][PASSED] - click(findTestObject("Object Repository/Page_Concours photo  votez pour la plus bel_494087/input_concat(Votez pour le plus beau chien de la cte d, , Opale )_jouer")): Object: 'Object Repository/Page_Concours photo  votez pour la plus bel_494087/input_concat(Votez pour le plus beau chien de la cte d, , Opale )_jouer' is clicked on

2022-07-19 06:57:27 - [MESSAGE][PASSED] - Object: 'Object Repository/Page_Concours photo  votez pour la plus bel_494087/input_concat(Votez pour le plus beau chien de la cte d, , Opale )_jouer' is clicked on

2022-07-19 06:57:27 - [TEST_STEP][PASSED] - delay(1): Delayed 1 second(s)

2022-07-19 06:57:28 - [MESSAGE][PASSED] - Delayed 1 second(s)

2022-07-19 06:57:28 - [TEST_STEP][PASSED] - setText(findTestObject("Object Repository/Page_Concours photo  votez pour la plus bel_494087/input_trie par_keyword"), "Gaspard"): Text 'Gaspard' is set on object 'Object Repository/Page_Concours photo  votez pour la plus bel_494087/input_trie par_keyword'

2022-07-19 06:57:30 - [MESSAGE][PASSED] - Text 'Gaspard' is set on object 'Object Repository/Page_Concours photo  votez pour la plus bel_494087/input_trie par_keyword'

2022-07-19 06:57:30 - [TEST_STEP][PASSED] - sendKeys(findTestObject("Page_Concours photo  votez pour la plus bel_494087/input_trie par_keyword"), Keys.chord(ENTER)): Keys 'ENTER + ' sent to object: 'Object Repository/Page_Concours photo  votez pour la plus bel_494087/input_trie par_keyword'

2022-07-19 06:57:32 - [MESSAGE][PASSED] - Keys 'ENTER + ' sent to object: 'Object Repository/Page_Concours photo  votez pour la plus bel_494087/input_trie par_keyword'

2022-07-19 06:57:32 - [TEST_STEP][PASSED] - click(findTestObject("Page_Concours photo  votez pour la plus bel_494087/tri")): Object: 'Object Repository/Page_Concours photo  votez pour la plus bel_494087/tri' is clicked on

2022-07-19 06:57:32 - [MESSAGE][PASSED] - Object: 'Object Repository/Page_Concours photo  votez pour la plus bel_494087/tri' is clicked on

2022-07-19 06:57:32 - [TEST_STEP][PASSED] - click(findTestObject("Page_Concours photo  votez pour la plus bel_494087/plus de votes")): Object: 'Object Repository/Page_Concours photo  votez pour la plus bel_494087/plus de votes' is clicked on

2022-07-19 06:57:33 - [MESSAGE][PASSED] - Object: 'Object Repository/Page_Concours photo  votez pour la plus bel_494087/plus de votes' is clicked on

2022-07-19 06:57:34 - [TEST_STEP][PASSED] - click(findTestObject("Object Repository/Page_Concours photo  votez pour la plus bel_494087/i_Votes_fa fa-heart")): Object: 'Object Repository/Page_Concours photo  votez pour la plus bel_494087/i_Votes_fa fa-heart' is clicked on

2022-07-19 06:57:35 - [MESSAGE][PASSED] - Object: 'Object Repository/Page_Concours photo  votez pour la plus bel_494087/i_Votes_fa fa-heart' is clicked on

2022-07-19 06:57:35 - [TEST_STEP][PASSED] - delay(1): Delayed 1 second(s)

2022-07-19 06:57:36 - [MESSAGE][PASSED] - Delayed 1 second(s)

2022-07-19 06:57:36 - [TEST_STEP][PASSED] - closeBrowser(): Browser is closed

2022-07-19 06:57:36 - [MESSAGE][PASSED] - Browser is closed]]></system-out>
         <system-err><![CDATA[]]></system-err>
      </testcase>
      <testcase name="Test Cases/Vote" time="30.006" classname="Test Cases/Vote" status="PASSED">
         <system-out><![CDATA[2022-07-19 06:57:36 - [TEST_CASE][PASSED] - Test Cases/Vote: Test Cases/Vote

2022-07-19 06:57:36 - [TEST_STEP][PASSED] - openBrowser(""): Browser is opened with url: ''

2022-07-19 06:57:36 - [MESSAGE][INFO] - Starting 'Chrome' driver

2022-07-19 06:57:36 - [MESSAGE][INFO] - Action delay is set to 0 milliseconds

2022-07-19 06:57:37 - [MESSAGE][PASSED] - Browser is opened with url: ''

2022-07-19 06:57:37 - [TEST_STEP][PASSED] - navigateToUrl("https://lesechosdutouquet.nordlittoral.fr/147787/article/2022-06-30/concours-photo-montrez-nous-la-plus-belle-photo-de-votre-chien-en-promenade-sur#l5lb6r47qsmp9ur58y"): Navigate to 'https://lesechosdutouquet.nordlittoral.fr/147787/article/2022-06-30/concours-photo-montrez-nous-la-plus-belle-photo-de-votre-chien-en-promenade-sur#l5lb6r47qsmp9ur58y' successfully

2022-07-19 06:57:39 - [MESSAGE][PASSED] - Navigate to 'https://lesechosdutouquet.nordlittoral.fr/147787/article/2022-06-30/concours-photo-montrez-nous-la-plus-belle-photo-de-votre-chien-en-promenade-sur#l5lb6r47qsmp9ur58y' successfully

2022-07-19 06:57:39 - [TEST_STEP][PASSED] - setViewPortSize(1920, 1080): Viewport is set to new size with width = 1920 and height = 1080

2022-07-19 06:57:40 - [MESSAGE][PASSED] - Viewport is set to new size with width = 1920 and height = 1080

2022-07-19 06:57:40 - [TEST_STEP][PASSED] - click(findTestObject("Object Repository/Page_Concours photo  votez pour la plus bel_494087/button_Accepter  Fermer")): Object: 'Object Repository/Page_Concours photo  votez pour la plus bel_494087/button_Accepter  Fermer' is clicked on

2022-07-19 06:57:41 - [MESSAGE][PASSED] - Object: 'Object Repository/Page_Concours photo  votez pour la plus bel_494087/button_Accepter  Fermer' is clicked on

2022-07-19 06:57:41 - [TEST_STEP][PASSED] - delay(12): Delayed 12 second(s)

2022-07-19 06:57:53 - [MESSAGE][PASSED] - Delayed 12 second(s)

2022-07-19 06:57:53 - [TEST_STEP][PASSED] - click(findTestObject("Object Repository/Page_Concours photo  votez pour la plus bel_494087/a_X")): Object: 'Object Repository/Page_Concours photo  votez pour la plus bel_494087/a_X' is clicked on

2022-07-19 06:57:53 - [MESSAGE][PASSED] - Object: 'Object Repository/Page_Concours photo  votez pour la plus bel_494087/a_X' is clicked on

2022-07-19 06:57:53 - [TEST_STEP][PASSED] - delay(1): Delayed 1 second(s)

2022-07-19 06:57:54 - [MESSAGE][PASSED] - Delayed 1 second(s)

2022-07-19 06:57:54 - [TEST_STEP][PASSED] - click(findTestObject("Object Repository/Page_Concours photo  votez pour la plus bel_494087/input_concat(Votez pour le plus beau chien de la cte d, , Opale )_jouer")): Object: 'Object Repository/Page_Concours photo  votez pour la plus bel_494087/input_concat(Votez pour le plus beau chien de la cte d, , Opale )_jouer' is clicked on

2022-07-19 06:57:55 - [MESSAGE][PASSED] - Object: 'Object Repository/Page_Concours photo  votez pour la plus bel_494087/input_concat(Votez pour le plus beau chien de la cte d, , Opale )_jouer' is clicked on

2022-07-19 06:57:55 - [TEST_STEP][PASSED] - if (verifyElementPresent(findTestObject("Page_Concours photo  votez pour la plus bel_494087/input_concat(Votez pour le plus beau chien de la cte d, , Opale )_jouer"), 1, OPTIONAL)): null

2022-07-19 06:57:56 - [MESSAGE][PASSED] - Object 'Object Repository/Page_Concours photo  votez pour la plus bel_494087/input_concat(Votez pour le plus beau chien de la cte d, , Opale )_jouer' is present

2022-07-19 06:57:56 - [TEST_STEP][PASSED] - click(findTestObject("Object Repository/Page_Concours photo  votez pour la plus bel_494087/input_concat(Votez pour le plus beau chien de la cte d, , Opale )_jouer")): Object: 'Object Repository/Page_Concours photo  votez pour la plus bel_494087/input_concat(Votez pour le plus beau chien de la cte d, , Opale )_jouer' is clicked on

2022-07-19 06:57:57 - [MESSAGE][PASSED] - Object: 'Object Repository/Page_Concours photo  votez pour la plus bel_494087/input_concat(Votez pour le plus beau chien de la cte d, , Opale )_jouer' is clicked on

2022-07-19 06:57:57 - [TEST_STEP][PASSED] - delay(1): Delayed 1 second(s)

2022-07-19 06:57:58 - [MESSAGE][PASSED] - Delayed 1 second(s)

2022-07-19 06:57:58 - [TEST_STEP][PASSED] - setText(findTestObject("Object Repository/Page_Concours photo  votez pour la plus bel_494087/input_trie par_keyword"), "Gaspard"): Text 'Gaspard' is set on object 'Object Repository/Page_Concours photo  votez pour la plus bel_494087/input_trie par_keyword'

2022-07-19 06:58:00 - [MESSAGE][PASSED] - Text 'Gaspard' is set on object 'Object Repository/Page_Concours photo  votez pour la plus bel_494087/input_trie par_keyword'

2022-07-19 06:58:00 - [TEST_STEP][PASSED] - sendKeys(findTestObject("Page_Concours photo  votez pour la plus bel_494087/input_trie par_keyword"), Keys.chord(ENTER)): Keys 'ENTER + ' sent to object: 'Object Repository/Page_Concours photo  votez pour la plus bel_494087/input_trie par_keyword'

2022-07-19 06:58:02 - [MESSAGE][PASSED] - Keys 'ENTER + ' sent to object: 'Object Repository/Page_Concours photo  votez pour la plus bel_494087/input_trie par_keyword'

2022-07-19 06:58:02 - [TEST_STEP][PASSED] - click(findTestObject("Page_Concours photo  votez pour la plus bel_494087/tri")): Object: 'Object Repository/Page_Concours photo  votez pour la plus bel_494087/tri' is clicked on

2022-07-19 06:58:02 - [MESSAGE][PASSED] - Object: 'Object Repository/Page_Concours photo  votez pour la plus bel_494087/tri' is clicked on

2022-07-19 06:58:02 - [TEST_STEP][PASSED] - click(findTestObject("Page_Concours photo  votez pour la plus bel_494087/plus de votes")): Object: 'Object Repository/Page_Concours photo  votez pour la plus bel_494087/plus de votes' is clicked on

2022-07-19 06:58:03 - [MESSAGE][PASSED] - Object: 'Object Repository/Page_Concours photo  votez pour la plus bel_494087/plus de votes' is clicked on

2022-07-19 06:58:04 - [TEST_STEP][PASSED] - click(findTestObject("Object Repository/Page_Concours photo  votez pour la plus bel_494087/i_Votes_fa fa-heart")): Object: 'Object Repository/Page_Concours photo  votez pour la plus bel_494087/i_Votes_fa fa-heart' is clicked on

2022-07-19 06:58:05 - [MESSAGE][PASSED] - Object: 'Object Repository/Page_Concours photo  votez pour la plus bel_494087/i_Votes_fa fa-heart' is clicked on

2022-07-19 06:58:05 - [TEST_STEP][PASSED] - delay(1): Delayed 1 second(s)

2022-07-19 06:58:06 - [MESSAGE][PASSED] - Delayed 1 second(s)

2022-07-19 06:58:06 - [TEST_STEP][PASSED] - closeBrowser(): Browser is closed

2022-07-19 06:58:06 - [MESSAGE][PASSED] - Browser is closed]]></system-out>
         <system-err><![CDATA[]]></system-err>
      </testcase>
      <testcase name="Test Cases/Vote" time="29.515" classname="Test Cases/Vote" status="PASSED">
         <system-out><![CDATA[2022-07-19 06:58:06 - [TEST_CASE][PASSED] - Test Cases/Vote: Test Cases/Vote

2022-07-19 06:58:06 - [TEST_STEP][PASSED] - openBrowser(""): Browser is opened with url: ''

2022-07-19 06:58:06 - [MESSAGE][INFO] - Starting 'Chrome' driver

2022-07-19 06:58:06 - [MESSAGE][INFO] - Action delay is set to 0 milliseconds

2022-07-19 06:58:07 - [MESSAGE][PASSED] - Browser is opened with url: ''

2022-07-19 06:58:07 - [TEST_STEP][PASSED] - navigateToUrl("https://lesechosdutouquet.nordlittoral.fr/147787/article/2022-06-30/concours-photo-montrez-nous-la-plus-belle-photo-de-votre-chien-en-promenade-sur#l5lb6r47qsmp9ur58y"): Navigate to 'https://lesechosdutouquet.nordlittoral.fr/147787/article/2022-06-30/concours-photo-montrez-nous-la-plus-belle-photo-de-votre-chien-en-promenade-sur#l5lb6r47qsmp9ur58y' successfully

2022-07-19 06:58:10 - [MESSAGE][PASSED] - Navigate to 'https://lesechosdutouquet.nordlittoral.fr/147787/article/2022-06-30/concours-photo-montrez-nous-la-plus-belle-photo-de-votre-chien-en-promenade-sur#l5lb6r47qsmp9ur58y' successfully

2022-07-19 06:58:10 - [TEST_STEP][PASSED] - setViewPortSize(1920, 1080): Viewport is set to new size with width = 1920 and height = 1080

2022-07-19 06:58:10 - [MESSAGE][PASSED] - Viewport is set to new size with width = 1920 and height = 1080

2022-07-19 06:58:10 - [TEST_STEP][PASSED] - click(findTestObject("Object Repository/Page_Concours photo  votez pour la plus bel_494087/button_Accepter  Fermer")): Object: 'Object Repository/Page_Concours photo  votez pour la plus bel_494087/button_Accepter  Fermer' is clicked on

2022-07-19 06:58:11 - [MESSAGE][PASSED] - Object: 'Object Repository/Page_Concours photo  votez pour la plus bel_494087/button_Accepter  Fermer' is clicked on

2022-07-19 06:58:11 - [TEST_STEP][PASSED] - delay(12): Delayed 12 second(s)

2022-07-19 06:58:23 - [MESSAGE][PASSED] - Delayed 12 second(s)

2022-07-19 06:58:23 - [TEST_STEP][PASSED] - click(findTestObject("Object Repository/Page_Concours photo  votez pour la plus bel_494087/a_X")): Object: 'Object Repository/Page_Concours photo  votez pour la plus bel_494087/a_X' is clicked on

2022-07-19 06:58:24 - [MESSAGE][PASSED] - Object: 'Object Repository/Page_Concours photo  votez pour la plus bel_494087/a_X' is clicked on

2022-07-19 06:58:24 - [TEST_STEP][PASSED] - delay(1): Delayed 1 second(s)

2022-07-19 06:58:25 - [MESSAGE][PASSED] - Delayed 1 second(s)

2022-07-19 06:58:25 - [TEST_STEP][PASSED] - click(findTestObject("Object Repository/Page_Concours photo  votez pour la plus bel_494087/input_concat(Votez pour le plus beau chien de la cte d, , Opale )_jouer")): Object: 'Object Repository/Page_Concours photo  votez pour la plus bel_494087/input_concat(Votez pour le plus beau chien de la cte d, , Opale )_jouer' is clicked on

2022-07-19 06:58:25 - [MESSAGE][PASSED] - Object: 'Object Repository/Page_Concours photo  votez pour la plus bel_494087/input_concat(Votez pour le plus beau chien de la cte d, , Opale )_jouer' is clicked on

2022-07-19 06:58:25 - [TEST_STEP][PASSED] - if (verifyElementPresent(findTestObject("Page_Concours photo  votez pour la plus bel_494087/input_concat(Votez pour le plus beau chien de la cte d, , Opale )_jouer"), 1, OPTIONAL)): null

2022-07-19 06:58:27 - [MESSAGE][PASSED] - Object 'Object Repository/Page_Concours photo  votez pour la plus bel_494087/input_concat(Votez pour le plus beau chien de la cte d, , Opale )_jouer' is present

2022-07-19 06:58:27 - [TEST_STEP][PASSED] - click(findTestObject("Object Repository/Page_Concours photo  votez pour la plus bel_494087/input_concat(Votez pour le plus beau chien de la cte d, , Opale )_jouer")): Object: 'Object Repository/Page_Concours photo  votez pour la plus bel_494087/input_concat(Votez pour le plus beau chien de la cte d, , Opale )_jouer' is clicked on

2022-07-19 06:58:27 - [MESSAGE][PASSED] - Object: 'Object Repository/Page_Concours photo  votez pour la plus bel_494087/input_concat(Votez pour le plus beau chien de la cte d, , Opale )_jouer' is clicked on

2022-07-19 06:58:27 - [TEST_STEP][PASSED] - delay(1): Delayed 1 second(s)

2022-07-19 06:58:28 - [MESSAGE][PASSED] - Delayed 1 second(s)

2022-07-19 06:58:28 - [TEST_STEP][PASSED] - setText(findTestObject("Object Repository/Page_Concours photo  votez pour la plus bel_494087/input_trie par_keyword"), "Gaspard"): Text 'Gaspard' is set on object 'Object Repository/Page_Concours photo  votez pour la plus bel_494087/input_trie par_keyword'

2022-07-19 06:58:30 - [MESSAGE][PASSED] - Text 'Gaspard' is set on object 'Object Repository/Page_Concours photo  votez pour la plus bel_494087/input_trie par_keyword'

2022-07-19 06:58:30 - [TEST_STEP][PASSED] - sendKeys(findTestObject("Page_Concours photo  votez pour la plus bel_494087/input_trie par_keyword"), Keys.chord(ENTER)): Keys 'ENTER + ' sent to object: 'Object Repository/Page_Concours photo  votez pour la plus bel_494087/input_trie par_keyword'

2022-07-19 06:58:31 - [MESSAGE][PASSED] - Keys 'ENTER + ' sent to object: 'Object Repository/Page_Concours photo  votez pour la plus bel_494087/input_trie par_keyword'

2022-07-19 06:58:31 - [TEST_STEP][PASSED] - click(findTestObject("Page_Concours photo  votez pour la plus bel_494087/tri")): Object: 'Object Repository/Page_Concours photo  votez pour la plus bel_494087/tri' is clicked on

2022-07-19 06:58:32 - [MESSAGE][PASSED] - Object: 'Object Repository/Page_Concours photo  votez pour la plus bel_494087/tri' is clicked on

2022-07-19 06:58:32 - [TEST_STEP][PASSED] - click(findTestObject("Page_Concours photo  votez pour la plus bel_494087/plus de votes")): Object: 'Object Repository/Page_Concours photo  votez pour la plus bel_494087/plus de votes' is clicked on

2022-07-19 06:58:32 - [MESSAGE][PASSED] - Object: 'Object Repository/Page_Concours photo  votez pour la plus bel_494087/plus de votes' is clicked on

2022-07-19 06:58:34 - [TEST_STEP][PASSED] - click(findTestObject("Object Repository/Page_Concours photo  votez pour la plus bel_494087/i_Votes_fa fa-heart")): Object: 'Object Repository/Page_Concours photo  votez pour la plus bel_494087/i_Votes_fa fa-heart' is clicked on

2022-07-19 06:58:34 - [MESSAGE][PASSED] - Object: 'Object Repository/Page_Concours photo  votez pour la plus bel_494087/i_Votes_fa fa-heart' is clicked on

2022-07-19 06:58:34 - [TEST_STEP][PASSED] - delay(1): Delayed 1 second(s)

2022-07-19 06:58:35 - [MESSAGE][PASSED] - Delayed 1 second(s)

2022-07-19 06:58:35 - [TEST_STEP][PASSED] - closeBrowser(): Browser is closed

2022-07-19 06:58:35 - [MESSAGE][PASSED] - Browser is closed]]></system-out>
         <system-err><![CDATA[]]></system-err>
      </testcase>
      <testcase name="Test Cases/Vote" time="32.071" classname="Test Cases/Vote" status="PASSED">
         <system-out><![CDATA[2022-07-19 06:58:35 - [TEST_CASE][PASSED] - Test Cases/Vote: Test Cases/Vote

2022-07-19 06:58:35 - [TEST_STEP][PASSED] - openBrowser(""): Browser is opened with url: ''

2022-07-19 06:58:35 - [MESSAGE][INFO] - Starting 'Chrome' driver

2022-07-19 06:58:35 - [MESSAGE][INFO] - Action delay is set to 0 milliseconds

2022-07-19 06:58:37 - [MESSAGE][PASSED] - Browser is opened with url: ''

2022-07-19 06:58:37 - [TEST_STEP][PASSED] - navigateToUrl("https://lesechosdutouquet.nordlittoral.fr/147787/article/2022-06-30/concours-photo-montrez-nous-la-plus-belle-photo-de-votre-chien-en-promenade-sur#l5lb6r47qsmp9ur58y"): Navigate to 'https://lesechosdutouquet.nordlittoral.fr/147787/article/2022-06-30/concours-photo-montrez-nous-la-plus-belle-photo-de-votre-chien-en-promenade-sur#l5lb6r47qsmp9ur58y' successfully

2022-07-19 06:58:38 - [MESSAGE][PASSED] - Navigate to 'https://lesechosdutouquet.nordlittoral.fr/147787/article/2022-06-30/concours-photo-montrez-nous-la-plus-belle-photo-de-votre-chien-en-promenade-sur#l5lb6r47qsmp9ur58y' successfully

2022-07-19 06:58:38 - [TEST_STEP][PASSED] - setViewPortSize(1920, 1080): Viewport is set to new size with width = 1920 and height = 1080

2022-07-19 06:58:38 - [MESSAGE][PASSED] - Viewport is set to new size with width = 1920 and height = 1080

2022-07-19 06:58:38 - [TEST_STEP][PASSED] - click(findTestObject("Object Repository/Page_Concours photo  votez pour la plus bel_494087/button_Accepter  Fermer")): Object: 'Object Repository/Page_Concours photo  votez pour la plus bel_494087/button_Accepter  Fermer' is clicked on

2022-07-19 06:58:43 - [MESSAGE][PASSED] - Object: 'Object Repository/Page_Concours photo  votez pour la plus bel_494087/button_Accepter  Fermer' is clicked on

2022-07-19 06:58:43 - [TEST_STEP][PASSED] - delay(12): Delayed 12 second(s)

2022-07-19 06:58:55 - [MESSAGE][PASSED] - Delayed 12 second(s)

2022-07-19 06:58:55 - [TEST_STEP][PASSED] - click(findTestObject("Object Repository/Page_Concours photo  votez pour la plus bel_494087/a_X")): Object: 'Object Repository/Page_Concours photo  votez pour la plus bel_494087/a_X' is clicked on

2022-07-19 06:58:56 - [MESSAGE][PASSED] - Object: 'Object Repository/Page_Concours photo  votez pour la plus bel_494087/a_X' is clicked on

2022-07-19 06:58:56 - [TEST_STEP][PASSED] - delay(1): Delayed 1 second(s)

2022-07-19 06:58:57 - [MESSAGE][PASSED] - Delayed 1 second(s)

2022-07-19 06:58:57 - [TEST_STEP][PASSED] - click(findTestObject("Object Repository/Page_Concours photo  votez pour la plus bel_494087/input_concat(Votez pour le plus beau chien de la cte d, , Opale )_jouer")): Object: 'Object Repository/Page_Concours photo  votez pour la plus bel_494087/input_concat(Votez pour le plus beau chien de la cte d, , Opale )_jouer' is clicked on

2022-07-19 06:58:57 - [MESSAGE][PASSED] - Object: 'Object Repository/Page_Concours photo  votez pour la plus bel_494087/input_concat(Votez pour le plus beau chien de la cte d, , Opale )_jouer' is clicked on

2022-07-19 06:58:58 - [TEST_STEP][PASSED] - if (verifyElementPresent(findTestObject("Page_Concours photo  votez pour la plus bel_494087/input_concat(Votez pour le plus beau chien de la cte d, , Opale )_jouer"), 1, OPTIONAL)): null

2022-07-19 06:58:59 - [MESSAGE][PASSED] - Object 'Object Repository/Page_Concours photo  votez pour la plus bel_494087/input_concat(Votez pour le plus beau chien de la cte d, , Opale )_jouer' is present

2022-07-19 06:58:59 - [TEST_STEP][PASSED] - click(findTestObject("Object Repository/Page_Concours photo  votez pour la plus bel_494087/input_concat(Votez pour le plus beau chien de la cte d, , Opale )_jouer")): Object: 'Object Repository/Page_Concours photo  votez pour la plus bel_494087/input_concat(Votez pour le plus beau chien de la cte d, , Opale )_jouer' is clicked on

2022-07-19 06:58:59 - [MESSAGE][PASSED] - Object: 'Object Repository/Page_Concours photo  votez pour la plus bel_494087/input_concat(Votez pour le plus beau chien de la cte d, , Opale )_jouer' is clicked on

2022-07-19 06:58:59 - [TEST_STEP][PASSED] - delay(1): Delayed 1 second(s)

2022-07-19 06:59:00 - [MESSAGE][PASSED] - Delayed 1 second(s)

2022-07-19 06:59:00 - [TEST_STEP][PASSED] - setText(findTestObject("Object Repository/Page_Concours photo  votez pour la plus bel_494087/input_trie par_keyword"), "Gaspard"): Text 'Gaspard' is set on object 'Object Repository/Page_Concours photo  votez pour la plus bel_494087/input_trie par_keyword'

2022-07-19 06:59:02 - [MESSAGE][PASSED] - Text 'Gaspard' is set on object 'Object Repository/Page_Concours photo  votez pour la plus bel_494087/input_trie par_keyword'

2022-07-19 06:59:02 - [TEST_STEP][PASSED] - sendKeys(findTestObject("Page_Concours photo  votez pour la plus bel_494087/input_trie par_keyword"), Keys.chord(ENTER)): Keys 'ENTER + ' sent to object: 'Object Repository/Page_Concours photo  votez pour la plus bel_494087/input_trie par_keyword'

2022-07-19 06:59:03 - [MESSAGE][PASSED] - Keys 'ENTER + ' sent to object: 'Object Repository/Page_Concours photo  votez pour la plus bel_494087/input_trie par_keyword'

2022-07-19 06:59:03 - [TEST_STEP][PASSED] - click(findTestObject("Page_Concours photo  votez pour la plus bel_494087/tri")): Object: 'Object Repository/Page_Concours photo  votez pour la plus bel_494087/tri' is clicked on

2022-07-19 06:59:04 - [MESSAGE][PASSED] - Object: 'Object Repository/Page_Concours photo  votez pour la plus bel_494087/tri' is clicked on

2022-07-19 06:59:04 - [TEST_STEP][PASSED] - click(findTestObject("Page_Concours photo  votez pour la plus bel_494087/plus de votes")): Object: 'Object Repository/Page_Concours photo  votez pour la plus bel_494087/plus de votes' is clicked on

2022-07-19 06:59:06 - [MESSAGE][PASSED] - Object: 'Object Repository/Page_Concours photo  votez pour la plus bel_494087/plus de votes' is clicked on

2022-07-19 06:59:06 - [TEST_STEP][PASSED] - click(findTestObject("Object Repository/Page_Concours photo  votez pour la plus bel_494087/i_Votes_fa fa-heart")): Object: 'Object Repository/Page_Concours photo  votez pour la plus bel_494087/i_Votes_fa fa-heart' is clicked on

2022-07-19 06:59:06 - [MESSAGE][PASSED] - Object: 'Object Repository/Page_Concours photo  votez pour la plus bel_494087/i_Votes_fa fa-heart' is clicked on

2022-07-19 06:59:06 - [TEST_STEP][PASSED] - delay(1): Delayed 1 second(s)

2022-07-19 06:59:07 - [MESSAGE][PASSED] - Delayed 1 second(s)

2022-07-19 06:59:07 - [TEST_STEP][PASSED] - closeBrowser(): Browser is closed

2022-07-19 06:59:08 - [MESSAGE][PASSED] - Browser is closed]]></system-out>
         <system-err><![CDATA[]]></system-err>
      </testcase>
      <testcase name="Test Cases/Vote" time="30.96" classname="Test Cases/Vote" status="PASSED">
         <system-out><![CDATA[2022-07-19 06:59:08 - [TEST_CASE][PASSED] - Test Cases/Vote: Test Cases/Vote

2022-07-19 06:59:08 - [TEST_STEP][PASSED] - openBrowser(""): Browser is opened with url: ''

2022-07-19 06:59:08 - [MESSAGE][INFO] - Starting 'Chrome' driver

2022-07-19 06:59:08 - [MESSAGE][INFO] - Action delay is set to 0 milliseconds

2022-07-19 06:59:09 - [MESSAGE][PASSED] - Browser is opened with url: ''

2022-07-19 06:59:09 - [TEST_STEP][PASSED] - navigateToUrl("https://lesechosdutouquet.nordlittoral.fr/147787/article/2022-06-30/concours-photo-montrez-nous-la-plus-belle-photo-de-votre-chien-en-promenade-sur#l5lb6r47qsmp9ur58y"): Navigate to 'https://lesechosdutouquet.nordlittoral.fr/147787/article/2022-06-30/concours-photo-montrez-nous-la-plus-belle-photo-de-votre-chien-en-promenade-sur#l5lb6r47qsmp9ur58y' successfully

2022-07-19 06:59:11 - [MESSAGE][PASSED] - Navigate to 'https://lesechosdutouquet.nordlittoral.fr/147787/article/2022-06-30/concours-photo-montrez-nous-la-plus-belle-photo-de-votre-chien-en-promenade-sur#l5lb6r47qsmp9ur58y' successfully

2022-07-19 06:59:11 - [TEST_STEP][PASSED] - setViewPortSize(1920, 1080): Viewport is set to new size with width = 1920 and height = 1080

2022-07-19 06:59:11 - [MESSAGE][PASSED] - Viewport is set to new size with width = 1920 and height = 1080

2022-07-19 06:59:11 - [TEST_STEP][PASSED] - click(findTestObject("Object Repository/Page_Concours photo  votez pour la plus bel_494087/button_Accepter  Fermer")): Object: 'Object Repository/Page_Concours photo  votez pour la plus bel_494087/button_Accepter  Fermer' is clicked on

2022-07-19 06:59:12 - [MESSAGE][PASSED] - Object: 'Object Repository/Page_Concours photo  votez pour la plus bel_494087/button_Accepter  Fermer' is clicked on

2022-07-19 06:59:12 - [TEST_STEP][PASSED] - delay(12): Delayed 12 second(s)

2022-07-19 06:59:24 - [MESSAGE][PASSED] - Delayed 12 second(s)

2022-07-19 06:59:24 - [TEST_STEP][PASSED] - click(findTestObject("Object Repository/Page_Concours photo  votez pour la plus bel_494087/a_X")): Object: 'Object Repository/Page_Concours photo  votez pour la plus bel_494087/a_X' is clicked on

2022-07-19 06:59:25 - [MESSAGE][PASSED] - Object: 'Object Repository/Page_Concours photo  votez pour la plus bel_494087/a_X' is clicked on

2022-07-19 06:59:25 - [TEST_STEP][PASSED] - delay(1): Delayed 1 second(s)

2022-07-19 06:59:26 - [MESSAGE][PASSED] - Delayed 1 second(s)

2022-07-19 06:59:26 - [TEST_STEP][PASSED] - click(findTestObject("Object Repository/Page_Concours photo  votez pour la plus bel_494087/input_concat(Votez pour le plus beau chien de la cte d, , Opale )_jouer")): Object: 'Object Repository/Page_Concours photo  votez pour la plus bel_494087/input_concat(Votez pour le plus beau chien de la cte d, , Opale )_jouer' is clicked on

2022-07-19 06:59:27 - [MESSAGE][PASSED] - Object: 'Object Repository/Page_Concours photo  votez pour la plus bel_494087/input_concat(Votez pour le plus beau chien de la cte d, , Opale )_jouer' is clicked on

2022-07-19 06:59:27 - [TEST_STEP][PASSED] - if (verifyElementPresent(findTestObject("Page_Concours photo  votez pour la plus bel_494087/input_concat(Votez pour le plus beau chien de la cte d, , Opale )_jouer"), 1, OPTIONAL)): null

2022-07-19 06:59:28 - [MESSAGE][PASSED] - Object 'Object Repository/Page_Concours photo  votez pour la plus bel_494087/input_concat(Votez pour le plus beau chien de la cte d, , Opale )_jouer' is present

2022-07-19 06:59:28 - [TEST_STEP][PASSED] - click(findTestObject("Object Repository/Page_Concours photo  votez pour la plus bel_494087/input_concat(Votez pour le plus beau chien de la cte d, , Opale )_jouer")): Object: 'Object Repository/Page_Concours photo  votez pour la plus bel_494087/input_concat(Votez pour le plus beau chien de la cte d, , Opale )_jouer' is clicked on

2022-07-19 06:59:29 - [MESSAGE][PASSED] - Object: 'Object Repository/Page_Concours photo  votez pour la plus bel_494087/input_concat(Votez pour le plus beau chien de la cte d, , Opale )_jouer' is clicked on

2022-07-19 06:59:29 - [TEST_STEP][PASSED] - delay(1): Delayed 1 second(s)

2022-07-19 06:59:30 - [MESSAGE][PASSED] - Delayed 1 second(s)

2022-07-19 06:59:30 - [TEST_STEP][PASSED] - setText(findTestObject("Object Repository/Page_Concours photo  votez pour la plus bel_494087/input_trie par_keyword"), "Gaspard"): Text 'Gaspard' is set on object 'Object Repository/Page_Concours photo  votez pour la plus bel_494087/input_trie par_keyword'

2022-07-19 06:59:33 - [MESSAGE][PASSED] - Text 'Gaspard' is set on object 'Object Repository/Page_Concours photo  votez pour la plus bel_494087/input_trie par_keyword'

2022-07-19 06:59:33 - [TEST_STEP][PASSED] - sendKeys(findTestObject("Page_Concours photo  votez pour la plus bel_494087/input_trie par_keyword"), Keys.chord(ENTER)): Keys 'ENTER + ' sent to object: 'Object Repository/Page_Concours photo  votez pour la plus bel_494087/input_trie par_keyword'

2022-07-19 06:59:34 - [MESSAGE][PASSED] - Keys 'ENTER + ' sent to object: 'Object Repository/Page_Concours photo  votez pour la plus bel_494087/input_trie par_keyword'

2022-07-19 06:59:34 - [TEST_STEP][PASSED] - click(findTestObject("Page_Concours photo  votez pour la plus bel_494087/tri")): Object: 'Object Repository/Page_Concours photo  votez pour la plus bel_494087/tri' is clicked on

2022-07-19 06:59:35 - [MESSAGE][PASSED] - Object: 'Object Repository/Page_Concours photo  votez pour la plus bel_494087/tri' is clicked on

2022-07-19 06:59:35 - [TEST_STEP][PASSED] - click(findTestObject("Page_Concours photo  votez pour la plus bel_494087/plus de votes")): Object: 'Object Repository/Page_Concours photo  votez pour la plus bel_494087/plus de votes' is clicked on

2022-07-19 06:59:35 - [MESSAGE][PASSED] - Object: 'Object Repository/Page_Concours photo  votez pour la plus bel_494087/plus de votes' is clicked on

2022-07-19 06:59:37 - [TEST_STEP][PASSED] - click(findTestObject("Object Repository/Page_Concours photo  votez pour la plus bel_494087/i_Votes_fa fa-heart")): Object: 'Object Repository/Page_Concours photo  votez pour la plus bel_494087/i_Votes_fa fa-heart' is clicked on

2022-07-19 06:59:37 - [MESSAGE][PASSED] - Object: 'Object Repository/Page_Concours photo  votez pour la plus bel_494087/i_Votes_fa fa-heart' is clicked on

2022-07-19 06:59:37 - [TEST_STEP][PASSED] - delay(1): Delayed 1 second(s)

2022-07-19 06:59:38 - [MESSAGE][PASSED] - Delayed 1 second(s)

2022-07-19 06:59:38 - [TEST_STEP][PASSED] - closeBrowser(): Browser is closed

2022-07-19 06:59:39 - [MESSAGE][PASSED] - Browser is closed]]></system-out>
         <system-err><![CDATA[]]></system-err>
      </testcase>
      <testcase name="Test Cases/Vote" time="30.519" classname="Test Cases/Vote" status="PASSED">
         <system-out><![CDATA[2022-07-19 06:59:39 - [TEST_CASE][PASSED] - Test Cases/Vote: Test Cases/Vote

2022-07-19 06:59:39 - [TEST_STEP][PASSED] - openBrowser(""): Browser is opened with url: ''

2022-07-19 06:59:39 - [MESSAGE][INFO] - Starting 'Chrome' driver

2022-07-19 06:59:39 - [MESSAGE][INFO] - Action delay is set to 0 milliseconds

2022-07-19 06:59:40 - [MESSAGE][PASSED] - Browser is opened with url: ''

2022-07-19 06:59:40 - [TEST_STEP][PASSED] - navigateToUrl("https://lesechosdutouquet.nordlittoral.fr/147787/article/2022-06-30/concours-photo-montrez-nous-la-plus-belle-photo-de-votre-chien-en-promenade-sur#l5lb6r47qsmp9ur58y"): Navigate to 'https://lesechosdutouquet.nordlittoral.fr/147787/article/2022-06-30/concours-photo-montrez-nous-la-plus-belle-photo-de-votre-chien-en-promenade-sur#l5lb6r47qsmp9ur58y' successfully

2022-07-19 06:59:42 - [MESSAGE][PASSED] - Navigate to 'https://lesechosdutouquet.nordlittoral.fr/147787/article/2022-06-30/concours-photo-montrez-nous-la-plus-belle-photo-de-votre-chien-en-promenade-sur#l5lb6r47qsmp9ur58y' successfully

2022-07-19 06:59:42 - [TEST_STEP][PASSED] - setViewPortSize(1920, 1080): Viewport is set to new size with width = 1920 and height = 1080

2022-07-19 06:59:43 - [MESSAGE][PASSED] - Viewport is set to new size with width = 1920 and height = 1080

2022-07-19 06:59:43 - [TEST_STEP][PASSED] - click(findTestObject("Object Repository/Page_Concours photo  votez pour la plus bel_494087/button_Accepter  Fermer")): Object: 'Object Repository/Page_Concours photo  votez pour la plus bel_494087/button_Accepter  Fermer' is clicked on

2022-07-19 06:59:44 - [MESSAGE][PASSED] - Object: 'Object Repository/Page_Concours photo  votez pour la plus bel_494087/button_Accepter  Fermer' is clicked on

2022-07-19 06:59:44 - [TEST_STEP][PASSED] - delay(12): Delayed 12 second(s)

2022-07-19 06:59:56 - [MESSAGE][PASSED] - Delayed 12 second(s)

2022-07-19 06:59:56 - [TEST_STEP][PASSED] - click(findTestObject("Object Repository/Page_Concours photo  votez pour la plus bel_494087/a_X")): Object: 'Object Repository/Page_Concours photo  votez pour la plus bel_494087/a_X' is clicked on

2022-07-19 06:59:56 - [MESSAGE][PASSED] - Object: 'Object Repository/Page_Concours photo  votez pour la plus bel_494087/a_X' is clicked on

2022-07-19 06:59:56 - [TEST_STEP][PASSED] - delay(1): Delayed 1 second(s)

2022-07-19 06:59:57 - [MESSAGE][PASSED] - Delayed 1 second(s)

2022-07-19 06:59:57 - [TEST_STEP][PASSED] - click(findTestObject("Object Repository/Page_Concours photo  votez pour la plus bel_494087/input_concat(Votez pour le plus beau chien de la cte d, , Opale )_jouer")): Object: 'Object Repository/Page_Concours photo  votez pour la plus bel_494087/input_concat(Votez pour le plus beau chien de la cte d, , Opale )_jouer' is clicked on

2022-07-19 06:59:58 - [MESSAGE][PASSED] - Object: 'Object Repository/Page_Concours photo  votez pour la plus bel_494087/input_concat(Votez pour le plus beau chien de la cte d, , Opale )_jouer' is clicked on

2022-07-19 06:59:58 - [TEST_STEP][PASSED] - if (verifyElementPresent(findTestObject("Page_Concours photo  votez pour la plus bel_494087/input_concat(Votez pour le plus beau chien de la cte d, , Opale )_jouer"), 1, OPTIONAL)): null

2022-07-19 06:59:59 - [MESSAGE][PASSED] - Object 'Object Repository/Page_Concours photo  votez pour la plus bel_494087/input_concat(Votez pour le plus beau chien de la cte d, , Opale )_jouer' is present

2022-07-19 06:59:59 - [TEST_STEP][PASSED] - click(findTestObject("Object Repository/Page_Concours photo  votez pour la plus bel_494087/input_concat(Votez pour le plus beau chien de la cte d, , Opale )_jouer")): Object: 'Object Repository/Page_Concours photo  votez pour la plus bel_494087/input_concat(Votez pour le plus beau chien de la cte d, , Opale )_jouer' is clicked on

2022-07-19 07:00:00 - [MESSAGE][PASSED] - Object: 'Object Repository/Page_Concours photo  votez pour la plus bel_494087/input_concat(Votez pour le plus beau chien de la cte d, , Opale )_jouer' is clicked on

2022-07-19 07:00:00 - [TEST_STEP][PASSED] - delay(1): Delayed 1 second(s)

2022-07-19 07:00:01 - [MESSAGE][PASSED] - Delayed 1 second(s)

2022-07-19 07:00:01 - [TEST_STEP][PASSED] - setText(findTestObject("Object Repository/Page_Concours photo  votez pour la plus bel_494087/input_trie par_keyword"), "Gaspard"): Text 'Gaspard' is set on object 'Object Repository/Page_Concours photo  votez pour la plus bel_494087/input_trie par_keyword'

2022-07-19 07:00:03 - [MESSAGE][PASSED] - Text 'Gaspard' is set on object 'Object Repository/Page_Concours photo  votez pour la plus bel_494087/input_trie par_keyword'

2022-07-19 07:00:03 - [TEST_STEP][PASSED] - sendKeys(findTestObject("Page_Concours photo  votez pour la plus bel_494087/input_trie par_keyword"), Keys.chord(ENTER)): Keys 'ENTER + ' sent to object: 'Object Repository/Page_Concours photo  votez pour la plus bel_494087/input_trie par_keyword'

2022-07-19 07:00:05 - [MESSAGE][PASSED] - Keys 'ENTER + ' sent to object: 'Object Repository/Page_Concours photo  votez pour la plus bel_494087/input_trie par_keyword'

2022-07-19 07:00:05 - [TEST_STEP][PASSED] - click(findTestObject("Page_Concours photo  votez pour la plus bel_494087/tri")): Object: 'Object Repository/Page_Concours photo  votez pour la plus bel_494087/tri' is clicked on

2022-07-19 07:00:05 - [MESSAGE][PASSED] - Object: 'Object Repository/Page_Concours photo  votez pour la plus bel_494087/tri' is clicked on

2022-07-19 07:00:05 - [TEST_STEP][PASSED] - click(findTestObject("Page_Concours photo  votez pour la plus bel_494087/plus de votes")): Object: 'Object Repository/Page_Concours photo  votez pour la plus bel_494087/plus de votes' is clicked on

2022-07-19 07:00:06 - [MESSAGE][PASSED] - Object: 'Object Repository/Page_Concours photo  votez pour la plus bel_494087/plus de votes' is clicked on

2022-07-19 07:00:07 - [TEST_STEP][PASSED] - click(findTestObject("Object Repository/Page_Concours photo  votez pour la plus bel_494087/i_Votes_fa fa-heart")): Object: 'Object Repository/Page_Concours photo  votez pour la plus bel_494087/i_Votes_fa fa-heart' is clicked on

2022-07-19 07:00:08 - [MESSAGE][PASSED] - Object: 'Object Repository/Page_Concours photo  votez pour la plus bel_494087/i_Votes_fa fa-heart' is clicked on

2022-07-19 07:00:08 - [TEST_STEP][PASSED] - delay(1): Delayed 1 second(s)

2022-07-19 07:00:09 - [MESSAGE][PASSED] - Delayed 1 second(s)

2022-07-19 07:00:09 - [TEST_STEP][PASSED] - closeBrowser(): Browser is closed

2022-07-19 07:00:09 - [MESSAGE][PASSED] - Browser is closed]]></system-out>
         <system-err><![CDATA[]]></system-err>
      </testcase>
      <testcase name="Test Cases/Vote" time="31.352" classname="Test Cases/Vote" status="PASSED">
         <system-out><![CDATA[2022-07-19 07:00:09 - [TEST_CASE][PASSED] - Test Cases/Vote: Test Cases/Vote

2022-07-19 07:00:09 - [TEST_STEP][PASSED] - openBrowser(""): Browser is opened with url: ''

2022-07-19 07:00:09 - [MESSAGE][INFO] - Starting 'Chrome' driver

2022-07-19 07:00:09 - [MESSAGE][INFO] - Action delay is set to 0 milliseconds

2022-07-19 07:00:10 - [MESSAGE][PASSED] - Browser is opened with url: ''

2022-07-19 07:00:10 - [TEST_STEP][PASSED] - navigateToUrl("https://lesechosdutouquet.nordlittoral.fr/147787/article/2022-06-30/concours-photo-montrez-nous-la-plus-belle-photo-de-votre-chien-en-promenade-sur#l5lb6r47qsmp9ur58y"): Navigate to 'https://lesechosdutouquet.nordlittoral.fr/147787/article/2022-06-30/concours-photo-montrez-nous-la-plus-belle-photo-de-votre-chien-en-promenade-sur#l5lb6r47qsmp9ur58y' successfully

2022-07-19 07:00:13 - [MESSAGE][PASSED] - Navigate to 'https://lesechosdutouquet.nordlittoral.fr/147787/article/2022-06-30/concours-photo-montrez-nous-la-plus-belle-photo-de-votre-chien-en-promenade-sur#l5lb6r47qsmp9ur58y' successfully

2022-07-19 07:00:13 - [TEST_STEP][PASSED] - setViewPortSize(1920, 1080): Viewport is set to new size with width = 1920 and height = 1080

2022-07-19 07:00:13 - [MESSAGE][PASSED] - Viewport is set to new size with width = 1920 and height = 1080

2022-07-19 07:00:13 - [TEST_STEP][PASSED] - click(findTestObject("Object Repository/Page_Concours photo  votez pour la plus bel_494087/button_Accepter  Fermer")): Object: 'Object Repository/Page_Concours photo  votez pour la plus bel_494087/button_Accepter  Fermer' is clicked on

2022-07-19 07:00:15 - [MESSAGE][PASSED] - Object: 'Object Repository/Page_Concours photo  votez pour la plus bel_494087/button_Accepter  Fermer' is clicked on

2022-07-19 07:00:15 - [TEST_STEP][PASSED] - delay(12): Delayed 12 second(s)

2022-07-19 07:00:27 - [MESSAGE][PASSED] - Delayed 12 second(s)

2022-07-19 07:00:27 - [TEST_STEP][PASSED] - click(findTestObject("Object Repository/Page_Concours photo  votez pour la plus bel_494087/a_X")): Object: 'Object Repository/Page_Concours photo  votez pour la plus bel_494087/a_X' is clicked on

2022-07-19 07:00:27 - [MESSAGE][PASSED] - Object: 'Object Repository/Page_Concours photo  votez pour la plus bel_494087/a_X' is clicked on

2022-07-19 07:00:27 - [TEST_STEP][PASSED] - delay(1): Delayed 1 second(s)

2022-07-19 07:00:28 - [MESSAGE][PASSED] - Delayed 1 second(s)

2022-07-19 07:00:28 - [TEST_STEP][PASSED] - click(findTestObject("Object Repository/Page_Concours photo  votez pour la plus bel_494087/input_concat(Votez pour le plus beau chien de la cte d, , Opale )_jouer")): Object: 'Object Repository/Page_Concours photo  votez pour la plus bel_494087/input_concat(Votez pour le plus beau chien de la cte d, , Opale )_jouer' is clicked on

2022-07-19 07:00:29 - [MESSAGE][PASSED] - Object: 'Object Repository/Page_Concours photo  votez pour la plus bel_494087/input_concat(Votez pour le plus beau chien de la cte d, , Opale )_jouer' is clicked on

2022-07-19 07:00:29 - [TEST_STEP][PASSED] - if (verifyElementPresent(findTestObject("Page_Concours photo  votez pour la plus bel_494087/input_concat(Votez pour le plus beau chien de la cte d, , Opale )_jouer"), 1, OPTIONAL)): null

2022-07-19 07:00:30 - [MESSAGE][PASSED] - Object 'Object Repository/Page_Concours photo  votez pour la plus bel_494087/input_concat(Votez pour le plus beau chien de la cte d, , Opale )_jouer' is present

2022-07-19 07:00:30 - [TEST_STEP][PASSED] - click(findTestObject("Object Repository/Page_Concours photo  votez pour la plus bel_494087/input_concat(Votez pour le plus beau chien de la cte d, , Opale )_jouer")): Object: 'Object Repository/Page_Concours photo  votez pour la plus bel_494087/input_concat(Votez pour le plus beau chien de la cte d, , Opale )_jouer' is clicked on

2022-07-19 07:00:31 - [MESSAGE][PASSED] - Object: 'Object Repository/Page_Concours photo  votez pour la plus bel_494087/input_concat(Votez pour le plus beau chien de la cte d, , Opale )_jouer' is clicked on

2022-07-19 07:00:31 - [TEST_STEP][PASSED] - delay(1): Delayed 1 second(s)

2022-07-19 07:00:32 - [MESSAGE][PASSED] - Delayed 1 second(s)

2022-07-19 07:00:32 - [TEST_STEP][PASSED] - setText(findTestObject("Object Repository/Page_Concours photo  votez pour la plus bel_494087/input_trie par_keyword"), "Gaspard"): Text 'Gaspard' is set on object 'Object Repository/Page_Concours photo  votez pour la plus bel_494087/input_trie par_keyword'

2022-07-19 07:00:35 - [MESSAGE][PASSED] - Text 'Gaspard' is set on object 'Object Repository/Page_Concours photo  votez pour la plus bel_494087/input_trie par_keyword'

2022-07-19 07:00:35 - [TEST_STEP][PASSED] - sendKeys(findTestObject("Page_Concours photo  votez pour la plus bel_494087/input_trie par_keyword"), Keys.chord(ENTER)): Keys 'ENTER + ' sent to object: 'Object Repository/Page_Concours photo  votez pour la plus bel_494087/input_trie par_keyword'

2022-07-19 07:00:35 - [MESSAGE][PASSED] - Keys 'ENTER + ' sent to object: 'Object Repository/Page_Concours photo  votez pour la plus bel_494087/input_trie par_keyword'

2022-07-19 07:00:35 - [TEST_STEP][PASSED] - click(findTestObject("Page_Concours photo  votez pour la plus bel_494087/tri")): Object: 'Object Repository/Page_Concours photo  votez pour la plus bel_494087/tri' is clicked on

2022-07-19 07:00:37 - [MESSAGE][PASSED] - Object: 'Object Repository/Page_Concours photo  votez pour la plus bel_494087/tri' is clicked on

2022-07-19 07:00:37 - [TEST_STEP][PASSED] - click(findTestObject("Page_Concours photo  votez pour la plus bel_494087/plus de votes")): Object: 'Object Repository/Page_Concours photo  votez pour la plus bel_494087/plus de votes' is clicked on

2022-07-19 07:00:37 - [MESSAGE][PASSED] - Object: 'Object Repository/Page_Concours photo  votez pour la plus bel_494087/plus de votes' is clicked on

2022-07-19 07:00:38 - [TEST_STEP][PASSED] - click(findTestObject("Object Repository/Page_Concours photo  votez pour la plus bel_494087/i_Votes_fa fa-heart")): Object: 'Object Repository/Page_Concours photo  votez pour la plus bel_494087/i_Votes_fa fa-heart' is clicked on

2022-07-19 07:00:39 - [MESSAGE][PASSED] - Object: 'Object Repository/Page_Concours photo  votez pour la plus bel_494087/i_Votes_fa fa-heart' is clicked on

2022-07-19 07:00:39 - [TEST_STEP][PASSED] - delay(1): Delayed 1 second(s)

2022-07-19 07:00:40 - [MESSAGE][PASSED] - Delayed 1 second(s)

2022-07-19 07:00:40 - [TEST_STEP][PASSED] - closeBrowser(): Browser is closed

2022-07-19 07:00:40 - [MESSAGE][PASSED] - Browser is closed]]></system-out>
         <system-err><![CDATA[]]></system-err>
      </testcase>
      <testcase name="Test Cases/Vote" time="31.125" classname="Test Cases/Vote" status="PASSED">
         <system-out><![CDATA[2022-07-19 07:00:40 - [TEST_CASE][PASSED] - Test Cases/Vote: Test Cases/Vote

2022-07-19 07:00:40 - [TEST_STEP][PASSED] - openBrowser(""): Browser is opened with url: ''

2022-07-19 07:00:40 - [MESSAGE][INFO] - Starting 'Chrome' driver

2022-07-19 07:00:40 - [MESSAGE][INFO] - Action delay is set to 0 milliseconds

2022-07-19 07:00:42 - [MESSAGE][PASSED] - Browser is opened with url: ''

2022-07-19 07:00:42 - [TEST_STEP][PASSED] - navigateToUrl("https://lesechosdutouquet.nordlittoral.fr/147787/article/2022-06-30/concours-photo-montrez-nous-la-plus-belle-photo-de-votre-chien-en-promenade-sur#l5lb6r47qsmp9ur58y"): Navigate to 'https://lesechosdutouquet.nordlittoral.fr/147787/article/2022-06-30/concours-photo-montrez-nous-la-plus-belle-photo-de-votre-chien-en-promenade-sur#l5lb6r47qsmp9ur58y' successfully

2022-07-19 07:00:45 - [MESSAGE][PASSED] - Navigate to 'https://lesechosdutouquet.nordlittoral.fr/147787/article/2022-06-30/concours-photo-montrez-nous-la-plus-belle-photo-de-votre-chien-en-promenade-sur#l5lb6r47qsmp9ur58y' successfully

2022-07-19 07:00:45 - [TEST_STEP][PASSED] - setViewPortSize(1920, 1080): Viewport is set to new size with width = 1920 and height = 1080

2022-07-19 07:00:45 - [MESSAGE][PASSED] - Viewport is set to new size with width = 1920 and height = 1080

2022-07-19 07:00:45 - [TEST_STEP][PASSED] - click(findTestObject("Object Repository/Page_Concours photo  votez pour la plus bel_494087/button_Accepter  Fermer")): Object: 'Object Repository/Page_Concours photo  votez pour la plus bel_494087/button_Accepter  Fermer' is clicked on

2022-07-19 07:00:46 - [MESSAGE][PASSED] - Object: 'Object Repository/Page_Concours photo  votez pour la plus bel_494087/button_Accepter  Fermer' is clicked on

2022-07-19 07:00:46 - [TEST_STEP][PASSED] - delay(12): Delayed 12 second(s)

2022-07-19 07:00:58 - [MESSAGE][PASSED] - Delayed 12 second(s)

2022-07-19 07:00:58 - [TEST_STEP][PASSED] - click(findTestObject("Object Repository/Page_Concours photo  votez pour la plus bel_494087/a_X")): Object: 'Object Repository/Page_Concours photo  votez pour la plus bel_494087/a_X' is clicked on

2022-07-19 07:00:58 - [MESSAGE][PASSED] - Object: 'Object Repository/Page_Concours photo  votez pour la plus bel_494087/a_X' is clicked on

2022-07-19 07:00:58 - [TEST_STEP][PASSED] - delay(1): Delayed 1 second(s)

2022-07-19 07:01:00 - [MESSAGE][PASSED] - Delayed 1 second(s)

2022-07-19 07:01:00 - [TEST_STEP][PASSED] - click(findTestObject("Object Repository/Page_Concours photo  votez pour la plus bel_494087/input_concat(Votez pour le plus beau chien de la cte d, , Opale )_jouer")): Object: 'Object Repository/Page_Concours photo  votez pour la plus bel_494087/input_concat(Votez pour le plus beau chien de la cte d, , Opale )_jouer' is clicked on

2022-07-19 07:01:00 - [MESSAGE][PASSED] - Object: 'Object Repository/Page_Concours photo  votez pour la plus bel_494087/input_concat(Votez pour le plus beau chien de la cte d, , Opale )_jouer' is clicked on

2022-07-19 07:01:00 - [TEST_STEP][PASSED] - if (verifyElementPresent(findTestObject("Page_Concours photo  votez pour la plus bel_494087/input_concat(Votez pour le plus beau chien de la cte d, , Opale )_jouer"), 1, OPTIONAL)): null

2022-07-19 07:01:02 - [MESSAGE][PASSED] - Object 'Object Repository/Page_Concours photo  votez pour la plus bel_494087/input_concat(Votez pour le plus beau chien de la cte d, , Opale )_jouer' is present

2022-07-19 07:01:02 - [TEST_STEP][PASSED] - click(findTestObject("Object Repository/Page_Concours photo  votez pour la plus bel_494087/input_concat(Votez pour le plus beau chien de la cte d, , Opale )_jouer")): Object: 'Object Repository/Page_Concours photo  votez pour la plus bel_494087/input_concat(Votez pour le plus beau chien de la cte d, , Opale )_jouer' is clicked on

2022-07-19 07:01:02 - [MESSAGE][PASSED] - Object: 'Object Repository/Page_Concours photo  votez pour la plus bel_494087/input_concat(Votez pour le plus beau chien de la cte d, , Opale )_jouer' is clicked on

2022-07-19 07:01:02 - [TEST_STEP][PASSED] - delay(1): Delayed 1 second(s)

2022-07-19 07:01:03 - [MESSAGE][PASSED] - Delayed 1 second(s)

2022-07-19 07:01:03 - [TEST_STEP][PASSED] - setText(findTestObject("Object Repository/Page_Concours photo  votez pour la plus bel_494087/input_trie par_keyword"), "Gaspard"): Text 'Gaspard' is set on object 'Object Repository/Page_Concours photo  votez pour la plus bel_494087/input_trie par_keyword'

2022-07-19 07:01:06 - [MESSAGE][PASSED] - Text 'Gaspard' is set on object 'Object Repository/Page_Concours photo  votez pour la plus bel_494087/input_trie par_keyword'

2022-07-19 07:01:06 - [TEST_STEP][PASSED] - sendKeys(findTestObject("Page_Concours photo  votez pour la plus bel_494087/input_trie par_keyword"), Keys.chord(ENTER)): Keys 'ENTER + ' sent to object: 'Object Repository/Page_Concours photo  votez pour la plus bel_494087/input_trie par_keyword'

2022-07-19 07:01:07 - [MESSAGE][PASSED] - Keys 'ENTER + ' sent to object: 'Object Repository/Page_Concours photo  votez pour la plus bel_494087/input_trie par_keyword'

2022-07-19 07:01:07 - [TEST_STEP][PASSED] - click(findTestObject("Page_Concours photo  votez pour la plus bel_494087/tri")): Object: 'Object Repository/Page_Concours photo  votez pour la plus bel_494087/tri' is clicked on

2022-07-19 07:01:08 - [MESSAGE][PASSED] - Object: 'Object Repository/Page_Concours photo  votez pour la plus bel_494087/tri' is clicked on

2022-07-19 07:01:08 - [TEST_STEP][PASSED] - click(findTestObject("Page_Concours photo  votez pour la plus bel_494087/plus de votes")): Object: 'Object Repository/Page_Concours photo  votez pour la plus bel_494087/plus de votes' is clicked on

2022-07-19 07:01:08 - [MESSAGE][PASSED] - Object: 'Object Repository/Page_Concours photo  votez pour la plus bel_494087/plus de votes' is clicked on

2022-07-19 07:01:10 - [TEST_STEP][PASSED] - click(findTestObject("Object Repository/Page_Concours photo  votez pour la plus bel_494087/i_Votes_fa fa-heart")): Object: 'Object Repository/Page_Concours photo  votez pour la plus bel_494087/i_Votes_fa fa-heart' is clicked on

2022-07-19 07:01:10 - [MESSAGE][PASSED] - Object: 'Object Repository/Page_Concours photo  votez pour la plus bel_494087/i_Votes_fa fa-heart' is clicked on

2022-07-19 07:01:10 - [TEST_STEP][PASSED] - delay(1): Delayed 1 second(s)

2022-07-19 07:01:11 - [MESSAGE][PASSED] - Delayed 1 second(s)

2022-07-19 07:01:11 - [TEST_STEP][PASSED] - closeBrowser(): Browser is closed

2022-07-19 07:01:12 - [MESSAGE][PASSED] - Browser is closed]]></system-out>
         <system-err><![CDATA[]]></system-err>
      </testcase>
      <testcase name="Test Cases/Vote" time="30.759" classname="Test Cases/Vote" status="PASSED">
         <system-out><![CDATA[2022-07-19 07:01:12 - [TEST_CASE][PASSED] - Test Cases/Vote: Test Cases/Vote

2022-07-19 07:01:12 - [TEST_STEP][PASSED] - openBrowser(""): Browser is opened with url: ''

2022-07-19 07:01:12 - [MESSAGE][INFO] - Starting 'Chrome' driver

2022-07-19 07:01:12 - [MESSAGE][INFO] - Action delay is set to 0 milliseconds

2022-07-19 07:01:13 - [MESSAGE][PASSED] - Browser is opened with url: ''

2022-07-19 07:01:13 - [TEST_STEP][PASSED] - navigateToUrl("https://lesechosdutouquet.nordlittoral.fr/147787/article/2022-06-30/concours-photo-montrez-nous-la-plus-belle-photo-de-votre-chien-en-promenade-sur#l5lb6r47qsmp9ur58y"): Navigate to 'https://lesechosdutouquet.nordlittoral.fr/147787/article/2022-06-30/concours-photo-montrez-nous-la-plus-belle-photo-de-votre-chien-en-promenade-sur#l5lb6r47qsmp9ur58y' successfully

2022-07-19 07:01:16 - [MESSAGE][PASSED] - Navigate to 'https://lesechosdutouquet.nordlittoral.fr/147787/article/2022-06-30/concours-photo-montrez-nous-la-plus-belle-photo-de-votre-chien-en-promenade-sur#l5lb6r47qsmp9ur58y' successfully

2022-07-19 07:01:16 - [TEST_STEP][PASSED] - setViewPortSize(1920, 1080): Viewport is set to new size with width = 1920 and height = 1080

2022-07-19 07:01:16 - [MESSAGE][PASSED] - Viewport is set to new size with width = 1920 and height = 1080

2022-07-19 07:01:16 - [TEST_STEP][PASSED] - click(findTestObject("Object Repository/Page_Concours photo  votez pour la plus bel_494087/button_Accepter  Fermer")): Object: 'Object Repository/Page_Concours photo  votez pour la plus bel_494087/button_Accepter  Fermer' is clicked on

2022-07-19 07:01:17 - [MESSAGE][PASSED] - Object: 'Object Repository/Page_Concours photo  votez pour la plus bel_494087/button_Accepter  Fermer' is clicked on

2022-07-19 07:01:17 - [TEST_STEP][PASSED] - delay(12): Delayed 12 second(s)

2022-07-19 07:01:29 - [MESSAGE][PASSED] - Delayed 12 second(s)

2022-07-19 07:01:29 - [TEST_STEP][PASSED] - click(findTestObject("Object Repository/Page_Concours photo  votez pour la plus bel_494087/a_X")): Object: 'Object Repository/Page_Concours photo  votez pour la plus bel_494087/a_X' is clicked on

2022-07-19 07:01:30 - [MESSAGE][PASSED] - Object: 'Object Repository/Page_Concours photo  votez pour la plus bel_494087/a_X' is clicked on

2022-07-19 07:01:30 - [TEST_STEP][PASSED] - delay(1): Delayed 1 second(s)

2022-07-19 07:01:31 - [MESSAGE][PASSED] - Delayed 1 second(s)

2022-07-19 07:01:31 - [TEST_STEP][PASSED] - click(findTestObject("Object Repository/Page_Concours photo  votez pour la plus bel_494087/input_concat(Votez pour le plus beau chien de la cte d, , Opale )_jouer")): Object: 'Object Repository/Page_Concours photo  votez pour la plus bel_494087/input_concat(Votez pour le plus beau chien de la cte d, , Opale )_jouer' is clicked on

2022-07-19 07:01:31 - [MESSAGE][PASSED] - Object: 'Object Repository/Page_Concours photo  votez pour la plus bel_494087/input_concat(Votez pour le plus beau chien de la cte d, , Opale )_jouer' is clicked on

2022-07-19 07:01:31 - [TEST_STEP][PASSED] - if (verifyElementPresent(findTestObject("Page_Concours photo  votez pour la plus bel_494087/input_concat(Votez pour le plus beau chien de la cte d, , Opale )_jouer"), 1, OPTIONAL)): null

2022-07-19 07:01:33 - [MESSAGE][PASSED] - Object 'Object Repository/Page_Concours photo  votez pour la plus bel_494087/input_concat(Votez pour le plus beau chien de la cte d, , Opale )_jouer' is present

2022-07-19 07:01:33 - [TEST_STEP][PASSED] - click(findTestObject("Object Repository/Page_Concours photo  votez pour la plus bel_494087/input_concat(Votez pour le plus beau chien de la cte d, , Opale )_jouer")): Object: 'Object Repository/Page_Concours photo  votez pour la plus bel_494087/input_concat(Votez pour le plus beau chien de la cte d, , Opale )_jouer' is clicked on

2022-07-19 07:01:33 - [MESSAGE][PASSED] - Object: 'Object Repository/Page_Concours photo  votez pour la plus bel_494087/input_concat(Votez pour le plus beau chien de la cte d, , Opale )_jouer' is clicked on

2022-07-19 07:01:33 - [TEST_STEP][PASSED] - delay(1): Delayed 1 second(s)

2022-07-19 07:01:34 - [MESSAGE][PASSED] - Delayed 1 second(s)

2022-07-19 07:01:34 - [TEST_STEP][PASSED] - setText(findTestObject("Object Repository/Page_Concours photo  votez pour la plus bel_494087/input_trie par_keyword"), "Gaspard"): Text 'Gaspard' is set on object 'Object Repository/Page_Concours photo  votez pour la plus bel_494087/input_trie par_keyword'

2022-07-19 07:01:37 - [MESSAGE][PASSED] - Text 'Gaspard' is set on object 'Object Repository/Page_Concours photo  votez pour la plus bel_494087/input_trie par_keyword'

2022-07-19 07:01:37 - [TEST_STEP][PASSED] - sendKeys(findTestObject("Page_Concours photo  votez pour la plus bel_494087/input_trie par_keyword"), Keys.chord(ENTER)): Keys 'ENTER + ' sent to object: 'Object Repository/Page_Concours photo  votez pour la plus bel_494087/input_trie par_keyword'

2022-07-19 07:01:38 - [MESSAGE][PASSED] - Keys 'ENTER + ' sent to object: 'Object Repository/Page_Concours photo  votez pour la plus bel_494087/input_trie par_keyword'

2022-07-19 07:01:38 - [TEST_STEP][PASSED] - click(findTestObject("Page_Concours photo  votez pour la plus bel_494087/tri")): Object: 'Object Repository/Page_Concours photo  votez pour la plus bel_494087/tri' is clicked on

2022-07-19 07:01:39 - [MESSAGE][PASSED] - Object: 'Object Repository/Page_Concours photo  votez pour la plus bel_494087/tri' is clicked on

2022-07-19 07:01:39 - [TEST_STEP][PASSED] - click(findTestObject("Page_Concours photo  votez pour la plus bel_494087/plus de votes")): Object: 'Object Repository/Page_Concours photo  votez pour la plus bel_494087/plus de votes' is clicked on

2022-07-19 07:01:39 - [MESSAGE][PASSED] - Object: 'Object Repository/Page_Concours photo  votez pour la plus bel_494087/plus de votes' is clicked on

2022-07-19 07:01:41 - [TEST_STEP][PASSED] - click(findTestObject("Object Repository/Page_Concours photo  votez pour la plus bel_494087/i_Votes_fa fa-heart")): Object: 'Object Repository/Page_Concours photo  votez pour la plus bel_494087/i_Votes_fa fa-heart' is clicked on

2022-07-19 07:01:41 - [MESSAGE][PASSED] - Object: 'Object Repository/Page_Concours photo  votez pour la plus bel_494087/i_Votes_fa fa-heart' is clicked on

2022-07-19 07:01:41 - [TEST_STEP][PASSED] - delay(1): Delayed 1 second(s)

2022-07-19 07:01:42 - [MESSAGE][PASSED] - Delayed 1 second(s)

2022-07-19 07:01:42 - [TEST_STEP][PASSED] - closeBrowser(): Browser is closed

2022-07-19 07:01:42 - [MESSAGE][PASSED] - Browser is closed]]></system-out>
         <system-err><![CDATA[]]></system-err>
      </testcase>
      <testcase name="Test Cases/Vote" time="31.493" classname="Test Cases/Vote" status="PASSED">
         <system-out><![CDATA[2022-07-19 07:01:42 - [TEST_CASE][PASSED] - Test Cases/Vote: Test Cases/Vote

2022-07-19 07:01:42 - [TEST_STEP][PASSED] - openBrowser(""): Browser is opened with url: ''

2022-07-19 07:01:42 - [MESSAGE][INFO] - Starting 'Chrome' driver

2022-07-19 07:01:42 - [MESSAGE][INFO] - Action delay is set to 0 milliseconds

2022-07-19 07:01:44 - [MESSAGE][PASSED] - Browser is opened with url: ''

2022-07-19 07:01:44 - [TEST_STEP][PASSED] - navigateToUrl("https://lesechosdutouquet.nordlittoral.fr/147787/article/2022-06-30/concours-photo-montrez-nous-la-plus-belle-photo-de-votre-chien-en-promenade-sur#l5lb6r47qsmp9ur58y"): Navigate to 'https://lesechosdutouquet.nordlittoral.fr/147787/article/2022-06-30/concours-photo-montrez-nous-la-plus-belle-photo-de-votre-chien-en-promenade-sur#l5lb6r47qsmp9ur58y' successfully

2022-07-19 07:01:47 - [MESSAGE][PASSED] - Navigate to 'https://lesechosdutouquet.nordlittoral.fr/147787/article/2022-06-30/concours-photo-montrez-nous-la-plus-belle-photo-de-votre-chien-en-promenade-sur#l5lb6r47qsmp9ur58y' successfully

2022-07-19 07:01:47 - [TEST_STEP][PASSED] - setViewPortSize(1920, 1080): Viewport is set to new size with width = 1920 and height = 1080

2022-07-19 07:01:47 - [MESSAGE][PASSED] - Viewport is set to new size with width = 1920 and height = 1080

2022-07-19 07:01:47 - [TEST_STEP][PASSED] - click(findTestObject("Object Repository/Page_Concours photo  votez pour la plus bel_494087/button_Accepter  Fermer")): Object: 'Object Repository/Page_Concours photo  votez pour la plus bel_494087/button_Accepter  Fermer' is clicked on

2022-07-19 07:01:48 - [MESSAGE][PASSED] - Object: 'Object Repository/Page_Concours photo  votez pour la plus bel_494087/button_Accepter  Fermer' is clicked on

2022-07-19 07:01:48 - [TEST_STEP][PASSED] - delay(12): Delayed 12 second(s)

2022-07-19 07:02:00 - [MESSAGE][PASSED] - Delayed 12 second(s)

2022-07-19 07:02:00 - [TEST_STEP][PASSED] - click(findTestObject("Object Repository/Page_Concours photo  votez pour la plus bel_494087/a_X")): Object: 'Object Repository/Page_Concours photo  votez pour la plus bel_494087/a_X' is clicked on

2022-07-19 07:02:00 - [MESSAGE][PASSED] - Object: 'Object Repository/Page_Concours photo  votez pour la plus bel_494087/a_X' is clicked on

2022-07-19 07:02:00 - [TEST_STEP][PASSED] - delay(1): Delayed 1 second(s)

2022-07-19 07:02:01 - [MESSAGE][PASSED] - Delayed 1 second(s)

2022-07-19 07:02:01 - [TEST_STEP][PASSED] - click(findTestObject("Object Repository/Page_Concours photo  votez pour la plus bel_494087/input_concat(Votez pour le plus beau chien de la cte d, , Opale )_jouer")): Object: 'Object Repository/Page_Concours photo  votez pour la plus bel_494087/input_concat(Votez pour le plus beau chien de la cte d, , Opale )_jouer' is clicked on

2022-07-19 07:02:02 - [MESSAGE][PASSED] - Object: 'Object Repository/Page_Concours photo  votez pour la plus bel_494087/input_concat(Votez pour le plus beau chien de la cte d, , Opale )_jouer' is clicked on

2022-07-19 07:02:02 - [TEST_STEP][PASSED] - if (verifyElementPresent(findTestObject("Page_Concours photo  votez pour la plus bel_494087/input_concat(Votez pour le plus beau chien de la cte d, , Opale )_jouer"), 1, OPTIONAL)): null

2022-07-19 07:02:03 - [MESSAGE][PASSED] - Object 'Object Repository/Page_Concours photo  votez pour la plus bel_494087/input_concat(Votez pour le plus beau chien de la cte d, , Opale )_jouer' is present

2022-07-19 07:02:03 - [TEST_STEP][PASSED] - click(findTestObject("Object Repository/Page_Concours photo  votez pour la plus bel_494087/input_concat(Votez pour le plus beau chien de la cte d, , Opale )_jouer")): Object: 'Object Repository/Page_Concours photo  votez pour la plus bel_494087/input_concat(Votez pour le plus beau chien de la cte d, , Opale )_jouer' is clicked on

2022-07-19 07:02:04 - [MESSAGE][PASSED] - Object: 'Object Repository/Page_Concours photo  votez pour la plus bel_494087/input_concat(Votez pour le plus beau chien de la cte d, , Opale )_jouer' is clicked on

2022-07-19 07:02:04 - [TEST_STEP][PASSED] - delay(1): Delayed 1 second(s)

2022-07-19 07:02:05 - [MESSAGE][PASSED] - Delayed 1 second(s)

2022-07-19 07:02:05 - [TEST_STEP][PASSED] - setText(findTestObject("Object Repository/Page_Concours photo  votez pour la plus bel_494087/input_trie par_keyword"), "Gaspard"): Text 'Gaspard' is set on object 'Object Repository/Page_Concours photo  votez pour la plus bel_494087/input_trie par_keyword'

2022-07-19 07:02:08 - [MESSAGE][PASSED] - Text 'Gaspard' is set on object 'Object Repository/Page_Concours photo  votez pour la plus bel_494087/input_trie par_keyword'

2022-07-19 07:02:08 - [TEST_STEP][PASSED] - sendKeys(findTestObject("Page_Concours photo  votez pour la plus bel_494087/input_trie par_keyword"), Keys.chord(ENTER)): Keys 'ENTER + ' sent to object: 'Object Repository/Page_Concours photo  votez pour la plus bel_494087/input_trie par_keyword'

2022-07-19 07:02:10 - [MESSAGE][PASSED] - Keys 'ENTER + ' sent to object: 'Object Repository/Page_Concours photo  votez pour la plus bel_494087/input_trie par_keyword'

2022-07-19 07:02:10 - [TEST_STEP][PASSED] - click(findTestObject("Page_Concours photo  votez pour la plus bel_494087/tri")): Object: 'Object Repository/Page_Concours photo  votez pour la plus bel_494087/tri' is clicked on

2022-07-19 07:02:10 - [MESSAGE][PASSED] - Object: 'Object Repository/Page_Concours photo  votez pour la plus bel_494087/tri' is clicked on

2022-07-19 07:02:10 - [TEST_STEP][PASSED] - click(findTestObject("Page_Concours photo  votez pour la plus bel_494087/plus de votes")): Object: 'Object Repository/Page_Concours photo  votez pour la plus bel_494087/plus de votes' is clicked on

2022-07-19 07:02:11 - [MESSAGE][PASSED] - Object: 'Object Repository/Page_Concours photo  votez pour la plus bel_494087/plus de votes' is clicked on

2022-07-19 07:02:12 - [TEST_STEP][PASSED] - click(findTestObject("Object Repository/Page_Concours photo  votez pour la plus bel_494087/i_Votes_fa fa-heart")): Object: 'Object Repository/Page_Concours photo  votez pour la plus bel_494087/i_Votes_fa fa-heart' is clicked on

2022-07-19 07:02:12 - [MESSAGE][PASSED] - Object: 'Object Repository/Page_Concours photo  votez pour la plus bel_494087/i_Votes_fa fa-heart' is clicked on

2022-07-19 07:02:12 - [TEST_STEP][PASSED] - delay(1): Delayed 1 second(s)

2022-07-19 07:02:13 - [MESSAGE][PASSED] - Delayed 1 second(s)

2022-07-19 07:02:13 - [TEST_STEP][PASSED] - closeBrowser(): Browser is closed

2022-07-19 07:02:14 - [MESSAGE][PASSED] - Browser is closed]]></system-out>
         <system-err><![CDATA[]]></system-err>
      </testcase>
      <testcase name="Test Cases/Vote" time="29.908" classname="Test Cases/Vote" status="PASSED">
         <system-out><![CDATA[2022-07-19 07:02:14 - [TEST_CASE][PASSED] - Test Cases/Vote: Test Cases/Vote

2022-07-19 07:02:14 - [TEST_STEP][PASSED] - openBrowser(""): Browser is opened with url: ''

2022-07-19 07:02:14 - [MESSAGE][INFO] - Starting 'Chrome' driver

2022-07-19 07:02:14 - [MESSAGE][INFO] - Action delay is set to 0 milliseconds

2022-07-19 07:02:15 - [MESSAGE][PASSED] - Browser is opened with url: ''

2022-07-19 07:02:15 - [TEST_STEP][PASSED] - navigateToUrl("https://lesechosdutouquet.nordlittoral.fr/147787/article/2022-06-30/concours-photo-montrez-nous-la-plus-belle-photo-de-votre-chien-en-promenade-sur#l5lb6r47qsmp9ur58y"): Navigate to 'https://lesechosdutouquet.nordlittoral.fr/147787/article/2022-06-30/concours-photo-montrez-nous-la-plus-belle-photo-de-votre-chien-en-promenade-sur#l5lb6r47qsmp9ur58y' successfully

2022-07-19 07:02:18 - [MESSAGE][PASSED] - Navigate to 'https://lesechosdutouquet.nordlittoral.fr/147787/article/2022-06-30/concours-photo-montrez-nous-la-plus-belle-photo-de-votre-chien-en-promenade-sur#l5lb6r47qsmp9ur58y' successfully

2022-07-19 07:02:18 - [TEST_STEP][PASSED] - setViewPortSize(1920, 1080): Viewport is set to new size with width = 1920 and height = 1080

2022-07-19 07:02:18 - [MESSAGE][PASSED] - Viewport is set to new size with width = 1920 and height = 1080

2022-07-19 07:02:18 - [TEST_STEP][PASSED] - click(findTestObject("Object Repository/Page_Concours photo  votez pour la plus bel_494087/button_Accepter  Fermer")): Object: 'Object Repository/Page_Concours photo  votez pour la plus bel_494087/button_Accepter  Fermer' is clicked on

2022-07-19 07:02:19 - [MESSAGE][PASSED] - Object: 'Object Repository/Page_Concours photo  votez pour la plus bel_494087/button_Accepter  Fermer' is clicked on

2022-07-19 07:02:19 - [TEST_STEP][PASSED] - delay(12): Delayed 12 second(s)

2022-07-19 07:02:31 - [MESSAGE][PASSED] - Delayed 12 second(s)

2022-07-19 07:02:31 - [TEST_STEP][PASSED] - click(findTestObject("Object Repository/Page_Concours photo  votez pour la plus bel_494087/a_X")): Object: 'Object Repository/Page_Concours photo  votez pour la plus bel_494087/a_X' is clicked on

2022-07-19 07:02:32 - [MESSAGE][PASSED] - Object: 'Object Repository/Page_Concours photo  votez pour la plus bel_494087/a_X' is clicked on

2022-07-19 07:02:32 - [TEST_STEP][PASSED] - delay(1): Delayed 1 second(s)

2022-07-19 07:02:33 - [MESSAGE][PASSED] - Delayed 1 second(s)

2022-07-19 07:02:33 - [TEST_STEP][PASSED] - click(findTestObject("Object Repository/Page_Concours photo  votez pour la plus bel_494087/input_concat(Votez pour le plus beau chien de la cte d, , Opale )_jouer")): Object: 'Object Repository/Page_Concours photo  votez pour la plus bel_494087/input_concat(Votez pour le plus beau chien de la cte d, , Opale )_jouer' is clicked on

2022-07-19 07:02:33 - [MESSAGE][PASSED] - Object: 'Object Repository/Page_Concours photo  votez pour la plus bel_494087/input_concat(Votez pour le plus beau chien de la cte d, , Opale )_jouer' is clicked on

2022-07-19 07:02:34 - [TEST_STEP][PASSED] - if (verifyElementPresent(findTestObject("Page_Concours photo  votez pour la plus bel_494087/input_concat(Votez pour le plus beau chien de la cte d, , Opale )_jouer"), 1, OPTIONAL)): null

2022-07-19 07:02:35 - [MESSAGE][PASSED] - Object 'Object Repository/Page_Concours photo  votez pour la plus bel_494087/input_concat(Votez pour le plus beau chien de la cte d, , Opale )_jouer' is present

2022-07-19 07:02:35 - [TEST_STEP][PASSED] - click(findTestObject("Object Repository/Page_Concours photo  votez pour la plus bel_494087/input_concat(Votez pour le plus beau chien de la cte d, , Opale )_jouer")): Object: 'Object Repository/Page_Concours photo  votez pour la plus bel_494087/input_concat(Votez pour le plus beau chien de la cte d, , Opale )_jouer' is clicked on

2022-07-19 07:02:35 - [MESSAGE][PASSED] - Object: 'Object Repository/Page_Concours photo  votez pour la plus bel_494087/input_concat(Votez pour le plus beau chien de la cte d, , Opale )_jouer' is clicked on

2022-07-19 07:02:35 - [TEST_STEP][PASSED] - delay(1): Delayed 1 second(s)

2022-07-19 07:02:36 - [MESSAGE][PASSED] - Delayed 1 second(s)

2022-07-19 07:02:36 - [TEST_STEP][PASSED] - setText(findTestObject("Object Repository/Page_Concours photo  votez pour la plus bel_494087/input_trie par_keyword"), "Gaspard"): Text 'Gaspard' is set on object 'Object Repository/Page_Concours photo  votez pour la plus bel_494087/input_trie par_keyword'

2022-07-19 07:02:38 - [MESSAGE][PASSED] - Text 'Gaspard' is set on object 'Object Repository/Page_Concours photo  votez pour la plus bel_494087/input_trie par_keyword'

2022-07-19 07:02:38 - [TEST_STEP][PASSED] - sendKeys(findTestObject("Page_Concours photo  votez pour la plus bel_494087/input_trie par_keyword"), Keys.chord(ENTER)): Keys 'ENTER + ' sent to object: 'Object Repository/Page_Concours photo  votez pour la plus bel_494087/input_trie par_keyword'

2022-07-19 07:02:40 - [MESSAGE][PASSED] - Keys 'ENTER + ' sent to object: 'Object Repository/Page_Concours photo  votez pour la plus bel_494087/input_trie par_keyword'

2022-07-19 07:02:40 - [TEST_STEP][PASSED] - click(findTestObject("Page_Concours photo  votez pour la plus bel_494087/tri")): Object: 'Object Repository/Page_Concours photo  votez pour la plus bel_494087/tri' is clicked on

2022-07-19 07:02:40 - [MESSAGE][PASSED] - Object: 'Object Repository/Page_Concours photo  votez pour la plus bel_494087/tri' is clicked on

2022-07-19 07:02:40 - [TEST_STEP][PASSED] - click(findTestObject("Page_Concours photo  votez pour la plus bel_494087/plus de votes")): Object: 'Object Repository/Page_Concours photo  votez pour la plus bel_494087/plus de votes' is clicked on

2022-07-19 07:02:40 - [MESSAGE][PASSED] - Object: 'Object Repository/Page_Concours photo  votez pour la plus bel_494087/plus de votes' is clicked on

2022-07-19 07:02:42 - [TEST_STEP][PASSED] - click(findTestObject("Object Repository/Page_Concours photo  votez pour la plus bel_494087/i_Votes_fa fa-heart")): Object: 'Object Repository/Page_Concours photo  votez pour la plus bel_494087/i_Votes_fa fa-heart' is clicked on

2022-07-19 07:02:42 - [MESSAGE][PASSED] - Object: 'Object Repository/Page_Concours photo  votez pour la plus bel_494087/i_Votes_fa fa-heart' is clicked on

2022-07-19 07:02:42 - [TEST_STEP][PASSED] - delay(1): Delayed 1 second(s)

2022-07-19 07:02:43 - [MESSAGE][PASSED] - Delayed 1 second(s)

2022-07-19 07:02:43 - [TEST_STEP][PASSED] - closeBrowser(): Browser is closed

2022-07-19 07:02:44 - [MESSAGE][PASSED] - Browser is closed]]></system-out>
         <system-err><![CDATA[]]></system-err>
      </testcase>
      <testcase name="Test Cases/Vote" time="33.601" classname="Test Cases/Vote" status="PASSED">
         <system-out><![CDATA[2022-07-19 07:02:44 - [TEST_CASE][PASSED] - Test Cases/Vote: Test Cases/Vote

2022-07-19 07:02:44 - [TEST_STEP][PASSED] - openBrowser(""): Browser is opened with url: ''

2022-07-19 07:02:44 - [MESSAGE][INFO] - Starting 'Chrome' driver

2022-07-19 07:02:44 - [MESSAGE][INFO] - Action delay is set to 0 milliseconds

2022-07-19 07:02:45 - [MESSAGE][PASSED] - Browser is opened with url: ''

2022-07-19 07:02:45 - [TEST_STEP][PASSED] - navigateToUrl("https://lesechosdutouquet.nordlittoral.fr/147787/article/2022-06-30/concours-photo-montrez-nous-la-plus-belle-photo-de-votre-chien-en-promenade-sur#l5lb6r47qsmp9ur58y"): Navigate to 'https://lesechosdutouquet.nordlittoral.fr/147787/article/2022-06-30/concours-photo-montrez-nous-la-plus-belle-photo-de-votre-chien-en-promenade-sur#l5lb6r47qsmp9ur58y' successfully

2022-07-19 07:02:52 - [MESSAGE][PASSED] - Navigate to 'https://lesechosdutouquet.nordlittoral.fr/147787/article/2022-06-30/concours-photo-montrez-nous-la-plus-belle-photo-de-votre-chien-en-promenade-sur#l5lb6r47qsmp9ur58y' successfully

2022-07-19 07:02:52 - [TEST_STEP][PASSED] - setViewPortSize(1920, 1080): Viewport is set to new size with width = 1920 and height = 1080

2022-07-19 07:02:52 - [MESSAGE][PASSED] - Viewport is set to new size with width = 1920 and height = 1080

2022-07-19 07:02:52 - [TEST_STEP][PASSED] - click(findTestObject("Object Repository/Page_Concours photo  votez pour la plus bel_494087/button_Accepter  Fermer")): Object: 'Object Repository/Page_Concours photo  votez pour la plus bel_494087/button_Accepter  Fermer' is clicked on

2022-07-19 07:02:53 - [MESSAGE][PASSED] - Object: 'Object Repository/Page_Concours photo  votez pour la plus bel_494087/button_Accepter  Fermer' is clicked on

2022-07-19 07:02:53 - [TEST_STEP][PASSED] - delay(12): Delayed 12 second(s)

2022-07-19 07:03:05 - [MESSAGE][PASSED] - Delayed 12 second(s)

2022-07-19 07:03:05 - [TEST_STEP][PASSED] - click(findTestObject("Object Repository/Page_Concours photo  votez pour la plus bel_494087/a_X")): Object: 'Object Repository/Page_Concours photo  votez pour la plus bel_494087/a_X' is clicked on

2022-07-19 07:03:05 - [MESSAGE][PASSED] - Object: 'Object Repository/Page_Concours photo  votez pour la plus bel_494087/a_X' is clicked on

2022-07-19 07:03:05 - [TEST_STEP][PASSED] - delay(1): Delayed 1 second(s)

2022-07-19 07:03:06 - [MESSAGE][PASSED] - Delayed 1 second(s)

2022-07-19 07:03:06 - [TEST_STEP][PASSED] - click(findTestObject("Object Repository/Page_Concours photo  votez pour la plus bel_494087/input_concat(Votez pour le plus beau chien de la cte d, , Opale )_jouer")): Object: 'Object Repository/Page_Concours photo  votez pour la plus bel_494087/input_concat(Votez pour le plus beau chien de la cte d, , Opale )_jouer' is clicked on

2022-07-19 07:03:07 - [MESSAGE][PASSED] - Object: 'Object Repository/Page_Concours photo  votez pour la plus bel_494087/input_concat(Votez pour le plus beau chien de la cte d, , Opale )_jouer' is clicked on

2022-07-19 07:03:07 - [TEST_STEP][PASSED] - if (verifyElementPresent(findTestObject("Page_Concours photo  votez pour la plus bel_494087/input_concat(Votez pour le plus beau chien de la cte d, , Opale )_jouer"), 1, OPTIONAL)): null

2022-07-19 07:03:09 - [MESSAGE][PASSED] - Object 'Object Repository/Page_Concours photo  votez pour la plus bel_494087/input_concat(Votez pour le plus beau chien de la cte d, , Opale )_jouer' is present

2022-07-19 07:03:09 - [TEST_STEP][PASSED] - click(findTestObject("Object Repository/Page_Concours photo  votez pour la plus bel_494087/input_concat(Votez pour le plus beau chien de la cte d, , Opale )_jouer")): Object: 'Object Repository/Page_Concours photo  votez pour la plus bel_494087/input_concat(Votez pour le plus beau chien de la cte d, , Opale )_jouer' is clicked on

2022-07-19 07:03:09 - [MESSAGE][PASSED] - Object: 'Object Repository/Page_Concours photo  votez pour la plus bel_494087/input_concat(Votez pour le plus beau chien de la cte d, , Opale )_jouer' is clicked on

2022-07-19 07:03:09 - [TEST_STEP][PASSED] - delay(1): Delayed 1 second(s)

2022-07-19 07:03:10 - [MESSAGE][PASSED] - Delayed 1 second(s)

2022-07-19 07:03:10 - [TEST_STEP][PASSED] - setText(findTestObject("Object Repository/Page_Concours photo  votez pour la plus bel_494087/input_trie par_keyword"), "Gaspard"): Text 'Gaspard' is set on object 'Object Repository/Page_Concours photo  votez pour la plus bel_494087/input_trie par_keyword'

2022-07-19 07:03:12 - [MESSAGE][PASSED] - Text 'Gaspard' is set on object 'Object Repository/Page_Concours photo  votez pour la plus bel_494087/input_trie par_keyword'

2022-07-19 07:03:12 - [TEST_STEP][PASSED] - sendKeys(findTestObject("Page_Concours photo  votez pour la plus bel_494087/input_trie par_keyword"), Keys.chord(ENTER)): Keys 'ENTER + ' sent to object: 'Object Repository/Page_Concours photo  votez pour la plus bel_494087/input_trie par_keyword'

2022-07-19 07:03:13 - [MESSAGE][PASSED] - Keys 'ENTER + ' sent to object: 'Object Repository/Page_Concours photo  votez pour la plus bel_494087/input_trie par_keyword'

2022-07-19 07:03:13 - [TEST_STEP][PASSED] - click(findTestObject("Page_Concours photo  votez pour la plus bel_494087/tri")): Object: 'Object Repository/Page_Concours photo  votez pour la plus bel_494087/tri' is clicked on

2022-07-19 07:03:14 - [MESSAGE][PASSED] - Object: 'Object Repository/Page_Concours photo  votez pour la plus bel_494087/tri' is clicked on

2022-07-19 07:03:14 - [TEST_STEP][PASSED] - click(findTestObject("Page_Concours photo  votez pour la plus bel_494087/plus de votes")): Object: 'Object Repository/Page_Concours photo  votez pour la plus bel_494087/plus de votes' is clicked on

2022-07-19 07:03:14 - [MESSAGE][PASSED] - Object: 'Object Repository/Page_Concours photo  votez pour la plus bel_494087/plus de votes' is clicked on

2022-07-19 07:03:16 - [TEST_STEP][PASSED] - click(findTestObject("Object Repository/Page_Concours photo  votez pour la plus bel_494087/i_Votes_fa fa-heart")): Object: 'Object Repository/Page_Concours photo  votez pour la plus bel_494087/i_Votes_fa fa-heart' is clicked on

2022-07-19 07:03:16 - [MESSAGE][PASSED] - Object: 'Object Repository/Page_Concours photo  votez pour la plus bel_494087/i_Votes_fa fa-heart' is clicked on

2022-07-19 07:03:16 - [TEST_STEP][PASSED] - delay(1): Delayed 1 second(s)

2022-07-19 07:03:17 - [MESSAGE][PASSED] - Delayed 1 second(s)

2022-07-19 07:03:17 - [TEST_STEP][PASSED] - closeBrowser(): Browser is closed

2022-07-19 07:03:17 - [MESSAGE][PASSED] - Browser is closed]]></system-out>
         <system-err><![CDATA[]]></system-err>
      </testcase>
      <testcase name="Test Cases/Vote" time="31.503" classname="Test Cases/Vote" status="PASSED">
         <system-out><![CDATA[2022-07-19 07:03:17 - [TEST_CASE][PASSED] - Test Cases/Vote: Test Cases/Vote

2022-07-19 07:03:17 - [TEST_STEP][PASSED] - openBrowser(""): Browser is opened with url: ''

2022-07-19 07:03:17 - [MESSAGE][INFO] - Starting 'Chrome' driver

2022-07-19 07:03:17 - [MESSAGE][INFO] - Action delay is set to 0 milliseconds

2022-07-19 07:03:18 - [MESSAGE][PASSED] - Browser is opened with url: ''

2022-07-19 07:03:18 - [TEST_STEP][PASSED] - navigateToUrl("https://lesechosdutouquet.nordlittoral.fr/147787/article/2022-06-30/concours-photo-montrez-nous-la-plus-belle-photo-de-votre-chien-en-promenade-sur#l5lb6r47qsmp9ur58y"): Navigate to 'https://lesechosdutouquet.nordlittoral.fr/147787/article/2022-06-30/concours-photo-montrez-nous-la-plus-belle-photo-de-votre-chien-en-promenade-sur#l5lb6r47qsmp9ur58y' successfully

2022-07-19 07:03:22 - [MESSAGE][PASSED] - Navigate to 'https://lesechosdutouquet.nordlittoral.fr/147787/article/2022-06-30/concours-photo-montrez-nous-la-plus-belle-photo-de-votre-chien-en-promenade-sur#l5lb6r47qsmp9ur58y' successfully

2022-07-19 07:03:22 - [TEST_STEP][PASSED] - setViewPortSize(1920, 1080): Viewport is set to new size with width = 1920 and height = 1080

2022-07-19 07:03:22 - [MESSAGE][PASSED] - Viewport is set to new size with width = 1920 and height = 1080

2022-07-19 07:03:22 - [TEST_STEP][PASSED] - click(findTestObject("Object Repository/Page_Concours photo  votez pour la plus bel_494087/button_Accepter  Fermer")): Object: 'Object Repository/Page_Concours photo  votez pour la plus bel_494087/button_Accepter  Fermer' is clicked on

2022-07-19 07:03:23 - [MESSAGE][PASSED] - Object: 'Object Repository/Page_Concours photo  votez pour la plus bel_494087/button_Accepter  Fermer' is clicked on

2022-07-19 07:03:23 - [TEST_STEP][PASSED] - delay(12): Delayed 12 second(s)

2022-07-19 07:03:35 - [MESSAGE][PASSED] - Delayed 12 second(s)

2022-07-19 07:03:35 - [TEST_STEP][PASSED] - click(findTestObject("Object Repository/Page_Concours photo  votez pour la plus bel_494087/a_X")): Object: 'Object Repository/Page_Concours photo  votez pour la plus bel_494087/a_X' is clicked on

2022-07-19 07:03:36 - [MESSAGE][PASSED] - Object: 'Object Repository/Page_Concours photo  votez pour la plus bel_494087/a_X' is clicked on

2022-07-19 07:03:36 - [TEST_STEP][PASSED] - delay(1): Delayed 1 second(s)

2022-07-19 07:03:37 - [MESSAGE][PASSED] - Delayed 1 second(s)

2022-07-19 07:03:37 - [TEST_STEP][PASSED] - click(findTestObject("Object Repository/Page_Concours photo  votez pour la plus bel_494087/input_concat(Votez pour le plus beau chien de la cte d, , Opale )_jouer")): Object: 'Object Repository/Page_Concours photo  votez pour la plus bel_494087/input_concat(Votez pour le plus beau chien de la cte d, , Opale )_jouer' is clicked on

2022-07-19 07:03:38 - [MESSAGE][PASSED] - Object: 'Object Repository/Page_Concours photo  votez pour la plus bel_494087/input_concat(Votez pour le plus beau chien de la cte d, , Opale )_jouer' is clicked on

2022-07-19 07:03:38 - [TEST_STEP][PASSED] - if (verifyElementPresent(findTestObject("Page_Concours photo  votez pour la plus bel_494087/input_concat(Votez pour le plus beau chien de la cte d, , Opale )_jouer"), 1, OPTIONAL)): null

2022-07-19 07:03:39 - [MESSAGE][PASSED] - Object 'Object Repository/Page_Concours photo  votez pour la plus bel_494087/input_concat(Votez pour le plus beau chien de la cte d, , Opale )_jouer' is present

2022-07-19 07:03:39 - [TEST_STEP][PASSED] - click(findTestObject("Object Repository/Page_Concours photo  votez pour la plus bel_494087/input_concat(Votez pour le plus beau chien de la cte d, , Opale )_jouer")): Object: 'Object Repository/Page_Concours photo  votez pour la plus bel_494087/input_concat(Votez pour le plus beau chien de la cte d, , Opale )_jouer' is clicked on

2022-07-19 07:03:39 - [MESSAGE][PASSED] - Object: 'Object Repository/Page_Concours photo  votez pour la plus bel_494087/input_concat(Votez pour le plus beau chien de la cte d, , Opale )_jouer' is clicked on

2022-07-19 07:03:39 - [TEST_STEP][PASSED] - delay(1): Delayed 1 second(s)

2022-07-19 07:03:40 - [MESSAGE][PASSED] - Delayed 1 second(s)

2022-07-19 07:03:40 - [TEST_STEP][PASSED] - setText(findTestObject("Object Repository/Page_Concours photo  votez pour la plus bel_494087/input_trie par_keyword"), "Gaspard"): Text 'Gaspard' is set on object 'Object Repository/Page_Concours photo  votez pour la plus bel_494087/input_trie par_keyword'

2022-07-19 07:03:43 - [MESSAGE][PASSED] - Text 'Gaspard' is set on object 'Object Repository/Page_Concours photo  votez pour la plus bel_494087/input_trie par_keyword'

2022-07-19 07:03:43 - [TEST_STEP][PASSED] - sendKeys(findTestObject("Page_Concours photo  votez pour la plus bel_494087/input_trie par_keyword"), Keys.chord(ENTER)): Keys 'ENTER + ' sent to object: 'Object Repository/Page_Concours photo  votez pour la plus bel_494087/input_trie par_keyword'

2022-07-19 07:03:45 - [MESSAGE][PASSED] - Keys 'ENTER + ' sent to object: 'Object Repository/Page_Concours photo  votez pour la plus bel_494087/input_trie par_keyword'

2022-07-19 07:03:45 - [TEST_STEP][PASSED] - click(findTestObject("Page_Concours photo  votez pour la plus bel_494087/tri")): Object: 'Object Repository/Page_Concours photo  votez pour la plus bel_494087/tri' is clicked on

2022-07-19 07:03:45 - [MESSAGE][PASSED] - Object: 'Object Repository/Page_Concours photo  votez pour la plus bel_494087/tri' is clicked on

2022-07-19 07:03:45 - [TEST_STEP][PASSED] - click(findTestObject("Page_Concours photo  votez pour la plus bel_494087/plus de votes")): Object: 'Object Repository/Page_Concours photo  votez pour la plus bel_494087/plus de votes' is clicked on

2022-07-19 07:03:46 - [MESSAGE][PASSED] - Object: 'Object Repository/Page_Concours photo  votez pour la plus bel_494087/plus de votes' is clicked on

2022-07-19 07:03:47 - [TEST_STEP][PASSED] - click(findTestObject("Object Repository/Page_Concours photo  votez pour la plus bel_494087/i_Votes_fa fa-heart")): Object: 'Object Repository/Page_Concours photo  votez pour la plus bel_494087/i_Votes_fa fa-heart' is clicked on

2022-07-19 07:03:47 - [MESSAGE][PASSED] - Object: 'Object Repository/Page_Concours photo  votez pour la plus bel_494087/i_Votes_fa fa-heart' is clicked on

2022-07-19 07:03:47 - [TEST_STEP][PASSED] - delay(1): Delayed 1 second(s)

2022-07-19 07:03:48 - [MESSAGE][PASSED] - Delayed 1 second(s)

2022-07-19 07:03:48 - [TEST_STEP][PASSED] - closeBrowser(): Browser is closed

2022-07-19 07:03:49 - [MESSAGE][PASSED] - Browser is closed]]></system-out>
         <system-err><![CDATA[]]></system-err>
      </testcase>
      <testcase name="Test Cases/Vote" time="30.726" classname="Test Cases/Vote" status="PASSED">
         <system-out><![CDATA[2022-07-19 07:03:49 - [TEST_CASE][PASSED] - Test Cases/Vote: Test Cases/Vote

2022-07-19 07:03:49 - [TEST_STEP][PASSED] - openBrowser(""): Browser is opened with url: ''

2022-07-19 07:03:49 - [MESSAGE][INFO] - Starting 'Chrome' driver

2022-07-19 07:03:49 - [MESSAGE][INFO] - Action delay is set to 0 milliseconds

2022-07-19 07:03:50 - [MESSAGE][PASSED] - Browser is opened with url: ''

2022-07-19 07:03:50 - [TEST_STEP][PASSED] - navigateToUrl("https://lesechosdutouquet.nordlittoral.fr/147787/article/2022-06-30/concours-photo-montrez-nous-la-plus-belle-photo-de-votre-chien-en-promenade-sur#l5lb6r47qsmp9ur58y"): Navigate to 'https://lesechosdutouquet.nordlittoral.fr/147787/article/2022-06-30/concours-photo-montrez-nous-la-plus-belle-photo-de-votre-chien-en-promenade-sur#l5lb6r47qsmp9ur58y' successfully

2022-07-19 07:03:53 - [MESSAGE][PASSED] - Navigate to 'https://lesechosdutouquet.nordlittoral.fr/147787/article/2022-06-30/concours-photo-montrez-nous-la-plus-belle-photo-de-votre-chien-en-promenade-sur#l5lb6r47qsmp9ur58y' successfully

2022-07-19 07:03:53 - [TEST_STEP][PASSED] - setViewPortSize(1920, 1080): Viewport is set to new size with width = 1920 and height = 1080

2022-07-19 07:03:53 - [MESSAGE][PASSED] - Viewport is set to new size with width = 1920 and height = 1080

2022-07-19 07:03:53 - [TEST_STEP][PASSED] - click(findTestObject("Object Repository/Page_Concours photo  votez pour la plus bel_494087/button_Accepter  Fermer")): Object: 'Object Repository/Page_Concours photo  votez pour la plus bel_494087/button_Accepter  Fermer' is clicked on

2022-07-19 07:03:54 - [MESSAGE][PASSED] - Object: 'Object Repository/Page_Concours photo  votez pour la plus bel_494087/button_Accepter  Fermer' is clicked on

2022-07-19 07:03:54 - [TEST_STEP][PASSED] - delay(12): Delayed 12 second(s)

2022-07-19 07:04:06 - [MESSAGE][PASSED] - Delayed 12 second(s)

2022-07-19 07:04:06 - [TEST_STEP][PASSED] - click(findTestObject("Object Repository/Page_Concours photo  votez pour la plus bel_494087/a_X")): Object: 'Object Repository/Page_Concours photo  votez pour la plus bel_494087/a_X' is clicked on

2022-07-19 07:04:07 - [MESSAGE][PASSED] - Object: 'Object Repository/Page_Concours photo  votez pour la plus bel_494087/a_X' is clicked on

2022-07-19 07:04:07 - [TEST_STEP][PASSED] - delay(1): Delayed 1 second(s)

2022-07-19 07:04:08 - [MESSAGE][PASSED] - Delayed 1 second(s)

2022-07-19 07:04:08 - [TEST_STEP][PASSED] - click(findTestObject("Object Repository/Page_Concours photo  votez pour la plus bel_494087/input_concat(Votez pour le plus beau chien de la cte d, , Opale )_jouer")): Object: 'Object Repository/Page_Concours photo  votez pour la plus bel_494087/input_concat(Votez pour le plus beau chien de la cte d, , Opale )_jouer' is clicked on

2022-07-19 07:04:08 - [MESSAGE][PASSED] - Object: 'Object Repository/Page_Concours photo  votez pour la plus bel_494087/input_concat(Votez pour le plus beau chien de la cte d, , Opale )_jouer' is clicked on

2022-07-19 07:04:09 - [TEST_STEP][PASSED] - if (verifyElementPresent(findTestObject("Page_Concours photo  votez pour la plus bel_494087/input_concat(Votez pour le plus beau chien de la cte d, , Opale )_jouer"), 1, OPTIONAL)): null

2022-07-19 07:04:10 - [MESSAGE][PASSED] - Object 'Object Repository/Page_Concours photo  votez pour la plus bel_494087/input_concat(Votez pour le plus beau chien de la cte d, , Opale )_jouer' is present

2022-07-19 07:04:10 - [TEST_STEP][PASSED] - click(findTestObject("Object Repository/Page_Concours photo  votez pour la plus bel_494087/input_concat(Votez pour le plus beau chien de la cte d, , Opale )_jouer")): Object: 'Object Repository/Page_Concours photo  votez pour la plus bel_494087/input_concat(Votez pour le plus beau chien de la cte d, , Opale )_jouer' is clicked on

2022-07-19 07:04:10 - [MESSAGE][PASSED] - Object: 'Object Repository/Page_Concours photo  votez pour la plus bel_494087/input_concat(Votez pour le plus beau chien de la cte d, , Opale )_jouer' is clicked on

2022-07-19 07:04:10 - [TEST_STEP][PASSED] - delay(1): Delayed 1 second(s)

2022-07-19 07:04:11 - [MESSAGE][PASSED] - Delayed 1 second(s)

2022-07-19 07:04:11 - [TEST_STEP][PASSED] - setText(findTestObject("Object Repository/Page_Concours photo  votez pour la plus bel_494087/input_trie par_keyword"), "Gaspard"): Text 'Gaspard' is set on object 'Object Repository/Page_Concours photo  votez pour la plus bel_494087/input_trie par_keyword'

2022-07-19 07:04:14 - [MESSAGE][PASSED] - Text 'Gaspard' is set on object 'Object Repository/Page_Concours photo  votez pour la plus bel_494087/input_trie par_keyword'

2022-07-19 07:04:14 - [TEST_STEP][PASSED] - sendKeys(findTestObject("Page_Concours photo  votez pour la plus bel_494087/input_trie par_keyword"), Keys.chord(ENTER)): Keys 'ENTER + ' sent to object: 'Object Repository/Page_Concours photo  votez pour la plus bel_494087/input_trie par_keyword'

2022-07-19 07:04:15 - [MESSAGE][PASSED] - Keys 'ENTER + ' sent to object: 'Object Repository/Page_Concours photo  votez pour la plus bel_494087/input_trie par_keyword'

2022-07-19 07:04:15 - [TEST_STEP][PASSED] - click(findTestObject("Page_Concours photo  votez pour la plus bel_494087/tri")): Object: 'Object Repository/Page_Concours photo  votez pour la plus bel_494087/tri' is clicked on

2022-07-19 07:04:16 - [MESSAGE][PASSED] - Object: 'Object Repository/Page_Concours photo  votez pour la plus bel_494087/tri' is clicked on

2022-07-19 07:04:16 - [TEST_STEP][PASSED] - click(findTestObject("Page_Concours photo  votez pour la plus bel_494087/plus de votes")): Object: 'Object Repository/Page_Concours photo  votez pour la plus bel_494087/plus de votes' is clicked on

2022-07-19 07:04:16 - [MESSAGE][PASSED] - Object: 'Object Repository/Page_Concours photo  votez pour la plus bel_494087/plus de votes' is clicked on

2022-07-19 07:04:18 - [TEST_STEP][PASSED] - click(findTestObject("Object Repository/Page_Concours photo  votez pour la plus bel_494087/i_Votes_fa fa-heart")): Object: 'Object Repository/Page_Concours photo  votez pour la plus bel_494087/i_Votes_fa fa-heart' is clicked on

2022-07-19 07:04:18 - [MESSAGE][PASSED] - Object: 'Object Repository/Page_Concours photo  votez pour la plus bel_494087/i_Votes_fa fa-heart' is clicked on

2022-07-19 07:04:18 - [TEST_STEP][PASSED] - delay(1): Delayed 1 second(s)

2022-07-19 07:04:19 - [MESSAGE][PASSED] - Delayed 1 second(s)

2022-07-19 07:04:19 - [TEST_STEP][PASSED] - closeBrowser(): Browser is closed

2022-07-19 07:04:20 - [MESSAGE][PASSED] - Browser is closed]]></system-out>
         <system-err><![CDATA[]]></system-err>
      </testcase>
      <testcase name="Test Cases/Vote" time="29.405" classname="Test Cases/Vote" status="PASSED">
         <system-out><![CDATA[2022-07-19 07:04:20 - [TEST_CASE][PASSED] - Test Cases/Vote: Test Cases/Vote

2022-07-19 07:04:20 - [TEST_STEP][PASSED] - openBrowser(""): Browser is opened with url: ''

2022-07-19 07:04:20 - [MESSAGE][INFO] - Starting 'Chrome' driver

2022-07-19 07:04:20 - [MESSAGE][INFO] - Action delay is set to 0 milliseconds

2022-07-19 07:04:21 - [MESSAGE][PASSED] - Browser is opened with url: ''

2022-07-19 07:04:21 - [TEST_STEP][PASSED] - navigateToUrl("https://lesechosdutouquet.nordlittoral.fr/147787/article/2022-06-30/concours-photo-montrez-nous-la-plus-belle-photo-de-votre-chien-en-promenade-sur#l5lb6r47qsmp9ur58y"): Navigate to 'https://lesechosdutouquet.nordlittoral.fr/147787/article/2022-06-30/concours-photo-montrez-nous-la-plus-belle-photo-de-votre-chien-en-promenade-sur#l5lb6r47qsmp9ur58y' successfully

2022-07-19 07:04:23 - [MESSAGE][PASSED] - Navigate to 'https://lesechosdutouquet.nordlittoral.fr/147787/article/2022-06-30/concours-photo-montrez-nous-la-plus-belle-photo-de-votre-chien-en-promenade-sur#l5lb6r47qsmp9ur58y' successfully

2022-07-19 07:04:23 - [TEST_STEP][PASSED] - setViewPortSize(1920, 1080): Viewport is set to new size with width = 1920 and height = 1080

2022-07-19 07:04:23 - [MESSAGE][PASSED] - Viewport is set to new size with width = 1920 and height = 1080

2022-07-19 07:04:23 - [TEST_STEP][PASSED] - click(findTestObject("Object Repository/Page_Concours photo  votez pour la plus bel_494087/button_Accepter  Fermer")): Object: 'Object Repository/Page_Concours photo  votez pour la plus bel_494087/button_Accepter  Fermer' is clicked on

2022-07-19 07:04:24 - [MESSAGE][PASSED] - Object: 'Object Repository/Page_Concours photo  votez pour la plus bel_494087/button_Accepter  Fermer' is clicked on

2022-07-19 07:04:24 - [TEST_STEP][PASSED] - delay(12): Delayed 12 second(s)

2022-07-19 07:04:36 - [MESSAGE][PASSED] - Delayed 12 second(s)

2022-07-19 07:04:36 - [TEST_STEP][PASSED] - click(findTestObject("Object Repository/Page_Concours photo  votez pour la plus bel_494087/a_X")): Object: 'Object Repository/Page_Concours photo  votez pour la plus bel_494087/a_X' is clicked on

2022-07-19 07:04:37 - [MESSAGE][PASSED] - Object: 'Object Repository/Page_Concours photo  votez pour la plus bel_494087/a_X' is clicked on

2022-07-19 07:04:37 - [TEST_STEP][PASSED] - delay(1): Delayed 1 second(s)

2022-07-19 07:04:38 - [MESSAGE][PASSED] - Delayed 1 second(s)

2022-07-19 07:04:38 - [TEST_STEP][PASSED] - click(findTestObject("Object Repository/Page_Concours photo  votez pour la plus bel_494087/input_concat(Votez pour le plus beau chien de la cte d, , Opale )_jouer")): Object: 'Object Repository/Page_Concours photo  votez pour la plus bel_494087/input_concat(Votez pour le plus beau chien de la cte d, , Opale )_jouer' is clicked on

2022-07-19 07:04:39 - [MESSAGE][PASSED] - Object: 'Object Repository/Page_Concours photo  votez pour la plus bel_494087/input_concat(Votez pour le plus beau chien de la cte d, , Opale )_jouer' is clicked on

2022-07-19 07:04:39 - [TEST_STEP][PASSED] - if (verifyElementPresent(findTestObject("Page_Concours photo  votez pour la plus bel_494087/input_concat(Votez pour le plus beau chien de la cte d, , Opale )_jouer"), 1, OPTIONAL)): null

2022-07-19 07:04:40 - [MESSAGE][PASSED] - Object 'Object Repository/Page_Concours photo  votez pour la plus bel_494087/input_concat(Votez pour le plus beau chien de la cte d, , Opale )_jouer' is present

2022-07-19 07:04:40 - [TEST_STEP][PASSED] - click(findTestObject("Object Repository/Page_Concours photo  votez pour la plus bel_494087/input_concat(Votez pour le plus beau chien de la cte d, , Opale )_jouer")): Object: 'Object Repository/Page_Concours photo  votez pour la plus bel_494087/input_concat(Votez pour le plus beau chien de la cte d, , Opale )_jouer' is clicked on

2022-07-19 07:04:41 - [MESSAGE][PASSED] - Object: 'Object Repository/Page_Concours photo  votez pour la plus bel_494087/input_concat(Votez pour le plus beau chien de la cte d, , Opale )_jouer' is clicked on

2022-07-19 07:04:41 - [TEST_STEP][PASSED] - delay(1): Delayed 1 second(s)

2022-07-19 07:04:42 - [MESSAGE][PASSED] - Delayed 1 second(s)

2022-07-19 07:04:42 - [TEST_STEP][PASSED] - setText(findTestObject("Object Repository/Page_Concours photo  votez pour la plus bel_494087/input_trie par_keyword"), "Gaspard"): Text 'Gaspard' is set on object 'Object Repository/Page_Concours photo  votez pour la plus bel_494087/input_trie par_keyword'

2022-07-19 07:04:44 - [MESSAGE][PASSED] - Text 'Gaspard' is set on object 'Object Repository/Page_Concours photo  votez pour la plus bel_494087/input_trie par_keyword'

2022-07-19 07:04:44 - [TEST_STEP][PASSED] - sendKeys(findTestObject("Page_Concours photo  votez pour la plus bel_494087/input_trie par_keyword"), Keys.chord(ENTER)): Keys 'ENTER + ' sent to object: 'Object Repository/Page_Concours photo  votez pour la plus bel_494087/input_trie par_keyword'

2022-07-19 07:04:44 - [MESSAGE][PASSED] - Keys 'ENTER + ' sent to object: 'Object Repository/Page_Concours photo  votez pour la plus bel_494087/input_trie par_keyword'

2022-07-19 07:04:44 - [TEST_STEP][PASSED] - click(findTestObject("Page_Concours photo  votez pour la plus bel_494087/tri")): Object: 'Object Repository/Page_Concours photo  votez pour la plus bel_494087/tri' is clicked on

2022-07-19 07:04:45 - [MESSAGE][PASSED] - Object: 'Object Repository/Page_Concours photo  votez pour la plus bel_494087/tri' is clicked on

2022-07-19 07:04:45 - [TEST_STEP][PASSED] - click(findTestObject("Page_Concours photo  votez pour la plus bel_494087/plus de votes")): Object: 'Object Repository/Page_Concours photo  votez pour la plus bel_494087/plus de votes' is clicked on

2022-07-19 07:04:46 - [MESSAGE][PASSED] - Object: 'Object Repository/Page_Concours photo  votez pour la plus bel_494087/plus de votes' is clicked on

2022-07-19 07:04:47 - [TEST_STEP][PASSED] - click(findTestObject("Object Repository/Page_Concours photo  votez pour la plus bel_494087/i_Votes_fa fa-heart")): Object: 'Object Repository/Page_Concours photo  votez pour la plus bel_494087/i_Votes_fa fa-heart' is clicked on

2022-07-19 07:04:48 - [MESSAGE][PASSED] - Object: 'Object Repository/Page_Concours photo  votez pour la plus bel_494087/i_Votes_fa fa-heart' is clicked on

2022-07-19 07:04:48 - [TEST_STEP][PASSED] - delay(1): Delayed 1 second(s)

2022-07-19 07:04:49 - [MESSAGE][PASSED] - Delayed 1 second(s)

2022-07-19 07:04:49 - [TEST_STEP][PASSED] - closeBrowser(): Browser is closed

2022-07-19 07:04:49 - [MESSAGE][PASSED] - Browser is closed]]></system-out>
         <system-err><![CDATA[]]></system-err>
      </testcase>
      <testcase name="Test Cases/Vote" time="30.457" classname="Test Cases/Vote" status="PASSED">
         <system-out><![CDATA[2022-07-19 07:04:49 - [TEST_CASE][PASSED] - Test Cases/Vote: Test Cases/Vote

2022-07-19 07:04:49 - [TEST_STEP][PASSED] - openBrowser(""): Browser is opened with url: ''

2022-07-19 07:04:49 - [MESSAGE][INFO] - Starting 'Chrome' driver

2022-07-19 07:04:49 - [MESSAGE][INFO] - Action delay is set to 0 milliseconds

2022-07-19 07:04:50 - [MESSAGE][PASSED] - Browser is opened with url: ''

2022-07-19 07:04:50 - [TEST_STEP][PASSED] - navigateToUrl("https://lesechosdutouquet.nordlittoral.fr/147787/article/2022-06-30/concours-photo-montrez-nous-la-plus-belle-photo-de-votre-chien-en-promenade-sur#l5lb6r47qsmp9ur58y"): Navigate to 'https://lesechosdutouquet.nordlittoral.fr/147787/article/2022-06-30/concours-photo-montrez-nous-la-plus-belle-photo-de-votre-chien-en-promenade-sur#l5lb6r47qsmp9ur58y' successfully

2022-07-19 07:04:53 - [MESSAGE][PASSED] - Navigate to 'https://lesechosdutouquet.nordlittoral.fr/147787/article/2022-06-30/concours-photo-montrez-nous-la-plus-belle-photo-de-votre-chien-en-promenade-sur#l5lb6r47qsmp9ur58y' successfully

2022-07-19 07:04:53 - [TEST_STEP][PASSED] - setViewPortSize(1920, 1080): Viewport is set to new size with width = 1920 and height = 1080

2022-07-19 07:04:53 - [MESSAGE][PASSED] - Viewport is set to new size with width = 1920 and height = 1080

2022-07-19 07:04:53 - [TEST_STEP][PASSED] - click(findTestObject("Object Repository/Page_Concours photo  votez pour la plus bel_494087/button_Accepter  Fermer")): Object: 'Object Repository/Page_Concours photo  votez pour la plus bel_494087/button_Accepter  Fermer' is clicked on

2022-07-19 07:04:54 - [MESSAGE][PASSED] - Object: 'Object Repository/Page_Concours photo  votez pour la plus bel_494087/button_Accepter  Fermer' is clicked on

2022-07-19 07:04:54 - [TEST_STEP][PASSED] - delay(12): Delayed 12 second(s)

2022-07-19 07:05:06 - [MESSAGE][PASSED] - Delayed 12 second(s)

2022-07-19 07:05:06 - [TEST_STEP][PASSED] - click(findTestObject("Object Repository/Page_Concours photo  votez pour la plus bel_494087/a_X")): Object: 'Object Repository/Page_Concours photo  votez pour la plus bel_494087/a_X' is clicked on

2022-07-19 07:05:07 - [MESSAGE][PASSED] - Object: 'Object Repository/Page_Concours photo  votez pour la plus bel_494087/a_X' is clicked on

2022-07-19 07:05:07 - [TEST_STEP][PASSED] - delay(1): Delayed 1 second(s)

2022-07-19 07:05:08 - [MESSAGE][PASSED] - Delayed 1 second(s)

2022-07-19 07:05:08 - [TEST_STEP][PASSED] - click(findTestObject("Object Repository/Page_Concours photo  votez pour la plus bel_494087/input_concat(Votez pour le plus beau chien de la cte d, , Opale )_jouer")): Object: 'Object Repository/Page_Concours photo  votez pour la plus bel_494087/input_concat(Votez pour le plus beau chien de la cte d, , Opale )_jouer' is clicked on

2022-07-19 07:05:08 - [MESSAGE][PASSED] - Object: 'Object Repository/Page_Concours photo  votez pour la plus bel_494087/input_concat(Votez pour le plus beau chien de la cte d, , Opale )_jouer' is clicked on

2022-07-19 07:05:09 - [TEST_STEP][PASSED] - if (verifyElementPresent(findTestObject("Page_Concours photo  votez pour la plus bel_494087/input_concat(Votez pour le plus beau chien de la cte d, , Opale )_jouer"), 1, OPTIONAL)): null

2022-07-19 07:05:10 - [MESSAGE][PASSED] - Object 'Object Repository/Page_Concours photo  votez pour la plus bel_494087/input_concat(Votez pour le plus beau chien de la cte d, , Opale )_jouer' is present

2022-07-19 07:05:10 - [TEST_STEP][PASSED] - click(findTestObject("Object Repository/Page_Concours photo  votez pour la plus bel_494087/input_concat(Votez pour le plus beau chien de la cte d, , Opale )_jouer")): Object: 'Object Repository/Page_Concours photo  votez pour la plus bel_494087/input_concat(Votez pour le plus beau chien de la cte d, , Opale )_jouer' is clicked on

2022-07-19 07:05:10 - [MESSAGE][PASSED] - Object: 'Object Repository/Page_Concours photo  votez pour la plus bel_494087/input_concat(Votez pour le plus beau chien de la cte d, , Opale )_jouer' is clicked on

2022-07-19 07:05:10 - [TEST_STEP][PASSED] - delay(1): Delayed 1 second(s)

2022-07-19 07:05:11 - [MESSAGE][PASSED] - Delayed 1 second(s)

2022-07-19 07:05:11 - [TEST_STEP][PASSED] - setText(findTestObject("Object Repository/Page_Concours photo  votez pour la plus bel_494087/input_trie par_keyword"), "Gaspard"): Text 'Gaspard' is set on object 'Object Repository/Page_Concours photo  votez pour la plus bel_494087/input_trie par_keyword'

2022-07-19 07:05:14 - [MESSAGE][PASSED] - Text 'Gaspard' is set on object 'Object Repository/Page_Concours photo  votez pour la plus bel_494087/input_trie par_keyword'

2022-07-19 07:05:14 - [TEST_STEP][PASSED] - sendKeys(findTestObject("Page_Concours photo  votez pour la plus bel_494087/input_trie par_keyword"), Keys.chord(ENTER)): Keys 'ENTER + ' sent to object: 'Object Repository/Page_Concours photo  votez pour la plus bel_494087/input_trie par_keyword'

2022-07-19 07:05:15 - [MESSAGE][PASSED] - Keys 'ENTER + ' sent to object: 'Object Repository/Page_Concours photo  votez pour la plus bel_494087/input_trie par_keyword'

2022-07-19 07:05:15 - [TEST_STEP][PASSED] - click(findTestObject("Page_Concours photo  votez pour la plus bel_494087/tri")): Object: 'Object Repository/Page_Concours photo  votez pour la plus bel_494087/tri' is clicked on

2022-07-19 07:05:16 - [MESSAGE][PASSED] - Object: 'Object Repository/Page_Concours photo  votez pour la plus bel_494087/tri' is clicked on

2022-07-19 07:05:16 - [TEST_STEP][PASSED] - click(findTestObject("Page_Concours photo  votez pour la plus bel_494087/plus de votes")): Object: 'Object Repository/Page_Concours photo  votez pour la plus bel_494087/plus de votes' is clicked on

2022-07-19 07:05:16 - [MESSAGE][PASSED] - Object: 'Object Repository/Page_Concours photo  votez pour la plus bel_494087/plus de votes' is clicked on

2022-07-19 07:05:18 - [TEST_STEP][PASSED] - click(findTestObject("Object Repository/Page_Concours photo  votez pour la plus bel_494087/i_Votes_fa fa-heart")): Object: 'Object Repository/Page_Concours photo  votez pour la plus bel_494087/i_Votes_fa fa-heart' is clicked on

2022-07-19 07:05:18 - [MESSAGE][PASSED] - Object: 'Object Repository/Page_Concours photo  votez pour la plus bel_494087/i_Votes_fa fa-heart' is clicked on

2022-07-19 07:05:18 - [TEST_STEP][PASSED] - delay(1): Delayed 1 second(s)

2022-07-19 07:05:19 - [MESSAGE][PASSED] - Delayed 1 second(s)

2022-07-19 07:05:19 - [TEST_STEP][PASSED] - closeBrowser(): Browser is closed

2022-07-19 07:05:19 - [MESSAGE][PASSED] - Browser is closed]]></system-out>
         <system-err><![CDATA[]]></system-err>
      </testcase>
      <testcase name="Test Cases/Vote" time="29.873" classname="Test Cases/Vote" status="PASSED">
         <system-out><![CDATA[2022-07-19 07:05:19 - [TEST_CASE][PASSED] - Test Cases/Vote: Test Cases/Vote

2022-07-19 07:05:19 - [TEST_STEP][PASSED] - openBrowser(""): Browser is opened with url: ''

2022-07-19 07:05:19 - [MESSAGE][INFO] - Starting 'Chrome' driver

2022-07-19 07:05:19 - [MESSAGE][INFO] - Action delay is set to 0 milliseconds

2022-07-19 07:05:21 - [MESSAGE][PASSED] - Browser is opened with url: ''

2022-07-19 07:05:21 - [TEST_STEP][PASSED] - navigateToUrl("https://lesechosdutouquet.nordlittoral.fr/147787/article/2022-06-30/concours-photo-montrez-nous-la-plus-belle-photo-de-votre-chien-en-promenade-sur#l5lb6r47qsmp9ur58y"): Navigate to 'https://lesechosdutouquet.nordlittoral.fr/147787/article/2022-06-30/concours-photo-montrez-nous-la-plus-belle-photo-de-votre-chien-en-promenade-sur#l5lb6r47qsmp9ur58y' successfully

2022-07-19 07:05:23 - [MESSAGE][PASSED] - Navigate to 'https://lesechosdutouquet.nordlittoral.fr/147787/article/2022-06-30/concours-photo-montrez-nous-la-plus-belle-photo-de-votre-chien-en-promenade-sur#l5lb6r47qsmp9ur58y' successfully

2022-07-19 07:05:23 - [TEST_STEP][PASSED] - setViewPortSize(1920, 1080): Viewport is set to new size with width = 1920 and height = 1080

2022-07-19 07:05:23 - [MESSAGE][PASSED] - Viewport is set to new size with width = 1920 and height = 1080

2022-07-19 07:05:23 - [TEST_STEP][PASSED] - click(findTestObject("Object Repository/Page_Concours photo  votez pour la plus bel_494087/button_Accepter  Fermer")): Object: 'Object Repository/Page_Concours photo  votez pour la plus bel_494087/button_Accepter  Fermer' is clicked on

2022-07-19 07:05:25 - [MESSAGE][PASSED] - Object: 'Object Repository/Page_Concours photo  votez pour la plus bel_494087/button_Accepter  Fermer' is clicked on

2022-07-19 07:05:25 - [TEST_STEP][PASSED] - delay(12): Delayed 12 second(s)

2022-07-19 07:05:37 - [MESSAGE][PASSED] - Delayed 12 second(s)

2022-07-19 07:05:37 - [TEST_STEP][PASSED] - click(findTestObject("Object Repository/Page_Concours photo  votez pour la plus bel_494087/a_X")): Object: 'Object Repository/Page_Concours photo  votez pour la plus bel_494087/a_X' is clicked on

2022-07-19 07:05:37 - [MESSAGE][PASSED] - Object: 'Object Repository/Page_Concours photo  votez pour la plus bel_494087/a_X' is clicked on

2022-07-19 07:05:37 - [TEST_STEP][PASSED] - delay(1): Delayed 1 second(s)

2022-07-19 07:05:38 - [MESSAGE][PASSED] - Delayed 1 second(s)

2022-07-19 07:05:38 - [TEST_STEP][PASSED] - click(findTestObject("Object Repository/Page_Concours photo  votez pour la plus bel_494087/input_concat(Votez pour le plus beau chien de la cte d, , Opale )_jouer")): Object: 'Object Repository/Page_Concours photo  votez pour la plus bel_494087/input_concat(Votez pour le plus beau chien de la cte d, , Opale )_jouer' is clicked on

2022-07-19 07:05:39 - [MESSAGE][PASSED] - Object: 'Object Repository/Page_Concours photo  votez pour la plus bel_494087/input_concat(Votez pour le plus beau chien de la cte d, , Opale )_jouer' is clicked on

2022-07-19 07:05:39 - [TEST_STEP][PASSED] - if (verifyElementPresent(findTestObject("Page_Concours photo  votez pour la plus bel_494087/input_concat(Votez pour le plus beau chien de la cte d, , Opale )_jouer"), 1, OPTIONAL)): null

2022-07-19 07:05:40 - [MESSAGE][PASSED] - Object 'Object Repository/Page_Concours photo  votez pour la plus bel_494087/input_concat(Votez pour le plus beau chien de la cte d, , Opale )_jouer' is present

2022-07-19 07:05:40 - [TEST_STEP][PASSED] - click(findTestObject("Object Repository/Page_Concours photo  votez pour la plus bel_494087/input_concat(Votez pour le plus beau chien de la cte d, , Opale )_jouer")): Object: 'Object Repository/Page_Concours photo  votez pour la plus bel_494087/input_concat(Votez pour le plus beau chien de la cte d, , Opale )_jouer' is clicked on

2022-07-19 07:05:41 - [MESSAGE][PASSED] - Object: 'Object Repository/Page_Concours photo  votez pour la plus bel_494087/input_concat(Votez pour le plus beau chien de la cte d, , Opale )_jouer' is clicked on

2022-07-19 07:05:41 - [TEST_STEP][PASSED] - delay(1): Delayed 1 second(s)

2022-07-19 07:05:42 - [MESSAGE][PASSED] - Delayed 1 second(s)

2022-07-19 07:05:42 - [TEST_STEP][PASSED] - setText(findTestObject("Object Repository/Page_Concours photo  votez pour la plus bel_494087/input_trie par_keyword"), "Gaspard"): Text 'Gaspard' is set on object 'Object Repository/Page_Concours photo  votez pour la plus bel_494087/input_trie par_keyword'

2022-07-19 07:05:43 - [MESSAGE][PASSED] - Text 'Gaspard' is set on object 'Object Repository/Page_Concours photo  votez pour la plus bel_494087/input_trie par_keyword'

2022-07-19 07:05:43 - [TEST_STEP][PASSED] - sendKeys(findTestObject("Page_Concours photo  votez pour la plus bel_494087/input_trie par_keyword"), Keys.chord(ENTER)): Keys 'ENTER + ' sent to object: 'Object Repository/Page_Concours photo  votez pour la plus bel_494087/input_trie par_keyword'

2022-07-19 07:05:44 - [MESSAGE][PASSED] - Keys 'ENTER + ' sent to object: 'Object Repository/Page_Concours photo  votez pour la plus bel_494087/input_trie par_keyword'

2022-07-19 07:05:44 - [TEST_STEP][PASSED] - click(findTestObject("Page_Concours photo  votez pour la plus bel_494087/tri")): Object: 'Object Repository/Page_Concours photo  votez pour la plus bel_494087/tri' is clicked on

2022-07-19 07:05:45 - [MESSAGE][PASSED] - Object: 'Object Repository/Page_Concours photo  votez pour la plus bel_494087/tri' is clicked on

2022-07-19 07:05:45 - [TEST_STEP][PASSED] - click(findTestObject("Page_Concours photo  votez pour la plus bel_494087/plus de votes")): Object: 'Object Repository/Page_Concours photo  votez pour la plus bel_494087/plus de votes' is clicked on

2022-07-19 07:05:46 - [MESSAGE][PASSED] - Object: 'Object Repository/Page_Concours photo  votez pour la plus bel_494087/plus de votes' is clicked on

2022-07-19 07:05:48 - [TEST_STEP][PASSED] - click(findTestObject("Object Repository/Page_Concours photo  votez pour la plus bel_494087/i_Votes_fa fa-heart")): Object: 'Object Repository/Page_Concours photo  votez pour la plus bel_494087/i_Votes_fa fa-heart' is clicked on

2022-07-19 07:05:48 - [MESSAGE][PASSED] - Object: 'Object Repository/Page_Concours photo  votez pour la plus bel_494087/i_Votes_fa fa-heart' is clicked on

2022-07-19 07:05:48 - [TEST_STEP][PASSED] - delay(1): Delayed 1 second(s)

2022-07-19 07:05:49 - [MESSAGE][PASSED] - Delayed 1 second(s)

2022-07-19 07:05:49 - [TEST_STEP][PASSED] - closeBrowser(): Browser is closed

2022-07-19 07:05:49 - [MESSAGE][PASSED] - Browser is closed]]></system-out>
         <system-err><![CDATA[]]></system-err>
      </testcase>
      <testcase name="Test Cases/Vote" time="31.665" classname="Test Cases/Vote" status="PASSED">
         <system-out><![CDATA[2022-07-19 07:05:49 - [TEST_CASE][PASSED] - Test Cases/Vote: Test Cases/Vote

2022-07-19 07:05:49 - [TEST_STEP][PASSED] - openBrowser(""): Browser is opened with url: ''

2022-07-19 07:05:49 - [MESSAGE][INFO] - Starting 'Chrome' driver

2022-07-19 07:05:49 - [MESSAGE][INFO] - Action delay is set to 0 milliseconds

2022-07-19 07:05:51 - [MESSAGE][PASSED] - Browser is opened with url: ''

2022-07-19 07:05:51 - [TEST_STEP][PASSED] - navigateToUrl("https://lesechosdutouquet.nordlittoral.fr/147787/article/2022-06-30/concours-photo-montrez-nous-la-plus-belle-photo-de-votre-chien-en-promenade-sur#l5lb6r47qsmp9ur58y"): Navigate to 'https://lesechosdutouquet.nordlittoral.fr/147787/article/2022-06-30/concours-photo-montrez-nous-la-plus-belle-photo-de-votre-chien-en-promenade-sur#l5lb6r47qsmp9ur58y' successfully

2022-07-19 07:05:54 - [MESSAGE][PASSED] - Navigate to 'https://lesechosdutouquet.nordlittoral.fr/147787/article/2022-06-30/concours-photo-montrez-nous-la-plus-belle-photo-de-votre-chien-en-promenade-sur#l5lb6r47qsmp9ur58y' successfully

2022-07-19 07:05:54 - [TEST_STEP][PASSED] - setViewPortSize(1920, 1080): Viewport is set to new size with width = 1920 and height = 1080

2022-07-19 07:05:54 - [MESSAGE][PASSED] - Viewport is set to new size with width = 1920 and height = 1080

2022-07-19 07:05:54 - [TEST_STEP][PASSED] - click(findTestObject("Object Repository/Page_Concours photo  votez pour la plus bel_494087/button_Accepter  Fermer")): Object: 'Object Repository/Page_Concours photo  votez pour la plus bel_494087/button_Accepter  Fermer' is clicked on

2022-07-19 07:05:56 - [MESSAGE][PASSED] - Object: 'Object Repository/Page_Concours photo  votez pour la plus bel_494087/button_Accepter  Fermer' is clicked on

2022-07-19 07:05:56 - [TEST_STEP][PASSED] - delay(12): Delayed 12 second(s)

2022-07-19 07:06:08 - [MESSAGE][PASSED] - Delayed 12 second(s)

2022-07-19 07:06:08 - [TEST_STEP][PASSED] - click(findTestObject("Object Repository/Page_Concours photo  votez pour la plus bel_494087/a_X")): Object: 'Object Repository/Page_Concours photo  votez pour la plus bel_494087/a_X' is clicked on

2022-07-19 07:06:08 - [MESSAGE][PASSED] - Object: 'Object Repository/Page_Concours photo  votez pour la plus bel_494087/a_X' is clicked on

2022-07-19 07:06:08 - [TEST_STEP][PASSED] - delay(1): Delayed 1 second(s)

2022-07-19 07:06:09 - [MESSAGE][PASSED] - Delayed 1 second(s)

2022-07-19 07:06:09 - [TEST_STEP][PASSED] - click(findTestObject("Object Repository/Page_Concours photo  votez pour la plus bel_494087/input_concat(Votez pour le plus beau chien de la cte d, , Opale )_jouer")): Object: 'Object Repository/Page_Concours photo  votez pour la plus bel_494087/input_concat(Votez pour le plus beau chien de la cte d, , Opale )_jouer' is clicked on

2022-07-19 07:06:10 - [MESSAGE][PASSED] - Object: 'Object Repository/Page_Concours photo  votez pour la plus bel_494087/input_concat(Votez pour le plus beau chien de la cte d, , Opale )_jouer' is clicked on

2022-07-19 07:06:10 - [TEST_STEP][PASSED] - if (verifyElementPresent(findTestObject("Page_Concours photo  votez pour la plus bel_494087/input_concat(Votez pour le plus beau chien de la cte d, , Opale )_jouer"), 1, OPTIONAL)): null

2022-07-19 07:06:11 - [MESSAGE][PASSED] - Object 'Object Repository/Page_Concours photo  votez pour la plus bel_494087/input_concat(Votez pour le plus beau chien de la cte d, , Opale )_jouer' is present

2022-07-19 07:06:11 - [TEST_STEP][PASSED] - click(findTestObject("Object Repository/Page_Concours photo  votez pour la plus bel_494087/input_concat(Votez pour le plus beau chien de la cte d, , Opale )_jouer")): Object: 'Object Repository/Page_Concours photo  votez pour la plus bel_494087/input_concat(Votez pour le plus beau chien de la cte d, , Opale )_jouer' is clicked on

2022-07-19 07:06:12 - [MESSAGE][PASSED] - Object: 'Object Repository/Page_Concours photo  votez pour la plus bel_494087/input_concat(Votez pour le plus beau chien de la cte d, , Opale )_jouer' is clicked on

2022-07-19 07:06:12 - [TEST_STEP][PASSED] - delay(1): Delayed 1 second(s)

2022-07-19 07:06:13 - [MESSAGE][PASSED] - Delayed 1 second(s)

2022-07-19 07:06:13 - [TEST_STEP][PASSED] - setText(findTestObject("Object Repository/Page_Concours photo  votez pour la plus bel_494087/input_trie par_keyword"), "Gaspard"): Text 'Gaspard' is set on object 'Object Repository/Page_Concours photo  votez pour la plus bel_494087/input_trie par_keyword'

2022-07-19 07:06:15 - [MESSAGE][PASSED] - Text 'Gaspard' is set on object 'Object Repository/Page_Concours photo  votez pour la plus bel_494087/input_trie par_keyword'

2022-07-19 07:06:15 - [TEST_STEP][PASSED] - sendKeys(findTestObject("Page_Concours photo  votez pour la plus bel_494087/input_trie par_keyword"), Keys.chord(ENTER)): Keys 'ENTER + ' sent to object: 'Object Repository/Page_Concours photo  votez pour la plus bel_494087/input_trie par_keyword'

2022-07-19 07:06:16 - [MESSAGE][PASSED] - Keys 'ENTER + ' sent to object: 'Object Repository/Page_Concours photo  votez pour la plus bel_494087/input_trie par_keyword'

2022-07-19 07:06:16 - [TEST_STEP][PASSED] - click(findTestObject("Page_Concours photo  votez pour la plus bel_494087/tri")): Object: 'Object Repository/Page_Concours photo  votez pour la plus bel_494087/tri' is clicked on

2022-07-19 07:06:18 - [MESSAGE][PASSED] - Object: 'Object Repository/Page_Concours photo  votez pour la plus bel_494087/tri' is clicked on

2022-07-19 07:06:18 - [TEST_STEP][PASSED] - click(findTestObject("Page_Concours photo  votez pour la plus bel_494087/plus de votes")): Object: 'Object Repository/Page_Concours photo  votez pour la plus bel_494087/plus de votes' is clicked on

2022-07-19 07:06:18 - [MESSAGE][PASSED] - Object: 'Object Repository/Page_Concours photo  votez pour la plus bel_494087/plus de votes' is clicked on

2022-07-19 07:06:19 - [TEST_STEP][PASSED] - click(findTestObject("Object Repository/Page_Concours photo  votez pour la plus bel_494087/i_Votes_fa fa-heart")): Object: 'Object Repository/Page_Concours photo  votez pour la plus bel_494087/i_Votes_fa fa-heart' is clicked on

2022-07-19 07:06:20 - [MESSAGE][PASSED] - Object: 'Object Repository/Page_Concours photo  votez pour la plus bel_494087/i_Votes_fa fa-heart' is clicked on

2022-07-19 07:06:20 - [TEST_STEP][PASSED] - delay(1): Delayed 1 second(s)

2022-07-19 07:06:21 - [MESSAGE][PASSED] - Delayed 1 second(s)

2022-07-19 07:06:21 - [TEST_STEP][PASSED] - closeBrowser(): Browser is closed

2022-07-19 07:06:21 - [MESSAGE][PASSED] - Browser is closed]]></system-out>
         <system-err><![CDATA[]]></system-err>
      </testcase>
      <testcase name="Test Cases/Vote" time="30.713" classname="Test Cases/Vote" status="PASSED">
         <system-out><![CDATA[2022-07-19 07:06:21 - [TEST_CASE][PASSED] - Test Cases/Vote: Test Cases/Vote

2022-07-19 07:06:21 - [TEST_STEP][PASSED] - openBrowser(""): Browser is opened with url: ''

2022-07-19 07:06:21 - [MESSAGE][INFO] - Starting 'Chrome' driver

2022-07-19 07:06:21 - [MESSAGE][INFO] - Action delay is set to 0 milliseconds

2022-07-19 07:06:22 - [MESSAGE][PASSED] - Browser is opened with url: ''

2022-07-19 07:06:22 - [TEST_STEP][PASSED] - navigateToUrl("https://lesechosdutouquet.nordlittoral.fr/147787/article/2022-06-30/concours-photo-montrez-nous-la-plus-belle-photo-de-votre-chien-en-promenade-sur#l5lb6r47qsmp9ur58y"): Navigate to 'https://lesechosdutouquet.nordlittoral.fr/147787/article/2022-06-30/concours-photo-montrez-nous-la-plus-belle-photo-de-votre-chien-en-promenade-sur#l5lb6r47qsmp9ur58y' successfully

2022-07-19 07:06:25 - [MESSAGE][PASSED] - Navigate to 'https://lesechosdutouquet.nordlittoral.fr/147787/article/2022-06-30/concours-photo-montrez-nous-la-plus-belle-photo-de-votre-chien-en-promenade-sur#l5lb6r47qsmp9ur58y' successfully

2022-07-19 07:06:25 - [TEST_STEP][PASSED] - setViewPortSize(1920, 1080): Viewport is set to new size with width = 1920 and height = 1080

2022-07-19 07:06:25 - [MESSAGE][PASSED] - Viewport is set to new size with width = 1920 and height = 1080

2022-07-19 07:06:25 - [TEST_STEP][PASSED] - click(findTestObject("Object Repository/Page_Concours photo  votez pour la plus bel_494087/button_Accepter  Fermer")): Object: 'Object Repository/Page_Concours photo  votez pour la plus bel_494087/button_Accepter  Fermer' is clicked on

2022-07-19 07:06:26 - [MESSAGE][PASSED] - Object: 'Object Repository/Page_Concours photo  votez pour la plus bel_494087/button_Accepter  Fermer' is clicked on

2022-07-19 07:06:26 - [TEST_STEP][PASSED] - delay(12): Delayed 12 second(s)

2022-07-19 07:06:38 - [MESSAGE][PASSED] - Delayed 12 second(s)

2022-07-19 07:06:38 - [TEST_STEP][PASSED] - click(findTestObject("Object Repository/Page_Concours photo  votez pour la plus bel_494087/a_X")): Object: 'Object Repository/Page_Concours photo  votez pour la plus bel_494087/a_X' is clicked on

2022-07-19 07:06:38 - [MESSAGE][PASSED] - Object: 'Object Repository/Page_Concours photo  votez pour la plus bel_494087/a_X' is clicked on

2022-07-19 07:06:38 - [TEST_STEP][PASSED] - delay(1): Delayed 1 second(s)

2022-07-19 07:06:39 - [MESSAGE][PASSED] - Delayed 1 second(s)

2022-07-19 07:06:39 - [TEST_STEP][PASSED] - click(findTestObject("Object Repository/Page_Concours photo  votez pour la plus bel_494087/input_concat(Votez pour le plus beau chien de la cte d, , Opale )_jouer")): Object: 'Object Repository/Page_Concours photo  votez pour la plus bel_494087/input_concat(Votez pour le plus beau chien de la cte d, , Opale )_jouer' is clicked on

2022-07-19 07:06:40 - [MESSAGE][PASSED] - Object: 'Object Repository/Page_Concours photo  votez pour la plus bel_494087/input_concat(Votez pour le plus beau chien de la cte d, , Opale )_jouer' is clicked on

2022-07-19 07:06:40 - [TEST_STEP][PASSED] - if (verifyElementPresent(findTestObject("Page_Concours photo  votez pour la plus bel_494087/input_concat(Votez pour le plus beau chien de la cte d, , Opale )_jouer"), 1, OPTIONAL)): null

2022-07-19 07:06:41 - [MESSAGE][PASSED] - Object 'Object Repository/Page_Concours photo  votez pour la plus bel_494087/input_concat(Votez pour le plus beau chien de la cte d, , Opale )_jouer' is present

2022-07-19 07:06:42 - [TEST_STEP][PASSED] - click(findTestObject("Object Repository/Page_Concours photo  votez pour la plus bel_494087/input_concat(Votez pour le plus beau chien de la cte d, , Opale )_jouer")): Object: 'Object Repository/Page_Concours photo  votez pour la plus bel_494087/input_concat(Votez pour le plus beau chien de la cte d, , Opale )_jouer' is clicked on

2022-07-19 07:06:42 - [MESSAGE][PASSED] - Object: 'Object Repository/Page_Concours photo  votez pour la plus bel_494087/input_concat(Votez pour le plus beau chien de la cte d, , Opale )_jouer' is clicked on

2022-07-19 07:06:42 - [TEST_STEP][PASSED] - delay(1): Delayed 1 second(s)

2022-07-19 07:06:43 - [MESSAGE][PASSED] - Delayed 1 second(s)

2022-07-19 07:06:43 - [TEST_STEP][PASSED] - setText(findTestObject("Object Repository/Page_Concours photo  votez pour la plus bel_494087/input_trie par_keyword"), "Gaspard"): Text 'Gaspard' is set on object 'Object Repository/Page_Concours photo  votez pour la plus bel_494087/input_trie par_keyword'

2022-07-19 07:06:45 - [MESSAGE][PASSED] - Text 'Gaspard' is set on object 'Object Repository/Page_Concours photo  votez pour la plus bel_494087/input_trie par_keyword'

2022-07-19 07:06:45 - [TEST_STEP][PASSED] - sendKeys(findTestObject("Page_Concours photo  votez pour la plus bel_494087/input_trie par_keyword"), Keys.chord(ENTER)): Keys 'ENTER + ' sent to object: 'Object Repository/Page_Concours photo  votez pour la plus bel_494087/input_trie par_keyword'

2022-07-19 07:06:46 - [MESSAGE][PASSED] - Keys 'ENTER + ' sent to object: 'Object Repository/Page_Concours photo  votez pour la plus bel_494087/input_trie par_keyword'

2022-07-19 07:06:46 - [TEST_STEP][PASSED] - click(findTestObject("Page_Concours photo  votez pour la plus bel_494087/tri")): Object: 'Object Repository/Page_Concours photo  votez pour la plus bel_494087/tri' is clicked on

2022-07-19 07:06:48 - [MESSAGE][PASSED] - Object: 'Object Repository/Page_Concours photo  votez pour la plus bel_494087/tri' is clicked on

2022-07-19 07:06:48 - [TEST_STEP][PASSED] - click(findTestObject("Page_Concours photo  votez pour la plus bel_494087/plus de votes")): Object: 'Object Repository/Page_Concours photo  votez pour la plus bel_494087/plus de votes' is clicked on

2022-07-19 07:06:48 - [MESSAGE][PASSED] - Object: 'Object Repository/Page_Concours photo  votez pour la plus bel_494087/plus de votes' is clicked on

2022-07-19 07:06:50 - [TEST_STEP][PASSED] - click(findTestObject("Object Repository/Page_Concours photo  votez pour la plus bel_494087/i_Votes_fa fa-heart")): Object: 'Object Repository/Page_Concours photo  votez pour la plus bel_494087/i_Votes_fa fa-heart' is clicked on

2022-07-19 07:06:50 - [MESSAGE][PASSED] - Object: 'Object Repository/Page_Concours photo  votez pour la plus bel_494087/i_Votes_fa fa-heart' is clicked on

2022-07-19 07:06:50 - [TEST_STEP][PASSED] - delay(1): Delayed 1 second(s)

2022-07-19 07:06:51 - [MESSAGE][PASSED] - Delayed 1 second(s)

2022-07-19 07:06:51 - [TEST_STEP][PASSED] - closeBrowser(): Browser is closed

2022-07-19 07:06:52 - [MESSAGE][PASSED] - Browser is closed]]></system-out>
         <system-err><![CDATA[]]></system-err>
      </testcase>
      <testcase name="Test Cases/Vote" time="30.69" classname="Test Cases/Vote" status="PASSED">
         <system-out><![CDATA[2022-07-19 07:06:52 - [TEST_CASE][PASSED] - Test Cases/Vote: Test Cases/Vote

2022-07-19 07:06:52 - [TEST_STEP][PASSED] - openBrowser(""): Browser is opened with url: ''

2022-07-19 07:06:52 - [MESSAGE][INFO] - Starting 'Chrome' driver

2022-07-19 07:06:52 - [MESSAGE][INFO] - Action delay is set to 0 milliseconds

2022-07-19 07:06:53 - [MESSAGE][PASSED] - Browser is opened with url: ''

2022-07-19 07:06:53 - [TEST_STEP][PASSED] - navigateToUrl("https://lesechosdutouquet.nordlittoral.fr/147787/article/2022-06-30/concours-photo-montrez-nous-la-plus-belle-photo-de-votre-chien-en-promenade-sur#l5lb6r47qsmp9ur58y"): Navigate to 'https://lesechosdutouquet.nordlittoral.fr/147787/article/2022-06-30/concours-photo-montrez-nous-la-plus-belle-photo-de-votre-chien-en-promenade-sur#l5lb6r47qsmp9ur58y' successfully

2022-07-19 07:06:55 - [MESSAGE][PASSED] - Navigate to 'https://lesechosdutouquet.nordlittoral.fr/147787/article/2022-06-30/concours-photo-montrez-nous-la-plus-belle-photo-de-votre-chien-en-promenade-sur#l5lb6r47qsmp9ur58y' successfully

2022-07-19 07:06:55 - [TEST_STEP][PASSED] - setViewPortSize(1920, 1080): Viewport is set to new size with width = 1920 and height = 1080

2022-07-19 07:06:56 - [MESSAGE][PASSED] - Viewport is set to new size with width = 1920 and height = 1080

2022-07-19 07:06:56 - [TEST_STEP][PASSED] - click(findTestObject("Object Repository/Page_Concours photo  votez pour la plus bel_494087/button_Accepter  Fermer")): Object: 'Object Repository/Page_Concours photo  votez pour la plus bel_494087/button_Accepter  Fermer' is clicked on

2022-07-19 07:06:57 - [MESSAGE][PASSED] - Object: 'Object Repository/Page_Concours photo  votez pour la plus bel_494087/button_Accepter  Fermer' is clicked on

2022-07-19 07:06:57 - [TEST_STEP][PASSED] - delay(12): Delayed 12 second(s)

2022-07-19 07:07:09 - [MESSAGE][PASSED] - Delayed 12 second(s)

2022-07-19 07:07:09 - [TEST_STEP][PASSED] - click(findTestObject("Object Repository/Page_Concours photo  votez pour la plus bel_494087/a_X")): Object: 'Object Repository/Page_Concours photo  votez pour la plus bel_494087/a_X' is clicked on

2022-07-19 07:07:09 - [MESSAGE][PASSED] - Object: 'Object Repository/Page_Concours photo  votez pour la plus bel_494087/a_X' is clicked on

2022-07-19 07:07:09 - [TEST_STEP][PASSED] - delay(1): Delayed 1 second(s)

2022-07-19 07:07:10 - [MESSAGE][PASSED] - Delayed 1 second(s)

2022-07-19 07:07:10 - [TEST_STEP][PASSED] - click(findTestObject("Object Repository/Page_Concours photo  votez pour la plus bel_494087/input_concat(Votez pour le plus beau chien de la cte d, , Opale )_jouer")): Object: 'Object Repository/Page_Concours photo  votez pour la plus bel_494087/input_concat(Votez pour le plus beau chien de la cte d, , Opale )_jouer' is clicked on

2022-07-19 07:07:11 - [MESSAGE][PASSED] - Object: 'Object Repository/Page_Concours photo  votez pour la plus bel_494087/input_concat(Votez pour le plus beau chien de la cte d, , Opale )_jouer' is clicked on

2022-07-19 07:07:11 - [TEST_STEP][PASSED] - if (verifyElementPresent(findTestObject("Page_Concours photo  votez pour la plus bel_494087/input_concat(Votez pour le plus beau chien de la cte d, , Opale )_jouer"), 1, OPTIONAL)): null

2022-07-19 07:07:12 - [MESSAGE][PASSED] - Object 'Object Repository/Page_Concours photo  votez pour la plus bel_494087/input_concat(Votez pour le plus beau chien de la cte d, , Opale )_jouer' is present

2022-07-19 07:07:12 - [TEST_STEP][PASSED] - click(findTestObject("Object Repository/Page_Concours photo  votez pour la plus bel_494087/input_concat(Votez pour le plus beau chien de la cte d, , Opale )_jouer")): Object: 'Object Repository/Page_Concours photo  votez pour la plus bel_494087/input_concat(Votez pour le plus beau chien de la cte d, , Opale )_jouer' is clicked on

2022-07-19 07:07:13 - [MESSAGE][PASSED] - Object: 'Object Repository/Page_Concours photo  votez pour la plus bel_494087/input_concat(Votez pour le plus beau chien de la cte d, , Opale )_jouer' is clicked on

2022-07-19 07:07:13 - [TEST_STEP][PASSED] - delay(1): Delayed 1 second(s)

2022-07-19 07:07:14 - [MESSAGE][PASSED] - Delayed 1 second(s)

2022-07-19 07:07:14 - [TEST_STEP][PASSED] - setText(findTestObject("Object Repository/Page_Concours photo  votez pour la plus bel_494087/input_trie par_keyword"), "Gaspard"): Text 'Gaspard' is set on object 'Object Repository/Page_Concours photo  votez pour la plus bel_494087/input_trie par_keyword'

2022-07-19 07:07:17 - [MESSAGE][PASSED] - Text 'Gaspard' is set on object 'Object Repository/Page_Concours photo  votez pour la plus bel_494087/input_trie par_keyword'

2022-07-19 07:07:17 - [TEST_STEP][PASSED] - sendKeys(findTestObject("Page_Concours photo  votez pour la plus bel_494087/input_trie par_keyword"), Keys.chord(ENTER)): Keys 'ENTER + ' sent to object: 'Object Repository/Page_Concours photo  votez pour la plus bel_494087/input_trie par_keyword'

2022-07-19 07:07:17 - [MESSAGE][PASSED] - Keys 'ENTER + ' sent to object: 'Object Repository/Page_Concours photo  votez pour la plus bel_494087/input_trie par_keyword'

2022-07-19 07:07:17 - [TEST_STEP][PASSED] - click(findTestObject("Page_Concours photo  votez pour la plus bel_494087/tri")): Object: 'Object Repository/Page_Concours photo  votez pour la plus bel_494087/tri' is clicked on

2022-07-19 07:07:19 - [MESSAGE][PASSED] - Object: 'Object Repository/Page_Concours photo  votez pour la plus bel_494087/tri' is clicked on

2022-07-19 07:07:19 - [TEST_STEP][PASSED] - click(findTestObject("Page_Concours photo  votez pour la plus bel_494087/plus de votes")): Object: 'Object Repository/Page_Concours photo  votez pour la plus bel_494087/plus de votes' is clicked on

2022-07-19 07:07:20 - [MESSAGE][PASSED] - Object: 'Object Repository/Page_Concours photo  votez pour la plus bel_494087/plus de votes' is clicked on

2022-07-19 07:07:21 - [TEST_STEP][PASSED] - click(findTestObject("Object Repository/Page_Concours photo  votez pour la plus bel_494087/i_Votes_fa fa-heart")): Object: 'Object Repository/Page_Concours photo  votez pour la plus bel_494087/i_Votes_fa fa-heart' is clicked on

2022-07-19 07:07:21 - [MESSAGE][PASSED] - Object: 'Object Repository/Page_Concours photo  votez pour la plus bel_494087/i_Votes_fa fa-heart' is clicked on

2022-07-19 07:07:21 - [TEST_STEP][PASSED] - delay(1): Delayed 1 second(s)

2022-07-19 07:07:22 - [MESSAGE][PASSED] - Delayed 1 second(s)

2022-07-19 07:07:22 - [TEST_STEP][PASSED] - closeBrowser(): Browser is closed

2022-07-19 07:07:22 - [MESSAGE][PASSED] - Browser is closed]]></system-out>
         <system-err><![CDATA[]]></system-err>
      </testcase>
      <testcase name="Test Cases/Vote" time="30.487" classname="Test Cases/Vote" status="PASSED">
         <system-out><![CDATA[2022-07-19 07:07:22 - [TEST_CASE][PASSED] - Test Cases/Vote: Test Cases/Vote

2022-07-19 07:07:22 - [TEST_STEP][PASSED] - openBrowser(""): Browser is opened with url: ''

2022-07-19 07:07:22 - [MESSAGE][INFO] - Starting 'Chrome' driver

2022-07-19 07:07:22 - [MESSAGE][INFO] - Action delay is set to 0 milliseconds

2022-07-19 07:07:23 - [MESSAGE][PASSED] - Browser is opened with url: ''

2022-07-19 07:07:23 - [TEST_STEP][PASSED] - navigateToUrl("https://lesechosdutouquet.nordlittoral.fr/147787/article/2022-06-30/concours-photo-montrez-nous-la-plus-belle-photo-de-votre-chien-en-promenade-sur#l5lb6r47qsmp9ur58y"): Navigate to 'https://lesechosdutouquet.nordlittoral.fr/147787/article/2022-06-30/concours-photo-montrez-nous-la-plus-belle-photo-de-votre-chien-en-promenade-sur#l5lb6r47qsmp9ur58y' successfully

2022-07-19 07:07:26 - [MESSAGE][PASSED] - Navigate to 'https://lesechosdutouquet.nordlittoral.fr/147787/article/2022-06-30/concours-photo-montrez-nous-la-plus-belle-photo-de-votre-chien-en-promenade-sur#l5lb6r47qsmp9ur58y' successfully

2022-07-19 07:07:26 - [TEST_STEP][PASSED] - setViewPortSize(1920, 1080): Viewport is set to new size with width = 1920 and height = 1080

2022-07-19 07:07:26 - [MESSAGE][PASSED] - Viewport is set to new size with width = 1920 and height = 1080

2022-07-19 07:07:26 - [TEST_STEP][PASSED] - click(findTestObject("Object Repository/Page_Concours photo  votez pour la plus bel_494087/button_Accepter  Fermer")): Object: 'Object Repository/Page_Concours photo  votez pour la plus bel_494087/button_Accepter  Fermer' is clicked on

2022-07-19 07:07:27 - [MESSAGE][PASSED] - Object: 'Object Repository/Page_Concours photo  votez pour la plus bel_494087/button_Accepter  Fermer' is clicked on

2022-07-19 07:07:27 - [TEST_STEP][PASSED] - delay(12): Delayed 12 second(s)

2022-07-19 07:07:39 - [MESSAGE][PASSED] - Delayed 12 second(s)

2022-07-19 07:07:39 - [TEST_STEP][PASSED] - click(findTestObject("Object Repository/Page_Concours photo  votez pour la plus bel_494087/a_X")): Object: 'Object Repository/Page_Concours photo  votez pour la plus bel_494087/a_X' is clicked on

2022-07-19 07:07:40 - [MESSAGE][PASSED] - Object: 'Object Repository/Page_Concours photo  votez pour la plus bel_494087/a_X' is clicked on

2022-07-19 07:07:40 - [TEST_STEP][PASSED] - delay(1): Delayed 1 second(s)

2022-07-19 07:07:41 - [MESSAGE][PASSED] - Delayed 1 second(s)

2022-07-19 07:07:41 - [TEST_STEP][PASSED] - click(findTestObject("Object Repository/Page_Concours photo  votez pour la plus bel_494087/input_concat(Votez pour le plus beau chien de la cte d, , Opale )_jouer")): Object: 'Object Repository/Page_Concours photo  votez pour la plus bel_494087/input_concat(Votez pour le plus beau chien de la cte d, , Opale )_jouer' is clicked on

2022-07-19 07:07:41 - [MESSAGE][PASSED] - Object: 'Object Repository/Page_Concours photo  votez pour la plus bel_494087/input_concat(Votez pour le plus beau chien de la cte d, , Opale )_jouer' is clicked on

2022-07-19 07:07:41 - [TEST_STEP][PASSED] - if (verifyElementPresent(findTestObject("Page_Concours photo  votez pour la plus bel_494087/input_concat(Votez pour le plus beau chien de la cte d, , Opale )_jouer"), 1, OPTIONAL)): null

2022-07-19 07:07:43 - [MESSAGE][PASSED] - Object 'Object Repository/Page_Concours photo  votez pour la plus bel_494087/input_concat(Votez pour le plus beau chien de la cte d, , Opale )_jouer' is present

2022-07-19 07:07:43 - [TEST_STEP][PASSED] - click(findTestObject("Object Repository/Page_Concours photo  votez pour la plus bel_494087/input_concat(Votez pour le plus beau chien de la cte d, , Opale )_jouer")): Object: 'Object Repository/Page_Concours photo  votez pour la plus bel_494087/input_concat(Votez pour le plus beau chien de la cte d, , Opale )_jouer' is clicked on

2022-07-19 07:07:43 - [MESSAGE][PASSED] - Object: 'Object Repository/Page_Concours photo  votez pour la plus bel_494087/input_concat(Votez pour le plus beau chien de la cte d, , Opale )_jouer' is clicked on

2022-07-19 07:07:43 - [TEST_STEP][PASSED] - delay(1): Delayed 1 second(s)

2022-07-19 07:07:44 - [MESSAGE][PASSED] - Delayed 1 second(s)

2022-07-19 07:07:44 - [TEST_STEP][PASSED] - setText(findTestObject("Object Repository/Page_Concours photo  votez pour la plus bel_494087/input_trie par_keyword"), "Gaspard"): Text 'Gaspard' is set on object 'Object Repository/Page_Concours photo  votez pour la plus bel_494087/input_trie par_keyword'

2022-07-19 07:07:47 - [MESSAGE][PASSED] - Text 'Gaspard' is set on object 'Object Repository/Page_Concours photo  votez pour la plus bel_494087/input_trie par_keyword'

2022-07-19 07:07:47 - [TEST_STEP][PASSED] - sendKeys(findTestObject("Page_Concours photo  votez pour la plus bel_494087/input_trie par_keyword"), Keys.chord(ENTER)): Keys 'ENTER + ' sent to object: 'Object Repository/Page_Concours photo  votez pour la plus bel_494087/input_trie par_keyword'

2022-07-19 07:07:48 - [MESSAGE][PASSED] - Keys 'ENTER + ' sent to object: 'Object Repository/Page_Concours photo  votez pour la plus bel_494087/input_trie par_keyword'

2022-07-19 07:07:48 - [TEST_STEP][PASSED] - click(findTestObject("Page_Concours photo  votez pour la plus bel_494087/tri")): Object: 'Object Repository/Page_Concours photo  votez pour la plus bel_494087/tri' is clicked on

2022-07-19 07:07:49 - [MESSAGE][PASSED] - Object: 'Object Repository/Page_Concours photo  votez pour la plus bel_494087/tri' is clicked on

2022-07-19 07:07:49 - [TEST_STEP][PASSED] - click(findTestObject("Page_Concours photo  votez pour la plus bel_494087/plus de votes")): Object: 'Object Repository/Page_Concours photo  votez pour la plus bel_494087/plus de votes' is clicked on

2022-07-19 07:07:50 - [MESSAGE][PASSED] - Object: 'Object Repository/Page_Concours photo  votez pour la plus bel_494087/plus de votes' is clicked on

2022-07-19 07:07:51 - [TEST_STEP][PASSED] - click(findTestObject("Object Repository/Page_Concours photo  votez pour la plus bel_494087/i_Votes_fa fa-heart")): Object: 'Object Repository/Page_Concours photo  votez pour la plus bel_494087/i_Votes_fa fa-heart' is clicked on

2022-07-19 07:07:51 - [MESSAGE][PASSED] - Object: 'Object Repository/Page_Concours photo  votez pour la plus bel_494087/i_Votes_fa fa-heart' is clicked on

2022-07-19 07:07:51 - [TEST_STEP][PASSED] - delay(1): Delayed 1 second(s)

2022-07-19 07:07:52 - [MESSAGE][PASSED] - Delayed 1 second(s)

2022-07-19 07:07:53 - [TEST_STEP][PASSED] - closeBrowser(): Browser is closed

2022-07-19 07:07:53 - [MESSAGE][PASSED] - Browser is closed]]></system-out>
         <system-err><![CDATA[]]></system-err>
      </testcase>
      <testcase name="Test Cases/Vote" time="29.901" classname="Test Cases/Vote" status="PASSED">
         <system-out><![CDATA[2022-07-19 07:07:53 - [TEST_CASE][PASSED] - Test Cases/Vote: Test Cases/Vote

2022-07-19 07:07:53 - [TEST_STEP][PASSED] - openBrowser(""): Browser is opened with url: ''

2022-07-19 07:07:53 - [MESSAGE][INFO] - Starting 'Chrome' driver

2022-07-19 07:07:53 - [MESSAGE][INFO] - Action delay is set to 0 milliseconds

2022-07-19 07:07:54 - [MESSAGE][PASSED] - Browser is opened with url: ''

2022-07-19 07:07:54 - [TEST_STEP][PASSED] - navigateToUrl("https://lesechosdutouquet.nordlittoral.fr/147787/article/2022-06-30/concours-photo-montrez-nous-la-plus-belle-photo-de-votre-chien-en-promenade-sur#l5lb6r47qsmp9ur58y"): Navigate to 'https://lesechosdutouquet.nordlittoral.fr/147787/article/2022-06-30/concours-photo-montrez-nous-la-plus-belle-photo-de-votre-chien-en-promenade-sur#l5lb6r47qsmp9ur58y' successfully

2022-07-19 07:07:57 - [MESSAGE][PASSED] - Navigate to 'https://lesechosdutouquet.nordlittoral.fr/147787/article/2022-06-30/concours-photo-montrez-nous-la-plus-belle-photo-de-votre-chien-en-promenade-sur#l5lb6r47qsmp9ur58y' successfully

2022-07-19 07:07:57 - [TEST_STEP][PASSED] - setViewPortSize(1920, 1080): Viewport is set to new size with width = 1920 and height = 1080

2022-07-19 07:07:57 - [MESSAGE][PASSED] - Viewport is set to new size with width = 1920 and height = 1080

2022-07-19 07:07:57 - [TEST_STEP][PASSED] - click(findTestObject("Object Repository/Page_Concours photo  votez pour la plus bel_494087/button_Accepter  Fermer")): Object: 'Object Repository/Page_Concours photo  votez pour la plus bel_494087/button_Accepter  Fermer' is clicked on

2022-07-19 07:07:58 - [MESSAGE][PASSED] - Object: 'Object Repository/Page_Concours photo  votez pour la plus bel_494087/button_Accepter  Fermer' is clicked on

2022-07-19 07:07:58 - [TEST_STEP][PASSED] - delay(12): Delayed 12 second(s)

2022-07-19 07:08:10 - [MESSAGE][PASSED] - Delayed 12 second(s)

2022-07-19 07:08:10 - [TEST_STEP][PASSED] - click(findTestObject("Object Repository/Page_Concours photo  votez pour la plus bel_494087/a_X")): Object: 'Object Repository/Page_Concours photo  votez pour la plus bel_494087/a_X' is clicked on

2022-07-19 07:08:10 - [MESSAGE][PASSED] - Object: 'Object Repository/Page_Concours photo  votez pour la plus bel_494087/a_X' is clicked on

2022-07-19 07:08:10 - [TEST_STEP][PASSED] - delay(1): Delayed 1 second(s)

2022-07-19 07:08:11 - [MESSAGE][PASSED] - Delayed 1 second(s)

2022-07-19 07:08:11 - [TEST_STEP][PASSED] - click(findTestObject("Object Repository/Page_Concours photo  votez pour la plus bel_494087/input_concat(Votez pour le plus beau chien de la cte d, , Opale )_jouer")): Object: 'Object Repository/Page_Concours photo  votez pour la plus bel_494087/input_concat(Votez pour le plus beau chien de la cte d, , Opale )_jouer' is clicked on

2022-07-19 07:08:12 - [MESSAGE][PASSED] - Object: 'Object Repository/Page_Concours photo  votez pour la plus bel_494087/input_concat(Votez pour le plus beau chien de la cte d, , Opale )_jouer' is clicked on

2022-07-19 07:08:12 - [TEST_STEP][PASSED] - if (verifyElementPresent(findTestObject("Page_Concours photo  votez pour la plus bel_494087/input_concat(Votez pour le plus beau chien de la cte d, , Opale )_jouer"), 1, OPTIONAL)): null

2022-07-19 07:08:14 - [MESSAGE][PASSED] - Object 'Object Repository/Page_Concours photo  votez pour la plus bel_494087/input_concat(Votez pour le plus beau chien de la cte d, , Opale )_jouer' is present

2022-07-19 07:08:14 - [TEST_STEP][PASSED] - click(findTestObject("Object Repository/Page_Concours photo  votez pour la plus bel_494087/input_concat(Votez pour le plus beau chien de la cte d, , Opale )_jouer")): Object: 'Object Repository/Page_Concours photo  votez pour la plus bel_494087/input_concat(Votez pour le plus beau chien de la cte d, , Opale )_jouer' is clicked on

2022-07-19 07:08:14 - [MESSAGE][PASSED] - Object: 'Object Repository/Page_Concours photo  votez pour la plus bel_494087/input_concat(Votez pour le plus beau chien de la cte d, , Opale )_jouer' is clicked on

2022-07-19 07:08:14 - [TEST_STEP][PASSED] - delay(1): Delayed 1 second(s)

2022-07-19 07:08:15 - [MESSAGE][PASSED] - Delayed 1 second(s)

2022-07-19 07:08:15 - [TEST_STEP][PASSED] - setText(findTestObject("Object Repository/Page_Concours photo  votez pour la plus bel_494087/input_trie par_keyword"), "Gaspard"): Text 'Gaspard' is set on object 'Object Repository/Page_Concours photo  votez pour la plus bel_494087/input_trie par_keyword'

2022-07-19 07:08:17 - [MESSAGE][PASSED] - Text 'Gaspard' is set on object 'Object Repository/Page_Concours photo  votez pour la plus bel_494087/input_trie par_keyword'

2022-07-19 07:08:17 - [TEST_STEP][PASSED] - sendKeys(findTestObject("Page_Concours photo  votez pour la plus bel_494087/input_trie par_keyword"), Keys.chord(ENTER)): Keys 'ENTER + ' sent to object: 'Object Repository/Page_Concours photo  votez pour la plus bel_494087/input_trie par_keyword'

2022-07-19 07:08:18 - [MESSAGE][PASSED] - Keys 'ENTER + ' sent to object: 'Object Repository/Page_Concours photo  votez pour la plus bel_494087/input_trie par_keyword'

2022-07-19 07:08:18 - [TEST_STEP][PASSED] - click(findTestObject("Page_Concours photo  votez pour la plus bel_494087/tri")): Object: 'Object Repository/Page_Concours photo  votez pour la plus bel_494087/tri' is clicked on

2022-07-19 07:08:19 - [MESSAGE][PASSED] - Object: 'Object Repository/Page_Concours photo  votez pour la plus bel_494087/tri' is clicked on

2022-07-19 07:08:19 - [TEST_STEP][PASSED] - click(findTestObject("Page_Concours photo  votez pour la plus bel_494087/plus de votes")): Object: 'Object Repository/Page_Concours photo  votez pour la plus bel_494087/plus de votes' is clicked on

2022-07-19 07:08:21 - [MESSAGE][PASSED] - Object: 'Object Repository/Page_Concours photo  votez pour la plus bel_494087/plus de votes' is clicked on

2022-07-19 07:08:21 - [TEST_STEP][PASSED] - click(findTestObject("Object Repository/Page_Concours photo  votez pour la plus bel_494087/i_Votes_fa fa-heart")): Object: 'Object Repository/Page_Concours photo  votez pour la plus bel_494087/i_Votes_fa fa-heart' is clicked on

2022-07-19 07:08:21 - [MESSAGE][PASSED] - Object: 'Object Repository/Page_Concours photo  votez pour la plus bel_494087/i_Votes_fa fa-heart' is clicked on

2022-07-19 07:08:21 - [TEST_STEP][PASSED] - delay(1): Delayed 1 second(s)

2022-07-19 07:08:22 - [MESSAGE][PASSED] - Delayed 1 second(s)

2022-07-19 07:08:22 - [TEST_STEP][PASSED] - closeBrowser(): Browser is closed

2022-07-19 07:08:23 - [MESSAGE][PASSED] - Browser is closed]]></system-out>
         <system-err><![CDATA[]]></system-err>
      </testcase>
      <testcase name="Test Cases/Vote" time="32.186" classname="Test Cases/Vote" status="PASSED">
         <system-out><![CDATA[2022-07-19 07:08:23 - [TEST_CASE][PASSED] - Test Cases/Vote: Test Cases/Vote

2022-07-19 07:08:23 - [TEST_STEP][PASSED] - openBrowser(""): Browser is opened with url: ''

2022-07-19 07:08:23 - [MESSAGE][INFO] - Starting 'Chrome' driver

2022-07-19 07:08:23 - [MESSAGE][INFO] - Action delay is set to 0 milliseconds

2022-07-19 07:08:24 - [MESSAGE][PASSED] - Browser is opened with url: ''

2022-07-19 07:08:24 - [TEST_STEP][PASSED] - navigateToUrl("https://lesechosdutouquet.nordlittoral.fr/147787/article/2022-06-30/concours-photo-montrez-nous-la-plus-belle-photo-de-votre-chien-en-promenade-sur#l5lb6r47qsmp9ur58y"): Navigate to 'https://lesechosdutouquet.nordlittoral.fr/147787/article/2022-06-30/concours-photo-montrez-nous-la-plus-belle-photo-de-votre-chien-en-promenade-sur#l5lb6r47qsmp9ur58y' successfully

2022-07-19 07:08:26 - [MESSAGE][PASSED] - Navigate to 'https://lesechosdutouquet.nordlittoral.fr/147787/article/2022-06-30/concours-photo-montrez-nous-la-plus-belle-photo-de-votre-chien-en-promenade-sur#l5lb6r47qsmp9ur58y' successfully

2022-07-19 07:08:26 - [TEST_STEP][PASSED] - setViewPortSize(1920, 1080): Viewport is set to new size with width = 1920 and height = 1080

2022-07-19 07:08:26 - [MESSAGE][PASSED] - Viewport is set to new size with width = 1920 and height = 1080

2022-07-19 07:08:26 - [TEST_STEP][PASSED] - click(findTestObject("Object Repository/Page_Concours photo  votez pour la plus bel_494087/button_Accepter  Fermer")): Object: 'Object Repository/Page_Concours photo  votez pour la plus bel_494087/button_Accepter  Fermer' is clicked on

2022-07-19 07:08:31 - [MESSAGE][PASSED] - Object: 'Object Repository/Page_Concours photo  votez pour la plus bel_494087/button_Accepter  Fermer' is clicked on

2022-07-19 07:08:31 - [TEST_STEP][PASSED] - delay(12): Delayed 12 second(s)

2022-07-19 07:08:43 - [MESSAGE][PASSED] - Delayed 12 second(s)

2022-07-19 07:08:43 - [TEST_STEP][PASSED] - click(findTestObject("Object Repository/Page_Concours photo  votez pour la plus bel_494087/a_X")): Object: 'Object Repository/Page_Concours photo  votez pour la plus bel_494087/a_X' is clicked on

2022-07-19 07:08:44 - [MESSAGE][PASSED] - Object: 'Object Repository/Page_Concours photo  votez pour la plus bel_494087/a_X' is clicked on

2022-07-19 07:08:44 - [TEST_STEP][PASSED] - delay(1): Delayed 1 second(s)

2022-07-19 07:08:45 - [MESSAGE][PASSED] - Delayed 1 second(s)

2022-07-19 07:08:45 - [TEST_STEP][PASSED] - click(findTestObject("Object Repository/Page_Concours photo  votez pour la plus bel_494087/input_concat(Votez pour le plus beau chien de la cte d, , Opale )_jouer")): Object: 'Object Repository/Page_Concours photo  votez pour la plus bel_494087/input_concat(Votez pour le plus beau chien de la cte d, , Opale )_jouer' is clicked on

2022-07-19 07:08:45 - [MESSAGE][PASSED] - Object: 'Object Repository/Page_Concours photo  votez pour la plus bel_494087/input_concat(Votez pour le plus beau chien de la cte d, , Opale )_jouer' is clicked on

2022-07-19 07:08:45 - [TEST_STEP][PASSED] - if (verifyElementPresent(findTestObject("Page_Concours photo  votez pour la plus bel_494087/input_concat(Votez pour le plus beau chien de la cte d, , Opale )_jouer"), 1, OPTIONAL)): null

2022-07-19 07:08:47 - [MESSAGE][PASSED] - Object 'Object Repository/Page_Concours photo  votez pour la plus bel_494087/input_concat(Votez pour le plus beau chien de la cte d, , Opale )_jouer' is present

2022-07-19 07:08:47 - [TEST_STEP][PASSED] - click(findTestObject("Object Repository/Page_Concours photo  votez pour la plus bel_494087/input_concat(Votez pour le plus beau chien de la cte d, , Opale )_jouer")): Object: 'Object Repository/Page_Concours photo  votez pour la plus bel_494087/input_concat(Votez pour le plus beau chien de la cte d, , Opale )_jouer' is clicked on

2022-07-19 07:08:47 - [MESSAGE][PASSED] - Object: 'Object Repository/Page_Concours photo  votez pour la plus bel_494087/input_concat(Votez pour le plus beau chien de la cte d, , Opale )_jouer' is clicked on

2022-07-19 07:08:47 - [TEST_STEP][PASSED] - delay(1): Delayed 1 second(s)

2022-07-19 07:08:48 - [MESSAGE][PASSED] - Delayed 1 second(s)

2022-07-19 07:08:48 - [TEST_STEP][PASSED] - setText(findTestObject("Object Repository/Page_Concours photo  votez pour la plus bel_494087/input_trie par_keyword"), "Gaspard"): Text 'Gaspard' is set on object 'Object Repository/Page_Concours photo  votez pour la plus bel_494087/input_trie par_keyword'

2022-07-19 07:08:50 - [MESSAGE][PASSED] - Text 'Gaspard' is set on object 'Object Repository/Page_Concours photo  votez pour la plus bel_494087/input_trie par_keyword'

2022-07-19 07:08:50 - [TEST_STEP][PASSED] - sendKeys(findTestObject("Page_Concours photo  votez pour la plus bel_494087/input_trie par_keyword"), Keys.chord(ENTER)): Keys 'ENTER + ' sent to object: 'Object Repository/Page_Concours photo  votez pour la plus bel_494087/input_trie par_keyword'

2022-07-19 07:08:51 - [MESSAGE][PASSED] - Keys 'ENTER + ' sent to object: 'Object Repository/Page_Concours photo  votez pour la plus bel_494087/input_trie par_keyword'

2022-07-19 07:08:51 - [TEST_STEP][PASSED] - click(findTestObject("Page_Concours photo  votez pour la plus bel_494087/tri")): Object: 'Object Repository/Page_Concours photo  votez pour la plus bel_494087/tri' is clicked on

2022-07-19 07:08:51 - [MESSAGE][PASSED] - Object: 'Object Repository/Page_Concours photo  votez pour la plus bel_494087/tri' is clicked on

2022-07-19 07:08:51 - [TEST_STEP][PASSED] - click(findTestObject("Page_Concours photo  votez pour la plus bel_494087/plus de votes")): Object: 'Object Repository/Page_Concours photo  votez pour la plus bel_494087/plus de votes' is clicked on

2022-07-19 07:08:52 - [MESSAGE][PASSED] - Object: 'Object Repository/Page_Concours photo  votez pour la plus bel_494087/plus de votes' is clicked on

2022-07-19 07:08:53 - [TEST_STEP][PASSED] - click(findTestObject("Object Repository/Page_Concours photo  votez pour la plus bel_494087/i_Votes_fa fa-heart")): Object: 'Object Repository/Page_Concours photo  votez pour la plus bel_494087/i_Votes_fa fa-heart' is clicked on

2022-07-19 07:08:54 - [MESSAGE][PASSED] - Object: 'Object Repository/Page_Concours photo  votez pour la plus bel_494087/i_Votes_fa fa-heart' is clicked on

2022-07-19 07:08:54 - [TEST_STEP][PASSED] - delay(1): Delayed 1 second(s)

2022-07-19 07:08:55 - [MESSAGE][PASSED] - Delayed 1 second(s)

2022-07-19 07:08:55 - [TEST_STEP][PASSED] - closeBrowser(): Browser is closed

2022-07-19 07:08:55 - [MESSAGE][PASSED] - Browser is closed]]></system-out>
         <system-err><![CDATA[]]></system-err>
      </testcase>
      <testcase name="Test Cases/Vote" time="30.861" classname="Test Cases/Vote" status="PASSED">
         <system-out><![CDATA[2022-07-19 07:08:55 - [TEST_CASE][PASSED] - Test Cases/Vote: Test Cases/Vote

2022-07-19 07:08:55 - [TEST_STEP][PASSED] - openBrowser(""): Browser is opened with url: ''

2022-07-19 07:08:55 - [MESSAGE][INFO] - Starting 'Chrome' driver

2022-07-19 07:08:55 - [MESSAGE][INFO] - Action delay is set to 0 milliseconds

2022-07-19 07:08:56 - [MESSAGE][PASSED] - Browser is opened with url: ''

2022-07-19 07:08:56 - [TEST_STEP][PASSED] - navigateToUrl("https://lesechosdutouquet.nordlittoral.fr/147787/article/2022-06-30/concours-photo-montrez-nous-la-plus-belle-photo-de-votre-chien-en-promenade-sur#l5lb6r47qsmp9ur58y"): Navigate to 'https://lesechosdutouquet.nordlittoral.fr/147787/article/2022-06-30/concours-photo-montrez-nous-la-plus-belle-photo-de-votre-chien-en-promenade-sur#l5lb6r47qsmp9ur58y' successfully

2022-07-19 07:08:59 - [MESSAGE][PASSED] - Navigate to 'https://lesechosdutouquet.nordlittoral.fr/147787/article/2022-06-30/concours-photo-montrez-nous-la-plus-belle-photo-de-votre-chien-en-promenade-sur#l5lb6r47qsmp9ur58y' successfully

2022-07-19 07:08:59 - [TEST_STEP][PASSED] - setViewPortSize(1920, 1080): Viewport is set to new size with width = 1920 and height = 1080

2022-07-19 07:08:59 - [MESSAGE][PASSED] - Viewport is set to new size with width = 1920 and height = 1080

2022-07-19 07:08:59 - [TEST_STEP][PASSED] - click(findTestObject("Object Repository/Page_Concours photo  votez pour la plus bel_494087/button_Accepter  Fermer")): Object: 'Object Repository/Page_Concours photo  votez pour la plus bel_494087/button_Accepter  Fermer' is clicked on

2022-07-19 07:09:00 - [MESSAGE][PASSED] - Object: 'Object Repository/Page_Concours photo  votez pour la plus bel_494087/button_Accepter  Fermer' is clicked on

2022-07-19 07:09:00 - [TEST_STEP][PASSED] - delay(12): Delayed 12 second(s)

2022-07-19 07:09:12 - [MESSAGE][PASSED] - Delayed 12 second(s)

2022-07-19 07:09:12 - [TEST_STEP][PASSED] - click(findTestObject("Object Repository/Page_Concours photo  votez pour la plus bel_494087/a_X")): Object: 'Object Repository/Page_Concours photo  votez pour la plus bel_494087/a_X' is clicked on

2022-07-19 07:09:13 - [MESSAGE][PASSED] - Object: 'Object Repository/Page_Concours photo  votez pour la plus bel_494087/a_X' is clicked on

2022-07-19 07:09:13 - [TEST_STEP][PASSED] - delay(1): Delayed 1 second(s)

2022-07-19 07:09:14 - [MESSAGE][PASSED] - Delayed 1 second(s)

2022-07-19 07:09:14 - [TEST_STEP][PASSED] - click(findTestObject("Object Repository/Page_Concours photo  votez pour la plus bel_494087/input_concat(Votez pour le plus beau chien de la cte d, , Opale )_jouer")): Object: 'Object Repository/Page_Concours photo  votez pour la plus bel_494087/input_concat(Votez pour le plus beau chien de la cte d, , Opale )_jouer' is clicked on

2022-07-19 07:09:14 - [MESSAGE][PASSED] - Object: 'Object Repository/Page_Concours photo  votez pour la plus bel_494087/input_concat(Votez pour le plus beau chien de la cte d, , Opale )_jouer' is clicked on

2022-07-19 07:09:14 - [TEST_STEP][PASSED] - if (verifyElementPresent(findTestObject("Page_Concours photo  votez pour la plus bel_494087/input_concat(Votez pour le plus beau chien de la cte d, , Opale )_jouer"), 1, OPTIONAL)): null

2022-07-19 07:09:15 - [MESSAGE][PASSED] - Object 'Object Repository/Page_Concours photo  votez pour la plus bel_494087/input_concat(Votez pour le plus beau chien de la cte d, , Opale )_jouer' is present

2022-07-19 07:09:15 - [TEST_STEP][PASSED] - click(findTestObject("Object Repository/Page_Concours photo  votez pour la plus bel_494087/input_concat(Votez pour le plus beau chien de la cte d, , Opale )_jouer")): Object: 'Object Repository/Page_Concours photo  votez pour la plus bel_494087/input_concat(Votez pour le plus beau chien de la cte d, , Opale )_jouer' is clicked on

2022-07-19 07:09:16 - [MESSAGE][PASSED] - Object: 'Object Repository/Page_Concours photo  votez pour la plus bel_494087/input_concat(Votez pour le plus beau chien de la cte d, , Opale )_jouer' is clicked on

2022-07-19 07:09:16 - [TEST_STEP][PASSED] - delay(1): Delayed 1 second(s)

2022-07-19 07:09:17 - [MESSAGE][PASSED] - Delayed 1 second(s)

2022-07-19 07:09:17 - [TEST_STEP][PASSED] - setText(findTestObject("Object Repository/Page_Concours photo  votez pour la plus bel_494087/input_trie par_keyword"), "Gaspard"): Text 'Gaspard' is set on object 'Object Repository/Page_Concours photo  votez pour la plus bel_494087/input_trie par_keyword'

2022-07-19 07:09:20 - [MESSAGE][PASSED] - Text 'Gaspard' is set on object 'Object Repository/Page_Concours photo  votez pour la plus bel_494087/input_trie par_keyword'

2022-07-19 07:09:20 - [TEST_STEP][PASSED] - sendKeys(findTestObject("Page_Concours photo  votez pour la plus bel_494087/input_trie par_keyword"), Keys.chord(ENTER)): Keys 'ENTER + ' sent to object: 'Object Repository/Page_Concours photo  votez pour la plus bel_494087/input_trie par_keyword'

2022-07-19 07:09:21 - [MESSAGE][PASSED] - Keys 'ENTER + ' sent to object: 'Object Repository/Page_Concours photo  votez pour la plus bel_494087/input_trie par_keyword'

2022-07-19 07:09:21 - [TEST_STEP][PASSED] - click(findTestObject("Page_Concours photo  votez pour la plus bel_494087/tri")): Object: 'Object Repository/Page_Concours photo  votez pour la plus bel_494087/tri' is clicked on

2022-07-19 07:09:22 - [MESSAGE][PASSED] - Object: 'Object Repository/Page_Concours photo  votez pour la plus bel_494087/tri' is clicked on

2022-07-19 07:09:22 - [TEST_STEP][PASSED] - click(findTestObject("Page_Concours photo  votez pour la plus bel_494087/plus de votes")): Object: 'Object Repository/Page_Concours photo  votez pour la plus bel_494087/plus de votes' is clicked on

2022-07-19 07:09:23 - [MESSAGE][PASSED] - Object: 'Object Repository/Page_Concours photo  votez pour la plus bel_494087/plus de votes' is clicked on

2022-07-19 07:09:24 - [TEST_STEP][PASSED] - click(findTestObject("Object Repository/Page_Concours photo  votez pour la plus bel_494087/i_Votes_fa fa-heart")): Object: 'Object Repository/Page_Concours photo  votez pour la plus bel_494087/i_Votes_fa fa-heart' is clicked on

2022-07-19 07:09:24 - [MESSAGE][PASSED] - Object: 'Object Repository/Page_Concours photo  votez pour la plus bel_494087/i_Votes_fa fa-heart' is clicked on

2022-07-19 07:09:24 - [TEST_STEP][PASSED] - delay(1): Delayed 1 second(s)

2022-07-19 07:09:26 - [MESSAGE][PASSED] - Delayed 1 second(s)

2022-07-19 07:09:26 - [TEST_STEP][PASSED] - closeBrowser(): Browser is closed

2022-07-19 07:09:26 - [MESSAGE][PASSED] - Browser is closed]]></system-out>
         <system-err><![CDATA[]]></system-err>
      </testcase>
      <testcase name="Test Cases/Vote" time="31.125" classname="Test Cases/Vote" status="PASSED">
         <system-out><![CDATA[2022-07-19 07:09:26 - [TEST_CASE][PASSED] - Test Cases/Vote: Test Cases/Vote

2022-07-19 07:09:26 - [TEST_STEP][PASSED] - openBrowser(""): Browser is opened with url: ''

2022-07-19 07:09:26 - [MESSAGE][INFO] - Starting 'Chrome' driver

2022-07-19 07:09:26 - [MESSAGE][INFO] - Action delay is set to 0 milliseconds

2022-07-19 07:09:27 - [MESSAGE][PASSED] - Browser is opened with url: ''

2022-07-19 07:09:27 - [TEST_STEP][PASSED] - navigateToUrl("https://lesechosdutouquet.nordlittoral.fr/147787/article/2022-06-30/concours-photo-montrez-nous-la-plus-belle-photo-de-votre-chien-en-promenade-sur#l5lb6r47qsmp9ur58y"): Navigate to 'https://lesechosdutouquet.nordlittoral.fr/147787/article/2022-06-30/concours-photo-montrez-nous-la-plus-belle-photo-de-votre-chien-en-promenade-sur#l5lb6r47qsmp9ur58y' successfully

2022-07-19 07:09:30 - [MESSAGE][PASSED] - Navigate to 'https://lesechosdutouquet.nordlittoral.fr/147787/article/2022-06-30/concours-photo-montrez-nous-la-plus-belle-photo-de-votre-chien-en-promenade-sur#l5lb6r47qsmp9ur58y' successfully

2022-07-19 07:09:30 - [TEST_STEP][PASSED] - setViewPortSize(1920, 1080): Viewport is set to new size with width = 1920 and height = 1080

2022-07-19 07:09:31 - [MESSAGE][PASSED] - Viewport is set to new size with width = 1920 and height = 1080

2022-07-19 07:09:31 - [TEST_STEP][PASSED] - click(findTestObject("Object Repository/Page_Concours photo  votez pour la plus bel_494087/button_Accepter  Fermer")): Object: 'Object Repository/Page_Concours photo  votez pour la plus bel_494087/button_Accepter  Fermer' is clicked on

2022-07-19 07:09:32 - [MESSAGE][PASSED] - Object: 'Object Repository/Page_Concours photo  votez pour la plus bel_494087/button_Accepter  Fermer' is clicked on

2022-07-19 07:09:32 - [TEST_STEP][PASSED] - delay(12): Delayed 12 second(s)

2022-07-19 07:09:44 - [MESSAGE][PASSED] - Delayed 12 second(s)

2022-07-19 07:09:44 - [TEST_STEP][PASSED] - click(findTestObject("Object Repository/Page_Concours photo  votez pour la plus bel_494087/a_X")): Object: 'Object Repository/Page_Concours photo  votez pour la plus bel_494087/a_X' is clicked on

2022-07-19 07:09:44 - [MESSAGE][PASSED] - Object: 'Object Repository/Page_Concours photo  votez pour la plus bel_494087/a_X' is clicked on

2022-07-19 07:09:44 - [TEST_STEP][PASSED] - delay(1): Delayed 1 second(s)

2022-07-19 07:09:45 - [MESSAGE][PASSED] - Delayed 1 second(s)

2022-07-19 07:09:45 - [TEST_STEP][PASSED] - click(findTestObject("Object Repository/Page_Concours photo  votez pour la plus bel_494087/input_concat(Votez pour le plus beau chien de la cte d, , Opale )_jouer")): Object: 'Object Repository/Page_Concours photo  votez pour la plus bel_494087/input_concat(Votez pour le plus beau chien de la cte d, , Opale )_jouer' is clicked on

2022-07-19 07:09:46 - [MESSAGE][PASSED] - Object: 'Object Repository/Page_Concours photo  votez pour la plus bel_494087/input_concat(Votez pour le plus beau chien de la cte d, , Opale )_jouer' is clicked on

2022-07-19 07:09:46 - [TEST_STEP][PASSED] - if (verifyElementPresent(findTestObject("Page_Concours photo  votez pour la plus bel_494087/input_concat(Votez pour le plus beau chien de la cte d, , Opale )_jouer"), 1, OPTIONAL)): null

2022-07-19 07:09:47 - [MESSAGE][PASSED] - Object 'Object Repository/Page_Concours photo  votez pour la plus bel_494087/input_concat(Votez pour le plus beau chien de la cte d, , Opale )_jouer' is present

2022-07-19 07:09:47 - [TEST_STEP][PASSED] - click(findTestObject("Object Repository/Page_Concours photo  votez pour la plus bel_494087/input_concat(Votez pour le plus beau chien de la cte d, , Opale )_jouer")): Object: 'Object Repository/Page_Concours photo  votez pour la plus bel_494087/input_concat(Votez pour le plus beau chien de la cte d, , Opale )_jouer' is clicked on

2022-07-19 07:09:48 - [MESSAGE][PASSED] - Object: 'Object Repository/Page_Concours photo  votez pour la plus bel_494087/input_concat(Votez pour le plus beau chien de la cte d, , Opale )_jouer' is clicked on

2022-07-19 07:09:48 - [TEST_STEP][PASSED] - delay(1): Delayed 1 second(s)

2022-07-19 07:09:49 - [MESSAGE][PASSED] - Delayed 1 second(s)

2022-07-19 07:09:49 - [TEST_STEP][PASSED] - setText(findTestObject("Object Repository/Page_Concours photo  votez pour la plus bel_494087/input_trie par_keyword"), "Gaspard"): Text 'Gaspard' is set on object 'Object Repository/Page_Concours photo  votez pour la plus bel_494087/input_trie par_keyword'

2022-07-19 07:09:51 - [MESSAGE][PASSED] - Text 'Gaspard' is set on object 'Object Repository/Page_Concours photo  votez pour la plus bel_494087/input_trie par_keyword'

2022-07-19 07:09:51 - [TEST_STEP][PASSED] - sendKeys(findTestObject("Page_Concours photo  votez pour la plus bel_494087/input_trie par_keyword"), Keys.chord(ENTER)): Keys 'ENTER + ' sent to object: 'Object Repository/Page_Concours photo  votez pour la plus bel_494087/input_trie par_keyword'

2022-07-19 07:09:52 - [MESSAGE][PASSED] - Keys 'ENTER + ' sent to object: 'Object Repository/Page_Concours photo  votez pour la plus bel_494087/input_trie par_keyword'

2022-07-19 07:09:52 - [TEST_STEP][PASSED] - click(findTestObject("Page_Concours photo  votez pour la plus bel_494087/tri")): Object: 'Object Repository/Page_Concours photo  votez pour la plus bel_494087/tri' is clicked on

2022-07-19 07:09:53 - [MESSAGE][PASSED] - Object: 'Object Repository/Page_Concours photo  votez pour la plus bel_494087/tri' is clicked on

2022-07-19 07:09:53 - [TEST_STEP][PASSED] - click(findTestObject("Page_Concours photo  votez pour la plus bel_494087/plus de votes")): Object: 'Object Repository/Page_Concours photo  votez pour la plus bel_494087/plus de votes' is clicked on

2022-07-19 07:09:54 - [MESSAGE][PASSED] - Object: 'Object Repository/Page_Concours photo  votez pour la plus bel_494087/plus de votes' is clicked on

2022-07-19 07:09:55 - [TEST_STEP][PASSED] - click(findTestObject("Object Repository/Page_Concours photo  votez pour la plus bel_494087/i_Votes_fa fa-heart")): Object: 'Object Repository/Page_Concours photo  votez pour la plus bel_494087/i_Votes_fa fa-heart' is clicked on

2022-07-19 07:09:56 - [MESSAGE][PASSED] - Object: 'Object Repository/Page_Concours photo  votez pour la plus bel_494087/i_Votes_fa fa-heart' is clicked on

2022-07-19 07:09:56 - [TEST_STEP][PASSED] - delay(1): Delayed 1 second(s)

2022-07-19 07:09:57 - [MESSAGE][PASSED] - Delayed 1 second(s)

2022-07-19 07:09:57 - [TEST_STEP][PASSED] - closeBrowser(): Browser is closed

2022-07-19 07:09:57 - [MESSAGE][PASSED] - Browser is closed]]></system-out>
         <system-err><![CDATA[]]></system-err>
      </testcase>
      <testcase name="Test Cases/Vote" time="52.029" classname="Test Cases/Vote" status="PASSED">
         <system-out><![CDATA[2022-07-19 07:09:57 - [TEST_CASE][PASSED] - Test Cases/Vote: Test Cases/Vote

2022-07-19 07:09:57 - [TEST_STEP][PASSED] - openBrowser(""): Browser is opened with url: ''

2022-07-19 07:09:57 - [MESSAGE][INFO] - Starting 'Chrome' driver

2022-07-19 07:09:57 - [MESSAGE][INFO] - Action delay is set to 0 milliseconds

2022-07-19 07:09:58 - [MESSAGE][PASSED] - Browser is opened with url: ''

2022-07-19 07:09:58 - [TEST_STEP][PASSED] - navigateToUrl("https://lesechosdutouquet.nordlittoral.fr/147787/article/2022-06-30/concours-photo-montrez-nous-la-plus-belle-photo-de-votre-chien-en-promenade-sur#l5lb6r47qsmp9ur58y"): Navigate to 'https://lesechosdutouquet.nordlittoral.fr/147787/article/2022-06-30/concours-photo-montrez-nous-la-plus-belle-photo-de-votre-chien-en-promenade-sur#l5lb6r47qsmp9ur58y' successfully

2022-07-19 07:10:22 - [MESSAGE][PASSED] - Navigate to 'https://lesechosdutouquet.nordlittoral.fr/147787/article/2022-06-30/concours-photo-montrez-nous-la-plus-belle-photo-de-votre-chien-en-promenade-sur#l5lb6r47qsmp9ur58y' successfully

2022-07-19 07:10:22 - [TEST_STEP][PASSED] - setViewPortSize(1920, 1080): Viewport is set to new size with width = 1920 and height = 1080

2022-07-19 07:10:23 - [MESSAGE][PASSED] - Viewport is set to new size with width = 1920 and height = 1080

2022-07-19 07:10:23 - [TEST_STEP][PASSED] - click(findTestObject("Object Repository/Page_Concours photo  votez pour la plus bel_494087/button_Accepter  Fermer")): Object: 'Object Repository/Page_Concours photo  votez pour la plus bel_494087/button_Accepter  Fermer' is clicked on

2022-07-19 07:10:24 - [MESSAGE][PASSED] - Object: 'Object Repository/Page_Concours photo  votez pour la plus bel_494087/button_Accepter  Fermer' is clicked on

2022-07-19 07:10:24 - [TEST_STEP][PASSED] - delay(12): Delayed 12 second(s)

2022-07-19 07:10:36 - [MESSAGE][PASSED] - Delayed 12 second(s)

2022-07-19 07:10:36 - [TEST_STEP][PASSED] - click(findTestObject("Object Repository/Page_Concours photo  votez pour la plus bel_494087/a_X")): Object: 'Object Repository/Page_Concours photo  votez pour la plus bel_494087/a_X' is clicked on

2022-07-19 07:10:36 - [MESSAGE][PASSED] - Object: 'Object Repository/Page_Concours photo  votez pour la plus bel_494087/a_X' is clicked on

2022-07-19 07:10:36 - [TEST_STEP][PASSED] - delay(1): Delayed 1 second(s)

2022-07-19 07:10:37 - [MESSAGE][PASSED] - Delayed 1 second(s)

2022-07-19 07:10:37 - [TEST_STEP][PASSED] - click(findTestObject("Object Repository/Page_Concours photo  votez pour la plus bel_494087/input_concat(Votez pour le plus beau chien de la cte d, , Opale )_jouer")): Object: 'Object Repository/Page_Concours photo  votez pour la plus bel_494087/input_concat(Votez pour le plus beau chien de la cte d, , Opale )_jouer' is clicked on

2022-07-19 07:10:38 - [MESSAGE][PASSED] - Object: 'Object Repository/Page_Concours photo  votez pour la plus bel_494087/input_concat(Votez pour le plus beau chien de la cte d, , Opale )_jouer' is clicked on

2022-07-19 07:10:38 - [TEST_STEP][PASSED] - if (verifyElementPresent(findTestObject("Page_Concours photo  votez pour la plus bel_494087/input_concat(Votez pour le plus beau chien de la cte d, , Opale )_jouer"), 1, OPTIONAL)): null

2022-07-19 07:10:39 - [MESSAGE][PASSED] - Object 'Object Repository/Page_Concours photo  votez pour la plus bel_494087/input_concat(Votez pour le plus beau chien de la cte d, , Opale )_jouer' is present

2022-07-19 07:10:39 - [TEST_STEP][PASSED] - click(findTestObject("Object Repository/Page_Concours photo  votez pour la plus bel_494087/input_concat(Votez pour le plus beau chien de la cte d, , Opale )_jouer")): Object: 'Object Repository/Page_Concours photo  votez pour la plus bel_494087/input_concat(Votez pour le plus beau chien de la cte d, , Opale )_jouer' is clicked on

2022-07-19 07:10:40 - [MESSAGE][PASSED] - Object: 'Object Repository/Page_Concours photo  votez pour la plus bel_494087/input_concat(Votez pour le plus beau chien de la cte d, , Opale )_jouer' is clicked on

2022-07-19 07:10:40 - [TEST_STEP][PASSED] - delay(1): Delayed 1 second(s)

2022-07-19 07:10:41 - [MESSAGE][PASSED] - Delayed 1 second(s)

2022-07-19 07:10:41 - [TEST_STEP][PASSED] - setText(findTestObject("Object Repository/Page_Concours photo  votez pour la plus bel_494087/input_trie par_keyword"), "Gaspard"): Text 'Gaspard' is set on object 'Object Repository/Page_Concours photo  votez pour la plus bel_494087/input_trie par_keyword'

2022-07-19 07:10:43 - [MESSAGE][PASSED] - Text 'Gaspard' is set on object 'Object Repository/Page_Concours photo  votez pour la plus bel_494087/input_trie par_keyword'

2022-07-19 07:10:43 - [TEST_STEP][PASSED] - sendKeys(findTestObject("Page_Concours photo  votez pour la plus bel_494087/input_trie par_keyword"), Keys.chord(ENTER)): Keys 'ENTER + ' sent to object: 'Object Repository/Page_Concours photo  votez pour la plus bel_494087/input_trie par_keyword'

2022-07-19 07:10:45 - [MESSAGE][PASSED] - Keys 'ENTER + ' sent to object: 'Object Repository/Page_Concours photo  votez pour la plus bel_494087/input_trie par_keyword'

2022-07-19 07:10:45 - [TEST_STEP][PASSED] - click(findTestObject("Page_Concours photo  votez pour la plus bel_494087/tri")): Object: 'Object Repository/Page_Concours photo  votez pour la plus bel_494087/tri' is clicked on

2022-07-19 07:10:46 - [MESSAGE][PASSED] - Object: 'Object Repository/Page_Concours photo  votez pour la plus bel_494087/tri' is clicked on

2022-07-19 07:10:46 - [TEST_STEP][PASSED] - click(findTestObject("Page_Concours photo  votez pour la plus bel_494087/plus de votes")): Object: 'Object Repository/Page_Concours photo  votez pour la plus bel_494087/plus de votes' is clicked on

2022-07-19 07:10:46 - [MESSAGE][PASSED] - Object: 'Object Repository/Page_Concours photo  votez pour la plus bel_494087/plus de votes' is clicked on

2022-07-19 07:10:46 - [TEST_STEP][PASSED] - click(findTestObject("Object Repository/Page_Concours photo  votez pour la plus bel_494087/i_Votes_fa fa-heart")): Object: 'Object Repository/Page_Concours photo  votez pour la plus bel_494087/i_Votes_fa fa-heart' is clicked on

2022-07-19 07:10:48 - [MESSAGE][PASSED] - Object: 'Object Repository/Page_Concours photo  votez pour la plus bel_494087/i_Votes_fa fa-heart' is clicked on

2022-07-19 07:10:48 - [TEST_STEP][PASSED] - delay(1): Delayed 1 second(s)

2022-07-19 07:10:49 - [MESSAGE][PASSED] - Delayed 1 second(s)

2022-07-19 07:10:49 - [TEST_STEP][PASSED] - closeBrowser(): Browser is closed

2022-07-19 07:10:49 - [MESSAGE][PASSED] - Browser is closed]]></system-out>
         <system-err><![CDATA[]]></system-err>
      </testcase>
      <testcase name="Test Cases/Vote" time="29.674" classname="Test Cases/Vote" status="PASSED">
         <system-out><![CDATA[2022-07-19 07:10:49 - [TEST_CASE][PASSED] - Test Cases/Vote: Test Cases/Vote

2022-07-19 07:10:49 - [TEST_STEP][PASSED] - openBrowser(""): Browser is opened with url: ''

2022-07-19 07:10:49 - [MESSAGE][INFO] - Starting 'Chrome' driver

2022-07-19 07:10:49 - [MESSAGE][INFO] - Action delay is set to 0 milliseconds

2022-07-19 07:10:50 - [MESSAGE][PASSED] - Browser is opened with url: ''

2022-07-19 07:10:50 - [TEST_STEP][PASSED] - navigateToUrl("https://lesechosdutouquet.nordlittoral.fr/147787/article/2022-06-30/concours-photo-montrez-nous-la-plus-belle-photo-de-votre-chien-en-promenade-sur#l5lb6r47qsmp9ur58y"): Navigate to 'https://lesechosdutouquet.nordlittoral.fr/147787/article/2022-06-30/concours-photo-montrez-nous-la-plus-belle-photo-de-votre-chien-en-promenade-sur#l5lb6r47qsmp9ur58y' successfully

2022-07-19 07:10:53 - [MESSAGE][PASSED] - Navigate to 'https://lesechosdutouquet.nordlittoral.fr/147787/article/2022-06-30/concours-photo-montrez-nous-la-plus-belle-photo-de-votre-chien-en-promenade-sur#l5lb6r47qsmp9ur58y' successfully

2022-07-19 07:10:53 - [TEST_STEP][PASSED] - setViewPortSize(1920, 1080): Viewport is set to new size with width = 1920 and height = 1080

2022-07-19 07:10:53 - [MESSAGE][PASSED] - Viewport is set to new size with width = 1920 and height = 1080

2022-07-19 07:10:53 - [TEST_STEP][PASSED] - click(findTestObject("Object Repository/Page_Concours photo  votez pour la plus bel_494087/button_Accepter  Fermer")): Object: 'Object Repository/Page_Concours photo  votez pour la plus bel_494087/button_Accepter  Fermer' is clicked on

2022-07-19 07:10:54 - [MESSAGE][PASSED] - Object: 'Object Repository/Page_Concours photo  votez pour la plus bel_494087/button_Accepter  Fermer' is clicked on

2022-07-19 07:10:54 - [TEST_STEP][PASSED] - delay(12): Delayed 12 second(s)

2022-07-19 07:11:06 - [MESSAGE][PASSED] - Delayed 12 second(s)

2022-07-19 07:11:06 - [TEST_STEP][PASSED] - click(findTestObject("Object Repository/Page_Concours photo  votez pour la plus bel_494087/a_X")): Object: 'Object Repository/Page_Concours photo  votez pour la plus bel_494087/a_X' is clicked on

2022-07-19 07:11:07 - [MESSAGE][PASSED] - Object: 'Object Repository/Page_Concours photo  votez pour la plus bel_494087/a_X' is clicked on

2022-07-19 07:11:07 - [TEST_STEP][PASSED] - delay(1): Delayed 1 second(s)

2022-07-19 07:11:08 - [MESSAGE][PASSED] - Delayed 1 second(s)

2022-07-19 07:11:08 - [TEST_STEP][PASSED] - click(findTestObject("Object Repository/Page_Concours photo  votez pour la plus bel_494087/input_concat(Votez pour le plus beau chien de la cte d, , Opale )_jouer")): Object: 'Object Repository/Page_Concours photo  votez pour la plus bel_494087/input_concat(Votez pour le plus beau chien de la cte d, , Opale )_jouer' is clicked on

2022-07-19 07:11:08 - [MESSAGE][PASSED] - Object: 'Object Repository/Page_Concours photo  votez pour la plus bel_494087/input_concat(Votez pour le plus beau chien de la cte d, , Opale )_jouer' is clicked on

2022-07-19 07:11:08 - [TEST_STEP][PASSED] - if (verifyElementPresent(findTestObject("Page_Concours photo  votez pour la plus bel_494087/input_concat(Votez pour le plus beau chien de la cte d, , Opale )_jouer"), 1, OPTIONAL)): null

2022-07-19 07:11:10 - [MESSAGE][PASSED] - Object 'Object Repository/Page_Concours photo  votez pour la plus bel_494087/input_concat(Votez pour le plus beau chien de la cte d, , Opale )_jouer' is present

2022-07-19 07:11:10 - [TEST_STEP][PASSED] - click(findTestObject("Object Repository/Page_Concours photo  votez pour la plus bel_494087/input_concat(Votez pour le plus beau chien de la cte d, , Opale )_jouer")): Object: 'Object Repository/Page_Concours photo  votez pour la plus bel_494087/input_concat(Votez pour le plus beau chien de la cte d, , Opale )_jouer' is clicked on

2022-07-19 07:11:10 - [MESSAGE][PASSED] - Object: 'Object Repository/Page_Concours photo  votez pour la plus bel_494087/input_concat(Votez pour le plus beau chien de la cte d, , Opale )_jouer' is clicked on

2022-07-19 07:11:10 - [TEST_STEP][PASSED] - delay(1): Delayed 1 second(s)

2022-07-19 07:11:11 - [MESSAGE][PASSED] - Delayed 1 second(s)

2022-07-19 07:11:11 - [TEST_STEP][PASSED] - setText(findTestObject("Object Repository/Page_Concours photo  votez pour la plus bel_494087/input_trie par_keyword"), "Gaspard"): Text 'Gaspard' is set on object 'Object Repository/Page_Concours photo  votez pour la plus bel_494087/input_trie par_keyword'

2022-07-19 07:11:13 - [MESSAGE][PASSED] - Text 'Gaspard' is set on object 'Object Repository/Page_Concours photo  votez pour la plus bel_494087/input_trie par_keyword'

2022-07-19 07:11:13 - [TEST_STEP][PASSED] - sendKeys(findTestObject("Page_Concours photo  votez pour la plus bel_494087/input_trie par_keyword"), Keys.chord(ENTER)): Keys 'ENTER + ' sent to object: 'Object Repository/Page_Concours photo  votez pour la plus bel_494087/input_trie par_keyword'

2022-07-19 07:11:15 - [MESSAGE][PASSED] - Keys 'ENTER + ' sent to object: 'Object Repository/Page_Concours photo  votez pour la plus bel_494087/input_trie par_keyword'

2022-07-19 07:11:15 - [TEST_STEP][PASSED] - click(findTestObject("Page_Concours photo  votez pour la plus bel_494087/tri")): Object: 'Object Repository/Page_Concours photo  votez pour la plus bel_494087/tri' is clicked on

2022-07-19 07:11:15 - [MESSAGE][PASSED] - Object: 'Object Repository/Page_Concours photo  votez pour la plus bel_494087/tri' is clicked on

2022-07-19 07:11:15 - [TEST_STEP][PASSED] - click(findTestObject("Page_Concours photo  votez pour la plus bel_494087/plus de votes")): Object: 'Object Repository/Page_Concours photo  votez pour la plus bel_494087/plus de votes' is clicked on

2022-07-19 07:11:16 - [MESSAGE][PASSED] - Object: 'Object Repository/Page_Concours photo  votez pour la plus bel_494087/plus de votes' is clicked on

2022-07-19 07:11:17 - [TEST_STEP][PASSED] - click(findTestObject("Object Repository/Page_Concours photo  votez pour la plus bel_494087/i_Votes_fa fa-heart")): Object: 'Object Repository/Page_Concours photo  votez pour la plus bel_494087/i_Votes_fa fa-heart' is clicked on

2022-07-19 07:11:17 - [MESSAGE][PASSED] - Object: 'Object Repository/Page_Concours photo  votez pour la plus bel_494087/i_Votes_fa fa-heart' is clicked on

2022-07-19 07:11:17 - [TEST_STEP][PASSED] - delay(1): Delayed 1 second(s)

2022-07-19 07:11:18 - [MESSAGE][PASSED] - Delayed 1 second(s)

2022-07-19 07:11:18 - [TEST_STEP][PASSED] - closeBrowser(): Browser is closed

2022-07-19 07:11:19 - [MESSAGE][PASSED] - Browser is closed]]></system-out>
         <system-err><![CDATA[]]></system-err>
      </testcase>
      <testcase name="Test Cases/Vote" time="29.205" classname="Test Cases/Vote" status="PASSED">
         <system-out><![CDATA[2022-07-19 07:11:19 - [TEST_CASE][PASSED] - Test Cases/Vote: Test Cases/Vote

2022-07-19 07:11:19 - [TEST_STEP][PASSED] - openBrowser(""): Browser is opened with url: ''

2022-07-19 07:11:19 - [MESSAGE][INFO] - Starting 'Chrome' driver

2022-07-19 07:11:19 - [MESSAGE][INFO] - Action delay is set to 0 milliseconds

2022-07-19 07:11:20 - [MESSAGE][PASSED] - Browser is opened with url: ''

2022-07-19 07:11:20 - [TEST_STEP][PASSED] - navigateToUrl("https://lesechosdutouquet.nordlittoral.fr/147787/article/2022-06-30/concours-photo-montrez-nous-la-plus-belle-photo-de-votre-chien-en-promenade-sur#l5lb6r47qsmp9ur58y"): Navigate to 'https://lesechosdutouquet.nordlittoral.fr/147787/article/2022-06-30/concours-photo-montrez-nous-la-plus-belle-photo-de-votre-chien-en-promenade-sur#l5lb6r47qsmp9ur58y' successfully

2022-07-19 07:11:21 - [MESSAGE][PASSED] - Navigate to 'https://lesechosdutouquet.nordlittoral.fr/147787/article/2022-06-30/concours-photo-montrez-nous-la-plus-belle-photo-de-votre-chien-en-promenade-sur#l5lb6r47qsmp9ur58y' successfully

2022-07-19 07:11:21 - [TEST_STEP][PASSED] - setViewPortSize(1920, 1080): Viewport is set to new size with width = 1920 and height = 1080

2022-07-19 07:11:22 - [MESSAGE][PASSED] - Viewport is set to new size with width = 1920 and height = 1080

2022-07-19 07:11:22 - [TEST_STEP][PASSED] - click(findTestObject("Object Repository/Page_Concours photo  votez pour la plus bel_494087/button_Accepter  Fermer")): Object: 'Object Repository/Page_Concours photo  votez pour la plus bel_494087/button_Accepter  Fermer' is clicked on

2022-07-19 07:11:22 - [MESSAGE][PASSED] - Object: 'Object Repository/Page_Concours photo  votez pour la plus bel_494087/button_Accepter  Fermer' is clicked on

2022-07-19 07:11:22 - [TEST_STEP][PASSED] - delay(12): Delayed 12 second(s)

2022-07-19 07:11:34 - [MESSAGE][PASSED] - Delayed 12 second(s)

2022-07-19 07:11:34 - [TEST_STEP][PASSED] - click(findTestObject("Object Repository/Page_Concours photo  votez pour la plus bel_494087/a_X")): Object: 'Object Repository/Page_Concours photo  votez pour la plus bel_494087/a_X' is clicked on

2022-07-19 07:11:35 - [MESSAGE][PASSED] - Object: 'Object Repository/Page_Concours photo  votez pour la plus bel_494087/a_X' is clicked on

2022-07-19 07:11:35 - [TEST_STEP][PASSED] - delay(1): Delayed 1 second(s)

2022-07-19 07:11:36 - [MESSAGE][PASSED] - Delayed 1 second(s)

2022-07-19 07:11:36 - [TEST_STEP][PASSED] - click(findTestObject("Object Repository/Page_Concours photo  votez pour la plus bel_494087/input_concat(Votez pour le plus beau chien de la cte d, , Opale )_jouer")): Object: 'Object Repository/Page_Concours photo  votez pour la plus bel_494087/input_concat(Votez pour le plus beau chien de la cte d, , Opale )_jouer' is clicked on

2022-07-19 07:11:36 - [MESSAGE][PASSED] - Object: 'Object Repository/Page_Concours photo  votez pour la plus bel_494087/input_concat(Votez pour le plus beau chien de la cte d, , Opale )_jouer' is clicked on

2022-07-19 07:11:37 - [TEST_STEP][PASSED] - if (verifyElementPresent(findTestObject("Page_Concours photo  votez pour la plus bel_494087/input_concat(Votez pour le plus beau chien de la cte d, , Opale )_jouer"), 1, OPTIONAL)): null

2022-07-19 07:11:38 - [MESSAGE][PASSED] - Object 'Object Repository/Page_Concours photo  votez pour la plus bel_494087/input_concat(Votez pour le plus beau chien de la cte d, , Opale )_jouer' is present

2022-07-19 07:11:38 - [TEST_STEP][PASSED] - click(findTestObject("Object Repository/Page_Concours photo  votez pour la plus bel_494087/input_concat(Votez pour le plus beau chien de la cte d, , Opale )_jouer")): Object: 'Object Repository/Page_Concours photo  votez pour la plus bel_494087/input_concat(Votez pour le plus beau chien de la cte d, , Opale )_jouer' is clicked on

2022-07-19 07:11:38 - [MESSAGE][PASSED] - Object: 'Object Repository/Page_Concours photo  votez pour la plus bel_494087/input_concat(Votez pour le plus beau chien de la cte d, , Opale )_jouer' is clicked on

2022-07-19 07:11:38 - [TEST_STEP][PASSED] - delay(1): Delayed 1 second(s)

2022-07-19 07:11:39 - [MESSAGE][PASSED] - Delayed 1 second(s)

2022-07-19 07:11:39 - [TEST_STEP][PASSED] - setText(findTestObject("Object Repository/Page_Concours photo  votez pour la plus bel_494087/input_trie par_keyword"), "Gaspard"): Text 'Gaspard' is set on object 'Object Repository/Page_Concours photo  votez pour la plus bel_494087/input_trie par_keyword'

2022-07-19 07:11:42 - [MESSAGE][PASSED] - Text 'Gaspard' is set on object 'Object Repository/Page_Concours photo  votez pour la plus bel_494087/input_trie par_keyword'

2022-07-19 07:11:42 - [TEST_STEP][PASSED] - sendKeys(findTestObject("Page_Concours photo  votez pour la plus bel_494087/input_trie par_keyword"), Keys.chord(ENTER)): Keys 'ENTER + ' sent to object: 'Object Repository/Page_Concours photo  votez pour la plus bel_494087/input_trie par_keyword'

2022-07-19 07:11:44 - [MESSAGE][PASSED] - Keys 'ENTER + ' sent to object: 'Object Repository/Page_Concours photo  votez pour la plus bel_494087/input_trie par_keyword'

2022-07-19 07:11:44 - [TEST_STEP][PASSED] - click(findTestObject("Page_Concours photo  votez pour la plus bel_494087/tri")): Object: 'Object Repository/Page_Concours photo  votez pour la plus bel_494087/tri' is clicked on

2022-07-19 07:11:44 - [MESSAGE][PASSED] - Object: 'Object Repository/Page_Concours photo  votez pour la plus bel_494087/tri' is clicked on

2022-07-19 07:11:44 - [TEST_STEP][PASSED] - click(findTestObject("Page_Concours photo  votez pour la plus bel_494087/plus de votes")): Object: 'Object Repository/Page_Concours photo  votez pour la plus bel_494087/plus de votes' is clicked on

2022-07-19 07:11:45 - [MESSAGE][PASSED] - Object: 'Object Repository/Page_Concours photo  votez pour la plus bel_494087/plus de votes' is clicked on

2022-07-19 07:11:46 - [TEST_STEP][PASSED] - click(findTestObject("Object Repository/Page_Concours photo  votez pour la plus bel_494087/i_Votes_fa fa-heart")): Object: 'Object Repository/Page_Concours photo  votez pour la plus bel_494087/i_Votes_fa fa-heart' is clicked on

2022-07-19 07:11:47 - [MESSAGE][PASSED] - Object: 'Object Repository/Page_Concours photo  votez pour la plus bel_494087/i_Votes_fa fa-heart' is clicked on

2022-07-19 07:11:47 - [TEST_STEP][PASSED] - delay(1): Delayed 1 second(s)

2022-07-19 07:11:48 - [MESSAGE][PASSED] - Delayed 1 second(s)

2022-07-19 07:11:48 - [TEST_STEP][PASSED] - closeBrowser(): Browser is closed

2022-07-19 07:11:48 - [MESSAGE][PASSED] - Browser is closed]]></system-out>
         <system-err><![CDATA[]]></system-err>
      </testcase>
      <testcase name="Test Cases/Vote" time="30.796" classname="Test Cases/Vote" status="PASSED">
         <system-out><![CDATA[2022-07-19 07:11:48 - [TEST_CASE][PASSED] - Test Cases/Vote: Test Cases/Vote

2022-07-19 07:11:48 - [TEST_STEP][PASSED] - openBrowser(""): Browser is opened with url: ''

2022-07-19 07:11:48 - [MESSAGE][INFO] - Starting 'Chrome' driver

2022-07-19 07:11:48 - [MESSAGE][INFO] - Action delay is set to 0 milliseconds

2022-07-19 07:11:49 - [MESSAGE][PASSED] - Browser is opened with url: ''

2022-07-19 07:11:49 - [TEST_STEP][PASSED] - navigateToUrl("https://lesechosdutouquet.nordlittoral.fr/147787/article/2022-06-30/concours-photo-montrez-nous-la-plus-belle-photo-de-votre-chien-en-promenade-sur#l5lb6r47qsmp9ur58y"): Navigate to 'https://lesechosdutouquet.nordlittoral.fr/147787/article/2022-06-30/concours-photo-montrez-nous-la-plus-belle-photo-de-votre-chien-en-promenade-sur#l5lb6r47qsmp9ur58y' successfully

2022-07-19 07:11:51 - [MESSAGE][PASSED] - Navigate to 'https://lesechosdutouquet.nordlittoral.fr/147787/article/2022-06-30/concours-photo-montrez-nous-la-plus-belle-photo-de-votre-chien-en-promenade-sur#l5lb6r47qsmp9ur58y' successfully

2022-07-19 07:11:52 - [TEST_STEP][PASSED] - setViewPortSize(1920, 1080): Viewport is set to new size with width = 1920 and height = 1080

2022-07-19 07:11:52 - [MESSAGE][PASSED] - Viewport is set to new size with width = 1920 and height = 1080

2022-07-19 07:11:52 - [TEST_STEP][PASSED] - click(findTestObject("Object Repository/Page_Concours photo  votez pour la plus bel_494087/button_Accepter  Fermer")): Object: 'Object Repository/Page_Concours photo  votez pour la plus bel_494087/button_Accepter  Fermer' is clicked on

2022-07-19 07:11:53 - [MESSAGE][PASSED] - Object: 'Object Repository/Page_Concours photo  votez pour la plus bel_494087/button_Accepter  Fermer' is clicked on

2022-07-19 07:11:53 - [TEST_STEP][PASSED] - delay(12): Delayed 12 second(s)

2022-07-19 07:12:05 - [MESSAGE][PASSED] - Delayed 12 second(s)

2022-07-19 07:12:05 - [TEST_STEP][PASSED] - click(findTestObject("Object Repository/Page_Concours photo  votez pour la plus bel_494087/a_X")): Object: 'Object Repository/Page_Concours photo  votez pour la plus bel_494087/a_X' is clicked on

2022-07-19 07:12:05 - [MESSAGE][PASSED] - Object: 'Object Repository/Page_Concours photo  votez pour la plus bel_494087/a_X' is clicked on

2022-07-19 07:12:05 - [TEST_STEP][PASSED] - delay(1): Delayed 1 second(s)

2022-07-19 07:12:06 - [MESSAGE][PASSED] - Delayed 1 second(s)

2022-07-19 07:12:06 - [TEST_STEP][PASSED] - click(findTestObject("Object Repository/Page_Concours photo  votez pour la plus bel_494087/input_concat(Votez pour le plus beau chien de la cte d, , Opale )_jouer")): Object: 'Object Repository/Page_Concours photo  votez pour la plus bel_494087/input_concat(Votez pour le plus beau chien de la cte d, , Opale )_jouer' is clicked on

2022-07-19 07:12:07 - [MESSAGE][PASSED] - Object: 'Object Repository/Page_Concours photo  votez pour la plus bel_494087/input_concat(Votez pour le plus beau chien de la cte d, , Opale )_jouer' is clicked on

2022-07-19 07:12:07 - [TEST_STEP][PASSED] - if (verifyElementPresent(findTestObject("Page_Concours photo  votez pour la plus bel_494087/input_concat(Votez pour le plus beau chien de la cte d, , Opale )_jouer"), 1, OPTIONAL)): null

2022-07-19 07:12:08 - [MESSAGE][PASSED] - Object 'Object Repository/Page_Concours photo  votez pour la plus bel_494087/input_concat(Votez pour le plus beau chien de la cte d, , Opale )_jouer' is present

2022-07-19 07:12:08 - [TEST_STEP][PASSED] - click(findTestObject("Object Repository/Page_Concours photo  votez pour la plus bel_494087/input_concat(Votez pour le plus beau chien de la cte d, , Opale )_jouer")): Object: 'Object Repository/Page_Concours photo  votez pour la plus bel_494087/input_concat(Votez pour le plus beau chien de la cte d, , Opale )_jouer' is clicked on

2022-07-19 07:12:09 - [MESSAGE][PASSED] - Object: 'Object Repository/Page_Concours photo  votez pour la plus bel_494087/input_concat(Votez pour le plus beau chien de la cte d, , Opale )_jouer' is clicked on

2022-07-19 07:12:09 - [TEST_STEP][PASSED] - delay(1): Delayed 1 second(s)

2022-07-19 07:12:10 - [MESSAGE][PASSED] - Delayed 1 second(s)

2022-07-19 07:12:10 - [TEST_STEP][PASSED] - setText(findTestObject("Object Repository/Page_Concours photo  votez pour la plus bel_494087/input_trie par_keyword"), "Gaspard"): Text 'Gaspard' is set on object 'Object Repository/Page_Concours photo  votez pour la plus bel_494087/input_trie par_keyword'

2022-07-19 07:12:13 - [MESSAGE][PASSED] - Text 'Gaspard' is set on object 'Object Repository/Page_Concours photo  votez pour la plus bel_494087/input_trie par_keyword'

2022-07-19 07:12:13 - [TEST_STEP][PASSED] - sendKeys(findTestObject("Page_Concours photo  votez pour la plus bel_494087/input_trie par_keyword"), Keys.chord(ENTER)): Keys 'ENTER + ' sent to object: 'Object Repository/Page_Concours photo  votez pour la plus bel_494087/input_trie par_keyword'

2022-07-19 07:12:15 - [MESSAGE][PASSED] - Keys 'ENTER + ' sent to object: 'Object Repository/Page_Concours photo  votez pour la plus bel_494087/input_trie par_keyword'

2022-07-19 07:12:15 - [TEST_STEP][PASSED] - click(findTestObject("Page_Concours photo  votez pour la plus bel_494087/tri")): Object: 'Object Repository/Page_Concours photo  votez pour la plus bel_494087/tri' is clicked on

2022-07-19 07:12:15 - [MESSAGE][PASSED] - Object: 'Object Repository/Page_Concours photo  votez pour la plus bel_494087/tri' is clicked on

2022-07-19 07:12:15 - [TEST_STEP][PASSED] - click(findTestObject("Page_Concours photo  votez pour la plus bel_494087/plus de votes")): Object: 'Object Repository/Page_Concours photo  votez pour la plus bel_494087/plus de votes' is clicked on

2022-07-19 07:12:16 - [MESSAGE][PASSED] - Object: 'Object Repository/Page_Concours photo  votez pour la plus bel_494087/plus de votes' is clicked on

2022-07-19 07:12:17 - [TEST_STEP][PASSED] - click(findTestObject("Object Repository/Page_Concours photo  votez pour la plus bel_494087/i_Votes_fa fa-heart")): Object: 'Object Repository/Page_Concours photo  votez pour la plus bel_494087/i_Votes_fa fa-heart' is clicked on

2022-07-19 07:12:17 - [MESSAGE][PASSED] - Object: 'Object Repository/Page_Concours photo  votez pour la plus bel_494087/i_Votes_fa fa-heart' is clicked on

2022-07-19 07:12:17 - [TEST_STEP][PASSED] - delay(1): Delayed 1 second(s)

2022-07-19 07:12:18 - [MESSAGE][PASSED] - Delayed 1 second(s)

2022-07-19 07:12:18 - [TEST_STEP][PASSED] - closeBrowser(): Browser is closed

2022-07-19 07:12:19 - [MESSAGE][PASSED] - Browser is closed]]></system-out>
         <system-err><![CDATA[]]></system-err>
      </testcase>
      <testcase name="Test Cases/Vote" time="28.834" classname="Test Cases/Vote" status="PASSED">
         <system-out><![CDATA[2022-07-19 07:12:19 - [TEST_CASE][PASSED] - Test Cases/Vote: Test Cases/Vote

2022-07-19 07:12:19 - [TEST_STEP][PASSED] - openBrowser(""): Browser is opened with url: ''

2022-07-19 07:12:19 - [MESSAGE][INFO] - Starting 'Chrome' driver

2022-07-19 07:12:19 - [MESSAGE][INFO] - Action delay is set to 0 milliseconds

2022-07-19 07:12:20 - [MESSAGE][PASSED] - Browser is opened with url: ''

2022-07-19 07:12:20 - [TEST_STEP][PASSED] - navigateToUrl("https://lesechosdutouquet.nordlittoral.fr/147787/article/2022-06-30/concours-photo-montrez-nous-la-plus-belle-photo-de-votre-chien-en-promenade-sur#l5lb6r47qsmp9ur58y"): Navigate to 'https://lesechosdutouquet.nordlittoral.fr/147787/article/2022-06-30/concours-photo-montrez-nous-la-plus-belle-photo-de-votre-chien-en-promenade-sur#l5lb6r47qsmp9ur58y' successfully

2022-07-19 07:12:23 - [MESSAGE][PASSED] - Navigate to 'https://lesechosdutouquet.nordlittoral.fr/147787/article/2022-06-30/concours-photo-montrez-nous-la-plus-belle-photo-de-votre-chien-en-promenade-sur#l5lb6r47qsmp9ur58y' successfully

2022-07-19 07:12:23 - [TEST_STEP][PASSED] - setViewPortSize(1920, 1080): Viewport is set to new size with width = 1920 and height = 1080

2022-07-19 07:12:23 - [MESSAGE][PASSED] - Viewport is set to new size with width = 1920 and height = 1080

2022-07-19 07:12:23 - [TEST_STEP][PASSED] - click(findTestObject("Object Repository/Page_Concours photo  votez pour la plus bel_494087/button_Accepter  Fermer")): Object: 'Object Repository/Page_Concours photo  votez pour la plus bel_494087/button_Accepter  Fermer' is clicked on

2022-07-19 07:12:24 - [MESSAGE][PASSED] - Object: 'Object Repository/Page_Concours photo  votez pour la plus bel_494087/button_Accepter  Fermer' is clicked on

2022-07-19 07:12:24 - [TEST_STEP][PASSED] - delay(12): Delayed 12 second(s)

2022-07-19 07:12:36 - [MESSAGE][PASSED] - Delayed 12 second(s)

2022-07-19 07:12:36 - [TEST_STEP][PASSED] - click(findTestObject("Object Repository/Page_Concours photo  votez pour la plus bel_494087/a_X")): Object: 'Object Repository/Page_Concours photo  votez pour la plus bel_494087/a_X' is clicked on

2022-07-19 07:12:36 - [MESSAGE][PASSED] - Object: 'Object Repository/Page_Concours photo  votez pour la plus bel_494087/a_X' is clicked on

2022-07-19 07:12:36 - [TEST_STEP][PASSED] - delay(1): Delayed 1 second(s)

2022-07-19 07:12:37 - [MESSAGE][PASSED] - Delayed 1 second(s)

2022-07-19 07:12:37 - [TEST_STEP][PASSED] - click(findTestObject("Object Repository/Page_Concours photo  votez pour la plus bel_494087/input_concat(Votez pour le plus beau chien de la cte d, , Opale )_jouer")): Object: 'Object Repository/Page_Concours photo  votez pour la plus bel_494087/input_concat(Votez pour le plus beau chien de la cte d, , Opale )_jouer' is clicked on

2022-07-19 07:12:38 - [MESSAGE][PASSED] - Object: 'Object Repository/Page_Concours photo  votez pour la plus bel_494087/input_concat(Votez pour le plus beau chien de la cte d, , Opale )_jouer' is clicked on

2022-07-19 07:12:38 - [TEST_STEP][PASSED] - if (verifyElementPresent(findTestObject("Page_Concours photo  votez pour la plus bel_494087/input_concat(Votez pour le plus beau chien de la cte d, , Opale )_jouer"), 1, OPTIONAL)): null

2022-07-19 07:12:39 - [MESSAGE][PASSED] - Object 'Object Repository/Page_Concours photo  votez pour la plus bel_494087/input_concat(Votez pour le plus beau chien de la cte d, , Opale )_jouer' is present

2022-07-19 07:12:39 - [TEST_STEP][PASSED] - click(findTestObject("Object Repository/Page_Concours photo  votez pour la plus bel_494087/input_concat(Votez pour le plus beau chien de la cte d, , Opale )_jouer")): Object: 'Object Repository/Page_Concours photo  votez pour la plus bel_494087/input_concat(Votez pour le plus beau chien de la cte d, , Opale )_jouer' is clicked on

2022-07-19 07:12:40 - [MESSAGE][PASSED] - Object: 'Object Repository/Page_Concours photo  votez pour la plus bel_494087/input_concat(Votez pour le plus beau chien de la cte d, , Opale )_jouer' is clicked on

2022-07-19 07:12:40 - [TEST_STEP][PASSED] - delay(1): Delayed 1 second(s)

2022-07-19 07:12:41 - [MESSAGE][PASSED] - Delayed 1 second(s)

2022-07-19 07:12:41 - [TEST_STEP][PASSED] - setText(findTestObject("Object Repository/Page_Concours photo  votez pour la plus bel_494087/input_trie par_keyword"), "Gaspard"): Text 'Gaspard' is set on object 'Object Repository/Page_Concours photo  votez pour la plus bel_494087/input_trie par_keyword'

2022-07-19 07:12:42 - [MESSAGE][PASSED] - Text 'Gaspard' is set on object 'Object Repository/Page_Concours photo  votez pour la plus bel_494087/input_trie par_keyword'

2022-07-19 07:12:42 - [TEST_STEP][PASSED] - sendKeys(findTestObject("Page_Concours photo  votez pour la plus bel_494087/input_trie par_keyword"), Keys.chord(ENTER)): Keys 'ENTER + ' sent to object: 'Object Repository/Page_Concours photo  votez pour la plus bel_494087/input_trie par_keyword'

2022-07-19 07:12:44 - [MESSAGE][PASSED] - Keys 'ENTER + ' sent to object: 'Object Repository/Page_Concours photo  votez pour la plus bel_494087/input_trie par_keyword'

2022-07-19 07:12:44 - [TEST_STEP][PASSED] - click(findTestObject("Page_Concours photo  votez pour la plus bel_494087/tri")): Object: 'Object Repository/Page_Concours photo  votez pour la plus bel_494087/tri' is clicked on

2022-07-19 07:12:44 - [MESSAGE][PASSED] - Object: 'Object Repository/Page_Concours photo  votez pour la plus bel_494087/tri' is clicked on

2022-07-19 07:12:44 - [TEST_STEP][PASSED] - click(findTestObject("Page_Concours photo  votez pour la plus bel_494087/plus de votes")): Object: 'Object Repository/Page_Concours photo  votez pour la plus bel_494087/plus de votes' is clicked on

2022-07-19 07:12:45 - [MESSAGE][PASSED] - Object: 'Object Repository/Page_Concours photo  votez pour la plus bel_494087/plus de votes' is clicked on

2022-07-19 07:12:46 - [TEST_STEP][PASSED] - click(findTestObject("Object Repository/Page_Concours photo  votez pour la plus bel_494087/i_Votes_fa fa-heart")): Object: 'Object Repository/Page_Concours photo  votez pour la plus bel_494087/i_Votes_fa fa-heart' is clicked on

2022-07-19 07:12:46 - [MESSAGE][PASSED] - Object: 'Object Repository/Page_Concours photo  votez pour la plus bel_494087/i_Votes_fa fa-heart' is clicked on

2022-07-19 07:12:46 - [TEST_STEP][PASSED] - delay(1): Delayed 1 second(s)

2022-07-19 07:12:47 - [MESSAGE][PASSED] - Delayed 1 second(s)

2022-07-19 07:12:47 - [TEST_STEP][PASSED] - closeBrowser(): Browser is closed

2022-07-19 07:12:47 - [MESSAGE][PASSED] - Browser is closed]]></system-out>
         <system-err><![CDATA[]]></system-err>
      </testcase>
      <testcase name="Test Cases/Vote" time="30.857" classname="Test Cases/Vote" status="PASSED">
         <system-out><![CDATA[2022-07-19 07:12:47 - [TEST_CASE][PASSED] - Test Cases/Vote: Test Cases/Vote

2022-07-19 07:12:47 - [TEST_STEP][PASSED] - openBrowser(""): Browser is opened with url: ''

2022-07-19 07:12:47 - [MESSAGE][INFO] - Starting 'Chrome' driver

2022-07-19 07:12:47 - [MESSAGE][INFO] - Action delay is set to 0 milliseconds

2022-07-19 07:12:49 - [MESSAGE][PASSED] - Browser is opened with url: ''

2022-07-19 07:12:49 - [TEST_STEP][PASSED] - navigateToUrl("https://lesechosdutouquet.nordlittoral.fr/147787/article/2022-06-30/concours-photo-montrez-nous-la-plus-belle-photo-de-votre-chien-en-promenade-sur#l5lb6r47qsmp9ur58y"): Navigate to 'https://lesechosdutouquet.nordlittoral.fr/147787/article/2022-06-30/concours-photo-montrez-nous-la-plus-belle-photo-de-votre-chien-en-promenade-sur#l5lb6r47qsmp9ur58y' successfully

2022-07-19 07:12:53 - [MESSAGE][PASSED] - Navigate to 'https://lesechosdutouquet.nordlittoral.fr/147787/article/2022-06-30/concours-photo-montrez-nous-la-plus-belle-photo-de-votre-chien-en-promenade-sur#l5lb6r47qsmp9ur58y' successfully

2022-07-19 07:12:53 - [TEST_STEP][PASSED] - setViewPortSize(1920, 1080): Viewport is set to new size with width = 1920 and height = 1080

2022-07-19 07:12:53 - [MESSAGE][PASSED] - Viewport is set to new size with width = 1920 and height = 1080

2022-07-19 07:12:53 - [TEST_STEP][PASSED] - click(findTestObject("Object Repository/Page_Concours photo  votez pour la plus bel_494087/button_Accepter  Fermer")): Object: 'Object Repository/Page_Concours photo  votez pour la plus bel_494087/button_Accepter  Fermer' is clicked on

2022-07-19 07:12:54 - [MESSAGE][PASSED] - Object: 'Object Repository/Page_Concours photo  votez pour la plus bel_494087/button_Accepter  Fermer' is clicked on

2022-07-19 07:12:54 - [TEST_STEP][PASSED] - delay(12): Delayed 12 second(s)

2022-07-19 07:13:06 - [MESSAGE][PASSED] - Delayed 12 second(s)

2022-07-19 07:13:06 - [TEST_STEP][PASSED] - click(findTestObject("Object Repository/Page_Concours photo  votez pour la plus bel_494087/a_X")): Object: 'Object Repository/Page_Concours photo  votez pour la plus bel_494087/a_X' is clicked on

2022-07-19 07:13:06 - [MESSAGE][PASSED] - Object: 'Object Repository/Page_Concours photo  votez pour la plus bel_494087/a_X' is clicked on

2022-07-19 07:13:06 - [TEST_STEP][PASSED] - delay(1): Delayed 1 second(s)

2022-07-19 07:13:07 - [MESSAGE][PASSED] - Delayed 1 second(s)

2022-07-19 07:13:07 - [TEST_STEP][PASSED] - click(findTestObject("Object Repository/Page_Concours photo  votez pour la plus bel_494087/input_concat(Votez pour le plus beau chien de la cte d, , Opale )_jouer")): Object: 'Object Repository/Page_Concours photo  votez pour la plus bel_494087/input_concat(Votez pour le plus beau chien de la cte d, , Opale )_jouer' is clicked on

2022-07-19 07:13:08 - [MESSAGE][PASSED] - Object: 'Object Repository/Page_Concours photo  votez pour la plus bel_494087/input_concat(Votez pour le plus beau chien de la cte d, , Opale )_jouer' is clicked on

2022-07-19 07:13:08 - [TEST_STEP][PASSED] - if (verifyElementPresent(findTestObject("Page_Concours photo  votez pour la plus bel_494087/input_concat(Votez pour le plus beau chien de la cte d, , Opale )_jouer"), 1, OPTIONAL)): null

2022-07-19 07:13:09 - [MESSAGE][PASSED] - Object 'Object Repository/Page_Concours photo  votez pour la plus bel_494087/input_concat(Votez pour le plus beau chien de la cte d, , Opale )_jouer' is present

2022-07-19 07:13:09 - [TEST_STEP][PASSED] - click(findTestObject("Object Repository/Page_Concours photo  votez pour la plus bel_494087/input_concat(Votez pour le plus beau chien de la cte d, , Opale )_jouer")): Object: 'Object Repository/Page_Concours photo  votez pour la plus bel_494087/input_concat(Votez pour le plus beau chien de la cte d, , Opale )_jouer' is clicked on

2022-07-19 07:13:10 - [MESSAGE][PASSED] - Object: 'Object Repository/Page_Concours photo  votez pour la plus bel_494087/input_concat(Votez pour le plus beau chien de la cte d, , Opale )_jouer' is clicked on

2022-07-19 07:13:10 - [TEST_STEP][PASSED] - delay(1): Delayed 1 second(s)

2022-07-19 07:13:11 - [MESSAGE][PASSED] - Delayed 1 second(s)

2022-07-19 07:13:11 - [TEST_STEP][PASSED] - setText(findTestObject("Object Repository/Page_Concours photo  votez pour la plus bel_494087/input_trie par_keyword"), "Gaspard"): Text 'Gaspard' is set on object 'Object Repository/Page_Concours photo  votez pour la plus bel_494087/input_trie par_keyword'

2022-07-19 07:13:13 - [MESSAGE][PASSED] - Text 'Gaspard' is set on object 'Object Repository/Page_Concours photo  votez pour la plus bel_494087/input_trie par_keyword'

2022-07-19 07:13:13 - [TEST_STEP][PASSED] - sendKeys(findTestObject("Page_Concours photo  votez pour la plus bel_494087/input_trie par_keyword"), Keys.chord(ENTER)): Keys 'ENTER + ' sent to object: 'Object Repository/Page_Concours photo  votez pour la plus bel_494087/input_trie par_keyword'

2022-07-19 07:13:14 - [MESSAGE][PASSED] - Keys 'ENTER + ' sent to object: 'Object Repository/Page_Concours photo  votez pour la plus bel_494087/input_trie par_keyword'

2022-07-19 07:13:14 - [TEST_STEP][PASSED] - click(findTestObject("Page_Concours photo  votez pour la plus bel_494087/tri")): Object: 'Object Repository/Page_Concours photo  votez pour la plus bel_494087/tri' is clicked on

2022-07-19 07:13:15 - [MESSAGE][PASSED] - Object: 'Object Repository/Page_Concours photo  votez pour la plus bel_494087/tri' is clicked on

2022-07-19 07:13:15 - [TEST_STEP][PASSED] - click(findTestObject("Page_Concours photo  votez pour la plus bel_494087/plus de votes")): Object: 'Object Repository/Page_Concours photo  votez pour la plus bel_494087/plus de votes' is clicked on

2022-07-19 07:13:15 - [MESSAGE][PASSED] - Object: 'Object Repository/Page_Concours photo  votez pour la plus bel_494087/plus de votes' is clicked on

2022-07-19 07:13:17 - [TEST_STEP][PASSED] - click(findTestObject("Object Repository/Page_Concours photo  votez pour la plus bel_494087/i_Votes_fa fa-heart")): Object: 'Object Repository/Page_Concours photo  votez pour la plus bel_494087/i_Votes_fa fa-heart' is clicked on

2022-07-19 07:13:17 - [MESSAGE][PASSED] - Object: 'Object Repository/Page_Concours photo  votez pour la plus bel_494087/i_Votes_fa fa-heart' is clicked on

2022-07-19 07:13:17 - [TEST_STEP][PASSED] - delay(1): Delayed 1 second(s)

2022-07-19 07:13:18 - [MESSAGE][PASSED] - Delayed 1 second(s)

2022-07-19 07:13:18 - [TEST_STEP][PASSED] - closeBrowser(): Browser is closed

2022-07-19 07:13:18 - [MESSAGE][PASSED] - Browser is closed]]></system-out>
         <system-err><![CDATA[]]></system-err>
      </testcase>
      <testcase name="Test Cases/Vote" time="30.22" classname="Test Cases/Vote" status="PASSED">
         <system-out><![CDATA[2022-07-19 07:13:18 - [TEST_CASE][PASSED] - Test Cases/Vote: Test Cases/Vote

2022-07-19 07:13:18 - [TEST_STEP][PASSED] - openBrowser(""): Browser is opened with url: ''

2022-07-19 07:13:18 - [MESSAGE][INFO] - Starting 'Chrome' driver

2022-07-19 07:13:18 - [MESSAGE][INFO] - Action delay is set to 0 milliseconds

2022-07-19 07:13:19 - [MESSAGE][PASSED] - Browser is opened with url: ''

2022-07-19 07:13:20 - [TEST_STEP][PASSED] - navigateToUrl("https://lesechosdutouquet.nordlittoral.fr/147787/article/2022-06-30/concours-photo-montrez-nous-la-plus-belle-photo-de-votre-chien-en-promenade-sur#l5lb6r47qsmp9ur58y"): Navigate to 'https://lesechosdutouquet.nordlittoral.fr/147787/article/2022-06-30/concours-photo-montrez-nous-la-plus-belle-photo-de-votre-chien-en-promenade-sur#l5lb6r47qsmp9ur58y' successfully

2022-07-19 07:13:22 - [MESSAGE][PASSED] - Navigate to 'https://lesechosdutouquet.nordlittoral.fr/147787/article/2022-06-30/concours-photo-montrez-nous-la-plus-belle-photo-de-votre-chien-en-promenade-sur#l5lb6r47qsmp9ur58y' successfully

2022-07-19 07:13:22 - [TEST_STEP][PASSED] - setViewPortSize(1920, 1080): Viewport is set to new size with width = 1920 and height = 1080

2022-07-19 07:13:22 - [MESSAGE][PASSED] - Viewport is set to new size with width = 1920 and height = 1080

2022-07-19 07:13:22 - [TEST_STEP][PASSED] - click(findTestObject("Object Repository/Page_Concours photo  votez pour la plus bel_494087/button_Accepter  Fermer")): Object: 'Object Repository/Page_Concours photo  votez pour la plus bel_494087/button_Accepter  Fermer' is clicked on

2022-07-19 07:13:23 - [MESSAGE][PASSED] - Object: 'Object Repository/Page_Concours photo  votez pour la plus bel_494087/button_Accepter  Fermer' is clicked on

2022-07-19 07:13:23 - [TEST_STEP][PASSED] - delay(12): Delayed 12 second(s)

2022-07-19 07:13:35 - [MESSAGE][PASSED] - Delayed 12 second(s)

2022-07-19 07:13:35 - [TEST_STEP][PASSED] - click(findTestObject("Object Repository/Page_Concours photo  votez pour la plus bel_494087/a_X")): Object: 'Object Repository/Page_Concours photo  votez pour la plus bel_494087/a_X' is clicked on

2022-07-19 07:13:36 - [MESSAGE][PASSED] - Object: 'Object Repository/Page_Concours photo  votez pour la plus bel_494087/a_X' is clicked on

2022-07-19 07:13:36 - [TEST_STEP][PASSED] - delay(1): Delayed 1 second(s)

2022-07-19 07:13:37 - [MESSAGE][PASSED] - Delayed 1 second(s)

2022-07-19 07:13:37 - [TEST_STEP][PASSED] - click(findTestObject("Object Repository/Page_Concours photo  votez pour la plus bel_494087/input_concat(Votez pour le plus beau chien de la cte d, , Opale )_jouer")): Object: 'Object Repository/Page_Concours photo  votez pour la plus bel_494087/input_concat(Votez pour le plus beau chien de la cte d, , Opale )_jouer' is clicked on

2022-07-19 07:13:38 - [MESSAGE][PASSED] - Object: 'Object Repository/Page_Concours photo  votez pour la plus bel_494087/input_concat(Votez pour le plus beau chien de la cte d, , Opale )_jouer' is clicked on

2022-07-19 07:13:38 - [TEST_STEP][PASSED] - if (verifyElementPresent(findTestObject("Page_Concours photo  votez pour la plus bel_494087/input_concat(Votez pour le plus beau chien de la cte d, , Opale )_jouer"), 1, OPTIONAL)): null

2022-07-19 07:13:39 - [MESSAGE][PASSED] - Object 'Object Repository/Page_Concours photo  votez pour la plus bel_494087/input_concat(Votez pour le plus beau chien de la cte d, , Opale )_jouer' is present

2022-07-19 07:13:39 - [TEST_STEP][PASSED] - click(findTestObject("Object Repository/Page_Concours photo  votez pour la plus bel_494087/input_concat(Votez pour le plus beau chien de la cte d, , Opale )_jouer")): Object: 'Object Repository/Page_Concours photo  votez pour la plus bel_494087/input_concat(Votez pour le plus beau chien de la cte d, , Opale )_jouer' is clicked on

2022-07-19 07:13:40 - [MESSAGE][PASSED] - Object: 'Object Repository/Page_Concours photo  votez pour la plus bel_494087/input_concat(Votez pour le plus beau chien de la cte d, , Opale )_jouer' is clicked on

2022-07-19 07:13:40 - [TEST_STEP][PASSED] - delay(1): Delayed 1 second(s)

2022-07-19 07:13:41 - [MESSAGE][PASSED] - Delayed 1 second(s)

2022-07-19 07:13:41 - [TEST_STEP][PASSED] - setText(findTestObject("Object Repository/Page_Concours photo  votez pour la plus bel_494087/input_trie par_keyword"), "Gaspard"): Text 'Gaspard' is set on object 'Object Repository/Page_Concours photo  votez pour la plus bel_494087/input_trie par_keyword'

2022-07-19 07:13:43 - [MESSAGE][PASSED] - Text 'Gaspard' is set on object 'Object Repository/Page_Concours photo  votez pour la plus bel_494087/input_trie par_keyword'

2022-07-19 07:13:43 - [TEST_STEP][PASSED] - sendKeys(findTestObject("Page_Concours photo  votez pour la plus bel_494087/input_trie par_keyword"), Keys.chord(ENTER)): Keys 'ENTER + ' sent to object: 'Object Repository/Page_Concours photo  votez pour la plus bel_494087/input_trie par_keyword'

2022-07-19 07:13:44 - [MESSAGE][PASSED] - Keys 'ENTER + ' sent to object: 'Object Repository/Page_Concours photo  votez pour la plus bel_494087/input_trie par_keyword'

2022-07-19 07:13:44 - [TEST_STEP][PASSED] - click(findTestObject("Page_Concours photo  votez pour la plus bel_494087/tri")): Object: 'Object Repository/Page_Concours photo  votez pour la plus bel_494087/tri' is clicked on

2022-07-19 07:13:45 - [MESSAGE][PASSED] - Object: 'Object Repository/Page_Concours photo  votez pour la plus bel_494087/tri' is clicked on

2022-07-19 07:13:45 - [TEST_STEP][PASSED] - click(findTestObject("Page_Concours photo  votez pour la plus bel_494087/plus de votes")): Object: 'Object Repository/Page_Concours photo  votez pour la plus bel_494087/plus de votes' is clicked on

2022-07-19 07:13:45 - [MESSAGE][PASSED] - Object: 'Object Repository/Page_Concours photo  votez pour la plus bel_494087/plus de votes' is clicked on

2022-07-19 07:13:47 - [TEST_STEP][PASSED] - click(findTestObject("Object Repository/Page_Concours photo  votez pour la plus bel_494087/i_Votes_fa fa-heart")): Object: 'Object Repository/Page_Concours photo  votez pour la plus bel_494087/i_Votes_fa fa-heart' is clicked on

2022-07-19 07:13:47 - [MESSAGE][PASSED] - Object: 'Object Repository/Page_Concours photo  votez pour la plus bel_494087/i_Votes_fa fa-heart' is clicked on

2022-07-19 07:13:47 - [TEST_STEP][PASSED] - delay(1): Delayed 1 second(s)

2022-07-19 07:13:48 - [MESSAGE][PASSED] - Delayed 1 second(s)

2022-07-19 07:13:48 - [TEST_STEP][PASSED] - closeBrowser(): Browser is closed

2022-07-19 07:13:49 - [MESSAGE][PASSED] - Browser is closed]]></system-out>
         <system-err><![CDATA[]]></system-err>
      </testcase>
      <testcase name="Test Cases/Vote" time="29.003" classname="Test Cases/Vote" status="PASSED">
         <system-out><![CDATA[2022-07-19 07:13:49 - [TEST_CASE][PASSED] - Test Cases/Vote: Test Cases/Vote

2022-07-19 07:13:49 - [TEST_STEP][PASSED] - openBrowser(""): Browser is opened with url: ''

2022-07-19 07:13:49 - [MESSAGE][INFO] - Starting 'Chrome' driver

2022-07-19 07:13:49 - [MESSAGE][INFO] - Action delay is set to 0 milliseconds

2022-07-19 07:13:50 - [MESSAGE][PASSED] - Browser is opened with url: ''

2022-07-19 07:13:50 - [TEST_STEP][PASSED] - navigateToUrl("https://lesechosdutouquet.nordlittoral.fr/147787/article/2022-06-30/concours-photo-montrez-nous-la-plus-belle-photo-de-votre-chien-en-promenade-sur#l5lb6r47qsmp9ur58y"): Navigate to 'https://lesechosdutouquet.nordlittoral.fr/147787/article/2022-06-30/concours-photo-montrez-nous-la-plus-belle-photo-de-votre-chien-en-promenade-sur#l5lb6r47qsmp9ur58y' successfully

2022-07-19 07:13:52 - [MESSAGE][PASSED] - Navigate to 'https://lesechosdutouquet.nordlittoral.fr/147787/article/2022-06-30/concours-photo-montrez-nous-la-plus-belle-photo-de-votre-chien-en-promenade-sur#l5lb6r47qsmp9ur58y' successfully

2022-07-19 07:13:52 - [TEST_STEP][PASSED] - setViewPortSize(1920, 1080): Viewport is set to new size with width = 1920 and height = 1080

2022-07-19 07:13:52 - [MESSAGE][PASSED] - Viewport is set to new size with width = 1920 and height = 1080

2022-07-19 07:13:52 - [TEST_STEP][PASSED] - click(findTestObject("Object Repository/Page_Concours photo  votez pour la plus bel_494087/button_Accepter  Fermer")): Object: 'Object Repository/Page_Concours photo  votez pour la plus bel_494087/button_Accepter  Fermer' is clicked on

2022-07-19 07:13:53 - [MESSAGE][PASSED] - Object: 'Object Repository/Page_Concours photo  votez pour la plus bel_494087/button_Accepter  Fermer' is clicked on

2022-07-19 07:13:53 - [TEST_STEP][PASSED] - delay(12): Delayed 12 second(s)

2022-07-19 07:14:05 - [MESSAGE][PASSED] - Delayed 12 second(s)

2022-07-19 07:14:05 - [TEST_STEP][PASSED] - click(findTestObject("Object Repository/Page_Concours photo  votez pour la plus bel_494087/a_X")): Object: 'Object Repository/Page_Concours photo  votez pour la plus bel_494087/a_X' is clicked on

2022-07-19 07:14:06 - [MESSAGE][PASSED] - Object: 'Object Repository/Page_Concours photo  votez pour la plus bel_494087/a_X' is clicked on

2022-07-19 07:14:06 - [TEST_STEP][PASSED] - delay(1): Delayed 1 second(s)

2022-07-19 07:14:07 - [MESSAGE][PASSED] - Delayed 1 second(s)

2022-07-19 07:14:07 - [TEST_STEP][PASSED] - click(findTestObject("Object Repository/Page_Concours photo  votez pour la plus bel_494087/input_concat(Votez pour le plus beau chien de la cte d, , Opale )_jouer")): Object: 'Object Repository/Page_Concours photo  votez pour la plus bel_494087/input_concat(Votez pour le plus beau chien de la cte d, , Opale )_jouer' is clicked on

2022-07-19 07:14:07 - [MESSAGE][PASSED] - Object: 'Object Repository/Page_Concours photo  votez pour la plus bel_494087/input_concat(Votez pour le plus beau chien de la cte d, , Opale )_jouer' is clicked on

2022-07-19 07:14:08 - [TEST_STEP][PASSED] - if (verifyElementPresent(findTestObject("Page_Concours photo  votez pour la plus bel_494087/input_concat(Votez pour le plus beau chien de la cte d, , Opale )_jouer"), 1, OPTIONAL)): null

2022-07-19 07:14:09 - [MESSAGE][PASSED] - Object 'Object Repository/Page_Concours photo  votez pour la plus bel_494087/input_concat(Votez pour le plus beau chien de la cte d, , Opale )_jouer' is present

2022-07-19 07:14:09 - [TEST_STEP][PASSED] - click(findTestObject("Object Repository/Page_Concours photo  votez pour la plus bel_494087/input_concat(Votez pour le plus beau chien de la cte d, , Opale )_jouer")): Object: 'Object Repository/Page_Concours photo  votez pour la plus bel_494087/input_concat(Votez pour le plus beau chien de la cte d, , Opale )_jouer' is clicked on

2022-07-19 07:14:09 - [MESSAGE][PASSED] - Object: 'Object Repository/Page_Concours photo  votez pour la plus bel_494087/input_concat(Votez pour le plus beau chien de la cte d, , Opale )_jouer' is clicked on

2022-07-19 07:14:09 - [TEST_STEP][PASSED] - delay(1): Delayed 1 second(s)

2022-07-19 07:14:10 - [MESSAGE][PASSED] - Delayed 1 second(s)

2022-07-19 07:14:10 - [TEST_STEP][PASSED] - setText(findTestObject("Object Repository/Page_Concours photo  votez pour la plus bel_494087/input_trie par_keyword"), "Gaspard"): Text 'Gaspard' is set on object 'Object Repository/Page_Concours photo  votez pour la plus bel_494087/input_trie par_keyword'

2022-07-19 07:14:12 - [MESSAGE][PASSED] - Text 'Gaspard' is set on object 'Object Repository/Page_Concours photo  votez pour la plus bel_494087/input_trie par_keyword'

2022-07-19 07:14:12 - [TEST_STEP][PASSED] - sendKeys(findTestObject("Page_Concours photo  votez pour la plus bel_494087/input_trie par_keyword"), Keys.chord(ENTER)): Keys 'ENTER + ' sent to object: 'Object Repository/Page_Concours photo  votez pour la plus bel_494087/input_trie par_keyword'

2022-07-19 07:14:13 - [MESSAGE][PASSED] - Keys 'ENTER + ' sent to object: 'Object Repository/Page_Concours photo  votez pour la plus bel_494087/input_trie par_keyword'

2022-07-19 07:14:13 - [TEST_STEP][PASSED] - click(findTestObject("Page_Concours photo  votez pour la plus bel_494087/tri")): Object: 'Object Repository/Page_Concours photo  votez pour la plus bel_494087/tri' is clicked on

2022-07-19 07:14:14 - [MESSAGE][PASSED] - Object: 'Object Repository/Page_Concours photo  votez pour la plus bel_494087/tri' is clicked on

2022-07-19 07:14:14 - [TEST_STEP][PASSED] - click(findTestObject("Page_Concours photo  votez pour la plus bel_494087/plus de votes")): Object: 'Object Repository/Page_Concours photo  votez pour la plus bel_494087/plus de votes' is clicked on

2022-07-19 07:14:15 - [MESSAGE][PASSED] - Object: 'Object Repository/Page_Concours photo  votez pour la plus bel_494087/plus de votes' is clicked on

2022-07-19 07:14:16 - [TEST_STEP][PASSED] - click(findTestObject("Object Repository/Page_Concours photo  votez pour la plus bel_494087/i_Votes_fa fa-heart")): Object: 'Object Repository/Page_Concours photo  votez pour la plus bel_494087/i_Votes_fa fa-heart' is clicked on

2022-07-19 07:14:16 - [MESSAGE][PASSED] - Object: 'Object Repository/Page_Concours photo  votez pour la plus bel_494087/i_Votes_fa fa-heart' is clicked on

2022-07-19 07:14:16 - [TEST_STEP][PASSED] - delay(1): Delayed 1 second(s)

2022-07-19 07:14:17 - [MESSAGE][PASSED] - Delayed 1 second(s)

2022-07-19 07:14:17 - [TEST_STEP][PASSED] - closeBrowser(): Browser is closed

2022-07-19 07:14:18 - [MESSAGE][PASSED] - Browser is closed]]></system-out>
         <system-err><![CDATA[]]></system-err>
      </testcase>
      <testcase name="Test Cases/Vote" time="30.67" classname="Test Cases/Vote" status="PASSED">
         <system-out><![CDATA[2022-07-19 07:14:18 - [TEST_CASE][PASSED] - Test Cases/Vote: Test Cases/Vote

2022-07-19 07:14:18 - [TEST_STEP][PASSED] - openBrowser(""): Browser is opened with url: ''

2022-07-19 07:14:18 - [MESSAGE][INFO] - Starting 'Chrome' driver

2022-07-19 07:14:18 - [MESSAGE][INFO] - Action delay is set to 0 milliseconds

2022-07-19 07:14:19 - [MESSAGE][PASSED] - Browser is opened with url: ''

2022-07-19 07:14:19 - [TEST_STEP][PASSED] - navigateToUrl("https://lesechosdutouquet.nordlittoral.fr/147787/article/2022-06-30/concours-photo-montrez-nous-la-plus-belle-photo-de-votre-chien-en-promenade-sur#l5lb6r47qsmp9ur58y"): Navigate to 'https://lesechosdutouquet.nordlittoral.fr/147787/article/2022-06-30/concours-photo-montrez-nous-la-plus-belle-photo-de-votre-chien-en-promenade-sur#l5lb6r47qsmp9ur58y' successfully

2022-07-19 07:14:22 - [MESSAGE][PASSED] - Navigate to 'https://lesechosdutouquet.nordlittoral.fr/147787/article/2022-06-30/concours-photo-montrez-nous-la-plus-belle-photo-de-votre-chien-en-promenade-sur#l5lb6r47qsmp9ur58y' successfully

2022-07-19 07:14:22 - [TEST_STEP][PASSED] - setViewPortSize(1920, 1080): Viewport is set to new size with width = 1920 and height = 1080

2022-07-19 07:14:22 - [MESSAGE][PASSED] - Viewport is set to new size with width = 1920 and height = 1080

2022-07-19 07:14:22 - [TEST_STEP][PASSED] - click(findTestObject("Object Repository/Page_Concours photo  votez pour la plus bel_494087/button_Accepter  Fermer")): Object: 'Object Repository/Page_Concours photo  votez pour la plus bel_494087/button_Accepter  Fermer' is clicked on

2022-07-19 07:14:24 - [MESSAGE][PASSED] - Object: 'Object Repository/Page_Concours photo  votez pour la plus bel_494087/button_Accepter  Fermer' is clicked on

2022-07-19 07:14:24 - [TEST_STEP][PASSED] - delay(12): Delayed 12 second(s)

2022-07-19 07:14:36 - [MESSAGE][PASSED] - Delayed 12 second(s)

2022-07-19 07:14:36 - [TEST_STEP][PASSED] - click(findTestObject("Object Repository/Page_Concours photo  votez pour la plus bel_494087/a_X")): Object: 'Object Repository/Page_Concours photo  votez pour la plus bel_494087/a_X' is clicked on

2022-07-19 07:14:36 - [MESSAGE][PASSED] - Object: 'Object Repository/Page_Concours photo  votez pour la plus bel_494087/a_X' is clicked on

2022-07-19 07:14:36 - [TEST_STEP][PASSED] - delay(1): Delayed 1 second(s)

2022-07-19 07:14:37 - [MESSAGE][PASSED] - Delayed 1 second(s)

2022-07-19 07:14:37 - [TEST_STEP][PASSED] - click(findTestObject("Object Repository/Page_Concours photo  votez pour la plus bel_494087/input_concat(Votez pour le plus beau chien de la cte d, , Opale )_jouer")): Object: 'Object Repository/Page_Concours photo  votez pour la plus bel_494087/input_concat(Votez pour le plus beau chien de la cte d, , Opale )_jouer' is clicked on

2022-07-19 07:14:38 - [MESSAGE][PASSED] - Object: 'Object Repository/Page_Concours photo  votez pour la plus bel_494087/input_concat(Votez pour le plus beau chien de la cte d, , Opale )_jouer' is clicked on

2022-07-19 07:14:38 - [TEST_STEP][PASSED] - if (verifyElementPresent(findTestObject("Page_Concours photo  votez pour la plus bel_494087/input_concat(Votez pour le plus beau chien de la cte d, , Opale )_jouer"), 1, OPTIONAL)): null

2022-07-19 07:14:39 - [MESSAGE][PASSED] - Object 'Object Repository/Page_Concours photo  votez pour la plus bel_494087/input_concat(Votez pour le plus beau chien de la cte d, , Opale )_jouer' is present

2022-07-19 07:14:39 - [TEST_STEP][PASSED] - click(findTestObject("Object Repository/Page_Concours photo  votez pour la plus bel_494087/input_concat(Votez pour le plus beau chien de la cte d, , Opale )_jouer")): Object: 'Object Repository/Page_Concours photo  votez pour la plus bel_494087/input_concat(Votez pour le plus beau chien de la cte d, , Opale )_jouer' is clicked on

2022-07-19 07:14:40 - [MESSAGE][PASSED] - Object: 'Object Repository/Page_Concours photo  votez pour la plus bel_494087/input_concat(Votez pour le plus beau chien de la cte d, , Opale )_jouer' is clicked on

2022-07-19 07:14:40 - [TEST_STEP][PASSED] - delay(1): Delayed 1 second(s)

2022-07-19 07:14:41 - [MESSAGE][PASSED] - Delayed 1 second(s)

2022-07-19 07:14:41 - [TEST_STEP][PASSED] - setText(findTestObject("Object Repository/Page_Concours photo  votez pour la plus bel_494087/input_trie par_keyword"), "Gaspard"): Text 'Gaspard' is set on object 'Object Repository/Page_Concours photo  votez pour la plus bel_494087/input_trie par_keyword'

2022-07-19 07:14:43 - [MESSAGE][PASSED] - Text 'Gaspard' is set on object 'Object Repository/Page_Concours photo  votez pour la plus bel_494087/input_trie par_keyword'

2022-07-19 07:14:43 - [TEST_STEP][PASSED] - sendKeys(findTestObject("Page_Concours photo  votez pour la plus bel_494087/input_trie par_keyword"), Keys.chord(ENTER)): Keys 'ENTER + ' sent to object: 'Object Repository/Page_Concours photo  votez pour la plus bel_494087/input_trie par_keyword'

2022-07-19 07:14:44 - [MESSAGE][PASSED] - Keys 'ENTER + ' sent to object: 'Object Repository/Page_Concours photo  votez pour la plus bel_494087/input_trie par_keyword'

2022-07-19 07:14:44 - [TEST_STEP][PASSED] - click(findTestObject("Page_Concours photo  votez pour la plus bel_494087/tri")): Object: 'Object Repository/Page_Concours photo  votez pour la plus bel_494087/tri' is clicked on

2022-07-19 07:14:45 - [MESSAGE][PASSED] - Object: 'Object Repository/Page_Concours photo  votez pour la plus bel_494087/tri' is clicked on

2022-07-19 07:14:45 - [TEST_STEP][PASSED] - click(findTestObject("Page_Concours photo  votez pour la plus bel_494087/plus de votes")): Object: 'Object Repository/Page_Concours photo  votez pour la plus bel_494087/plus de votes' is clicked on

2022-07-19 07:14:45 - [MESSAGE][PASSED] - Object: 'Object Repository/Page_Concours photo  votez pour la plus bel_494087/plus de votes' is clicked on

2022-07-19 07:14:46 - [TEST_STEP][PASSED] - click(findTestObject("Object Repository/Page_Concours photo  votez pour la plus bel_494087/i_Votes_fa fa-heart")): Object: 'Object Repository/Page_Concours photo  votez pour la plus bel_494087/i_Votes_fa fa-heart' is clicked on

2022-07-19 07:14:47 - [MESSAGE][PASSED] - Object: 'Object Repository/Page_Concours photo  votez pour la plus bel_494087/i_Votes_fa fa-heart' is clicked on

2022-07-19 07:14:47 - [TEST_STEP][PASSED] - delay(1): Delayed 1 second(s)

2022-07-19 07:14:48 - [MESSAGE][PASSED] - Delayed 1 second(s)

2022-07-19 07:14:48 - [TEST_STEP][PASSED] - closeBrowser(): Browser is closed

2022-07-19 07:14:48 - [MESSAGE][PASSED] - Browser is closed]]></system-out>
         <system-err><![CDATA[]]></system-err>
      </testcase>
      <testcase name="Test Cases/Vote" time="31.447" classname="Test Cases/Vote" status="PASSED">
         <system-out><![CDATA[2022-07-19 07:14:48 - [TEST_CASE][PASSED] - Test Cases/Vote: Test Cases/Vote

2022-07-19 07:14:48 - [TEST_STEP][PASSED] - openBrowser(""): Browser is opened with url: ''

2022-07-19 07:14:48 - [MESSAGE][INFO] - Starting 'Chrome' driver

2022-07-19 07:14:48 - [MESSAGE][INFO] - Action delay is set to 0 milliseconds

2022-07-19 07:14:49 - [MESSAGE][PASSED] - Browser is opened with url: ''

2022-07-19 07:14:49 - [TEST_STEP][PASSED] - navigateToUrl("https://lesechosdutouquet.nordlittoral.fr/147787/article/2022-06-30/concours-photo-montrez-nous-la-plus-belle-photo-de-votre-chien-en-promenade-sur#l5lb6r47qsmp9ur58y"): Navigate to 'https://lesechosdutouquet.nordlittoral.fr/147787/article/2022-06-30/concours-photo-montrez-nous-la-plus-belle-photo-de-votre-chien-en-promenade-sur#l5lb6r47qsmp9ur58y' successfully

2022-07-19 07:14:53 - [MESSAGE][PASSED] - Navigate to 'https://lesechosdutouquet.nordlittoral.fr/147787/article/2022-06-30/concours-photo-montrez-nous-la-plus-belle-photo-de-votre-chien-en-promenade-sur#l5lb6r47qsmp9ur58y' successfully

2022-07-19 07:14:53 - [TEST_STEP][PASSED] - setViewPortSize(1920, 1080): Viewport is set to new size with width = 1920 and height = 1080

2022-07-19 07:14:53 - [MESSAGE][PASSED] - Viewport is set to new size with width = 1920 and height = 1080

2022-07-19 07:14:53 - [TEST_STEP][PASSED] - click(findTestObject("Object Repository/Page_Concours photo  votez pour la plus bel_494087/button_Accepter  Fermer")): Object: 'Object Repository/Page_Concours photo  votez pour la plus bel_494087/button_Accepter  Fermer' is clicked on

2022-07-19 07:14:54 - [MESSAGE][PASSED] - Object: 'Object Repository/Page_Concours photo  votez pour la plus bel_494087/button_Accepter  Fermer' is clicked on

2022-07-19 07:14:54 - [TEST_STEP][PASSED] - delay(12): Delayed 12 second(s)

2022-07-19 07:15:06 - [MESSAGE][PASSED] - Delayed 12 second(s)

2022-07-19 07:15:06 - [TEST_STEP][PASSED] - click(findTestObject("Object Repository/Page_Concours photo  votez pour la plus bel_494087/a_X")): Object: 'Object Repository/Page_Concours photo  votez pour la plus bel_494087/a_X' is clicked on

2022-07-19 07:15:06 - [MESSAGE][PASSED] - Object: 'Object Repository/Page_Concours photo  votez pour la plus bel_494087/a_X' is clicked on

2022-07-19 07:15:06 - [TEST_STEP][PASSED] - delay(1): Delayed 1 second(s)

2022-07-19 07:15:07 - [MESSAGE][PASSED] - Delayed 1 second(s)

2022-07-19 07:15:07 - [TEST_STEP][PASSED] - click(findTestObject("Object Repository/Page_Concours photo  votez pour la plus bel_494087/input_concat(Votez pour le plus beau chien de la cte d, , Opale )_jouer")): Object: 'Object Repository/Page_Concours photo  votez pour la plus bel_494087/input_concat(Votez pour le plus beau chien de la cte d, , Opale )_jouer' is clicked on

2022-07-19 07:15:08 - [MESSAGE][PASSED] - Object: 'Object Repository/Page_Concours photo  votez pour la plus bel_494087/input_concat(Votez pour le plus beau chien de la cte d, , Opale )_jouer' is clicked on

2022-07-19 07:15:08 - [TEST_STEP][PASSED] - if (verifyElementPresent(findTestObject("Page_Concours photo  votez pour la plus bel_494087/input_concat(Votez pour le plus beau chien de la cte d, , Opale )_jouer"), 1, OPTIONAL)): null

2022-07-19 07:15:09 - [MESSAGE][PASSED] - Object 'Object Repository/Page_Concours photo  votez pour la plus bel_494087/input_concat(Votez pour le plus beau chien de la cte d, , Opale )_jouer' is present

2022-07-19 07:15:09 - [TEST_STEP][PASSED] - click(findTestObject("Object Repository/Page_Concours photo  votez pour la plus bel_494087/input_concat(Votez pour le plus beau chien de la cte d, , Opale )_jouer")): Object: 'Object Repository/Page_Concours photo  votez pour la plus bel_494087/input_concat(Votez pour le plus beau chien de la cte d, , Opale )_jouer' is clicked on

2022-07-19 07:15:10 - [MESSAGE][PASSED] - Object: 'Object Repository/Page_Concours photo  votez pour la plus bel_494087/input_concat(Votez pour le plus beau chien de la cte d, , Opale )_jouer' is clicked on

2022-07-19 07:15:10 - [TEST_STEP][PASSED] - delay(1): Delayed 1 second(s)

2022-07-19 07:15:11 - [MESSAGE][PASSED] - Delayed 1 second(s)

2022-07-19 07:15:11 - [TEST_STEP][PASSED] - setText(findTestObject("Object Repository/Page_Concours photo  votez pour la plus bel_494087/input_trie par_keyword"), "Gaspard"): Text 'Gaspard' is set on object 'Object Repository/Page_Concours photo  votez pour la plus bel_494087/input_trie par_keyword'

2022-07-19 07:15:14 - [MESSAGE][PASSED] - Text 'Gaspard' is set on object 'Object Repository/Page_Concours photo  votez pour la plus bel_494087/input_trie par_keyword'

2022-07-19 07:15:14 - [TEST_STEP][PASSED] - sendKeys(findTestObject("Page_Concours photo  votez pour la plus bel_494087/input_trie par_keyword"), Keys.chord(ENTER)): Keys 'ENTER + ' sent to object: 'Object Repository/Page_Concours photo  votez pour la plus bel_494087/input_trie par_keyword'

2022-07-19 07:15:16 - [MESSAGE][PASSED] - Keys 'ENTER + ' sent to object: 'Object Repository/Page_Concours photo  votez pour la plus bel_494087/input_trie par_keyword'

2022-07-19 07:15:16 - [TEST_STEP][PASSED] - click(findTestObject("Page_Concours photo  votez pour la plus bel_494087/tri")): Object: 'Object Repository/Page_Concours photo  votez pour la plus bel_494087/tri' is clicked on

2022-07-19 07:15:16 - [MESSAGE][PASSED] - Object: 'Object Repository/Page_Concours photo  votez pour la plus bel_494087/tri' is clicked on

2022-07-19 07:15:16 - [TEST_STEP][PASSED] - click(findTestObject("Page_Concours photo  votez pour la plus bel_494087/plus de votes")): Object: 'Object Repository/Page_Concours photo  votez pour la plus bel_494087/plus de votes' is clicked on

2022-07-19 07:15:17 - [MESSAGE][PASSED] - Object: 'Object Repository/Page_Concours photo  votez pour la plus bel_494087/plus de votes' is clicked on

2022-07-19 07:15:18 - [TEST_STEP][PASSED] - click(findTestObject("Object Repository/Page_Concours photo  votez pour la plus bel_494087/i_Votes_fa fa-heart")): Object: 'Object Repository/Page_Concours photo  votez pour la plus bel_494087/i_Votes_fa fa-heart' is clicked on

2022-07-19 07:15:18 - [MESSAGE][PASSED] - Object: 'Object Repository/Page_Concours photo  votez pour la plus bel_494087/i_Votes_fa fa-heart' is clicked on

2022-07-19 07:15:18 - [TEST_STEP][PASSED] - delay(1): Delayed 1 second(s)

2022-07-19 07:15:19 - [MESSAGE][PASSED] - Delayed 1 second(s)

2022-07-19 07:15:19 - [TEST_STEP][PASSED] - closeBrowser(): Browser is closed

2022-07-19 07:15:20 - [MESSAGE][PASSED] - Browser is closed]]></system-out>
         <system-err><![CDATA[]]></system-err>
      </testcase>
      <testcase name="Test Cases/Vote" time="29.384" classname="Test Cases/Vote" status="PASSED">
         <system-out><![CDATA[2022-07-19 07:15:20 - [TEST_CASE][PASSED] - Test Cases/Vote: Test Cases/Vote

2022-07-19 07:15:20 - [TEST_STEP][PASSED] - openBrowser(""): Browser is opened with url: ''

2022-07-19 07:15:20 - [MESSAGE][INFO] - Starting 'Chrome' driver

2022-07-19 07:15:20 - [MESSAGE][INFO] - Action delay is set to 0 milliseconds

2022-07-19 07:15:21 - [MESSAGE][PASSED] - Browser is opened with url: ''

2022-07-19 07:15:21 - [TEST_STEP][PASSED] - navigateToUrl("https://lesechosdutouquet.nordlittoral.fr/147787/article/2022-06-30/concours-photo-montrez-nous-la-plus-belle-photo-de-votre-chien-en-promenade-sur#l5lb6r47qsmp9ur58y"): Navigate to 'https://lesechosdutouquet.nordlittoral.fr/147787/article/2022-06-30/concours-photo-montrez-nous-la-plus-belle-photo-de-votre-chien-en-promenade-sur#l5lb6r47qsmp9ur58y' successfully

2022-07-19 07:15:24 - [MESSAGE][PASSED] - Navigate to 'https://lesechosdutouquet.nordlittoral.fr/147787/article/2022-06-30/concours-photo-montrez-nous-la-plus-belle-photo-de-votre-chien-en-promenade-sur#l5lb6r47qsmp9ur58y' successfully

2022-07-19 07:15:24 - [TEST_STEP][PASSED] - setViewPortSize(1920, 1080): Viewport is set to new size with width = 1920 and height = 1080

2022-07-19 07:15:24 - [MESSAGE][PASSED] - Viewport is set to new size with width = 1920 and height = 1080

2022-07-19 07:15:24 - [TEST_STEP][PASSED] - click(findTestObject("Object Repository/Page_Concours photo  votez pour la plus bel_494087/button_Accepter  Fermer")): Object: 'Object Repository/Page_Concours photo  votez pour la plus bel_494087/button_Accepter  Fermer' is clicked on

2022-07-19 07:15:25 - [MESSAGE][PASSED] - Object: 'Object Repository/Page_Concours photo  votez pour la plus bel_494087/button_Accepter  Fermer' is clicked on

2022-07-19 07:15:25 - [TEST_STEP][PASSED] - delay(12): Delayed 12 second(s)

2022-07-19 07:15:37 - [MESSAGE][PASSED] - Delayed 12 second(s)

2022-07-19 07:15:37 - [TEST_STEP][PASSED] - click(findTestObject("Object Repository/Page_Concours photo  votez pour la plus bel_494087/a_X")): Object: 'Object Repository/Page_Concours photo  votez pour la plus bel_494087/a_X' is clicked on

2022-07-19 07:15:37 - [MESSAGE][PASSED] - Object: 'Object Repository/Page_Concours photo  votez pour la plus bel_494087/a_X' is clicked on

2022-07-19 07:15:37 - [TEST_STEP][PASSED] - delay(1): Delayed 1 second(s)

2022-07-19 07:15:38 - [MESSAGE][PASSED] - Delayed 1 second(s)

2022-07-19 07:15:38 - [TEST_STEP][PASSED] - click(findTestObject("Object Repository/Page_Concours photo  votez pour la plus bel_494087/input_concat(Votez pour le plus beau chien de la cte d, , Opale )_jouer")): Object: 'Object Repository/Page_Concours photo  votez pour la plus bel_494087/input_concat(Votez pour le plus beau chien de la cte d, , Opale )_jouer' is clicked on

2022-07-19 07:15:39 - [MESSAGE][PASSED] - Object: 'Object Repository/Page_Concours photo  votez pour la plus bel_494087/input_concat(Votez pour le plus beau chien de la cte d, , Opale )_jouer' is clicked on

2022-07-19 07:15:39 - [TEST_STEP][PASSED] - if (verifyElementPresent(findTestObject("Page_Concours photo  votez pour la plus bel_494087/input_concat(Votez pour le plus beau chien de la cte d, , Opale )_jouer"), 1, OPTIONAL)): null

2022-07-19 07:15:40 - [MESSAGE][PASSED] - Object 'Object Repository/Page_Concours photo  votez pour la plus bel_494087/input_concat(Votez pour le plus beau chien de la cte d, , Opale )_jouer' is present

2022-07-19 07:15:40 - [TEST_STEP][PASSED] - click(findTestObject("Object Repository/Page_Concours photo  votez pour la plus bel_494087/input_concat(Votez pour le plus beau chien de la cte d, , Opale )_jouer")): Object: 'Object Repository/Page_Concours photo  votez pour la plus bel_494087/input_concat(Votez pour le plus beau chien de la cte d, , Opale )_jouer' is clicked on

2022-07-19 07:15:41 - [MESSAGE][PASSED] - Object: 'Object Repository/Page_Concours photo  votez pour la plus bel_494087/input_concat(Votez pour le plus beau chien de la cte d, , Opale )_jouer' is clicked on

2022-07-19 07:15:41 - [TEST_STEP][PASSED] - delay(1): Delayed 1 second(s)

2022-07-19 07:15:42 - [MESSAGE][PASSED] - Delayed 1 second(s)

2022-07-19 07:15:42 - [TEST_STEP][PASSED] - setText(findTestObject("Object Repository/Page_Concours photo  votez pour la plus bel_494087/input_trie par_keyword"), "Gaspard"): Text 'Gaspard' is set on object 'Object Repository/Page_Concours photo  votez pour la plus bel_494087/input_trie par_keyword'

2022-07-19 07:15:44 - [MESSAGE][PASSED] - Text 'Gaspard' is set on object 'Object Repository/Page_Concours photo  votez pour la plus bel_494087/input_trie par_keyword'

2022-07-19 07:15:44 - [TEST_STEP][PASSED] - sendKeys(findTestObject("Page_Concours photo  votez pour la plus bel_494087/input_trie par_keyword"), Keys.chord(ENTER)): Keys 'ENTER + ' sent to object: 'Object Repository/Page_Concours photo  votez pour la plus bel_494087/input_trie par_keyword'

2022-07-19 07:15:44 - [MESSAGE][PASSED] - Keys 'ENTER + ' sent to object: 'Object Repository/Page_Concours photo  votez pour la plus bel_494087/input_trie par_keyword'

2022-07-19 07:15:44 - [TEST_STEP][PASSED] - click(findTestObject("Page_Concours photo  votez pour la plus bel_494087/tri")): Object: 'Object Repository/Page_Concours photo  votez pour la plus bel_494087/tri' is clicked on

2022-07-19 07:15:45 - [MESSAGE][PASSED] - Object: 'Object Repository/Page_Concours photo  votez pour la plus bel_494087/tri' is clicked on

2022-07-19 07:15:46 - [TEST_STEP][PASSED] - click(findTestObject("Page_Concours photo  votez pour la plus bel_494087/plus de votes")): Object: 'Object Repository/Page_Concours photo  votez pour la plus bel_494087/plus de votes' is clicked on

2022-07-19 07:15:46 - [MESSAGE][PASSED] - Object: 'Object Repository/Page_Concours photo  votez pour la plus bel_494087/plus de votes' is clicked on

2022-07-19 07:15:47 - [TEST_STEP][PASSED] - click(findTestObject("Object Repository/Page_Concours photo  votez pour la plus bel_494087/i_Votes_fa fa-heart")): Object: 'Object Repository/Page_Concours photo  votez pour la plus bel_494087/i_Votes_fa fa-heart' is clicked on

2022-07-19 07:15:48 - [MESSAGE][PASSED] - Object: 'Object Repository/Page_Concours photo  votez pour la plus bel_494087/i_Votes_fa fa-heart' is clicked on

2022-07-19 07:15:48 - [TEST_STEP][PASSED] - delay(1): Delayed 1 second(s)

2022-07-19 07:15:49 - [MESSAGE][PASSED] - Delayed 1 second(s)

2022-07-19 07:15:49 - [TEST_STEP][PASSED] - closeBrowser(): Browser is closed

2022-07-19 07:15:49 - [MESSAGE][PASSED] - Browser is closed]]></system-out>
         <system-err><![CDATA[]]></system-err>
      </testcase>
      <testcase name="Test Cases/Vote" time="31.238" classname="Test Cases/Vote" status="PASSED">
         <system-out><![CDATA[2022-07-19 07:15:49 - [TEST_CASE][PASSED] - Test Cases/Vote: Test Cases/Vote

2022-07-19 07:15:49 - [TEST_STEP][PASSED] - openBrowser(""): Browser is opened with url: ''

2022-07-19 07:15:49 - [MESSAGE][INFO] - Starting 'Chrome' driver

2022-07-19 07:15:49 - [MESSAGE][INFO] - Action delay is set to 0 milliseconds

2022-07-19 07:15:50 - [MESSAGE][PASSED] - Browser is opened with url: ''

2022-07-19 07:15:50 - [TEST_STEP][PASSED] - navigateToUrl("https://lesechosdutouquet.nordlittoral.fr/147787/article/2022-06-30/concours-photo-montrez-nous-la-plus-belle-photo-de-votre-chien-en-promenade-sur#l5lb6r47qsmp9ur58y"): Navigate to 'https://lesechosdutouquet.nordlittoral.fr/147787/article/2022-06-30/concours-photo-montrez-nous-la-plus-belle-photo-de-votre-chien-en-promenade-sur#l5lb6r47qsmp9ur58y' successfully

2022-07-19 07:15:53 - [MESSAGE][PASSED] - Navigate to 'https://lesechosdutouquet.nordlittoral.fr/147787/article/2022-06-30/concours-photo-montrez-nous-la-plus-belle-photo-de-votre-chien-en-promenade-sur#l5lb6r47qsmp9ur58y' successfully

2022-07-19 07:15:53 - [TEST_STEP][PASSED] - setViewPortSize(1920, 1080): Viewport is set to new size with width = 1920 and height = 1080

2022-07-19 07:15:53 - [MESSAGE][PASSED] - Viewport is set to new size with width = 1920 and height = 1080

2022-07-19 07:15:53 - [TEST_STEP][PASSED] - click(findTestObject("Object Repository/Page_Concours photo  votez pour la plus bel_494087/button_Accepter  Fermer")): Object: 'Object Repository/Page_Concours photo  votez pour la plus bel_494087/button_Accepter  Fermer' is clicked on

2022-07-19 07:15:55 - [MESSAGE][PASSED] - Object: 'Object Repository/Page_Concours photo  votez pour la plus bel_494087/button_Accepter  Fermer' is clicked on

2022-07-19 07:15:55 - [TEST_STEP][PASSED] - delay(12): Delayed 12 second(s)

2022-07-19 07:16:07 - [MESSAGE][PASSED] - Delayed 12 second(s)

2022-07-19 07:16:07 - [TEST_STEP][PASSED] - click(findTestObject("Object Repository/Page_Concours photo  votez pour la plus bel_494087/a_X")): Object: 'Object Repository/Page_Concours photo  votez pour la plus bel_494087/a_X' is clicked on

2022-07-19 07:16:07 - [MESSAGE][PASSED] - Object: 'Object Repository/Page_Concours photo  votez pour la plus bel_494087/a_X' is clicked on

2022-07-19 07:16:07 - [TEST_STEP][PASSED] - delay(1): Delayed 1 second(s)

2022-07-19 07:16:08 - [MESSAGE][PASSED] - Delayed 1 second(s)

2022-07-19 07:16:08 - [TEST_STEP][PASSED] - click(findTestObject("Object Repository/Page_Concours photo  votez pour la plus bel_494087/input_concat(Votez pour le plus beau chien de la cte d, , Opale )_jouer")): Object: 'Object Repository/Page_Concours photo  votez pour la plus bel_494087/input_concat(Votez pour le plus beau chien de la cte d, , Opale )_jouer' is clicked on

2022-07-19 07:16:09 - [MESSAGE][PASSED] - Object: 'Object Repository/Page_Concours photo  votez pour la plus bel_494087/input_concat(Votez pour le plus beau chien de la cte d, , Opale )_jouer' is clicked on

2022-07-19 07:16:09 - [TEST_STEP][PASSED] - if (verifyElementPresent(findTestObject("Page_Concours photo  votez pour la plus bel_494087/input_concat(Votez pour le plus beau chien de la cte d, , Opale )_jouer"), 1, OPTIONAL)): null

2022-07-19 07:16:10 - [MESSAGE][PASSED] - Object 'Object Repository/Page_Concours photo  votez pour la plus bel_494087/input_concat(Votez pour le plus beau chien de la cte d, , Opale )_jouer' is present

2022-07-19 07:16:10 - [TEST_STEP][PASSED] - click(findTestObject("Object Repository/Page_Concours photo  votez pour la plus bel_494087/input_concat(Votez pour le plus beau chien de la cte d, , Opale )_jouer")): Object: 'Object Repository/Page_Concours photo  votez pour la plus bel_494087/input_concat(Votez pour le plus beau chien de la cte d, , Opale )_jouer' is clicked on

2022-07-19 07:16:11 - [MESSAGE][PASSED] - Object: 'Object Repository/Page_Concours photo  votez pour la plus bel_494087/input_concat(Votez pour le plus beau chien de la cte d, , Opale )_jouer' is clicked on

2022-07-19 07:16:11 - [TEST_STEP][PASSED] - delay(1): Delayed 1 second(s)

2022-07-19 07:16:12 - [MESSAGE][PASSED] - Delayed 1 second(s)

2022-07-19 07:16:12 - [TEST_STEP][PASSED] - setText(findTestObject("Object Repository/Page_Concours photo  votez pour la plus bel_494087/input_trie par_keyword"), "Gaspard"): Text 'Gaspard' is set on object 'Object Repository/Page_Concours photo  votez pour la plus bel_494087/input_trie par_keyword'

2022-07-19 07:16:15 - [MESSAGE][PASSED] - Text 'Gaspard' is set on object 'Object Repository/Page_Concours photo  votez pour la plus bel_494087/input_trie par_keyword'

2022-07-19 07:16:15 - [TEST_STEP][PASSED] - sendKeys(findTestObject("Page_Concours photo  votez pour la plus bel_494087/input_trie par_keyword"), Keys.chord(ENTER)): Keys 'ENTER + ' sent to object: 'Object Repository/Page_Concours photo  votez pour la plus bel_494087/input_trie par_keyword'

2022-07-19 07:16:16 - [MESSAGE][PASSED] - Keys 'ENTER + ' sent to object: 'Object Repository/Page_Concours photo  votez pour la plus bel_494087/input_trie par_keyword'

2022-07-19 07:16:16 - [TEST_STEP][PASSED] - click(findTestObject("Page_Concours photo  votez pour la plus bel_494087/tri")): Object: 'Object Repository/Page_Concours photo  votez pour la plus bel_494087/tri' is clicked on

2022-07-19 07:16:17 - [MESSAGE][PASSED] - Object: 'Object Repository/Page_Concours photo  votez pour la plus bel_494087/tri' is clicked on

2022-07-19 07:16:17 - [TEST_STEP][PASSED] - click(findTestObject("Page_Concours photo  votez pour la plus bel_494087/plus de votes")): Object: 'Object Repository/Page_Concours photo  votez pour la plus bel_494087/plus de votes' is clicked on

2022-07-19 07:16:17 - [MESSAGE][PASSED] - Object: 'Object Repository/Page_Concours photo  votez pour la plus bel_494087/plus de votes' is clicked on

2022-07-19 07:16:19 - [TEST_STEP][PASSED] - click(findTestObject("Object Repository/Page_Concours photo  votez pour la plus bel_494087/i_Votes_fa fa-heart")): Object: 'Object Repository/Page_Concours photo  votez pour la plus bel_494087/i_Votes_fa fa-heart' is clicked on

2022-07-19 07:16:19 - [MESSAGE][PASSED] - Object: 'Object Repository/Page_Concours photo  votez pour la plus bel_494087/i_Votes_fa fa-heart' is clicked on

2022-07-19 07:16:19 - [TEST_STEP][PASSED] - delay(1): Delayed 1 second(s)

2022-07-19 07:16:20 - [MESSAGE][PASSED] - Delayed 1 second(s)

2022-07-19 07:16:20 - [TEST_STEP][PASSED] - closeBrowser(): Browser is closed

2022-07-19 07:16:20 - [MESSAGE][PASSED] - Browser is closed]]></system-out>
         <system-err><![CDATA[]]></system-err>
      </testcase>
      <testcase name="Test Cases/Vote" time="35.338" classname="Test Cases/Vote" status="PASSED">
         <system-out><![CDATA[2022-07-19 07:16:20 - [TEST_CASE][PASSED] - Test Cases/Vote: Test Cases/Vote

2022-07-19 07:16:20 - [TEST_STEP][PASSED] - openBrowser(""): Browser is opened with url: ''

2022-07-19 07:16:20 - [MESSAGE][INFO] - Starting 'Chrome' driver

2022-07-19 07:16:20 - [MESSAGE][INFO] - Action delay is set to 0 milliseconds

2022-07-19 07:16:21 - [MESSAGE][PASSED] - Browser is opened with url: ''

2022-07-19 07:16:21 - [TEST_STEP][PASSED] - navigateToUrl("https://lesechosdutouquet.nordlittoral.fr/147787/article/2022-06-30/concours-photo-montrez-nous-la-plus-belle-photo-de-votre-chien-en-promenade-sur#l5lb6r47qsmp9ur58y"): Navigate to 'https://lesechosdutouquet.nordlittoral.fr/147787/article/2022-06-30/concours-photo-montrez-nous-la-plus-belle-photo-de-votre-chien-en-promenade-sur#l5lb6r47qsmp9ur58y' successfully

2022-07-19 07:16:29 - [MESSAGE][PASSED] - Navigate to 'https://lesechosdutouquet.nordlittoral.fr/147787/article/2022-06-30/concours-photo-montrez-nous-la-plus-belle-photo-de-votre-chien-en-promenade-sur#l5lb6r47qsmp9ur58y' successfully

2022-07-19 07:16:29 - [TEST_STEP][PASSED] - setViewPortSize(1920, 1080): Viewport is set to new size with width = 1920 and height = 1080

2022-07-19 07:16:29 - [MESSAGE][PASSED] - Viewport is set to new size with width = 1920 and height = 1080

2022-07-19 07:16:29 - [TEST_STEP][PASSED] - click(findTestObject("Object Repository/Page_Concours photo  votez pour la plus bel_494087/button_Accepter  Fermer")): Object: 'Object Repository/Page_Concours photo  votez pour la plus bel_494087/button_Accepter  Fermer' is clicked on

2022-07-19 07:16:30 - [MESSAGE][PASSED] - Object: 'Object Repository/Page_Concours photo  votez pour la plus bel_494087/button_Accepter  Fermer' is clicked on

2022-07-19 07:16:30 - [TEST_STEP][PASSED] - delay(12): Delayed 12 second(s)

2022-07-19 07:16:42 - [MESSAGE][PASSED] - Delayed 12 second(s)

2022-07-19 07:16:42 - [TEST_STEP][PASSED] - click(findTestObject("Object Repository/Page_Concours photo  votez pour la plus bel_494087/a_X")): Object: 'Object Repository/Page_Concours photo  votez pour la plus bel_494087/a_X' is clicked on

2022-07-19 07:16:43 - [MESSAGE][PASSED] - Object: 'Object Repository/Page_Concours photo  votez pour la plus bel_494087/a_X' is clicked on

2022-07-19 07:16:43 - [TEST_STEP][PASSED] - delay(1): Delayed 1 second(s)

2022-07-19 07:16:44 - [MESSAGE][PASSED] - Delayed 1 second(s)

2022-07-19 07:16:44 - [TEST_STEP][PASSED] - click(findTestObject("Object Repository/Page_Concours photo  votez pour la plus bel_494087/input_concat(Votez pour le plus beau chien de la cte d, , Opale )_jouer")): Object: 'Object Repository/Page_Concours photo  votez pour la plus bel_494087/input_concat(Votez pour le plus beau chien de la cte d, , Opale )_jouer' is clicked on

2022-07-19 07:16:44 - [MESSAGE][PASSED] - Object: 'Object Repository/Page_Concours photo  votez pour la plus bel_494087/input_concat(Votez pour le plus beau chien de la cte d, , Opale )_jouer' is clicked on

2022-07-19 07:16:45 - [TEST_STEP][PASSED] - if (verifyElementPresent(findTestObject("Page_Concours photo  votez pour la plus bel_494087/input_concat(Votez pour le plus beau chien de la cte d, , Opale )_jouer"), 1, OPTIONAL)): null

2022-07-19 07:16:46 - [MESSAGE][PASSED] - Object 'Object Repository/Page_Concours photo  votez pour la plus bel_494087/input_concat(Votez pour le plus beau chien de la cte d, , Opale )_jouer' is present

2022-07-19 07:16:46 - [TEST_STEP][PASSED] - click(findTestObject("Object Repository/Page_Concours photo  votez pour la plus bel_494087/input_concat(Votez pour le plus beau chien de la cte d, , Opale )_jouer")): Object: 'Object Repository/Page_Concours photo  votez pour la plus bel_494087/input_concat(Votez pour le plus beau chien de la cte d, , Opale )_jouer' is clicked on

2022-07-19 07:16:46 - [MESSAGE][PASSED] - Object: 'Object Repository/Page_Concours photo  votez pour la plus bel_494087/input_concat(Votez pour le plus beau chien de la cte d, , Opale )_jouer' is clicked on

2022-07-19 07:16:46 - [TEST_STEP][PASSED] - delay(1): Delayed 1 second(s)

2022-07-19 07:16:47 - [MESSAGE][PASSED] - Delayed 1 second(s)

2022-07-19 07:16:47 - [TEST_STEP][PASSED] - setText(findTestObject("Object Repository/Page_Concours photo  votez pour la plus bel_494087/input_trie par_keyword"), "Gaspard"): Text 'Gaspard' is set on object 'Object Repository/Page_Concours photo  votez pour la plus bel_494087/input_trie par_keyword'

2022-07-19 07:16:50 - [MESSAGE][PASSED] - Text 'Gaspard' is set on object 'Object Repository/Page_Concours photo  votez pour la plus bel_494087/input_trie par_keyword'

2022-07-19 07:16:50 - [TEST_STEP][PASSED] - sendKeys(findTestObject("Page_Concours photo  votez pour la plus bel_494087/input_trie par_keyword"), Keys.chord(ENTER)): Keys 'ENTER + ' sent to object: 'Object Repository/Page_Concours photo  votez pour la plus bel_494087/input_trie par_keyword'

2022-07-19 07:16:52 - [MESSAGE][PASSED] - Keys 'ENTER + ' sent to object: 'Object Repository/Page_Concours photo  votez pour la plus bel_494087/input_trie par_keyword'

2022-07-19 07:16:52 - [TEST_STEP][PASSED] - click(findTestObject("Page_Concours photo  votez pour la plus bel_494087/tri")): Object: 'Object Repository/Page_Concours photo  votez pour la plus bel_494087/tri' is clicked on

2022-07-19 07:16:52 - [MESSAGE][PASSED] - Object: 'Object Repository/Page_Concours photo  votez pour la plus bel_494087/tri' is clicked on

2022-07-19 07:16:52 - [TEST_STEP][PASSED] - click(findTestObject("Page_Concours photo  votez pour la plus bel_494087/plus de votes")): Object: 'Object Repository/Page_Concours photo  votez pour la plus bel_494087/plus de votes' is clicked on

2022-07-19 07:16:53 - [MESSAGE][PASSED] - Object: 'Object Repository/Page_Concours photo  votez pour la plus bel_494087/plus de votes' is clicked on

2022-07-19 07:16:53 - [TEST_STEP][PASSED] - click(findTestObject("Object Repository/Page_Concours photo  votez pour la plus bel_494087/i_Votes_fa fa-heart")): Object: 'Object Repository/Page_Concours photo  votez pour la plus bel_494087/i_Votes_fa fa-heart' is clicked on

2022-07-19 07:16:54 - [MESSAGE][PASSED] - Object: 'Object Repository/Page_Concours photo  votez pour la plus bel_494087/i_Votes_fa fa-heart' is clicked on

2022-07-19 07:16:54 - [TEST_STEP][PASSED] - delay(1): Delayed 1 second(s)

2022-07-19 07:16:55 - [MESSAGE][PASSED] - Delayed 1 second(s)

2022-07-19 07:16:55 - [TEST_STEP][PASSED] - closeBrowser(): Browser is closed

2022-07-19 07:16:56 - [MESSAGE][PASSED] - Browser is closed]]></system-out>
         <system-err><![CDATA[]]></system-err>
      </testcase>
      <testcase name="Test Cases/Vote" time="30.065" classname="Test Cases/Vote" status="PASSED">
         <system-out><![CDATA[2022-07-19 07:16:56 - [TEST_CASE][PASSED] - Test Cases/Vote: Test Cases/Vote

2022-07-19 07:16:56 - [TEST_STEP][PASSED] - openBrowser(""): Browser is opened with url: ''

2022-07-19 07:16:56 - [MESSAGE][INFO] - Starting 'Chrome' driver

2022-07-19 07:16:56 - [MESSAGE][INFO] - Action delay is set to 0 milliseconds

2022-07-19 07:16:57 - [MESSAGE][PASSED] - Browser is opened with url: ''

2022-07-19 07:16:57 - [TEST_STEP][PASSED] - navigateToUrl("https://lesechosdutouquet.nordlittoral.fr/147787/article/2022-06-30/concours-photo-montrez-nous-la-plus-belle-photo-de-votre-chien-en-promenade-sur#l5lb6r47qsmp9ur58y"): Navigate to 'https://lesechosdutouquet.nordlittoral.fr/147787/article/2022-06-30/concours-photo-montrez-nous-la-plus-belle-photo-de-votre-chien-en-promenade-sur#l5lb6r47qsmp9ur58y' successfully

2022-07-19 07:17:00 - [MESSAGE][PASSED] - Navigate to 'https://lesechosdutouquet.nordlittoral.fr/147787/article/2022-06-30/concours-photo-montrez-nous-la-plus-belle-photo-de-votre-chien-en-promenade-sur#l5lb6r47qsmp9ur58y' successfully

2022-07-19 07:17:00 - [TEST_STEP][PASSED] - setViewPortSize(1920, 1080): Viewport is set to new size with width = 1920 and height = 1080

2022-07-19 07:17:00 - [MESSAGE][PASSED] - Viewport is set to new size with width = 1920 and height = 1080

2022-07-19 07:17:00 - [TEST_STEP][PASSED] - click(findTestObject("Object Repository/Page_Concours photo  votez pour la plus bel_494087/button_Accepter  Fermer")): Object: 'Object Repository/Page_Concours photo  votez pour la plus bel_494087/button_Accepter  Fermer' is clicked on

2022-07-19 07:17:01 - [MESSAGE][PASSED] - Object: 'Object Repository/Page_Concours photo  votez pour la plus bel_494087/button_Accepter  Fermer' is clicked on

2022-07-19 07:17:01 - [TEST_STEP][PASSED] - delay(12): Delayed 12 second(s)

2022-07-19 07:17:13 - [MESSAGE][PASSED] - Delayed 12 second(s)

2022-07-19 07:17:13 - [TEST_STEP][PASSED] - click(findTestObject("Object Repository/Page_Concours photo  votez pour la plus bel_494087/a_X")): Object: 'Object Repository/Page_Concours photo  votez pour la plus bel_494087/a_X' is clicked on

2022-07-19 07:17:13 - [MESSAGE][PASSED] - Object: 'Object Repository/Page_Concours photo  votez pour la plus bel_494087/a_X' is clicked on

2022-07-19 07:17:13 - [TEST_STEP][PASSED] - delay(1): Delayed 1 second(s)

2022-07-19 07:17:14 - [MESSAGE][PASSED] - Delayed 1 second(s)

2022-07-19 07:17:14 - [TEST_STEP][PASSED] - click(findTestObject("Object Repository/Page_Concours photo  votez pour la plus bel_494087/input_concat(Votez pour le plus beau chien de la cte d, , Opale )_jouer")): Object: 'Object Repository/Page_Concours photo  votez pour la plus bel_494087/input_concat(Votez pour le plus beau chien de la cte d, , Opale )_jouer' is clicked on

2022-07-19 07:17:15 - [MESSAGE][PASSED] - Object: 'Object Repository/Page_Concours photo  votez pour la plus bel_494087/input_concat(Votez pour le plus beau chien de la cte d, , Opale )_jouer' is clicked on

2022-07-19 07:17:15 - [TEST_STEP][PASSED] - if (verifyElementPresent(findTestObject("Page_Concours photo  votez pour la plus bel_494087/input_concat(Votez pour le plus beau chien de la cte d, , Opale )_jouer"), 1, OPTIONAL)): null

2022-07-19 07:17:17 - [MESSAGE][PASSED] - Object 'Object Repository/Page_Concours photo  votez pour la plus bel_494087/input_concat(Votez pour le plus beau chien de la cte d, , Opale )_jouer' is present

2022-07-19 07:17:17 - [TEST_STEP][PASSED] - click(findTestObject("Object Repository/Page_Concours photo  votez pour la plus bel_494087/input_concat(Votez pour le plus beau chien de la cte d, , Opale )_jouer")): Object: 'Object Repository/Page_Concours photo  votez pour la plus bel_494087/input_concat(Votez pour le plus beau chien de la cte d, , Opale )_jouer' is clicked on

2022-07-19 07:17:17 - [MESSAGE][PASSED] - Object: 'Object Repository/Page_Concours photo  votez pour la plus bel_494087/input_concat(Votez pour le plus beau chien de la cte d, , Opale )_jouer' is clicked on

2022-07-19 07:17:17 - [TEST_STEP][PASSED] - delay(1): Delayed 1 second(s)

2022-07-19 07:17:18 - [MESSAGE][PASSED] - Delayed 1 second(s)

2022-07-19 07:17:18 - [TEST_STEP][PASSED] - setText(findTestObject("Object Repository/Page_Concours photo  votez pour la plus bel_494087/input_trie par_keyword"), "Gaspard"): Text 'Gaspard' is set on object 'Object Repository/Page_Concours photo  votez pour la plus bel_494087/input_trie par_keyword'

2022-07-19 07:17:21 - [MESSAGE][PASSED] - Text 'Gaspard' is set on object 'Object Repository/Page_Concours photo  votez pour la plus bel_494087/input_trie par_keyword'

2022-07-19 07:17:21 - [TEST_STEP][PASSED] - sendKeys(findTestObject("Page_Concours photo  votez pour la plus bel_494087/input_trie par_keyword"), Keys.chord(ENTER)): Keys 'ENTER + ' sent to object: 'Object Repository/Page_Concours photo  votez pour la plus bel_494087/input_trie par_keyword'

2022-07-19 07:17:21 - [MESSAGE][PASSED] - Keys 'ENTER + ' sent to object: 'Object Repository/Page_Concours photo  votez pour la plus bel_494087/input_trie par_keyword'

2022-07-19 07:17:21 - [TEST_STEP][PASSED] - click(findTestObject("Page_Concours photo  votez pour la plus bel_494087/tri")): Object: 'Object Repository/Page_Concours photo  votez pour la plus bel_494087/tri' is clicked on

2022-07-19 07:17:23 - [MESSAGE][PASSED] - Object: 'Object Repository/Page_Concours photo  votez pour la plus bel_494087/tri' is clicked on

2022-07-19 07:17:23 - [TEST_STEP][PASSED] - click(findTestObject("Page_Concours photo  votez pour la plus bel_494087/plus de votes")): Object: 'Object Repository/Page_Concours photo  votez pour la plus bel_494087/plus de votes' is clicked on

2022-07-19 07:17:23 - [MESSAGE][PASSED] - Object: 'Object Repository/Page_Concours photo  votez pour la plus bel_494087/plus de votes' is clicked on

2022-07-19 07:17:23 - [TEST_STEP][PASSED] - click(findTestObject("Object Repository/Page_Concours photo  votez pour la plus bel_494087/i_Votes_fa fa-heart")): Object: 'Object Repository/Page_Concours photo  votez pour la plus bel_494087/i_Votes_fa fa-heart' is clicked on

2022-07-19 07:17:24 - [MESSAGE][PASSED] - Object: 'Object Repository/Page_Concours photo  votez pour la plus bel_494087/i_Votes_fa fa-heart' is clicked on

2022-07-19 07:17:24 - [TEST_STEP][PASSED] - delay(1): Delayed 1 second(s)

2022-07-19 07:17:25 - [MESSAGE][PASSED] - Delayed 1 second(s)

2022-07-19 07:17:25 - [TEST_STEP][PASSED] - closeBrowser(): Browser is closed

2022-07-19 07:17:26 - [MESSAGE][PASSED] - Browser is closed]]></system-out>
         <system-err><![CDATA[]]></system-err>
      </testcase>
      <testcase name="Test Cases/Vote" time="29.319" classname="Test Cases/Vote" status="PASSED">
         <system-out><![CDATA[2022-07-19 07:17:26 - [TEST_CASE][PASSED] - Test Cases/Vote: Test Cases/Vote

2022-07-19 07:17:26 - [TEST_STEP][PASSED] - openBrowser(""): Browser is opened with url: ''

2022-07-19 07:17:26 - [MESSAGE][INFO] - Starting 'Chrome' driver

2022-07-19 07:17:26 - [MESSAGE][INFO] - Action delay is set to 0 milliseconds

2022-07-19 07:17:27 - [MESSAGE][PASSED] - Browser is opened with url: ''

2022-07-19 07:17:27 - [TEST_STEP][PASSED] - navigateToUrl("https://lesechosdutouquet.nordlittoral.fr/147787/article/2022-06-30/concours-photo-montrez-nous-la-plus-belle-photo-de-votre-chien-en-promenade-sur#l5lb6r47qsmp9ur58y"): Navigate to 'https://lesechosdutouquet.nordlittoral.fr/147787/article/2022-06-30/concours-photo-montrez-nous-la-plus-belle-photo-de-votre-chien-en-promenade-sur#l5lb6r47qsmp9ur58y' successfully

2022-07-19 07:17:29 - [MESSAGE][PASSED] - Navigate to 'https://lesechosdutouquet.nordlittoral.fr/147787/article/2022-06-30/concours-photo-montrez-nous-la-plus-belle-photo-de-votre-chien-en-promenade-sur#l5lb6r47qsmp9ur58y' successfully

2022-07-19 07:17:29 - [TEST_STEP][PASSED] - setViewPortSize(1920, 1080): Viewport is set to new size with width = 1920 and height = 1080

2022-07-19 07:17:30 - [MESSAGE][PASSED] - Viewport is set to new size with width = 1920 and height = 1080

2022-07-19 07:17:30 - [TEST_STEP][PASSED] - click(findTestObject("Object Repository/Page_Concours photo  votez pour la plus bel_494087/button_Accepter  Fermer")): Object: 'Object Repository/Page_Concours photo  votez pour la plus bel_494087/button_Accepter  Fermer' is clicked on

2022-07-19 07:17:31 - [MESSAGE][PASSED] - Object: 'Object Repository/Page_Concours photo  votez pour la plus bel_494087/button_Accepter  Fermer' is clicked on

2022-07-19 07:17:31 - [TEST_STEP][PASSED] - delay(12): Delayed 12 second(s)

2022-07-19 07:17:43 - [MESSAGE][PASSED] - Delayed 12 second(s)

2022-07-19 07:17:43 - [TEST_STEP][PASSED] - click(findTestObject("Object Repository/Page_Concours photo  votez pour la plus bel_494087/a_X")): Object: 'Object Repository/Page_Concours photo  votez pour la plus bel_494087/a_X' is clicked on

2022-07-19 07:17:43 - [MESSAGE][PASSED] - Object: 'Object Repository/Page_Concours photo  votez pour la plus bel_494087/a_X' is clicked on

2022-07-19 07:17:43 - [TEST_STEP][PASSED] - delay(1): Delayed 1 second(s)

2022-07-19 07:17:44 - [MESSAGE][PASSED] - Delayed 1 second(s)

2022-07-19 07:17:44 - [TEST_STEP][PASSED] - click(findTestObject("Object Repository/Page_Concours photo  votez pour la plus bel_494087/input_concat(Votez pour le plus beau chien de la cte d, , Opale )_jouer")): Object: 'Object Repository/Page_Concours photo  votez pour la plus bel_494087/input_concat(Votez pour le plus beau chien de la cte d, , Opale )_jouer' is clicked on

2022-07-19 07:17:45 - [MESSAGE][PASSED] - Object: 'Object Repository/Page_Concours photo  votez pour la plus bel_494087/input_concat(Votez pour le plus beau chien de la cte d, , Opale )_jouer' is clicked on

2022-07-19 07:17:45 - [TEST_STEP][PASSED] - if (verifyElementPresent(findTestObject("Page_Concours photo  votez pour la plus bel_494087/input_concat(Votez pour le plus beau chien de la cte d, , Opale )_jouer"), 1, OPTIONAL)): null

2022-07-19 07:17:46 - [MESSAGE][PASSED] - Object 'Object Repository/Page_Concours photo  votez pour la plus bel_494087/input_concat(Votez pour le plus beau chien de la cte d, , Opale )_jouer' is present

2022-07-19 07:17:46 - [TEST_STEP][PASSED] - click(findTestObject("Object Repository/Page_Concours photo  votez pour la plus bel_494087/input_concat(Votez pour le plus beau chien de la cte d, , Opale )_jouer")): Object: 'Object Repository/Page_Concours photo  votez pour la plus bel_494087/input_concat(Votez pour le plus beau chien de la cte d, , Opale )_jouer' is clicked on

2022-07-19 07:17:47 - [MESSAGE][PASSED] - Object: 'Object Repository/Page_Concours photo  votez pour la plus bel_494087/input_concat(Votez pour le plus beau chien de la cte d, , Opale )_jouer' is clicked on

2022-07-19 07:17:47 - [TEST_STEP][PASSED] - delay(1): Delayed 1 second(s)

2022-07-19 07:17:48 - [MESSAGE][PASSED] - Delayed 1 second(s)

2022-07-19 07:17:48 - [TEST_STEP][PASSED] - setText(findTestObject("Object Repository/Page_Concours photo  votez pour la plus bel_494087/input_trie par_keyword"), "Gaspard"): Text 'Gaspard' is set on object 'Object Repository/Page_Concours photo  votez pour la plus bel_494087/input_trie par_keyword'

2022-07-19 07:17:49 - [MESSAGE][PASSED] - Text 'Gaspard' is set on object 'Object Repository/Page_Concours photo  votez pour la plus bel_494087/input_trie par_keyword'

2022-07-19 07:17:49 - [TEST_STEP][PASSED] - sendKeys(findTestObject("Page_Concours photo  votez pour la plus bel_494087/input_trie par_keyword"), Keys.chord(ENTER)): Keys 'ENTER + ' sent to object: 'Object Repository/Page_Concours photo  votez pour la plus bel_494087/input_trie par_keyword'

2022-07-19 07:17:50 - [MESSAGE][PASSED] - Keys 'ENTER + ' sent to object: 'Object Repository/Page_Concours photo  votez pour la plus bel_494087/input_trie par_keyword'

2022-07-19 07:17:50 - [TEST_STEP][PASSED] - click(findTestObject("Page_Concours photo  votez pour la plus bel_494087/tri")): Object: 'Object Repository/Page_Concours photo  votez pour la plus bel_494087/tri' is clicked on

2022-07-19 07:17:51 - [MESSAGE][PASSED] - Object: 'Object Repository/Page_Concours photo  votez pour la plus bel_494087/tri' is clicked on

2022-07-19 07:17:51 - [TEST_STEP][PASSED] - click(findTestObject("Page_Concours photo  votez pour la plus bel_494087/plus de votes")): Object: 'Object Repository/Page_Concours photo  votez pour la plus bel_494087/plus de votes' is clicked on

2022-07-19 07:17:52 - [MESSAGE][PASSED] - Object: 'Object Repository/Page_Concours photo  votez pour la plus bel_494087/plus de votes' is clicked on

2022-07-19 07:17:53 - [TEST_STEP][PASSED] - click(findTestObject("Object Repository/Page_Concours photo  votez pour la plus bel_494087/i_Votes_fa fa-heart")): Object: 'Object Repository/Page_Concours photo  votez pour la plus bel_494087/i_Votes_fa fa-heart' is clicked on

2022-07-19 07:17:54 - [MESSAGE][PASSED] - Object: 'Object Repository/Page_Concours photo  votez pour la plus bel_494087/i_Votes_fa fa-heart' is clicked on

2022-07-19 07:17:54 - [TEST_STEP][PASSED] - delay(1): Delayed 1 second(s)

2022-07-19 07:17:55 - [MESSAGE][PASSED] - Delayed 1 second(s)

2022-07-19 07:17:55 - [TEST_STEP][PASSED] - closeBrowser(): Browser is closed

2022-07-19 07:17:55 - [MESSAGE][PASSED] - Browser is closed]]></system-out>
         <system-err><![CDATA[]]></system-err>
      </testcase>
      <testcase name="Test Cases/Vote" time="31.642" classname="Test Cases/Vote" status="PASSED">
         <system-out><![CDATA[2022-07-19 07:17:55 - [TEST_CASE][PASSED] - Test Cases/Vote: Test Cases/Vote

2022-07-19 07:17:55 - [TEST_STEP][PASSED] - openBrowser(""): Browser is opened with url: ''

2022-07-19 07:17:55 - [MESSAGE][INFO] - Starting 'Chrome' driver

2022-07-19 07:17:55 - [MESSAGE][INFO] - Action delay is set to 0 milliseconds

2022-07-19 07:17:56 - [MESSAGE][PASSED] - Browser is opened with url: ''

2022-07-19 07:17:56 - [TEST_STEP][PASSED] - navigateToUrl("https://lesechosdutouquet.nordlittoral.fr/147787/article/2022-06-30/concours-photo-montrez-nous-la-plus-belle-photo-de-votre-chien-en-promenade-sur#l5lb6r47qsmp9ur58y"): Navigate to 'https://lesechosdutouquet.nordlittoral.fr/147787/article/2022-06-30/concours-photo-montrez-nous-la-plus-belle-photo-de-votre-chien-en-promenade-sur#l5lb6r47qsmp9ur58y' successfully

2022-07-19 07:17:59 - [MESSAGE][PASSED] - Navigate to 'https://lesechosdutouquet.nordlittoral.fr/147787/article/2022-06-30/concours-photo-montrez-nous-la-plus-belle-photo-de-votre-chien-en-promenade-sur#l5lb6r47qsmp9ur58y' successfully

2022-07-19 07:17:59 - [TEST_STEP][PASSED] - setViewPortSize(1920, 1080): Viewport is set to new size with width = 1920 and height = 1080

2022-07-19 07:17:59 - [MESSAGE][PASSED] - Viewport is set to new size with width = 1920 and height = 1080

2022-07-19 07:17:59 - [TEST_STEP][PASSED] - click(findTestObject("Object Repository/Page_Concours photo  votez pour la plus bel_494087/button_Accepter  Fermer")): Object: 'Object Repository/Page_Concours photo  votez pour la plus bel_494087/button_Accepter  Fermer' is clicked on

2022-07-19 07:18:00 - [MESSAGE][PASSED] - Object: 'Object Repository/Page_Concours photo  votez pour la plus bel_494087/button_Accepter  Fermer' is clicked on

2022-07-19 07:18:00 - [TEST_STEP][PASSED] - delay(12): Delayed 12 second(s)

2022-07-19 07:18:12 - [MESSAGE][PASSED] - Delayed 12 second(s)

2022-07-19 07:18:12 - [TEST_STEP][PASSED] - click(findTestObject("Object Repository/Page_Concours photo  votez pour la plus bel_494087/a_X")): Object: 'Object Repository/Page_Concours photo  votez pour la plus bel_494087/a_X' is clicked on

2022-07-19 07:18:13 - [MESSAGE][PASSED] - Object: 'Object Repository/Page_Concours photo  votez pour la plus bel_494087/a_X' is clicked on

2022-07-19 07:18:13 - [TEST_STEP][PASSED] - delay(1): Delayed 1 second(s)

2022-07-19 07:18:14 - [MESSAGE][PASSED] - Delayed 1 second(s)

2022-07-19 07:18:14 - [TEST_STEP][PASSED] - click(findTestObject("Object Repository/Page_Concours photo  votez pour la plus bel_494087/input_concat(Votez pour le plus beau chien de la cte d, , Opale )_jouer")): Object: 'Object Repository/Page_Concours photo  votez pour la plus bel_494087/input_concat(Votez pour le plus beau chien de la cte d, , Opale )_jouer' is clicked on

2022-07-19 07:18:14 - [MESSAGE][PASSED] - Object: 'Object Repository/Page_Concours photo  votez pour la plus bel_494087/input_concat(Votez pour le plus beau chien de la cte d, , Opale )_jouer' is clicked on

2022-07-19 07:18:14 - [TEST_STEP][PASSED] - if (verifyElementPresent(findTestObject("Page_Concours photo  votez pour la plus bel_494087/input_concat(Votez pour le plus beau chien de la cte d, , Opale )_jouer"), 1, OPTIONAL)): null

2022-07-19 07:18:16 - [MESSAGE][PASSED] - Object 'Object Repository/Page_Concours photo  votez pour la plus bel_494087/input_concat(Votez pour le plus beau chien de la cte d, , Opale )_jouer' is present

2022-07-19 07:18:16 - [TEST_STEP][PASSED] - click(findTestObject("Object Repository/Page_Concours photo  votez pour la plus bel_494087/input_concat(Votez pour le plus beau chien de la cte d, , Opale )_jouer")): Object: 'Object Repository/Page_Concours photo  votez pour la plus bel_494087/input_concat(Votez pour le plus beau chien de la cte d, , Opale )_jouer' is clicked on

2022-07-19 07:18:16 - [MESSAGE][PASSED] - Object: 'Object Repository/Page_Concours photo  votez pour la plus bel_494087/input_concat(Votez pour le plus beau chien de la cte d, , Opale )_jouer' is clicked on

2022-07-19 07:18:16 - [TEST_STEP][PASSED] - delay(1): Delayed 1 second(s)

2022-07-19 07:18:17 - [MESSAGE][PASSED] - Delayed 1 second(s)

2022-07-19 07:18:17 - [TEST_STEP][PASSED] - setText(findTestObject("Object Repository/Page_Concours photo  votez pour la plus bel_494087/input_trie par_keyword"), "Gaspard"): Text 'Gaspard' is set on object 'Object Repository/Page_Concours photo  votez pour la plus bel_494087/input_trie par_keyword'

2022-07-19 07:18:21 - [MESSAGE][PASSED] - Text 'Gaspard' is set on object 'Object Repository/Page_Concours photo  votez pour la plus bel_494087/input_trie par_keyword'

2022-07-19 07:18:21 - [TEST_STEP][PASSED] - sendKeys(findTestObject("Page_Concours photo  votez pour la plus bel_494087/input_trie par_keyword"), Keys.chord(ENTER)): Keys 'ENTER + ' sent to object: 'Object Repository/Page_Concours photo  votez pour la plus bel_494087/input_trie par_keyword'

2022-07-19 07:18:22 - [MESSAGE][PASSED] - Keys 'ENTER + ' sent to object: 'Object Repository/Page_Concours photo  votez pour la plus bel_494087/input_trie par_keyword'

2022-07-19 07:18:22 - [TEST_STEP][PASSED] - click(findTestObject("Page_Concours photo  votez pour la plus bel_494087/tri")): Object: 'Object Repository/Page_Concours photo  votez pour la plus bel_494087/tri' is clicked on

2022-07-19 07:18:23 - [MESSAGE][PASSED] - Object: 'Object Repository/Page_Concours photo  votez pour la plus bel_494087/tri' is clicked on

2022-07-19 07:18:23 - [TEST_STEP][PASSED] - click(findTestObject("Page_Concours photo  votez pour la plus bel_494087/plus de votes")): Object: 'Object Repository/Page_Concours photo  votez pour la plus bel_494087/plus de votes' is clicked on

2022-07-19 07:18:25 - [MESSAGE][PASSED] - Object: 'Object Repository/Page_Concours photo  votez pour la plus bel_494087/plus de votes' is clicked on

2022-07-19 07:18:25 - [TEST_STEP][PASSED] - click(findTestObject("Object Repository/Page_Concours photo  votez pour la plus bel_494087/i_Votes_fa fa-heart")): Object: 'Object Repository/Page_Concours photo  votez pour la plus bel_494087/i_Votes_fa fa-heart' is clicked on

2022-07-19 07:18:25 - [MESSAGE][PASSED] - Object: 'Object Repository/Page_Concours photo  votez pour la plus bel_494087/i_Votes_fa fa-heart' is clicked on

2022-07-19 07:18:25 - [TEST_STEP][PASSED] - delay(1): Delayed 1 second(s)

2022-07-19 07:18:26 - [MESSAGE][PASSED] - Delayed 1 second(s)

2022-07-19 07:18:26 - [TEST_STEP][PASSED] - closeBrowser(): Browser is closed

2022-07-19 07:18:27 - [MESSAGE][PASSED] - Browser is closed]]></system-out>
         <system-err><![CDATA[]]></system-err>
      </testcase>
      <testcase name="Test Cases/Vote" time="31.772" classname="Test Cases/Vote" status="PASSED">
         <system-out><![CDATA[2022-07-19 07:18:27 - [TEST_CASE][PASSED] - Test Cases/Vote: Test Cases/Vote

2022-07-19 07:18:27 - [TEST_STEP][PASSED] - openBrowser(""): Browser is opened with url: ''

2022-07-19 07:18:27 - [MESSAGE][INFO] - Starting 'Chrome' driver

2022-07-19 07:18:27 - [MESSAGE][INFO] - Action delay is set to 0 milliseconds

2022-07-19 07:18:28 - [MESSAGE][PASSED] - Browser is opened with url: ''

2022-07-19 07:18:29 - [TEST_STEP][PASSED] - navigateToUrl("https://lesechosdutouquet.nordlittoral.fr/147787/article/2022-06-30/concours-photo-montrez-nous-la-plus-belle-photo-de-votre-chien-en-promenade-sur#l5lb6r47qsmp9ur58y"): Navigate to 'https://lesechosdutouquet.nordlittoral.fr/147787/article/2022-06-30/concours-photo-montrez-nous-la-plus-belle-photo-de-votre-chien-en-promenade-sur#l5lb6r47qsmp9ur58y' successfully

2022-07-19 07:18:32 - [MESSAGE][PASSED] - Navigate to 'https://lesechosdutouquet.nordlittoral.fr/147787/article/2022-06-30/concours-photo-montrez-nous-la-plus-belle-photo-de-votre-chien-en-promenade-sur#l5lb6r47qsmp9ur58y' successfully

2022-07-19 07:18:32 - [TEST_STEP][PASSED] - setViewPortSize(1920, 1080): Viewport is set to new size with width = 1920 and height = 1080

2022-07-19 07:18:32 - [MESSAGE][PASSED] - Viewport is set to new size with width = 1920 and height = 1080

2022-07-19 07:18:32 - [TEST_STEP][PASSED] - click(findTestObject("Object Repository/Page_Concours photo  votez pour la plus bel_494087/button_Accepter  Fermer")): Object: 'Object Repository/Page_Concours photo  votez pour la plus bel_494087/button_Accepter  Fermer' is clicked on

2022-07-19 07:18:33 - [MESSAGE][PASSED] - Object: 'Object Repository/Page_Concours photo  votez pour la plus bel_494087/button_Accepter  Fermer' is clicked on

2022-07-19 07:18:33 - [TEST_STEP][PASSED] - delay(12): Delayed 12 second(s)

2022-07-19 07:18:45 - [MESSAGE][PASSED] - Delayed 12 second(s)

2022-07-19 07:18:45 - [TEST_STEP][PASSED] - click(findTestObject("Object Repository/Page_Concours photo  votez pour la plus bel_494087/a_X")): Object: 'Object Repository/Page_Concours photo  votez pour la plus bel_494087/a_X' is clicked on

2022-07-19 07:18:45 - [MESSAGE][PASSED] - Object: 'Object Repository/Page_Concours photo  votez pour la plus bel_494087/a_X' is clicked on

2022-07-19 07:18:45 - [TEST_STEP][PASSED] - delay(1): Delayed 1 second(s)

2022-07-19 07:18:46 - [MESSAGE][PASSED] - Delayed 1 second(s)

2022-07-19 07:18:46 - [TEST_STEP][PASSED] - click(findTestObject("Object Repository/Page_Concours photo  votez pour la plus bel_494087/input_concat(Votez pour le plus beau chien de la cte d, , Opale )_jouer")): Object: 'Object Repository/Page_Concours photo  votez pour la plus bel_494087/input_concat(Votez pour le plus beau chien de la cte d, , Opale )_jouer' is clicked on

2022-07-19 07:18:47 - [MESSAGE][PASSED] - Object: 'Object Repository/Page_Concours photo  votez pour la plus bel_494087/input_concat(Votez pour le plus beau chien de la cte d, , Opale )_jouer' is clicked on

2022-07-19 07:18:47 - [TEST_STEP][PASSED] - if (verifyElementPresent(findTestObject("Page_Concours photo  votez pour la plus bel_494087/input_concat(Votez pour le plus beau chien de la cte d, , Opale )_jouer"), 1, OPTIONAL)): null

2022-07-19 07:18:49 - [MESSAGE][PASSED] - Object 'Object Repository/Page_Concours photo  votez pour la plus bel_494087/input_concat(Votez pour le plus beau chien de la cte d, , Opale )_jouer' is present

2022-07-19 07:18:49 - [TEST_STEP][PASSED] - click(findTestObject("Object Repository/Page_Concours photo  votez pour la plus bel_494087/input_concat(Votez pour le plus beau chien de la cte d, , Opale )_jouer")): Object: 'Object Repository/Page_Concours photo  votez pour la plus bel_494087/input_concat(Votez pour le plus beau chien de la cte d, , Opale )_jouer' is clicked on

2022-07-19 07:18:49 - [MESSAGE][PASSED] - Object: 'Object Repository/Page_Concours photo  votez pour la plus bel_494087/input_concat(Votez pour le plus beau chien de la cte d, , Opale )_jouer' is clicked on

2022-07-19 07:18:49 - [TEST_STEP][PASSED] - delay(1): Delayed 1 second(s)

2022-07-19 07:18:50 - [MESSAGE][PASSED] - Delayed 1 second(s)

2022-07-19 07:18:50 - [TEST_STEP][PASSED] - setText(findTestObject("Object Repository/Page_Concours photo  votez pour la plus bel_494087/input_trie par_keyword"), "Gaspard"): Text 'Gaspard' is set on object 'Object Repository/Page_Concours photo  votez pour la plus bel_494087/input_trie par_keyword'

2022-07-19 07:18:53 - [MESSAGE][PASSED] - Text 'Gaspard' is set on object 'Object Repository/Page_Concours photo  votez pour la plus bel_494087/input_trie par_keyword'

2022-07-19 07:18:53 - [TEST_STEP][PASSED] - sendKeys(findTestObject("Page_Concours photo  votez pour la plus bel_494087/input_trie par_keyword"), Keys.chord(ENTER)): Keys 'ENTER + ' sent to object: 'Object Repository/Page_Concours photo  votez pour la plus bel_494087/input_trie par_keyword'

2022-07-19 07:18:54 - [MESSAGE][PASSED] - Keys 'ENTER + ' sent to object: 'Object Repository/Page_Concours photo  votez pour la plus bel_494087/input_trie par_keyword'

2022-07-19 07:18:54 - [TEST_STEP][PASSED] - click(findTestObject("Page_Concours photo  votez pour la plus bel_494087/tri")): Object: 'Object Repository/Page_Concours photo  votez pour la plus bel_494087/tri' is clicked on

2022-07-19 07:18:55 - [MESSAGE][PASSED] - Object: 'Object Repository/Page_Concours photo  votez pour la plus bel_494087/tri' is clicked on

2022-07-19 07:18:55 - [TEST_STEP][PASSED] - click(findTestObject("Page_Concours photo  votez pour la plus bel_494087/plus de votes")): Object: 'Object Repository/Page_Concours photo  votez pour la plus bel_494087/plus de votes' is clicked on

2022-07-19 07:18:56 - [MESSAGE][PASSED] - Object: 'Object Repository/Page_Concours photo  votez pour la plus bel_494087/plus de votes' is clicked on

2022-07-19 07:18:57 - [TEST_STEP][PASSED] - click(findTestObject("Object Repository/Page_Concours photo  votez pour la plus bel_494087/i_Votes_fa fa-heart")): Object: 'Object Repository/Page_Concours photo  votez pour la plus bel_494087/i_Votes_fa fa-heart' is clicked on

2022-07-19 07:18:57 - [MESSAGE][PASSED] - Object: 'Object Repository/Page_Concours photo  votez pour la plus bel_494087/i_Votes_fa fa-heart' is clicked on

2022-07-19 07:18:57 - [TEST_STEP][PASSED] - delay(1): Delayed 1 second(s)

2022-07-19 07:18:58 - [MESSAGE][PASSED] - Delayed 1 second(s)

2022-07-19 07:18:58 - [TEST_STEP][PASSED] - closeBrowser(): Browser is closed

2022-07-19 07:18:58 - [MESSAGE][PASSED] - Browser is closed]]></system-out>
         <system-err><![CDATA[]]></system-err>
      </testcase>
      <testcase name="Test Cases/Vote" time="30.009" classname="Test Cases/Vote" status="PASSED">
         <system-out><![CDATA[2022-07-19 07:18:58 - [TEST_CASE][PASSED] - Test Cases/Vote: Test Cases/Vote

2022-07-19 07:18:58 - [TEST_STEP][PASSED] - openBrowser(""): Browser is opened with url: ''

2022-07-19 07:18:58 - [MESSAGE][INFO] - Starting 'Chrome' driver

2022-07-19 07:18:58 - [MESSAGE][INFO] - Action delay is set to 0 milliseconds

2022-07-19 07:19:00 - [MESSAGE][PASSED] - Browser is opened with url: ''

2022-07-19 07:19:00 - [TEST_STEP][PASSED] - navigateToUrl("https://lesechosdutouquet.nordlittoral.fr/147787/article/2022-06-30/concours-photo-montrez-nous-la-plus-belle-photo-de-votre-chien-en-promenade-sur#l5lb6r47qsmp9ur58y"): Navigate to 'https://lesechosdutouquet.nordlittoral.fr/147787/article/2022-06-30/concours-photo-montrez-nous-la-plus-belle-photo-de-votre-chien-en-promenade-sur#l5lb6r47qsmp9ur58y' successfully

2022-07-19 07:19:03 - [MESSAGE][PASSED] - Navigate to 'https://lesechosdutouquet.nordlittoral.fr/147787/article/2022-06-30/concours-photo-montrez-nous-la-plus-belle-photo-de-votre-chien-en-promenade-sur#l5lb6r47qsmp9ur58y' successfully

2022-07-19 07:19:03 - [TEST_STEP][PASSED] - setViewPortSize(1920, 1080): Viewport is set to new size with width = 1920 and height = 1080

2022-07-19 07:19:03 - [MESSAGE][PASSED] - Viewport is set to new size with width = 1920 and height = 1080

2022-07-19 07:19:03 - [TEST_STEP][PASSED] - click(findTestObject("Object Repository/Page_Concours photo  votez pour la plus bel_494087/button_Accepter  Fermer")): Object: 'Object Repository/Page_Concours photo  votez pour la plus bel_494087/button_Accepter  Fermer' is clicked on

2022-07-19 07:19:04 - [MESSAGE][PASSED] - Object: 'Object Repository/Page_Concours photo  votez pour la plus bel_494087/button_Accepter  Fermer' is clicked on

2022-07-19 07:19:04 - [TEST_STEP][PASSED] - delay(12): Delayed 12 second(s)

2022-07-19 07:19:16 - [MESSAGE][PASSED] - Delayed 12 second(s)

2022-07-19 07:19:16 - [TEST_STEP][PASSED] - click(findTestObject("Object Repository/Page_Concours photo  votez pour la plus bel_494087/a_X")): Object: 'Object Repository/Page_Concours photo  votez pour la plus bel_494087/a_X' is clicked on

2022-07-19 07:19:16 - [MESSAGE][PASSED] - Object: 'Object Repository/Page_Concours photo  votez pour la plus bel_494087/a_X' is clicked on

2022-07-19 07:19:16 - [TEST_STEP][PASSED] - delay(1): Delayed 1 second(s)

2022-07-19 07:19:17 - [MESSAGE][PASSED] - Delayed 1 second(s)

2022-07-19 07:19:17 - [TEST_STEP][PASSED] - click(findTestObject("Object Repository/Page_Concours photo  votez pour la plus bel_494087/input_concat(Votez pour le plus beau chien de la cte d, , Opale )_jouer")): Object: 'Object Repository/Page_Concours photo  votez pour la plus bel_494087/input_concat(Votez pour le plus beau chien de la cte d, , Opale )_jouer' is clicked on

2022-07-19 07:19:18 - [MESSAGE][PASSED] - Object: 'Object Repository/Page_Concours photo  votez pour la plus bel_494087/input_concat(Votez pour le plus beau chien de la cte d, , Opale )_jouer' is clicked on

2022-07-19 07:19:18 - [TEST_STEP][PASSED] - if (verifyElementPresent(findTestObject("Page_Concours photo  votez pour la plus bel_494087/input_concat(Votez pour le plus beau chien de la cte d, , Opale )_jouer"), 1, OPTIONAL)): null

2022-07-19 07:19:19 - [MESSAGE][PASSED] - Object 'Object Repository/Page_Concours photo  votez pour la plus bel_494087/input_concat(Votez pour le plus beau chien de la cte d, , Opale )_jouer' is present

2022-07-19 07:19:19 - [TEST_STEP][PASSED] - click(findTestObject("Object Repository/Page_Concours photo  votez pour la plus bel_494087/input_concat(Votez pour le plus beau chien de la cte d, , Opale )_jouer")): Object: 'Object Repository/Page_Concours photo  votez pour la plus bel_494087/input_concat(Votez pour le plus beau chien de la cte d, , Opale )_jouer' is clicked on

2022-07-19 07:19:20 - [MESSAGE][PASSED] - Object: 'Object Repository/Page_Concours photo  votez pour la plus bel_494087/input_concat(Votez pour le plus beau chien de la cte d, , Opale )_jouer' is clicked on

2022-07-19 07:19:20 - [TEST_STEP][PASSED] - delay(1): Delayed 1 second(s)

2022-07-19 07:19:21 - [MESSAGE][PASSED] - Delayed 1 second(s)

2022-07-19 07:19:21 - [TEST_STEP][PASSED] - setText(findTestObject("Object Repository/Page_Concours photo  votez pour la plus bel_494087/input_trie par_keyword"), "Gaspard"): Text 'Gaspard' is set on object 'Object Repository/Page_Concours photo  votez pour la plus bel_494087/input_trie par_keyword'

2022-07-19 07:19:23 - [MESSAGE][PASSED] - Text 'Gaspard' is set on object 'Object Repository/Page_Concours photo  votez pour la plus bel_494087/input_trie par_keyword'

2022-07-19 07:19:23 - [TEST_STEP][PASSED] - sendKeys(findTestObject("Page_Concours photo  votez pour la plus bel_494087/input_trie par_keyword"), Keys.chord(ENTER)): Keys 'ENTER + ' sent to object: 'Object Repository/Page_Concours photo  votez pour la plus bel_494087/input_trie par_keyword'

2022-07-19 07:19:24 - [MESSAGE][PASSED] - Keys 'ENTER + ' sent to object: 'Object Repository/Page_Concours photo  votez pour la plus bel_494087/input_trie par_keyword'

2022-07-19 07:19:24 - [TEST_STEP][PASSED] - click(findTestObject("Page_Concours photo  votez pour la plus bel_494087/tri")): Object: 'Object Repository/Page_Concours photo  votez pour la plus bel_494087/tri' is clicked on

2022-07-19 07:19:25 - [MESSAGE][PASSED] - Object: 'Object Repository/Page_Concours photo  votez pour la plus bel_494087/tri' is clicked on

2022-07-19 07:19:25 - [TEST_STEP][PASSED] - click(findTestObject("Page_Concours photo  votez pour la plus bel_494087/plus de votes")): Object: 'Object Repository/Page_Concours photo  votez pour la plus bel_494087/plus de votes' is clicked on

2022-07-19 07:19:25 - [MESSAGE][PASSED] - Object: 'Object Repository/Page_Concours photo  votez pour la plus bel_494087/plus de votes' is clicked on

2022-07-19 07:19:27 - [TEST_STEP][PASSED] - click(findTestObject("Object Repository/Page_Concours photo  votez pour la plus bel_494087/i_Votes_fa fa-heart")): Object: 'Object Repository/Page_Concours photo  votez pour la plus bel_494087/i_Votes_fa fa-heart' is clicked on

2022-07-19 07:19:27 - [MESSAGE][PASSED] - Object: 'Object Repository/Page_Concours photo  votez pour la plus bel_494087/i_Votes_fa fa-heart' is clicked on

2022-07-19 07:19:27 - [TEST_STEP][PASSED] - delay(1): Delayed 1 second(s)

2022-07-19 07:19:28 - [MESSAGE][PASSED] - Delayed 1 second(s)

2022-07-19 07:19:28 - [TEST_STEP][PASSED] - closeBrowser(): Browser is closed

2022-07-19 07:19:28 - [MESSAGE][PASSED] - Browser is closed]]></system-out>
         <system-err><![CDATA[]]></system-err>
      </testcase>
      <testcase name="Test Cases/Vote" time="29.862" classname="Test Cases/Vote" status="PASSED">
         <system-out><![CDATA[2022-07-19 07:19:28 - [TEST_CASE][PASSED] - Test Cases/Vote: Test Cases/Vote

2022-07-19 07:19:28 - [TEST_STEP][PASSED] - openBrowser(""): Browser is opened with url: ''

2022-07-19 07:19:28 - [MESSAGE][INFO] - Starting 'Chrome' driver

2022-07-19 07:19:28 - [MESSAGE][INFO] - Action delay is set to 0 milliseconds

2022-07-19 07:19:30 - [MESSAGE][PASSED] - Browser is opened with url: ''

2022-07-19 07:19:30 - [TEST_STEP][PASSED] - navigateToUrl("https://lesechosdutouquet.nordlittoral.fr/147787/article/2022-06-30/concours-photo-montrez-nous-la-plus-belle-photo-de-votre-chien-en-promenade-sur#l5lb6r47qsmp9ur58y"): Navigate to 'https://lesechosdutouquet.nordlittoral.fr/147787/article/2022-06-30/concours-photo-montrez-nous-la-plus-belle-photo-de-votre-chien-en-promenade-sur#l5lb6r47qsmp9ur58y' successfully

2022-07-19 07:19:32 - [MESSAGE][PASSED] - Navigate to 'https://lesechosdutouquet.nordlittoral.fr/147787/article/2022-06-30/concours-photo-montrez-nous-la-plus-belle-photo-de-votre-chien-en-promenade-sur#l5lb6r47qsmp9ur58y' successfully

2022-07-19 07:19:32 - [TEST_STEP][PASSED] - setViewPortSize(1920, 1080): Viewport is set to new size with width = 1920 and height = 1080

2022-07-19 07:19:32 - [MESSAGE][PASSED] - Viewport is set to new size with width = 1920 and height = 1080

2022-07-19 07:19:32 - [TEST_STEP][PASSED] - click(findTestObject("Object Repository/Page_Concours photo  votez pour la plus bel_494087/button_Accepter  Fermer")): Object: 'Object Repository/Page_Concours photo  votez pour la plus bel_494087/button_Accepter  Fermer' is clicked on

2022-07-19 07:19:33 - [MESSAGE][PASSED] - Object: 'Object Repository/Page_Concours photo  votez pour la plus bel_494087/button_Accepter  Fermer' is clicked on

2022-07-19 07:19:33 - [TEST_STEP][PASSED] - delay(12): Delayed 12 second(s)

2022-07-19 07:19:46 - [MESSAGE][PASSED] - Delayed 12 second(s)

2022-07-19 07:19:46 - [TEST_STEP][PASSED] - click(findTestObject("Object Repository/Page_Concours photo  votez pour la plus bel_494087/a_X")): Object: 'Object Repository/Page_Concours photo  votez pour la plus bel_494087/a_X' is clicked on

2022-07-19 07:19:46 - [MESSAGE][PASSED] - Object: 'Object Repository/Page_Concours photo  votez pour la plus bel_494087/a_X' is clicked on

2022-07-19 07:19:46 - [TEST_STEP][PASSED] - delay(1): Delayed 1 second(s)

2022-07-19 07:19:47 - [MESSAGE][PASSED] - Delayed 1 second(s)

2022-07-19 07:19:47 - [TEST_STEP][PASSED] - click(findTestObject("Object Repository/Page_Concours photo  votez pour la plus bel_494087/input_concat(Votez pour le plus beau chien de la cte d, , Opale )_jouer")): Object: 'Object Repository/Page_Concours photo  votez pour la plus bel_494087/input_concat(Votez pour le plus beau chien de la cte d, , Opale )_jouer' is clicked on

2022-07-19 07:19:48 - [MESSAGE][PASSED] - Object: 'Object Repository/Page_Concours photo  votez pour la plus bel_494087/input_concat(Votez pour le plus beau chien de la cte d, , Opale )_jouer' is clicked on

2022-07-19 07:19:48 - [TEST_STEP][PASSED] - if (verifyElementPresent(findTestObject("Page_Concours photo  votez pour la plus bel_494087/input_concat(Votez pour le plus beau chien de la cte d, , Opale )_jouer"), 1, OPTIONAL)): null

2022-07-19 07:19:49 - [MESSAGE][PASSED] - Object 'Object Repository/Page_Concours photo  votez pour la plus bel_494087/input_concat(Votez pour le plus beau chien de la cte d, , Opale )_jouer' is present

2022-07-19 07:19:49 - [TEST_STEP][PASSED] - click(findTestObject("Object Repository/Page_Concours photo  votez pour la plus bel_494087/input_concat(Votez pour le plus beau chien de la cte d, , Opale )_jouer")): Object: 'Object Repository/Page_Concours photo  votez pour la plus bel_494087/input_concat(Votez pour le plus beau chien de la cte d, , Opale )_jouer' is clicked on

2022-07-19 07:19:49 - [MESSAGE][PASSED] - Object: 'Object Repository/Page_Concours photo  votez pour la plus bel_494087/input_concat(Votez pour le plus beau chien de la cte d, , Opale )_jouer' is clicked on

2022-07-19 07:19:49 - [TEST_STEP][PASSED] - delay(1): Delayed 1 second(s)

2022-07-19 07:19:50 - [MESSAGE][PASSED] - Delayed 1 second(s)

2022-07-19 07:19:50 - [TEST_STEP][PASSED] - setText(findTestObject("Object Repository/Page_Concours photo  votez pour la plus bel_494087/input_trie par_keyword"), "Gaspard"): Text 'Gaspard' is set on object 'Object Repository/Page_Concours photo  votez pour la plus bel_494087/input_trie par_keyword'

2022-07-19 07:19:53 - [MESSAGE][PASSED] - Text 'Gaspard' is set on object 'Object Repository/Page_Concours photo  votez pour la plus bel_494087/input_trie par_keyword'

2022-07-19 07:19:53 - [TEST_STEP][PASSED] - sendKeys(findTestObject("Page_Concours photo  votez pour la plus bel_494087/input_trie par_keyword"), Keys.chord(ENTER)): Keys 'ENTER + ' sent to object: 'Object Repository/Page_Concours photo  votez pour la plus bel_494087/input_trie par_keyword'

2022-07-19 07:19:54 - [MESSAGE][PASSED] - Keys 'ENTER + ' sent to object: 'Object Repository/Page_Concours photo  votez pour la plus bel_494087/input_trie par_keyword'

2022-07-19 07:19:54 - [TEST_STEP][PASSED] - click(findTestObject("Page_Concours photo  votez pour la plus bel_494087/tri")): Object: 'Object Repository/Page_Concours photo  votez pour la plus bel_494087/tri' is clicked on

2022-07-19 07:19:55 - [MESSAGE][PASSED] - Object: 'Object Repository/Page_Concours photo  votez pour la plus bel_494087/tri' is clicked on

2022-07-19 07:19:55 - [TEST_STEP][PASSED] - click(findTestObject("Page_Concours photo  votez pour la plus bel_494087/plus de votes")): Object: 'Object Repository/Page_Concours photo  votez pour la plus bel_494087/plus de votes' is clicked on

2022-07-19 07:19:55 - [MESSAGE][PASSED] - Object: 'Object Repository/Page_Concours photo  votez pour la plus bel_494087/plus de votes' is clicked on

2022-07-19 07:19:57 - [TEST_STEP][PASSED] - click(findTestObject("Object Repository/Page_Concours photo  votez pour la plus bel_494087/i_Votes_fa fa-heart")): Object: 'Object Repository/Page_Concours photo  votez pour la plus bel_494087/i_Votes_fa fa-heart' is clicked on

2022-07-19 07:19:57 - [MESSAGE][PASSED] - Object: 'Object Repository/Page_Concours photo  votez pour la plus bel_494087/i_Votes_fa fa-heart' is clicked on

2022-07-19 07:19:57 - [TEST_STEP][PASSED] - delay(1): Delayed 1 second(s)

2022-07-19 07:19:58 - [MESSAGE][PASSED] - Delayed 1 second(s)

2022-07-19 07:19:58 - [TEST_STEP][PASSED] - closeBrowser(): Browser is closed

2022-07-19 07:19:58 - [MESSAGE][PASSED] - Browser is closed]]></system-out>
         <system-err><![CDATA[]]></system-err>
      </testcase>
      <testcase name="Test Cases/Vote" time="31.266" classname="Test Cases/Vote" status="PASSED">
         <system-out><![CDATA[2022-07-19 07:19:58 - [TEST_CASE][PASSED] - Test Cases/Vote: Test Cases/Vote

2022-07-19 07:19:58 - [TEST_STEP][PASSED] - openBrowser(""): Browser is opened with url: ''

2022-07-19 07:19:58 - [MESSAGE][INFO] - Starting 'Chrome' driver

2022-07-19 07:19:58 - [MESSAGE][INFO] - Action delay is set to 0 milliseconds

2022-07-19 07:20:00 - [MESSAGE][PASSED] - Browser is opened with url: ''

2022-07-19 07:20:00 - [TEST_STEP][PASSED] - navigateToUrl("https://lesechosdutouquet.nordlittoral.fr/147787/article/2022-06-30/concours-photo-montrez-nous-la-plus-belle-photo-de-votre-chien-en-promenade-sur#l5lb6r47qsmp9ur58y"): Navigate to 'https://lesechosdutouquet.nordlittoral.fr/147787/article/2022-06-30/concours-photo-montrez-nous-la-plus-belle-photo-de-votre-chien-en-promenade-sur#l5lb6r47qsmp9ur58y' successfully

2022-07-19 07:20:03 - [MESSAGE][PASSED] - Navigate to 'https://lesechosdutouquet.nordlittoral.fr/147787/article/2022-06-30/concours-photo-montrez-nous-la-plus-belle-photo-de-votre-chien-en-promenade-sur#l5lb6r47qsmp9ur58y' successfully

2022-07-19 07:20:03 - [TEST_STEP][PASSED] - setViewPortSize(1920, 1080): Viewport is set to new size with width = 1920 and height = 1080

2022-07-19 07:20:03 - [MESSAGE][PASSED] - Viewport is set to new size with width = 1920 and height = 1080

2022-07-19 07:20:03 - [TEST_STEP][PASSED] - click(findTestObject("Object Repository/Page_Concours photo  votez pour la plus bel_494087/button_Accepter  Fermer")): Object: 'Object Repository/Page_Concours photo  votez pour la plus bel_494087/button_Accepter  Fermer' is clicked on

2022-07-19 07:20:04 - [MESSAGE][PASSED] - Object: 'Object Repository/Page_Concours photo  votez pour la plus bel_494087/button_Accepter  Fermer' is clicked on

2022-07-19 07:20:04 - [TEST_STEP][PASSED] - delay(12): Delayed 12 second(s)

2022-07-19 07:20:16 - [MESSAGE][PASSED] - Delayed 12 second(s)

2022-07-19 07:20:16 - [TEST_STEP][PASSED] - click(findTestObject("Object Repository/Page_Concours photo  votez pour la plus bel_494087/a_X")): Object: 'Object Repository/Page_Concours photo  votez pour la plus bel_494087/a_X' is clicked on

2022-07-19 07:20:16 - [MESSAGE][PASSED] - Object: 'Object Repository/Page_Concours photo  votez pour la plus bel_494087/a_X' is clicked on

2022-07-19 07:20:16 - [TEST_STEP][PASSED] - delay(1): Delayed 1 second(s)

2022-07-19 07:20:17 - [MESSAGE][PASSED] - Delayed 1 second(s)

2022-07-19 07:20:17 - [TEST_STEP][PASSED] - click(findTestObject("Object Repository/Page_Concours photo  votez pour la plus bel_494087/input_concat(Votez pour le plus beau chien de la cte d, , Opale )_jouer")): Object: 'Object Repository/Page_Concours photo  votez pour la plus bel_494087/input_concat(Votez pour le plus beau chien de la cte d, , Opale )_jouer' is clicked on

2022-07-19 07:20:18 - [MESSAGE][PASSED] - Object: 'Object Repository/Page_Concours photo  votez pour la plus bel_494087/input_concat(Votez pour le plus beau chien de la cte d, , Opale )_jouer' is clicked on

2022-07-19 07:20:18 - [TEST_STEP][PASSED] - if (verifyElementPresent(findTestObject("Page_Concours photo  votez pour la plus bel_494087/input_concat(Votez pour le plus beau chien de la cte d, , Opale )_jouer"), 1, OPTIONAL)): null

2022-07-19 07:20:19 - [MESSAGE][PASSED] - Object 'Object Repository/Page_Concours photo  votez pour la plus bel_494087/input_concat(Votez pour le plus beau chien de la cte d, , Opale )_jouer' is present

2022-07-19 07:20:19 - [TEST_STEP][PASSED] - click(findTestObject("Object Repository/Page_Concours photo  votez pour la plus bel_494087/input_concat(Votez pour le plus beau chien de la cte d, , Opale )_jouer")): Object: 'Object Repository/Page_Concours photo  votez pour la plus bel_494087/input_concat(Votez pour le plus beau chien de la cte d, , Opale )_jouer' is clicked on

2022-07-19 07:20:20 - [MESSAGE][PASSED] - Object: 'Object Repository/Page_Concours photo  votez pour la plus bel_494087/input_concat(Votez pour le plus beau chien de la cte d, , Opale )_jouer' is clicked on

2022-07-19 07:20:20 - [TEST_STEP][PASSED] - delay(1): Delayed 1 second(s)

2022-07-19 07:20:21 - [MESSAGE][PASSED] - Delayed 1 second(s)

2022-07-19 07:20:21 - [TEST_STEP][PASSED] - setText(findTestObject("Object Repository/Page_Concours photo  votez pour la plus bel_494087/input_trie par_keyword"), "Gaspard"): Text 'Gaspard' is set on object 'Object Repository/Page_Concours photo  votez pour la plus bel_494087/input_trie par_keyword'

2022-07-19 07:20:24 - [MESSAGE][PASSED] - Text 'Gaspard' is set on object 'Object Repository/Page_Concours photo  votez pour la plus bel_494087/input_trie par_keyword'

2022-07-19 07:20:24 - [TEST_STEP][PASSED] - sendKeys(findTestObject("Page_Concours photo  votez pour la plus bel_494087/input_trie par_keyword"), Keys.chord(ENTER)): Keys 'ENTER + ' sent to object: 'Object Repository/Page_Concours photo  votez pour la plus bel_494087/input_trie par_keyword'

2022-07-19 07:20:26 - [MESSAGE][PASSED] - Keys 'ENTER + ' sent to object: 'Object Repository/Page_Concours photo  votez pour la plus bel_494087/input_trie par_keyword'

2022-07-19 07:20:26 - [TEST_STEP][PASSED] - click(findTestObject("Page_Concours photo  votez pour la plus bel_494087/tri")): Object: 'Object Repository/Page_Concours photo  votez pour la plus bel_494087/tri' is clicked on

2022-07-19 07:20:26 - [MESSAGE][PASSED] - Object: 'Object Repository/Page_Concours photo  votez pour la plus bel_494087/tri' is clicked on

2022-07-19 07:20:26 - [TEST_STEP][PASSED] - click(findTestObject("Page_Concours photo  votez pour la plus bel_494087/plus de votes")): Object: 'Object Repository/Page_Concours photo  votez pour la plus bel_494087/plus de votes' is clicked on

2022-07-19 07:20:27 - [MESSAGE][PASSED] - Object: 'Object Repository/Page_Concours photo  votez pour la plus bel_494087/plus de votes' is clicked on

2022-07-19 07:20:28 - [TEST_STEP][PASSED] - click(findTestObject("Object Repository/Page_Concours photo  votez pour la plus bel_494087/i_Votes_fa fa-heart")): Object: 'Object Repository/Page_Concours photo  votez pour la plus bel_494087/i_Votes_fa fa-heart' is clicked on

2022-07-19 07:20:28 - [MESSAGE][PASSED] - Object: 'Object Repository/Page_Concours photo  votez pour la plus bel_494087/i_Votes_fa fa-heart' is clicked on

2022-07-19 07:20:28 - [TEST_STEP][PASSED] - delay(1): Delayed 1 second(s)

2022-07-19 07:20:29 - [MESSAGE][PASSED] - Delayed 1 second(s)

2022-07-19 07:20:29 - [TEST_STEP][PASSED] - closeBrowser(): Browser is closed

2022-07-19 07:20:30 - [MESSAGE][PASSED] - Browser is closed]]></system-out>
         <system-err><![CDATA[]]></system-err>
      </testcase>
      <testcase name="Test Cases/Vote" time="30.936" classname="Test Cases/Vote" status="PASSED">
         <system-out><![CDATA[2022-07-19 07:20:30 - [TEST_CASE][PASSED] - Test Cases/Vote: Test Cases/Vote

2022-07-19 07:20:30 - [TEST_STEP][PASSED] - openBrowser(""): Browser is opened with url: ''

2022-07-19 07:20:30 - [MESSAGE][INFO] - Starting 'Chrome' driver

2022-07-19 07:20:30 - [MESSAGE][INFO] - Action delay is set to 0 milliseconds

2022-07-19 07:20:31 - [MESSAGE][PASSED] - Browser is opened with url: ''

2022-07-19 07:20:31 - [TEST_STEP][PASSED] - navigateToUrl("https://lesechosdutouquet.nordlittoral.fr/147787/article/2022-06-30/concours-photo-montrez-nous-la-plus-belle-photo-de-votre-chien-en-promenade-sur#l5lb6r47qsmp9ur58y"): Navigate to 'https://lesechosdutouquet.nordlittoral.fr/147787/article/2022-06-30/concours-photo-montrez-nous-la-plus-belle-photo-de-votre-chien-en-promenade-sur#l5lb6r47qsmp9ur58y' successfully

2022-07-19 07:20:34 - [MESSAGE][PASSED] - Navigate to 'https://lesechosdutouquet.nordlittoral.fr/147787/article/2022-06-30/concours-photo-montrez-nous-la-plus-belle-photo-de-votre-chien-en-promenade-sur#l5lb6r47qsmp9ur58y' successfully

2022-07-19 07:20:34 - [TEST_STEP][PASSED] - setViewPortSize(1920, 1080): Viewport is set to new size with width = 1920 and height = 1080

2022-07-19 07:20:35 - [MESSAGE][PASSED] - Viewport is set to new size with width = 1920 and height = 1080

2022-07-19 07:20:35 - [TEST_STEP][PASSED] - click(findTestObject("Object Repository/Page_Concours photo  votez pour la plus bel_494087/button_Accepter  Fermer")): Object: 'Object Repository/Page_Concours photo  votez pour la plus bel_494087/button_Accepter  Fermer' is clicked on

2022-07-19 07:20:36 - [MESSAGE][PASSED] - Object: 'Object Repository/Page_Concours photo  votez pour la plus bel_494087/button_Accepter  Fermer' is clicked on

2022-07-19 07:20:36 - [TEST_STEP][PASSED] - delay(12): Delayed 12 second(s)

2022-07-19 07:20:48 - [MESSAGE][PASSED] - Delayed 12 second(s)

2022-07-19 07:20:48 - [TEST_STEP][PASSED] - click(findTestObject("Object Repository/Page_Concours photo  votez pour la plus bel_494087/a_X")): Object: 'Object Repository/Page_Concours photo  votez pour la plus bel_494087/a_X' is clicked on

2022-07-19 07:20:48 - [MESSAGE][PASSED] - Object: 'Object Repository/Page_Concours photo  votez pour la plus bel_494087/a_X' is clicked on

2022-07-19 07:20:48 - [TEST_STEP][PASSED] - delay(1): Delayed 1 second(s)

2022-07-19 07:20:49 - [MESSAGE][PASSED] - Delayed 1 second(s)

2022-07-19 07:20:49 - [TEST_STEP][PASSED] - click(findTestObject("Object Repository/Page_Concours photo  votez pour la plus bel_494087/input_concat(Votez pour le plus beau chien de la cte d, , Opale )_jouer")): Object: 'Object Repository/Page_Concours photo  votez pour la plus bel_494087/input_concat(Votez pour le plus beau chien de la cte d, , Opale )_jouer' is clicked on

2022-07-19 07:20:50 - [MESSAGE][PASSED] - Object: 'Object Repository/Page_Concours photo  votez pour la plus bel_494087/input_concat(Votez pour le plus beau chien de la cte d, , Opale )_jouer' is clicked on

2022-07-19 07:20:50 - [TEST_STEP][PASSED] - if (verifyElementPresent(findTestObject("Page_Concours photo  votez pour la plus bel_494087/input_concat(Votez pour le plus beau chien de la cte d, , Opale )_jouer"), 1, OPTIONAL)): null

2022-07-19 07:20:51 - [MESSAGE][PASSED] - Object 'Object Repository/Page_Concours photo  votez pour la plus bel_494087/input_concat(Votez pour le plus beau chien de la cte d, , Opale )_jouer' is present

2022-07-19 07:20:51 - [TEST_STEP][PASSED] - click(findTestObject("Object Repository/Page_Concours photo  votez pour la plus bel_494087/input_concat(Votez pour le plus beau chien de la cte d, , Opale )_jouer")): Object: 'Object Repository/Page_Concours photo  votez pour la plus bel_494087/input_concat(Votez pour le plus beau chien de la cte d, , Opale )_jouer' is clicked on

2022-07-19 07:20:51 - [MESSAGE][PASSED] - Object: 'Object Repository/Page_Concours photo  votez pour la plus bel_494087/input_concat(Votez pour le plus beau chien de la cte d, , Opale )_jouer' is clicked on

2022-07-19 07:20:52 - [TEST_STEP][PASSED] - delay(1): Delayed 1 second(s)

2022-07-19 07:20:53 - [MESSAGE][PASSED] - Delayed 1 second(s)

2022-07-19 07:20:53 - [TEST_STEP][PASSED] - setText(findTestObject("Object Repository/Page_Concours photo  votez pour la plus bel_494087/input_trie par_keyword"), "Gaspard"): Text 'Gaspard' is set on object 'Object Repository/Page_Concours photo  votez pour la plus bel_494087/input_trie par_keyword'

2022-07-19 07:20:55 - [MESSAGE][PASSED] - Text 'Gaspard' is set on object 'Object Repository/Page_Concours photo  votez pour la plus bel_494087/input_trie par_keyword'

2022-07-19 07:20:55 - [TEST_STEP][PASSED] - sendKeys(findTestObject("Page_Concours photo  votez pour la plus bel_494087/input_trie par_keyword"), Keys.chord(ENTER)): Keys 'ENTER + ' sent to object: 'Object Repository/Page_Concours photo  votez pour la plus bel_494087/input_trie par_keyword'

2022-07-19 07:20:56 - [MESSAGE][PASSED] - Keys 'ENTER + ' sent to object: 'Object Repository/Page_Concours photo  votez pour la plus bel_494087/input_trie par_keyword'

2022-07-19 07:20:56 - [TEST_STEP][PASSED] - click(findTestObject("Page_Concours photo  votez pour la plus bel_494087/tri")): Object: 'Object Repository/Page_Concours photo  votez pour la plus bel_494087/tri' is clicked on

2022-07-19 07:20:57 - [MESSAGE][PASSED] - Object: 'Object Repository/Page_Concours photo  votez pour la plus bel_494087/tri' is clicked on

2022-07-19 07:20:57 - [TEST_STEP][PASSED] - click(findTestObject("Page_Concours photo  votez pour la plus bel_494087/plus de votes")): Object: 'Object Repository/Page_Concours photo  votez pour la plus bel_494087/plus de votes' is clicked on

2022-07-19 07:20:57 - [MESSAGE][PASSED] - Object: 'Object Repository/Page_Concours photo  votez pour la plus bel_494087/plus de votes' is clicked on

2022-07-19 07:20:59 - [TEST_STEP][PASSED] - click(findTestObject("Object Repository/Page_Concours photo  votez pour la plus bel_494087/i_Votes_fa fa-heart")): Object: 'Object Repository/Page_Concours photo  votez pour la plus bel_494087/i_Votes_fa fa-heart' is clicked on

2022-07-19 07:20:59 - [MESSAGE][PASSED] - Object: 'Object Repository/Page_Concours photo  votez pour la plus bel_494087/i_Votes_fa fa-heart' is clicked on

2022-07-19 07:20:59 - [TEST_STEP][PASSED] - delay(1): Delayed 1 second(s)

2022-07-19 07:21:00 - [MESSAGE][PASSED] - Delayed 1 second(s)

2022-07-19 07:21:00 - [TEST_STEP][PASSED] - closeBrowser(): Browser is closed

2022-07-19 07:21:01 - [MESSAGE][PASSED] - Browser is closed]]></system-out>
         <system-err><![CDATA[]]></system-err>
      </testcase>
      <testcase name="Test Cases/Vote" time="30.229" classname="Test Cases/Vote" status="PASSED">
         <system-out><![CDATA[2022-07-19 07:21:01 - [TEST_CASE][PASSED] - Test Cases/Vote: Test Cases/Vote

2022-07-19 07:21:01 - [TEST_STEP][PASSED] - openBrowser(""): Browser is opened with url: ''

2022-07-19 07:21:01 - [MESSAGE][INFO] - Starting 'Chrome' driver

2022-07-19 07:21:01 - [MESSAGE][INFO] - Action delay is set to 0 milliseconds

2022-07-19 07:21:02 - [MESSAGE][PASSED] - Browser is opened with url: ''

2022-07-19 07:21:02 - [TEST_STEP][PASSED] - navigateToUrl("https://lesechosdutouquet.nordlittoral.fr/147787/article/2022-06-30/concours-photo-montrez-nous-la-plus-belle-photo-de-votre-chien-en-promenade-sur#l5lb6r47qsmp9ur58y"): Navigate to 'https://lesechosdutouquet.nordlittoral.fr/147787/article/2022-06-30/concours-photo-montrez-nous-la-plus-belle-photo-de-votre-chien-en-promenade-sur#l5lb6r47qsmp9ur58y' successfully

2022-07-19 07:21:05 - [MESSAGE][PASSED] - Navigate to 'https://lesechosdutouquet.nordlittoral.fr/147787/article/2022-06-30/concours-photo-montrez-nous-la-plus-belle-photo-de-votre-chien-en-promenade-sur#l5lb6r47qsmp9ur58y' successfully

2022-07-19 07:21:05 - [TEST_STEP][PASSED] - setViewPortSize(1920, 1080): Viewport is set to new size with width = 1920 and height = 1080

2022-07-19 07:21:05 - [MESSAGE][PASSED] - Viewport is set to new size with width = 1920 and height = 1080

2022-07-19 07:21:05 - [TEST_STEP][PASSED] - click(findTestObject("Object Repository/Page_Concours photo  votez pour la plus bel_494087/button_Accepter  Fermer")): Object: 'Object Repository/Page_Concours photo  votez pour la plus bel_494087/button_Accepter  Fermer' is clicked on

2022-07-19 07:21:06 - [MESSAGE][PASSED] - Object: 'Object Repository/Page_Concours photo  votez pour la plus bel_494087/button_Accepter  Fermer' is clicked on

2022-07-19 07:21:06 - [TEST_STEP][PASSED] - delay(12): Delayed 12 second(s)

2022-07-19 07:21:18 - [MESSAGE][PASSED] - Delayed 12 second(s)

2022-07-19 07:21:18 - [TEST_STEP][PASSED] - click(findTestObject("Object Repository/Page_Concours photo  votez pour la plus bel_494087/a_X")): Object: 'Object Repository/Page_Concours photo  votez pour la plus bel_494087/a_X' is clicked on

2022-07-19 07:21:19 - [MESSAGE][PASSED] - Object: 'Object Repository/Page_Concours photo  votez pour la plus bel_494087/a_X' is clicked on

2022-07-19 07:21:19 - [TEST_STEP][PASSED] - delay(1): Delayed 1 second(s)

2022-07-19 07:21:20 - [MESSAGE][PASSED] - Delayed 1 second(s)

2022-07-19 07:21:20 - [TEST_STEP][PASSED] - click(findTestObject("Object Repository/Page_Concours photo  votez pour la plus bel_494087/input_concat(Votez pour le plus beau chien de la cte d, , Opale )_jouer")): Object: 'Object Repository/Page_Concours photo  votez pour la plus bel_494087/input_concat(Votez pour le plus beau chien de la cte d, , Opale )_jouer' is clicked on

2022-07-19 07:21:20 - [MESSAGE][PASSED] - Object: 'Object Repository/Page_Concours photo  votez pour la plus bel_494087/input_concat(Votez pour le plus beau chien de la cte d, , Opale )_jouer' is clicked on

2022-07-19 07:21:20 - [TEST_STEP][PASSED] - if (verifyElementPresent(findTestObject("Page_Concours photo  votez pour la plus bel_494087/input_concat(Votez pour le plus beau chien de la cte d, , Opale )_jouer"), 1, OPTIONAL)): null

2022-07-19 07:21:22 - [MESSAGE][PASSED] - Object 'Object Repository/Page_Concours photo  votez pour la plus bel_494087/input_concat(Votez pour le plus beau chien de la cte d, , Opale )_jouer' is present

2022-07-19 07:21:22 - [TEST_STEP][PASSED] - click(findTestObject("Object Repository/Page_Concours photo  votez pour la plus bel_494087/input_concat(Votez pour le plus beau chien de la cte d, , Opale )_jouer")): Object: 'Object Repository/Page_Concours photo  votez pour la plus bel_494087/input_concat(Votez pour le plus beau chien de la cte d, , Opale )_jouer' is clicked on

2022-07-19 07:21:22 - [MESSAGE][PASSED] - Object: 'Object Repository/Page_Concours photo  votez pour la plus bel_494087/input_concat(Votez pour le plus beau chien de la cte d, , Opale )_jouer' is clicked on

2022-07-19 07:21:22 - [TEST_STEP][PASSED] - delay(1): Delayed 1 second(s)

2022-07-19 07:21:23 - [MESSAGE][PASSED] - Delayed 1 second(s)

2022-07-19 07:21:23 - [TEST_STEP][PASSED] - setText(findTestObject("Object Repository/Page_Concours photo  votez pour la plus bel_494087/input_trie par_keyword"), "Gaspard"): Text 'Gaspard' is set on object 'Object Repository/Page_Concours photo  votez pour la plus bel_494087/input_trie par_keyword'

2022-07-19 07:21:25 - [MESSAGE][PASSED] - Text 'Gaspard' is set on object 'Object Repository/Page_Concours photo  votez pour la plus bel_494087/input_trie par_keyword'

2022-07-19 07:21:25 - [TEST_STEP][PASSED] - sendKeys(findTestObject("Page_Concours photo  votez pour la plus bel_494087/input_trie par_keyword"), Keys.chord(ENTER)): Keys 'ENTER + ' sent to object: 'Object Repository/Page_Concours photo  votez pour la plus bel_494087/input_trie par_keyword'

2022-07-19 07:21:26 - [MESSAGE][PASSED] - Keys 'ENTER + ' sent to object: 'Object Repository/Page_Concours photo  votez pour la plus bel_494087/input_trie par_keyword'

2022-07-19 07:21:26 - [TEST_STEP][PASSED] - click(findTestObject("Page_Concours photo  votez pour la plus bel_494087/tri")): Object: 'Object Repository/Page_Concours photo  votez pour la plus bel_494087/tri' is clicked on

2022-07-19 07:21:27 - [MESSAGE][PASSED] - Object: 'Object Repository/Page_Concours photo  votez pour la plus bel_494087/tri' is clicked on

2022-07-19 07:21:27 - [TEST_STEP][PASSED] - click(findTestObject("Page_Concours photo  votez pour la plus bel_494087/plus de votes")): Object: 'Object Repository/Page_Concours photo  votez pour la plus bel_494087/plus de votes' is clicked on

2022-07-19 07:21:29 - [MESSAGE][PASSED] - Object: 'Object Repository/Page_Concours photo  votez pour la plus bel_494087/plus de votes' is clicked on

2022-07-19 07:21:29 - [TEST_STEP][PASSED] - click(findTestObject("Object Repository/Page_Concours photo  votez pour la plus bel_494087/i_Votes_fa fa-heart")): Object: 'Object Repository/Page_Concours photo  votez pour la plus bel_494087/i_Votes_fa fa-heart' is clicked on

2022-07-19 07:21:29 - [MESSAGE][PASSED] - Object: 'Object Repository/Page_Concours photo  votez pour la plus bel_494087/i_Votes_fa fa-heart' is clicked on

2022-07-19 07:21:29 - [TEST_STEP][PASSED] - delay(1): Delayed 1 second(s)

2022-07-19 07:21:30 - [MESSAGE][PASSED] - Delayed 1 second(s)

2022-07-19 07:21:30 - [TEST_STEP][PASSED] - closeBrowser(): Browser is closed

2022-07-19 07:21:31 - [MESSAGE][PASSED] - Browser is closed]]></system-out>
         <system-err><![CDATA[]]></system-err>
      </testcase>
      <testcase name="Test Cases/Vote" time="33.237" classname="Test Cases/Vote" status="PASSED">
         <system-out><![CDATA[2022-07-19 07:21:31 - [TEST_CASE][PASSED] - Test Cases/Vote: Test Cases/Vote

2022-07-19 07:21:31 - [TEST_STEP][PASSED] - openBrowser(""): Browser is opened with url: ''

2022-07-19 07:21:31 - [MESSAGE][INFO] - Starting 'Chrome' driver

2022-07-19 07:21:31 - [MESSAGE][INFO] - Action delay is set to 0 milliseconds

2022-07-19 07:21:32 - [MESSAGE][PASSED] - Browser is opened with url: ''

2022-07-19 07:21:32 - [TEST_STEP][PASSED] - navigateToUrl("https://lesechosdutouquet.nordlittoral.fr/147787/article/2022-06-30/concours-photo-montrez-nous-la-plus-belle-photo-de-votre-chien-en-promenade-sur#l5lb6r47qsmp9ur58y"): Navigate to 'https://lesechosdutouquet.nordlittoral.fr/147787/article/2022-06-30/concours-photo-montrez-nous-la-plus-belle-photo-de-votre-chien-en-promenade-sur#l5lb6r47qsmp9ur58y' successfully

2022-07-19 07:21:34 - [MESSAGE][PASSED] - Navigate to 'https://lesechosdutouquet.nordlittoral.fr/147787/article/2022-06-30/concours-photo-montrez-nous-la-plus-belle-photo-de-votre-chien-en-promenade-sur#l5lb6r47qsmp9ur58y' successfully

2022-07-19 07:21:34 - [TEST_STEP][PASSED] - setViewPortSize(1920, 1080): Viewport is set to new size with width = 1920 and height = 1080

2022-07-19 07:21:34 - [MESSAGE][PASSED] - Viewport is set to new size with width = 1920 and height = 1080

2022-07-19 07:21:34 - [TEST_STEP][PASSED] - click(findTestObject("Object Repository/Page_Concours photo  votez pour la plus bel_494087/button_Accepter  Fermer")): Object: 'Object Repository/Page_Concours photo  votez pour la plus bel_494087/button_Accepter  Fermer' is clicked on

2022-07-19 07:21:40 - [MESSAGE][PASSED] - Object: 'Object Repository/Page_Concours photo  votez pour la plus bel_494087/button_Accepter  Fermer' is clicked on

2022-07-19 07:21:40 - [TEST_STEP][PASSED] - delay(12): Delayed 12 second(s)

2022-07-19 07:21:52 - [MESSAGE][PASSED] - Delayed 12 second(s)

2022-07-19 07:21:52 - [TEST_STEP][PASSED] - click(findTestObject("Object Repository/Page_Concours photo  votez pour la plus bel_494087/a_X")): Object: 'Object Repository/Page_Concours photo  votez pour la plus bel_494087/a_X' is clicked on

2022-07-19 07:21:52 - [MESSAGE][PASSED] - Object: 'Object Repository/Page_Concours photo  votez pour la plus bel_494087/a_X' is clicked on

2022-07-19 07:21:52 - [TEST_STEP][PASSED] - delay(1): Delayed 1 second(s)

2022-07-19 07:21:53 - [MESSAGE][PASSED] - Delayed 1 second(s)

2022-07-19 07:21:53 - [TEST_STEP][PASSED] - click(findTestObject("Object Repository/Page_Concours photo  votez pour la plus bel_494087/input_concat(Votez pour le plus beau chien de la cte d, , Opale )_jouer")): Object: 'Object Repository/Page_Concours photo  votez pour la plus bel_494087/input_concat(Votez pour le plus beau chien de la cte d, , Opale )_jouer' is clicked on

2022-07-19 07:21:55 - [MESSAGE][PASSED] - Object: 'Object Repository/Page_Concours photo  votez pour la plus bel_494087/input_concat(Votez pour le plus beau chien de la cte d, , Opale )_jouer' is clicked on

2022-07-19 07:21:55 - [TEST_STEP][PASSED] - if (verifyElementPresent(findTestObject("Page_Concours photo  votez pour la plus bel_494087/input_concat(Votez pour le plus beau chien de la cte d, , Opale )_jouer"), 1, OPTIONAL)): null

2022-07-19 07:21:56 - [MESSAGE][PASSED] - Object 'Object Repository/Page_Concours photo  votez pour la plus bel_494087/input_concat(Votez pour le plus beau chien de la cte d, , Opale )_jouer' is present

2022-07-19 07:21:56 - [TEST_STEP][PASSED] - click(findTestObject("Object Repository/Page_Concours photo  votez pour la plus bel_494087/input_concat(Votez pour le plus beau chien de la cte d, , Opale )_jouer")): Object: 'Object Repository/Page_Concours photo  votez pour la plus bel_494087/input_concat(Votez pour le plus beau chien de la cte d, , Opale )_jouer' is clicked on

2022-07-19 07:21:56 - [MESSAGE][PASSED] - Object: 'Object Repository/Page_Concours photo  votez pour la plus bel_494087/input_concat(Votez pour le plus beau chien de la cte d, , Opale )_jouer' is clicked on

2022-07-19 07:21:56 - [TEST_STEP][PASSED] - delay(1): Delayed 1 second(s)

2022-07-19 07:21:57 - [MESSAGE][PASSED] - Delayed 1 second(s)

2022-07-19 07:21:57 - [TEST_STEP][PASSED] - setText(findTestObject("Object Repository/Page_Concours photo  votez pour la plus bel_494087/input_trie par_keyword"), "Gaspard"): Text 'Gaspard' is set on object 'Object Repository/Page_Concours photo  votez pour la plus bel_494087/input_trie par_keyword'

2022-07-19 07:21:59 - [MESSAGE][PASSED] - Text 'Gaspard' is set on object 'Object Repository/Page_Concours photo  votez pour la plus bel_494087/input_trie par_keyword'

2022-07-19 07:21:59 - [TEST_STEP][PASSED] - sendKeys(findTestObject("Page_Concours photo  votez pour la plus bel_494087/input_trie par_keyword"), Keys.chord(ENTER)): Keys 'ENTER + ' sent to object: 'Object Repository/Page_Concours photo  votez pour la plus bel_494087/input_trie par_keyword'

2022-07-19 07:22:00 - [MESSAGE][PASSED] - Keys 'ENTER + ' sent to object: 'Object Repository/Page_Concours photo  votez pour la plus bel_494087/input_trie par_keyword'

2022-07-19 07:22:00 - [TEST_STEP][PASSED] - click(findTestObject("Page_Concours photo  votez pour la plus bel_494087/tri")): Object: 'Object Repository/Page_Concours photo  votez pour la plus bel_494087/tri' is clicked on

2022-07-19 07:22:00 - [MESSAGE][PASSED] - Object: 'Object Repository/Page_Concours photo  votez pour la plus bel_494087/tri' is clicked on

2022-07-19 07:22:00 - [TEST_STEP][PASSED] - click(findTestObject("Page_Concours photo  votez pour la plus bel_494087/plus de votes")): Object: 'Object Repository/Page_Concours photo  votez pour la plus bel_494087/plus de votes' is clicked on

2022-07-19 07:22:01 - [MESSAGE][PASSED] - Object: 'Object Repository/Page_Concours photo  votez pour la plus bel_494087/plus de votes' is clicked on

2022-07-19 07:22:02 - [TEST_STEP][PASSED] - click(findTestObject("Object Repository/Page_Concours photo  votez pour la plus bel_494087/i_Votes_fa fa-heart")): Object: 'Object Repository/Page_Concours photo  votez pour la plus bel_494087/i_Votes_fa fa-heart' is clicked on

2022-07-19 07:22:03 - [MESSAGE][PASSED] - Object: 'Object Repository/Page_Concours photo  votez pour la plus bel_494087/i_Votes_fa fa-heart' is clicked on

2022-07-19 07:22:03 - [TEST_STEP][PASSED] - delay(1): Delayed 1 second(s)

2022-07-19 07:22:04 - [MESSAGE][PASSED] - Delayed 1 second(s)

2022-07-19 07:22:04 - [TEST_STEP][PASSED] - closeBrowser(): Browser is closed

2022-07-19 07:22:04 - [MESSAGE][PASSED] - Browser is closed]]></system-out>
         <system-err><![CDATA[]]></system-err>
      </testcase>
      <testcase name="Test Cases/Vote" time="31.822" classname="Test Cases/Vote" status="PASSED">
         <system-out><![CDATA[2022-07-19 07:22:04 - [TEST_CASE][PASSED] - Test Cases/Vote: Test Cases/Vote

2022-07-19 07:22:04 - [TEST_STEP][PASSED] - openBrowser(""): Browser is opened with url: ''

2022-07-19 07:22:04 - [MESSAGE][INFO] - Starting 'Chrome' driver

2022-07-19 07:22:04 - [MESSAGE][INFO] - Action delay is set to 0 milliseconds

2022-07-19 07:22:05 - [MESSAGE][PASSED] - Browser is opened with url: ''

2022-07-19 07:22:05 - [TEST_STEP][PASSED] - navigateToUrl("https://lesechosdutouquet.nordlittoral.fr/147787/article/2022-06-30/concours-photo-montrez-nous-la-plus-belle-photo-de-votre-chien-en-promenade-sur#l5lb6r47qsmp9ur58y"): Navigate to 'https://lesechosdutouquet.nordlittoral.fr/147787/article/2022-06-30/concours-photo-montrez-nous-la-plus-belle-photo-de-votre-chien-en-promenade-sur#l5lb6r47qsmp9ur58y' successfully

2022-07-19 07:22:08 - [MESSAGE][PASSED] - Navigate to 'https://lesechosdutouquet.nordlittoral.fr/147787/article/2022-06-30/concours-photo-montrez-nous-la-plus-belle-photo-de-votre-chien-en-promenade-sur#l5lb6r47qsmp9ur58y' successfully

2022-07-19 07:22:08 - [TEST_STEP][PASSED] - setViewPortSize(1920, 1080): Viewport is set to new size with width = 1920 and height = 1080

2022-07-19 07:22:08 - [MESSAGE][PASSED] - Viewport is set to new size with width = 1920 and height = 1080

2022-07-19 07:22:08 - [TEST_STEP][PASSED] - click(findTestObject("Object Repository/Page_Concours photo  votez pour la plus bel_494087/button_Accepter  Fermer")): Object: 'Object Repository/Page_Concours photo  votez pour la plus bel_494087/button_Accepter  Fermer' is clicked on

2022-07-19 07:22:10 - [MESSAGE][PASSED] - Object: 'Object Repository/Page_Concours photo  votez pour la plus bel_494087/button_Accepter  Fermer' is clicked on

2022-07-19 07:22:10 - [TEST_STEP][PASSED] - delay(12): Delayed 12 second(s)

2022-07-19 07:22:22 - [MESSAGE][PASSED] - Delayed 12 second(s)

2022-07-19 07:22:22 - [TEST_STEP][PASSED] - click(findTestObject("Object Repository/Page_Concours photo  votez pour la plus bel_494087/a_X")): Object: 'Object Repository/Page_Concours photo  votez pour la plus bel_494087/a_X' is clicked on

2022-07-19 07:22:22 - [MESSAGE][PASSED] - Object: 'Object Repository/Page_Concours photo  votez pour la plus bel_494087/a_X' is clicked on

2022-07-19 07:22:22 - [TEST_STEP][PASSED] - delay(1): Delayed 1 second(s)

2022-07-19 07:22:23 - [MESSAGE][PASSED] - Delayed 1 second(s)

2022-07-19 07:22:23 - [TEST_STEP][PASSED] - click(findTestObject("Object Repository/Page_Concours photo  votez pour la plus bel_494087/input_concat(Votez pour le plus beau chien de la cte d, , Opale )_jouer")): Object: 'Object Repository/Page_Concours photo  votez pour la plus bel_494087/input_concat(Votez pour le plus beau chien de la cte d, , Opale )_jouer' is clicked on

2022-07-19 07:22:24 - [MESSAGE][PASSED] - Object: 'Object Repository/Page_Concours photo  votez pour la plus bel_494087/input_concat(Votez pour le plus beau chien de la cte d, , Opale )_jouer' is clicked on

2022-07-19 07:22:24 - [TEST_STEP][PASSED] - if (verifyElementPresent(findTestObject("Page_Concours photo  votez pour la plus bel_494087/input_concat(Votez pour le plus beau chien de la cte d, , Opale )_jouer"), 1, OPTIONAL)): null

2022-07-19 07:22:25 - [MESSAGE][PASSED] - Object 'Object Repository/Page_Concours photo  votez pour la plus bel_494087/input_concat(Votez pour le plus beau chien de la cte d, , Opale )_jouer' is present

2022-07-19 07:22:25 - [TEST_STEP][PASSED] - click(findTestObject("Object Repository/Page_Concours photo  votez pour la plus bel_494087/input_concat(Votez pour le plus beau chien de la cte d, , Opale )_jouer")): Object: 'Object Repository/Page_Concours photo  votez pour la plus bel_494087/input_concat(Votez pour le plus beau chien de la cte d, , Opale )_jouer' is clicked on

2022-07-19 07:22:25 - [MESSAGE][PASSED] - Object: 'Object Repository/Page_Concours photo  votez pour la plus bel_494087/input_concat(Votez pour le plus beau chien de la cte d, , Opale )_jouer' is clicked on

2022-07-19 07:22:26 - [TEST_STEP][PASSED] - delay(1): Delayed 1 second(s)

2022-07-19 07:22:27 - [MESSAGE][PASSED] - Delayed 1 second(s)

2022-07-19 07:22:27 - [TEST_STEP][PASSED] - setText(findTestObject("Object Repository/Page_Concours photo  votez pour la plus bel_494087/input_trie par_keyword"), "Gaspard"): Text 'Gaspard' is set on object 'Object Repository/Page_Concours photo  votez pour la plus bel_494087/input_trie par_keyword'

2022-07-19 07:22:30 - [MESSAGE][PASSED] - Text 'Gaspard' is set on object 'Object Repository/Page_Concours photo  votez pour la plus bel_494087/input_trie par_keyword'

2022-07-19 07:22:30 - [TEST_STEP][PASSED] - sendKeys(findTestObject("Page_Concours photo  votez pour la plus bel_494087/input_trie par_keyword"), Keys.chord(ENTER)): Keys 'ENTER + ' sent to object: 'Object Repository/Page_Concours photo  votez pour la plus bel_494087/input_trie par_keyword'

2022-07-19 07:22:32 - [MESSAGE][PASSED] - Keys 'ENTER + ' sent to object: 'Object Repository/Page_Concours photo  votez pour la plus bel_494087/input_trie par_keyword'

2022-07-19 07:22:32 - [TEST_STEP][PASSED] - click(findTestObject("Page_Concours photo  votez pour la plus bel_494087/tri")): Object: 'Object Repository/Page_Concours photo  votez pour la plus bel_494087/tri' is clicked on

2022-07-19 07:22:32 - [MESSAGE][PASSED] - Object: 'Object Repository/Page_Concours photo  votez pour la plus bel_494087/tri' is clicked on

2022-07-19 07:22:32 - [TEST_STEP][PASSED] - click(findTestObject("Page_Concours photo  votez pour la plus bel_494087/plus de votes")): Object: 'Object Repository/Page_Concours photo  votez pour la plus bel_494087/plus de votes' is clicked on

2022-07-19 07:22:33 - [MESSAGE][PASSED] - Object: 'Object Repository/Page_Concours photo  votez pour la plus bel_494087/plus de votes' is clicked on

2022-07-19 07:22:34 - [TEST_STEP][PASSED] - click(findTestObject("Object Repository/Page_Concours photo  votez pour la plus bel_494087/i_Votes_fa fa-heart")): Object: 'Object Repository/Page_Concours photo  votez pour la plus bel_494087/i_Votes_fa fa-heart' is clicked on

2022-07-19 07:22:34 - [MESSAGE][PASSED] - Object: 'Object Repository/Page_Concours photo  votez pour la plus bel_494087/i_Votes_fa fa-heart' is clicked on

2022-07-19 07:22:34 - [TEST_STEP][PASSED] - delay(1): Delayed 1 second(s)

2022-07-19 07:22:35 - [MESSAGE][PASSED] - Delayed 1 second(s)

2022-07-19 07:22:36 - [TEST_STEP][PASSED] - closeBrowser(): Browser is closed

2022-07-19 07:22:36 - [MESSAGE][PASSED] - Browser is closed]]></system-out>
         <system-err><![CDATA[]]></system-err>
      </testcase>
      <testcase name="Test Cases/Vote" time="36.59" classname="Test Cases/Vote" status="PASSED">
         <system-out><![CDATA[2022-07-19 07:22:36 - [TEST_CASE][PASSED] - Test Cases/Vote: Test Cases/Vote

2022-07-19 07:22:36 - [TEST_STEP][PASSED] - openBrowser(""): Browser is opened with url: ''

2022-07-19 07:22:36 - [MESSAGE][INFO] - Starting 'Chrome' driver

2022-07-19 07:22:36 - [MESSAGE][INFO] - Action delay is set to 0 milliseconds

2022-07-19 07:22:37 - [MESSAGE][PASSED] - Browser is opened with url: ''

2022-07-19 07:22:37 - [TEST_STEP][PASSED] - navigateToUrl("https://lesechosdutouquet.nordlittoral.fr/147787/article/2022-06-30/concours-photo-montrez-nous-la-plus-belle-photo-de-votre-chien-en-promenade-sur#l5lb6r47qsmp9ur58y"): Navigate to 'https://lesechosdutouquet.nordlittoral.fr/147787/article/2022-06-30/concours-photo-montrez-nous-la-plus-belle-photo-de-votre-chien-en-promenade-sur#l5lb6r47qsmp9ur58y' successfully

2022-07-19 07:22:45 - [MESSAGE][PASSED] - Navigate to 'https://lesechosdutouquet.nordlittoral.fr/147787/article/2022-06-30/concours-photo-montrez-nous-la-plus-belle-photo-de-votre-chien-en-promenade-sur#l5lb6r47qsmp9ur58y' successfully

2022-07-19 07:22:45 - [TEST_STEP][PASSED] - setViewPortSize(1920, 1080): Viewport is set to new size with width = 1920 and height = 1080

2022-07-19 07:22:45 - [MESSAGE][PASSED] - Viewport is set to new size with width = 1920 and height = 1080

2022-07-19 07:22:45 - [TEST_STEP][PASSED] - click(findTestObject("Object Repository/Page_Concours photo  votez pour la plus bel_494087/button_Accepter  Fermer")): Object: 'Object Repository/Page_Concours photo  votez pour la plus bel_494087/button_Accepter  Fermer' is clicked on

2022-07-19 07:22:47 - [MESSAGE][PASSED] - Object: 'Object Repository/Page_Concours photo  votez pour la plus bel_494087/button_Accepter  Fermer' is clicked on

2022-07-19 07:22:47 - [TEST_STEP][PASSED] - delay(12): Delayed 12 second(s)

2022-07-19 07:22:59 - [MESSAGE][PASSED] - Delayed 12 second(s)

2022-07-19 07:22:59 - [TEST_STEP][PASSED] - click(findTestObject("Object Repository/Page_Concours photo  votez pour la plus bel_494087/a_X")): Object: 'Object Repository/Page_Concours photo  votez pour la plus bel_494087/a_X' is clicked on

2022-07-19 07:22:59 - [MESSAGE][PASSED] - Object: 'Object Repository/Page_Concours photo  votez pour la plus bel_494087/a_X' is clicked on

2022-07-19 07:22:59 - [TEST_STEP][PASSED] - delay(1): Delayed 1 second(s)

2022-07-19 07:23:00 - [MESSAGE][PASSED] - Delayed 1 second(s)

2022-07-19 07:23:00 - [TEST_STEP][PASSED] - click(findTestObject("Object Repository/Page_Concours photo  votez pour la plus bel_494087/input_concat(Votez pour le plus beau chien de la cte d, , Opale )_jouer")): Object: 'Object Repository/Page_Concours photo  votez pour la plus bel_494087/input_concat(Votez pour le plus beau chien de la cte d, , Opale )_jouer' is clicked on

2022-07-19 07:23:01 - [MESSAGE][PASSED] - Object: 'Object Repository/Page_Concours photo  votez pour la plus bel_494087/input_concat(Votez pour le plus beau chien de la cte d, , Opale )_jouer' is clicked on

2022-07-19 07:23:01 - [TEST_STEP][PASSED] - if (verifyElementPresent(findTestObject("Page_Concours photo  votez pour la plus bel_494087/input_concat(Votez pour le plus beau chien de la cte d, , Opale )_jouer"), 1, OPTIONAL)): null

2022-07-19 07:23:02 - [MESSAGE][PASSED] - Object 'Object Repository/Page_Concours photo  votez pour la plus bel_494087/input_concat(Votez pour le plus beau chien de la cte d, , Opale )_jouer' is present

2022-07-19 07:23:02 - [TEST_STEP][PASSED] - click(findTestObject("Object Repository/Page_Concours photo  votez pour la plus bel_494087/input_concat(Votez pour le plus beau chien de la cte d, , Opale )_jouer")): Object: 'Object Repository/Page_Concours photo  votez pour la plus bel_494087/input_concat(Votez pour le plus beau chien de la cte d, , Opale )_jouer' is clicked on

2022-07-19 07:23:03 - [MESSAGE][PASSED] - Object: 'Object Repository/Page_Concours photo  votez pour la plus bel_494087/input_concat(Votez pour le plus beau chien de la cte d, , Opale )_jouer' is clicked on

2022-07-19 07:23:03 - [TEST_STEP][PASSED] - delay(1): Delayed 1 second(s)

2022-07-19 07:23:04 - [MESSAGE][PASSED] - Delayed 1 second(s)

2022-07-19 07:23:04 - [TEST_STEP][PASSED] - setText(findTestObject("Object Repository/Page_Concours photo  votez pour la plus bel_494087/input_trie par_keyword"), "Gaspard"): Text 'Gaspard' is set on object 'Object Repository/Page_Concours photo  votez pour la plus bel_494087/input_trie par_keyword'

2022-07-19 07:23:07 - [MESSAGE][PASSED] - Text 'Gaspard' is set on object 'Object Repository/Page_Concours photo  votez pour la plus bel_494087/input_trie par_keyword'

2022-07-19 07:23:07 - [TEST_STEP][PASSED] - sendKeys(findTestObject("Page_Concours photo  votez pour la plus bel_494087/input_trie par_keyword"), Keys.chord(ENTER)): Keys 'ENTER + ' sent to object: 'Object Repository/Page_Concours photo  votez pour la plus bel_494087/input_trie par_keyword'

2022-07-19 07:23:08 - [MESSAGE][PASSED] - Keys 'ENTER + ' sent to object: 'Object Repository/Page_Concours photo  votez pour la plus bel_494087/input_trie par_keyword'

2022-07-19 07:23:08 - [TEST_STEP][PASSED] - click(findTestObject("Page_Concours photo  votez pour la plus bel_494087/tri")): Object: 'Object Repository/Page_Concours photo  votez pour la plus bel_494087/tri' is clicked on

2022-07-19 07:23:09 - [MESSAGE][PASSED] - Object: 'Object Repository/Page_Concours photo  votez pour la plus bel_494087/tri' is clicked on

2022-07-19 07:23:09 - [TEST_STEP][PASSED] - click(findTestObject("Page_Concours photo  votez pour la plus bel_494087/plus de votes")): Object: 'Object Repository/Page_Concours photo  votez pour la plus bel_494087/plus de votes' is clicked on

2022-07-19 07:23:09 - [MESSAGE][PASSED] - Object: 'Object Repository/Page_Concours photo  votez pour la plus bel_494087/plus de votes' is clicked on

2022-07-19 07:23:11 - [TEST_STEP][PASSED] - click(findTestObject("Object Repository/Page_Concours photo  votez pour la plus bel_494087/i_Votes_fa fa-heart")): Object: 'Object Repository/Page_Concours photo  votez pour la plus bel_494087/i_Votes_fa fa-heart' is clicked on

2022-07-19 07:23:11 - [MESSAGE][PASSED] - Object: 'Object Repository/Page_Concours photo  votez pour la plus bel_494087/i_Votes_fa fa-heart' is clicked on

2022-07-19 07:23:11 - [TEST_STEP][PASSED] - delay(1): Delayed 1 second(s)

2022-07-19 07:23:12 - [MESSAGE][PASSED] - Delayed 1 second(s)

2022-07-19 07:23:12 - [TEST_STEP][PASSED] - closeBrowser(): Browser is closed

2022-07-19 07:23:12 - [MESSAGE][PASSED] - Browser is closed]]></system-out>
         <system-err><![CDATA[]]></system-err>
      </testcase>
      <testcase name="Test Cases/Vote" time="30.42" classname="Test Cases/Vote" status="PASSED">
         <system-out><![CDATA[2022-07-19 07:23:12 - [TEST_CASE][PASSED] - Test Cases/Vote: Test Cases/Vote

2022-07-19 07:23:12 - [TEST_STEP][PASSED] - openBrowser(""): Browser is opened with url: ''

2022-07-19 07:23:12 - [MESSAGE][INFO] - Starting 'Chrome' driver

2022-07-19 07:23:12 - [MESSAGE][INFO] - Action delay is set to 0 milliseconds

2022-07-19 07:23:14 - [MESSAGE][PASSED] - Browser is opened with url: ''

2022-07-19 07:23:14 - [TEST_STEP][PASSED] - navigateToUrl("https://lesechosdutouquet.nordlittoral.fr/147787/article/2022-06-30/concours-photo-montrez-nous-la-plus-belle-photo-de-votre-chien-en-promenade-sur#l5lb6r47qsmp9ur58y"): Navigate to 'https://lesechosdutouquet.nordlittoral.fr/147787/article/2022-06-30/concours-photo-montrez-nous-la-plus-belle-photo-de-votre-chien-en-promenade-sur#l5lb6r47qsmp9ur58y' successfully

2022-07-19 07:23:17 - [MESSAGE][PASSED] - Navigate to 'https://lesechosdutouquet.nordlittoral.fr/147787/article/2022-06-30/concours-photo-montrez-nous-la-plus-belle-photo-de-votre-chien-en-promenade-sur#l5lb6r47qsmp9ur58y' successfully

2022-07-19 07:23:17 - [TEST_STEP][PASSED] - setViewPortSize(1920, 1080): Viewport is set to new size with width = 1920 and height = 1080

2022-07-19 07:23:17 - [MESSAGE][PASSED] - Viewport is set to new size with width = 1920 and height = 1080

2022-07-19 07:23:17 - [TEST_STEP][PASSED] - click(findTestObject("Object Repository/Page_Concours photo  votez pour la plus bel_494087/button_Accepter  Fermer")): Object: 'Object Repository/Page_Concours photo  votez pour la plus bel_494087/button_Accepter  Fermer' is clicked on

2022-07-19 07:23:18 - [MESSAGE][PASSED] - Object: 'Object Repository/Page_Concours photo  votez pour la plus bel_494087/button_Accepter  Fermer' is clicked on

2022-07-19 07:23:18 - [TEST_STEP][PASSED] - delay(12): Delayed 12 second(s)

2022-07-19 07:23:30 - [MESSAGE][PASSED] - Delayed 12 second(s)

2022-07-19 07:23:30 - [TEST_STEP][PASSED] - click(findTestObject("Object Repository/Page_Concours photo  votez pour la plus bel_494087/a_X")): Object: 'Object Repository/Page_Concours photo  votez pour la plus bel_494087/a_X' is clicked on

2022-07-19 07:23:31 - [MESSAGE][PASSED] - Object: 'Object Repository/Page_Concours photo  votez pour la plus bel_494087/a_X' is clicked on

2022-07-19 07:23:31 - [TEST_STEP][PASSED] - delay(1): Delayed 1 second(s)

2022-07-19 07:23:32 - [MESSAGE][PASSED] - Delayed 1 second(s)

2022-07-19 07:23:32 - [TEST_STEP][PASSED] - click(findTestObject("Object Repository/Page_Concours photo  votez pour la plus bel_494087/input_concat(Votez pour le plus beau chien de la cte d, , Opale )_jouer")): Object: 'Object Repository/Page_Concours photo  votez pour la plus bel_494087/input_concat(Votez pour le plus beau chien de la cte d, , Opale )_jouer' is clicked on

2022-07-19 07:23:32 - [MESSAGE][PASSED] - Object: 'Object Repository/Page_Concours photo  votez pour la plus bel_494087/input_concat(Votez pour le plus beau chien de la cte d, , Opale )_jouer' is clicked on

2022-07-19 07:23:32 - [TEST_STEP][PASSED] - if (verifyElementPresent(findTestObject("Page_Concours photo  votez pour la plus bel_494087/input_concat(Votez pour le plus beau chien de la cte d, , Opale )_jouer"), 1, OPTIONAL)): null

2022-07-19 07:23:33 - [MESSAGE][PASSED] - Object 'Object Repository/Page_Concours photo  votez pour la plus bel_494087/input_concat(Votez pour le plus beau chien de la cte d, , Opale )_jouer' is present

2022-07-19 07:23:33 - [TEST_STEP][PASSED] - click(findTestObject("Object Repository/Page_Concours photo  votez pour la plus bel_494087/input_concat(Votez pour le plus beau chien de la cte d, , Opale )_jouer")): Object: 'Object Repository/Page_Concours photo  votez pour la plus bel_494087/input_concat(Votez pour le plus beau chien de la cte d, , Opale )_jouer' is clicked on

2022-07-19 07:23:34 - [MESSAGE][PASSED] - Object: 'Object Repository/Page_Concours photo  votez pour la plus bel_494087/input_concat(Votez pour le plus beau chien de la cte d, , Opale )_jouer' is clicked on

2022-07-19 07:23:34 - [TEST_STEP][PASSED] - delay(1): Delayed 1 second(s)

2022-07-19 07:23:35 - [MESSAGE][PASSED] - Delayed 1 second(s)

2022-07-19 07:23:35 - [TEST_STEP][PASSED] - setText(findTestObject("Object Repository/Page_Concours photo  votez pour la plus bel_494087/input_trie par_keyword"), "Gaspard"): Text 'Gaspard' is set on object 'Object Repository/Page_Concours photo  votez pour la plus bel_494087/input_trie par_keyword'

2022-07-19 07:23:37 - [MESSAGE][PASSED] - Text 'Gaspard' is set on object 'Object Repository/Page_Concours photo  votez pour la plus bel_494087/input_trie par_keyword'

2022-07-19 07:23:37 - [TEST_STEP][PASSED] - sendKeys(findTestObject("Page_Concours photo  votez pour la plus bel_494087/input_trie par_keyword"), Keys.chord(ENTER)): Keys 'ENTER + ' sent to object: 'Object Repository/Page_Concours photo  votez pour la plus bel_494087/input_trie par_keyword'

2022-07-19 07:23:39 - [MESSAGE][PASSED] - Keys 'ENTER + ' sent to object: 'Object Repository/Page_Concours photo  votez pour la plus bel_494087/input_trie par_keyword'

2022-07-19 07:23:39 - [TEST_STEP][PASSED] - click(findTestObject("Page_Concours photo  votez pour la plus bel_494087/tri")): Object: 'Object Repository/Page_Concours photo  votez pour la plus bel_494087/tri' is clicked on

2022-07-19 07:23:39 - [MESSAGE][PASSED] - Object: 'Object Repository/Page_Concours photo  votez pour la plus bel_494087/tri' is clicked on

2022-07-19 07:23:39 - [TEST_STEP][PASSED] - click(findTestObject("Page_Concours photo  votez pour la plus bel_494087/plus de votes")): Object: 'Object Repository/Page_Concours photo  votez pour la plus bel_494087/plus de votes' is clicked on

2022-07-19 07:23:40 - [MESSAGE][PASSED] - Object: 'Object Repository/Page_Concours photo  votez pour la plus bel_494087/plus de votes' is clicked on

2022-07-19 07:23:41 - [TEST_STEP][PASSED] - click(findTestObject("Object Repository/Page_Concours photo  votez pour la plus bel_494087/i_Votes_fa fa-heart")): Object: 'Object Repository/Page_Concours photo  votez pour la plus bel_494087/i_Votes_fa fa-heart' is clicked on

2022-07-19 07:23:42 - [MESSAGE][PASSED] - Object: 'Object Repository/Page_Concours photo  votez pour la plus bel_494087/i_Votes_fa fa-heart' is clicked on

2022-07-19 07:23:42 - [TEST_STEP][PASSED] - delay(1): Delayed 1 second(s)

2022-07-19 07:23:43 - [MESSAGE][PASSED] - Delayed 1 second(s)

2022-07-19 07:23:43 - [TEST_STEP][PASSED] - closeBrowser(): Browser is closed

2022-07-19 07:23:43 - [MESSAGE][PASSED] - Browser is closed]]></system-out>
         <system-err><![CDATA[]]></system-err>
      </testcase>
      <testcase name="Test Cases/Vote" time="27.766" classname="Test Cases/Vote" status="PASSED">
         <system-out><![CDATA[2022-07-19 07:23:43 - [TEST_CASE][PASSED] - Test Cases/Vote: Test Cases/Vote

2022-07-19 07:23:43 - [TEST_STEP][PASSED] - openBrowser(""): Browser is opened with url: ''

2022-07-19 07:23:43 - [MESSAGE][INFO] - Starting 'Chrome' driver

2022-07-19 07:23:43 - [MESSAGE][INFO] - Action delay is set to 0 milliseconds

2022-07-19 07:23:44 - [MESSAGE][PASSED] - Browser is opened with url: ''

2022-07-19 07:23:44 - [TEST_STEP][PASSED] - navigateToUrl("https://lesechosdutouquet.nordlittoral.fr/147787/article/2022-06-30/concours-photo-montrez-nous-la-plus-belle-photo-de-votre-chien-en-promenade-sur#l5lb6r47qsmp9ur58y"): Navigate to 'https://lesechosdutouquet.nordlittoral.fr/147787/article/2022-06-30/concours-photo-montrez-nous-la-plus-belle-photo-de-votre-chien-en-promenade-sur#l5lb6r47qsmp9ur58y' successfully

2022-07-19 07:23:47 - [MESSAGE][PASSED] - Navigate to 'https://lesechosdutouquet.nordlittoral.fr/147787/article/2022-06-30/concours-photo-montrez-nous-la-plus-belle-photo-de-votre-chien-en-promenade-sur#l5lb6r47qsmp9ur58y' successfully

2022-07-19 07:23:47 - [TEST_STEP][PASSED] - setViewPortSize(1920, 1080): Viewport is set to new size with width = 1920 and height = 1080

2022-07-19 07:23:47 - [MESSAGE][PASSED] - Viewport is set to new size with width = 1920 and height = 1080

2022-07-19 07:23:47 - [TEST_STEP][PASSED] - click(findTestObject("Object Repository/Page_Concours photo  votez pour la plus bel_494087/button_Accepter  Fermer")): Object: 'Object Repository/Page_Concours photo  votez pour la plus bel_494087/button_Accepter  Fermer' is clicked on

2022-07-19 07:23:48 - [MESSAGE][PASSED] - Object: 'Object Repository/Page_Concours photo  votez pour la plus bel_494087/button_Accepter  Fermer' is clicked on

2022-07-19 07:23:48 - [TEST_STEP][PASSED] - delay(12): Delayed 12 second(s)

2022-07-19 07:24:00 - [MESSAGE][PASSED] - Delayed 12 second(s)

2022-07-19 07:24:00 - [TEST_STEP][PASSED] - click(findTestObject("Object Repository/Page_Concours photo  votez pour la plus bel_494087/a_X")): Object: 'Object Repository/Page_Concours photo  votez pour la plus bel_494087/a_X' is clicked on

2022-07-19 07:24:00 - [MESSAGE][PASSED] - Object: 'Object Repository/Page_Concours photo  votez pour la plus bel_494087/a_X' is clicked on

2022-07-19 07:24:00 - [TEST_STEP][PASSED] - delay(1): Delayed 1 second(s)

2022-07-19 07:24:01 - [MESSAGE][PASSED] - Delayed 1 second(s)

2022-07-19 07:24:01 - [TEST_STEP][PASSED] - click(findTestObject("Object Repository/Page_Concours photo  votez pour la plus bel_494087/input_concat(Votez pour le plus beau chien de la cte d, , Opale )_jouer")): Object: 'Object Repository/Page_Concours photo  votez pour la plus bel_494087/input_concat(Votez pour le plus beau chien de la cte d, , Opale )_jouer' is clicked on

2022-07-19 07:24:02 - [MESSAGE][PASSED] - Object: 'Object Repository/Page_Concours photo  votez pour la plus bel_494087/input_concat(Votez pour le plus beau chien de la cte d, , Opale )_jouer' is clicked on

2022-07-19 07:24:02 - [TEST_STEP][PASSED] - if (verifyElementPresent(findTestObject("Page_Concours photo  votez pour la plus bel_494087/input_concat(Votez pour le plus beau chien de la cte d, , Opale )_jouer"), 1, OPTIONAL)): null

2022-07-19 07:24:03 - [MESSAGE][PASSED] - Object 'Object Repository/Page_Concours photo  votez pour la plus bel_494087/input_concat(Votez pour le plus beau chien de la cte d, , Opale )_jouer' is present

2022-07-19 07:24:03 - [TEST_STEP][PASSED] - click(findTestObject("Object Repository/Page_Concours photo  votez pour la plus bel_494087/input_concat(Votez pour le plus beau chien de la cte d, , Opale )_jouer")): Object: 'Object Repository/Page_Concours photo  votez pour la plus bel_494087/input_concat(Votez pour le plus beau chien de la cte d, , Opale )_jouer' is clicked on

2022-07-19 07:24:04 - [MESSAGE][PASSED] - Object: 'Object Repository/Page_Concours photo  votez pour la plus bel_494087/input_concat(Votez pour le plus beau chien de la cte d, , Opale )_jouer' is clicked on

2022-07-19 07:24:04 - [TEST_STEP][PASSED] - delay(1): Delayed 1 second(s)

2022-07-19 07:24:05 - [MESSAGE][PASSED] - Delayed 1 second(s)

2022-07-19 07:24:05 - [TEST_STEP][PASSED] - setText(findTestObject("Object Repository/Page_Concours photo  votez pour la plus bel_494087/input_trie par_keyword"), "Gaspard"): Text 'Gaspard' is set on object 'Object Repository/Page_Concours photo  votez pour la plus bel_494087/input_trie par_keyword'

2022-07-19 07:24:06 - [MESSAGE][PASSED] - Text 'Gaspard' is set on object 'Object Repository/Page_Concours photo  votez pour la plus bel_494087/input_trie par_keyword'

2022-07-19 07:24:06 - [TEST_STEP][PASSED] - sendKeys(findTestObject("Page_Concours photo  votez pour la plus bel_494087/input_trie par_keyword"), Keys.chord(ENTER)): Keys 'ENTER + ' sent to object: 'Object Repository/Page_Concours photo  votez pour la plus bel_494087/input_trie par_keyword'

2022-07-19 07:24:06 - [MESSAGE][PASSED] - Keys 'ENTER + ' sent to object: 'Object Repository/Page_Concours photo  votez pour la plus bel_494087/input_trie par_keyword'

2022-07-19 07:24:06 - [TEST_STEP][PASSED] - click(findTestObject("Page_Concours photo  votez pour la plus bel_494087/tri")): Object: 'Object Repository/Page_Concours photo  votez pour la plus bel_494087/tri' is clicked on

2022-07-19 07:24:08 - [MESSAGE][PASSED] - Object: 'Object Repository/Page_Concours photo  votez pour la plus bel_494087/tri' is clicked on

2022-07-19 07:24:08 - [TEST_STEP][PASSED] - click(findTestObject("Page_Concours photo  votez pour la plus bel_494087/plus de votes")): Object: 'Object Repository/Page_Concours photo  votez pour la plus bel_494087/plus de votes' is clicked on

2022-07-19 07:24:08 - [MESSAGE][PASSED] - Object: 'Object Repository/Page_Concours photo  votez pour la plus bel_494087/plus de votes' is clicked on

2022-07-19 07:24:08 - [TEST_STEP][PASSED] - click(findTestObject("Object Repository/Page_Concours photo  votez pour la plus bel_494087/i_Votes_fa fa-heart")): Object: 'Object Repository/Page_Concours photo  votez pour la plus bel_494087/i_Votes_fa fa-heart' is clicked on

2022-07-19 07:24:09 - [MESSAGE][PASSED] - Object: 'Object Repository/Page_Concours photo  votez pour la plus bel_494087/i_Votes_fa fa-heart' is clicked on

2022-07-19 07:24:09 - [TEST_STEP][PASSED] - delay(1): Delayed 1 second(s)

2022-07-19 07:24:10 - [MESSAGE][PASSED] - Delayed 1 second(s)

2022-07-19 07:24:10 - [TEST_STEP][PASSED] - closeBrowser(): Browser is closed

2022-07-19 07:24:11 - [MESSAGE][PASSED] - Browser is closed]]></system-out>
         <system-err><![CDATA[]]></system-err>
      </testcase>
      <testcase name="Test Cases/Vote" time="42.471" classname="Test Cases/Vote" status="PASSED">
         <system-out><![CDATA[2022-07-19 07:24:11 - [TEST_CASE][PASSED] - Test Cases/Vote: Test Cases/Vote

2022-07-19 07:24:11 - [TEST_STEP][PASSED] - openBrowser(""): Browser is opened with url: ''

2022-07-19 07:24:11 - [MESSAGE][INFO] - Starting 'Chrome' driver

2022-07-19 07:24:11 - [MESSAGE][INFO] - Action delay is set to 0 milliseconds

2022-07-19 07:24:12 - [MESSAGE][PASSED] - Browser is opened with url: ''

2022-07-19 07:24:12 - [TEST_STEP][PASSED] - navigateToUrl("https://lesechosdutouquet.nordlittoral.fr/147787/article/2022-06-30/concours-photo-montrez-nous-la-plus-belle-photo-de-votre-chien-en-promenade-sur#l5lb6r47qsmp9ur58y"): Navigate to 'https://lesechosdutouquet.nordlittoral.fr/147787/article/2022-06-30/concours-photo-montrez-nous-la-plus-belle-photo-de-votre-chien-en-promenade-sur#l5lb6r47qsmp9ur58y' successfully

2022-07-19 07:24:27 - [MESSAGE][PASSED] - Navigate to 'https://lesechosdutouquet.nordlittoral.fr/147787/article/2022-06-30/concours-photo-montrez-nous-la-plus-belle-photo-de-votre-chien-en-promenade-sur#l5lb6r47qsmp9ur58y' successfully

2022-07-19 07:24:27 - [TEST_STEP][PASSED] - setViewPortSize(1920, 1080): Viewport is set to new size with width = 1920 and height = 1080

2022-07-19 07:24:28 - [MESSAGE][PASSED] - Viewport is set to new size with width = 1920 and height = 1080

2022-07-19 07:24:28 - [TEST_STEP][PASSED] - click(findTestObject("Object Repository/Page_Concours photo  votez pour la plus bel_494087/button_Accepter  Fermer")): Object: 'Object Repository/Page_Concours photo  votez pour la plus bel_494087/button_Accepter  Fermer' is clicked on

2022-07-19 07:24:29 - [MESSAGE][PASSED] - Object: 'Object Repository/Page_Concours photo  votez pour la plus bel_494087/button_Accepter  Fermer' is clicked on

2022-07-19 07:24:29 - [TEST_STEP][PASSED] - delay(12): Delayed 12 second(s)

2022-07-19 07:24:41 - [MESSAGE][PASSED] - Delayed 12 second(s)

2022-07-19 07:24:41 - [TEST_STEP][PASSED] - click(findTestObject("Object Repository/Page_Concours photo  votez pour la plus bel_494087/a_X")): Object: 'Object Repository/Page_Concours photo  votez pour la plus bel_494087/a_X' is clicked on

2022-07-19 07:24:41 - [MESSAGE][PASSED] - Object: 'Object Repository/Page_Concours photo  votez pour la plus bel_494087/a_X' is clicked on

2022-07-19 07:24:41 - [TEST_STEP][PASSED] - delay(1): Delayed 1 second(s)

2022-07-19 07:24:42 - [MESSAGE][PASSED] - Delayed 1 second(s)

2022-07-19 07:24:42 - [TEST_STEP][PASSED] - click(findTestObject("Object Repository/Page_Concours photo  votez pour la plus bel_494087/input_concat(Votez pour le plus beau chien de la cte d, , Opale )_jouer")): Object: 'Object Repository/Page_Concours photo  votez pour la plus bel_494087/input_concat(Votez pour le plus beau chien de la cte d, , Opale )_jouer' is clicked on

2022-07-19 07:24:43 - [MESSAGE][PASSED] - Object: 'Object Repository/Page_Concours photo  votez pour la plus bel_494087/input_concat(Votez pour le plus beau chien de la cte d, , Opale )_jouer' is clicked on

2022-07-19 07:24:43 - [TEST_STEP][PASSED] - if (verifyElementPresent(findTestObject("Page_Concours photo  votez pour la plus bel_494087/input_concat(Votez pour le plus beau chien de la cte d, , Opale )_jouer"), 1, OPTIONAL)): null

2022-07-19 07:24:44 - [MESSAGE][PASSED] - Object 'Object Repository/Page_Concours photo  votez pour la plus bel_494087/input_concat(Votez pour le plus beau chien de la cte d, , Opale )_jouer' is present

2022-07-19 07:24:44 - [TEST_STEP][PASSED] - click(findTestObject("Object Repository/Page_Concours photo  votez pour la plus bel_494087/input_concat(Votez pour le plus beau chien de la cte d, , Opale )_jouer")): Object: 'Object Repository/Page_Concours photo  votez pour la plus bel_494087/input_concat(Votez pour le plus beau chien de la cte d, , Opale )_jouer' is clicked on

2022-07-19 07:24:45 - [MESSAGE][PASSED] - Object: 'Object Repository/Page_Concours photo  votez pour la plus bel_494087/input_concat(Votez pour le plus beau chien de la cte d, , Opale )_jouer' is clicked on

2022-07-19 07:24:45 - [TEST_STEP][PASSED] - delay(1): Delayed 1 second(s)

2022-07-19 07:24:46 - [MESSAGE][PASSED] - Delayed 1 second(s)

2022-07-19 07:24:46 - [TEST_STEP][PASSED] - setText(findTestObject("Object Repository/Page_Concours photo  votez pour la plus bel_494087/input_trie par_keyword"), "Gaspard"): Text 'Gaspard' is set on object 'Object Repository/Page_Concours photo  votez pour la plus bel_494087/input_trie par_keyword'

2022-07-19 07:24:48 - [MESSAGE][PASSED] - Text 'Gaspard' is set on object 'Object Repository/Page_Concours photo  votez pour la plus bel_494087/input_trie par_keyword'

2022-07-19 07:24:48 - [TEST_STEP][PASSED] - sendKeys(findTestObject("Page_Concours photo  votez pour la plus bel_494087/input_trie par_keyword"), Keys.chord(ENTER)): Keys 'ENTER + ' sent to object: 'Object Repository/Page_Concours photo  votez pour la plus bel_494087/input_trie par_keyword'

2022-07-19 07:24:49 - [MESSAGE][PASSED] - Keys 'ENTER + ' sent to object: 'Object Repository/Page_Concours photo  votez pour la plus bel_494087/input_trie par_keyword'

2022-07-19 07:24:49 - [TEST_STEP][PASSED] - click(findTestObject("Page_Concours photo  votez pour la plus bel_494087/tri")): Object: 'Object Repository/Page_Concours photo  votez pour la plus bel_494087/tri' is clicked on

2022-07-19 07:24:50 - [MESSAGE][PASSED] - Object: 'Object Repository/Page_Concours photo  votez pour la plus bel_494087/tri' is clicked on

2022-07-19 07:24:50 - [TEST_STEP][PASSED] - click(findTestObject("Page_Concours photo  votez pour la plus bel_494087/plus de votes")): Object: 'Object Repository/Page_Concours photo  votez pour la plus bel_494087/plus de votes' is clicked on

2022-07-19 07:24:50 - [MESSAGE][PASSED] - Object: 'Object Repository/Page_Concours photo  votez pour la plus bel_494087/plus de votes' is clicked on

2022-07-19 07:24:51 - [TEST_STEP][PASSED] - click(findTestObject("Object Repository/Page_Concours photo  votez pour la plus bel_494087/i_Votes_fa fa-heart")): Object: 'Object Repository/Page_Concours photo  votez pour la plus bel_494087/i_Votes_fa fa-heart' is clicked on

2022-07-19 07:24:52 - [MESSAGE][PASSED] - Object: 'Object Repository/Page_Concours photo  votez pour la plus bel_494087/i_Votes_fa fa-heart' is clicked on

2022-07-19 07:24:52 - [TEST_STEP][PASSED] - delay(1): Delayed 1 second(s)

2022-07-19 07:24:53 - [MESSAGE][PASSED] - Delayed 1 second(s)

2022-07-19 07:24:53 - [TEST_STEP][PASSED] - closeBrowser(): Browser is closed

2022-07-19 07:24:53 - [MESSAGE][PASSED] - Browser is closed]]></system-out>
         <system-err><![CDATA[]]></system-err>
      </testcase>
      <testcase name="Test Cases/Vote" time="49.666" classname="Test Cases/Vote" status="PASSED">
         <system-out><![CDATA[2022-07-19 07:24:53 - [TEST_CASE][PASSED] - Test Cases/Vote: Test Cases/Vote

2022-07-19 07:24:53 - [TEST_STEP][PASSED] - openBrowser(""): Browser is opened with url: ''

2022-07-19 07:24:53 - [MESSAGE][INFO] - Starting 'Chrome' driver

2022-07-19 07:24:53 - [MESSAGE][INFO] - Action delay is set to 0 milliseconds

2022-07-19 07:24:54 - [MESSAGE][PASSED] - Browser is opened with url: ''

2022-07-19 07:24:54 - [TEST_STEP][PASSED] - navigateToUrl("https://lesechosdutouquet.nordlittoral.fr/147787/article/2022-06-30/concours-photo-montrez-nous-la-plus-belle-photo-de-votre-chien-en-promenade-sur#l5lb6r47qsmp9ur58y"): Navigate to 'https://lesechosdutouquet.nordlittoral.fr/147787/article/2022-06-30/concours-photo-montrez-nous-la-plus-belle-photo-de-votre-chien-en-promenade-sur#l5lb6r47qsmp9ur58y' successfully

2022-07-19 07:25:18 - [MESSAGE][PASSED] - Navigate to 'https://lesechosdutouquet.nordlittoral.fr/147787/article/2022-06-30/concours-photo-montrez-nous-la-plus-belle-photo-de-votre-chien-en-promenade-sur#l5lb6r47qsmp9ur58y' successfully

2022-07-19 07:25:18 - [TEST_STEP][PASSED] - setViewPortSize(1920, 1080): Viewport is set to new size with width = 1920 and height = 1080

2022-07-19 07:25:18 - [MESSAGE][PASSED] - Viewport is set to new size with width = 1920 and height = 1080

2022-07-19 07:25:18 - [TEST_STEP][PASSED] - click(findTestObject("Object Repository/Page_Concours photo  votez pour la plus bel_494087/button_Accepter  Fermer")): Object: 'Object Repository/Page_Concours photo  votez pour la plus bel_494087/button_Accepter  Fermer' is clicked on

2022-07-19 07:25:19 - [MESSAGE][PASSED] - Object: 'Object Repository/Page_Concours photo  votez pour la plus bel_494087/button_Accepter  Fermer' is clicked on

2022-07-19 07:25:19 - [TEST_STEP][PASSED] - delay(12): Delayed 12 second(s)

2022-07-19 07:25:31 - [MESSAGE][PASSED] - Delayed 12 second(s)

2022-07-19 07:25:31 - [TEST_STEP][PASSED] - click(findTestObject("Object Repository/Page_Concours photo  votez pour la plus bel_494087/a_X")): Object: 'Object Repository/Page_Concours photo  votez pour la plus bel_494087/a_X' is clicked on

2022-07-19 07:25:32 - [MESSAGE][PASSED] - Object: 'Object Repository/Page_Concours photo  votez pour la plus bel_494087/a_X' is clicked on

2022-07-19 07:25:32 - [TEST_STEP][PASSED] - delay(1): Delayed 1 second(s)

2022-07-19 07:25:33 - [MESSAGE][PASSED] - Delayed 1 second(s)

2022-07-19 07:25:33 - [TEST_STEP][PASSED] - click(findTestObject("Object Repository/Page_Concours photo  votez pour la plus bel_494087/input_concat(Votez pour le plus beau chien de la cte d, , Opale )_jouer")): Object: 'Object Repository/Page_Concours photo  votez pour la plus bel_494087/input_concat(Votez pour le plus beau chien de la cte d, , Opale )_jouer' is clicked on

2022-07-19 07:25:33 - [MESSAGE][PASSED] - Object: 'Object Repository/Page_Concours photo  votez pour la plus bel_494087/input_concat(Votez pour le plus beau chien de la cte d, , Opale )_jouer' is clicked on

2022-07-19 07:25:34 - [TEST_STEP][PASSED] - if (verifyElementPresent(findTestObject("Page_Concours photo  votez pour la plus bel_494087/input_concat(Votez pour le plus beau chien de la cte d, , Opale )_jouer"), 1, OPTIONAL)): null

2022-07-19 07:25:35 - [MESSAGE][PASSED] - Object 'Object Repository/Page_Concours photo  votez pour la plus bel_494087/input_concat(Votez pour le plus beau chien de la cte d, , Opale )_jouer' is present

2022-07-19 07:25:35 - [TEST_STEP][PASSED] - click(findTestObject("Object Repository/Page_Concours photo  votez pour la plus bel_494087/input_concat(Votez pour le plus beau chien de la cte d, , Opale )_jouer")): Object: 'Object Repository/Page_Concours photo  votez pour la plus bel_494087/input_concat(Votez pour le plus beau chien de la cte d, , Opale )_jouer' is clicked on

2022-07-19 07:25:35 - [MESSAGE][PASSED] - Object: 'Object Repository/Page_Concours photo  votez pour la plus bel_494087/input_concat(Votez pour le plus beau chien de la cte d, , Opale )_jouer' is clicked on

2022-07-19 07:25:35 - [TEST_STEP][PASSED] - delay(1): Delayed 1 second(s)

2022-07-19 07:25:36 - [MESSAGE][PASSED] - Delayed 1 second(s)

2022-07-19 07:25:36 - [TEST_STEP][PASSED] - setText(findTestObject("Object Repository/Page_Concours photo  votez pour la plus bel_494087/input_trie par_keyword"), "Gaspard"): Text 'Gaspard' is set on object 'Object Repository/Page_Concours photo  votez pour la plus bel_494087/input_trie par_keyword'

2022-07-19 07:25:38 - [MESSAGE][PASSED] - Text 'Gaspard' is set on object 'Object Repository/Page_Concours photo  votez pour la plus bel_494087/input_trie par_keyword'

2022-07-19 07:25:38 - [TEST_STEP][PASSED] - sendKeys(findTestObject("Page_Concours photo  votez pour la plus bel_494087/input_trie par_keyword"), Keys.chord(ENTER)): Keys 'ENTER + ' sent to object: 'Object Repository/Page_Concours photo  votez pour la plus bel_494087/input_trie par_keyword'

2022-07-19 07:25:39 - [MESSAGE][PASSED] - Keys 'ENTER + ' sent to object: 'Object Repository/Page_Concours photo  votez pour la plus bel_494087/input_trie par_keyword'

2022-07-19 07:25:39 - [TEST_STEP][PASSED] - click(findTestObject("Page_Concours photo  votez pour la plus bel_494087/tri")): Object: 'Object Repository/Page_Concours photo  votez pour la plus bel_494087/tri' is clicked on

2022-07-19 07:25:40 - [MESSAGE][PASSED] - Object: 'Object Repository/Page_Concours photo  votez pour la plus bel_494087/tri' is clicked on

2022-07-19 07:25:40 - [TEST_STEP][PASSED] - click(findTestObject("Page_Concours photo  votez pour la plus bel_494087/plus de votes")): Object: 'Object Repository/Page_Concours photo  votez pour la plus bel_494087/plus de votes' is clicked on

2022-07-19 07:25:40 - [MESSAGE][PASSED] - Object: 'Object Repository/Page_Concours photo  votez pour la plus bel_494087/plus de votes' is clicked on

2022-07-19 07:25:40 - [TEST_STEP][PASSED] - click(findTestObject("Object Repository/Page_Concours photo  votez pour la plus bel_494087/i_Votes_fa fa-heart")): Object: 'Object Repository/Page_Concours photo  votez pour la plus bel_494087/i_Votes_fa fa-heart' is clicked on

2022-07-19 07:25:41 - [MESSAGE][PASSED] - Object: 'Object Repository/Page_Concours photo  votez pour la plus bel_494087/i_Votes_fa fa-heart' is clicked on

2022-07-19 07:25:41 - [TEST_STEP][PASSED] - delay(1): Delayed 1 second(s)

2022-07-19 07:25:42 - [MESSAGE][PASSED] - Delayed 1 second(s)

2022-07-19 07:25:42 - [TEST_STEP][PASSED] - closeBrowser(): Browser is closed

2022-07-19 07:25:43 - [MESSAGE][PASSED] - Browser is closed]]></system-out>
         <system-err><![CDATA[]]></system-err>
      </testcase>
      <testcase name="Test Cases/Vote" time="34.862" classname="Test Cases/Vote" status="PASSED">
         <system-out><![CDATA[2022-07-19 07:25:43 - [TEST_CASE][PASSED] - Test Cases/Vote: Test Cases/Vote

2022-07-19 07:25:43 - [TEST_STEP][PASSED] - openBrowser(""): Browser is opened with url: ''

2022-07-19 07:25:43 - [MESSAGE][INFO] - Starting 'Chrome' driver

2022-07-19 07:25:43 - [MESSAGE][INFO] - Action delay is set to 0 milliseconds

2022-07-19 07:25:44 - [MESSAGE][PASSED] - Browser is opened with url: ''

2022-07-19 07:25:44 - [TEST_STEP][PASSED] - navigateToUrl("https://lesechosdutouquet.nordlittoral.fr/147787/article/2022-06-30/concours-photo-montrez-nous-la-plus-belle-photo-de-votre-chien-en-promenade-sur#l5lb6r47qsmp9ur58y"): Navigate to 'https://lesechosdutouquet.nordlittoral.fr/147787/article/2022-06-30/concours-photo-montrez-nous-la-plus-belle-photo-de-votre-chien-en-promenade-sur#l5lb6r47qsmp9ur58y' successfully

2022-07-19 07:25:51 - [MESSAGE][PASSED] - Navigate to 'https://lesechosdutouquet.nordlittoral.fr/147787/article/2022-06-30/concours-photo-montrez-nous-la-plus-belle-photo-de-votre-chien-en-promenade-sur#l5lb6r47qsmp9ur58y' successfully

2022-07-19 07:25:51 - [TEST_STEP][PASSED] - setViewPortSize(1920, 1080): Viewport is set to new size with width = 1920 and height = 1080

2022-07-19 07:25:51 - [MESSAGE][PASSED] - Viewport is set to new size with width = 1920 and height = 1080

2022-07-19 07:25:51 - [TEST_STEP][PASSED] - click(findTestObject("Object Repository/Page_Concours photo  votez pour la plus bel_494087/button_Accepter  Fermer")): Object: 'Object Repository/Page_Concours photo  votez pour la plus bel_494087/button_Accepter  Fermer' is clicked on

2022-07-19 07:25:52 - [MESSAGE][PASSED] - Object: 'Object Repository/Page_Concours photo  votez pour la plus bel_494087/button_Accepter  Fermer' is clicked on

2022-07-19 07:25:52 - [TEST_STEP][PASSED] - delay(12): Delayed 12 second(s)

2022-07-19 07:26:04 - [MESSAGE][PASSED] - Delayed 12 second(s)

2022-07-19 07:26:04 - [TEST_STEP][PASSED] - click(findTestObject("Object Repository/Page_Concours photo  votez pour la plus bel_494087/a_X")): Object: 'Object Repository/Page_Concours photo  votez pour la plus bel_494087/a_X' is clicked on

2022-07-19 07:26:04 - [MESSAGE][PASSED] - Object: 'Object Repository/Page_Concours photo  votez pour la plus bel_494087/a_X' is clicked on

2022-07-19 07:26:04 - [TEST_STEP][PASSED] - delay(1): Delayed 1 second(s)

2022-07-19 07:26:05 - [MESSAGE][PASSED] - Delayed 1 second(s)

2022-07-19 07:26:05 - [TEST_STEP][PASSED] - click(findTestObject("Object Repository/Page_Concours photo  votez pour la plus bel_494087/input_concat(Votez pour le plus beau chien de la cte d, , Opale )_jouer")): Object: 'Object Repository/Page_Concours photo  votez pour la plus bel_494087/input_concat(Votez pour le plus beau chien de la cte d, , Opale )_jouer' is clicked on

2022-07-19 07:26:06 - [MESSAGE][PASSED] - Object: 'Object Repository/Page_Concours photo  votez pour la plus bel_494087/input_concat(Votez pour le plus beau chien de la cte d, , Opale )_jouer' is clicked on

2022-07-19 07:26:06 - [TEST_STEP][PASSED] - if (verifyElementPresent(findTestObject("Page_Concours photo  votez pour la plus bel_494087/input_concat(Votez pour le plus beau chien de la cte d, , Opale )_jouer"), 1, OPTIONAL)): null

2022-07-19 07:26:08 - [MESSAGE][PASSED] - Object 'Object Repository/Page_Concours photo  votez pour la plus bel_494087/input_concat(Votez pour le plus beau chien de la cte d, , Opale )_jouer' is present

2022-07-19 07:26:08 - [TEST_STEP][PASSED] - click(findTestObject("Object Repository/Page_Concours photo  votez pour la plus bel_494087/input_concat(Votez pour le plus beau chien de la cte d, , Opale )_jouer")): Object: 'Object Repository/Page_Concours photo  votez pour la plus bel_494087/input_concat(Votez pour le plus beau chien de la cte d, , Opale )_jouer' is clicked on

2022-07-19 07:26:08 - [MESSAGE][PASSED] - Object: 'Object Repository/Page_Concours photo  votez pour la plus bel_494087/input_concat(Votez pour le plus beau chien de la cte d, , Opale )_jouer' is clicked on

2022-07-19 07:26:08 - [TEST_STEP][PASSED] - delay(1): Delayed 1 second(s)

2022-07-19 07:26:09 - [MESSAGE][PASSED] - Delayed 1 second(s)

2022-07-19 07:26:10 - [TEST_STEP][PASSED] - setText(findTestObject("Object Repository/Page_Concours photo  votez pour la plus bel_494087/input_trie par_keyword"), "Gaspard"): Text 'Gaspard' is set on object 'Object Repository/Page_Concours photo  votez pour la plus bel_494087/input_trie par_keyword'

2022-07-19 07:26:12 - [MESSAGE][PASSED] - Text 'Gaspard' is set on object 'Object Repository/Page_Concours photo  votez pour la plus bel_494087/input_trie par_keyword'

2022-07-19 07:26:12 - [TEST_STEP][PASSED] - sendKeys(findTestObject("Page_Concours photo  votez pour la plus bel_494087/input_trie par_keyword"), Keys.chord(ENTER)): Keys 'ENTER + ' sent to object: 'Object Repository/Page_Concours photo  votez pour la plus bel_494087/input_trie par_keyword'

2022-07-19 07:26:12 - [MESSAGE][PASSED] - Keys 'ENTER + ' sent to object: 'Object Repository/Page_Concours photo  votez pour la plus bel_494087/input_trie par_keyword'

2022-07-19 07:26:12 - [TEST_STEP][PASSED] - click(findTestObject("Page_Concours photo  votez pour la plus bel_494087/tri")): Object: 'Object Repository/Page_Concours photo  votez pour la plus bel_494087/tri' is clicked on

2022-07-19 07:26:13 - [MESSAGE][PASSED] - Object: 'Object Repository/Page_Concours photo  votez pour la plus bel_494087/tri' is clicked on

2022-07-19 07:26:13 - [TEST_STEP][PASSED] - click(findTestObject("Page_Concours photo  votez pour la plus bel_494087/plus de votes")): Object: 'Object Repository/Page_Concours photo  votez pour la plus bel_494087/plus de votes' is clicked on

2022-07-19 07:26:14 - [MESSAGE][PASSED] - Object: 'Object Repository/Page_Concours photo  votez pour la plus bel_494087/plus de votes' is clicked on

2022-07-19 07:26:16 - [TEST_STEP][PASSED] - click(findTestObject("Object Repository/Page_Concours photo  votez pour la plus bel_494087/i_Votes_fa fa-heart")): Object: 'Object Repository/Page_Concours photo  votez pour la plus bel_494087/i_Votes_fa fa-heart' is clicked on

2022-07-19 07:26:16 - [MESSAGE][PASSED] - Object: 'Object Repository/Page_Concours photo  votez pour la plus bel_494087/i_Votes_fa fa-heart' is clicked on

2022-07-19 07:26:16 - [TEST_STEP][PASSED] - delay(1): Delayed 1 second(s)

2022-07-19 07:26:17 - [MESSAGE][PASSED] - Delayed 1 second(s)

2022-07-19 07:26:17 - [TEST_STEP][PASSED] - closeBrowser(): Browser is closed

2022-07-19 07:26:18 - [MESSAGE][PASSED] - Browser is closed]]></system-out>
         <system-err><![CDATA[]]></system-err>
      </testcase>
      <testcase name="Test Cases/Vote" time="29.855" classname="Test Cases/Vote" status="PASSED">
         <system-out><![CDATA[2022-07-19 07:26:18 - [TEST_CASE][PASSED] - Test Cases/Vote: Test Cases/Vote

2022-07-19 07:26:18 - [TEST_STEP][PASSED] - openBrowser(""): Browser is opened with url: ''

2022-07-19 07:26:18 - [MESSAGE][INFO] - Starting 'Chrome' driver

2022-07-19 07:26:18 - [MESSAGE][INFO] - Action delay is set to 0 milliseconds

2022-07-19 07:26:19 - [MESSAGE][PASSED] - Browser is opened with url: ''

2022-07-19 07:26:19 - [TEST_STEP][PASSED] - navigateToUrl("https://lesechosdutouquet.nordlittoral.fr/147787/article/2022-06-30/concours-photo-montrez-nous-la-plus-belle-photo-de-votre-chien-en-promenade-sur#l5lb6r47qsmp9ur58y"): Navigate to 'https://lesechosdutouquet.nordlittoral.fr/147787/article/2022-06-30/concours-photo-montrez-nous-la-plus-belle-photo-de-votre-chien-en-promenade-sur#l5lb6r47qsmp9ur58y' successfully

2022-07-19 07:26:21 - [MESSAGE][PASSED] - Navigate to 'https://lesechosdutouquet.nordlittoral.fr/147787/article/2022-06-30/concours-photo-montrez-nous-la-plus-belle-photo-de-votre-chien-en-promenade-sur#l5lb6r47qsmp9ur58y' successfully

2022-07-19 07:26:21 - [TEST_STEP][PASSED] - setViewPortSize(1920, 1080): Viewport is set to new size with width = 1920 and height = 1080

2022-07-19 07:26:22 - [MESSAGE][PASSED] - Viewport is set to new size with width = 1920 and height = 1080

2022-07-19 07:26:22 - [TEST_STEP][PASSED] - click(findTestObject("Object Repository/Page_Concours photo  votez pour la plus bel_494087/button_Accepter  Fermer")): Object: 'Object Repository/Page_Concours photo  votez pour la plus bel_494087/button_Accepter  Fermer' is clicked on

2022-07-19 07:26:23 - [MESSAGE][PASSED] - Object: 'Object Repository/Page_Concours photo  votez pour la plus bel_494087/button_Accepter  Fermer' is clicked on

2022-07-19 07:26:23 - [TEST_STEP][PASSED] - delay(12): Delayed 12 second(s)

2022-07-19 07:26:35 - [MESSAGE][PASSED] - Delayed 12 second(s)

2022-07-19 07:26:35 - [TEST_STEP][PASSED] - click(findTestObject("Object Repository/Page_Concours photo  votez pour la plus bel_494087/a_X")): Object: 'Object Repository/Page_Concours photo  votez pour la plus bel_494087/a_X' is clicked on

2022-07-19 07:26:35 - [MESSAGE][PASSED] - Object: 'Object Repository/Page_Concours photo  votez pour la plus bel_494087/a_X' is clicked on

2022-07-19 07:26:35 - [TEST_STEP][PASSED] - delay(1): Delayed 1 second(s)

2022-07-19 07:26:36 - [MESSAGE][PASSED] - Delayed 1 second(s)

2022-07-19 07:26:36 - [TEST_STEP][PASSED] - click(findTestObject("Object Repository/Page_Concours photo  votez pour la plus bel_494087/input_concat(Votez pour le plus beau chien de la cte d, , Opale )_jouer")): Object: 'Object Repository/Page_Concours photo  votez pour la plus bel_494087/input_concat(Votez pour le plus beau chien de la cte d, , Opale )_jouer' is clicked on

2022-07-19 07:26:37 - [MESSAGE][PASSED] - Object: 'Object Repository/Page_Concours photo  votez pour la plus bel_494087/input_concat(Votez pour le plus beau chien de la cte d, , Opale )_jouer' is clicked on

2022-07-19 07:26:37 - [TEST_STEP][PASSED] - if (verifyElementPresent(findTestObject("Page_Concours photo  votez pour la plus bel_494087/input_concat(Votez pour le plus beau chien de la cte d, , Opale )_jouer"), 1, OPTIONAL)): null

2022-07-19 07:26:38 - [MESSAGE][PASSED] - Object 'Object Repository/Page_Concours photo  votez pour la plus bel_494087/input_concat(Votez pour le plus beau chien de la cte d, , Opale )_jouer' is present

2022-07-19 07:26:38 - [TEST_STEP][PASSED] - click(findTestObject("Object Repository/Page_Concours photo  votez pour la plus bel_494087/input_concat(Votez pour le plus beau chien de la cte d, , Opale )_jouer")): Object: 'Object Repository/Page_Concours photo  votez pour la plus bel_494087/input_concat(Votez pour le plus beau chien de la cte d, , Opale )_jouer' is clicked on

2022-07-19 07:26:39 - [MESSAGE][PASSED] - Object: 'Object Repository/Page_Concours photo  votez pour la plus bel_494087/input_concat(Votez pour le plus beau chien de la cte d, , Opale )_jouer' is clicked on

2022-07-19 07:26:39 - [TEST_STEP][PASSED] - delay(1): Delayed 1 second(s)

2022-07-19 07:26:40 - [MESSAGE][PASSED] - Delayed 1 second(s)

2022-07-19 07:26:40 - [TEST_STEP][PASSED] - setText(findTestObject("Object Repository/Page_Concours photo  votez pour la plus bel_494087/input_trie par_keyword"), "Gaspard"): Text 'Gaspard' is set on object 'Object Repository/Page_Concours photo  votez pour la plus bel_494087/input_trie par_keyword'

2022-07-19 07:26:42 - [MESSAGE][PASSED] - Text 'Gaspard' is set on object 'Object Repository/Page_Concours photo  votez pour la plus bel_494087/input_trie par_keyword'

2022-07-19 07:26:42 - [TEST_STEP][PASSED] - sendKeys(findTestObject("Page_Concours photo  votez pour la plus bel_494087/input_trie par_keyword"), Keys.chord(ENTER)): Keys 'ENTER + ' sent to object: 'Object Repository/Page_Concours photo  votez pour la plus bel_494087/input_trie par_keyword'

2022-07-19 07:26:43 - [MESSAGE][PASSED] - Keys 'ENTER + ' sent to object: 'Object Repository/Page_Concours photo  votez pour la plus bel_494087/input_trie par_keyword'

2022-07-19 07:26:43 - [TEST_STEP][PASSED] - click(findTestObject("Page_Concours photo  votez pour la plus bel_494087/tri")): Object: 'Object Repository/Page_Concours photo  votez pour la plus bel_494087/tri' is clicked on

2022-07-19 07:26:44 - [MESSAGE][PASSED] - Object: 'Object Repository/Page_Concours photo  votez pour la plus bel_494087/tri' is clicked on

2022-07-19 07:26:44 - [TEST_STEP][PASSED] - click(findTestObject("Page_Concours photo  votez pour la plus bel_494087/plus de votes")): Object: 'Object Repository/Page_Concours photo  votez pour la plus bel_494087/plus de votes' is clicked on

2022-07-19 07:26:44 - [MESSAGE][PASSED] - Object: 'Object Repository/Page_Concours photo  votez pour la plus bel_494087/plus de votes' is clicked on

2022-07-19 07:26:45 - [TEST_STEP][PASSED] - click(findTestObject("Object Repository/Page_Concours photo  votez pour la plus bel_494087/i_Votes_fa fa-heart")): Object: 'Object Repository/Page_Concours photo  votez pour la plus bel_494087/i_Votes_fa fa-heart' is clicked on

2022-07-19 07:26:46 - [MESSAGE][PASSED] - Object: 'Object Repository/Page_Concours photo  votez pour la plus bel_494087/i_Votes_fa fa-heart' is clicked on

2022-07-19 07:26:46 - [TEST_STEP][PASSED] - delay(1): Delayed 1 second(s)

2022-07-19 07:26:47 - [MESSAGE][PASSED] - Delayed 1 second(s)

2022-07-19 07:26:47 - [TEST_STEP][PASSED] - closeBrowser(): Browser is closed

2022-07-19 07:26:47 - [MESSAGE][PASSED] - Browser is closed]]></system-out>
         <system-err><![CDATA[]]></system-err>
      </testcase>
      <testcase name="Test Cases/Vote" time="31.625" classname="Test Cases/Vote" status="PASSED">
         <system-out><![CDATA[2022-07-19 07:26:47 - [TEST_CASE][PASSED] - Test Cases/Vote: Test Cases/Vote

2022-07-19 07:26:48 - [TEST_STEP][PASSED] - openBrowser(""): Browser is opened with url: ''

2022-07-19 07:26:48 - [MESSAGE][INFO] - Starting 'Chrome' driver

2022-07-19 07:26:48 - [MESSAGE][INFO] - Action delay is set to 0 milliseconds

2022-07-19 07:26:49 - [MESSAGE][PASSED] - Browser is opened with url: ''

2022-07-19 07:26:49 - [TEST_STEP][PASSED] - navigateToUrl("https://lesechosdutouquet.nordlittoral.fr/147787/article/2022-06-30/concours-photo-montrez-nous-la-plus-belle-photo-de-votre-chien-en-promenade-sur#l5lb6r47qsmp9ur58y"): Navigate to 'https://lesechosdutouquet.nordlittoral.fr/147787/article/2022-06-30/concours-photo-montrez-nous-la-plus-belle-photo-de-votre-chien-en-promenade-sur#l5lb6r47qsmp9ur58y' successfully

2022-07-19 07:26:51 - [MESSAGE][PASSED] - Navigate to 'https://lesechosdutouquet.nordlittoral.fr/147787/article/2022-06-30/concours-photo-montrez-nous-la-plus-belle-photo-de-votre-chien-en-promenade-sur#l5lb6r47qsmp9ur58y' successfully

2022-07-19 07:26:51 - [TEST_STEP][PASSED] - setViewPortSize(1920, 1080): Viewport is set to new size with width = 1920 and height = 1080

2022-07-19 07:26:51 - [MESSAGE][PASSED] - Viewport is set to new size with width = 1920 and height = 1080

2022-07-19 07:26:51 - [TEST_STEP][PASSED] - click(findTestObject("Object Repository/Page_Concours photo  votez pour la plus bel_494087/button_Accepter  Fermer")): Object: 'Object Repository/Page_Concours photo  votez pour la plus bel_494087/button_Accepter  Fermer' is clicked on

2022-07-19 07:26:52 - [MESSAGE][PASSED] - Object: 'Object Repository/Page_Concours photo  votez pour la plus bel_494087/button_Accepter  Fermer' is clicked on

2022-07-19 07:26:52 - [TEST_STEP][PASSED] - delay(12): Delayed 12 second(s)

2022-07-19 07:27:05 - [MESSAGE][PASSED] - Delayed 12 second(s)

2022-07-19 07:27:05 - [TEST_STEP][PASSED] - click(findTestObject("Object Repository/Page_Concours photo  votez pour la plus bel_494087/a_X")): Object: 'Object Repository/Page_Concours photo  votez pour la plus bel_494087/a_X' is clicked on

2022-07-19 07:27:05 - [MESSAGE][PASSED] - Object: 'Object Repository/Page_Concours photo  votez pour la plus bel_494087/a_X' is clicked on

2022-07-19 07:27:05 - [TEST_STEP][PASSED] - delay(1): Delayed 1 second(s)

2022-07-19 07:27:06 - [MESSAGE][PASSED] - Delayed 1 second(s)

2022-07-19 07:27:06 - [TEST_STEP][PASSED] - click(findTestObject("Object Repository/Page_Concours photo  votez pour la plus bel_494087/input_concat(Votez pour le plus beau chien de la cte d, , Opale )_jouer")): Object: 'Object Repository/Page_Concours photo  votez pour la plus bel_494087/input_concat(Votez pour le plus beau chien de la cte d, , Opale )_jouer' is clicked on

2022-07-19 07:27:07 - [MESSAGE][PASSED] - Object: 'Object Repository/Page_Concours photo  votez pour la plus bel_494087/input_concat(Votez pour le plus beau chien de la cte d, , Opale )_jouer' is clicked on

2022-07-19 07:27:07 - [TEST_STEP][PASSED] - if (verifyElementPresent(findTestObject("Page_Concours photo  votez pour la plus bel_494087/input_concat(Votez pour le plus beau chien de la cte d, , Opale )_jouer"), 1, OPTIONAL)): null

2022-07-19 07:27:08 - [MESSAGE][PASSED] - Object 'Object Repository/Page_Concours photo  votez pour la plus bel_494087/input_concat(Votez pour le plus beau chien de la cte d, , Opale )_jouer' is present

2022-07-19 07:27:08 - [TEST_STEP][PASSED] - click(findTestObject("Object Repository/Page_Concours photo  votez pour la plus bel_494087/input_concat(Votez pour le plus beau chien de la cte d, , Opale )_jouer")): Object: 'Object Repository/Page_Concours photo  votez pour la plus bel_494087/input_concat(Votez pour le plus beau chien de la cte d, , Opale )_jouer' is clicked on

2022-07-19 07:27:08 - [MESSAGE][PASSED] - Object: 'Object Repository/Page_Concours photo  votez pour la plus bel_494087/input_concat(Votez pour le plus beau chien de la cte d, , Opale )_jouer' is clicked on

2022-07-19 07:27:09 - [TEST_STEP][PASSED] - delay(1): Delayed 1 second(s)

2022-07-19 07:27:10 - [MESSAGE][PASSED] - Delayed 1 second(s)

2022-07-19 07:27:10 - [TEST_STEP][PASSED] - setText(findTestObject("Object Repository/Page_Concours photo  votez pour la plus bel_494087/input_trie par_keyword"), "Gaspard"): Text 'Gaspard' is set on object 'Object Repository/Page_Concours photo  votez pour la plus bel_494087/input_trie par_keyword'

2022-07-19 07:27:13 - [MESSAGE][PASSED] - Text 'Gaspard' is set on object 'Object Repository/Page_Concours photo  votez pour la plus bel_494087/input_trie par_keyword'

2022-07-19 07:27:13 - [TEST_STEP][PASSED] - sendKeys(findTestObject("Page_Concours photo  votez pour la plus bel_494087/input_trie par_keyword"), Keys.chord(ENTER)): Keys 'ENTER + ' sent to object: 'Object Repository/Page_Concours photo  votez pour la plus bel_494087/input_trie par_keyword'

2022-07-19 07:27:15 - [MESSAGE][PASSED] - Keys 'ENTER + ' sent to object: 'Object Repository/Page_Concours photo  votez pour la plus bel_494087/input_trie par_keyword'

2022-07-19 07:27:15 - [TEST_STEP][PASSED] - click(findTestObject("Page_Concours photo  votez pour la plus bel_494087/tri")): Object: 'Object Repository/Page_Concours photo  votez pour la plus bel_494087/tri' is clicked on

2022-07-19 07:27:15 - [MESSAGE][PASSED] - Object: 'Object Repository/Page_Concours photo  votez pour la plus bel_494087/tri' is clicked on

2022-07-19 07:27:15 - [TEST_STEP][PASSED] - click(findTestObject("Page_Concours photo  votez pour la plus bel_494087/plus de votes")): Object: 'Object Repository/Page_Concours photo  votez pour la plus bel_494087/plus de votes' is clicked on

2022-07-19 07:27:16 - [MESSAGE][PASSED] - Object: 'Object Repository/Page_Concours photo  votez pour la plus bel_494087/plus de votes' is clicked on

2022-07-19 07:27:17 - [TEST_STEP][PASSED] - click(findTestObject("Object Repository/Page_Concours photo  votez pour la plus bel_494087/i_Votes_fa fa-heart")): Object: 'Object Repository/Page_Concours photo  votez pour la plus bel_494087/i_Votes_fa fa-heart' is clicked on

2022-07-19 07:27:18 - [MESSAGE][PASSED] - Object: 'Object Repository/Page_Concours photo  votez pour la plus bel_494087/i_Votes_fa fa-heart' is clicked on

2022-07-19 07:27:18 - [TEST_STEP][PASSED] - delay(1): Delayed 1 second(s)

2022-07-19 07:27:19 - [MESSAGE][PASSED] - Delayed 1 second(s)

2022-07-19 07:27:19 - [TEST_STEP][PASSED] - closeBrowser(): Browser is closed

2022-07-19 07:27:19 - [MESSAGE][PASSED] - Browser is closed]]></system-out>
         <system-err><![CDATA[]]></system-err>
      </testcase>
      <testcase name="Test Cases/Vote" time="29.15" classname="Test Cases/Vote" status="PASSED">
         <system-out><![CDATA[2022-07-19 07:27:19 - [TEST_CASE][PASSED] - Test Cases/Vote: Test Cases/Vote

2022-07-19 07:27:19 - [TEST_STEP][PASSED] - openBrowser(""): Browser is opened with url: ''

2022-07-19 07:27:19 - [MESSAGE][INFO] - Starting 'Chrome' driver

2022-07-19 07:27:19 - [MESSAGE][INFO] - Action delay is set to 0 milliseconds

2022-07-19 07:27:20 - [MESSAGE][PASSED] - Browser is opened with url: ''

2022-07-19 07:27:20 - [TEST_STEP][PASSED] - navigateToUrl("https://lesechosdutouquet.nordlittoral.fr/147787/article/2022-06-30/concours-photo-montrez-nous-la-plus-belle-photo-de-votre-chien-en-promenade-sur#l5lb6r47qsmp9ur58y"): Navigate to 'https://lesechosdutouquet.nordlittoral.fr/147787/article/2022-06-30/concours-photo-montrez-nous-la-plus-belle-photo-de-votre-chien-en-promenade-sur#l5lb6r47qsmp9ur58y' successfully

2022-07-19 07:27:23 - [MESSAGE][PASSED] - Navigate to 'https://lesechosdutouquet.nordlittoral.fr/147787/article/2022-06-30/concours-photo-montrez-nous-la-plus-belle-photo-de-votre-chien-en-promenade-sur#l5lb6r47qsmp9ur58y' successfully

2022-07-19 07:27:23 - [TEST_STEP][PASSED] - setViewPortSize(1920, 1080): Viewport is set to new size with width = 1920 and height = 1080

2022-07-19 07:27:23 - [MESSAGE][PASSED] - Viewport is set to new size with width = 1920 and height = 1080

2022-07-19 07:27:23 - [TEST_STEP][PASSED] - click(findTestObject("Object Repository/Page_Concours photo  votez pour la plus bel_494087/button_Accepter  Fermer")): Object: 'Object Repository/Page_Concours photo  votez pour la plus bel_494087/button_Accepter  Fermer' is clicked on

2022-07-19 07:27:24 - [MESSAGE][PASSED] - Object: 'Object Repository/Page_Concours photo  votez pour la plus bel_494087/button_Accepter  Fermer' is clicked on

2022-07-19 07:27:24 - [TEST_STEP][PASSED] - delay(12): Delayed 12 second(s)

2022-07-19 07:27:36 - [MESSAGE][PASSED] - Delayed 12 second(s)

2022-07-19 07:27:36 - [TEST_STEP][PASSED] - click(findTestObject("Object Repository/Page_Concours photo  votez pour la plus bel_494087/a_X")): Object: 'Object Repository/Page_Concours photo  votez pour la plus bel_494087/a_X' is clicked on

2022-07-19 07:27:37 - [MESSAGE][PASSED] - Object: 'Object Repository/Page_Concours photo  votez pour la plus bel_494087/a_X' is clicked on

2022-07-19 07:27:37 - [TEST_STEP][PASSED] - delay(1): Delayed 1 second(s)

2022-07-19 07:27:38 - [MESSAGE][PASSED] - Delayed 1 second(s)

2022-07-19 07:27:38 - [TEST_STEP][PASSED] - click(findTestObject("Object Repository/Page_Concours photo  votez pour la plus bel_494087/input_concat(Votez pour le plus beau chien de la cte d, , Opale )_jouer")): Object: 'Object Repository/Page_Concours photo  votez pour la plus bel_494087/input_concat(Votez pour le plus beau chien de la cte d, , Opale )_jouer' is clicked on

2022-07-19 07:27:38 - [MESSAGE][PASSED] - Object: 'Object Repository/Page_Concours photo  votez pour la plus bel_494087/input_concat(Votez pour le plus beau chien de la cte d, , Opale )_jouer' is clicked on

2022-07-19 07:27:38 - [TEST_STEP][PASSED] - if (verifyElementPresent(findTestObject("Page_Concours photo  votez pour la plus bel_494087/input_concat(Votez pour le plus beau chien de la cte d, , Opale )_jouer"), 1, OPTIONAL)): null

2022-07-19 07:27:40 - [MESSAGE][PASSED] - Object 'Object Repository/Page_Concours photo  votez pour la plus bel_494087/input_concat(Votez pour le plus beau chien de la cte d, , Opale )_jouer' is present

2022-07-19 07:27:40 - [TEST_STEP][PASSED] - click(findTestObject("Object Repository/Page_Concours photo  votez pour la plus bel_494087/input_concat(Votez pour le plus beau chien de la cte d, , Opale )_jouer")): Object: 'Object Repository/Page_Concours photo  votez pour la plus bel_494087/input_concat(Votez pour le plus beau chien de la cte d, , Opale )_jouer' is clicked on

2022-07-19 07:27:40 - [MESSAGE][PASSED] - Object: 'Object Repository/Page_Concours photo  votez pour la plus bel_494087/input_concat(Votez pour le plus beau chien de la cte d, , Opale )_jouer' is clicked on

2022-07-19 07:27:40 - [TEST_STEP][PASSED] - delay(1): Delayed 1 second(s)

2022-07-19 07:27:41 - [MESSAGE][PASSED] - Delayed 1 second(s)

2022-07-19 07:27:41 - [TEST_STEP][PASSED] - setText(findTestObject("Object Repository/Page_Concours photo  votez pour la plus bel_494087/input_trie par_keyword"), "Gaspard"): Text 'Gaspard' is set on object 'Object Repository/Page_Concours photo  votez pour la plus bel_494087/input_trie par_keyword'

2022-07-19 07:27:43 - [MESSAGE][PASSED] - Text 'Gaspard' is set on object 'Object Repository/Page_Concours photo  votez pour la plus bel_494087/input_trie par_keyword'

2022-07-19 07:27:43 - [TEST_STEP][PASSED] - sendKeys(findTestObject("Page_Concours photo  votez pour la plus bel_494087/input_trie par_keyword"), Keys.chord(ENTER)): Keys 'ENTER + ' sent to object: 'Object Repository/Page_Concours photo  votez pour la plus bel_494087/input_trie par_keyword'

2022-07-19 07:27:44 - [MESSAGE][PASSED] - Keys 'ENTER + ' sent to object: 'Object Repository/Page_Concours photo  votez pour la plus bel_494087/input_trie par_keyword'

2022-07-19 07:27:44 - [TEST_STEP][PASSED] - click(findTestObject("Page_Concours photo  votez pour la plus bel_494087/tri")): Object: 'Object Repository/Page_Concours photo  votez pour la plus bel_494087/tri' is clicked on

2022-07-19 07:27:44 - [MESSAGE][PASSED] - Object: 'Object Repository/Page_Concours photo  votez pour la plus bel_494087/tri' is clicked on

2022-07-19 07:27:44 - [TEST_STEP][PASSED] - click(findTestObject("Page_Concours photo  votez pour la plus bel_494087/plus de votes")): Object: 'Object Repository/Page_Concours photo  votez pour la plus bel_494087/plus de votes' is clicked on

2022-07-19 07:27:45 - [MESSAGE][PASSED] - Object: 'Object Repository/Page_Concours photo  votez pour la plus bel_494087/plus de votes' is clicked on

2022-07-19 07:27:46 - [TEST_STEP][PASSED] - click(findTestObject("Object Repository/Page_Concours photo  votez pour la plus bel_494087/i_Votes_fa fa-heart")): Object: 'Object Repository/Page_Concours photo  votez pour la plus bel_494087/i_Votes_fa fa-heart' is clicked on

2022-07-19 07:27:47 - [MESSAGE][PASSED] - Object: 'Object Repository/Page_Concours photo  votez pour la plus bel_494087/i_Votes_fa fa-heart' is clicked on

2022-07-19 07:27:47 - [TEST_STEP][PASSED] - delay(1): Delayed 1 second(s)

2022-07-19 07:27:48 - [MESSAGE][PASSED] - Delayed 1 second(s)

2022-07-19 07:27:48 - [TEST_STEP][PASSED] - closeBrowser(): Browser is closed

2022-07-19 07:27:48 - [MESSAGE][PASSED] - Browser is closed]]></system-out>
         <system-err><![CDATA[]]></system-err>
      </testcase>
      <testcase name="Test Cases/Vote" time="32.51" classname="Test Cases/Vote" status="PASSED">
         <system-out><![CDATA[2022-07-19 07:27:48 - [TEST_CASE][PASSED] - Test Cases/Vote: Test Cases/Vote

2022-07-19 07:27:48 - [TEST_STEP][PASSED] - openBrowser(""): Browser is opened with url: ''

2022-07-19 07:27:48 - [MESSAGE][INFO] - Starting 'Chrome' driver

2022-07-19 07:27:48 - [MESSAGE][INFO] - Action delay is set to 0 milliseconds

2022-07-19 07:27:49 - [MESSAGE][PASSED] - Browser is opened with url: ''

2022-07-19 07:27:49 - [TEST_STEP][PASSED] - navigateToUrl("https://lesechosdutouquet.nordlittoral.fr/147787/article/2022-06-30/concours-photo-montrez-nous-la-plus-belle-photo-de-votre-chien-en-promenade-sur#l5lb6r47qsmp9ur58y"): Navigate to 'https://lesechosdutouquet.nordlittoral.fr/147787/article/2022-06-30/concours-photo-montrez-nous-la-plus-belle-photo-de-votre-chien-en-promenade-sur#l5lb6r47qsmp9ur58y' successfully

2022-07-19 07:27:52 - [MESSAGE][PASSED] - Navigate to 'https://lesechosdutouquet.nordlittoral.fr/147787/article/2022-06-30/concours-photo-montrez-nous-la-plus-belle-photo-de-votre-chien-en-promenade-sur#l5lb6r47qsmp9ur58y' successfully

2022-07-19 07:27:52 - [TEST_STEP][PASSED] - setViewPortSize(1920, 1080): Viewport is set to new size with width = 1920 and height = 1080

2022-07-19 07:27:53 - [MESSAGE][PASSED] - Viewport is set to new size with width = 1920 and height = 1080

2022-07-19 07:27:53 - [TEST_STEP][PASSED] - click(findTestObject("Object Repository/Page_Concours photo  votez pour la plus bel_494087/button_Accepter  Fermer")): Object: 'Object Repository/Page_Concours photo  votez pour la plus bel_494087/button_Accepter  Fermer' is clicked on

2022-07-19 07:27:54 - [MESSAGE][PASSED] - Object: 'Object Repository/Page_Concours photo  votez pour la plus bel_494087/button_Accepter  Fermer' is clicked on

2022-07-19 07:27:54 - [TEST_STEP][PASSED] - delay(12): Delayed 12 second(s)

2022-07-19 07:28:06 - [MESSAGE][PASSED] - Delayed 12 second(s)

2022-07-19 07:28:06 - [TEST_STEP][PASSED] - click(findTestObject("Object Repository/Page_Concours photo  votez pour la plus bel_494087/a_X")): Object: 'Object Repository/Page_Concours photo  votez pour la plus bel_494087/a_X' is clicked on

2022-07-19 07:28:06 - [MESSAGE][PASSED] - Object: 'Object Repository/Page_Concours photo  votez pour la plus bel_494087/a_X' is clicked on

2022-07-19 07:28:06 - [TEST_STEP][PASSED] - delay(1): Delayed 1 second(s)

2022-07-19 07:28:07 - [MESSAGE][PASSED] - Delayed 1 second(s)

2022-07-19 07:28:07 - [TEST_STEP][PASSED] - click(findTestObject("Object Repository/Page_Concours photo  votez pour la plus bel_494087/input_concat(Votez pour le plus beau chien de la cte d, , Opale )_jouer")): Object: 'Object Repository/Page_Concours photo  votez pour la plus bel_494087/input_concat(Votez pour le plus beau chien de la cte d, , Opale )_jouer' is clicked on

2022-07-19 07:28:08 - [MESSAGE][PASSED] - Object: 'Object Repository/Page_Concours photo  votez pour la plus bel_494087/input_concat(Votez pour le plus beau chien de la cte d, , Opale )_jouer' is clicked on

2022-07-19 07:28:08 - [TEST_STEP][PASSED] - if (verifyElementPresent(findTestObject("Page_Concours photo  votez pour la plus bel_494087/input_concat(Votez pour le plus beau chien de la cte d, , Opale )_jouer"), 1, OPTIONAL)): null

2022-07-19 07:28:09 - [MESSAGE][PASSED] - Object 'Object Repository/Page_Concours photo  votez pour la plus bel_494087/input_concat(Votez pour le plus beau chien de la cte d, , Opale )_jouer' is present

2022-07-19 07:28:09 - [TEST_STEP][PASSED] - click(findTestObject("Object Repository/Page_Concours photo  votez pour la plus bel_494087/input_concat(Votez pour le plus beau chien de la cte d, , Opale )_jouer")): Object: 'Object Repository/Page_Concours photo  votez pour la plus bel_494087/input_concat(Votez pour le plus beau chien de la cte d, , Opale )_jouer' is clicked on

2022-07-19 07:28:10 - [MESSAGE][PASSED] - Object: 'Object Repository/Page_Concours photo  votez pour la plus bel_494087/input_concat(Votez pour le plus beau chien de la cte d, , Opale )_jouer' is clicked on

2022-07-19 07:28:10 - [TEST_STEP][PASSED] - delay(1): Delayed 1 second(s)

2022-07-19 07:28:11 - [MESSAGE][PASSED] - Delayed 1 second(s)

2022-07-19 07:28:11 - [TEST_STEP][PASSED] - setText(findTestObject("Object Repository/Page_Concours photo  votez pour la plus bel_494087/input_trie par_keyword"), "Gaspard"): Text 'Gaspard' is set on object 'Object Repository/Page_Concours photo  votez pour la plus bel_494087/input_trie par_keyword'

2022-07-19 07:28:14 - [MESSAGE][PASSED] - Text 'Gaspard' is set on object 'Object Repository/Page_Concours photo  votez pour la plus bel_494087/input_trie par_keyword'

2022-07-19 07:28:14 - [TEST_STEP][PASSED] - sendKeys(findTestObject("Page_Concours photo  votez pour la plus bel_494087/input_trie par_keyword"), Keys.chord(ENTER)): Keys 'ENTER + ' sent to object: 'Object Repository/Page_Concours photo  votez pour la plus bel_494087/input_trie par_keyword'

2022-07-19 07:28:16 - [MESSAGE][PASSED] - Keys 'ENTER + ' sent to object: 'Object Repository/Page_Concours photo  votez pour la plus bel_494087/input_trie par_keyword'

2022-07-19 07:28:16 - [TEST_STEP][PASSED] - click(findTestObject("Page_Concours photo  votez pour la plus bel_494087/tri")): Object: 'Object Repository/Page_Concours photo  votez pour la plus bel_494087/tri' is clicked on

2022-07-19 07:28:17 - [MESSAGE][PASSED] - Object: 'Object Repository/Page_Concours photo  votez pour la plus bel_494087/tri' is clicked on

2022-07-19 07:28:17 - [TEST_STEP][PASSED] - click(findTestObject("Page_Concours photo  votez pour la plus bel_494087/plus de votes")): Object: 'Object Repository/Page_Concours photo  votez pour la plus bel_494087/plus de votes' is clicked on

2022-07-19 07:28:17 - [MESSAGE][PASSED] - Object: 'Object Repository/Page_Concours photo  votez pour la plus bel_494087/plus de votes' is clicked on

2022-07-19 07:28:19 - [TEST_STEP][PASSED] - click(findTestObject("Object Repository/Page_Concours photo  votez pour la plus bel_494087/i_Votes_fa fa-heart")): Object: 'Object Repository/Page_Concours photo  votez pour la plus bel_494087/i_Votes_fa fa-heart' is clicked on

2022-07-19 07:28:19 - [MESSAGE][PASSED] - Object: 'Object Repository/Page_Concours photo  votez pour la plus bel_494087/i_Votes_fa fa-heart' is clicked on

2022-07-19 07:28:19 - [TEST_STEP][PASSED] - delay(1): Delayed 1 second(s)

2022-07-19 07:28:21 - [MESSAGE][PASSED] - Delayed 1 second(s)

2022-07-19 07:28:21 - [TEST_STEP][PASSED] - closeBrowser(): Browser is closed

2022-07-19 07:28:21 - [MESSAGE][PASSED] - Browser is closed]]></system-out>
         <system-err><![CDATA[]]></system-err>
      </testcase>
      <testcase name="Test Cases/Vote" time="30.152" classname="Test Cases/Vote" status="PASSED">
         <system-out><![CDATA[2022-07-19 07:28:21 - [TEST_CASE][PASSED] - Test Cases/Vote: Test Cases/Vote

2022-07-19 07:28:21 - [TEST_STEP][PASSED] - openBrowser(""): Browser is opened with url: ''

2022-07-19 07:28:21 - [MESSAGE][INFO] - Starting 'Chrome' driver

2022-07-19 07:28:21 - [MESSAGE][INFO] - Action delay is set to 0 milliseconds

2022-07-19 07:28:22 - [MESSAGE][PASSED] - Browser is opened with url: ''

2022-07-19 07:28:22 - [TEST_STEP][PASSED] - navigateToUrl("https://lesechosdutouquet.nordlittoral.fr/147787/article/2022-06-30/concours-photo-montrez-nous-la-plus-belle-photo-de-votre-chien-en-promenade-sur#l5lb6r47qsmp9ur58y"): Navigate to 'https://lesechosdutouquet.nordlittoral.fr/147787/article/2022-06-30/concours-photo-montrez-nous-la-plus-belle-photo-de-votre-chien-en-promenade-sur#l5lb6r47qsmp9ur58y' successfully

2022-07-19 07:28:25 - [MESSAGE][PASSED] - Navigate to 'https://lesechosdutouquet.nordlittoral.fr/147787/article/2022-06-30/concours-photo-montrez-nous-la-plus-belle-photo-de-votre-chien-en-promenade-sur#l5lb6r47qsmp9ur58y' successfully

2022-07-19 07:28:25 - [TEST_STEP][PASSED] - setViewPortSize(1920, 1080): Viewport is set to new size with width = 1920 and height = 1080

2022-07-19 07:28:25 - [MESSAGE][PASSED] - Viewport is set to new size with width = 1920 and height = 1080

2022-07-19 07:28:25 - [TEST_STEP][PASSED] - click(findTestObject("Object Repository/Page_Concours photo  votez pour la plus bel_494087/button_Accepter  Fermer")): Object: 'Object Repository/Page_Concours photo  votez pour la plus bel_494087/button_Accepter  Fermer' is clicked on

2022-07-19 07:28:26 - [MESSAGE][PASSED] - Object: 'Object Repository/Page_Concours photo  votez pour la plus bel_494087/button_Accepter  Fermer' is clicked on

2022-07-19 07:28:26 - [TEST_STEP][PASSED] - delay(12): Delayed 12 second(s)

2022-07-19 07:28:38 - [MESSAGE][PASSED] - Delayed 12 second(s)

2022-07-19 07:28:38 - [TEST_STEP][PASSED] - click(findTestObject("Object Repository/Page_Concours photo  votez pour la plus bel_494087/a_X")): Object: 'Object Repository/Page_Concours photo  votez pour la plus bel_494087/a_X' is clicked on

2022-07-19 07:28:38 - [MESSAGE][PASSED] - Object: 'Object Repository/Page_Concours photo  votez pour la plus bel_494087/a_X' is clicked on

2022-07-19 07:28:38 - [TEST_STEP][PASSED] - delay(1): Delayed 1 second(s)

2022-07-19 07:28:39 - [MESSAGE][PASSED] - Delayed 1 second(s)

2022-07-19 07:28:39 - [TEST_STEP][PASSED] - click(findTestObject("Object Repository/Page_Concours photo  votez pour la plus bel_494087/input_concat(Votez pour le plus beau chien de la cte d, , Opale )_jouer")): Object: 'Object Repository/Page_Concours photo  votez pour la plus bel_494087/input_concat(Votez pour le plus beau chien de la cte d, , Opale )_jouer' is clicked on

2022-07-19 07:28:40 - [MESSAGE][PASSED] - Object: 'Object Repository/Page_Concours photo  votez pour la plus bel_494087/input_concat(Votez pour le plus beau chien de la cte d, , Opale )_jouer' is clicked on

2022-07-19 07:28:40 - [TEST_STEP][PASSED] - if (verifyElementPresent(findTestObject("Page_Concours photo  votez pour la plus bel_494087/input_concat(Votez pour le plus beau chien de la cte d, , Opale )_jouer"), 1, OPTIONAL)): null

2022-07-19 07:28:42 - [MESSAGE][PASSED] - Object 'Object Repository/Page_Concours photo  votez pour la plus bel_494087/input_concat(Votez pour le plus beau chien de la cte d, , Opale )_jouer' is present

2022-07-19 07:28:42 - [TEST_STEP][PASSED] - click(findTestObject("Object Repository/Page_Concours photo  votez pour la plus bel_494087/input_concat(Votez pour le plus beau chien de la cte d, , Opale )_jouer")): Object: 'Object Repository/Page_Concours photo  votez pour la plus bel_494087/input_concat(Votez pour le plus beau chien de la cte d, , Opale )_jouer' is clicked on

2022-07-19 07:28:43 - [MESSAGE][PASSED] - Object: 'Object Repository/Page_Concours photo  votez pour la plus bel_494087/input_concat(Votez pour le plus beau chien de la cte d, , Opale )_jouer' is clicked on

2022-07-19 07:28:43 - [TEST_STEP][PASSED] - delay(1): Delayed 1 second(s)

2022-07-19 07:28:44 - [MESSAGE][PASSED] - Delayed 1 second(s)

2022-07-19 07:28:44 - [TEST_STEP][PASSED] - setText(findTestObject("Object Repository/Page_Concours photo  votez pour la plus bel_494087/input_trie par_keyword"), "Gaspard"): Text 'Gaspard' is set on object 'Object Repository/Page_Concours photo  votez pour la plus bel_494087/input_trie par_keyword'

2022-07-19 07:28:45 - [MESSAGE][PASSED] - Text 'Gaspard' is set on object 'Object Repository/Page_Concours photo  votez pour la plus bel_494087/input_trie par_keyword'

2022-07-19 07:28:45 - [TEST_STEP][PASSED] - sendKeys(findTestObject("Page_Concours photo  votez pour la plus bel_494087/input_trie par_keyword"), Keys.chord(ENTER)): Keys 'ENTER + ' sent to object: 'Object Repository/Page_Concours photo  votez pour la plus bel_494087/input_trie par_keyword'

2022-07-19 07:28:46 - [MESSAGE][PASSED] - Keys 'ENTER + ' sent to object: 'Object Repository/Page_Concours photo  votez pour la plus bel_494087/input_trie par_keyword'

2022-07-19 07:28:47 - [TEST_STEP][PASSED] - click(findTestObject("Page_Concours photo  votez pour la plus bel_494087/tri")): Object: 'Object Repository/Page_Concours photo  votez pour la plus bel_494087/tri' is clicked on

2022-07-19 07:28:47 - [MESSAGE][PASSED] - Object: 'Object Repository/Page_Concours photo  votez pour la plus bel_494087/tri' is clicked on

2022-07-19 07:28:47 - [TEST_STEP][PASSED] - click(findTestObject("Page_Concours photo  votez pour la plus bel_494087/plus de votes")): Object: 'Object Repository/Page_Concours photo  votez pour la plus bel_494087/plus de votes' is clicked on

2022-07-19 07:28:48 - [MESSAGE][PASSED] - Object: 'Object Repository/Page_Concours photo  votez pour la plus bel_494087/plus de votes' is clicked on

2022-07-19 07:28:49 - [TEST_STEP][PASSED] - click(findTestObject("Object Repository/Page_Concours photo  votez pour la plus bel_494087/i_Votes_fa fa-heart")): Object: 'Object Repository/Page_Concours photo  votez pour la plus bel_494087/i_Votes_fa fa-heart' is clicked on

2022-07-19 07:28:50 - [MESSAGE][PASSED] - Object: 'Object Repository/Page_Concours photo  votez pour la plus bel_494087/i_Votes_fa fa-heart' is clicked on

2022-07-19 07:28:50 - [TEST_STEP][PASSED] - delay(1): Delayed 1 second(s)

2022-07-19 07:28:51 - [MESSAGE][PASSED] - Delayed 1 second(s)

2022-07-19 07:28:51 - [TEST_STEP][PASSED] - closeBrowser(): Browser is closed

2022-07-19 07:28:51 - [MESSAGE][PASSED] - Browser is closed]]></system-out>
         <system-err><![CDATA[]]></system-err>
      </testcase>
      <testcase name="Test Cases/Vote" time="29.492" classname="Test Cases/Vote" status="PASSED">
         <system-out><![CDATA[2022-07-19 07:28:51 - [TEST_CASE][PASSED] - Test Cases/Vote: Test Cases/Vote

2022-07-19 07:28:51 - [TEST_STEP][PASSED] - openBrowser(""): Browser is opened with url: ''

2022-07-19 07:28:51 - [MESSAGE][INFO] - Starting 'Chrome' driver

2022-07-19 07:28:51 - [MESSAGE][INFO] - Action delay is set to 0 milliseconds

2022-07-19 07:28:52 - [MESSAGE][PASSED] - Browser is opened with url: ''

2022-07-19 07:28:52 - [TEST_STEP][PASSED] - navigateToUrl("https://lesechosdutouquet.nordlittoral.fr/147787/article/2022-06-30/concours-photo-montrez-nous-la-plus-belle-photo-de-votre-chien-en-promenade-sur#l5lb6r47qsmp9ur58y"): Navigate to 'https://lesechosdutouquet.nordlittoral.fr/147787/article/2022-06-30/concours-photo-montrez-nous-la-plus-belle-photo-de-votre-chien-en-promenade-sur#l5lb6r47qsmp9ur58y' successfully

2022-07-19 07:28:55 - [MESSAGE][PASSED] - Navigate to 'https://lesechosdutouquet.nordlittoral.fr/147787/article/2022-06-30/concours-photo-montrez-nous-la-plus-belle-photo-de-votre-chien-en-promenade-sur#l5lb6r47qsmp9ur58y' successfully

2022-07-19 07:28:55 - [TEST_STEP][PASSED] - setViewPortSize(1920, 1080): Viewport is set to new size with width = 1920 and height = 1080

2022-07-19 07:28:55 - [MESSAGE][PASSED] - Viewport is set to new size with width = 1920 and height = 1080

2022-07-19 07:28:55 - [TEST_STEP][PASSED] - click(findTestObject("Object Repository/Page_Concours photo  votez pour la plus bel_494087/button_Accepter  Fermer")): Object: 'Object Repository/Page_Concours photo  votez pour la plus bel_494087/button_Accepter  Fermer' is clicked on

2022-07-19 07:28:56 - [MESSAGE][PASSED] - Object: 'Object Repository/Page_Concours photo  votez pour la plus bel_494087/button_Accepter  Fermer' is clicked on

2022-07-19 07:28:56 - [TEST_STEP][PASSED] - delay(12): Delayed 12 second(s)

2022-07-19 07:29:08 - [MESSAGE][PASSED] - Delayed 12 second(s)

2022-07-19 07:29:08 - [TEST_STEP][PASSED] - click(findTestObject("Object Repository/Page_Concours photo  votez pour la plus bel_494087/a_X")): Object: 'Object Repository/Page_Concours photo  votez pour la plus bel_494087/a_X' is clicked on

2022-07-19 07:29:08 - [MESSAGE][PASSED] - Object: 'Object Repository/Page_Concours photo  votez pour la plus bel_494087/a_X' is clicked on

2022-07-19 07:29:08 - [TEST_STEP][PASSED] - delay(1): Delayed 1 second(s)

2022-07-19 07:29:09 - [MESSAGE][PASSED] - Delayed 1 second(s)

2022-07-19 07:29:09 - [TEST_STEP][PASSED] - click(findTestObject("Object Repository/Page_Concours photo  votez pour la plus bel_494087/input_concat(Votez pour le plus beau chien de la cte d, , Opale )_jouer")): Object: 'Object Repository/Page_Concours photo  votez pour la plus bel_494087/input_concat(Votez pour le plus beau chien de la cte d, , Opale )_jouer' is clicked on

2022-07-19 07:29:10 - [MESSAGE][PASSED] - Object: 'Object Repository/Page_Concours photo  votez pour la plus bel_494087/input_concat(Votez pour le plus beau chien de la cte d, , Opale )_jouer' is clicked on

2022-07-19 07:29:10 - [TEST_STEP][PASSED] - if (verifyElementPresent(findTestObject("Page_Concours photo  votez pour la plus bel_494087/input_concat(Votez pour le plus beau chien de la cte d, , Opale )_jouer"), 1, OPTIONAL)): null

2022-07-19 07:29:11 - [MESSAGE][PASSED] - Object 'Object Repository/Page_Concours photo  votez pour la plus bel_494087/input_concat(Votez pour le plus beau chien de la cte d, , Opale )_jouer' is present

2022-07-19 07:29:11 - [TEST_STEP][PASSED] - click(findTestObject("Object Repository/Page_Concours photo  votez pour la plus bel_494087/input_concat(Votez pour le plus beau chien de la cte d, , Opale )_jouer")): Object: 'Object Repository/Page_Concours photo  votez pour la plus bel_494087/input_concat(Votez pour le plus beau chien de la cte d, , Opale )_jouer' is clicked on

2022-07-19 07:29:11 - [MESSAGE][PASSED] - Object: 'Object Repository/Page_Concours photo  votez pour la plus bel_494087/input_concat(Votez pour le plus beau chien de la cte d, , Opale )_jouer' is clicked on

2022-07-19 07:29:11 - [TEST_STEP][PASSED] - delay(1): Delayed 1 second(s)

2022-07-19 07:29:12 - [MESSAGE][PASSED] - Delayed 1 second(s)

2022-07-19 07:29:12 - [TEST_STEP][PASSED] - setText(findTestObject("Object Repository/Page_Concours photo  votez pour la plus bel_494087/input_trie par_keyword"), "Gaspard"): Text 'Gaspard' is set on object 'Object Repository/Page_Concours photo  votez pour la plus bel_494087/input_trie par_keyword'

2022-07-19 07:29:15 - [MESSAGE][PASSED] - Text 'Gaspard' is set on object 'Object Repository/Page_Concours photo  votez pour la plus bel_494087/input_trie par_keyword'

2022-07-19 07:29:15 - [TEST_STEP][PASSED] - sendKeys(findTestObject("Page_Concours photo  votez pour la plus bel_494087/input_trie par_keyword"), Keys.chord(ENTER)): Keys 'ENTER + ' sent to object: 'Object Repository/Page_Concours photo  votez pour la plus bel_494087/input_trie par_keyword'

2022-07-19 07:29:16 - [MESSAGE][PASSED] - Keys 'ENTER + ' sent to object: 'Object Repository/Page_Concours photo  votez pour la plus bel_494087/input_trie par_keyword'

2022-07-19 07:29:16 - [TEST_STEP][PASSED] - click(findTestObject("Page_Concours photo  votez pour la plus bel_494087/tri")): Object: 'Object Repository/Page_Concours photo  votez pour la plus bel_494087/tri' is clicked on

2022-07-19 07:29:17 - [MESSAGE][PASSED] - Object: 'Object Repository/Page_Concours photo  votez pour la plus bel_494087/tri' is clicked on

2022-07-19 07:29:17 - [TEST_STEP][PASSED] - click(findTestObject("Page_Concours photo  votez pour la plus bel_494087/plus de votes")): Object: 'Object Repository/Page_Concours photo  votez pour la plus bel_494087/plus de votes' is clicked on

2022-07-19 07:29:18 - [MESSAGE][PASSED] - Object: 'Object Repository/Page_Concours photo  votez pour la plus bel_494087/plus de votes' is clicked on

2022-07-19 07:29:19 - [TEST_STEP][PASSED] - click(findTestObject("Object Repository/Page_Concours photo  votez pour la plus bel_494087/i_Votes_fa fa-heart")): Object: 'Object Repository/Page_Concours photo  votez pour la plus bel_494087/i_Votes_fa fa-heart' is clicked on

2022-07-19 07:29:19 - [MESSAGE][PASSED] - Object: 'Object Repository/Page_Concours photo  votez pour la plus bel_494087/i_Votes_fa fa-heart' is clicked on

2022-07-19 07:29:19 - [TEST_STEP][PASSED] - delay(1): Delayed 1 second(s)

2022-07-19 07:29:20 - [MESSAGE][PASSED] - Delayed 1 second(s)

2022-07-19 07:29:20 - [TEST_STEP][PASSED] - closeBrowser(): Browser is closed

2022-07-19 07:29:20 - [MESSAGE][PASSED] - Browser is closed]]></system-out>
         <system-err><![CDATA[]]></system-err>
      </testcase>
      <testcase name="Test Cases/Vote" time="29.753" classname="Test Cases/Vote" status="PASSED">
         <system-out><![CDATA[2022-07-19 07:29:20 - [TEST_CASE][PASSED] - Test Cases/Vote: Test Cases/Vote

2022-07-19 07:29:20 - [TEST_STEP][PASSED] - openBrowser(""): Browser is opened with url: ''

2022-07-19 07:29:20 - [MESSAGE][INFO] - Starting 'Chrome' driver

2022-07-19 07:29:20 - [MESSAGE][INFO] - Action delay is set to 0 milliseconds

2022-07-19 07:29:22 - [MESSAGE][PASSED] - Browser is opened with url: ''

2022-07-19 07:29:22 - [TEST_STEP][PASSED] - navigateToUrl("https://lesechosdutouquet.nordlittoral.fr/147787/article/2022-06-30/concours-photo-montrez-nous-la-plus-belle-photo-de-votre-chien-en-promenade-sur#l5lb6r47qsmp9ur58y"): Navigate to 'https://lesechosdutouquet.nordlittoral.fr/147787/article/2022-06-30/concours-photo-montrez-nous-la-plus-belle-photo-de-votre-chien-en-promenade-sur#l5lb6r47qsmp9ur58y' successfully

2022-07-19 07:29:24 - [MESSAGE][PASSED] - Navigate to 'https://lesechosdutouquet.nordlittoral.fr/147787/article/2022-06-30/concours-photo-montrez-nous-la-plus-belle-photo-de-votre-chien-en-promenade-sur#l5lb6r47qsmp9ur58y' successfully

2022-07-19 07:29:24 - [TEST_STEP][PASSED] - setViewPortSize(1920, 1080): Viewport is set to new size with width = 1920 and height = 1080

2022-07-19 07:29:24 - [MESSAGE][PASSED] - Viewport is set to new size with width = 1920 and height = 1080

2022-07-19 07:29:24 - [TEST_STEP][PASSED] - click(findTestObject("Object Repository/Page_Concours photo  votez pour la plus bel_494087/button_Accepter  Fermer")): Object: 'Object Repository/Page_Concours photo  votez pour la plus bel_494087/button_Accepter  Fermer' is clicked on

2022-07-19 07:29:25 - [MESSAGE][PASSED] - Object: 'Object Repository/Page_Concours photo  votez pour la plus bel_494087/button_Accepter  Fermer' is clicked on

2022-07-19 07:29:25 - [TEST_STEP][PASSED] - delay(12): Delayed 12 second(s)

2022-07-19 07:29:37 - [MESSAGE][PASSED] - Delayed 12 second(s)

2022-07-19 07:29:37 - [TEST_STEP][PASSED] - click(findTestObject("Object Repository/Page_Concours photo  votez pour la plus bel_494087/a_X")): Object: 'Object Repository/Page_Concours photo  votez pour la plus bel_494087/a_X' is clicked on

2022-07-19 07:29:38 - [MESSAGE][PASSED] - Object: 'Object Repository/Page_Concours photo  votez pour la plus bel_494087/a_X' is clicked on

2022-07-19 07:29:38 - [TEST_STEP][PASSED] - delay(1): Delayed 1 second(s)

2022-07-19 07:29:39 - [MESSAGE][PASSED] - Delayed 1 second(s)

2022-07-19 07:29:39 - [TEST_STEP][PASSED] - click(findTestObject("Object Repository/Page_Concours photo  votez pour la plus bel_494087/input_concat(Votez pour le plus beau chien de la cte d, , Opale )_jouer")): Object: 'Object Repository/Page_Concours photo  votez pour la plus bel_494087/input_concat(Votez pour le plus beau chien de la cte d, , Opale )_jouer' is clicked on

2022-07-19 07:29:39 - [MESSAGE][PASSED] - Object: 'Object Repository/Page_Concours photo  votez pour la plus bel_494087/input_concat(Votez pour le plus beau chien de la cte d, , Opale )_jouer' is clicked on

2022-07-19 07:29:39 - [TEST_STEP][PASSED] - if (verifyElementPresent(findTestObject("Page_Concours photo  votez pour la plus bel_494087/input_concat(Votez pour le plus beau chien de la cte d, , Opale )_jouer"), 1, OPTIONAL)): null

2022-07-19 07:29:41 - [MESSAGE][PASSED] - Object 'Object Repository/Page_Concours photo  votez pour la plus bel_494087/input_concat(Votez pour le plus beau chien de la cte d, , Opale )_jouer' is present

2022-07-19 07:29:41 - [TEST_STEP][PASSED] - click(findTestObject("Object Repository/Page_Concours photo  votez pour la plus bel_494087/input_concat(Votez pour le plus beau chien de la cte d, , Opale )_jouer")): Object: 'Object Repository/Page_Concours photo  votez pour la plus bel_494087/input_concat(Votez pour le plus beau chien de la cte d, , Opale )_jouer' is clicked on

2022-07-19 07:29:41 - [MESSAGE][PASSED] - Object: 'Object Repository/Page_Concours photo  votez pour la plus bel_494087/input_concat(Votez pour le plus beau chien de la cte d, , Opale )_jouer' is clicked on

2022-07-19 07:29:41 - [TEST_STEP][PASSED] - delay(1): Delayed 1 second(s)

2022-07-19 07:29:42 - [MESSAGE][PASSED] - Delayed 1 second(s)

2022-07-19 07:29:42 - [TEST_STEP][PASSED] - setText(findTestObject("Object Repository/Page_Concours photo  votez pour la plus bel_494087/input_trie par_keyword"), "Gaspard"): Text 'Gaspard' is set on object 'Object Repository/Page_Concours photo  votez pour la plus bel_494087/input_trie par_keyword'

2022-07-19 07:29:45 - [MESSAGE][PASSED] - Text 'Gaspard' is set on object 'Object Repository/Page_Concours photo  votez pour la plus bel_494087/input_trie par_keyword'

2022-07-19 07:29:45 - [TEST_STEP][PASSED] - sendKeys(findTestObject("Page_Concours photo  votez pour la plus bel_494087/input_trie par_keyword"), Keys.chord(ENTER)): Keys 'ENTER + ' sent to object: 'Object Repository/Page_Concours photo  votez pour la plus bel_494087/input_trie par_keyword'

2022-07-19 07:29:45 - [MESSAGE][PASSED] - Keys 'ENTER + ' sent to object: 'Object Repository/Page_Concours photo  votez pour la plus bel_494087/input_trie par_keyword'

2022-07-19 07:29:45 - [TEST_STEP][PASSED] - click(findTestObject("Page_Concours photo  votez pour la plus bel_494087/tri")): Object: 'Object Repository/Page_Concours photo  votez pour la plus bel_494087/tri' is clicked on

2022-07-19 07:29:46 - [MESSAGE][PASSED] - Object: 'Object Repository/Page_Concours photo  votez pour la plus bel_494087/tri' is clicked on

2022-07-19 07:29:46 - [TEST_STEP][PASSED] - click(findTestObject("Page_Concours photo  votez pour la plus bel_494087/plus de votes")): Object: 'Object Repository/Page_Concours photo  votez pour la plus bel_494087/plus de votes' is clicked on

2022-07-19 07:29:47 - [MESSAGE][PASSED] - Object: 'Object Repository/Page_Concours photo  votez pour la plus bel_494087/plus de votes' is clicked on

2022-07-19 07:29:48 - [TEST_STEP][PASSED] - click(findTestObject("Object Repository/Page_Concours photo  votez pour la plus bel_494087/i_Votes_fa fa-heart")): Object: 'Object Repository/Page_Concours photo  votez pour la plus bel_494087/i_Votes_fa fa-heart' is clicked on

2022-07-19 07:29:49 - [MESSAGE][PASSED] - Object: 'Object Repository/Page_Concours photo  votez pour la plus bel_494087/i_Votes_fa fa-heart' is clicked on

2022-07-19 07:29:49 - [TEST_STEP][PASSED] - delay(1): Delayed 1 second(s)

2022-07-19 07:29:50 - [MESSAGE][PASSED] - Delayed 1 second(s)

2022-07-19 07:29:50 - [TEST_STEP][PASSED] - closeBrowser(): Browser is closed

2022-07-19 07:29:50 - [MESSAGE][PASSED] - Browser is closed]]></system-out>
         <system-err><![CDATA[]]></system-err>
      </testcase>
      <testcase name="Test Cases/Vote" time="36.458" classname="Test Cases/Vote" status="PASSED">
         <system-out><![CDATA[2022-07-19 07:29:50 - [TEST_CASE][PASSED] - Test Cases/Vote: Test Cases/Vote

2022-07-19 07:29:50 - [TEST_STEP][PASSED] - openBrowser(""): Browser is opened with url: ''

2022-07-19 07:29:50 - [MESSAGE][INFO] - Starting 'Chrome' driver

2022-07-19 07:29:50 - [MESSAGE][INFO] - Action delay is set to 0 milliseconds

2022-07-19 07:29:51 - [MESSAGE][PASSED] - Browser is opened with url: ''

2022-07-19 07:29:51 - [TEST_STEP][PASSED] - navigateToUrl("https://lesechosdutouquet.nordlittoral.fr/147787/article/2022-06-30/concours-photo-montrez-nous-la-plus-belle-photo-de-votre-chien-en-promenade-sur#l5lb6r47qsmp9ur58y"): Navigate to 'https://lesechosdutouquet.nordlittoral.fr/147787/article/2022-06-30/concours-photo-montrez-nous-la-plus-belle-photo-de-votre-chien-en-promenade-sur#l5lb6r47qsmp9ur58y' successfully

2022-07-19 07:30:00 - [MESSAGE][PASSED] - Navigate to 'https://lesechosdutouquet.nordlittoral.fr/147787/article/2022-06-30/concours-photo-montrez-nous-la-plus-belle-photo-de-votre-chien-en-promenade-sur#l5lb6r47qsmp9ur58y' successfully

2022-07-19 07:30:00 - [TEST_STEP][PASSED] - setViewPortSize(1920, 1080): Viewport is set to new size with width = 1920 and height = 1080

2022-07-19 07:30:00 - [MESSAGE][PASSED] - Viewport is set to new size with width = 1920 and height = 1080

2022-07-19 07:30:00 - [TEST_STEP][PASSED] - click(findTestObject("Object Repository/Page_Concours photo  votez pour la plus bel_494087/button_Accepter  Fermer")): Object: 'Object Repository/Page_Concours photo  votez pour la plus bel_494087/button_Accepter  Fermer' is clicked on

2022-07-19 07:30:02 - [MESSAGE][PASSED] - Object: 'Object Repository/Page_Concours photo  votez pour la plus bel_494087/button_Accepter  Fermer' is clicked on

2022-07-19 07:30:02 - [TEST_STEP][PASSED] - delay(12): Delayed 12 second(s)

2022-07-19 07:30:14 - [MESSAGE][PASSED] - Delayed 12 second(s)

2022-07-19 07:30:14 - [TEST_STEP][PASSED] - click(findTestObject("Object Repository/Page_Concours photo  votez pour la plus bel_494087/a_X")): Object: 'Object Repository/Page_Concours photo  votez pour la plus bel_494087/a_X' is clicked on

2022-07-19 07:30:14 - [MESSAGE][PASSED] - Object: 'Object Repository/Page_Concours photo  votez pour la plus bel_494087/a_X' is clicked on

2022-07-19 07:30:14 - [TEST_STEP][PASSED] - delay(1): Delayed 1 second(s)

2022-07-19 07:30:15 - [MESSAGE][PASSED] - Delayed 1 second(s)

2022-07-19 07:30:15 - [TEST_STEP][PASSED] - click(findTestObject("Object Repository/Page_Concours photo  votez pour la plus bel_494087/input_concat(Votez pour le plus beau chien de la cte d, , Opale )_jouer")): Object: 'Object Repository/Page_Concours photo  votez pour la plus bel_494087/input_concat(Votez pour le plus beau chien de la cte d, , Opale )_jouer' is clicked on

2022-07-19 07:30:16 - [MESSAGE][PASSED] - Object: 'Object Repository/Page_Concours photo  votez pour la plus bel_494087/input_concat(Votez pour le plus beau chien de la cte d, , Opale )_jouer' is clicked on

2022-07-19 07:30:16 - [TEST_STEP][PASSED] - if (verifyElementPresent(findTestObject("Page_Concours photo  votez pour la plus bel_494087/input_concat(Votez pour le plus beau chien de la cte d, , Opale )_jouer"), 1, OPTIONAL)): null

2022-07-19 07:30:17 - [MESSAGE][PASSED] - Object 'Object Repository/Page_Concours photo  votez pour la plus bel_494087/input_concat(Votez pour le plus beau chien de la cte d, , Opale )_jouer' is present

2022-07-19 07:30:17 - [TEST_STEP][PASSED] - click(findTestObject("Object Repository/Page_Concours photo  votez pour la plus bel_494087/input_concat(Votez pour le plus beau chien de la cte d, , Opale )_jouer")): Object: 'Object Repository/Page_Concours photo  votez pour la plus bel_494087/input_concat(Votez pour le plus beau chien de la cte d, , Opale )_jouer' is clicked on

2022-07-19 07:30:18 - [MESSAGE][PASSED] - Object: 'Object Repository/Page_Concours photo  votez pour la plus bel_494087/input_concat(Votez pour le plus beau chien de la cte d, , Opale )_jouer' is clicked on

2022-07-19 07:30:18 - [TEST_STEP][PASSED] - delay(1): Delayed 1 second(s)

2022-07-19 07:30:19 - [MESSAGE][PASSED] - Delayed 1 second(s)

2022-07-19 07:30:19 - [TEST_STEP][PASSED] - setText(findTestObject("Object Repository/Page_Concours photo  votez pour la plus bel_494087/input_trie par_keyword"), "Gaspard"): Text 'Gaspard' is set on object 'Object Repository/Page_Concours photo  votez pour la plus bel_494087/input_trie par_keyword'

2022-07-19 07:30:21 - [MESSAGE][PASSED] - Text 'Gaspard' is set on object 'Object Repository/Page_Concours photo  votez pour la plus bel_494087/input_trie par_keyword'

2022-07-19 07:30:21 - [TEST_STEP][PASSED] - sendKeys(findTestObject("Page_Concours photo  votez pour la plus bel_494087/input_trie par_keyword"), Keys.chord(ENTER)): Keys 'ENTER + ' sent to object: 'Object Repository/Page_Concours photo  votez pour la plus bel_494087/input_trie par_keyword'

2022-07-19 07:30:23 - [MESSAGE][PASSED] - Keys 'ENTER + ' sent to object: 'Object Repository/Page_Concours photo  votez pour la plus bel_494087/input_trie par_keyword'

2022-07-19 07:30:23 - [TEST_STEP][PASSED] - click(findTestObject("Page_Concours photo  votez pour la plus bel_494087/tri")): Object: 'Object Repository/Page_Concours photo  votez pour la plus bel_494087/tri' is clicked on

2022-07-19 07:30:23 - [MESSAGE][PASSED] - Object: 'Object Repository/Page_Concours photo  votez pour la plus bel_494087/tri' is clicked on

2022-07-19 07:30:23 - [TEST_STEP][PASSED] - click(findTestObject("Page_Concours photo  votez pour la plus bel_494087/plus de votes")): Object: 'Object Repository/Page_Concours photo  votez pour la plus bel_494087/plus de votes' is clicked on

2022-07-19 07:30:24 - [MESSAGE][PASSED] - Object: 'Object Repository/Page_Concours photo  votez pour la plus bel_494087/plus de votes' is clicked on

2022-07-19 07:30:25 - [TEST_STEP][PASSED] - click(findTestObject("Object Repository/Page_Concours photo  votez pour la plus bel_494087/i_Votes_fa fa-heart")): Object: 'Object Repository/Page_Concours photo  votez pour la plus bel_494087/i_Votes_fa fa-heart' is clicked on

2022-07-19 07:30:25 - [MESSAGE][PASSED] - Object: 'Object Repository/Page_Concours photo  votez pour la plus bel_494087/i_Votes_fa fa-heart' is clicked on

2022-07-19 07:30:25 - [TEST_STEP][PASSED] - delay(1): Delayed 1 second(s)

2022-07-19 07:30:26 - [MESSAGE][PASSED] - Delayed 1 second(s)

2022-07-19 07:30:26 - [TEST_STEP][PASSED] - closeBrowser(): Browser is closed

2022-07-19 07:30:27 - [MESSAGE][PASSED] - Browser is closed]]></system-out>
         <system-err><![CDATA[]]></system-err>
      </testcase>
      <testcase name="Test Cases/Vote" time="29.83" classname="Test Cases/Vote" status="PASSED">
         <system-out><![CDATA[2022-07-19 07:30:27 - [TEST_CASE][PASSED] - Test Cases/Vote: Test Cases/Vote

2022-07-19 07:30:27 - [TEST_STEP][PASSED] - openBrowser(""): Browser is opened with url: ''

2022-07-19 07:30:27 - [MESSAGE][INFO] - Starting 'Chrome' driver

2022-07-19 07:30:27 - [MESSAGE][INFO] - Action delay is set to 0 milliseconds

2022-07-19 07:30:28 - [MESSAGE][PASSED] - Browser is opened with url: ''

2022-07-19 07:30:28 - [TEST_STEP][PASSED] - navigateToUrl("https://lesechosdutouquet.nordlittoral.fr/147787/article/2022-06-30/concours-photo-montrez-nous-la-plus-belle-photo-de-votre-chien-en-promenade-sur#l5lb6r47qsmp9ur58y"): Navigate to 'https://lesechosdutouquet.nordlittoral.fr/147787/article/2022-06-30/concours-photo-montrez-nous-la-plus-belle-photo-de-votre-chien-en-promenade-sur#l5lb6r47qsmp9ur58y' successfully

2022-07-19 07:30:30 - [MESSAGE][PASSED] - Navigate to 'https://lesechosdutouquet.nordlittoral.fr/147787/article/2022-06-30/concours-photo-montrez-nous-la-plus-belle-photo-de-votre-chien-en-promenade-sur#l5lb6r47qsmp9ur58y' successfully

2022-07-19 07:30:30 - [TEST_STEP][PASSED] - setViewPortSize(1920, 1080): Viewport is set to new size with width = 1920 and height = 1080

2022-07-19 07:30:30 - [MESSAGE][PASSED] - Viewport is set to new size with width = 1920 and height = 1080

2022-07-19 07:30:30 - [TEST_STEP][PASSED] - click(findTestObject("Object Repository/Page_Concours photo  votez pour la plus bel_494087/button_Accepter  Fermer")): Object: 'Object Repository/Page_Concours photo  votez pour la plus bel_494087/button_Accepter  Fermer' is clicked on

2022-07-19 07:30:32 - [MESSAGE][PASSED] - Object: 'Object Repository/Page_Concours photo  votez pour la plus bel_494087/button_Accepter  Fermer' is clicked on

2022-07-19 07:30:32 - [TEST_STEP][PASSED] - delay(12): Delayed 12 second(s)

2022-07-19 07:30:44 - [MESSAGE][PASSED] - Delayed 12 second(s)

2022-07-19 07:30:44 - [TEST_STEP][PASSED] - click(findTestObject("Object Repository/Page_Concours photo  votez pour la plus bel_494087/a_X")): Object: 'Object Repository/Page_Concours photo  votez pour la plus bel_494087/a_X' is clicked on

2022-07-19 07:30:44 - [MESSAGE][PASSED] - Object: 'Object Repository/Page_Concours photo  votez pour la plus bel_494087/a_X' is clicked on

2022-07-19 07:30:44 - [TEST_STEP][PASSED] - delay(1): Delayed 1 second(s)

2022-07-19 07:30:45 - [MESSAGE][PASSED] - Delayed 1 second(s)

2022-07-19 07:30:45 - [TEST_STEP][PASSED] - click(findTestObject("Object Repository/Page_Concours photo  votez pour la plus bel_494087/input_concat(Votez pour le plus beau chien de la cte d, , Opale )_jouer")): Object: 'Object Repository/Page_Concours photo  votez pour la plus bel_494087/input_concat(Votez pour le plus beau chien de la cte d, , Opale )_jouer' is clicked on

2022-07-19 07:30:46 - [MESSAGE][PASSED] - Object: 'Object Repository/Page_Concours photo  votez pour la plus bel_494087/input_concat(Votez pour le plus beau chien de la cte d, , Opale )_jouer' is clicked on

2022-07-19 07:30:46 - [TEST_STEP][PASSED] - if (verifyElementPresent(findTestObject("Page_Concours photo  votez pour la plus bel_494087/input_concat(Votez pour le plus beau chien de la cte d, , Opale )_jouer"), 1, OPTIONAL)): null

2022-07-19 07:30:47 - [MESSAGE][PASSED] - Object 'Object Repository/Page_Concours photo  votez pour la plus bel_494087/input_concat(Votez pour le plus beau chien de la cte d, , Opale )_jouer' is present

2022-07-19 07:30:47 - [TEST_STEP][PASSED] - click(findTestObject("Object Repository/Page_Concours photo  votez pour la plus bel_494087/input_concat(Votez pour le plus beau chien de la cte d, , Opale )_jouer")): Object: 'Object Repository/Page_Concours photo  votez pour la plus bel_494087/input_concat(Votez pour le plus beau chien de la cte d, , Opale )_jouer' is clicked on

2022-07-19 07:30:48 - [MESSAGE][PASSED] - Object: 'Object Repository/Page_Concours photo  votez pour la plus bel_494087/input_concat(Votez pour le plus beau chien de la cte d, , Opale )_jouer' is clicked on

2022-07-19 07:30:48 - [TEST_STEP][PASSED] - delay(1): Delayed 1 second(s)

2022-07-19 07:30:49 - [MESSAGE][PASSED] - Delayed 1 second(s)

2022-07-19 07:30:49 - [TEST_STEP][PASSED] - setText(findTestObject("Object Repository/Page_Concours photo  votez pour la plus bel_494087/input_trie par_keyword"), "Gaspard"): Text 'Gaspard' is set on object 'Object Repository/Page_Concours photo  votez pour la plus bel_494087/input_trie par_keyword'

2022-07-19 07:30:51 - [MESSAGE][PASSED] - Text 'Gaspard' is set on object 'Object Repository/Page_Concours photo  votez pour la plus bel_494087/input_trie par_keyword'

2022-07-19 07:30:51 - [TEST_STEP][PASSED] - sendKeys(findTestObject("Page_Concours photo  votez pour la plus bel_494087/input_trie par_keyword"), Keys.chord(ENTER)): Keys 'ENTER + ' sent to object: 'Object Repository/Page_Concours photo  votez pour la plus bel_494087/input_trie par_keyword'

2022-07-19 07:30:52 - [MESSAGE][PASSED] - Keys 'ENTER + ' sent to object: 'Object Repository/Page_Concours photo  votez pour la plus bel_494087/input_trie par_keyword'

2022-07-19 07:30:52 - [TEST_STEP][PASSED] - click(findTestObject("Page_Concours photo  votez pour la plus bel_494087/tri")): Object: 'Object Repository/Page_Concours photo  votez pour la plus bel_494087/tri' is clicked on

2022-07-19 07:30:53 - [MESSAGE][PASSED] - Object: 'Object Repository/Page_Concours photo  votez pour la plus bel_494087/tri' is clicked on

2022-07-19 07:30:53 - [TEST_STEP][PASSED] - click(findTestObject("Page_Concours photo  votez pour la plus bel_494087/plus de votes")): Object: 'Object Repository/Page_Concours photo  votez pour la plus bel_494087/plus de votes' is clicked on

2022-07-19 07:30:53 - [MESSAGE][PASSED] - Object: 'Object Repository/Page_Concours photo  votez pour la plus bel_494087/plus de votes' is clicked on

2022-07-19 07:30:55 - [TEST_STEP][PASSED] - click(findTestObject("Object Repository/Page_Concours photo  votez pour la plus bel_494087/i_Votes_fa fa-heart")): Object: 'Object Repository/Page_Concours photo  votez pour la plus bel_494087/i_Votes_fa fa-heart' is clicked on

2022-07-19 07:30:55 - [MESSAGE][PASSED] - Object: 'Object Repository/Page_Concours photo  votez pour la plus bel_494087/i_Votes_fa fa-heart' is clicked on

2022-07-19 07:30:55 - [TEST_STEP][PASSED] - delay(1): Delayed 1 second(s)

2022-07-19 07:30:56 - [MESSAGE][PASSED] - Delayed 1 second(s)

2022-07-19 07:30:56 - [TEST_STEP][PASSED] - closeBrowser(): Browser is closed

2022-07-19 07:30:56 - [MESSAGE][PASSED] - Browser is closed]]></system-out>
         <system-err><![CDATA[]]></system-err>
      </testcase>
      <testcase name="Test Cases/Vote" time="31.619" classname="Test Cases/Vote" status="PASSED">
         <system-out><![CDATA[2022-07-19 07:30:56 - [TEST_CASE][PASSED] - Test Cases/Vote: Test Cases/Vote

2022-07-19 07:30:56 - [TEST_STEP][PASSED] - openBrowser(""): Browser is opened with url: ''

2022-07-19 07:30:56 - [MESSAGE][INFO] - Starting 'Chrome' driver

2022-07-19 07:30:56 - [MESSAGE][INFO] - Action delay is set to 0 milliseconds

2022-07-19 07:30:58 - [MESSAGE][PASSED] - Browser is opened with url: ''

2022-07-19 07:30:58 - [TEST_STEP][PASSED] - navigateToUrl("https://lesechosdutouquet.nordlittoral.fr/147787/article/2022-06-30/concours-photo-montrez-nous-la-plus-belle-photo-de-votre-chien-en-promenade-sur#l5lb6r47qsmp9ur58y"): Navigate to 'https://lesechosdutouquet.nordlittoral.fr/147787/article/2022-06-30/concours-photo-montrez-nous-la-plus-belle-photo-de-votre-chien-en-promenade-sur#l5lb6r47qsmp9ur58y' successfully

2022-07-19 07:31:01 - [MESSAGE][PASSED] - Navigate to 'https://lesechosdutouquet.nordlittoral.fr/147787/article/2022-06-30/concours-photo-montrez-nous-la-plus-belle-photo-de-votre-chien-en-promenade-sur#l5lb6r47qsmp9ur58y' successfully

2022-07-19 07:31:01 - [TEST_STEP][PASSED] - setViewPortSize(1920, 1080): Viewport is set to new size with width = 1920 and height = 1080

2022-07-19 07:31:01 - [MESSAGE][PASSED] - Viewport is set to new size with width = 1920 and height = 1080

2022-07-19 07:31:01 - [TEST_STEP][PASSED] - click(findTestObject("Object Repository/Page_Concours photo  votez pour la plus bel_494087/button_Accepter  Fermer")): Object: 'Object Repository/Page_Concours photo  votez pour la plus bel_494087/button_Accepter  Fermer' is clicked on

2022-07-19 07:31:02 - [MESSAGE][PASSED] - Object: 'Object Repository/Page_Concours photo  votez pour la plus bel_494087/button_Accepter  Fermer' is clicked on

2022-07-19 07:31:02 - [TEST_STEP][PASSED] - delay(12): Delayed 12 second(s)

2022-07-19 07:31:14 - [MESSAGE][PASSED] - Delayed 12 second(s)

2022-07-19 07:31:14 - [TEST_STEP][PASSED] - click(findTestObject("Object Repository/Page_Concours photo  votez pour la plus bel_494087/a_X")): Object: 'Object Repository/Page_Concours photo  votez pour la plus bel_494087/a_X' is clicked on

2022-07-19 07:31:15 - [MESSAGE][PASSED] - Object: 'Object Repository/Page_Concours photo  votez pour la plus bel_494087/a_X' is clicked on

2022-07-19 07:31:15 - [TEST_STEP][PASSED] - delay(1): Delayed 1 second(s)

2022-07-19 07:31:16 - [MESSAGE][PASSED] - Delayed 1 second(s)

2022-07-19 07:31:16 - [TEST_STEP][PASSED] - click(findTestObject("Object Repository/Page_Concours photo  votez pour la plus bel_494087/input_concat(Votez pour le plus beau chien de la cte d, , Opale )_jouer")): Object: 'Object Repository/Page_Concours photo  votez pour la plus bel_494087/input_concat(Votez pour le plus beau chien de la cte d, , Opale )_jouer' is clicked on

2022-07-19 07:31:16 - [MESSAGE][PASSED] - Object: 'Object Repository/Page_Concours photo  votez pour la plus bel_494087/input_concat(Votez pour le plus beau chien de la cte d, , Opale )_jouer' is clicked on

2022-07-19 07:31:17 - [TEST_STEP][PASSED] - if (verifyElementPresent(findTestObject("Page_Concours photo  votez pour la plus bel_494087/input_concat(Votez pour le plus beau chien de la cte d, , Opale )_jouer"), 1, OPTIONAL)): null

2022-07-19 07:31:18 - [MESSAGE][PASSED] - Object 'Object Repository/Page_Concours photo  votez pour la plus bel_494087/input_concat(Votez pour le plus beau chien de la cte d, , Opale )_jouer' is present

2022-07-19 07:31:19 - [TEST_STEP][PASSED] - click(findTestObject("Object Repository/Page_Concours photo  votez pour la plus bel_494087/input_concat(Votez pour le plus beau chien de la cte d, , Opale )_jouer")): Object: 'Object Repository/Page_Concours photo  votez pour la plus bel_494087/input_concat(Votez pour le plus beau chien de la cte d, , Opale )_jouer' is clicked on

2022-07-19 07:31:20 - [MESSAGE][PASSED] - Object: 'Object Repository/Page_Concours photo  votez pour la plus bel_494087/input_concat(Votez pour le plus beau chien de la cte d, , Opale )_jouer' is clicked on

2022-07-19 07:31:21 - [TEST_STEP][PASSED] - delay(1): Delayed 1 second(s)

2022-07-19 07:31:22 - [MESSAGE][PASSED] - Delayed 1 second(s)

2022-07-19 07:31:22 - [TEST_STEP][PASSED] - setText(findTestObject("Object Repository/Page_Concours photo  votez pour la plus bel_494087/input_trie par_keyword"), "Gaspard"): Text 'Gaspard' is set on object 'Object Repository/Page_Concours photo  votez pour la plus bel_494087/input_trie par_keyword'

2022-07-19 07:31:23 - [MESSAGE][PASSED] - Text 'Gaspard' is set on object 'Object Repository/Page_Concours photo  votez pour la plus bel_494087/input_trie par_keyword'

2022-07-19 07:31:23 - [TEST_STEP][PASSED] - sendKeys(findTestObject("Page_Concours photo  votez pour la plus bel_494087/input_trie par_keyword"), Keys.chord(ENTER)): Keys 'ENTER + ' sent to object: 'Object Repository/Page_Concours photo  votez pour la plus bel_494087/input_trie par_keyword'

2022-07-19 07:31:24 - [MESSAGE][PASSED] - Keys 'ENTER + ' sent to object: 'Object Repository/Page_Concours photo  votez pour la plus bel_494087/input_trie par_keyword'

2022-07-19 07:31:24 - [TEST_STEP][PASSED] - click(findTestObject("Page_Concours photo  votez pour la plus bel_494087/tri")): Object: 'Object Repository/Page_Concours photo  votez pour la plus bel_494087/tri' is clicked on

2022-07-19 07:31:25 - [MESSAGE][PASSED] - Object: 'Object Repository/Page_Concours photo  votez pour la plus bel_494087/tri' is clicked on

2022-07-19 07:31:25 - [TEST_STEP][PASSED] - click(findTestObject("Page_Concours photo  votez pour la plus bel_494087/plus de votes")): Object: 'Object Repository/Page_Concours photo  votez pour la plus bel_494087/plus de votes' is clicked on

2022-07-19 07:31:25 - [MESSAGE][PASSED] - Object: 'Object Repository/Page_Concours photo  votez pour la plus bel_494087/plus de votes' is clicked on

2022-07-19 07:31:26 - [TEST_STEP][PASSED] - click(findTestObject("Object Repository/Page_Concours photo  votez pour la plus bel_494087/i_Votes_fa fa-heart")): Object: 'Object Repository/Page_Concours photo  votez pour la plus bel_494087/i_Votes_fa fa-heart' is clicked on

2022-07-19 07:31:27 - [MESSAGE][PASSED] - Object: 'Object Repository/Page_Concours photo  votez pour la plus bel_494087/i_Votes_fa fa-heart' is clicked on

2022-07-19 07:31:27 - [TEST_STEP][PASSED] - delay(1): Delayed 1 second(s)

2022-07-19 07:31:28 - [MESSAGE][PASSED] - Delayed 1 second(s)

2022-07-19 07:31:28 - [TEST_STEP][PASSED] - closeBrowser(): Browser is closed

2022-07-19 07:31:28 - [MESSAGE][PASSED] - Browser is closed]]></system-out>
         <system-err><![CDATA[]]></system-err>
      </testcase>
      <testcase name="Test Cases/Vote" time="31.411" classname="Test Cases/Vote" status="PASSED">
         <system-out><![CDATA[2022-07-19 07:31:28 - [TEST_CASE][PASSED] - Test Cases/Vote: Test Cases/Vote

2022-07-19 07:31:28 - [TEST_STEP][PASSED] - openBrowser(""): Browser is opened with url: ''

2022-07-19 07:31:28 - [MESSAGE][INFO] - Starting 'Chrome' driver

2022-07-19 07:31:28 - [MESSAGE][INFO] - Action delay is set to 0 milliseconds

2022-07-19 07:31:29 - [MESSAGE][PASSED] - Browser is opened with url: ''

2022-07-19 07:31:29 - [TEST_STEP][PASSED] - navigateToUrl("https://lesechosdutouquet.nordlittoral.fr/147787/article/2022-06-30/concours-photo-montrez-nous-la-plus-belle-photo-de-votre-chien-en-promenade-sur#l5lb6r47qsmp9ur58y"): Navigate to 'https://lesechosdutouquet.nordlittoral.fr/147787/article/2022-06-30/concours-photo-montrez-nous-la-plus-belle-photo-de-votre-chien-en-promenade-sur#l5lb6r47qsmp9ur58y' successfully

2022-07-19 07:31:32 - [MESSAGE][PASSED] - Navigate to 'https://lesechosdutouquet.nordlittoral.fr/147787/article/2022-06-30/concours-photo-montrez-nous-la-plus-belle-photo-de-votre-chien-en-promenade-sur#l5lb6r47qsmp9ur58y' successfully

2022-07-19 07:31:32 - [TEST_STEP][PASSED] - setViewPortSize(1920, 1080): Viewport is set to new size with width = 1920 and height = 1080

2022-07-19 07:31:32 - [MESSAGE][PASSED] - Viewport is set to new size with width = 1920 and height = 1080

2022-07-19 07:31:32 - [TEST_STEP][PASSED] - click(findTestObject("Object Repository/Page_Concours photo  votez pour la plus bel_494087/button_Accepter  Fermer")): Object: 'Object Repository/Page_Concours photo  votez pour la plus bel_494087/button_Accepter  Fermer' is clicked on

2022-07-19 07:31:34 - [MESSAGE][PASSED] - Object: 'Object Repository/Page_Concours photo  votez pour la plus bel_494087/button_Accepter  Fermer' is clicked on

2022-07-19 07:31:34 - [TEST_STEP][PASSED] - delay(12): Delayed 12 second(s)

2022-07-19 07:31:46 - [MESSAGE][PASSED] - Delayed 12 second(s)

2022-07-19 07:31:46 - [TEST_STEP][PASSED] - click(findTestObject("Object Repository/Page_Concours photo  votez pour la plus bel_494087/a_X")): Object: 'Object Repository/Page_Concours photo  votez pour la plus bel_494087/a_X' is clicked on

2022-07-19 07:31:46 - [MESSAGE][PASSED] - Object: 'Object Repository/Page_Concours photo  votez pour la plus bel_494087/a_X' is clicked on

2022-07-19 07:31:46 - [TEST_STEP][PASSED] - delay(1): Delayed 1 second(s)

2022-07-19 07:31:47 - [MESSAGE][PASSED] - Delayed 1 second(s)

2022-07-19 07:31:47 - [TEST_STEP][PASSED] - click(findTestObject("Object Repository/Page_Concours photo  votez pour la plus bel_494087/input_concat(Votez pour le plus beau chien de la cte d, , Opale )_jouer")): Object: 'Object Repository/Page_Concours photo  votez pour la plus bel_494087/input_concat(Votez pour le plus beau chien de la cte d, , Opale )_jouer' is clicked on

2022-07-19 07:31:48 - [MESSAGE][PASSED] - Object: 'Object Repository/Page_Concours photo  votez pour la plus bel_494087/input_concat(Votez pour le plus beau chien de la cte d, , Opale )_jouer' is clicked on

2022-07-19 07:31:48 - [TEST_STEP][PASSED] - if (verifyElementPresent(findTestObject("Page_Concours photo  votez pour la plus bel_494087/input_concat(Votez pour le plus beau chien de la cte d, , Opale )_jouer"), 1, OPTIONAL)): null

2022-07-19 07:31:49 - [MESSAGE][PASSED] - Object 'Object Repository/Page_Concours photo  votez pour la plus bel_494087/input_concat(Votez pour le plus beau chien de la cte d, , Opale )_jouer' is present

2022-07-19 07:31:49 - [TEST_STEP][PASSED] - click(findTestObject("Object Repository/Page_Concours photo  votez pour la plus bel_494087/input_concat(Votez pour le plus beau chien de la cte d, , Opale )_jouer")): Object: 'Object Repository/Page_Concours photo  votez pour la plus bel_494087/input_concat(Votez pour le plus beau chien de la cte d, , Opale )_jouer' is clicked on

2022-07-19 07:31:50 - [MESSAGE][PASSED] - Object: 'Object Repository/Page_Concours photo  votez pour la plus bel_494087/input_concat(Votez pour le plus beau chien de la cte d, , Opale )_jouer' is clicked on

2022-07-19 07:31:50 - [TEST_STEP][PASSED] - delay(1): Delayed 1 second(s)

2022-07-19 07:31:51 - [MESSAGE][PASSED] - Delayed 1 second(s)

2022-07-19 07:31:51 - [TEST_STEP][PASSED] - setText(findTestObject("Object Repository/Page_Concours photo  votez pour la plus bel_494087/input_trie par_keyword"), "Gaspard"): Text 'Gaspard' is set on object 'Object Repository/Page_Concours photo  votez pour la plus bel_494087/input_trie par_keyword'

2022-07-19 07:31:54 - [MESSAGE][PASSED] - Text 'Gaspard' is set on object 'Object Repository/Page_Concours photo  votez pour la plus bel_494087/input_trie par_keyword'

2022-07-19 07:31:54 - [TEST_STEP][PASSED] - sendKeys(findTestObject("Page_Concours photo  votez pour la plus bel_494087/input_trie par_keyword"), Keys.chord(ENTER)): Keys 'ENTER + ' sent to object: 'Object Repository/Page_Concours photo  votez pour la plus bel_494087/input_trie par_keyword'

2022-07-19 07:31:55 - [MESSAGE][PASSED] - Keys 'ENTER + ' sent to object: 'Object Repository/Page_Concours photo  votez pour la plus bel_494087/input_trie par_keyword'

2022-07-19 07:31:55 - [TEST_STEP][PASSED] - click(findTestObject("Page_Concours photo  votez pour la plus bel_494087/tri")): Object: 'Object Repository/Page_Concours photo  votez pour la plus bel_494087/tri' is clicked on

2022-07-19 07:31:56 - [MESSAGE][PASSED] - Object: 'Object Repository/Page_Concours photo  votez pour la plus bel_494087/tri' is clicked on

2022-07-19 07:31:56 - [TEST_STEP][PASSED] - click(findTestObject("Page_Concours photo  votez pour la plus bel_494087/plus de votes")): Object: 'Object Repository/Page_Concours photo  votez pour la plus bel_494087/plus de votes' is clicked on

2022-07-19 07:31:56 - [MESSAGE][PASSED] - Object: 'Object Repository/Page_Concours photo  votez pour la plus bel_494087/plus de votes' is clicked on

2022-07-19 07:31:58 - [TEST_STEP][PASSED] - click(findTestObject("Object Repository/Page_Concours photo  votez pour la plus bel_494087/i_Votes_fa fa-heart")): Object: 'Object Repository/Page_Concours photo  votez pour la plus bel_494087/i_Votes_fa fa-heart' is clicked on

2022-07-19 07:31:58 - [MESSAGE][PASSED] - Object: 'Object Repository/Page_Concours photo  votez pour la plus bel_494087/i_Votes_fa fa-heart' is clicked on

2022-07-19 07:31:58 - [TEST_STEP][PASSED] - delay(1): Delayed 1 second(s)

2022-07-19 07:31:59 - [MESSAGE][PASSED] - Delayed 1 second(s)

2022-07-19 07:31:59 - [TEST_STEP][PASSED] - closeBrowser(): Browser is closed

2022-07-19 07:32:00 - [MESSAGE][PASSED] - Browser is closed]]></system-out>
         <system-err><![CDATA[]]></system-err>
      </testcase>
      <testcase name="Test Cases/Vote" time="31.982" classname="Test Cases/Vote" status="PASSED">
         <system-out><![CDATA[2022-07-19 07:32:00 - [TEST_CASE][PASSED] - Test Cases/Vote: Test Cases/Vote

2022-07-19 07:32:00 - [TEST_STEP][PASSED] - openBrowser(""): Browser is opened with url: ''

2022-07-19 07:32:00 - [MESSAGE][INFO] - Starting 'Chrome' driver

2022-07-19 07:32:00 - [MESSAGE][INFO] - Action delay is set to 0 milliseconds

2022-07-19 07:32:01 - [MESSAGE][PASSED] - Browser is opened with url: ''

2022-07-19 07:32:01 - [TEST_STEP][PASSED] - navigateToUrl("https://lesechosdutouquet.nordlittoral.fr/147787/article/2022-06-30/concours-photo-montrez-nous-la-plus-belle-photo-de-votre-chien-en-promenade-sur#l5lb6r47qsmp9ur58y"): Navigate to 'https://lesechosdutouquet.nordlittoral.fr/147787/article/2022-06-30/concours-photo-montrez-nous-la-plus-belle-photo-de-votre-chien-en-promenade-sur#l5lb6r47qsmp9ur58y' successfully

2022-07-19 07:32:04 - [MESSAGE][PASSED] - Navigate to 'https://lesechosdutouquet.nordlittoral.fr/147787/article/2022-06-30/concours-photo-montrez-nous-la-plus-belle-photo-de-votre-chien-en-promenade-sur#l5lb6r47qsmp9ur58y' successfully

2022-07-19 07:32:04 - [TEST_STEP][PASSED] - setViewPortSize(1920, 1080): Viewport is set to new size with width = 1920 and height = 1080

2022-07-19 07:32:05 - [MESSAGE][PASSED] - Viewport is set to new size with width = 1920 and height = 1080

2022-07-19 07:32:05 - [TEST_STEP][PASSED] - click(findTestObject("Object Repository/Page_Concours photo  votez pour la plus bel_494087/button_Accepter  Fermer")): Object: 'Object Repository/Page_Concours photo  votez pour la plus bel_494087/button_Accepter  Fermer' is clicked on

2022-07-19 07:32:06 - [MESSAGE][PASSED] - Object: 'Object Repository/Page_Concours photo  votez pour la plus bel_494087/button_Accepter  Fermer' is clicked on

2022-07-19 07:32:06 - [TEST_STEP][PASSED] - delay(12): Delayed 12 second(s)

2022-07-19 07:32:18 - [MESSAGE][PASSED] - Delayed 12 second(s)

2022-07-19 07:32:18 - [TEST_STEP][PASSED] - click(findTestObject("Object Repository/Page_Concours photo  votez pour la plus bel_494087/a_X")): Object: 'Object Repository/Page_Concours photo  votez pour la plus bel_494087/a_X' is clicked on

2022-07-19 07:32:18 - [MESSAGE][PASSED] - Object: 'Object Repository/Page_Concours photo  votez pour la plus bel_494087/a_X' is clicked on

2022-07-19 07:32:18 - [TEST_STEP][PASSED] - delay(1): Delayed 1 second(s)

2022-07-19 07:32:19 - [MESSAGE][PASSED] - Delayed 1 second(s)

2022-07-19 07:32:19 - [TEST_STEP][PASSED] - click(findTestObject("Object Repository/Page_Concours photo  votez pour la plus bel_494087/input_concat(Votez pour le plus beau chien de la cte d, , Opale )_jouer")): Object: 'Object Repository/Page_Concours photo  votez pour la plus bel_494087/input_concat(Votez pour le plus beau chien de la cte d, , Opale )_jouer' is clicked on

2022-07-19 07:32:20 - [MESSAGE][PASSED] - Object: 'Object Repository/Page_Concours photo  votez pour la plus bel_494087/input_concat(Votez pour le plus beau chien de la cte d, , Opale )_jouer' is clicked on

2022-07-19 07:32:20 - [TEST_STEP][PASSED] - if (verifyElementPresent(findTestObject("Page_Concours photo  votez pour la plus bel_494087/input_concat(Votez pour le plus beau chien de la cte d, , Opale )_jouer"), 1, OPTIONAL)): null

2022-07-19 07:32:22 - [MESSAGE][PASSED] - Object 'Object Repository/Page_Concours photo  votez pour la plus bel_494087/input_concat(Votez pour le plus beau chien de la cte d, , Opale )_jouer' is present

2022-07-19 07:32:22 - [TEST_STEP][PASSED] - click(findTestObject("Object Repository/Page_Concours photo  votez pour la plus bel_494087/input_concat(Votez pour le plus beau chien de la cte d, , Opale )_jouer")): Object: 'Object Repository/Page_Concours photo  votez pour la plus bel_494087/input_concat(Votez pour le plus beau chien de la cte d, , Opale )_jouer' is clicked on

2022-07-19 07:32:22 - [MESSAGE][PASSED] - Object: 'Object Repository/Page_Concours photo  votez pour la plus bel_494087/input_concat(Votez pour le plus beau chien de la cte d, , Opale )_jouer' is clicked on

2022-07-19 07:32:22 - [TEST_STEP][PASSED] - delay(1): Delayed 1 second(s)

2022-07-19 07:32:23 - [MESSAGE][PASSED] - Delayed 1 second(s)

2022-07-19 07:32:23 - [TEST_STEP][PASSED] - setText(findTestObject("Object Repository/Page_Concours photo  votez pour la plus bel_494087/input_trie par_keyword"), "Gaspard"): Text 'Gaspard' is set on object 'Object Repository/Page_Concours photo  votez pour la plus bel_494087/input_trie par_keyword'

2022-07-19 07:32:26 - [MESSAGE][PASSED] - Text 'Gaspard' is set on object 'Object Repository/Page_Concours photo  votez pour la plus bel_494087/input_trie par_keyword'

2022-07-19 07:32:26 - [TEST_STEP][PASSED] - sendKeys(findTestObject("Page_Concours photo  votez pour la plus bel_494087/input_trie par_keyword"), Keys.chord(ENTER)): Keys 'ENTER + ' sent to object: 'Object Repository/Page_Concours photo  votez pour la plus bel_494087/input_trie par_keyword'

2022-07-19 07:32:27 - [MESSAGE][PASSED] - Keys 'ENTER + ' sent to object: 'Object Repository/Page_Concours photo  votez pour la plus bel_494087/input_trie par_keyword'

2022-07-19 07:32:27 - [TEST_STEP][PASSED] - click(findTestObject("Page_Concours photo  votez pour la plus bel_494087/tri")): Object: 'Object Repository/Page_Concours photo  votez pour la plus bel_494087/tri' is clicked on

2022-07-19 07:32:28 - [MESSAGE][PASSED] - Object: 'Object Repository/Page_Concours photo  votez pour la plus bel_494087/tri' is clicked on

2022-07-19 07:32:28 - [TEST_STEP][PASSED] - click(findTestObject("Page_Concours photo  votez pour la plus bel_494087/plus de votes")): Object: 'Object Repository/Page_Concours photo  votez pour la plus bel_494087/plus de votes' is clicked on

2022-07-19 07:32:28 - [MESSAGE][PASSED] - Object: 'Object Repository/Page_Concours photo  votez pour la plus bel_494087/plus de votes' is clicked on

2022-07-19 07:32:30 - [TEST_STEP][PASSED] - click(findTestObject("Object Repository/Page_Concours photo  votez pour la plus bel_494087/i_Votes_fa fa-heart")): Object: 'Object Repository/Page_Concours photo  votez pour la plus bel_494087/i_Votes_fa fa-heart' is clicked on

2022-07-19 07:32:30 - [MESSAGE][PASSED] - Object: 'Object Repository/Page_Concours photo  votez pour la plus bel_494087/i_Votes_fa fa-heart' is clicked on

2022-07-19 07:32:30 - [TEST_STEP][PASSED] - delay(1): Delayed 1 second(s)

2022-07-19 07:32:31 - [MESSAGE][PASSED] - Delayed 1 second(s)

2022-07-19 07:32:31 - [TEST_STEP][PASSED] - closeBrowser(): Browser is closed

2022-07-19 07:32:32 - [MESSAGE][PASSED] - Browser is closed]]></system-out>
         <system-err><![CDATA[]]></system-err>
      </testcase>
      <testcase name="Test Cases/Vote" time="30.627" classname="Test Cases/Vote" status="PASSED">
         <system-out><![CDATA[2022-07-19 07:32:32 - [TEST_CASE][PASSED] - Test Cases/Vote: Test Cases/Vote

2022-07-19 07:32:32 - [TEST_STEP][PASSED] - openBrowser(""): Browser is opened with url: ''

2022-07-19 07:32:32 - [MESSAGE][INFO] - Starting 'Chrome' driver

2022-07-19 07:32:32 - [MESSAGE][INFO] - Action delay is set to 0 milliseconds

2022-07-19 07:32:33 - [MESSAGE][PASSED] - Browser is opened with url: ''

2022-07-19 07:32:33 - [TEST_STEP][PASSED] - navigateToUrl("https://lesechosdutouquet.nordlittoral.fr/147787/article/2022-06-30/concours-photo-montrez-nous-la-plus-belle-photo-de-votre-chien-en-promenade-sur#l5lb6r47qsmp9ur58y"): Navigate to 'https://lesechosdutouquet.nordlittoral.fr/147787/article/2022-06-30/concours-photo-montrez-nous-la-plus-belle-photo-de-votre-chien-en-promenade-sur#l5lb6r47qsmp9ur58y' successfully

2022-07-19 07:32:36 - [MESSAGE][PASSED] - Navigate to 'https://lesechosdutouquet.nordlittoral.fr/147787/article/2022-06-30/concours-photo-montrez-nous-la-plus-belle-photo-de-votre-chien-en-promenade-sur#l5lb6r47qsmp9ur58y' successfully

2022-07-19 07:32:36 - [TEST_STEP][PASSED] - setViewPortSize(1920, 1080): Viewport is set to new size with width = 1920 and height = 1080

2022-07-19 07:32:36 - [MESSAGE][PASSED] - Viewport is set to new size with width = 1920 and height = 1080

2022-07-19 07:32:36 - [TEST_STEP][PASSED] - click(findTestObject("Object Repository/Page_Concours photo  votez pour la plus bel_494087/button_Accepter  Fermer")): Object: 'Object Repository/Page_Concours photo  votez pour la plus bel_494087/button_Accepter  Fermer' is clicked on

2022-07-19 07:32:37 - [MESSAGE][PASSED] - Object: 'Object Repository/Page_Concours photo  votez pour la plus bel_494087/button_Accepter  Fermer' is clicked on

2022-07-19 07:32:37 - [TEST_STEP][PASSED] - delay(12): Delayed 12 second(s)

2022-07-19 07:32:49 - [MESSAGE][PASSED] - Delayed 12 second(s)

2022-07-19 07:32:49 - [TEST_STEP][PASSED] - click(findTestObject("Object Repository/Page_Concours photo  votez pour la plus bel_494087/a_X")): Object: 'Object Repository/Page_Concours photo  votez pour la plus bel_494087/a_X' is clicked on

2022-07-19 07:32:50 - [MESSAGE][PASSED] - Object: 'Object Repository/Page_Concours photo  votez pour la plus bel_494087/a_X' is clicked on

2022-07-19 07:32:50 - [TEST_STEP][PASSED] - delay(1): Delayed 1 second(s)

2022-07-19 07:32:51 - [MESSAGE][PASSED] - Delayed 1 second(s)

2022-07-19 07:32:51 - [TEST_STEP][PASSED] - click(findTestObject("Object Repository/Page_Concours photo  votez pour la plus bel_494087/input_concat(Votez pour le plus beau chien de la cte d, , Opale )_jouer")): Object: 'Object Repository/Page_Concours photo  votez pour la plus bel_494087/input_concat(Votez pour le plus beau chien de la cte d, , Opale )_jouer' is clicked on

2022-07-19 07:32:51 - [MESSAGE][PASSED] - Object: 'Object Repository/Page_Concours photo  votez pour la plus bel_494087/input_concat(Votez pour le plus beau chien de la cte d, , Opale )_jouer' is clicked on

2022-07-19 07:32:51 - [TEST_STEP][PASSED] - if (verifyElementPresent(findTestObject("Page_Concours photo  votez pour la plus bel_494087/input_concat(Votez pour le plus beau chien de la cte d, , Opale )_jouer"), 1, OPTIONAL)): null

2022-07-19 07:32:54 - [MESSAGE][PASSED] - Object 'Object Repository/Page_Concours photo  votez pour la plus bel_494087/input_concat(Votez pour le plus beau chien de la cte d, , Opale )_jouer' is present

2022-07-19 07:32:54 - [TEST_STEP][PASSED] - click(findTestObject("Object Repository/Page_Concours photo  votez pour la plus bel_494087/input_concat(Votez pour le plus beau chien de la cte d, , Opale )_jouer")): Object: 'Object Repository/Page_Concours photo  votez pour la plus bel_494087/input_concat(Votez pour le plus beau chien de la cte d, , Opale )_jouer' is clicked on

2022-07-19 07:32:55 - [MESSAGE][PASSED] - Object: 'Object Repository/Page_Concours photo  votez pour la plus bel_494087/input_concat(Votez pour le plus beau chien de la cte d, , Opale )_jouer' is clicked on

2022-07-19 07:32:55 - [TEST_STEP][PASSED] - delay(1): Delayed 1 second(s)

2022-07-19 07:32:56 - [MESSAGE][PASSED] - Delayed 1 second(s)

2022-07-19 07:32:56 - [TEST_STEP][PASSED] - setText(findTestObject("Object Repository/Page_Concours photo  votez pour la plus bel_494087/input_trie par_keyword"), "Gaspard"): Text 'Gaspard' is set on object 'Object Repository/Page_Concours photo  votez pour la plus bel_494087/input_trie par_keyword'

2022-07-19 07:32:57 - [MESSAGE][PASSED] - Text 'Gaspard' is set on object 'Object Repository/Page_Concours photo  votez pour la plus bel_494087/input_trie par_keyword'

2022-07-19 07:32:57 - [TEST_STEP][PASSED] - sendKeys(findTestObject("Page_Concours photo  votez pour la plus bel_494087/input_trie par_keyword"), Keys.chord(ENTER)): Keys 'ENTER + ' sent to object: 'Object Repository/Page_Concours photo  votez pour la plus bel_494087/input_trie par_keyword'

2022-07-19 07:32:58 - [MESSAGE][PASSED] - Keys 'ENTER + ' sent to object: 'Object Repository/Page_Concours photo  votez pour la plus bel_494087/input_trie par_keyword'

2022-07-19 07:32:58 - [TEST_STEP][PASSED] - click(findTestObject("Page_Concours photo  votez pour la plus bel_494087/tri")): Object: 'Object Repository/Page_Concours photo  votez pour la plus bel_494087/tri' is clicked on

2022-07-19 07:32:58 - [MESSAGE][PASSED] - Object: 'Object Repository/Page_Concours photo  votez pour la plus bel_494087/tri' is clicked on

2022-07-19 07:32:58 - [TEST_STEP][PASSED] - click(findTestObject("Page_Concours photo  votez pour la plus bel_494087/plus de votes")): Object: 'Object Repository/Page_Concours photo  votez pour la plus bel_494087/plus de votes' is clicked on

2022-07-19 07:32:59 - [MESSAGE][PASSED] - Object: 'Object Repository/Page_Concours photo  votez pour la plus bel_494087/plus de votes' is clicked on

2022-07-19 07:33:00 - [TEST_STEP][PASSED] - click(findTestObject("Object Repository/Page_Concours photo  votez pour la plus bel_494087/i_Votes_fa fa-heart")): Object: 'Object Repository/Page_Concours photo  votez pour la plus bel_494087/i_Votes_fa fa-heart' is clicked on

2022-07-19 07:33:01 - [MESSAGE][PASSED] - Object: 'Object Repository/Page_Concours photo  votez pour la plus bel_494087/i_Votes_fa fa-heart' is clicked on

2022-07-19 07:33:01 - [TEST_STEP][PASSED] - delay(1): Delayed 1 second(s)

2022-07-19 07:33:02 - [MESSAGE][PASSED] - Delayed 1 second(s)

2022-07-19 07:33:02 - [TEST_STEP][PASSED] - closeBrowser(): Browser is closed

2022-07-19 07:33:02 - [MESSAGE][PASSED] - Browser is closed]]></system-out>
         <system-err><![CDATA[]]></system-err>
      </testcase>
      <testcase name="Test Cases/Vote" time="31.825" classname="Test Cases/Vote" status="PASSED">
         <system-out><![CDATA[2022-07-19 07:33:02 - [TEST_CASE][PASSED] - Test Cases/Vote: Test Cases/Vote

2022-07-19 07:33:02 - [TEST_STEP][PASSED] - openBrowser(""): Browser is opened with url: ''

2022-07-19 07:33:02 - [MESSAGE][INFO] - Starting 'Chrome' driver

2022-07-19 07:33:02 - [MESSAGE][INFO] - Action delay is set to 0 milliseconds

2022-07-19 07:33:03 - [MESSAGE][PASSED] - Browser is opened with url: ''

2022-07-19 07:33:03 - [TEST_STEP][PASSED] - navigateToUrl("https://lesechosdutouquet.nordlittoral.fr/147787/article/2022-06-30/concours-photo-montrez-nous-la-plus-belle-photo-de-votre-chien-en-promenade-sur#l5lb6r47qsmp9ur58y"): Navigate to 'https://lesechosdutouquet.nordlittoral.fr/147787/article/2022-06-30/concours-photo-montrez-nous-la-plus-belle-photo-de-votre-chien-en-promenade-sur#l5lb6r47qsmp9ur58y' successfully

2022-07-19 07:33:06 - [MESSAGE][PASSED] - Navigate to 'https://lesechosdutouquet.nordlittoral.fr/147787/article/2022-06-30/concours-photo-montrez-nous-la-plus-belle-photo-de-votre-chien-en-promenade-sur#l5lb6r47qsmp9ur58y' successfully

2022-07-19 07:33:06 - [TEST_STEP][PASSED] - setViewPortSize(1920, 1080): Viewport is set to new size with width = 1920 and height = 1080

2022-07-19 07:33:06 - [MESSAGE][PASSED] - Viewport is set to new size with width = 1920 and height = 1080

2022-07-19 07:33:06 - [TEST_STEP][PASSED] - click(findTestObject("Object Repository/Page_Concours photo  votez pour la plus bel_494087/button_Accepter  Fermer")): Object: 'Object Repository/Page_Concours photo  votez pour la plus bel_494087/button_Accepter  Fermer' is clicked on

2022-07-19 07:33:07 - [MESSAGE][PASSED] - Object: 'Object Repository/Page_Concours photo  votez pour la plus bel_494087/button_Accepter  Fermer' is clicked on

2022-07-19 07:33:07 - [TEST_STEP][PASSED] - delay(12): Delayed 12 second(s)

2022-07-19 07:33:19 - [MESSAGE][PASSED] - Delayed 12 second(s)

2022-07-19 07:33:19 - [TEST_STEP][PASSED] - click(findTestObject("Object Repository/Page_Concours photo  votez pour la plus bel_494087/a_X")): Object: 'Object Repository/Page_Concours photo  votez pour la plus bel_494087/a_X' is clicked on

2022-07-19 07:33:19 - [MESSAGE][PASSED] - Object: 'Object Repository/Page_Concours photo  votez pour la plus bel_494087/a_X' is clicked on

2022-07-19 07:33:19 - [TEST_STEP][PASSED] - delay(1): Delayed 1 second(s)

2022-07-19 07:33:20 - [MESSAGE][PASSED] - Delayed 1 second(s)

2022-07-19 07:33:20 - [TEST_STEP][PASSED] - click(findTestObject("Object Repository/Page_Concours photo  votez pour la plus bel_494087/input_concat(Votez pour le plus beau chien de la cte d, , Opale )_jouer")): Object: 'Object Repository/Page_Concours photo  votez pour la plus bel_494087/input_concat(Votez pour le plus beau chien de la cte d, , Opale )_jouer' is clicked on

2022-07-19 07:33:21 - [MESSAGE][PASSED] - Object: 'Object Repository/Page_Concours photo  votez pour la plus bel_494087/input_concat(Votez pour le plus beau chien de la cte d, , Opale )_jouer' is clicked on

2022-07-19 07:33:21 - [TEST_STEP][PASSED] - if (verifyElementPresent(findTestObject("Page_Concours photo  votez pour la plus bel_494087/input_concat(Votez pour le plus beau chien de la cte d, , Opale )_jouer"), 1, OPTIONAL)): null

2022-07-19 07:33:23 - [MESSAGE][PASSED] - Object 'Object Repository/Page_Concours photo  votez pour la plus bel_494087/input_concat(Votez pour le plus beau chien de la cte d, , Opale )_jouer' is present

2022-07-19 07:33:23 - [TEST_STEP][PASSED] - click(findTestObject("Object Repository/Page_Concours photo  votez pour la plus bel_494087/input_concat(Votez pour le plus beau chien de la cte d, , Opale )_jouer")): Object: 'Object Repository/Page_Concours photo  votez pour la plus bel_494087/input_concat(Votez pour le plus beau chien de la cte d, , Opale )_jouer' is clicked on

2022-07-19 07:33:23 - [MESSAGE][PASSED] - Object: 'Object Repository/Page_Concours photo  votez pour la plus bel_494087/input_concat(Votez pour le plus beau chien de la cte d, , Opale )_jouer' is clicked on

2022-07-19 07:33:23 - [TEST_STEP][PASSED] - delay(1): Delayed 1 second(s)

2022-07-19 07:33:24 - [MESSAGE][PASSED] - Delayed 1 second(s)

2022-07-19 07:33:24 - [TEST_STEP][PASSED] - setText(findTestObject("Object Repository/Page_Concours photo  votez pour la plus bel_494087/input_trie par_keyword"), "Gaspard"): Text 'Gaspard' is set on object 'Object Repository/Page_Concours photo  votez pour la plus bel_494087/input_trie par_keyword'

2022-07-19 07:33:28 - [MESSAGE][PASSED] - Text 'Gaspard' is set on object 'Object Repository/Page_Concours photo  votez pour la plus bel_494087/input_trie par_keyword'

2022-07-19 07:33:28 - [TEST_STEP][PASSED] - sendKeys(findTestObject("Page_Concours photo  votez pour la plus bel_494087/input_trie par_keyword"), Keys.chord(ENTER)): Keys 'ENTER + ' sent to object: 'Object Repository/Page_Concours photo  votez pour la plus bel_494087/input_trie par_keyword'

2022-07-19 07:33:30 - [MESSAGE][PASSED] - Keys 'ENTER + ' sent to object: 'Object Repository/Page_Concours photo  votez pour la plus bel_494087/input_trie par_keyword'

2022-07-19 07:33:30 - [TEST_STEP][PASSED] - click(findTestObject("Page_Concours photo  votez pour la plus bel_494087/tri")): Object: 'Object Repository/Page_Concours photo  votez pour la plus bel_494087/tri' is clicked on

2022-07-19 07:33:30 - [MESSAGE][PASSED] - Object: 'Object Repository/Page_Concours photo  votez pour la plus bel_494087/tri' is clicked on

2022-07-19 07:33:30 - [TEST_STEP][PASSED] - click(findTestObject("Page_Concours photo  votez pour la plus bel_494087/plus de votes")): Object: 'Object Repository/Page_Concours photo  votez pour la plus bel_494087/plus de votes' is clicked on

2022-07-19 07:33:31 - [MESSAGE][PASSED] - Object: 'Object Repository/Page_Concours photo  votez pour la plus bel_494087/plus de votes' is clicked on

2022-07-19 07:33:32 - [TEST_STEP][PASSED] - click(findTestObject("Object Repository/Page_Concours photo  votez pour la plus bel_494087/i_Votes_fa fa-heart")): Object: 'Object Repository/Page_Concours photo  votez pour la plus bel_494087/i_Votes_fa fa-heart' is clicked on

2022-07-19 07:33:33 - [MESSAGE][PASSED] - Object: 'Object Repository/Page_Concours photo  votez pour la plus bel_494087/i_Votes_fa fa-heart' is clicked on

2022-07-19 07:33:33 - [TEST_STEP][PASSED] - delay(1): Delayed 1 second(s)

2022-07-19 07:33:34 - [MESSAGE][PASSED] - Delayed 1 second(s)

2022-07-19 07:33:34 - [TEST_STEP][PASSED] - closeBrowser(): Browser is closed

2022-07-19 07:33:34 - [MESSAGE][PASSED] - Browser is closed]]></system-out>
         <system-err><![CDATA[]]></system-err>
      </testcase>
      <testcase name="Test Cases/Vote" time="31.91" classname="Test Cases/Vote" status="PASSED">
         <system-out><![CDATA[2022-07-19 07:33:34 - [TEST_CASE][PASSED] - Test Cases/Vote: Test Cases/Vote

2022-07-19 07:33:34 - [TEST_STEP][PASSED] - openBrowser(""): Browser is opened with url: ''

2022-07-19 07:33:34 - [MESSAGE][INFO] - Starting 'Chrome' driver

2022-07-19 07:33:34 - [MESSAGE][INFO] - Action delay is set to 0 milliseconds

2022-07-19 07:33:35 - [MESSAGE][PASSED] - Browser is opened with url: ''

2022-07-19 07:33:35 - [TEST_STEP][PASSED] - navigateToUrl("https://lesechosdutouquet.nordlittoral.fr/147787/article/2022-06-30/concours-photo-montrez-nous-la-plus-belle-photo-de-votre-chien-en-promenade-sur#l5lb6r47qsmp9ur58y"): Navigate to 'https://lesechosdutouquet.nordlittoral.fr/147787/article/2022-06-30/concours-photo-montrez-nous-la-plus-belle-photo-de-votre-chien-en-promenade-sur#l5lb6r47qsmp9ur58y' successfully

2022-07-19 07:33:39 - [MESSAGE][PASSED] - Navigate to 'https://lesechosdutouquet.nordlittoral.fr/147787/article/2022-06-30/concours-photo-montrez-nous-la-plus-belle-photo-de-votre-chien-en-promenade-sur#l5lb6r47qsmp9ur58y' successfully

2022-07-19 07:33:39 - [TEST_STEP][PASSED] - setViewPortSize(1920, 1080): Viewport is set to new size with width = 1920 and height = 1080

2022-07-19 07:33:39 - [MESSAGE][PASSED] - Viewport is set to new size with width = 1920 and height = 1080

2022-07-19 07:33:39 - [TEST_STEP][PASSED] - click(findTestObject("Object Repository/Page_Concours photo  votez pour la plus bel_494087/button_Accepter  Fermer")): Object: 'Object Repository/Page_Concours photo  votez pour la plus bel_494087/button_Accepter  Fermer' is clicked on

2022-07-19 07:33:40 - [MESSAGE][PASSED] - Object: 'Object Repository/Page_Concours photo  votez pour la plus bel_494087/button_Accepter  Fermer' is clicked on

2022-07-19 07:33:40 - [TEST_STEP][PASSED] - delay(12): Delayed 12 second(s)

2022-07-19 07:33:52 - [MESSAGE][PASSED] - Delayed 12 second(s)

2022-07-19 07:33:52 - [TEST_STEP][PASSED] - click(findTestObject("Object Repository/Page_Concours photo  votez pour la plus bel_494087/a_X")): Object: 'Object Repository/Page_Concours photo  votez pour la plus bel_494087/a_X' is clicked on

2022-07-19 07:33:52 - [MESSAGE][PASSED] - Object: 'Object Repository/Page_Concours photo  votez pour la plus bel_494087/a_X' is clicked on

2022-07-19 07:33:52 - [TEST_STEP][PASSED] - delay(1): Delayed 1 second(s)

2022-07-19 07:33:53 - [MESSAGE][PASSED] - Delayed 1 second(s)

2022-07-19 07:33:53 - [TEST_STEP][PASSED] - click(findTestObject("Object Repository/Page_Concours photo  votez pour la plus bel_494087/input_concat(Votez pour le plus beau chien de la cte d, , Opale )_jouer")): Object: 'Object Repository/Page_Concours photo  votez pour la plus bel_494087/input_concat(Votez pour le plus beau chien de la cte d, , Opale )_jouer' is clicked on

2022-07-19 07:33:54 - [MESSAGE][PASSED] - Object: 'Object Repository/Page_Concours photo  votez pour la plus bel_494087/input_concat(Votez pour le plus beau chien de la cte d, , Opale )_jouer' is clicked on

2022-07-19 07:33:54 - [TEST_STEP][PASSED] - if (verifyElementPresent(findTestObject("Page_Concours photo  votez pour la plus bel_494087/input_concat(Votez pour le plus beau chien de la cte d, , Opale )_jouer"), 1, OPTIONAL)): null

2022-07-19 07:33:55 - [MESSAGE][PASSED] - Object 'Object Repository/Page_Concours photo  votez pour la plus bel_494087/input_concat(Votez pour le plus beau chien de la cte d, , Opale )_jouer' is present

2022-07-19 07:33:55 - [TEST_STEP][PASSED] - click(findTestObject("Object Repository/Page_Concours photo  votez pour la plus bel_494087/input_concat(Votez pour le plus beau chien de la cte d, , Opale )_jouer")): Object: 'Object Repository/Page_Concours photo  votez pour la plus bel_494087/input_concat(Votez pour le plus beau chien de la cte d, , Opale )_jouer' is clicked on

2022-07-19 07:33:56 - [MESSAGE][PASSED] - Object: 'Object Repository/Page_Concours photo  votez pour la plus bel_494087/input_concat(Votez pour le plus beau chien de la cte d, , Opale )_jouer' is clicked on

2022-07-19 07:33:56 - [TEST_STEP][PASSED] - delay(1): Delayed 1 second(s)

2022-07-19 07:33:57 - [MESSAGE][PASSED] - Delayed 1 second(s)

2022-07-19 07:33:57 - [TEST_STEP][PASSED] - setText(findTestObject("Object Repository/Page_Concours photo  votez pour la plus bel_494087/input_trie par_keyword"), "Gaspard"): Text 'Gaspard' is set on object 'Object Repository/Page_Concours photo  votez pour la plus bel_494087/input_trie par_keyword'

2022-07-19 07:34:00 - [MESSAGE][PASSED] - Text 'Gaspard' is set on object 'Object Repository/Page_Concours photo  votez pour la plus bel_494087/input_trie par_keyword'

2022-07-19 07:34:00 - [TEST_STEP][PASSED] - sendKeys(findTestObject("Page_Concours photo  votez pour la plus bel_494087/input_trie par_keyword"), Keys.chord(ENTER)): Keys 'ENTER + ' sent to object: 'Object Repository/Page_Concours photo  votez pour la plus bel_494087/input_trie par_keyword'

2022-07-19 07:34:02 - [MESSAGE][PASSED] - Keys 'ENTER + ' sent to object: 'Object Repository/Page_Concours photo  votez pour la plus bel_494087/input_trie par_keyword'

2022-07-19 07:34:02 - [TEST_STEP][PASSED] - click(findTestObject("Page_Concours photo  votez pour la plus bel_494087/tri")): Object: 'Object Repository/Page_Concours photo  votez pour la plus bel_494087/tri' is clicked on

2022-07-19 07:34:02 - [MESSAGE][PASSED] - Object: 'Object Repository/Page_Concours photo  votez pour la plus bel_494087/tri' is clicked on

2022-07-19 07:34:02 - [TEST_STEP][PASSED] - click(findTestObject("Page_Concours photo  votez pour la plus bel_494087/plus de votes")): Object: 'Object Repository/Page_Concours photo  votez pour la plus bel_494087/plus de votes' is clicked on

2022-07-19 07:34:03 - [MESSAGE][PASSED] - Object: 'Object Repository/Page_Concours photo  votez pour la plus bel_494087/plus de votes' is clicked on

2022-07-19 07:34:04 - [TEST_STEP][PASSED] - click(findTestObject("Object Repository/Page_Concours photo  votez pour la plus bel_494087/i_Votes_fa fa-heart")): Object: 'Object Repository/Page_Concours photo  votez pour la plus bel_494087/i_Votes_fa fa-heart' is clicked on

2022-07-19 07:34:05 - [MESSAGE][PASSED] - Object: 'Object Repository/Page_Concours photo  votez pour la plus bel_494087/i_Votes_fa fa-heart' is clicked on

2022-07-19 07:34:05 - [TEST_STEP][PASSED] - delay(1): Delayed 1 second(s)

2022-07-19 07:34:06 - [MESSAGE][PASSED] - Delayed 1 second(s)

2022-07-19 07:34:06 - [TEST_STEP][PASSED] - closeBrowser(): Browser is closed

2022-07-19 07:34:06 - [MESSAGE][PASSED] - Browser is closed]]></system-out>
         <system-err><![CDATA[]]></system-err>
      </testcase>
      <testcase name="Test Cases/Vote" time="31.185" classname="Test Cases/Vote" status="PASSED">
         <system-out><![CDATA[2022-07-19 07:34:06 - [TEST_CASE][PASSED] - Test Cases/Vote: Test Cases/Vote

2022-07-19 07:34:06 - [TEST_STEP][PASSED] - openBrowser(""): Browser is opened with url: ''

2022-07-19 07:34:06 - [MESSAGE][INFO] - Starting 'Chrome' driver

2022-07-19 07:34:06 - [MESSAGE][INFO] - Action delay is set to 0 milliseconds

2022-07-19 07:34:07 - [MESSAGE][PASSED] - Browser is opened with url: ''

2022-07-19 07:34:07 - [TEST_STEP][PASSED] - navigateToUrl("https://lesechosdutouquet.nordlittoral.fr/147787/article/2022-06-30/concours-photo-montrez-nous-la-plus-belle-photo-de-votre-chien-en-promenade-sur#l5lb6r47qsmp9ur58y"): Navigate to 'https://lesechosdutouquet.nordlittoral.fr/147787/article/2022-06-30/concours-photo-montrez-nous-la-plus-belle-photo-de-votre-chien-en-promenade-sur#l5lb6r47qsmp9ur58y' successfully

2022-07-19 07:34:10 - [MESSAGE][PASSED] - Navigate to 'https://lesechosdutouquet.nordlittoral.fr/147787/article/2022-06-30/concours-photo-montrez-nous-la-plus-belle-photo-de-votre-chien-en-promenade-sur#l5lb6r47qsmp9ur58y' successfully

2022-07-19 07:34:10 - [TEST_STEP][PASSED] - setViewPortSize(1920, 1080): Viewport is set to new size with width = 1920 and height = 1080

2022-07-19 07:34:11 - [MESSAGE][PASSED] - Viewport is set to new size with width = 1920 and height = 1080

2022-07-19 07:34:11 - [TEST_STEP][PASSED] - click(findTestObject("Object Repository/Page_Concours photo  votez pour la plus bel_494087/button_Accepter  Fermer")): Object: 'Object Repository/Page_Concours photo  votez pour la plus bel_494087/button_Accepter  Fermer' is clicked on

2022-07-19 07:34:12 - [MESSAGE][PASSED] - Object: 'Object Repository/Page_Concours photo  votez pour la plus bel_494087/button_Accepter  Fermer' is clicked on

2022-07-19 07:34:12 - [TEST_STEP][PASSED] - delay(12): Delayed 12 second(s)

2022-07-19 07:34:24 - [MESSAGE][PASSED] - Delayed 12 second(s)

2022-07-19 07:34:24 - [TEST_STEP][PASSED] - click(findTestObject("Object Repository/Page_Concours photo  votez pour la plus bel_494087/a_X")): Object: 'Object Repository/Page_Concours photo  votez pour la plus bel_494087/a_X' is clicked on

2022-07-19 07:34:24 - [MESSAGE][PASSED] - Object: 'Object Repository/Page_Concours photo  votez pour la plus bel_494087/a_X' is clicked on

2022-07-19 07:34:24 - [TEST_STEP][PASSED] - delay(1): Delayed 1 second(s)

2022-07-19 07:34:25 - [MESSAGE][PASSED] - Delayed 1 second(s)

2022-07-19 07:34:25 - [TEST_STEP][PASSED] - click(findTestObject("Object Repository/Page_Concours photo  votez pour la plus bel_494087/input_concat(Votez pour le plus beau chien de la cte d, , Opale )_jouer")): Object: 'Object Repository/Page_Concours photo  votez pour la plus bel_494087/input_concat(Votez pour le plus beau chien de la cte d, , Opale )_jouer' is clicked on

2022-07-19 07:34:26 - [MESSAGE][PASSED] - Object: 'Object Repository/Page_Concours photo  votez pour la plus bel_494087/input_concat(Votez pour le plus beau chien de la cte d, , Opale )_jouer' is clicked on

2022-07-19 07:34:26 - [TEST_STEP][PASSED] - if (verifyElementPresent(findTestObject("Page_Concours photo  votez pour la plus bel_494087/input_concat(Votez pour le plus beau chien de la cte d, , Opale )_jouer"), 1, OPTIONAL)): null

2022-07-19 07:34:27 - [MESSAGE][PASSED] - Object 'Object Repository/Page_Concours photo  votez pour la plus bel_494087/input_concat(Votez pour le plus beau chien de la cte d, , Opale )_jouer' is present

2022-07-19 07:34:27 - [TEST_STEP][PASSED] - click(findTestObject("Object Repository/Page_Concours photo  votez pour la plus bel_494087/input_concat(Votez pour le plus beau chien de la cte d, , Opale )_jouer")): Object: 'Object Repository/Page_Concours photo  votez pour la plus bel_494087/input_concat(Votez pour le plus beau chien de la cte d, , Opale )_jouer' is clicked on

2022-07-19 07:34:27 - [MESSAGE][PASSED] - Object: 'Object Repository/Page_Concours photo  votez pour la plus bel_494087/input_concat(Votez pour le plus beau chien de la cte d, , Opale )_jouer' is clicked on

2022-07-19 07:34:27 - [TEST_STEP][PASSED] - delay(1): Delayed 1 second(s)

2022-07-19 07:34:28 - [MESSAGE][PASSED] - Delayed 1 second(s)

2022-07-19 07:34:28 - [TEST_STEP][PASSED] - setText(findTestObject("Object Repository/Page_Concours photo  votez pour la plus bel_494087/input_trie par_keyword"), "Gaspard"): Text 'Gaspard' is set on object 'Object Repository/Page_Concours photo  votez pour la plus bel_494087/input_trie par_keyword'

2022-07-19 07:34:32 - [MESSAGE][PASSED] - Text 'Gaspard' is set on object 'Object Repository/Page_Concours photo  votez pour la plus bel_494087/input_trie par_keyword'

2022-07-19 07:34:32 - [TEST_STEP][PASSED] - sendKeys(findTestObject("Page_Concours photo  votez pour la plus bel_494087/input_trie par_keyword"), Keys.chord(ENTER)): Keys 'ENTER + ' sent to object: 'Object Repository/Page_Concours photo  votez pour la plus bel_494087/input_trie par_keyword'

2022-07-19 07:34:33 - [MESSAGE][PASSED] - Keys 'ENTER + ' sent to object: 'Object Repository/Page_Concours photo  votez pour la plus bel_494087/input_trie par_keyword'

2022-07-19 07:34:33 - [TEST_STEP][PASSED] - click(findTestObject("Page_Concours photo  votez pour la plus bel_494087/tri")): Object: 'Object Repository/Page_Concours photo  votez pour la plus bel_494087/tri' is clicked on

2022-07-19 07:34:34 - [MESSAGE][PASSED] - Object: 'Object Repository/Page_Concours photo  votez pour la plus bel_494087/tri' is clicked on

2022-07-19 07:34:34 - [TEST_STEP][PASSED] - click(findTestObject("Page_Concours photo  votez pour la plus bel_494087/plus de votes")): Object: 'Object Repository/Page_Concours photo  votez pour la plus bel_494087/plus de votes' is clicked on

2022-07-19 07:34:34 - [MESSAGE][PASSED] - Object: 'Object Repository/Page_Concours photo  votez pour la plus bel_494087/plus de votes' is clicked on

2022-07-19 07:34:35 - [TEST_STEP][PASSED] - click(findTestObject("Object Repository/Page_Concours photo  votez pour la plus bel_494087/i_Votes_fa fa-heart")): Object: 'Object Repository/Page_Concours photo  votez pour la plus bel_494087/i_Votes_fa fa-heart' is clicked on

2022-07-19 07:34:36 - [MESSAGE][PASSED] - Object: 'Object Repository/Page_Concours photo  votez pour la plus bel_494087/i_Votes_fa fa-heart' is clicked on

2022-07-19 07:34:36 - [TEST_STEP][PASSED] - delay(1): Delayed 1 second(s)

2022-07-19 07:34:37 - [MESSAGE][PASSED] - Delayed 1 second(s)

2022-07-19 07:34:37 - [TEST_STEP][PASSED] - closeBrowser(): Browser is closed

2022-07-19 07:34:37 - [MESSAGE][PASSED] - Browser is closed]]></system-out>
         <system-err><![CDATA[]]></system-err>
      </testcase>
      <testcase name="Test Cases/Vote" time="30.359" classname="Test Cases/Vote" status="PASSED">
         <system-out><![CDATA[2022-07-19 07:34:37 - [TEST_CASE][PASSED] - Test Cases/Vote: Test Cases/Vote

2022-07-19 07:34:37 - [TEST_STEP][PASSED] - openBrowser(""): Browser is opened with url: ''

2022-07-19 07:34:37 - [MESSAGE][INFO] - Starting 'Chrome' driver

2022-07-19 07:34:37 - [MESSAGE][INFO] - Action delay is set to 0 milliseconds

2022-07-19 07:34:38 - [MESSAGE][PASSED] - Browser is opened with url: ''

2022-07-19 07:34:38 - [TEST_STEP][PASSED] - navigateToUrl("https://lesechosdutouquet.nordlittoral.fr/147787/article/2022-06-30/concours-photo-montrez-nous-la-plus-belle-photo-de-votre-chien-en-promenade-sur#l5lb6r47qsmp9ur58y"): Navigate to 'https://lesechosdutouquet.nordlittoral.fr/147787/article/2022-06-30/concours-photo-montrez-nous-la-plus-belle-photo-de-votre-chien-en-promenade-sur#l5lb6r47qsmp9ur58y' successfully

2022-07-19 07:34:41 - [MESSAGE][PASSED] - Navigate to 'https://lesechosdutouquet.nordlittoral.fr/147787/article/2022-06-30/concours-photo-montrez-nous-la-plus-belle-photo-de-votre-chien-en-promenade-sur#l5lb6r47qsmp9ur58y' successfully

2022-07-19 07:34:41 - [TEST_STEP][PASSED] - setViewPortSize(1920, 1080): Viewport is set to new size with width = 1920 and height = 1080

2022-07-19 07:34:41 - [MESSAGE][PASSED] - Viewport is set to new size with width = 1920 and height = 1080

2022-07-19 07:34:41 - [TEST_STEP][PASSED] - click(findTestObject("Object Repository/Page_Concours photo  votez pour la plus bel_494087/button_Accepter  Fermer")): Object: 'Object Repository/Page_Concours photo  votez pour la plus bel_494087/button_Accepter  Fermer' is clicked on

2022-07-19 07:34:42 - [MESSAGE][PASSED] - Object: 'Object Repository/Page_Concours photo  votez pour la plus bel_494087/button_Accepter  Fermer' is clicked on

2022-07-19 07:34:42 - [TEST_STEP][PASSED] - delay(12): Delayed 12 second(s)

2022-07-19 07:34:54 - [MESSAGE][PASSED] - Delayed 12 second(s)

2022-07-19 07:34:54 - [TEST_STEP][PASSED] - click(findTestObject("Object Repository/Page_Concours photo  votez pour la plus bel_494087/a_X")): Object: 'Object Repository/Page_Concours photo  votez pour la plus bel_494087/a_X' is clicked on

2022-07-19 07:34:55 - [MESSAGE][PASSED] - Object: 'Object Repository/Page_Concours photo  votez pour la plus bel_494087/a_X' is clicked on

2022-07-19 07:34:55 - [TEST_STEP][PASSED] - delay(1): Delayed 1 second(s)

2022-07-19 07:34:56 - [MESSAGE][PASSED] - Delayed 1 second(s)

2022-07-19 07:34:56 - [TEST_STEP][PASSED] - click(findTestObject("Object Repository/Page_Concours photo  votez pour la plus bel_494087/input_concat(Votez pour le plus beau chien de la cte d, , Opale )_jouer")): Object: 'Object Repository/Page_Concours photo  votez pour la plus bel_494087/input_concat(Votez pour le plus beau chien de la cte d, , Opale )_jouer' is clicked on

2022-07-19 07:34:56 - [MESSAGE][PASSED] - Object: 'Object Repository/Page_Concours photo  votez pour la plus bel_494087/input_concat(Votez pour le plus beau chien de la cte d, , Opale )_jouer' is clicked on

2022-07-19 07:34:57 - [TEST_STEP][PASSED] - if (verifyElementPresent(findTestObject("Page_Concours photo  votez pour la plus bel_494087/input_concat(Votez pour le plus beau chien de la cte d, , Opale )_jouer"), 1, OPTIONAL)): null

2022-07-19 07:34:58 - [MESSAGE][PASSED] - Object 'Object Repository/Page_Concours photo  votez pour la plus bel_494087/input_concat(Votez pour le plus beau chien de la cte d, , Opale )_jouer' is present

2022-07-19 07:34:58 - [TEST_STEP][PASSED] - click(findTestObject("Object Repository/Page_Concours photo  votez pour la plus bel_494087/input_concat(Votez pour le plus beau chien de la cte d, , Opale )_jouer")): Object: 'Object Repository/Page_Concours photo  votez pour la plus bel_494087/input_concat(Votez pour le plus beau chien de la cte d, , Opale )_jouer' is clicked on

2022-07-19 07:34:58 - [MESSAGE][PASSED] - Object: 'Object Repository/Page_Concours photo  votez pour la plus bel_494087/input_concat(Votez pour le plus beau chien de la cte d, , Opale )_jouer' is clicked on

2022-07-19 07:34:58 - [TEST_STEP][PASSED] - delay(1): Delayed 1 second(s)

2022-07-19 07:34:59 - [MESSAGE][PASSED] - Delayed 1 second(s)

2022-07-19 07:34:59 - [TEST_STEP][PASSED] - setText(findTestObject("Object Repository/Page_Concours photo  votez pour la plus bel_494087/input_trie par_keyword"), "Gaspard"): Text 'Gaspard' is set on object 'Object Repository/Page_Concours photo  votez pour la plus bel_494087/input_trie par_keyword'

2022-07-19 07:35:02 - [MESSAGE][PASSED] - Text 'Gaspard' is set on object 'Object Repository/Page_Concours photo  votez pour la plus bel_494087/input_trie par_keyword'

2022-07-19 07:35:02 - [TEST_STEP][PASSED] - sendKeys(findTestObject("Page_Concours photo  votez pour la plus bel_494087/input_trie par_keyword"), Keys.chord(ENTER)): Keys 'ENTER + ' sent to object: 'Object Repository/Page_Concours photo  votez pour la plus bel_494087/input_trie par_keyword'

2022-07-19 07:35:03 - [MESSAGE][PASSED] - Keys 'ENTER + ' sent to object: 'Object Repository/Page_Concours photo  votez pour la plus bel_494087/input_trie par_keyword'

2022-07-19 07:35:03 - [TEST_STEP][PASSED] - click(findTestObject("Page_Concours photo  votez pour la plus bel_494087/tri")): Object: 'Object Repository/Page_Concours photo  votez pour la plus bel_494087/tri' is clicked on

2022-07-19 07:35:04 - [MESSAGE][PASSED] - Object: 'Object Repository/Page_Concours photo  votez pour la plus bel_494087/tri' is clicked on

2022-07-19 07:35:04 - [TEST_STEP][PASSED] - click(findTestObject("Page_Concours photo  votez pour la plus bel_494087/plus de votes")): Object: 'Object Repository/Page_Concours photo  votez pour la plus bel_494087/plus de votes' is clicked on

2022-07-19 07:35:04 - [MESSAGE][PASSED] - Object: 'Object Repository/Page_Concours photo  votez pour la plus bel_494087/plus de votes' is clicked on

2022-07-19 07:35:06 - [TEST_STEP][PASSED] - click(findTestObject("Object Repository/Page_Concours photo  votez pour la plus bel_494087/i_Votes_fa fa-heart")): Object: 'Object Repository/Page_Concours photo  votez pour la plus bel_494087/i_Votes_fa fa-heart' is clicked on

2022-07-19 07:35:06 - [MESSAGE][PASSED] - Object: 'Object Repository/Page_Concours photo  votez pour la plus bel_494087/i_Votes_fa fa-heart' is clicked on

2022-07-19 07:35:06 - [TEST_STEP][PASSED] - delay(1): Delayed 1 second(s)

2022-07-19 07:35:07 - [MESSAGE][PASSED] - Delayed 1 second(s)

2022-07-19 07:35:07 - [TEST_STEP][PASSED] - closeBrowser(): Browser is closed

2022-07-19 07:35:07 - [MESSAGE][PASSED] - Browser is closed]]></system-out>
         <system-err><![CDATA[]]></system-err>
      </testcase>
      <testcase name="Test Cases/Vote" time="30.559" classname="Test Cases/Vote" status="PASSED">
         <system-out><![CDATA[2022-07-19 07:35:07 - [TEST_CASE][PASSED] - Test Cases/Vote: Test Cases/Vote

2022-07-19 07:35:07 - [TEST_STEP][PASSED] - openBrowser(""): Browser is opened with url: ''

2022-07-19 07:35:07 - [MESSAGE][INFO] - Starting 'Chrome' driver

2022-07-19 07:35:07 - [MESSAGE][INFO] - Action delay is set to 0 milliseconds

2022-07-19 07:35:09 - [MESSAGE][PASSED] - Browser is opened with url: ''

2022-07-19 07:35:09 - [TEST_STEP][PASSED] - navigateToUrl("https://lesechosdutouquet.nordlittoral.fr/147787/article/2022-06-30/concours-photo-montrez-nous-la-plus-belle-photo-de-votre-chien-en-promenade-sur#l5lb6r47qsmp9ur58y"): Navigate to 'https://lesechosdutouquet.nordlittoral.fr/147787/article/2022-06-30/concours-photo-montrez-nous-la-plus-belle-photo-de-votre-chien-en-promenade-sur#l5lb6r47qsmp9ur58y' successfully

2022-07-19 07:35:12 - [MESSAGE][PASSED] - Navigate to 'https://lesechosdutouquet.nordlittoral.fr/147787/article/2022-06-30/concours-photo-montrez-nous-la-plus-belle-photo-de-votre-chien-en-promenade-sur#l5lb6r47qsmp9ur58y' successfully

2022-07-19 07:35:12 - [TEST_STEP][PASSED] - setViewPortSize(1920, 1080): Viewport is set to new size with width = 1920 and height = 1080

2022-07-19 07:35:12 - [MESSAGE][PASSED] - Viewport is set to new size with width = 1920 and height = 1080

2022-07-19 07:35:12 - [TEST_STEP][PASSED] - click(findTestObject("Object Repository/Page_Concours photo  votez pour la plus bel_494087/button_Accepter  Fermer")): Object: 'Object Repository/Page_Concours photo  votez pour la plus bel_494087/button_Accepter  Fermer' is clicked on

2022-07-19 07:35:13 - [MESSAGE][PASSED] - Object: 'Object Repository/Page_Concours photo  votez pour la plus bel_494087/button_Accepter  Fermer' is clicked on

2022-07-19 07:35:13 - [TEST_STEP][PASSED] - delay(12): Delayed 12 second(s)

2022-07-19 07:35:25 - [MESSAGE][PASSED] - Delayed 12 second(s)

2022-07-19 07:35:25 - [TEST_STEP][PASSED] - click(findTestObject("Object Repository/Page_Concours photo  votez pour la plus bel_494087/a_X")): Object: 'Object Repository/Page_Concours photo  votez pour la plus bel_494087/a_X' is clicked on

2022-07-19 07:35:26 - [MESSAGE][PASSED] - Object: 'Object Repository/Page_Concours photo  votez pour la plus bel_494087/a_X' is clicked on

2022-07-19 07:35:26 - [TEST_STEP][PASSED] - delay(1): Delayed 1 second(s)

2022-07-19 07:35:27 - [MESSAGE][PASSED] - Delayed 1 second(s)

2022-07-19 07:35:27 - [TEST_STEP][PASSED] - click(findTestObject("Object Repository/Page_Concours photo  votez pour la plus bel_494087/input_concat(Votez pour le plus beau chien de la cte d, , Opale )_jouer")): Object: 'Object Repository/Page_Concours photo  votez pour la plus bel_494087/input_concat(Votez pour le plus beau chien de la cte d, , Opale )_jouer' is clicked on

2022-07-19 07:35:27 - [MESSAGE][PASSED] - Object: 'Object Repository/Page_Concours photo  votez pour la plus bel_494087/input_concat(Votez pour le plus beau chien de la cte d, , Opale )_jouer' is clicked on

2022-07-19 07:35:27 - [TEST_STEP][PASSED] - if (verifyElementPresent(findTestObject("Page_Concours photo  votez pour la plus bel_494087/input_concat(Votez pour le plus beau chien de la cte d, , Opale )_jouer"), 1, OPTIONAL)): null

2022-07-19 07:35:29 - [MESSAGE][PASSED] - Object 'Object Repository/Page_Concours photo  votez pour la plus bel_494087/input_concat(Votez pour le plus beau chien de la cte d, , Opale )_jouer' is present

2022-07-19 07:35:29 - [TEST_STEP][PASSED] - click(findTestObject("Object Repository/Page_Concours photo  votez pour la plus bel_494087/input_concat(Votez pour le plus beau chien de la cte d, , Opale )_jouer")): Object: 'Object Repository/Page_Concours photo  votez pour la plus bel_494087/input_concat(Votez pour le plus beau chien de la cte d, , Opale )_jouer' is clicked on

2022-07-19 07:35:29 - [MESSAGE][PASSED] - Object: 'Object Repository/Page_Concours photo  votez pour la plus bel_494087/input_concat(Votez pour le plus beau chien de la cte d, , Opale )_jouer' is clicked on

2022-07-19 07:35:29 - [TEST_STEP][PASSED] - delay(1): Delayed 1 second(s)

2022-07-19 07:35:30 - [MESSAGE][PASSED] - Delayed 1 second(s)

2022-07-19 07:35:30 - [TEST_STEP][PASSED] - setText(findTestObject("Object Repository/Page_Concours photo  votez pour la plus bel_494087/input_trie par_keyword"), "Gaspard"): Text 'Gaspard' is set on object 'Object Repository/Page_Concours photo  votez pour la plus bel_494087/input_trie par_keyword'

2022-07-19 07:35:32 - [MESSAGE][PASSED] - Text 'Gaspard' is set on object 'Object Repository/Page_Concours photo  votez pour la plus bel_494087/input_trie par_keyword'

2022-07-19 07:35:32 - [TEST_STEP][PASSED] - sendKeys(findTestObject("Page_Concours photo  votez pour la plus bel_494087/input_trie par_keyword"), Keys.chord(ENTER)): Keys 'ENTER + ' sent to object: 'Object Repository/Page_Concours photo  votez pour la plus bel_494087/input_trie par_keyword'

2022-07-19 07:35:33 - [MESSAGE][PASSED] - Keys 'ENTER + ' sent to object: 'Object Repository/Page_Concours photo  votez pour la plus bel_494087/input_trie par_keyword'

2022-07-19 07:35:33 - [TEST_STEP][PASSED] - click(findTestObject("Page_Concours photo  votez pour la plus bel_494087/tri")): Object: 'Object Repository/Page_Concours photo  votez pour la plus bel_494087/tri' is clicked on

2022-07-19 07:35:34 - [MESSAGE][PASSED] - Object: 'Object Repository/Page_Concours photo  votez pour la plus bel_494087/tri' is clicked on

2022-07-19 07:35:34 - [TEST_STEP][PASSED] - click(findTestObject("Page_Concours photo  votez pour la plus bel_494087/plus de votes")): Object: 'Object Repository/Page_Concours photo  votez pour la plus bel_494087/plus de votes' is clicked on

2022-07-19 07:35:35 - [MESSAGE][PASSED] - Object: 'Object Repository/Page_Concours photo  votez pour la plus bel_494087/plus de votes' is clicked on

2022-07-19 07:35:36 - [TEST_STEP][PASSED] - click(findTestObject("Object Repository/Page_Concours photo  votez pour la plus bel_494087/i_Votes_fa fa-heart")): Object: 'Object Repository/Page_Concours photo  votez pour la plus bel_494087/i_Votes_fa fa-heart' is clicked on

2022-07-19 07:35:37 - [MESSAGE][PASSED] - Object: 'Object Repository/Page_Concours photo  votez pour la plus bel_494087/i_Votes_fa fa-heart' is clicked on

2022-07-19 07:35:37 - [TEST_STEP][PASSED] - delay(1): Delayed 1 second(s)

2022-07-19 07:35:38 - [MESSAGE][PASSED] - Delayed 1 second(s)

2022-07-19 07:35:38 - [TEST_STEP][PASSED] - closeBrowser(): Browser is closed

2022-07-19 07:35:38 - [MESSAGE][PASSED] - Browser is closed]]></system-out>
         <system-err><![CDATA[]]></system-err>
      </testcase>
      <testcase name="Test Cases/Vote" time="37.688" classname="Test Cases/Vote" status="PASSED">
         <system-out><![CDATA[2022-07-19 07:35:38 - [TEST_CASE][PASSED] - Test Cases/Vote: Test Cases/Vote

2022-07-19 07:35:38 - [TEST_STEP][PASSED] - openBrowser(""): Browser is opened with url: ''

2022-07-19 07:35:38 - [MESSAGE][INFO] - Starting 'Chrome' driver

2022-07-19 07:35:38 - [MESSAGE][INFO] - Action delay is set to 0 milliseconds

2022-07-19 07:35:39 - [MESSAGE][PASSED] - Browser is opened with url: ''

2022-07-19 07:35:39 - [TEST_STEP][PASSED] - navigateToUrl("https://lesechosdutouquet.nordlittoral.fr/147787/article/2022-06-30/concours-photo-montrez-nous-la-plus-belle-photo-de-votre-chien-en-promenade-sur#l5lb6r47qsmp9ur58y"): Navigate to 'https://lesechosdutouquet.nordlittoral.fr/147787/article/2022-06-30/concours-photo-montrez-nous-la-plus-belle-photo-de-votre-chien-en-promenade-sur#l5lb6r47qsmp9ur58y' successfully

2022-07-19 07:35:49 - [MESSAGE][PASSED] - Navigate to 'https://lesechosdutouquet.nordlittoral.fr/147787/article/2022-06-30/concours-photo-montrez-nous-la-plus-belle-photo-de-votre-chien-en-promenade-sur#l5lb6r47qsmp9ur58y' successfully

2022-07-19 07:35:49 - [TEST_STEP][PASSED] - setViewPortSize(1920, 1080): Viewport is set to new size with width = 1920 and height = 1080

2022-07-19 07:35:49 - [MESSAGE][PASSED] - Viewport is set to new size with width = 1920 and height = 1080

2022-07-19 07:35:49 - [TEST_STEP][PASSED] - click(findTestObject("Object Repository/Page_Concours photo  votez pour la plus bel_494087/button_Accepter  Fermer")): Object: 'Object Repository/Page_Concours photo  votez pour la plus bel_494087/button_Accepter  Fermer' is clicked on

2022-07-19 07:35:50 - [MESSAGE][PASSED] - Object: 'Object Repository/Page_Concours photo  votez pour la plus bel_494087/button_Accepter  Fermer' is clicked on

2022-07-19 07:35:50 - [TEST_STEP][PASSED] - delay(12): Delayed 12 second(s)

2022-07-19 07:36:02 - [MESSAGE][PASSED] - Delayed 12 second(s)

2022-07-19 07:36:02 - [TEST_STEP][PASSED] - click(findTestObject("Object Repository/Page_Concours photo  votez pour la plus bel_494087/a_X")): Object: 'Object Repository/Page_Concours photo  votez pour la plus bel_494087/a_X' is clicked on

2022-07-19 07:36:03 - [MESSAGE][PASSED] - Object: 'Object Repository/Page_Concours photo  votez pour la plus bel_494087/a_X' is clicked on

2022-07-19 07:36:03 - [TEST_STEP][PASSED] - delay(1): Delayed 1 second(s)

2022-07-19 07:36:04 - [MESSAGE][PASSED] - Delayed 1 second(s)

2022-07-19 07:36:04 - [TEST_STEP][PASSED] - click(findTestObject("Object Repository/Page_Concours photo  votez pour la plus bel_494087/input_concat(Votez pour le plus beau chien de la cte d, , Opale )_jouer")): Object: 'Object Repository/Page_Concours photo  votez pour la plus bel_494087/input_concat(Votez pour le plus beau chien de la cte d, , Opale )_jouer' is clicked on

2022-07-19 07:36:05 - [MESSAGE][PASSED] - Object: 'Object Repository/Page_Concours photo  votez pour la plus bel_494087/input_concat(Votez pour le plus beau chien de la cte d, , Opale )_jouer' is clicked on

2022-07-19 07:36:05 - [TEST_STEP][PASSED] - if (verifyElementPresent(findTestObject("Page_Concours photo  votez pour la plus bel_494087/input_concat(Votez pour le plus beau chien de la cte d, , Opale )_jouer"), 1, OPTIONAL)): null

2022-07-19 07:36:06 - [MESSAGE][PASSED] - Object 'Object Repository/Page_Concours photo  votez pour la plus bel_494087/input_concat(Votez pour le plus beau chien de la cte d, , Opale )_jouer' is present

2022-07-19 07:36:06 - [TEST_STEP][PASSED] - click(findTestObject("Object Repository/Page_Concours photo  votez pour la plus bel_494087/input_concat(Votez pour le plus beau chien de la cte d, , Opale )_jouer")): Object: 'Object Repository/Page_Concours photo  votez pour la plus bel_494087/input_concat(Votez pour le plus beau chien de la cte d, , Opale )_jouer' is clicked on

2022-07-19 07:36:07 - [MESSAGE][PASSED] - Object: 'Object Repository/Page_Concours photo  votez pour la plus bel_494087/input_concat(Votez pour le plus beau chien de la cte d, , Opale )_jouer' is clicked on

2022-07-19 07:36:07 - [TEST_STEP][PASSED] - delay(1): Delayed 1 second(s)

2022-07-19 07:36:08 - [MESSAGE][PASSED] - Delayed 1 second(s)

2022-07-19 07:36:08 - [TEST_STEP][PASSED] - setText(findTestObject("Object Repository/Page_Concours photo  votez pour la plus bel_494087/input_trie par_keyword"), "Gaspard"): Text 'Gaspard' is set on object 'Object Repository/Page_Concours photo  votez pour la plus bel_494087/input_trie par_keyword'

2022-07-19 07:36:10 - [MESSAGE][PASSED] - Text 'Gaspard' is set on object 'Object Repository/Page_Concours photo  votez pour la plus bel_494087/input_trie par_keyword'

2022-07-19 07:36:10 - [TEST_STEP][PASSED] - sendKeys(findTestObject("Page_Concours photo  votez pour la plus bel_494087/input_trie par_keyword"), Keys.chord(ENTER)): Keys 'ENTER + ' sent to object: 'Object Repository/Page_Concours photo  votez pour la plus bel_494087/input_trie par_keyword'

2022-07-19 07:36:11 - [MESSAGE][PASSED] - Keys 'ENTER + ' sent to object: 'Object Repository/Page_Concours photo  votez pour la plus bel_494087/input_trie par_keyword'

2022-07-19 07:36:11 - [TEST_STEP][PASSED] - click(findTestObject("Page_Concours photo  votez pour la plus bel_494087/tri")): Object: 'Object Repository/Page_Concours photo  votez pour la plus bel_494087/tri' is clicked on

2022-07-19 07:36:12 - [MESSAGE][PASSED] - Object: 'Object Repository/Page_Concours photo  votez pour la plus bel_494087/tri' is clicked on

2022-07-19 07:36:12 - [TEST_STEP][PASSED] - click(findTestObject("Page_Concours photo  votez pour la plus bel_494087/plus de votes")): Object: 'Object Repository/Page_Concours photo  votez pour la plus bel_494087/plus de votes' is clicked on

2022-07-19 07:36:12 - [MESSAGE][PASSED] - Object: 'Object Repository/Page_Concours photo  votez pour la plus bel_494087/plus de votes' is clicked on

2022-07-19 07:36:14 - [TEST_STEP][PASSED] - click(findTestObject("Object Repository/Page_Concours photo  votez pour la plus bel_494087/i_Votes_fa fa-heart")): Object: 'Object Repository/Page_Concours photo  votez pour la plus bel_494087/i_Votes_fa fa-heart' is clicked on

2022-07-19 07:36:14 - [MESSAGE][PASSED] - Object: 'Object Repository/Page_Concours photo  votez pour la plus bel_494087/i_Votes_fa fa-heart' is clicked on

2022-07-19 07:36:14 - [TEST_STEP][PASSED] - delay(1): Delayed 1 second(s)

2022-07-19 07:36:15 - [MESSAGE][PASSED] - Delayed 1 second(s)

2022-07-19 07:36:15 - [TEST_STEP][PASSED] - closeBrowser(): Browser is closed

2022-07-19 07:36:16 - [MESSAGE][PASSED] - Browser is closed]]></system-out>
         <system-err><![CDATA[]]></system-err>
      </testcase>
      <testcase name="Test Cases/Vote" time="31.2" classname="Test Cases/Vote" status="PASSED">
         <system-out><![CDATA[2022-07-19 07:36:16 - [TEST_CASE][PASSED] - Test Cases/Vote: Test Cases/Vote

2022-07-19 07:36:16 - [TEST_STEP][PASSED] - openBrowser(""): Browser is opened with url: ''

2022-07-19 07:36:16 - [MESSAGE][INFO] - Starting 'Chrome' driver

2022-07-19 07:36:16 - [MESSAGE][INFO] - Action delay is set to 0 milliseconds

2022-07-19 07:36:17 - [MESSAGE][PASSED] - Browser is opened with url: ''

2022-07-19 07:36:17 - [TEST_STEP][PASSED] - navigateToUrl("https://lesechosdutouquet.nordlittoral.fr/147787/article/2022-06-30/concours-photo-montrez-nous-la-plus-belle-photo-de-votre-chien-en-promenade-sur#l5lb6r47qsmp9ur58y"): Navigate to 'https://lesechosdutouquet.nordlittoral.fr/147787/article/2022-06-30/concours-photo-montrez-nous-la-plus-belle-photo-de-votre-chien-en-promenade-sur#l5lb6r47qsmp9ur58y' successfully

2022-07-19 07:36:20 - [MESSAGE][PASSED] - Navigate to 'https://lesechosdutouquet.nordlittoral.fr/147787/article/2022-06-30/concours-photo-montrez-nous-la-plus-belle-photo-de-votre-chien-en-promenade-sur#l5lb6r47qsmp9ur58y' successfully

2022-07-19 07:36:20 - [TEST_STEP][PASSED] - setViewPortSize(1920, 1080): Viewport is set to new size with width = 1920 and height = 1080

2022-07-19 07:36:20 - [MESSAGE][PASSED] - Viewport is set to new size with width = 1920 and height = 1080

2022-07-19 07:36:20 - [TEST_STEP][PASSED] - click(findTestObject("Object Repository/Page_Concours photo  votez pour la plus bel_494087/button_Accepter  Fermer")): Object: 'Object Repository/Page_Concours photo  votez pour la plus bel_494087/button_Accepter  Fermer' is clicked on

2022-07-19 07:36:22 - [MESSAGE][PASSED] - Object: 'Object Repository/Page_Concours photo  votez pour la plus bel_494087/button_Accepter  Fermer' is clicked on

2022-07-19 07:36:22 - [TEST_STEP][PASSED] - delay(12): Delayed 12 second(s)

2022-07-19 07:36:34 - [MESSAGE][PASSED] - Delayed 12 second(s)

2022-07-19 07:36:34 - [TEST_STEP][PASSED] - click(findTestObject("Object Repository/Page_Concours photo  votez pour la plus bel_494087/a_X")): Object: 'Object Repository/Page_Concours photo  votez pour la plus bel_494087/a_X' is clicked on

2022-07-19 07:36:34 - [MESSAGE][PASSED] - Object: 'Object Repository/Page_Concours photo  votez pour la plus bel_494087/a_X' is clicked on

2022-07-19 07:36:34 - [TEST_STEP][PASSED] - delay(1): Delayed 1 second(s)

2022-07-19 07:36:35 - [MESSAGE][PASSED] - Delayed 1 second(s)

2022-07-19 07:36:35 - [TEST_STEP][PASSED] - click(findTestObject("Object Repository/Page_Concours photo  votez pour la plus bel_494087/input_concat(Votez pour le plus beau chien de la cte d, , Opale )_jouer")): Object: 'Object Repository/Page_Concours photo  votez pour la plus bel_494087/input_concat(Votez pour le plus beau chien de la cte d, , Opale )_jouer' is clicked on

2022-07-19 07:36:36 - [MESSAGE][PASSED] - Object: 'Object Repository/Page_Concours photo  votez pour la plus bel_494087/input_concat(Votez pour le plus beau chien de la cte d, , Opale )_jouer' is clicked on

2022-07-19 07:36:36 - [TEST_STEP][PASSED] - if (verifyElementPresent(findTestObject("Page_Concours photo  votez pour la plus bel_494087/input_concat(Votez pour le plus beau chien de la cte d, , Opale )_jouer"), 1, OPTIONAL)): null

2022-07-19 07:36:37 - [MESSAGE][PASSED] - Object 'Object Repository/Page_Concours photo  votez pour la plus bel_494087/input_concat(Votez pour le plus beau chien de la cte d, , Opale )_jouer' is present

2022-07-19 07:36:37 - [TEST_STEP][PASSED] - click(findTestObject("Object Repository/Page_Concours photo  votez pour la plus bel_494087/input_concat(Votez pour le plus beau chien de la cte d, , Opale )_jouer")): Object: 'Object Repository/Page_Concours photo  votez pour la plus bel_494087/input_concat(Votez pour le plus beau chien de la cte d, , Opale )_jouer' is clicked on

2022-07-19 07:36:38 - [MESSAGE][PASSED] - Object: 'Object Repository/Page_Concours photo  votez pour la plus bel_494087/input_concat(Votez pour le plus beau chien de la cte d, , Opale )_jouer' is clicked on

2022-07-19 07:36:38 - [TEST_STEP][PASSED] - delay(1): Delayed 1 second(s)

2022-07-19 07:36:39 - [MESSAGE][PASSED] - Delayed 1 second(s)

2022-07-19 07:36:39 - [TEST_STEP][PASSED] - setText(findTestObject("Object Repository/Page_Concours photo  votez pour la plus bel_494087/input_trie par_keyword"), "Gaspard"): Text 'Gaspard' is set on object 'Object Repository/Page_Concours photo  votez pour la plus bel_494087/input_trie par_keyword'

2022-07-19 07:36:41 - [MESSAGE][PASSED] - Text 'Gaspard' is set on object 'Object Repository/Page_Concours photo  votez pour la plus bel_494087/input_trie par_keyword'

2022-07-19 07:36:41 - [TEST_STEP][PASSED] - sendKeys(findTestObject("Page_Concours photo  votez pour la plus bel_494087/input_trie par_keyword"), Keys.chord(ENTER)): Keys 'ENTER + ' sent to object: 'Object Repository/Page_Concours photo  votez pour la plus bel_494087/input_trie par_keyword'

2022-07-19 07:36:42 - [MESSAGE][PASSED] - Keys 'ENTER + ' sent to object: 'Object Repository/Page_Concours photo  votez pour la plus bel_494087/input_trie par_keyword'

2022-07-19 07:36:43 - [TEST_STEP][PASSED] - click(findTestObject("Page_Concours photo  votez pour la plus bel_494087/tri")): Object: 'Object Repository/Page_Concours photo  votez pour la plus bel_494087/tri' is clicked on

2022-07-19 07:36:43 - [MESSAGE][PASSED] - Object: 'Object Repository/Page_Concours photo  votez pour la plus bel_494087/tri' is clicked on

2022-07-19 07:36:43 - [TEST_STEP][PASSED] - click(findTestObject("Page_Concours photo  votez pour la plus bel_494087/plus de votes")): Object: 'Object Repository/Page_Concours photo  votez pour la plus bel_494087/plus de votes' is clicked on

2022-07-19 07:36:44 - [MESSAGE][PASSED] - Object: 'Object Repository/Page_Concours photo  votez pour la plus bel_494087/plus de votes' is clicked on

2022-07-19 07:36:45 - [TEST_STEP][PASSED] - click(findTestObject("Object Repository/Page_Concours photo  votez pour la plus bel_494087/i_Votes_fa fa-heart")): Object: 'Object Repository/Page_Concours photo  votez pour la plus bel_494087/i_Votes_fa fa-heart' is clicked on

2022-07-19 07:36:46 - [MESSAGE][PASSED] - Object: 'Object Repository/Page_Concours photo  votez pour la plus bel_494087/i_Votes_fa fa-heart' is clicked on

2022-07-19 07:36:46 - [TEST_STEP][PASSED] - delay(1): Delayed 1 second(s)

2022-07-19 07:36:47 - [MESSAGE][PASSED] - Delayed 1 second(s)

2022-07-19 07:36:47 - [TEST_STEP][PASSED] - closeBrowser(): Browser is closed

2022-07-19 07:36:47 - [MESSAGE][PASSED] - Browser is closed]]></system-out>
         <system-err><![CDATA[]]></system-err>
      </testcase>
      <system-out><![CDATA[2022-07-19 06:52:52 - [TEST_SUITE][PASSED] - New Test Suite: Test Cases/Vote]]></system-out>
      <system-err><![CDATA[]]></system-err>
   </testsuite>
</testsuites>
