<?xml version="1.0" encoding="UTF-8"?>
<testsuites name="New Test Suite" time="2654.911" tests="83" failures="0" errors="0">
   <testsuite name="New Test Suite" tests="83" failures="0" errors="0" time="2654.911" skipped="0" timestamp="2022-07-19 11:33:42" hostname="anthony - 192.168.0.39" id="Test Suites/New Test Suite">
      <properties>
         <property name="deviceName" value=""/>
         <property name="devicePlatform" value=""/>
         <property name="logFolder" value="/Users/anthony/Downloads/Gasp/Reports/20220718_191330/New Test Suite/20220718_191356"/>
         <property name="logFiles" value="/Users/anthony/Downloads/Gasp/Reports/20220718_191330/New Test Suite/20220718_191356/execution0.log"/>
         <property name="attachments" value=""/>
         <property name="hostName" value="anthony - 192.168.0.39"/>
         <property name="os" value="Mac OS X 64bit"/>
         <property name="katalonVersion" value="8.4.0.208"/>
         <property name="browser" value="Chrome 103.0.5060.114"/>
         <property name="hostAddress" value="192.168.0.39"/>
         <property name="sessionId" value="65fd925ba419444573beda7b40841d36"/>
         <property name="seleniumVersion" value="3.141.59"/>
         <property name="proxyInformation" value="ProxyInformation { proxyOption=NO_PROXY, proxyServerType=HTTP, username=, password=********, proxyServerAddress=, proxyServerPort=0, executionList=&quot;&quot;, isApplyToDesiredCapabilities=true }"/>
         <property name="platform" value="Mac OS X"/>
      </properties>
      <testcase name="Test Cases/Vote" time="34.075" classname="Test Cases/Vote" status="PASSED">
         <system-out><![CDATA[2022-07-19 11:33:42 - [TEST_CASE][PASSED] - Test Cases/Vote: Test Cases/Vote

2022-07-19 11:33:43 - [TEST_STEP][PASSED] - openBrowser(""): Browser is opened with url: ''

2022-07-19 11:33:43 - [MESSAGE][INFO] - Starting 'Chrome' driver

2022-07-19 11:33:43 - [MESSAGE][INFO] - Action delay is set to 0 milliseconds

2022-07-19 11:33:45 - [MESSAGE][PASSED] - Browser is opened with url: ''

2022-07-19 11:33:45 - [TEST_STEP][PASSED] - navigateToUrl("https://lesechosdutouquet.nordlittoral.fr/147787/article/2022-06-30/concours-photo-montrez-nous-la-plus-belle-photo-de-votre-chien-en-promenade-sur#l5lb6r47qsmp9ur58y"): Navigate to 'https://lesechosdutouquet.nordlittoral.fr/147787/article/2022-06-30/concours-photo-montrez-nous-la-plus-belle-photo-de-votre-chien-en-promenade-sur#l5lb6r47qsmp9ur58y' successfully

2022-07-19 11:33:47 - [MESSAGE][PASSED] - Navigate to 'https://lesechosdutouquet.nordlittoral.fr/147787/article/2022-06-30/concours-photo-montrez-nous-la-plus-belle-photo-de-votre-chien-en-promenade-sur#l5lb6r47qsmp9ur58y' successfully

2022-07-19 11:33:47 - [TEST_STEP][PASSED] - setViewPortSize(1920, 1080): Viewport is set to new size with width = 1920 and height = 1080

2022-07-19 11:33:48 - [MESSAGE][PASSED] - Viewport is set to new size with width = 1920 and height = 1080

2022-07-19 11:33:48 - [TEST_STEP][PASSED] - click(findTestObject("Object Repository/Page_Concours photo  votez pour la plus bel_494087/button_Accepter  Fermer")): Object: 'Object Repository/Page_Concours photo  votez pour la plus bel_494087/button_Accepter  Fermer' is clicked on

2022-07-19 11:33:49 - [MESSAGE][PASSED] - Object: 'Object Repository/Page_Concours photo  votez pour la plus bel_494087/button_Accepter  Fermer' is clicked on

2022-07-19 11:33:49 - [TEST_STEP][PASSED] - delay(12): Delayed 12 second(s)

2022-07-19 11:34:01 - [MESSAGE][PASSED] - Delayed 12 second(s)

2022-07-19 11:34:01 - [TEST_STEP][PASSED] - click(findTestObject("Object Repository/Page_Concours photo  votez pour la plus bel_494087/a_X")): Object: 'Object Repository/Page_Concours photo  votez pour la plus bel_494087/a_X' is clicked on

2022-07-19 11:34:01 - [MESSAGE][PASSED] - Object: 'Object Repository/Page_Concours photo  votez pour la plus bel_494087/a_X' is clicked on

2022-07-19 11:34:01 - [TEST_STEP][PASSED] - delay(1): Delayed 1 second(s)

2022-07-19 11:34:02 - [MESSAGE][PASSED] - Delayed 1 second(s)

2022-07-19 11:34:02 - [TEST_STEP][PASSED] - click(findTestObject("Object Repository/Page_Concours photo  votez pour la plus bel_494087/input_concat(Votez pour le plus beau chien de la cte d, , Opale )_jouer")): Object: 'Object Repository/Page_Concours photo  votez pour la plus bel_494087/input_concat(Votez pour le plus beau chien de la cte d, , Opale )_jouer' is clicked on

2022-07-19 11:34:03 - [MESSAGE][PASSED] - Object: 'Object Repository/Page_Concours photo  votez pour la plus bel_494087/input_concat(Votez pour le plus beau chien de la cte d, , Opale )_jouer' is clicked on

2022-07-19 11:34:03 - [TEST_STEP][PASSED] - if (verifyElementPresent(findTestObject("Page_Concours photo  votez pour la plus bel_494087/input_concat(Votez pour le plus beau chien de la cte d, , Opale )_jouer"), 1, OPTIONAL)): null

2022-07-19 11:34:05 - [MESSAGE][PASSED] - Object 'Object Repository/Page_Concours photo  votez pour la plus bel_494087/input_concat(Votez pour le plus beau chien de la cte d, , Opale )_jouer' is present

2022-07-19 11:34:05 - [TEST_STEP][PASSED] - click(findTestObject("Object Repository/Page_Concours photo  votez pour la plus bel_494087/input_concat(Votez pour le plus beau chien de la cte d, , Opale )_jouer")): Object: 'Object Repository/Page_Concours photo  votez pour la plus bel_494087/input_concat(Votez pour le plus beau chien de la cte d, , Opale )_jouer' is clicked on

2022-07-19 11:34:05 - [MESSAGE][PASSED] - Object: 'Object Repository/Page_Concours photo  votez pour la plus bel_494087/input_concat(Votez pour le plus beau chien de la cte d, , Opale )_jouer' is clicked on

2022-07-19 11:34:05 - [TEST_STEP][PASSED] - delay(1): Delayed 1 second(s)

2022-07-19 11:34:06 - [MESSAGE][PASSED] - Delayed 1 second(s)

2022-07-19 11:34:06 - [TEST_STEP][PASSED] - setText(findTestObject("Object Repository/Page_Concours photo  votez pour la plus bel_494087/input_trie par_keyword"), "Gaspard"): Text 'Gaspard' is set on object 'Object Repository/Page_Concours photo  votez pour la plus bel_494087/input_trie par_keyword'

2022-07-19 11:34:10 - [MESSAGE][PASSED] - Text 'Gaspard' is set on object 'Object Repository/Page_Concours photo  votez pour la plus bel_494087/input_trie par_keyword'

2022-07-19 11:34:10 - [TEST_STEP][PASSED] - sendKeys(findTestObject("Page_Concours photo  votez pour la plus bel_494087/input_trie par_keyword"), Keys.chord(ENTER)): Keys 'ENTER + ' sent to object: 'Object Repository/Page_Concours photo  votez pour la plus bel_494087/input_trie par_keyword'

2022-07-19 11:34:12 - [MESSAGE][PASSED] - Keys 'ENTER + ' sent to object: 'Object Repository/Page_Concours photo  votez pour la plus bel_494087/input_trie par_keyword'

2022-07-19 11:34:12 - [TEST_STEP][PASSED] - click(findTestObject("Page_Concours photo  votez pour la plus bel_494087/tri")): Object: 'Object Repository/Page_Concours photo  votez pour la plus bel_494087/tri' is clicked on

2022-07-19 11:34:12 - [MESSAGE][PASSED] - Object: 'Object Repository/Page_Concours photo  votez pour la plus bel_494087/tri' is clicked on

2022-07-19 11:34:12 - [TEST_STEP][PASSED] - click(findTestObject("Page_Concours photo  votez pour la plus bel_494087/plus de votes")): Object: 'Object Repository/Page_Concours photo  votez pour la plus bel_494087/plus de votes' is clicked on

2022-07-19 11:34:13 - [MESSAGE][PASSED] - Object: 'Object Repository/Page_Concours photo  votez pour la plus bel_494087/plus de votes' is clicked on

2022-07-19 11:34:15 - [TEST_STEP][PASSED] - click(findTestObject("Object Repository/Page_Concours photo  votez pour la plus bel_494087/i_Votes_fa fa-heart")): Object: 'Object Repository/Page_Concours photo  votez pour la plus bel_494087/i_Votes_fa fa-heart' is clicked on

2022-07-19 11:34:15 - [MESSAGE][PASSED] - Object: 'Object Repository/Page_Concours photo  votez pour la plus bel_494087/i_Votes_fa fa-heart' is clicked on

2022-07-19 11:34:15 - [TEST_STEP][PASSED] - delay(1): Delayed 1 second(s)

2022-07-19 11:34:16 - [MESSAGE][PASSED] - Delayed 1 second(s)

2022-07-19 11:34:16 - [TEST_STEP][PASSED] - closeBrowser(): Browser is closed

2022-07-19 11:34:16 - [MESSAGE][PASSED] - Browser is closed]]></system-out>
         <system-err><![CDATA[]]></system-err>
      </testcase>
      <testcase name="Test Cases/Vote" time="31.031" classname="Test Cases/Vote" status="PASSED">
         <system-out><![CDATA[2022-07-19 11:34:16 - [TEST_CASE][PASSED] - Test Cases/Vote: Test Cases/Vote

2022-07-19 11:34:16 - [TEST_STEP][PASSED] - openBrowser(""): Browser is opened with url: ''

2022-07-19 11:34:17 - [MESSAGE][INFO] - Starting 'Chrome' driver

2022-07-19 11:34:17 - [MESSAGE][INFO] - Action delay is set to 0 milliseconds

2022-07-19 11:34:18 - [MESSAGE][PASSED] - Browser is opened with url: ''

2022-07-19 11:34:18 - [TEST_STEP][PASSED] - navigateToUrl("https://lesechosdutouquet.nordlittoral.fr/147787/article/2022-06-30/concours-photo-montrez-nous-la-plus-belle-photo-de-votre-chien-en-promenade-sur#l5lb6r47qsmp9ur58y"): Navigate to 'https://lesechosdutouquet.nordlittoral.fr/147787/article/2022-06-30/concours-photo-montrez-nous-la-plus-belle-photo-de-votre-chien-en-promenade-sur#l5lb6r47qsmp9ur58y' successfully

2022-07-19 11:34:20 - [MESSAGE][PASSED] - Navigate to 'https://lesechosdutouquet.nordlittoral.fr/147787/article/2022-06-30/concours-photo-montrez-nous-la-plus-belle-photo-de-votre-chien-en-promenade-sur#l5lb6r47qsmp9ur58y' successfully

2022-07-19 11:34:20 - [TEST_STEP][PASSED] - setViewPortSize(1920, 1080): Viewport is set to new size with width = 1920 and height = 1080

2022-07-19 11:34:20 - [MESSAGE][PASSED] - Viewport is set to new size with width = 1920 and height = 1080

2022-07-19 11:34:20 - [TEST_STEP][PASSED] - click(findTestObject("Object Repository/Page_Concours photo  votez pour la plus bel_494087/button_Accepter  Fermer")): Object: 'Object Repository/Page_Concours photo  votez pour la plus bel_494087/button_Accepter  Fermer' is clicked on

2022-07-19 11:34:21 - [MESSAGE][PASSED] - Object: 'Object Repository/Page_Concours photo  votez pour la plus bel_494087/button_Accepter  Fermer' is clicked on

2022-07-19 11:34:21 - [TEST_STEP][PASSED] - delay(12): Delayed 12 second(s)

2022-07-19 11:34:33 - [MESSAGE][PASSED] - Delayed 12 second(s)

2022-07-19 11:34:33 - [TEST_STEP][PASSED] - click(findTestObject("Object Repository/Page_Concours photo  votez pour la plus bel_494087/a_X")): Object: 'Object Repository/Page_Concours photo  votez pour la plus bel_494087/a_X' is clicked on

2022-07-19 11:34:34 - [MESSAGE][PASSED] - Object: 'Object Repository/Page_Concours photo  votez pour la plus bel_494087/a_X' is clicked on

2022-07-19 11:34:34 - [TEST_STEP][PASSED] - delay(1): Delayed 1 second(s)

2022-07-19 11:34:35 - [MESSAGE][PASSED] - Delayed 1 second(s)

2022-07-19 11:34:35 - [TEST_STEP][PASSED] - click(findTestObject("Object Repository/Page_Concours photo  votez pour la plus bel_494087/input_concat(Votez pour le plus beau chien de la cte d, , Opale )_jouer")): Object: 'Object Repository/Page_Concours photo  votez pour la plus bel_494087/input_concat(Votez pour le plus beau chien de la cte d, , Opale )_jouer' is clicked on

2022-07-19 11:34:36 - [MESSAGE][PASSED] - Object: 'Object Repository/Page_Concours photo  votez pour la plus bel_494087/input_concat(Votez pour le plus beau chien de la cte d, , Opale )_jouer' is clicked on

2022-07-19 11:34:36 - [TEST_STEP][PASSED] - if (verifyElementPresent(findTestObject("Page_Concours photo  votez pour la plus bel_494087/input_concat(Votez pour le plus beau chien de la cte d, , Opale )_jouer"), 1, OPTIONAL)): null

2022-07-19 11:34:37 - [MESSAGE][PASSED] - Object 'Object Repository/Page_Concours photo  votez pour la plus bel_494087/input_concat(Votez pour le plus beau chien de la cte d, , Opale )_jouer' is present

2022-07-19 11:34:37 - [TEST_STEP][PASSED] - click(findTestObject("Object Repository/Page_Concours photo  votez pour la plus bel_494087/input_concat(Votez pour le plus beau chien de la cte d, , Opale )_jouer")): Object: 'Object Repository/Page_Concours photo  votez pour la plus bel_494087/input_concat(Votez pour le plus beau chien de la cte d, , Opale )_jouer' is clicked on

2022-07-19 11:34:38 - [MESSAGE][PASSED] - Object: 'Object Repository/Page_Concours photo  votez pour la plus bel_494087/input_concat(Votez pour le plus beau chien de la cte d, , Opale )_jouer' is clicked on

2022-07-19 11:34:38 - [TEST_STEP][PASSED] - delay(1): Delayed 1 second(s)

2022-07-19 11:34:39 - [MESSAGE][PASSED] - Delayed 1 second(s)

2022-07-19 11:34:39 - [TEST_STEP][PASSED] - setText(findTestObject("Object Repository/Page_Concours photo  votez pour la plus bel_494087/input_trie par_keyword"), "Gaspard"): Text 'Gaspard' is set on object 'Object Repository/Page_Concours photo  votez pour la plus bel_494087/input_trie par_keyword'

2022-07-19 11:34:42 - [MESSAGE][PASSED] - Text 'Gaspard' is set on object 'Object Repository/Page_Concours photo  votez pour la plus bel_494087/input_trie par_keyword'

2022-07-19 11:34:42 - [TEST_STEP][PASSED] - sendKeys(findTestObject("Page_Concours photo  votez pour la plus bel_494087/input_trie par_keyword"), Keys.chord(ENTER)): Keys 'ENTER + ' sent to object: 'Object Repository/Page_Concours photo  votez pour la plus bel_494087/input_trie par_keyword'

2022-07-19 11:34:44 - [MESSAGE][PASSED] - Keys 'ENTER + ' sent to object: 'Object Repository/Page_Concours photo  votez pour la plus bel_494087/input_trie par_keyword'

2022-07-19 11:34:44 - [TEST_STEP][PASSED] - click(findTestObject("Page_Concours photo  votez pour la plus bel_494087/tri")): Object: 'Object Repository/Page_Concours photo  votez pour la plus bel_494087/tri' is clicked on

2022-07-19 11:34:44 - [MESSAGE][PASSED] - Object: 'Object Repository/Page_Concours photo  votez pour la plus bel_494087/tri' is clicked on

2022-07-19 11:34:44 - [TEST_STEP][PASSED] - click(findTestObject("Page_Concours photo  votez pour la plus bel_494087/plus de votes")): Object: 'Object Repository/Page_Concours photo  votez pour la plus bel_494087/plus de votes' is clicked on

2022-07-19 11:34:45 - [MESSAGE][PASSED] - Object: 'Object Repository/Page_Concours photo  votez pour la plus bel_494087/plus de votes' is clicked on

2022-07-19 11:34:45 - [TEST_STEP][PASSED] - click(findTestObject("Object Repository/Page_Concours photo  votez pour la plus bel_494087/i_Votes_fa fa-heart")): Object: 'Object Repository/Page_Concours photo  votez pour la plus bel_494087/i_Votes_fa fa-heart' is clicked on

2022-07-19 11:34:46 - [MESSAGE][PASSED] - Object: 'Object Repository/Page_Concours photo  votez pour la plus bel_494087/i_Votes_fa fa-heart' is clicked on

2022-07-19 11:34:46 - [TEST_STEP][PASSED] - delay(1): Delayed 1 second(s)

2022-07-19 11:34:47 - [MESSAGE][PASSED] - Delayed 1 second(s)

2022-07-19 11:34:47 - [TEST_STEP][PASSED] - closeBrowser(): Browser is closed

2022-07-19 11:34:48 - [MESSAGE][PASSED] - Browser is closed]]></system-out>
         <system-err><![CDATA[]]></system-err>
      </testcase>
      <testcase name="Test Cases/Vote" time="31.877" classname="Test Cases/Vote" status="PASSED">
         <system-out><![CDATA[2022-07-19 11:34:48 - [TEST_CASE][PASSED] - Test Cases/Vote: Test Cases/Vote

2022-07-19 11:34:48 - [TEST_STEP][PASSED] - openBrowser(""): Browser is opened with url: ''

2022-07-19 11:34:48 - [MESSAGE][INFO] - Starting 'Chrome' driver

2022-07-19 11:34:48 - [MESSAGE][INFO] - Action delay is set to 0 milliseconds

2022-07-19 11:34:49 - [MESSAGE][PASSED] - Browser is opened with url: ''

2022-07-19 11:34:49 - [TEST_STEP][PASSED] - navigateToUrl("https://lesechosdutouquet.nordlittoral.fr/147787/article/2022-06-30/concours-photo-montrez-nous-la-plus-belle-photo-de-votre-chien-en-promenade-sur#l5lb6r47qsmp9ur58y"): Navigate to 'https://lesechosdutouquet.nordlittoral.fr/147787/article/2022-06-30/concours-photo-montrez-nous-la-plus-belle-photo-de-votre-chien-en-promenade-sur#l5lb6r47qsmp9ur58y' successfully

2022-07-19 11:34:51 - [MESSAGE][PASSED] - Navigate to 'https://lesechosdutouquet.nordlittoral.fr/147787/article/2022-06-30/concours-photo-montrez-nous-la-plus-belle-photo-de-votre-chien-en-promenade-sur#l5lb6r47qsmp9ur58y' successfully

2022-07-19 11:34:51 - [TEST_STEP][PASSED] - setViewPortSize(1920, 1080): Viewport is set to new size with width = 1920 and height = 1080

2022-07-19 11:34:51 - [MESSAGE][PASSED] - Viewport is set to new size with width = 1920 and height = 1080

2022-07-19 11:34:51 - [TEST_STEP][PASSED] - click(findTestObject("Object Repository/Page_Concours photo  votez pour la plus bel_494087/button_Accepter  Fermer")): Object: 'Object Repository/Page_Concours photo  votez pour la plus bel_494087/button_Accepter  Fermer' is clicked on

2022-07-19 11:34:52 - [MESSAGE][PASSED] - Object: 'Object Repository/Page_Concours photo  votez pour la plus bel_494087/button_Accepter  Fermer' is clicked on

2022-07-19 11:34:52 - [TEST_STEP][PASSED] - delay(12): Delayed 12 second(s)

2022-07-19 11:35:04 - [MESSAGE][PASSED] - Delayed 12 second(s)

2022-07-19 11:35:04 - [TEST_STEP][PASSED] - click(findTestObject("Object Repository/Page_Concours photo  votez pour la plus bel_494087/a_X")): Object: 'Object Repository/Page_Concours photo  votez pour la plus bel_494087/a_X' is clicked on

2022-07-19 11:35:05 - [MESSAGE][PASSED] - Object: 'Object Repository/Page_Concours photo  votez pour la plus bel_494087/a_X' is clicked on

2022-07-19 11:35:05 - [TEST_STEP][PASSED] - delay(1): Delayed 1 second(s)

2022-07-19 11:35:06 - [MESSAGE][PASSED] - Delayed 1 second(s)

2022-07-19 11:35:06 - [TEST_STEP][PASSED] - click(findTestObject("Object Repository/Page_Concours photo  votez pour la plus bel_494087/input_concat(Votez pour le plus beau chien de la cte d, , Opale )_jouer")): Object: 'Object Repository/Page_Concours photo  votez pour la plus bel_494087/input_concat(Votez pour le plus beau chien de la cte d, , Opale )_jouer' is clicked on

2022-07-19 11:35:07 - [MESSAGE][PASSED] - Object: 'Object Repository/Page_Concours photo  votez pour la plus bel_494087/input_concat(Votez pour le plus beau chien de la cte d, , Opale )_jouer' is clicked on

2022-07-19 11:35:07 - [TEST_STEP][PASSED] - if (verifyElementPresent(findTestObject("Page_Concours photo  votez pour la plus bel_494087/input_concat(Votez pour le plus beau chien de la cte d, , Opale )_jouer"), 1, OPTIONAL)): null

2022-07-19 11:35:08 - [MESSAGE][PASSED] - Object 'Object Repository/Page_Concours photo  votez pour la plus bel_494087/input_concat(Votez pour le plus beau chien de la cte d, , Opale )_jouer' is present

2022-07-19 11:35:08 - [TEST_STEP][PASSED] - click(findTestObject("Object Repository/Page_Concours photo  votez pour la plus bel_494087/input_concat(Votez pour le plus beau chien de la cte d, , Opale )_jouer")): Object: 'Object Repository/Page_Concours photo  votez pour la plus bel_494087/input_concat(Votez pour le plus beau chien de la cte d, , Opale )_jouer' is clicked on

2022-07-19 11:35:08 - [MESSAGE][PASSED] - Object: 'Object Repository/Page_Concours photo  votez pour la plus bel_494087/input_concat(Votez pour le plus beau chien de la cte d, , Opale )_jouer' is clicked on

2022-07-19 11:35:08 - [TEST_STEP][PASSED] - delay(1): Delayed 1 second(s)

2022-07-19 11:35:09 - [MESSAGE][PASSED] - Delayed 1 second(s)

2022-07-19 11:35:09 - [TEST_STEP][PASSED] - setText(findTestObject("Object Repository/Page_Concours photo  votez pour la plus bel_494087/input_trie par_keyword"), "Gaspard"): Text 'Gaspard' is set on object 'Object Repository/Page_Concours photo  votez pour la plus bel_494087/input_trie par_keyword'

2022-07-19 11:35:13 - [MESSAGE][PASSED] - Text 'Gaspard' is set on object 'Object Repository/Page_Concours photo  votez pour la plus bel_494087/input_trie par_keyword'

2022-07-19 11:35:13 - [TEST_STEP][PASSED] - sendKeys(findTestObject("Page_Concours photo  votez pour la plus bel_494087/input_trie par_keyword"), Keys.chord(ENTER)): Keys 'ENTER + ' sent to object: 'Object Repository/Page_Concours photo  votez pour la plus bel_494087/input_trie par_keyword'

2022-07-19 11:35:15 - [MESSAGE][PASSED] - Keys 'ENTER + ' sent to object: 'Object Repository/Page_Concours photo  votez pour la plus bel_494087/input_trie par_keyword'

2022-07-19 11:35:15 - [TEST_STEP][PASSED] - click(findTestObject("Page_Concours photo  votez pour la plus bel_494087/tri")): Object: 'Object Repository/Page_Concours photo  votez pour la plus bel_494087/tri' is clicked on

2022-07-19 11:35:16 - [MESSAGE][PASSED] - Object: 'Object Repository/Page_Concours photo  votez pour la plus bel_494087/tri' is clicked on

2022-07-19 11:35:16 - [TEST_STEP][PASSED] - click(findTestObject("Page_Concours photo  votez pour la plus bel_494087/plus de votes")): Object: 'Object Repository/Page_Concours photo  votez pour la plus bel_494087/plus de votes' is clicked on

2022-07-19 11:35:16 - [MESSAGE][PASSED] - Object: 'Object Repository/Page_Concours photo  votez pour la plus bel_494087/plus de votes' is clicked on

2022-07-19 11:35:18 - [TEST_STEP][PASSED] - click(findTestObject("Object Repository/Page_Concours photo  votez pour la plus bel_494087/i_Votes_fa fa-heart")): Object: 'Object Repository/Page_Concours photo  votez pour la plus bel_494087/i_Votes_fa fa-heart' is clicked on

2022-07-19 11:35:18 - [MESSAGE][PASSED] - Object: 'Object Repository/Page_Concours photo  votez pour la plus bel_494087/i_Votes_fa fa-heart' is clicked on

2022-07-19 11:35:18 - [TEST_STEP][PASSED] - delay(1): Delayed 1 second(s)

2022-07-19 11:35:19 - [MESSAGE][PASSED] - Delayed 1 second(s)

2022-07-19 11:35:19 - [TEST_STEP][PASSED] - closeBrowser(): Browser is closed

2022-07-19 11:35:19 - [MESSAGE][PASSED] - Browser is closed]]></system-out>
         <system-err><![CDATA[]]></system-err>
      </testcase>
      <testcase name="Test Cases/Vote" time="30.738" classname="Test Cases/Vote" status="PASSED">
         <system-out><![CDATA[2022-07-19 11:35:19 - [TEST_CASE][PASSED] - Test Cases/Vote: Test Cases/Vote

2022-07-19 11:35:19 - [TEST_STEP][PASSED] - openBrowser(""): Browser is opened with url: ''

2022-07-19 11:35:19 - [MESSAGE][INFO] - Starting 'Chrome' driver

2022-07-19 11:35:19 - [MESSAGE][INFO] - Action delay is set to 0 milliseconds

2022-07-19 11:35:20 - [MESSAGE][PASSED] - Browser is opened with url: ''

2022-07-19 11:35:20 - [TEST_STEP][PASSED] - navigateToUrl("https://lesechosdutouquet.nordlittoral.fr/147787/article/2022-06-30/concours-photo-montrez-nous-la-plus-belle-photo-de-votre-chien-en-promenade-sur#l5lb6r47qsmp9ur58y"): Navigate to 'https://lesechosdutouquet.nordlittoral.fr/147787/article/2022-06-30/concours-photo-montrez-nous-la-plus-belle-photo-de-votre-chien-en-promenade-sur#l5lb6r47qsmp9ur58y' successfully

2022-07-19 11:35:22 - [MESSAGE][PASSED] - Navigate to 'https://lesechosdutouquet.nordlittoral.fr/147787/article/2022-06-30/concours-photo-montrez-nous-la-plus-belle-photo-de-votre-chien-en-promenade-sur#l5lb6r47qsmp9ur58y' successfully

2022-07-19 11:35:22 - [TEST_STEP][PASSED] - setViewPortSize(1920, 1080): Viewport is set to new size with width = 1920 and height = 1080

2022-07-19 11:35:22 - [MESSAGE][PASSED] - Viewport is set to new size with width = 1920 and height = 1080

2022-07-19 11:35:22 - [TEST_STEP][PASSED] - click(findTestObject("Object Repository/Page_Concours photo  votez pour la plus bel_494087/button_Accepter  Fermer")): Object: 'Object Repository/Page_Concours photo  votez pour la plus bel_494087/button_Accepter  Fermer' is clicked on

2022-07-19 11:35:24 - [MESSAGE][PASSED] - Object: 'Object Repository/Page_Concours photo  votez pour la plus bel_494087/button_Accepter  Fermer' is clicked on

2022-07-19 11:35:24 - [TEST_STEP][PASSED] - delay(12): Delayed 12 second(s)

2022-07-19 11:35:36 - [MESSAGE][PASSED] - Delayed 12 second(s)

2022-07-19 11:35:36 - [TEST_STEP][PASSED] - click(findTestObject("Object Repository/Page_Concours photo  votez pour la plus bel_494087/a_X")): Object: 'Object Repository/Page_Concours photo  votez pour la plus bel_494087/a_X' is clicked on

2022-07-19 11:35:36 - [MESSAGE][PASSED] - Object: 'Object Repository/Page_Concours photo  votez pour la plus bel_494087/a_X' is clicked on

2022-07-19 11:35:36 - [TEST_STEP][PASSED] - delay(1): Delayed 1 second(s)

2022-07-19 11:35:37 - [MESSAGE][PASSED] - Delayed 1 second(s)

2022-07-19 11:35:37 - [TEST_STEP][PASSED] - click(findTestObject("Object Repository/Page_Concours photo  votez pour la plus bel_494087/input_concat(Votez pour le plus beau chien de la cte d, , Opale )_jouer")): Object: 'Object Repository/Page_Concours photo  votez pour la plus bel_494087/input_concat(Votez pour le plus beau chien de la cte d, , Opale )_jouer' is clicked on

2022-07-19 11:35:38 - [MESSAGE][PASSED] - Object: 'Object Repository/Page_Concours photo  votez pour la plus bel_494087/input_concat(Votez pour le plus beau chien de la cte d, , Opale )_jouer' is clicked on

2022-07-19 11:35:38 - [TEST_STEP][PASSED] - if (verifyElementPresent(findTestObject("Page_Concours photo  votez pour la plus bel_494087/input_concat(Votez pour le plus beau chien de la cte d, , Opale )_jouer"), 1, OPTIONAL)): null

2022-07-19 11:35:39 - [MESSAGE][PASSED] - Object 'Object Repository/Page_Concours photo  votez pour la plus bel_494087/input_concat(Votez pour le plus beau chien de la cte d, , Opale )_jouer' is present

2022-07-19 11:35:39 - [TEST_STEP][PASSED] - click(findTestObject("Object Repository/Page_Concours photo  votez pour la plus bel_494087/input_concat(Votez pour le plus beau chien de la cte d, , Opale )_jouer")): Object: 'Object Repository/Page_Concours photo  votez pour la plus bel_494087/input_concat(Votez pour le plus beau chien de la cte d, , Opale )_jouer' is clicked on

2022-07-19 11:35:40 - [MESSAGE][PASSED] - Object: 'Object Repository/Page_Concours photo  votez pour la plus bel_494087/input_concat(Votez pour le plus beau chien de la cte d, , Opale )_jouer' is clicked on

2022-07-19 11:35:40 - [TEST_STEP][PASSED] - delay(1): Delayed 1 second(s)

2022-07-19 11:35:41 - [MESSAGE][PASSED] - Delayed 1 second(s)

2022-07-19 11:35:41 - [TEST_STEP][PASSED] - setText(findTestObject("Object Repository/Page_Concours photo  votez pour la plus bel_494087/input_trie par_keyword"), "Gaspard"): Text 'Gaspard' is set on object 'Object Repository/Page_Concours photo  votez pour la plus bel_494087/input_trie par_keyword'

2022-07-19 11:35:45 - [MESSAGE][PASSED] - Text 'Gaspard' is set on object 'Object Repository/Page_Concours photo  votez pour la plus bel_494087/input_trie par_keyword'

2022-07-19 11:35:45 - [TEST_STEP][PASSED] - sendKeys(findTestObject("Page_Concours photo  votez pour la plus bel_494087/input_trie par_keyword"), Keys.chord(ENTER)): Keys 'ENTER + ' sent to object: 'Object Repository/Page_Concours photo  votez pour la plus bel_494087/input_trie par_keyword'

2022-07-19 11:35:45 - [MESSAGE][PASSED] - Keys 'ENTER + ' sent to object: 'Object Repository/Page_Concours photo  votez pour la plus bel_494087/input_trie par_keyword'

2022-07-19 11:35:46 - [TEST_STEP][PASSED] - click(findTestObject("Page_Concours photo  votez pour la plus bel_494087/tri")): Object: 'Object Repository/Page_Concours photo  votez pour la plus bel_494087/tri' is clicked on

2022-07-19 11:35:47 - [MESSAGE][PASSED] - Object: 'Object Repository/Page_Concours photo  votez pour la plus bel_494087/tri' is clicked on

2022-07-19 11:35:47 - [TEST_STEP][PASSED] - click(findTestObject("Page_Concours photo  votez pour la plus bel_494087/plus de votes")): Object: 'Object Repository/Page_Concours photo  votez pour la plus bel_494087/plus de votes' is clicked on

2022-07-19 11:35:47 - [MESSAGE][PASSED] - Object: 'Object Repository/Page_Concours photo  votez pour la plus bel_494087/plus de votes' is clicked on

2022-07-19 11:35:48 - [TEST_STEP][PASSED] - click(findTestObject("Object Repository/Page_Concours photo  votez pour la plus bel_494087/i_Votes_fa fa-heart")): Object: 'Object Repository/Page_Concours photo  votez pour la plus bel_494087/i_Votes_fa fa-heart' is clicked on

2022-07-19 11:35:49 - [MESSAGE][PASSED] - Object: 'Object Repository/Page_Concours photo  votez pour la plus bel_494087/i_Votes_fa fa-heart' is clicked on

2022-07-19 11:35:49 - [TEST_STEP][PASSED] - delay(1): Delayed 1 second(s)

2022-07-19 11:35:50 - [MESSAGE][PASSED] - Delayed 1 second(s)

2022-07-19 11:35:50 - [TEST_STEP][PASSED] - closeBrowser(): Browser is closed

2022-07-19 11:35:50 - [MESSAGE][PASSED] - Browser is closed]]></system-out>
         <system-err><![CDATA[]]></system-err>
      </testcase>
      <testcase name="Test Cases/Vote" time="30.988" classname="Test Cases/Vote" status="PASSED">
         <system-out><![CDATA[2022-07-19 11:35:50 - [TEST_CASE][PASSED] - Test Cases/Vote: Test Cases/Vote

2022-07-19 11:35:50 - [TEST_STEP][PASSED] - openBrowser(""): Browser is opened with url: ''

2022-07-19 11:35:50 - [MESSAGE][INFO] - Starting 'Chrome' driver

2022-07-19 11:35:50 - [MESSAGE][INFO] - Action delay is set to 0 milliseconds

2022-07-19 11:35:51 - [MESSAGE][PASSED] - Browser is opened with url: ''

2022-07-19 11:35:51 - [TEST_STEP][PASSED] - navigateToUrl("https://lesechosdutouquet.nordlittoral.fr/147787/article/2022-06-30/concours-photo-montrez-nous-la-plus-belle-photo-de-votre-chien-en-promenade-sur#l5lb6r47qsmp9ur58y"): Navigate to 'https://lesechosdutouquet.nordlittoral.fr/147787/article/2022-06-30/concours-photo-montrez-nous-la-plus-belle-photo-de-votre-chien-en-promenade-sur#l5lb6r47qsmp9ur58y' successfully

2022-07-19 11:35:53 - [MESSAGE][PASSED] - Navigate to 'https://lesechosdutouquet.nordlittoral.fr/147787/article/2022-06-30/concours-photo-montrez-nous-la-plus-belle-photo-de-votre-chien-en-promenade-sur#l5lb6r47qsmp9ur58y' successfully

2022-07-19 11:35:53 - [TEST_STEP][PASSED] - setViewPortSize(1920, 1080): Viewport is set to new size with width = 1920 and height = 1080

2022-07-19 11:35:53 - [MESSAGE][PASSED] - Viewport is set to new size with width = 1920 and height = 1080

2022-07-19 11:35:53 - [TEST_STEP][PASSED] - click(findTestObject("Object Repository/Page_Concours photo  votez pour la plus bel_494087/button_Accepter  Fermer")): Object: 'Object Repository/Page_Concours photo  votez pour la plus bel_494087/button_Accepter  Fermer' is clicked on

2022-07-19 11:35:55 - [MESSAGE][PASSED] - Object: 'Object Repository/Page_Concours photo  votez pour la plus bel_494087/button_Accepter  Fermer' is clicked on

2022-07-19 11:35:55 - [TEST_STEP][PASSED] - delay(12): Delayed 12 second(s)

2022-07-19 11:36:07 - [MESSAGE][PASSED] - Delayed 12 second(s)

2022-07-19 11:36:07 - [TEST_STEP][PASSED] - click(findTestObject("Object Repository/Page_Concours photo  votez pour la plus bel_494087/a_X")): Object: 'Object Repository/Page_Concours photo  votez pour la plus bel_494087/a_X' is clicked on

2022-07-19 11:36:07 - [MESSAGE][PASSED] - Object: 'Object Repository/Page_Concours photo  votez pour la plus bel_494087/a_X' is clicked on

2022-07-19 11:36:07 - [TEST_STEP][PASSED] - delay(1): Delayed 1 second(s)

2022-07-19 11:36:08 - [MESSAGE][PASSED] - Delayed 1 second(s)

2022-07-19 11:36:08 - [TEST_STEP][PASSED] - click(findTestObject("Object Repository/Page_Concours photo  votez pour la plus bel_494087/input_concat(Votez pour le plus beau chien de la cte d, , Opale )_jouer")): Object: 'Object Repository/Page_Concours photo  votez pour la plus bel_494087/input_concat(Votez pour le plus beau chien de la cte d, , Opale )_jouer' is clicked on

2022-07-19 11:36:09 - [MESSAGE][PASSED] - Object: 'Object Repository/Page_Concours photo  votez pour la plus bel_494087/input_concat(Votez pour le plus beau chien de la cte d, , Opale )_jouer' is clicked on

2022-07-19 11:36:09 - [TEST_STEP][PASSED] - if (verifyElementPresent(findTestObject("Page_Concours photo  votez pour la plus bel_494087/input_concat(Votez pour le plus beau chien de la cte d, , Opale )_jouer"), 1, OPTIONAL)): null

2022-07-19 11:36:10 - [MESSAGE][PASSED] - Object 'Object Repository/Page_Concours photo  votez pour la plus bel_494087/input_concat(Votez pour le plus beau chien de la cte d, , Opale )_jouer' is present

2022-07-19 11:36:10 - [TEST_STEP][PASSED] - click(findTestObject("Object Repository/Page_Concours photo  votez pour la plus bel_494087/input_concat(Votez pour le plus beau chien de la cte d, , Opale )_jouer")): Object: 'Object Repository/Page_Concours photo  votez pour la plus bel_494087/input_concat(Votez pour le plus beau chien de la cte d, , Opale )_jouer' is clicked on

2022-07-19 11:36:10 - [MESSAGE][PASSED] - Object: 'Object Repository/Page_Concours photo  votez pour la plus bel_494087/input_concat(Votez pour le plus beau chien de la cte d, , Opale )_jouer' is clicked on

2022-07-19 11:36:10 - [TEST_STEP][PASSED] - delay(1): Delayed 1 second(s)

2022-07-19 11:36:11 - [MESSAGE][PASSED] - Delayed 1 second(s)

2022-07-19 11:36:11 - [TEST_STEP][PASSED] - setText(findTestObject("Object Repository/Page_Concours photo  votez pour la plus bel_494087/input_trie par_keyword"), "Gaspard"): Text 'Gaspard' is set on object 'Object Repository/Page_Concours photo  votez pour la plus bel_494087/input_trie par_keyword'

2022-07-19 11:36:15 - [MESSAGE][PASSED] - Text 'Gaspard' is set on object 'Object Repository/Page_Concours photo  votez pour la plus bel_494087/input_trie par_keyword'

2022-07-19 11:36:15 - [TEST_STEP][PASSED] - sendKeys(findTestObject("Page_Concours photo  votez pour la plus bel_494087/input_trie par_keyword"), Keys.chord(ENTER)): Keys 'ENTER + ' sent to object: 'Object Repository/Page_Concours photo  votez pour la plus bel_494087/input_trie par_keyword'

2022-07-19 11:36:15 - [MESSAGE][PASSED] - Keys 'ENTER + ' sent to object: 'Object Repository/Page_Concours photo  votez pour la plus bel_494087/input_trie par_keyword'

2022-07-19 11:36:15 - [TEST_STEP][PASSED] - click(findTestObject("Page_Concours photo  votez pour la plus bel_494087/tri")): Object: 'Object Repository/Page_Concours photo  votez pour la plus bel_494087/tri' is clicked on

2022-07-19 11:36:17 - [MESSAGE][PASSED] - Object: 'Object Repository/Page_Concours photo  votez pour la plus bel_494087/tri' is clicked on

2022-07-19 11:36:17 - [TEST_STEP][PASSED] - click(findTestObject("Page_Concours photo  votez pour la plus bel_494087/plus de votes")): Object: 'Object Repository/Page_Concours photo  votez pour la plus bel_494087/plus de votes' is clicked on

2022-07-19 11:36:18 - [MESSAGE][PASSED] - Object: 'Object Repository/Page_Concours photo  votez pour la plus bel_494087/plus de votes' is clicked on

2022-07-19 11:36:19 - [TEST_STEP][PASSED] - click(findTestObject("Object Repository/Page_Concours photo  votez pour la plus bel_494087/i_Votes_fa fa-heart")): Object: 'Object Repository/Page_Concours photo  votez pour la plus bel_494087/i_Votes_fa fa-heart' is clicked on

2022-07-19 11:36:20 - [MESSAGE][PASSED] - Object: 'Object Repository/Page_Concours photo  votez pour la plus bel_494087/i_Votes_fa fa-heart' is clicked on

2022-07-19 11:36:20 - [TEST_STEP][PASSED] - delay(1): Delayed 1 second(s)

2022-07-19 11:36:21 - [MESSAGE][PASSED] - Delayed 1 second(s)

2022-07-19 11:36:21 - [TEST_STEP][PASSED] - closeBrowser(): Browser is closed

2022-07-19 11:36:21 - [MESSAGE][PASSED] - Browser is closed]]></system-out>
         <system-err><![CDATA[]]></system-err>
      </testcase>
      <testcase name="Test Cases/Vote" time="30.727" classname="Test Cases/Vote" status="PASSED">
         <system-out><![CDATA[2022-07-19 11:36:21 - [TEST_CASE][PASSED] - Test Cases/Vote: Test Cases/Vote

2022-07-19 11:36:21 - [TEST_STEP][PASSED] - openBrowser(""): Browser is opened with url: ''

2022-07-19 11:36:21 - [MESSAGE][INFO] - Starting 'Chrome' driver

2022-07-19 11:36:21 - [MESSAGE][INFO] - Action delay is set to 0 milliseconds

2022-07-19 11:36:22 - [MESSAGE][PASSED] - Browser is opened with url: ''

2022-07-19 11:36:22 - [TEST_STEP][PASSED] - navigateToUrl("https://lesechosdutouquet.nordlittoral.fr/147787/article/2022-06-30/concours-photo-montrez-nous-la-plus-belle-photo-de-votre-chien-en-promenade-sur#l5lb6r47qsmp9ur58y"): Navigate to 'https://lesechosdutouquet.nordlittoral.fr/147787/article/2022-06-30/concours-photo-montrez-nous-la-plus-belle-photo-de-votre-chien-en-promenade-sur#l5lb6r47qsmp9ur58y' successfully

2022-07-19 11:36:25 - [MESSAGE][PASSED] - Navigate to 'https://lesechosdutouquet.nordlittoral.fr/147787/article/2022-06-30/concours-photo-montrez-nous-la-plus-belle-photo-de-votre-chien-en-promenade-sur#l5lb6r47qsmp9ur58y' successfully

2022-07-19 11:36:25 - [TEST_STEP][PASSED] - setViewPortSize(1920, 1080): Viewport is set to new size with width = 1920 and height = 1080

2022-07-19 11:36:25 - [MESSAGE][PASSED] - Viewport is set to new size with width = 1920 and height = 1080

2022-07-19 11:36:25 - [TEST_STEP][PASSED] - click(findTestObject("Object Repository/Page_Concours photo  votez pour la plus bel_494087/button_Accepter  Fermer")): Object: 'Object Repository/Page_Concours photo  votez pour la plus bel_494087/button_Accepter  Fermer' is clicked on

2022-07-19 11:36:26 - [MESSAGE][PASSED] - Object: 'Object Repository/Page_Concours photo  votez pour la plus bel_494087/button_Accepter  Fermer' is clicked on

2022-07-19 11:36:26 - [TEST_STEP][PASSED] - delay(12): Delayed 12 second(s)

2022-07-19 11:36:38 - [MESSAGE][PASSED] - Delayed 12 second(s)

2022-07-19 11:36:38 - [TEST_STEP][PASSED] - click(findTestObject("Object Repository/Page_Concours photo  votez pour la plus bel_494087/a_X")): Object: 'Object Repository/Page_Concours photo  votez pour la plus bel_494087/a_X' is clicked on

2022-07-19 11:36:38 - [MESSAGE][PASSED] - Object: 'Object Repository/Page_Concours photo  votez pour la plus bel_494087/a_X' is clicked on

2022-07-19 11:36:38 - [TEST_STEP][PASSED] - delay(1): Delayed 1 second(s)

2022-07-19 11:36:39 - [MESSAGE][PASSED] - Delayed 1 second(s)

2022-07-19 11:36:39 - [TEST_STEP][PASSED] - click(findTestObject("Object Repository/Page_Concours photo  votez pour la plus bel_494087/input_concat(Votez pour le plus beau chien de la cte d, , Opale )_jouer")): Object: 'Object Repository/Page_Concours photo  votez pour la plus bel_494087/input_concat(Votez pour le plus beau chien de la cte d, , Opale )_jouer' is clicked on

2022-07-19 11:36:40 - [MESSAGE][PASSED] - Object: 'Object Repository/Page_Concours photo  votez pour la plus bel_494087/input_concat(Votez pour le plus beau chien de la cte d, , Opale )_jouer' is clicked on

2022-07-19 11:36:40 - [TEST_STEP][PASSED] - if (verifyElementPresent(findTestObject("Page_Concours photo  votez pour la plus bel_494087/input_concat(Votez pour le plus beau chien de la cte d, , Opale )_jouer"), 1, OPTIONAL)): null

2022-07-19 11:36:42 - [MESSAGE][PASSED] - Object 'Object Repository/Page_Concours photo  votez pour la plus bel_494087/input_concat(Votez pour le plus beau chien de la cte d, , Opale )_jouer' is present

2022-07-19 11:36:42 - [TEST_STEP][PASSED] - click(findTestObject("Object Repository/Page_Concours photo  votez pour la plus bel_494087/input_concat(Votez pour le plus beau chien de la cte d, , Opale )_jouer")): Object: 'Object Repository/Page_Concours photo  votez pour la plus bel_494087/input_concat(Votez pour le plus beau chien de la cte d, , Opale )_jouer' is clicked on

2022-07-19 11:36:42 - [MESSAGE][PASSED] - Object: 'Object Repository/Page_Concours photo  votez pour la plus bel_494087/input_concat(Votez pour le plus beau chien de la cte d, , Opale )_jouer' is clicked on

2022-07-19 11:36:42 - [TEST_STEP][PASSED] - delay(1): Delayed 1 second(s)

2022-07-19 11:36:43 - [MESSAGE][PASSED] - Delayed 1 second(s)

2022-07-19 11:36:43 - [TEST_STEP][PASSED] - setText(findTestObject("Object Repository/Page_Concours photo  votez pour la plus bel_494087/input_trie par_keyword"), "Gaspard"): Text 'Gaspard' is set on object 'Object Repository/Page_Concours photo  votez pour la plus bel_494087/input_trie par_keyword'

2022-07-19 11:36:46 - [MESSAGE][PASSED] - Text 'Gaspard' is set on object 'Object Repository/Page_Concours photo  votez pour la plus bel_494087/input_trie par_keyword'

2022-07-19 11:36:46 - [TEST_STEP][PASSED] - sendKeys(findTestObject("Page_Concours photo  votez pour la plus bel_494087/input_trie par_keyword"), Keys.chord(ENTER)): Keys 'ENTER + ' sent to object: 'Object Repository/Page_Concours photo  votez pour la plus bel_494087/input_trie par_keyword'

2022-07-19 11:36:48 - [MESSAGE][PASSED] - Keys 'ENTER + ' sent to object: 'Object Repository/Page_Concours photo  votez pour la plus bel_494087/input_trie par_keyword'

2022-07-19 11:36:48 - [TEST_STEP][PASSED] - click(findTestObject("Page_Concours photo  votez pour la plus bel_494087/tri")): Object: 'Object Repository/Page_Concours photo  votez pour la plus bel_494087/tri' is clicked on

2022-07-19 11:36:48 - [MESSAGE][PASSED] - Object: 'Object Repository/Page_Concours photo  votez pour la plus bel_494087/tri' is clicked on

2022-07-19 11:36:48 - [TEST_STEP][PASSED] - click(findTestObject("Page_Concours photo  votez pour la plus bel_494087/plus de votes")): Object: 'Object Repository/Page_Concours photo  votez pour la plus bel_494087/plus de votes' is clicked on

2022-07-19 11:36:49 - [MESSAGE][PASSED] - Object: 'Object Repository/Page_Concours photo  votez pour la plus bel_494087/plus de votes' is clicked on

2022-07-19 11:36:49 - [TEST_STEP][PASSED] - click(findTestObject("Object Repository/Page_Concours photo  votez pour la plus bel_494087/i_Votes_fa fa-heart")): Object: 'Object Repository/Page_Concours photo  votez pour la plus bel_494087/i_Votes_fa fa-heart' is clicked on

2022-07-19 11:36:51 - [MESSAGE][PASSED] - Object: 'Object Repository/Page_Concours photo  votez pour la plus bel_494087/i_Votes_fa fa-heart' is clicked on

2022-07-19 11:36:51 - [TEST_STEP][PASSED] - delay(1): Delayed 1 second(s)

2022-07-19 11:36:52 - [MESSAGE][PASSED] - Delayed 1 second(s)

2022-07-19 11:36:52 - [TEST_STEP][PASSED] - closeBrowser(): Browser is closed

2022-07-19 11:36:52 - [MESSAGE][PASSED] - Browser is closed]]></system-out>
         <system-err><![CDATA[]]></system-err>
      </testcase>
      <testcase name="Test Cases/Vote" time="29.879" classname="Test Cases/Vote" status="PASSED">
         <system-out><![CDATA[2022-07-19 11:36:52 - [TEST_CASE][PASSED] - Test Cases/Vote: Test Cases/Vote

2022-07-19 11:36:52 - [TEST_STEP][PASSED] - openBrowser(""): Browser is opened with url: ''

2022-07-19 11:36:52 - [MESSAGE][INFO] - Starting 'Chrome' driver

2022-07-19 11:36:52 - [MESSAGE][INFO] - Action delay is set to 0 milliseconds

2022-07-19 11:36:53 - [MESSAGE][PASSED] - Browser is opened with url: ''

2022-07-19 11:36:53 - [TEST_STEP][PASSED] - navigateToUrl("https://lesechosdutouquet.nordlittoral.fr/147787/article/2022-06-30/concours-photo-montrez-nous-la-plus-belle-photo-de-votre-chien-en-promenade-sur#l5lb6r47qsmp9ur58y"): Navigate to 'https://lesechosdutouquet.nordlittoral.fr/147787/article/2022-06-30/concours-photo-montrez-nous-la-plus-belle-photo-de-votre-chien-en-promenade-sur#l5lb6r47qsmp9ur58y' successfully

2022-07-19 11:36:56 - [MESSAGE][PASSED] - Navigate to 'https://lesechosdutouquet.nordlittoral.fr/147787/article/2022-06-30/concours-photo-montrez-nous-la-plus-belle-photo-de-votre-chien-en-promenade-sur#l5lb6r47qsmp9ur58y' successfully

2022-07-19 11:36:56 - [TEST_STEP][PASSED] - setViewPortSize(1920, 1080): Viewport is set to new size with width = 1920 and height = 1080

2022-07-19 11:36:56 - [MESSAGE][PASSED] - Viewport is set to new size with width = 1920 and height = 1080

2022-07-19 11:36:56 - [TEST_STEP][PASSED] - click(findTestObject("Object Repository/Page_Concours photo  votez pour la plus bel_494087/button_Accepter  Fermer")): Object: 'Object Repository/Page_Concours photo  votez pour la plus bel_494087/button_Accepter  Fermer' is clicked on

2022-07-19 11:36:57 - [MESSAGE][PASSED] - Object: 'Object Repository/Page_Concours photo  votez pour la plus bel_494087/button_Accepter  Fermer' is clicked on

2022-07-19 11:36:57 - [TEST_STEP][PASSED] - delay(12): Delayed 12 second(s)

2022-07-19 11:37:09 - [MESSAGE][PASSED] - Delayed 12 second(s)

2022-07-19 11:37:09 - [TEST_STEP][PASSED] - click(findTestObject("Object Repository/Page_Concours photo  votez pour la plus bel_494087/a_X")): Object: 'Object Repository/Page_Concours photo  votez pour la plus bel_494087/a_X' is clicked on

2022-07-19 11:37:09 - [MESSAGE][PASSED] - Object: 'Object Repository/Page_Concours photo  votez pour la plus bel_494087/a_X' is clicked on

2022-07-19 11:37:09 - [TEST_STEP][PASSED] - delay(1): Delayed 1 second(s)

2022-07-19 11:37:10 - [MESSAGE][PASSED] - Delayed 1 second(s)

2022-07-19 11:37:10 - [TEST_STEP][PASSED] - click(findTestObject("Object Repository/Page_Concours photo  votez pour la plus bel_494087/input_concat(Votez pour le plus beau chien de la cte d, , Opale )_jouer")): Object: 'Object Repository/Page_Concours photo  votez pour la plus bel_494087/input_concat(Votez pour le plus beau chien de la cte d, , Opale )_jouer' is clicked on

2022-07-19 11:37:11 - [MESSAGE][PASSED] - Object: 'Object Repository/Page_Concours photo  votez pour la plus bel_494087/input_concat(Votez pour le plus beau chien de la cte d, , Opale )_jouer' is clicked on

2022-07-19 11:37:11 - [TEST_STEP][PASSED] - if (verifyElementPresent(findTestObject("Page_Concours photo  votez pour la plus bel_494087/input_concat(Votez pour le plus beau chien de la cte d, , Opale )_jouer"), 1, OPTIONAL)): null

2022-07-19 11:37:13 - [MESSAGE][PASSED] - Object 'Object Repository/Page_Concours photo  votez pour la plus bel_494087/input_concat(Votez pour le plus beau chien de la cte d, , Opale )_jouer' is present

2022-07-19 11:37:13 - [TEST_STEP][PASSED] - click(findTestObject("Object Repository/Page_Concours photo  votez pour la plus bel_494087/input_concat(Votez pour le plus beau chien de la cte d, , Opale )_jouer")): Object: 'Object Repository/Page_Concours photo  votez pour la plus bel_494087/input_concat(Votez pour le plus beau chien de la cte d, , Opale )_jouer' is clicked on

2022-07-19 11:37:13 - [MESSAGE][PASSED] - Object: 'Object Repository/Page_Concours photo  votez pour la plus bel_494087/input_concat(Votez pour le plus beau chien de la cte d, , Opale )_jouer' is clicked on

2022-07-19 11:37:13 - [TEST_STEP][PASSED] - delay(1): Delayed 1 second(s)

2022-07-19 11:37:14 - [MESSAGE][PASSED] - Delayed 1 second(s)

2022-07-19 11:37:14 - [TEST_STEP][PASSED] - setText(findTestObject("Object Repository/Page_Concours photo  votez pour la plus bel_494087/input_trie par_keyword"), "Gaspard"): Text 'Gaspard' is set on object 'Object Repository/Page_Concours photo  votez pour la plus bel_494087/input_trie par_keyword'

2022-07-19 11:37:17 - [MESSAGE][PASSED] - Text 'Gaspard' is set on object 'Object Repository/Page_Concours photo  votez pour la plus bel_494087/input_trie par_keyword'

2022-07-19 11:37:17 - [TEST_STEP][PASSED] - sendKeys(findTestObject("Page_Concours photo  votez pour la plus bel_494087/input_trie par_keyword"), Keys.chord(ENTER)): Keys 'ENTER + ' sent to object: 'Object Repository/Page_Concours photo  votez pour la plus bel_494087/input_trie par_keyword'

2022-07-19 11:37:17 - [MESSAGE][PASSED] - Keys 'ENTER + ' sent to object: 'Object Repository/Page_Concours photo  votez pour la plus bel_494087/input_trie par_keyword'

2022-07-19 11:37:17 - [TEST_STEP][PASSED] - click(findTestObject("Page_Concours photo  votez pour la plus bel_494087/tri")): Object: 'Object Repository/Page_Concours photo  votez pour la plus bel_494087/tri' is clicked on

2022-07-19 11:37:18 - [MESSAGE][PASSED] - Object: 'Object Repository/Page_Concours photo  votez pour la plus bel_494087/tri' is clicked on

2022-07-19 11:37:18 - [TEST_STEP][PASSED] - click(findTestObject("Page_Concours photo  votez pour la plus bel_494087/plus de votes")): Object: 'Object Repository/Page_Concours photo  votez pour la plus bel_494087/plus de votes' is clicked on

2022-07-19 11:37:20 - [MESSAGE][PASSED] - Object: 'Object Repository/Page_Concours photo  votez pour la plus bel_494087/plus de votes' is clicked on

2022-07-19 11:37:20 - [TEST_STEP][PASSED] - click(findTestObject("Object Repository/Page_Concours photo  votez pour la plus bel_494087/i_Votes_fa fa-heart")): Object: 'Object Repository/Page_Concours photo  votez pour la plus bel_494087/i_Votes_fa fa-heart' is clicked on

2022-07-19 11:37:20 - [MESSAGE][PASSED] - Object: 'Object Repository/Page_Concours photo  votez pour la plus bel_494087/i_Votes_fa fa-heart' is clicked on

2022-07-19 11:37:20 - [TEST_STEP][PASSED] - delay(1): Delayed 1 second(s)

2022-07-19 11:37:21 - [MESSAGE][PASSED] - Delayed 1 second(s)

2022-07-19 11:37:21 - [TEST_STEP][PASSED] - closeBrowser(): Browser is closed

2022-07-19 11:37:22 - [MESSAGE][PASSED] - Browser is closed]]></system-out>
         <system-err><![CDATA[]]></system-err>
      </testcase>
      <testcase name="Test Cases/Vote" time="31.877" classname="Test Cases/Vote" status="PASSED">
         <system-out><![CDATA[2022-07-19 11:37:22 - [TEST_CASE][PASSED] - Test Cases/Vote: Test Cases/Vote

2022-07-19 11:37:22 - [TEST_STEP][PASSED] - openBrowser(""): Browser is opened with url: ''

2022-07-19 11:37:22 - [MESSAGE][INFO] - Starting 'Chrome' driver

2022-07-19 11:37:22 - [MESSAGE][INFO] - Action delay is set to 0 milliseconds

2022-07-19 11:37:23 - [MESSAGE][PASSED] - Browser is opened with url: ''

2022-07-19 11:37:23 - [TEST_STEP][PASSED] - navigateToUrl("https://lesechosdutouquet.nordlittoral.fr/147787/article/2022-06-30/concours-photo-montrez-nous-la-plus-belle-photo-de-votre-chien-en-promenade-sur#l5lb6r47qsmp9ur58y"): Navigate to 'https://lesechosdutouquet.nordlittoral.fr/147787/article/2022-06-30/concours-photo-montrez-nous-la-plus-belle-photo-de-votre-chien-en-promenade-sur#l5lb6r47qsmp9ur58y' successfully

2022-07-19 11:37:25 - [MESSAGE][PASSED] - Navigate to 'https://lesechosdutouquet.nordlittoral.fr/147787/article/2022-06-30/concours-photo-montrez-nous-la-plus-belle-photo-de-votre-chien-en-promenade-sur#l5lb6r47qsmp9ur58y' successfully

2022-07-19 11:37:25 - [TEST_STEP][PASSED] - setViewPortSize(1920, 1080): Viewport is set to new size with width = 1920 and height = 1080

2022-07-19 11:37:25 - [MESSAGE][PASSED] - Viewport is set to new size with width = 1920 and height = 1080

2022-07-19 11:37:25 - [TEST_STEP][PASSED] - click(findTestObject("Object Repository/Page_Concours photo  votez pour la plus bel_494087/button_Accepter  Fermer")): Object: 'Object Repository/Page_Concours photo  votez pour la plus bel_494087/button_Accepter  Fermer' is clicked on

2022-07-19 11:37:30 - [MESSAGE][PASSED] - Object: 'Object Repository/Page_Concours photo  votez pour la plus bel_494087/button_Accepter  Fermer' is clicked on

2022-07-19 11:37:30 - [TEST_STEP][PASSED] - delay(12): Delayed 12 second(s)

2022-07-19 11:37:42 - [MESSAGE][PASSED] - Delayed 12 second(s)

2022-07-19 11:37:42 - [TEST_STEP][PASSED] - click(findTestObject("Object Repository/Page_Concours photo  votez pour la plus bel_494087/a_X")): Object: 'Object Repository/Page_Concours photo  votez pour la plus bel_494087/a_X' is clicked on

2022-07-19 11:37:43 - [MESSAGE][PASSED] - Object: 'Object Repository/Page_Concours photo  votez pour la plus bel_494087/a_X' is clicked on

2022-07-19 11:37:43 - [TEST_STEP][PASSED] - delay(1): Delayed 1 second(s)

2022-07-19 11:37:44 - [MESSAGE][PASSED] - Delayed 1 second(s)

2022-07-19 11:37:44 - [TEST_STEP][PASSED] - click(findTestObject("Object Repository/Page_Concours photo  votez pour la plus bel_494087/input_concat(Votez pour le plus beau chien de la cte d, , Opale )_jouer")): Object: 'Object Repository/Page_Concours photo  votez pour la plus bel_494087/input_concat(Votez pour le plus beau chien de la cte d, , Opale )_jouer' is clicked on

2022-07-19 11:37:44 - [MESSAGE][PASSED] - Object: 'Object Repository/Page_Concours photo  votez pour la plus bel_494087/input_concat(Votez pour le plus beau chien de la cte d, , Opale )_jouer' is clicked on

2022-07-19 11:37:45 - [TEST_STEP][PASSED] - if (verifyElementPresent(findTestObject("Page_Concours photo  votez pour la plus bel_494087/input_concat(Votez pour le plus beau chien de la cte d, , Opale )_jouer"), 1, OPTIONAL)): null

2022-07-19 11:37:46 - [MESSAGE][PASSED] - Object 'Object Repository/Page_Concours photo  votez pour la plus bel_494087/input_concat(Votez pour le plus beau chien de la cte d, , Opale )_jouer' is present

2022-07-19 11:37:46 - [TEST_STEP][PASSED] - click(findTestObject("Object Repository/Page_Concours photo  votez pour la plus bel_494087/input_concat(Votez pour le plus beau chien de la cte d, , Opale )_jouer")): Object: 'Object Repository/Page_Concours photo  votez pour la plus bel_494087/input_concat(Votez pour le plus beau chien de la cte d, , Opale )_jouer' is clicked on

2022-07-19 11:37:46 - [MESSAGE][PASSED] - Object: 'Object Repository/Page_Concours photo  votez pour la plus bel_494087/input_concat(Votez pour le plus beau chien de la cte d, , Opale )_jouer' is clicked on

2022-07-19 11:37:46 - [TEST_STEP][PASSED] - delay(1): Delayed 1 second(s)

2022-07-19 11:37:47 - [MESSAGE][PASSED] - Delayed 1 second(s)

2022-07-19 11:37:47 - [TEST_STEP][PASSED] - setText(findTestObject("Object Repository/Page_Concours photo  votez pour la plus bel_494087/input_trie par_keyword"), "Gaspard"): Text 'Gaspard' is set on object 'Object Repository/Page_Concours photo  votez pour la plus bel_494087/input_trie par_keyword'

2022-07-19 11:37:48 - [MESSAGE][PASSED] - Text 'Gaspard' is set on object 'Object Repository/Page_Concours photo  votez pour la plus bel_494087/input_trie par_keyword'

2022-07-19 11:37:48 - [TEST_STEP][PASSED] - sendKeys(findTestObject("Page_Concours photo  votez pour la plus bel_494087/input_trie par_keyword"), Keys.chord(ENTER)): Keys 'ENTER + ' sent to object: 'Object Repository/Page_Concours photo  votez pour la plus bel_494087/input_trie par_keyword'

2022-07-19 11:37:50 - [MESSAGE][PASSED] - Keys 'ENTER + ' sent to object: 'Object Repository/Page_Concours photo  votez pour la plus bel_494087/input_trie par_keyword'

2022-07-19 11:37:50 - [TEST_STEP][PASSED] - click(findTestObject("Page_Concours photo  votez pour la plus bel_494087/tri")): Object: 'Object Repository/Page_Concours photo  votez pour la plus bel_494087/tri' is clicked on

2022-07-19 11:37:50 - [MESSAGE][PASSED] - Object: 'Object Repository/Page_Concours photo  votez pour la plus bel_494087/tri' is clicked on

2022-07-19 11:37:50 - [TEST_STEP][PASSED] - click(findTestObject("Page_Concours photo  votez pour la plus bel_494087/plus de votes")): Object: 'Object Repository/Page_Concours photo  votez pour la plus bel_494087/plus de votes' is clicked on

2022-07-19 11:37:51 - [MESSAGE][PASSED] - Object: 'Object Repository/Page_Concours photo  votez pour la plus bel_494087/plus de votes' is clicked on

2022-07-19 11:37:51 - [TEST_STEP][PASSED] - click(findTestObject("Object Repository/Page_Concours photo  votez pour la plus bel_494087/i_Votes_fa fa-heart")): Object: 'Object Repository/Page_Concours photo  votez pour la plus bel_494087/i_Votes_fa fa-heart' is clicked on

2022-07-19 11:37:52 - [MESSAGE][PASSED] - Object: 'Object Repository/Page_Concours photo  votez pour la plus bel_494087/i_Votes_fa fa-heart' is clicked on

2022-07-19 11:37:52 - [TEST_STEP][PASSED] - delay(1): Delayed 1 second(s)

2022-07-19 11:37:53 - [MESSAGE][PASSED] - Delayed 1 second(s)

2022-07-19 11:37:53 - [TEST_STEP][PASSED] - closeBrowser(): Browser is closed

2022-07-19 11:37:54 - [MESSAGE][PASSED] - Browser is closed]]></system-out>
         <system-err><![CDATA[]]></system-err>
      </testcase>
      <testcase name="Test Cases/Vote" time="32.279" classname="Test Cases/Vote" status="PASSED">
         <system-out><![CDATA[2022-07-19 11:37:54 - [TEST_CASE][PASSED] - Test Cases/Vote: Test Cases/Vote

2022-07-19 11:37:54 - [TEST_STEP][PASSED] - openBrowser(""): Browser is opened with url: ''

2022-07-19 11:37:54 - [MESSAGE][INFO] - Starting 'Chrome' driver

2022-07-19 11:37:54 - [MESSAGE][INFO] - Action delay is set to 0 milliseconds

2022-07-19 11:37:55 - [MESSAGE][PASSED] - Browser is opened with url: ''

2022-07-19 11:37:55 - [TEST_STEP][PASSED] - navigateToUrl("https://lesechosdutouquet.nordlittoral.fr/147787/article/2022-06-30/concours-photo-montrez-nous-la-plus-belle-photo-de-votre-chien-en-promenade-sur#l5lb6r47qsmp9ur58y"): Navigate to 'https://lesechosdutouquet.nordlittoral.fr/147787/article/2022-06-30/concours-photo-montrez-nous-la-plus-belle-photo-de-votre-chien-en-promenade-sur#l5lb6r47qsmp9ur58y' successfully

2022-07-19 11:37:58 - [MESSAGE][PASSED] - Navigate to 'https://lesechosdutouquet.nordlittoral.fr/147787/article/2022-06-30/concours-photo-montrez-nous-la-plus-belle-photo-de-votre-chien-en-promenade-sur#l5lb6r47qsmp9ur58y' successfully

2022-07-19 11:37:58 - [TEST_STEP][PASSED] - setViewPortSize(1920, 1080): Viewport is set to new size with width = 1920 and height = 1080

2022-07-19 11:37:58 - [MESSAGE][PASSED] - Viewport is set to new size with width = 1920 and height = 1080

2022-07-19 11:37:58 - [TEST_STEP][PASSED] - click(findTestObject("Object Repository/Page_Concours photo  votez pour la plus bel_494087/button_Accepter  Fermer")): Object: 'Object Repository/Page_Concours photo  votez pour la plus bel_494087/button_Accepter  Fermer' is clicked on

2022-07-19 11:37:59 - [MESSAGE][PASSED] - Object: 'Object Repository/Page_Concours photo  votez pour la plus bel_494087/button_Accepter  Fermer' is clicked on

2022-07-19 11:37:59 - [TEST_STEP][PASSED] - delay(12): Delayed 12 second(s)

2022-07-19 11:38:11 - [MESSAGE][PASSED] - Delayed 12 second(s)

2022-07-19 11:38:11 - [TEST_STEP][PASSED] - click(findTestObject("Object Repository/Page_Concours photo  votez pour la plus bel_494087/a_X")): Object: 'Object Repository/Page_Concours photo  votez pour la plus bel_494087/a_X' is clicked on

2022-07-19 11:38:12 - [MESSAGE][PASSED] - Object: 'Object Repository/Page_Concours photo  votez pour la plus bel_494087/a_X' is clicked on

2022-07-19 11:38:12 - [TEST_STEP][PASSED] - delay(1): Delayed 1 second(s)

2022-07-19 11:38:13 - [MESSAGE][PASSED] - Delayed 1 second(s)

2022-07-19 11:38:13 - [TEST_STEP][PASSED] - click(findTestObject("Object Repository/Page_Concours photo  votez pour la plus bel_494087/input_concat(Votez pour le plus beau chien de la cte d, , Opale )_jouer")): Object: 'Object Repository/Page_Concours photo  votez pour la plus bel_494087/input_concat(Votez pour le plus beau chien de la cte d, , Opale )_jouer' is clicked on

2022-07-19 11:38:13 - [MESSAGE][PASSED] - Object: 'Object Repository/Page_Concours photo  votez pour la plus bel_494087/input_concat(Votez pour le plus beau chien de la cte d, , Opale )_jouer' is clicked on

2022-07-19 11:38:13 - [TEST_STEP][PASSED] - if (verifyElementPresent(findTestObject("Page_Concours photo  votez pour la plus bel_494087/input_concat(Votez pour le plus beau chien de la cte d, , Opale )_jouer"), 1, OPTIONAL)): null

2022-07-19 11:38:14 - [MESSAGE][PASSED] - Object 'Object Repository/Page_Concours photo  votez pour la plus bel_494087/input_concat(Votez pour le plus beau chien de la cte d, , Opale )_jouer' is present

2022-07-19 11:38:14 - [TEST_STEP][PASSED] - click(findTestObject("Object Repository/Page_Concours photo  votez pour la plus bel_494087/input_concat(Votez pour le plus beau chien de la cte d, , Opale )_jouer")): Object: 'Object Repository/Page_Concours photo  votez pour la plus bel_494087/input_concat(Votez pour le plus beau chien de la cte d, , Opale )_jouer' is clicked on

2022-07-19 11:38:14 - [MESSAGE][PASSED] - Object: 'Object Repository/Page_Concours photo  votez pour la plus bel_494087/input_concat(Votez pour le plus beau chien de la cte d, , Opale )_jouer' is clicked on

2022-07-19 11:38:14 - [TEST_STEP][PASSED] - delay(1): Delayed 1 second(s)

2022-07-19 11:38:15 - [MESSAGE][PASSED] - Delayed 1 second(s)

2022-07-19 11:38:16 - [TEST_STEP][PASSED] - setText(findTestObject("Object Repository/Page_Concours photo  votez pour la plus bel_494087/input_trie par_keyword"), "Gaspard"): Text 'Gaspard' is set on object 'Object Repository/Page_Concours photo  votez pour la plus bel_494087/input_trie par_keyword'

2022-07-19 11:38:21 - [MESSAGE][PASSED] - Text 'Gaspard' is set on object 'Object Repository/Page_Concours photo  votez pour la plus bel_494087/input_trie par_keyword'

2022-07-19 11:38:21 - [TEST_STEP][PASSED] - sendKeys(findTestObject("Page_Concours photo  votez pour la plus bel_494087/input_trie par_keyword"), Keys.chord(ENTER)): Keys 'ENTER + ' sent to object: 'Object Repository/Page_Concours photo  votez pour la plus bel_494087/input_trie par_keyword'

2022-07-19 11:38:21 - [MESSAGE][PASSED] - Keys 'ENTER + ' sent to object: 'Object Repository/Page_Concours photo  votez pour la plus bel_494087/input_trie par_keyword'

2022-07-19 11:38:21 - [TEST_STEP][PASSED] - click(findTestObject("Page_Concours photo  votez pour la plus bel_494087/tri")): Object: 'Object Repository/Page_Concours photo  votez pour la plus bel_494087/tri' is clicked on

2022-07-19 11:38:23 - [MESSAGE][PASSED] - Object: 'Object Repository/Page_Concours photo  votez pour la plus bel_494087/tri' is clicked on

2022-07-19 11:38:23 - [TEST_STEP][PASSED] - click(findTestObject("Page_Concours photo  votez pour la plus bel_494087/plus de votes")): Object: 'Object Repository/Page_Concours photo  votez pour la plus bel_494087/plus de votes' is clicked on

2022-07-19 11:38:23 - [MESSAGE][PASSED] - Object: 'Object Repository/Page_Concours photo  votez pour la plus bel_494087/plus de votes' is clicked on

2022-07-19 11:38:23 - [TEST_STEP][PASSED] - click(findTestObject("Object Repository/Page_Concours photo  votez pour la plus bel_494087/i_Votes_fa fa-heart")): Object: 'Object Repository/Page_Concours photo  votez pour la plus bel_494087/i_Votes_fa fa-heart' is clicked on

2022-07-19 11:38:25 - [MESSAGE][PASSED] - Object: 'Object Repository/Page_Concours photo  votez pour la plus bel_494087/i_Votes_fa fa-heart' is clicked on

2022-07-19 11:38:25 - [TEST_STEP][PASSED] - delay(1): Delayed 1 second(s)

2022-07-19 11:38:26 - [MESSAGE][PASSED] - Delayed 1 second(s)

2022-07-19 11:38:26 - [TEST_STEP][PASSED] - closeBrowser(): Browser is closed

2022-07-19 11:38:26 - [MESSAGE][PASSED] - Browser is closed]]></system-out>
         <system-err><![CDATA[]]></system-err>
      </testcase>
      <testcase name="Test Cases/Vote" time="31.278" classname="Test Cases/Vote" status="PASSED">
         <system-out><![CDATA[2022-07-19 11:38:26 - [TEST_CASE][PASSED] - Test Cases/Vote: Test Cases/Vote

2022-07-19 11:38:26 - [TEST_STEP][PASSED] - openBrowser(""): Browser is opened with url: ''

2022-07-19 11:38:26 - [MESSAGE][INFO] - Starting 'Chrome' driver

2022-07-19 11:38:26 - [MESSAGE][INFO] - Action delay is set to 0 milliseconds

2022-07-19 11:38:27 - [MESSAGE][PASSED] - Browser is opened with url: ''

2022-07-19 11:38:27 - [TEST_STEP][PASSED] - navigateToUrl("https://lesechosdutouquet.nordlittoral.fr/147787/article/2022-06-30/concours-photo-montrez-nous-la-plus-belle-photo-de-votre-chien-en-promenade-sur#l5lb6r47qsmp9ur58y"): Navigate to 'https://lesechosdutouquet.nordlittoral.fr/147787/article/2022-06-30/concours-photo-montrez-nous-la-plus-belle-photo-de-votre-chien-en-promenade-sur#l5lb6r47qsmp9ur58y' successfully

2022-07-19 11:38:29 - [MESSAGE][PASSED] - Navigate to 'https://lesechosdutouquet.nordlittoral.fr/147787/article/2022-06-30/concours-photo-montrez-nous-la-plus-belle-photo-de-votre-chien-en-promenade-sur#l5lb6r47qsmp9ur58y' successfully

2022-07-19 11:38:29 - [TEST_STEP][PASSED] - setViewPortSize(1920, 1080): Viewport is set to new size with width = 1920 and height = 1080

2022-07-19 11:38:30 - [MESSAGE][PASSED] - Viewport is set to new size with width = 1920 and height = 1080

2022-07-19 11:38:30 - [TEST_STEP][PASSED] - click(findTestObject("Object Repository/Page_Concours photo  votez pour la plus bel_494087/button_Accepter  Fermer")): Object: 'Object Repository/Page_Concours photo  votez pour la plus bel_494087/button_Accepter  Fermer' is clicked on

2022-07-19 11:38:31 - [MESSAGE][PASSED] - Object: 'Object Repository/Page_Concours photo  votez pour la plus bel_494087/button_Accepter  Fermer' is clicked on

2022-07-19 11:38:31 - [TEST_STEP][PASSED] - delay(12): Delayed 12 second(s)

2022-07-19 11:38:43 - [MESSAGE][PASSED] - Delayed 12 second(s)

2022-07-19 11:38:43 - [TEST_STEP][PASSED] - click(findTestObject("Object Repository/Page_Concours photo  votez pour la plus bel_494087/a_X")): Object: 'Object Repository/Page_Concours photo  votez pour la plus bel_494087/a_X' is clicked on

2022-07-19 11:38:43 - [MESSAGE][PASSED] - Object: 'Object Repository/Page_Concours photo  votez pour la plus bel_494087/a_X' is clicked on

2022-07-19 11:38:43 - [TEST_STEP][PASSED] - delay(1): Delayed 1 second(s)

2022-07-19 11:38:44 - [MESSAGE][PASSED] - Delayed 1 second(s)

2022-07-19 11:38:44 - [TEST_STEP][PASSED] - click(findTestObject("Object Repository/Page_Concours photo  votez pour la plus bel_494087/input_concat(Votez pour le plus beau chien de la cte d, , Opale )_jouer")): Object: 'Object Repository/Page_Concours photo  votez pour la plus bel_494087/input_concat(Votez pour le plus beau chien de la cte d, , Opale )_jouer' is clicked on

2022-07-19 11:38:45 - [MESSAGE][PASSED] - Object: 'Object Repository/Page_Concours photo  votez pour la plus bel_494087/input_concat(Votez pour le plus beau chien de la cte d, , Opale )_jouer' is clicked on

2022-07-19 11:38:45 - [TEST_STEP][PASSED] - if (verifyElementPresent(findTestObject("Page_Concours photo  votez pour la plus bel_494087/input_concat(Votez pour le plus beau chien de la cte d, , Opale )_jouer"), 1, OPTIONAL)): null

2022-07-19 11:38:47 - [MESSAGE][PASSED] - Object 'Object Repository/Page_Concours photo  votez pour la plus bel_494087/input_concat(Votez pour le plus beau chien de la cte d, , Opale )_jouer' is present

2022-07-19 11:38:47 - [TEST_STEP][PASSED] - click(findTestObject("Object Repository/Page_Concours photo  votez pour la plus bel_494087/input_concat(Votez pour le plus beau chien de la cte d, , Opale )_jouer")): Object: 'Object Repository/Page_Concours photo  votez pour la plus bel_494087/input_concat(Votez pour le plus beau chien de la cte d, , Opale )_jouer' is clicked on

2022-07-19 11:38:47 - [MESSAGE][PASSED] - Object: 'Object Repository/Page_Concours photo  votez pour la plus bel_494087/input_concat(Votez pour le plus beau chien de la cte d, , Opale )_jouer' is clicked on

2022-07-19 11:38:47 - [TEST_STEP][PASSED] - delay(1): Delayed 1 second(s)

2022-07-19 11:38:48 - [MESSAGE][PASSED] - Delayed 1 second(s)

2022-07-19 11:38:48 - [TEST_STEP][PASSED] - setText(findTestObject("Object Repository/Page_Concours photo  votez pour la plus bel_494087/input_trie par_keyword"), "Gaspard"): Text 'Gaspard' is set on object 'Object Repository/Page_Concours photo  votez pour la plus bel_494087/input_trie par_keyword'

2022-07-19 11:38:51 - [MESSAGE][PASSED] - Text 'Gaspard' is set on object 'Object Repository/Page_Concours photo  votez pour la plus bel_494087/input_trie par_keyword'

2022-07-19 11:38:51 - [TEST_STEP][PASSED] - sendKeys(findTestObject("Page_Concours photo  votez pour la plus bel_494087/input_trie par_keyword"), Keys.chord(ENTER)): Keys 'ENTER + ' sent to object: 'Object Repository/Page_Concours photo  votez pour la plus bel_494087/input_trie par_keyword'

2022-07-19 11:38:52 - [MESSAGE][PASSED] - Keys 'ENTER + ' sent to object: 'Object Repository/Page_Concours photo  votez pour la plus bel_494087/input_trie par_keyword'

2022-07-19 11:38:52 - [TEST_STEP][PASSED] - click(findTestObject("Page_Concours photo  votez pour la plus bel_494087/tri")): Object: 'Object Repository/Page_Concours photo  votez pour la plus bel_494087/tri' is clicked on

2022-07-19 11:38:53 - [MESSAGE][PASSED] - Object: 'Object Repository/Page_Concours photo  votez pour la plus bel_494087/tri' is clicked on

2022-07-19 11:38:53 - [TEST_STEP][PASSED] - click(findTestObject("Page_Concours photo  votez pour la plus bel_494087/plus de votes")): Object: 'Object Repository/Page_Concours photo  votez pour la plus bel_494087/plus de votes' is clicked on

2022-07-19 11:38:53 - [MESSAGE][PASSED] - Object: 'Object Repository/Page_Concours photo  votez pour la plus bel_494087/plus de votes' is clicked on

2022-07-19 11:38:55 - [TEST_STEP][PASSED] - click(findTestObject("Object Repository/Page_Concours photo  votez pour la plus bel_494087/i_Votes_fa fa-heart")): Object: 'Object Repository/Page_Concours photo  votez pour la plus bel_494087/i_Votes_fa fa-heart' is clicked on

2022-07-19 11:38:56 - [MESSAGE][PASSED] - Object: 'Object Repository/Page_Concours photo  votez pour la plus bel_494087/i_Votes_fa fa-heart' is clicked on

2022-07-19 11:38:56 - [TEST_STEP][PASSED] - delay(1): Delayed 1 second(s)

2022-07-19 11:38:57 - [MESSAGE][PASSED] - Delayed 1 second(s)

2022-07-19 11:38:57 - [TEST_STEP][PASSED] - closeBrowser(): Browser is closed

2022-07-19 11:38:57 - [MESSAGE][PASSED] - Browser is closed]]></system-out>
         <system-err><![CDATA[]]></system-err>
      </testcase>
      <testcase name="Test Cases/Vote" time="32.601" classname="Test Cases/Vote" status="PASSED">
         <system-out><![CDATA[2022-07-19 11:38:57 - [TEST_CASE][PASSED] - Test Cases/Vote: Test Cases/Vote

2022-07-19 11:38:57 - [TEST_STEP][PASSED] - openBrowser(""): Browser is opened with url: ''

2022-07-19 11:38:57 - [MESSAGE][INFO] - Starting 'Chrome' driver

2022-07-19 11:38:57 - [MESSAGE][INFO] - Action delay is set to 0 milliseconds

2022-07-19 11:38:58 - [MESSAGE][PASSED] - Browser is opened with url: ''

2022-07-19 11:38:58 - [TEST_STEP][PASSED] - navigateToUrl("https://lesechosdutouquet.nordlittoral.fr/147787/article/2022-06-30/concours-photo-montrez-nous-la-plus-belle-photo-de-votre-chien-en-promenade-sur#l5lb6r47qsmp9ur58y"): Navigate to 'https://lesechosdutouquet.nordlittoral.fr/147787/article/2022-06-30/concours-photo-montrez-nous-la-plus-belle-photo-de-votre-chien-en-promenade-sur#l5lb6r47qsmp9ur58y' successfully

2022-07-19 11:39:02 - [MESSAGE][PASSED] - Navigate to 'https://lesechosdutouquet.nordlittoral.fr/147787/article/2022-06-30/concours-photo-montrez-nous-la-plus-belle-photo-de-votre-chien-en-promenade-sur#l5lb6r47qsmp9ur58y' successfully

2022-07-19 11:39:02 - [TEST_STEP][PASSED] - setViewPortSize(1920, 1080): Viewport is set to new size with width = 1920 and height = 1080

2022-07-19 11:39:02 - [MESSAGE][PASSED] - Viewport is set to new size with width = 1920 and height = 1080

2022-07-19 11:39:02 - [TEST_STEP][PASSED] - click(findTestObject("Object Repository/Page_Concours photo  votez pour la plus bel_494087/button_Accepter  Fermer")): Object: 'Object Repository/Page_Concours photo  votez pour la plus bel_494087/button_Accepter  Fermer' is clicked on

2022-07-19 11:39:04 - [MESSAGE][PASSED] - Object: 'Object Repository/Page_Concours photo  votez pour la plus bel_494087/button_Accepter  Fermer' is clicked on

2022-07-19 11:39:04 - [TEST_STEP][PASSED] - delay(12): Delayed 12 second(s)

2022-07-19 11:39:16 - [MESSAGE][PASSED] - Delayed 12 second(s)

2022-07-19 11:39:16 - [TEST_STEP][PASSED] - click(findTestObject("Object Repository/Page_Concours photo  votez pour la plus bel_494087/a_X")): Object: 'Object Repository/Page_Concours photo  votez pour la plus bel_494087/a_X' is clicked on

2022-07-19 11:39:16 - [MESSAGE][PASSED] - Object: 'Object Repository/Page_Concours photo  votez pour la plus bel_494087/a_X' is clicked on

2022-07-19 11:39:16 - [TEST_STEP][PASSED] - delay(1): Delayed 1 second(s)

2022-07-19 11:39:17 - [MESSAGE][PASSED] - Delayed 1 second(s)

2022-07-19 11:39:17 - [TEST_STEP][PASSED] - click(findTestObject("Object Repository/Page_Concours photo  votez pour la plus bel_494087/input_concat(Votez pour le plus beau chien de la cte d, , Opale )_jouer")): Object: 'Object Repository/Page_Concours photo  votez pour la plus bel_494087/input_concat(Votez pour le plus beau chien de la cte d, , Opale )_jouer' is clicked on

2022-07-19 11:39:18 - [MESSAGE][PASSED] - Object: 'Object Repository/Page_Concours photo  votez pour la plus bel_494087/input_concat(Votez pour le plus beau chien de la cte d, , Opale )_jouer' is clicked on

2022-07-19 11:39:18 - [TEST_STEP][PASSED] - if (verifyElementPresent(findTestObject("Page_Concours photo  votez pour la plus bel_494087/input_concat(Votez pour le plus beau chien de la cte d, , Opale )_jouer"), 1, OPTIONAL)): null

2022-07-19 11:39:20 - [MESSAGE][PASSED] - Object 'Object Repository/Page_Concours photo  votez pour la plus bel_494087/input_concat(Votez pour le plus beau chien de la cte d, , Opale )_jouer' is present

2022-07-19 11:39:20 - [TEST_STEP][PASSED] - click(findTestObject("Object Repository/Page_Concours photo  votez pour la plus bel_494087/input_concat(Votez pour le plus beau chien de la cte d, , Opale )_jouer")): Object: 'Object Repository/Page_Concours photo  votez pour la plus bel_494087/input_concat(Votez pour le plus beau chien de la cte d, , Opale )_jouer' is clicked on

2022-07-19 11:39:20 - [MESSAGE][PASSED] - Object: 'Object Repository/Page_Concours photo  votez pour la plus bel_494087/input_concat(Votez pour le plus beau chien de la cte d, , Opale )_jouer' is clicked on

2022-07-19 11:39:20 - [TEST_STEP][PASSED] - delay(1): Delayed 1 second(s)

2022-07-19 11:39:21 - [MESSAGE][PASSED] - Delayed 1 second(s)

2022-07-19 11:39:21 - [TEST_STEP][PASSED] - setText(findTestObject("Object Repository/Page_Concours photo  votez pour la plus bel_494087/input_trie par_keyword"), "Gaspard"): Text 'Gaspard' is set on object 'Object Repository/Page_Concours photo  votez pour la plus bel_494087/input_trie par_keyword'

2022-07-19 11:39:25 - [MESSAGE][PASSED] - Text 'Gaspard' is set on object 'Object Repository/Page_Concours photo  votez pour la plus bel_494087/input_trie par_keyword'

2022-07-19 11:39:25 - [TEST_STEP][PASSED] - sendKeys(findTestObject("Page_Concours photo  votez pour la plus bel_494087/input_trie par_keyword"), Keys.chord(ENTER)): Keys 'ENTER + ' sent to object: 'Object Repository/Page_Concours photo  votez pour la plus bel_494087/input_trie par_keyword'

2022-07-19 11:39:25 - [MESSAGE][PASSED] - Keys 'ENTER + ' sent to object: 'Object Repository/Page_Concours photo  votez pour la plus bel_494087/input_trie par_keyword'

2022-07-19 11:39:25 - [TEST_STEP][PASSED] - click(findTestObject("Page_Concours photo  votez pour la plus bel_494087/tri")): Object: 'Object Repository/Page_Concours photo  votez pour la plus bel_494087/tri' is clicked on

2022-07-19 11:39:26 - [MESSAGE][PASSED] - Object: 'Object Repository/Page_Concours photo  votez pour la plus bel_494087/tri' is clicked on

2022-07-19 11:39:26 - [TEST_STEP][PASSED] - click(findTestObject("Page_Concours photo  votez pour la plus bel_494087/plus de votes")): Object: 'Object Repository/Page_Concours photo  votez pour la plus bel_494087/plus de votes' is clicked on

2022-07-19 11:39:27 - [MESSAGE][PASSED] - Object: 'Object Repository/Page_Concours photo  votez pour la plus bel_494087/plus de votes' is clicked on

2022-07-19 11:39:28 - [TEST_STEP][PASSED] - click(findTestObject("Object Repository/Page_Concours photo  votez pour la plus bel_494087/i_Votes_fa fa-heart")): Object: 'Object Repository/Page_Concours photo  votez pour la plus bel_494087/i_Votes_fa fa-heart' is clicked on

2022-07-19 11:39:28 - [MESSAGE][PASSED] - Object: 'Object Repository/Page_Concours photo  votez pour la plus bel_494087/i_Votes_fa fa-heart' is clicked on

2022-07-19 11:39:28 - [TEST_STEP][PASSED] - delay(1): Delayed 1 second(s)

2022-07-19 11:39:29 - [MESSAGE][PASSED] - Delayed 1 second(s)

2022-07-19 11:39:29 - [TEST_STEP][PASSED] - closeBrowser(): Browser is closed

2022-07-19 11:39:30 - [MESSAGE][PASSED] - Browser is closed]]></system-out>
         <system-err><![CDATA[]]></system-err>
      </testcase>
      <testcase name="Test Cases/Vote" time="32.723" classname="Test Cases/Vote" status="PASSED">
         <system-out><![CDATA[2022-07-19 11:39:30 - [TEST_CASE][PASSED] - Test Cases/Vote: Test Cases/Vote

2022-07-19 11:39:30 - [TEST_STEP][PASSED] - openBrowser(""): Browser is opened with url: ''

2022-07-19 11:39:30 - [MESSAGE][INFO] - Starting 'Chrome' driver

2022-07-19 11:39:30 - [MESSAGE][INFO] - Action delay is set to 0 milliseconds

2022-07-19 11:39:31 - [MESSAGE][PASSED] - Browser is opened with url: ''

2022-07-19 11:39:31 - [TEST_STEP][PASSED] - navigateToUrl("https://lesechosdutouquet.nordlittoral.fr/147787/article/2022-06-30/concours-photo-montrez-nous-la-plus-belle-photo-de-votre-chien-en-promenade-sur#l5lb6r47qsmp9ur58y"): Navigate to 'https://lesechosdutouquet.nordlittoral.fr/147787/article/2022-06-30/concours-photo-montrez-nous-la-plus-belle-photo-de-votre-chien-en-promenade-sur#l5lb6r47qsmp9ur58y' successfully

2022-07-19 11:39:33 - [MESSAGE][PASSED] - Navigate to 'https://lesechosdutouquet.nordlittoral.fr/147787/article/2022-06-30/concours-photo-montrez-nous-la-plus-belle-photo-de-votre-chien-en-promenade-sur#l5lb6r47qsmp9ur58y' successfully

2022-07-19 11:39:33 - [TEST_STEP][PASSED] - setViewPortSize(1920, 1080): Viewport is set to new size with width = 1920 and height = 1080

2022-07-19 11:39:34 - [MESSAGE][PASSED] - Viewport is set to new size with width = 1920 and height = 1080

2022-07-19 11:39:34 - [TEST_STEP][PASSED] - click(findTestObject("Object Repository/Page_Concours photo  votez pour la plus bel_494087/button_Accepter  Fermer")): Object: 'Object Repository/Page_Concours photo  votez pour la plus bel_494087/button_Accepter  Fermer' is clicked on

2022-07-19 11:39:35 - [MESSAGE][PASSED] - Object: 'Object Repository/Page_Concours photo  votez pour la plus bel_494087/button_Accepter  Fermer' is clicked on

2022-07-19 11:39:35 - [TEST_STEP][PASSED] - delay(12): Delayed 12 second(s)

2022-07-19 11:39:47 - [MESSAGE][PASSED] - Delayed 12 second(s)

2022-07-19 11:39:47 - [TEST_STEP][PASSED] - click(findTestObject("Object Repository/Page_Concours photo  votez pour la plus bel_494087/a_X")): Object: 'Object Repository/Page_Concours photo  votez pour la plus bel_494087/a_X' is clicked on

2022-07-19 11:39:47 - [MESSAGE][PASSED] - Object: 'Object Repository/Page_Concours photo  votez pour la plus bel_494087/a_X' is clicked on

2022-07-19 11:39:47 - [TEST_STEP][PASSED] - delay(1): Delayed 1 second(s)

2022-07-19 11:39:48 - [MESSAGE][PASSED] - Delayed 1 second(s)

2022-07-19 11:39:48 - [TEST_STEP][PASSED] - click(findTestObject("Object Repository/Page_Concours photo  votez pour la plus bel_494087/input_concat(Votez pour le plus beau chien de la cte d, , Opale )_jouer")): Object: 'Object Repository/Page_Concours photo  votez pour la plus bel_494087/input_concat(Votez pour le plus beau chien de la cte d, , Opale )_jouer' is clicked on

2022-07-19 11:39:49 - [MESSAGE][PASSED] - Object: 'Object Repository/Page_Concours photo  votez pour la plus bel_494087/input_concat(Votez pour le plus beau chien de la cte d, , Opale )_jouer' is clicked on

2022-07-19 11:39:49 - [TEST_STEP][PASSED] - if (verifyElementPresent(findTestObject("Page_Concours photo  votez pour la plus bel_494087/input_concat(Votez pour le plus beau chien de la cte d, , Opale )_jouer"), 1, OPTIONAL)): null

2022-07-19 11:39:50 - [MESSAGE][PASSED] - Object 'Object Repository/Page_Concours photo  votez pour la plus bel_494087/input_concat(Votez pour le plus beau chien de la cte d, , Opale )_jouer' is present

2022-07-19 11:39:50 - [TEST_STEP][PASSED] - click(findTestObject("Object Repository/Page_Concours photo  votez pour la plus bel_494087/input_concat(Votez pour le plus beau chien de la cte d, , Opale )_jouer")): Object: 'Object Repository/Page_Concours photo  votez pour la plus bel_494087/input_concat(Votez pour le plus beau chien de la cte d, , Opale )_jouer' is clicked on

2022-07-19 11:39:51 - [MESSAGE][PASSED] - Object: 'Object Repository/Page_Concours photo  votez pour la plus bel_494087/input_concat(Votez pour le plus beau chien de la cte d, , Opale )_jouer' is clicked on

2022-07-19 11:39:51 - [TEST_STEP][PASSED] - delay(1): Delayed 1 second(s)

2022-07-19 11:39:52 - [MESSAGE][PASSED] - Delayed 1 second(s)

2022-07-19 11:39:52 - [TEST_STEP][PASSED] - setText(findTestObject("Object Repository/Page_Concours photo  votez pour la plus bel_494087/input_trie par_keyword"), "Gaspard"): Text 'Gaspard' is set on object 'Object Repository/Page_Concours photo  votez pour la plus bel_494087/input_trie par_keyword'

2022-07-19 11:39:54 - [MESSAGE][PASSED] - Text 'Gaspard' is set on object 'Object Repository/Page_Concours photo  votez pour la plus bel_494087/input_trie par_keyword'

2022-07-19 11:39:54 - [TEST_STEP][PASSED] - sendKeys(findTestObject("Page_Concours photo  votez pour la plus bel_494087/input_trie par_keyword"), Keys.chord(ENTER)): Keys 'ENTER + ' sent to object: 'Object Repository/Page_Concours photo  votez pour la plus bel_494087/input_trie par_keyword'

2022-07-19 11:39:58 - [MESSAGE][PASSED] - Keys 'ENTER + ' sent to object: 'Object Repository/Page_Concours photo  votez pour la plus bel_494087/input_trie par_keyword'

2022-07-19 11:39:58 - [TEST_STEP][PASSED] - click(findTestObject("Page_Concours photo  votez pour la plus bel_494087/tri")): Object: 'Object Repository/Page_Concours photo  votez pour la plus bel_494087/tri' is clicked on

2022-07-19 11:39:59 - [MESSAGE][PASSED] - Object: 'Object Repository/Page_Concours photo  votez pour la plus bel_494087/tri' is clicked on

2022-07-19 11:39:59 - [TEST_STEP][PASSED] - click(findTestObject("Page_Concours photo  votez pour la plus bel_494087/plus de votes")): Object: 'Object Repository/Page_Concours photo  votez pour la plus bel_494087/plus de votes' is clicked on

2022-07-19 11:39:59 - [MESSAGE][PASSED] - Object: 'Object Repository/Page_Concours photo  votez pour la plus bel_494087/plus de votes' is clicked on

2022-07-19 11:40:01 - [TEST_STEP][PASSED] - click(findTestObject("Object Repository/Page_Concours photo  votez pour la plus bel_494087/i_Votes_fa fa-heart")): Object: 'Object Repository/Page_Concours photo  votez pour la plus bel_494087/i_Votes_fa fa-heart' is clicked on

2022-07-19 11:40:01 - [MESSAGE][PASSED] - Object: 'Object Repository/Page_Concours photo  votez pour la plus bel_494087/i_Votes_fa fa-heart' is clicked on

2022-07-19 11:40:01 - [TEST_STEP][PASSED] - delay(1): Delayed 1 second(s)

2022-07-19 11:40:02 - [MESSAGE][PASSED] - Delayed 1 second(s)

2022-07-19 11:40:02 - [TEST_STEP][PASSED] - closeBrowser(): Browser is closed

2022-07-19 11:40:03 - [MESSAGE][PASSED] - Browser is closed]]></system-out>
         <system-err><![CDATA[]]></system-err>
      </testcase>
      <testcase name="Test Cases/Vote" time="32.976" classname="Test Cases/Vote" status="PASSED">
         <system-out><![CDATA[2022-07-19 11:40:03 - [TEST_CASE][PASSED] - Test Cases/Vote: Test Cases/Vote

2022-07-19 11:40:03 - [TEST_STEP][PASSED] - openBrowser(""): Browser is opened with url: ''

2022-07-19 11:40:03 - [MESSAGE][INFO] - Starting 'Chrome' driver

2022-07-19 11:40:03 - [MESSAGE][INFO] - Action delay is set to 0 milliseconds

2022-07-19 11:40:04 - [MESSAGE][PASSED] - Browser is opened with url: ''

2022-07-19 11:40:04 - [TEST_STEP][PASSED] - navigateToUrl("https://lesechosdutouquet.nordlittoral.fr/147787/article/2022-06-30/concours-photo-montrez-nous-la-plus-belle-photo-de-votre-chien-en-promenade-sur#l5lb6r47qsmp9ur58y"): Navigate to 'https://lesechosdutouquet.nordlittoral.fr/147787/article/2022-06-30/concours-photo-montrez-nous-la-plus-belle-photo-de-votre-chien-en-promenade-sur#l5lb6r47qsmp9ur58y' successfully

2022-07-19 11:40:11 - [MESSAGE][PASSED] - Navigate to 'https://lesechosdutouquet.nordlittoral.fr/147787/article/2022-06-30/concours-photo-montrez-nous-la-plus-belle-photo-de-votre-chien-en-promenade-sur#l5lb6r47qsmp9ur58y' successfully

2022-07-19 11:40:11 - [TEST_STEP][PASSED] - setViewPortSize(1920, 1080): Viewport is set to new size with width = 1920 and height = 1080

2022-07-19 11:40:11 - [MESSAGE][PASSED] - Viewport is set to new size with width = 1920 and height = 1080

2022-07-19 11:40:11 - [TEST_STEP][PASSED] - click(findTestObject("Object Repository/Page_Concours photo  votez pour la plus bel_494087/button_Accepter  Fermer")): Object: 'Object Repository/Page_Concours photo  votez pour la plus bel_494087/button_Accepter  Fermer' is clicked on

2022-07-19 11:40:12 - [MESSAGE][PASSED] - Object: 'Object Repository/Page_Concours photo  votez pour la plus bel_494087/button_Accepter  Fermer' is clicked on

2022-07-19 11:40:12 - [TEST_STEP][PASSED] - delay(12): Delayed 12 second(s)

2022-07-19 11:40:24 - [MESSAGE][PASSED] - Delayed 12 second(s)

2022-07-19 11:40:24 - [TEST_STEP][PASSED] - click(findTestObject("Object Repository/Page_Concours photo  votez pour la plus bel_494087/a_X")): Object: 'Object Repository/Page_Concours photo  votez pour la plus bel_494087/a_X' is clicked on

2022-07-19 11:40:25 - [MESSAGE][PASSED] - Object: 'Object Repository/Page_Concours photo  votez pour la plus bel_494087/a_X' is clicked on

2022-07-19 11:40:25 - [TEST_STEP][PASSED] - delay(1): Delayed 1 second(s)

2022-07-19 11:40:26 - [MESSAGE][PASSED] - Delayed 1 second(s)

2022-07-19 11:40:26 - [TEST_STEP][PASSED] - click(findTestObject("Object Repository/Page_Concours photo  votez pour la plus bel_494087/input_concat(Votez pour le plus beau chien de la cte d, , Opale )_jouer")): Object: 'Object Repository/Page_Concours photo  votez pour la plus bel_494087/input_concat(Votez pour le plus beau chien de la cte d, , Opale )_jouer' is clicked on

2022-07-19 11:40:26 - [MESSAGE][PASSED] - Object: 'Object Repository/Page_Concours photo  votez pour la plus bel_494087/input_concat(Votez pour le plus beau chien de la cte d, , Opale )_jouer' is clicked on

2022-07-19 11:40:27 - [TEST_STEP][PASSED] - if (verifyElementPresent(findTestObject("Page_Concours photo  votez pour la plus bel_494087/input_concat(Votez pour le plus beau chien de la cte d, , Opale )_jouer"), 1, OPTIONAL)): null

2022-07-19 11:40:28 - [MESSAGE][PASSED] - Object 'Object Repository/Page_Concours photo  votez pour la plus bel_494087/input_concat(Votez pour le plus beau chien de la cte d, , Opale )_jouer' is present

2022-07-19 11:40:28 - [TEST_STEP][PASSED] - click(findTestObject("Object Repository/Page_Concours photo  votez pour la plus bel_494087/input_concat(Votez pour le plus beau chien de la cte d, , Opale )_jouer")): Object: 'Object Repository/Page_Concours photo  votez pour la plus bel_494087/input_concat(Votez pour le plus beau chien de la cte d, , Opale )_jouer' is clicked on

2022-07-19 11:40:28 - [MESSAGE][PASSED] - Object: 'Object Repository/Page_Concours photo  votez pour la plus bel_494087/input_concat(Votez pour le plus beau chien de la cte d, , Opale )_jouer' is clicked on

2022-07-19 11:40:28 - [TEST_STEP][PASSED] - delay(1): Delayed 1 second(s)

2022-07-19 11:40:29 - [MESSAGE][PASSED] - Delayed 1 second(s)

2022-07-19 11:40:29 - [TEST_STEP][PASSED] - setText(findTestObject("Object Repository/Page_Concours photo  votez pour la plus bel_494087/input_trie par_keyword"), "Gaspard"): Text 'Gaspard' is set on object 'Object Repository/Page_Concours photo  votez pour la plus bel_494087/input_trie par_keyword'

2022-07-19 11:40:30 - [MESSAGE][PASSED] - Text 'Gaspard' is set on object 'Object Repository/Page_Concours photo  votez pour la plus bel_494087/input_trie par_keyword'

2022-07-19 11:40:30 - [TEST_STEP][PASSED] - sendKeys(findTestObject("Page_Concours photo  votez pour la plus bel_494087/input_trie par_keyword"), Keys.chord(ENTER)): Keys 'ENTER + ' sent to object: 'Object Repository/Page_Concours photo  votez pour la plus bel_494087/input_trie par_keyword'

2022-07-19 11:40:32 - [MESSAGE][PASSED] - Keys 'ENTER + ' sent to object: 'Object Repository/Page_Concours photo  votez pour la plus bel_494087/input_trie par_keyword'

2022-07-19 11:40:32 - [TEST_STEP][PASSED] - click(findTestObject("Page_Concours photo  votez pour la plus bel_494087/tri")): Object: 'Object Repository/Page_Concours photo  votez pour la plus bel_494087/tri' is clicked on

2022-07-19 11:40:32 - [MESSAGE][PASSED] - Object: 'Object Repository/Page_Concours photo  votez pour la plus bel_494087/tri' is clicked on

2022-07-19 11:40:32 - [TEST_STEP][PASSED] - click(findTestObject("Page_Concours photo  votez pour la plus bel_494087/plus de votes")): Object: 'Object Repository/Page_Concours photo  votez pour la plus bel_494087/plus de votes' is clicked on

2022-07-19 11:40:33 - [MESSAGE][PASSED] - Object: 'Object Repository/Page_Concours photo  votez pour la plus bel_494087/plus de votes' is clicked on

2022-07-19 11:40:33 - [TEST_STEP][PASSED] - click(findTestObject("Object Repository/Page_Concours photo  votez pour la plus bel_494087/i_Votes_fa fa-heart")): Object: 'Object Repository/Page_Concours photo  votez pour la plus bel_494087/i_Votes_fa fa-heart' is clicked on

2022-07-19 11:40:34 - [MESSAGE][PASSED] - Object: 'Object Repository/Page_Concours photo  votez pour la plus bel_494087/i_Votes_fa fa-heart' is clicked on

2022-07-19 11:40:34 - [TEST_STEP][PASSED] - delay(1): Delayed 1 second(s)

2022-07-19 11:40:35 - [MESSAGE][PASSED] - Delayed 1 second(s)

2022-07-19 11:40:35 - [TEST_STEP][PASSED] - closeBrowser(): Browser is closed

2022-07-19 11:40:35 - [MESSAGE][PASSED] - Browser is closed]]></system-out>
         <system-err><![CDATA[]]></system-err>
      </testcase>
      <testcase name="Test Cases/Vote" time="32.773" classname="Test Cases/Vote" status="PASSED">
         <system-out><![CDATA[2022-07-19 11:40:35 - [TEST_CASE][PASSED] - Test Cases/Vote: Test Cases/Vote

2022-07-19 11:40:35 - [TEST_STEP][PASSED] - openBrowser(""): Browser is opened with url: ''

2022-07-19 11:40:36 - [MESSAGE][INFO] - Starting 'Chrome' driver

2022-07-19 11:40:36 - [MESSAGE][INFO] - Action delay is set to 0 milliseconds

2022-07-19 11:40:37 - [MESSAGE][PASSED] - Browser is opened with url: ''

2022-07-19 11:40:37 - [TEST_STEP][PASSED] - navigateToUrl("https://lesechosdutouquet.nordlittoral.fr/147787/article/2022-06-30/concours-photo-montrez-nous-la-plus-belle-photo-de-votre-chien-en-promenade-sur#l5lb6r47qsmp9ur58y"): Navigate to 'https://lesechosdutouquet.nordlittoral.fr/147787/article/2022-06-30/concours-photo-montrez-nous-la-plus-belle-photo-de-votre-chien-en-promenade-sur#l5lb6r47qsmp9ur58y' successfully

2022-07-19 11:40:39 - [MESSAGE][PASSED] - Navigate to 'https://lesechosdutouquet.nordlittoral.fr/147787/article/2022-06-30/concours-photo-montrez-nous-la-plus-belle-photo-de-votre-chien-en-promenade-sur#l5lb6r47qsmp9ur58y' successfully

2022-07-19 11:40:39 - [TEST_STEP][PASSED] - setViewPortSize(1920, 1080): Viewport is set to new size with width = 1920 and height = 1080

2022-07-19 11:40:39 - [MESSAGE][PASSED] - Viewport is set to new size with width = 1920 and height = 1080

2022-07-19 11:40:39 - [TEST_STEP][PASSED] - click(findTestObject("Object Repository/Page_Concours photo  votez pour la plus bel_494087/button_Accepter  Fermer")): Object: 'Object Repository/Page_Concours photo  votez pour la plus bel_494087/button_Accepter  Fermer' is clicked on

2022-07-19 11:40:44 - [MESSAGE][PASSED] - Object: 'Object Repository/Page_Concours photo  votez pour la plus bel_494087/button_Accepter  Fermer' is clicked on

2022-07-19 11:40:44 - [TEST_STEP][PASSED] - delay(12): Delayed 12 second(s)

2022-07-19 11:40:56 - [MESSAGE][PASSED] - Delayed 12 second(s)

2022-07-19 11:40:56 - [TEST_STEP][PASSED] - click(findTestObject("Object Repository/Page_Concours photo  votez pour la plus bel_494087/a_X")): Object: 'Object Repository/Page_Concours photo  votez pour la plus bel_494087/a_X' is clicked on

2022-07-19 11:40:56 - [MESSAGE][PASSED] - Object: 'Object Repository/Page_Concours photo  votez pour la plus bel_494087/a_X' is clicked on

2022-07-19 11:40:56 - [TEST_STEP][PASSED] - delay(1): Delayed 1 second(s)

2022-07-19 11:40:57 - [MESSAGE][PASSED] - Delayed 1 second(s)

2022-07-19 11:40:57 - [TEST_STEP][PASSED] - click(findTestObject("Object Repository/Page_Concours photo  votez pour la plus bel_494087/input_concat(Votez pour le plus beau chien de la cte d, , Opale )_jouer")): Object: 'Object Repository/Page_Concours photo  votez pour la plus bel_494087/input_concat(Votez pour le plus beau chien de la cte d, , Opale )_jouer' is clicked on

2022-07-19 11:40:58 - [MESSAGE][PASSED] - Object: 'Object Repository/Page_Concours photo  votez pour la plus bel_494087/input_concat(Votez pour le plus beau chien de la cte d, , Opale )_jouer' is clicked on

2022-07-19 11:40:58 - [TEST_STEP][PASSED] - if (verifyElementPresent(findTestObject("Page_Concours photo  votez pour la plus bel_494087/input_concat(Votez pour le plus beau chien de la cte d, , Opale )_jouer"), 1, OPTIONAL)): null

2022-07-19 11:40:59 - [MESSAGE][PASSED] - Object 'Object Repository/Page_Concours photo  votez pour la plus bel_494087/input_concat(Votez pour le plus beau chien de la cte d, , Opale )_jouer' is present

2022-07-19 11:40:59 - [TEST_STEP][PASSED] - click(findTestObject("Object Repository/Page_Concours photo  votez pour la plus bel_494087/input_concat(Votez pour le plus beau chien de la cte d, , Opale )_jouer")): Object: 'Object Repository/Page_Concours photo  votez pour la plus bel_494087/input_concat(Votez pour le plus beau chien de la cte d, , Opale )_jouer' is clicked on

2022-07-19 11:40:59 - [MESSAGE][PASSED] - Object: 'Object Repository/Page_Concours photo  votez pour la plus bel_494087/input_concat(Votez pour le plus beau chien de la cte d, , Opale )_jouer' is clicked on

2022-07-19 11:40:59 - [TEST_STEP][PASSED] - delay(1): Delayed 1 second(s)

2022-07-19 11:41:00 - [MESSAGE][PASSED] - Delayed 1 second(s)

2022-07-19 11:41:00 - [TEST_STEP][PASSED] - setText(findTestObject("Object Repository/Page_Concours photo  votez pour la plus bel_494087/input_trie par_keyword"), "Gaspard"): Text 'Gaspard' is set on object 'Object Repository/Page_Concours photo  votez pour la plus bel_494087/input_trie par_keyword'

2022-07-19 11:41:03 - [MESSAGE][PASSED] - Text 'Gaspard' is set on object 'Object Repository/Page_Concours photo  votez pour la plus bel_494087/input_trie par_keyword'

2022-07-19 11:41:03 - [TEST_STEP][PASSED] - sendKeys(findTestObject("Page_Concours photo  votez pour la plus bel_494087/input_trie par_keyword"), Keys.chord(ENTER)): Keys 'ENTER + ' sent to object: 'Object Repository/Page_Concours photo  votez pour la plus bel_494087/input_trie par_keyword'

2022-07-19 11:41:04 - [MESSAGE][PASSED] - Keys 'ENTER + ' sent to object: 'Object Repository/Page_Concours photo  votez pour la plus bel_494087/input_trie par_keyword'

2022-07-19 11:41:04 - [TEST_STEP][PASSED] - click(findTestObject("Page_Concours photo  votez pour la plus bel_494087/tri")): Object: 'Object Repository/Page_Concours photo  votez pour la plus bel_494087/tri' is clicked on

2022-07-19 11:41:05 - [MESSAGE][PASSED] - Object: 'Object Repository/Page_Concours photo  votez pour la plus bel_494087/tri' is clicked on

2022-07-19 11:41:05 - [TEST_STEP][PASSED] - click(findTestObject("Page_Concours photo  votez pour la plus bel_494087/plus de votes")): Object: 'Object Repository/Page_Concours photo  votez pour la plus bel_494087/plus de votes' is clicked on

2022-07-19 11:41:06 - [MESSAGE][PASSED] - Object: 'Object Repository/Page_Concours photo  votez pour la plus bel_494087/plus de votes' is clicked on

2022-07-19 11:41:06 - [TEST_STEP][PASSED] - click(findTestObject("Object Repository/Page_Concours photo  votez pour la plus bel_494087/i_Votes_fa fa-heart")): Object: 'Object Repository/Page_Concours photo  votez pour la plus bel_494087/i_Votes_fa fa-heart' is clicked on

2022-07-19 11:41:07 - [MESSAGE][PASSED] - Object: 'Object Repository/Page_Concours photo  votez pour la plus bel_494087/i_Votes_fa fa-heart' is clicked on

2022-07-19 11:41:07 - [TEST_STEP][PASSED] - delay(1): Delayed 1 second(s)

2022-07-19 11:41:08 - [MESSAGE][PASSED] - Delayed 1 second(s)

2022-07-19 11:41:08 - [TEST_STEP][PASSED] - closeBrowser(): Browser is closed

2022-07-19 11:41:08 - [MESSAGE][PASSED] - Browser is closed]]></system-out>
         <system-err><![CDATA[]]></system-err>
      </testcase>
      <testcase name="Test Cases/Vote" time="30.262" classname="Test Cases/Vote" status="PASSED">
         <system-out><![CDATA[2022-07-19 11:41:08 - [TEST_CASE][PASSED] - Test Cases/Vote: Test Cases/Vote

2022-07-19 11:41:08 - [TEST_STEP][PASSED] - openBrowser(""): Browser is opened with url: ''

2022-07-19 11:41:08 - [MESSAGE][INFO] - Starting 'Chrome' driver

2022-07-19 11:41:08 - [MESSAGE][INFO] - Action delay is set to 0 milliseconds

2022-07-19 11:41:09 - [MESSAGE][PASSED] - Browser is opened with url: ''

2022-07-19 11:41:09 - [TEST_STEP][PASSED] - navigateToUrl("https://lesechosdutouquet.nordlittoral.fr/147787/article/2022-06-30/concours-photo-montrez-nous-la-plus-belle-photo-de-votre-chien-en-promenade-sur#l5lb6r47qsmp9ur58y"): Navigate to 'https://lesechosdutouquet.nordlittoral.fr/147787/article/2022-06-30/concours-photo-montrez-nous-la-plus-belle-photo-de-votre-chien-en-promenade-sur#l5lb6r47qsmp9ur58y' successfully

2022-07-19 11:41:12 - [MESSAGE][PASSED] - Navigate to 'https://lesechosdutouquet.nordlittoral.fr/147787/article/2022-06-30/concours-photo-montrez-nous-la-plus-belle-photo-de-votre-chien-en-promenade-sur#l5lb6r47qsmp9ur58y' successfully

2022-07-19 11:41:12 - [TEST_STEP][PASSED] - setViewPortSize(1920, 1080): Viewport is set to new size with width = 1920 and height = 1080

2022-07-19 11:41:12 - [MESSAGE][PASSED] - Viewport is set to new size with width = 1920 and height = 1080

2022-07-19 11:41:12 - [TEST_STEP][PASSED] - click(findTestObject("Object Repository/Page_Concours photo  votez pour la plus bel_494087/button_Accepter  Fermer")): Object: 'Object Repository/Page_Concours photo  votez pour la plus bel_494087/button_Accepter  Fermer' is clicked on

2022-07-19 11:41:14 - [MESSAGE][PASSED] - Object: 'Object Repository/Page_Concours photo  votez pour la plus bel_494087/button_Accepter  Fermer' is clicked on

2022-07-19 11:41:14 - [TEST_STEP][PASSED] - delay(12): Delayed 12 second(s)

2022-07-19 11:41:26 - [MESSAGE][PASSED] - Delayed 12 second(s)

2022-07-19 11:41:26 - [TEST_STEP][PASSED] - click(findTestObject("Object Repository/Page_Concours photo  votez pour la plus bel_494087/a_X")): Object: 'Object Repository/Page_Concours photo  votez pour la plus bel_494087/a_X' is clicked on

2022-07-19 11:41:26 - [MESSAGE][PASSED] - Object: 'Object Repository/Page_Concours photo  votez pour la plus bel_494087/a_X' is clicked on

2022-07-19 11:41:26 - [TEST_STEP][PASSED] - delay(1): Delayed 1 second(s)

2022-07-19 11:41:27 - [MESSAGE][PASSED] - Delayed 1 second(s)

2022-07-19 11:41:27 - [TEST_STEP][PASSED] - click(findTestObject("Object Repository/Page_Concours photo  votez pour la plus bel_494087/input_concat(Votez pour le plus beau chien de la cte d, , Opale )_jouer")): Object: 'Object Repository/Page_Concours photo  votez pour la plus bel_494087/input_concat(Votez pour le plus beau chien de la cte d, , Opale )_jouer' is clicked on

2022-07-19 11:41:28 - [MESSAGE][PASSED] - Object: 'Object Repository/Page_Concours photo  votez pour la plus bel_494087/input_concat(Votez pour le plus beau chien de la cte d, , Opale )_jouer' is clicked on

2022-07-19 11:41:28 - [TEST_STEP][PASSED] - if (verifyElementPresent(findTestObject("Page_Concours photo  votez pour la plus bel_494087/input_concat(Votez pour le plus beau chien de la cte d, , Opale )_jouer"), 1, OPTIONAL)): null

2022-07-19 11:41:29 - [MESSAGE][PASSED] - Object 'Object Repository/Page_Concours photo  votez pour la plus bel_494087/input_concat(Votez pour le plus beau chien de la cte d, , Opale )_jouer' is present

2022-07-19 11:41:29 - [TEST_STEP][PASSED] - click(findTestObject("Object Repository/Page_Concours photo  votez pour la plus bel_494087/input_concat(Votez pour le plus beau chien de la cte d, , Opale )_jouer")): Object: 'Object Repository/Page_Concours photo  votez pour la plus bel_494087/input_concat(Votez pour le plus beau chien de la cte d, , Opale )_jouer' is clicked on

2022-07-19 11:41:30 - [MESSAGE][PASSED] - Object: 'Object Repository/Page_Concours photo  votez pour la plus bel_494087/input_concat(Votez pour le plus beau chien de la cte d, , Opale )_jouer' is clicked on

2022-07-19 11:41:30 - [TEST_STEP][PASSED] - delay(1): Delayed 1 second(s)

2022-07-19 11:41:31 - [MESSAGE][PASSED] - Delayed 1 second(s)

2022-07-19 11:41:31 - [TEST_STEP][PASSED] - setText(findTestObject("Object Repository/Page_Concours photo  votez pour la plus bel_494087/input_trie par_keyword"), "Gaspard"): Text 'Gaspard' is set on object 'Object Repository/Page_Concours photo  votez pour la plus bel_494087/input_trie par_keyword'

2022-07-19 11:41:34 - [MESSAGE][PASSED] - Text 'Gaspard' is set on object 'Object Repository/Page_Concours photo  votez pour la plus bel_494087/input_trie par_keyword'

2022-07-19 11:41:34 - [TEST_STEP][PASSED] - sendKeys(findTestObject("Page_Concours photo  votez pour la plus bel_494087/input_trie par_keyword"), Keys.chord(ENTER)): Keys 'ENTER + ' sent to object: 'Object Repository/Page_Concours photo  votez pour la plus bel_494087/input_trie par_keyword'

2022-07-19 11:41:35 - [MESSAGE][PASSED] - Keys 'ENTER + ' sent to object: 'Object Repository/Page_Concours photo  votez pour la plus bel_494087/input_trie par_keyword'

2022-07-19 11:41:35 - [TEST_STEP][PASSED] - click(findTestObject("Page_Concours photo  votez pour la plus bel_494087/tri")): Object: 'Object Repository/Page_Concours photo  votez pour la plus bel_494087/tri' is clicked on

2022-07-19 11:41:36 - [MESSAGE][PASSED] - Object: 'Object Repository/Page_Concours photo  votez pour la plus bel_494087/tri' is clicked on

2022-07-19 11:41:36 - [TEST_STEP][PASSED] - click(findTestObject("Page_Concours photo  votez pour la plus bel_494087/plus de votes")): Object: 'Object Repository/Page_Concours photo  votez pour la plus bel_494087/plus de votes' is clicked on

2022-07-19 11:41:36 - [MESSAGE][PASSED] - Object: 'Object Repository/Page_Concours photo  votez pour la plus bel_494087/plus de votes' is clicked on

2022-07-19 11:41:36 - [TEST_STEP][PASSED] - click(findTestObject("Object Repository/Page_Concours photo  votez pour la plus bel_494087/i_Votes_fa fa-heart")): Object: 'Object Repository/Page_Concours photo  votez pour la plus bel_494087/i_Votes_fa fa-heart' is clicked on

2022-07-19 11:41:37 - [MESSAGE][PASSED] - Object: 'Object Repository/Page_Concours photo  votez pour la plus bel_494087/i_Votes_fa fa-heart' is clicked on

2022-07-19 11:41:37 - [TEST_STEP][PASSED] - delay(1): Delayed 1 second(s)

2022-07-19 11:41:38 - [MESSAGE][PASSED] - Delayed 1 second(s)

2022-07-19 11:41:38 - [TEST_STEP][PASSED] - closeBrowser(): Browser is closed

2022-07-19 11:41:39 - [MESSAGE][PASSED] - Browser is closed]]></system-out>
         <system-err><![CDATA[]]></system-err>
      </testcase>
      <testcase name="Test Cases/Vote" time="32.214" classname="Test Cases/Vote" status="PASSED">
         <system-out><![CDATA[2022-07-19 11:41:39 - [TEST_CASE][PASSED] - Test Cases/Vote: Test Cases/Vote

2022-07-19 11:41:39 - [TEST_STEP][PASSED] - openBrowser(""): Browser is opened with url: ''

2022-07-19 11:41:39 - [MESSAGE][INFO] - Starting 'Chrome' driver

2022-07-19 11:41:39 - [MESSAGE][INFO] - Action delay is set to 0 milliseconds

2022-07-19 11:41:40 - [MESSAGE][PASSED] - Browser is opened with url: ''

2022-07-19 11:41:40 - [TEST_STEP][PASSED] - navigateToUrl("https://lesechosdutouquet.nordlittoral.fr/147787/article/2022-06-30/concours-photo-montrez-nous-la-plus-belle-photo-de-votre-chien-en-promenade-sur#l5lb6r47qsmp9ur58y"): Navigate to 'https://lesechosdutouquet.nordlittoral.fr/147787/article/2022-06-30/concours-photo-montrez-nous-la-plus-belle-photo-de-votre-chien-en-promenade-sur#l5lb6r47qsmp9ur58y' successfully

2022-07-19 11:41:43 - [MESSAGE][PASSED] - Navigate to 'https://lesechosdutouquet.nordlittoral.fr/147787/article/2022-06-30/concours-photo-montrez-nous-la-plus-belle-photo-de-votre-chien-en-promenade-sur#l5lb6r47qsmp9ur58y' successfully

2022-07-19 11:41:43 - [TEST_STEP][PASSED] - setViewPortSize(1920, 1080): Viewport is set to new size with width = 1920 and height = 1080

2022-07-19 11:41:43 - [MESSAGE][PASSED] - Viewport is set to new size with width = 1920 and height = 1080

2022-07-19 11:41:43 - [TEST_STEP][PASSED] - click(findTestObject("Object Repository/Page_Concours photo  votez pour la plus bel_494087/button_Accepter  Fermer")): Object: 'Object Repository/Page_Concours photo  votez pour la plus bel_494087/button_Accepter  Fermer' is clicked on

2022-07-19 11:41:44 - [MESSAGE][PASSED] - Object: 'Object Repository/Page_Concours photo  votez pour la plus bel_494087/button_Accepter  Fermer' is clicked on

2022-07-19 11:41:44 - [TEST_STEP][PASSED] - delay(12): Delayed 12 second(s)

2022-07-19 11:41:56 - [MESSAGE][PASSED] - Delayed 12 second(s)

2022-07-19 11:41:56 - [TEST_STEP][PASSED] - click(findTestObject("Object Repository/Page_Concours photo  votez pour la plus bel_494087/a_X")): Object: 'Object Repository/Page_Concours photo  votez pour la plus bel_494087/a_X' is clicked on

2022-07-19 11:41:57 - [MESSAGE][PASSED] - Object: 'Object Repository/Page_Concours photo  votez pour la plus bel_494087/a_X' is clicked on

2022-07-19 11:41:57 - [TEST_STEP][PASSED] - delay(1): Delayed 1 second(s)

2022-07-19 11:41:58 - [MESSAGE][PASSED] - Delayed 1 second(s)

2022-07-19 11:41:58 - [TEST_STEP][PASSED] - click(findTestObject("Object Repository/Page_Concours photo  votez pour la plus bel_494087/input_concat(Votez pour le plus beau chien de la cte d, , Opale )_jouer")): Object: 'Object Repository/Page_Concours photo  votez pour la plus bel_494087/input_concat(Votez pour le plus beau chien de la cte d, , Opale )_jouer' is clicked on

2022-07-19 11:41:58 - [MESSAGE][PASSED] - Object: 'Object Repository/Page_Concours photo  votez pour la plus bel_494087/input_concat(Votez pour le plus beau chien de la cte d, , Opale )_jouer' is clicked on

2022-07-19 11:41:58 - [TEST_STEP][PASSED] - if (verifyElementPresent(findTestObject("Page_Concours photo  votez pour la plus bel_494087/input_concat(Votez pour le plus beau chien de la cte d, , Opale )_jouer"), 1, OPTIONAL)): null

2022-07-19 11:42:00 - [MESSAGE][PASSED] - Object 'Object Repository/Page_Concours photo  votez pour la plus bel_494087/input_concat(Votez pour le plus beau chien de la cte d, , Opale )_jouer' is present

2022-07-19 11:42:00 - [TEST_STEP][PASSED] - click(findTestObject("Object Repository/Page_Concours photo  votez pour la plus bel_494087/input_concat(Votez pour le plus beau chien de la cte d, , Opale )_jouer")): Object: 'Object Repository/Page_Concours photo  votez pour la plus bel_494087/input_concat(Votez pour le plus beau chien de la cte d, , Opale )_jouer' is clicked on

2022-07-19 11:42:00 - [MESSAGE][PASSED] - Object: 'Object Repository/Page_Concours photo  votez pour la plus bel_494087/input_concat(Votez pour le plus beau chien de la cte d, , Opale )_jouer' is clicked on

2022-07-19 11:42:00 - [TEST_STEP][PASSED] - delay(1): Delayed 1 second(s)

2022-07-19 11:42:01 - [MESSAGE][PASSED] - Delayed 1 second(s)

2022-07-19 11:42:01 - [TEST_STEP][PASSED] - setText(findTestObject("Object Repository/Page_Concours photo  votez pour la plus bel_494087/input_trie par_keyword"), "Gaspard"): Text 'Gaspard' is set on object 'Object Repository/Page_Concours photo  votez pour la plus bel_494087/input_trie par_keyword'

2022-07-19 11:42:05 - [MESSAGE][PASSED] - Text 'Gaspard' is set on object 'Object Repository/Page_Concours photo  votez pour la plus bel_494087/input_trie par_keyword'

2022-07-19 11:42:05 - [TEST_STEP][PASSED] - sendKeys(findTestObject("Page_Concours photo  votez pour la plus bel_494087/input_trie par_keyword"), Keys.chord(ENTER)): Keys 'ENTER + ' sent to object: 'Object Repository/Page_Concours photo  votez pour la plus bel_494087/input_trie par_keyword'

2022-07-19 11:42:05 - [MESSAGE][PASSED] - Keys 'ENTER + ' sent to object: 'Object Repository/Page_Concours photo  votez pour la plus bel_494087/input_trie par_keyword'

2022-07-19 11:42:05 - [TEST_STEP][PASSED] - click(findTestObject("Page_Concours photo  votez pour la plus bel_494087/tri")): Object: 'Object Repository/Page_Concours photo  votez pour la plus bel_494087/tri' is clicked on

2022-07-19 11:42:07 - [MESSAGE][PASSED] - Object: 'Object Repository/Page_Concours photo  votez pour la plus bel_494087/tri' is clicked on

2022-07-19 11:42:07 - [TEST_STEP][PASSED] - click(findTestObject("Page_Concours photo  votez pour la plus bel_494087/plus de votes")): Object: 'Object Repository/Page_Concours photo  votez pour la plus bel_494087/plus de votes' is clicked on

2022-07-19 11:42:07 - [MESSAGE][PASSED] - Object: 'Object Repository/Page_Concours photo  votez pour la plus bel_494087/plus de votes' is clicked on

2022-07-19 11:42:09 - [TEST_STEP][PASSED] - click(findTestObject("Object Repository/Page_Concours photo  votez pour la plus bel_494087/i_Votes_fa fa-heart")): Object: 'Object Repository/Page_Concours photo  votez pour la plus bel_494087/i_Votes_fa fa-heart' is clicked on

2022-07-19 11:42:09 - [MESSAGE][PASSED] - Object: 'Object Repository/Page_Concours photo  votez pour la plus bel_494087/i_Votes_fa fa-heart' is clicked on

2022-07-19 11:42:09 - [TEST_STEP][PASSED] - delay(1): Delayed 1 second(s)

2022-07-19 11:42:10 - [MESSAGE][PASSED] - Delayed 1 second(s)

2022-07-19 11:42:10 - [TEST_STEP][PASSED] - closeBrowser(): Browser is closed

2022-07-19 11:42:11 - [MESSAGE][PASSED] - Browser is closed]]></system-out>
         <system-err><![CDATA[]]></system-err>
      </testcase>
      <testcase name="Test Cases/Vote" time="30.335" classname="Test Cases/Vote" status="PASSED">
         <system-out><![CDATA[2022-07-19 11:42:11 - [TEST_CASE][PASSED] - Test Cases/Vote: Test Cases/Vote

2022-07-19 11:42:11 - [TEST_STEP][PASSED] - openBrowser(""): Browser is opened with url: ''

2022-07-19 11:42:11 - [MESSAGE][INFO] - Starting 'Chrome' driver

2022-07-19 11:42:11 - [MESSAGE][INFO] - Action delay is set to 0 milliseconds

2022-07-19 11:42:12 - [MESSAGE][PASSED] - Browser is opened with url: ''

2022-07-19 11:42:12 - [TEST_STEP][PASSED] - navigateToUrl("https://lesechosdutouquet.nordlittoral.fr/147787/article/2022-06-30/concours-photo-montrez-nous-la-plus-belle-photo-de-votre-chien-en-promenade-sur#l5lb6r47qsmp9ur58y"): Navigate to 'https://lesechosdutouquet.nordlittoral.fr/147787/article/2022-06-30/concours-photo-montrez-nous-la-plus-belle-photo-de-votre-chien-en-promenade-sur#l5lb6r47qsmp9ur58y' successfully

2022-07-19 11:42:15 - [MESSAGE][PASSED] - Navigate to 'https://lesechosdutouquet.nordlittoral.fr/147787/article/2022-06-30/concours-photo-montrez-nous-la-plus-belle-photo-de-votre-chien-en-promenade-sur#l5lb6r47qsmp9ur58y' successfully

2022-07-19 11:42:15 - [TEST_STEP][PASSED] - setViewPortSize(1920, 1080): Viewport is set to new size with width = 1920 and height = 1080

2022-07-19 11:42:15 - [MESSAGE][PASSED] - Viewport is set to new size with width = 1920 and height = 1080

2022-07-19 11:42:15 - [TEST_STEP][PASSED] - click(findTestObject("Object Repository/Page_Concours photo  votez pour la plus bel_494087/button_Accepter  Fermer")): Object: 'Object Repository/Page_Concours photo  votez pour la plus bel_494087/button_Accepter  Fermer' is clicked on

2022-07-19 11:42:16 - [MESSAGE][PASSED] - Object: 'Object Repository/Page_Concours photo  votez pour la plus bel_494087/button_Accepter  Fermer' is clicked on

2022-07-19 11:42:16 - [TEST_STEP][PASSED] - delay(12): Delayed 12 second(s)

2022-07-19 11:42:28 - [MESSAGE][PASSED] - Delayed 12 second(s)

2022-07-19 11:42:28 - [TEST_STEP][PASSED] - click(findTestObject("Object Repository/Page_Concours photo  votez pour la plus bel_494087/a_X")): Object: 'Object Repository/Page_Concours photo  votez pour la plus bel_494087/a_X' is clicked on

2022-07-19 11:42:28 - [MESSAGE][PASSED] - Object: 'Object Repository/Page_Concours photo  votez pour la plus bel_494087/a_X' is clicked on

2022-07-19 11:42:28 - [TEST_STEP][PASSED] - delay(1): Delayed 1 second(s)

2022-07-19 11:42:29 - [MESSAGE][PASSED] - Delayed 1 second(s)

2022-07-19 11:42:29 - [TEST_STEP][PASSED] - click(findTestObject("Object Repository/Page_Concours photo  votez pour la plus bel_494087/input_concat(Votez pour le plus beau chien de la cte d, , Opale )_jouer")): Object: 'Object Repository/Page_Concours photo  votez pour la plus bel_494087/input_concat(Votez pour le plus beau chien de la cte d, , Opale )_jouer' is clicked on

2022-07-19 11:42:30 - [MESSAGE][PASSED] - Object: 'Object Repository/Page_Concours photo  votez pour la plus bel_494087/input_concat(Votez pour le plus beau chien de la cte d, , Opale )_jouer' is clicked on

2022-07-19 11:42:30 - [TEST_STEP][PASSED] - if (verifyElementPresent(findTestObject("Page_Concours photo  votez pour la plus bel_494087/input_concat(Votez pour le plus beau chien de la cte d, , Opale )_jouer"), 1, OPTIONAL)): null

2022-07-19 11:42:32 - [MESSAGE][PASSED] - Object 'Object Repository/Page_Concours photo  votez pour la plus bel_494087/input_concat(Votez pour le plus beau chien de la cte d, , Opale )_jouer' is present

2022-07-19 11:42:32 - [TEST_STEP][PASSED] - click(findTestObject("Object Repository/Page_Concours photo  votez pour la plus bel_494087/input_concat(Votez pour le plus beau chien de la cte d, , Opale )_jouer")): Object: 'Object Repository/Page_Concours photo  votez pour la plus bel_494087/input_concat(Votez pour le plus beau chien de la cte d, , Opale )_jouer' is clicked on

2022-07-19 11:42:32 - [MESSAGE][PASSED] - Object: 'Object Repository/Page_Concours photo  votez pour la plus bel_494087/input_concat(Votez pour le plus beau chien de la cte d, , Opale )_jouer' is clicked on

2022-07-19 11:42:32 - [TEST_STEP][PASSED] - delay(1): Delayed 1 second(s)

2022-07-19 11:42:33 - [MESSAGE][PASSED] - Delayed 1 second(s)

2022-07-19 11:42:33 - [TEST_STEP][PASSED] - setText(findTestObject("Object Repository/Page_Concours photo  votez pour la plus bel_494087/input_trie par_keyword"), "Gaspard"): Text 'Gaspard' is set on object 'Object Repository/Page_Concours photo  votez pour la plus bel_494087/input_trie par_keyword'

2022-07-19 11:42:36 - [MESSAGE][PASSED] - Text 'Gaspard' is set on object 'Object Repository/Page_Concours photo  votez pour la plus bel_494087/input_trie par_keyword'

2022-07-19 11:42:36 - [TEST_STEP][PASSED] - sendKeys(findTestObject("Page_Concours photo  votez pour la plus bel_494087/input_trie par_keyword"), Keys.chord(ENTER)): Keys 'ENTER + ' sent to object: 'Object Repository/Page_Concours photo  votez pour la plus bel_494087/input_trie par_keyword'

2022-07-19 11:42:37 - [MESSAGE][PASSED] - Keys 'ENTER + ' sent to object: 'Object Repository/Page_Concours photo  votez pour la plus bel_494087/input_trie par_keyword'

2022-07-19 11:42:37 - [TEST_STEP][PASSED] - click(findTestObject("Page_Concours photo  votez pour la plus bel_494087/tri")): Object: 'Object Repository/Page_Concours photo  votez pour la plus bel_494087/tri' is clicked on

2022-07-19 11:42:38 - [MESSAGE][PASSED] - Object: 'Object Repository/Page_Concours photo  votez pour la plus bel_494087/tri' is clicked on

2022-07-19 11:42:38 - [TEST_STEP][PASSED] - click(findTestObject("Page_Concours photo  votez pour la plus bel_494087/plus de votes")): Object: 'Object Repository/Page_Concours photo  votez pour la plus bel_494087/plus de votes' is clicked on

2022-07-19 11:42:38 - [MESSAGE][PASSED] - Object: 'Object Repository/Page_Concours photo  votez pour la plus bel_494087/plus de votes' is clicked on

2022-07-19 11:42:39 - [TEST_STEP][PASSED] - click(findTestObject("Object Repository/Page_Concours photo  votez pour la plus bel_494087/i_Votes_fa fa-heart")): Object: 'Object Repository/Page_Concours photo  votez pour la plus bel_494087/i_Votes_fa fa-heart' is clicked on

2022-07-19 11:42:40 - [MESSAGE][PASSED] - Object: 'Object Repository/Page_Concours photo  votez pour la plus bel_494087/i_Votes_fa fa-heart' is clicked on

2022-07-19 11:42:40 - [TEST_STEP][PASSED] - delay(1): Delayed 1 second(s)

2022-07-19 11:42:41 - [MESSAGE][PASSED] - Delayed 1 second(s)

2022-07-19 11:42:41 - [TEST_STEP][PASSED] - closeBrowser(): Browser is closed

2022-07-19 11:42:41 - [MESSAGE][PASSED] - Browser is closed]]></system-out>
         <system-err><![CDATA[]]></system-err>
      </testcase>
      <testcase name="Test Cases/Vote" time="34.016" classname="Test Cases/Vote" status="PASSED">
         <system-out><![CDATA[2022-07-19 11:42:41 - [TEST_CASE][PASSED] - Test Cases/Vote: Test Cases/Vote

2022-07-19 11:42:41 - [TEST_STEP][PASSED] - openBrowser(""): Browser is opened with url: ''

2022-07-19 11:42:41 - [MESSAGE][INFO] - Starting 'Chrome' driver

2022-07-19 11:42:41 - [MESSAGE][INFO] - Action delay is set to 0 milliseconds

2022-07-19 11:42:42 - [MESSAGE][PASSED] - Browser is opened with url: ''

2022-07-19 11:42:42 - [TEST_STEP][PASSED] - navigateToUrl("https://lesechosdutouquet.nordlittoral.fr/147787/article/2022-06-30/concours-photo-montrez-nous-la-plus-belle-photo-de-votre-chien-en-promenade-sur#l5lb6r47qsmp9ur58y"): Navigate to 'https://lesechosdutouquet.nordlittoral.fr/147787/article/2022-06-30/concours-photo-montrez-nous-la-plus-belle-photo-de-votre-chien-en-promenade-sur#l5lb6r47qsmp9ur58y' successfully

2022-07-19 11:42:46 - [MESSAGE][PASSED] - Navigate to 'https://lesechosdutouquet.nordlittoral.fr/147787/article/2022-06-30/concours-photo-montrez-nous-la-plus-belle-photo-de-votre-chien-en-promenade-sur#l5lb6r47qsmp9ur58y' successfully

2022-07-19 11:42:46 - [TEST_STEP][PASSED] - setViewPortSize(1920, 1080): Viewport is set to new size with width = 1920 and height = 1080

2022-07-19 11:42:46 - [MESSAGE][PASSED] - Viewport is set to new size with width = 1920 and height = 1080

2022-07-19 11:42:46 - [TEST_STEP][PASSED] - click(findTestObject("Object Repository/Page_Concours photo  votez pour la plus bel_494087/button_Accepter  Fermer")): Object: 'Object Repository/Page_Concours photo  votez pour la plus bel_494087/button_Accepter  Fermer' is clicked on

2022-07-19 11:42:48 - [MESSAGE][PASSED] - Object: 'Object Repository/Page_Concours photo  votez pour la plus bel_494087/button_Accepter  Fermer' is clicked on

2022-07-19 11:42:48 - [TEST_STEP][PASSED] - delay(12): Delayed 12 second(s)

2022-07-19 11:43:00 - [MESSAGE][PASSED] - Delayed 12 second(s)

2022-07-19 11:43:00 - [TEST_STEP][PASSED] - click(findTestObject("Object Repository/Page_Concours photo  votez pour la plus bel_494087/a_X")): Object: 'Object Repository/Page_Concours photo  votez pour la plus bel_494087/a_X' is clicked on

2022-07-19 11:43:00 - [MESSAGE][PASSED] - Object: 'Object Repository/Page_Concours photo  votez pour la plus bel_494087/a_X' is clicked on

2022-07-19 11:43:00 - [TEST_STEP][PASSED] - delay(1): Delayed 1 second(s)

2022-07-19 11:43:01 - [MESSAGE][PASSED] - Delayed 1 second(s)

2022-07-19 11:43:01 - [TEST_STEP][PASSED] - click(findTestObject("Object Repository/Page_Concours photo  votez pour la plus bel_494087/input_concat(Votez pour le plus beau chien de la cte d, , Opale )_jouer")): Object: 'Object Repository/Page_Concours photo  votez pour la plus bel_494087/input_concat(Votez pour le plus beau chien de la cte d, , Opale )_jouer' is clicked on

2022-07-19 11:43:02 - [MESSAGE][PASSED] - Object: 'Object Repository/Page_Concours photo  votez pour la plus bel_494087/input_concat(Votez pour le plus beau chien de la cte d, , Opale )_jouer' is clicked on

2022-07-19 11:43:02 - [TEST_STEP][PASSED] - if (verifyElementPresent(findTestObject("Page_Concours photo  votez pour la plus bel_494087/input_concat(Votez pour le plus beau chien de la cte d, , Opale )_jouer"), 1, OPTIONAL)): null

2022-07-19 11:43:03 - [MESSAGE][PASSED] - Object 'Object Repository/Page_Concours photo  votez pour la plus bel_494087/input_concat(Votez pour le plus beau chien de la cte d, , Opale )_jouer' is present

2022-07-19 11:43:03 - [TEST_STEP][PASSED] - click(findTestObject("Object Repository/Page_Concours photo  votez pour la plus bel_494087/input_concat(Votez pour le plus beau chien de la cte d, , Opale )_jouer")): Object: 'Object Repository/Page_Concours photo  votez pour la plus bel_494087/input_concat(Votez pour le plus beau chien de la cte d, , Opale )_jouer' is clicked on

2022-07-19 11:43:04 - [MESSAGE][PASSED] - Object: 'Object Repository/Page_Concours photo  votez pour la plus bel_494087/input_concat(Votez pour le plus beau chien de la cte d, , Opale )_jouer' is clicked on

2022-07-19 11:43:04 - [TEST_STEP][PASSED] - delay(1): Delayed 1 second(s)

2022-07-19 11:43:05 - [MESSAGE][PASSED] - Delayed 1 second(s)

2022-07-19 11:43:05 - [TEST_STEP][PASSED] - setText(findTestObject("Object Repository/Page_Concours photo  votez pour la plus bel_494087/input_trie par_keyword"), "Gaspard"): Text 'Gaspard' is set on object 'Object Repository/Page_Concours photo  votez pour la plus bel_494087/input_trie par_keyword'

2022-07-19 11:43:09 - [MESSAGE][PASSED] - Text 'Gaspard' is set on object 'Object Repository/Page_Concours photo  votez pour la plus bel_494087/input_trie par_keyword'

2022-07-19 11:43:09 - [TEST_STEP][PASSED] - sendKeys(findTestObject("Page_Concours photo  votez pour la plus bel_494087/input_trie par_keyword"), Keys.chord(ENTER)): Keys 'ENTER + ' sent to object: 'Object Repository/Page_Concours photo  votez pour la plus bel_494087/input_trie par_keyword'

2022-07-19 11:43:11 - [MESSAGE][PASSED] - Keys 'ENTER + ' sent to object: 'Object Repository/Page_Concours photo  votez pour la plus bel_494087/input_trie par_keyword'

2022-07-19 11:43:11 - [TEST_STEP][PASSED] - click(findTestObject("Page_Concours photo  votez pour la plus bel_494087/tri")): Object: 'Object Repository/Page_Concours photo  votez pour la plus bel_494087/tri' is clicked on

2022-07-19 11:43:11 - [MESSAGE][PASSED] - Object: 'Object Repository/Page_Concours photo  votez pour la plus bel_494087/tri' is clicked on

2022-07-19 11:43:11 - [TEST_STEP][PASSED] - click(findTestObject("Page_Concours photo  votez pour la plus bel_494087/plus de votes")): Object: 'Object Repository/Page_Concours photo  votez pour la plus bel_494087/plus de votes' is clicked on

2022-07-19 11:43:12 - [MESSAGE][PASSED] - Object: 'Object Repository/Page_Concours photo  votez pour la plus bel_494087/plus de votes' is clicked on

2022-07-19 11:43:13 - [TEST_STEP][PASSED] - click(findTestObject("Object Repository/Page_Concours photo  votez pour la plus bel_494087/i_Votes_fa fa-heart")): Object: 'Object Repository/Page_Concours photo  votez pour la plus bel_494087/i_Votes_fa fa-heart' is clicked on

2022-07-19 11:43:14 - [MESSAGE][PASSED] - Object: 'Object Repository/Page_Concours photo  votez pour la plus bel_494087/i_Votes_fa fa-heart' is clicked on

2022-07-19 11:43:14 - [TEST_STEP][PASSED] - delay(1): Delayed 1 second(s)

2022-07-19 11:43:15 - [MESSAGE][PASSED] - Delayed 1 second(s)

2022-07-19 11:43:15 - [TEST_STEP][PASSED] - closeBrowser(): Browser is closed

2022-07-19 11:43:15 - [MESSAGE][PASSED] - Browser is closed]]></system-out>
         <system-err><![CDATA[]]></system-err>
      </testcase>
      <testcase name="Test Cases/Vote" time="35.182" classname="Test Cases/Vote" status="PASSED">
         <system-out><![CDATA[2022-07-19 11:43:15 - [TEST_CASE][PASSED] - Test Cases/Vote: Test Cases/Vote

2022-07-19 11:43:15 - [TEST_STEP][PASSED] - openBrowser(""): Browser is opened with url: ''

2022-07-19 11:43:15 - [MESSAGE][INFO] - Starting 'Chrome' driver

2022-07-19 11:43:15 - [MESSAGE][INFO] - Action delay is set to 0 milliseconds

2022-07-19 11:43:16 - [MESSAGE][PASSED] - Browser is opened with url: ''

2022-07-19 11:43:16 - [TEST_STEP][PASSED] - navigateToUrl("https://lesechosdutouquet.nordlittoral.fr/147787/article/2022-06-30/concours-photo-montrez-nous-la-plus-belle-photo-de-votre-chien-en-promenade-sur#l5lb6r47qsmp9ur58y"): Navigate to 'https://lesechosdutouquet.nordlittoral.fr/147787/article/2022-06-30/concours-photo-montrez-nous-la-plus-belle-photo-de-votre-chien-en-promenade-sur#l5lb6r47qsmp9ur58y' successfully

2022-07-19 11:43:23 - [MESSAGE][PASSED] - Navigate to 'https://lesechosdutouquet.nordlittoral.fr/147787/article/2022-06-30/concours-photo-montrez-nous-la-plus-belle-photo-de-votre-chien-en-promenade-sur#l5lb6r47qsmp9ur58y' successfully

2022-07-19 11:43:23 - [TEST_STEP][PASSED] - setViewPortSize(1920, 1080): Viewport is set to new size with width = 1920 and height = 1080

2022-07-19 11:43:24 - [MESSAGE][PASSED] - Viewport is set to new size with width = 1920 and height = 1080

2022-07-19 11:43:24 - [TEST_STEP][PASSED] - click(findTestObject("Object Repository/Page_Concours photo  votez pour la plus bel_494087/button_Accepter  Fermer")): Object: 'Object Repository/Page_Concours photo  votez pour la plus bel_494087/button_Accepter  Fermer' is clicked on

2022-07-19 11:43:25 - [MESSAGE][PASSED] - Object: 'Object Repository/Page_Concours photo  votez pour la plus bel_494087/button_Accepter  Fermer' is clicked on

2022-07-19 11:43:25 - [TEST_STEP][PASSED] - delay(12): Delayed 12 second(s)

2022-07-19 11:43:37 - [MESSAGE][PASSED] - Delayed 12 second(s)

2022-07-19 11:43:37 - [TEST_STEP][PASSED] - click(findTestObject("Object Repository/Page_Concours photo  votez pour la plus bel_494087/a_X")): Object: 'Object Repository/Page_Concours photo  votez pour la plus bel_494087/a_X' is clicked on

2022-07-19 11:43:37 - [MESSAGE][PASSED] - Object: 'Object Repository/Page_Concours photo  votez pour la plus bel_494087/a_X' is clicked on

2022-07-19 11:43:37 - [TEST_STEP][PASSED] - delay(1): Delayed 1 second(s)

2022-07-19 11:43:38 - [MESSAGE][PASSED] - Delayed 1 second(s)

2022-07-19 11:43:38 - [TEST_STEP][PASSED] - click(findTestObject("Object Repository/Page_Concours photo  votez pour la plus bel_494087/input_concat(Votez pour le plus beau chien de la cte d, , Opale )_jouer")): Object: 'Object Repository/Page_Concours photo  votez pour la plus bel_494087/input_concat(Votez pour le plus beau chien de la cte d, , Opale )_jouer' is clicked on

2022-07-19 11:43:39 - [MESSAGE][PASSED] - Object: 'Object Repository/Page_Concours photo  votez pour la plus bel_494087/input_concat(Votez pour le plus beau chien de la cte d, , Opale )_jouer' is clicked on

2022-07-19 11:43:39 - [TEST_STEP][PASSED] - if (verifyElementPresent(findTestObject("Page_Concours photo  votez pour la plus bel_494087/input_concat(Votez pour le plus beau chien de la cte d, , Opale )_jouer"), 1, OPTIONAL)): null

2022-07-19 11:43:40 - [MESSAGE][PASSED] - Object 'Object Repository/Page_Concours photo  votez pour la plus bel_494087/input_concat(Votez pour le plus beau chien de la cte d, , Opale )_jouer' is present

2022-07-19 11:43:40 - [TEST_STEP][PASSED] - click(findTestObject("Object Repository/Page_Concours photo  votez pour la plus bel_494087/input_concat(Votez pour le plus beau chien de la cte d, , Opale )_jouer")): Object: 'Object Repository/Page_Concours photo  votez pour la plus bel_494087/input_concat(Votez pour le plus beau chien de la cte d, , Opale )_jouer' is clicked on

2022-07-19 11:43:41 - [MESSAGE][PASSED] - Object: 'Object Repository/Page_Concours photo  votez pour la plus bel_494087/input_concat(Votez pour le plus beau chien de la cte d, , Opale )_jouer' is clicked on

2022-07-19 11:43:41 - [TEST_STEP][PASSED] - delay(1): Delayed 1 second(s)

2022-07-19 11:43:42 - [MESSAGE][PASSED] - Delayed 1 second(s)

2022-07-19 11:43:42 - [TEST_STEP][PASSED] - setText(findTestObject("Object Repository/Page_Concours photo  votez pour la plus bel_494087/input_trie par_keyword"), "Gaspard"): Text 'Gaspard' is set on object 'Object Repository/Page_Concours photo  votez pour la plus bel_494087/input_trie par_keyword'

2022-07-19 11:43:45 - [MESSAGE][PASSED] - Text 'Gaspard' is set on object 'Object Repository/Page_Concours photo  votez pour la plus bel_494087/input_trie par_keyword'

2022-07-19 11:43:45 - [TEST_STEP][PASSED] - sendKeys(findTestObject("Page_Concours photo  votez pour la plus bel_494087/input_trie par_keyword"), Keys.chord(ENTER)): Keys 'ENTER + ' sent to object: 'Object Repository/Page_Concours photo  votez pour la plus bel_494087/input_trie par_keyword'

2022-07-19 11:43:46 - [MESSAGE][PASSED] - Keys 'ENTER + ' sent to object: 'Object Repository/Page_Concours photo  votez pour la plus bel_494087/input_trie par_keyword'

2022-07-19 11:43:46 - [TEST_STEP][PASSED] - click(findTestObject("Page_Concours photo  votez pour la plus bel_494087/tri")): Object: 'Object Repository/Page_Concours photo  votez pour la plus bel_494087/tri' is clicked on

2022-07-19 11:43:47 - [MESSAGE][PASSED] - Object: 'Object Repository/Page_Concours photo  votez pour la plus bel_494087/tri' is clicked on

2022-07-19 11:43:47 - [TEST_STEP][PASSED] - click(findTestObject("Page_Concours photo  votez pour la plus bel_494087/plus de votes")): Object: 'Object Repository/Page_Concours photo  votez pour la plus bel_494087/plus de votes' is clicked on

2022-07-19 11:43:47 - [MESSAGE][PASSED] - Object: 'Object Repository/Page_Concours photo  votez pour la plus bel_494087/plus de votes' is clicked on

2022-07-19 11:43:49 - [TEST_STEP][PASSED] - click(findTestObject("Object Repository/Page_Concours photo  votez pour la plus bel_494087/i_Votes_fa fa-heart")): Object: 'Object Repository/Page_Concours photo  votez pour la plus bel_494087/i_Votes_fa fa-heart' is clicked on

2022-07-19 11:43:49 - [MESSAGE][PASSED] - Object: 'Object Repository/Page_Concours photo  votez pour la plus bel_494087/i_Votes_fa fa-heart' is clicked on

2022-07-19 11:43:49 - [TEST_STEP][PASSED] - delay(1): Delayed 1 second(s)

2022-07-19 11:43:50 - [MESSAGE][PASSED] - Delayed 1 second(s)

2022-07-19 11:43:50 - [TEST_STEP][PASSED] - closeBrowser(): Browser is closed

2022-07-19 11:43:50 - [MESSAGE][PASSED] - Browser is closed]]></system-out>
         <system-err><![CDATA[]]></system-err>
      </testcase>
      <testcase name="Test Cases/Vote" time="32.338" classname="Test Cases/Vote" status="PASSED">
         <system-out><![CDATA[2022-07-19 11:43:50 - [TEST_CASE][PASSED] - Test Cases/Vote: Test Cases/Vote

2022-07-19 11:43:50 - [TEST_STEP][PASSED] - openBrowser(""): Browser is opened with url: ''

2022-07-19 11:43:50 - [MESSAGE][INFO] - Starting 'Chrome' driver

2022-07-19 11:43:50 - [MESSAGE][INFO] - Action delay is set to 0 milliseconds

2022-07-19 11:43:51 - [MESSAGE][PASSED] - Browser is opened with url: ''

2022-07-19 11:43:51 - [TEST_STEP][PASSED] - navigateToUrl("https://lesechosdutouquet.nordlittoral.fr/147787/article/2022-06-30/concours-photo-montrez-nous-la-plus-belle-photo-de-votre-chien-en-promenade-sur#l5lb6r47qsmp9ur58y"): Navigate to 'https://lesechosdutouquet.nordlittoral.fr/147787/article/2022-06-30/concours-photo-montrez-nous-la-plus-belle-photo-de-votre-chien-en-promenade-sur#l5lb6r47qsmp9ur58y' successfully

2022-07-19 11:43:54 - [MESSAGE][PASSED] - Navigate to 'https://lesechosdutouquet.nordlittoral.fr/147787/article/2022-06-30/concours-photo-montrez-nous-la-plus-belle-photo-de-votre-chien-en-promenade-sur#l5lb6r47qsmp9ur58y' successfully

2022-07-19 11:43:54 - [TEST_STEP][PASSED] - setViewPortSize(1920, 1080): Viewport is set to new size with width = 1920 and height = 1080

2022-07-19 11:43:54 - [MESSAGE][PASSED] - Viewport is set to new size with width = 1920 and height = 1080

2022-07-19 11:43:54 - [TEST_STEP][PASSED] - click(findTestObject("Object Repository/Page_Concours photo  votez pour la plus bel_494087/button_Accepter  Fermer")): Object: 'Object Repository/Page_Concours photo  votez pour la plus bel_494087/button_Accepter  Fermer' is clicked on

2022-07-19 11:43:55 - [MESSAGE][PASSED] - Object: 'Object Repository/Page_Concours photo  votez pour la plus bel_494087/button_Accepter  Fermer' is clicked on

2022-07-19 11:43:55 - [TEST_STEP][PASSED] - delay(12): Delayed 12 second(s)

2022-07-19 11:44:07 - [MESSAGE][PASSED] - Delayed 12 second(s)

2022-07-19 11:44:07 - [TEST_STEP][PASSED] - click(findTestObject("Object Repository/Page_Concours photo  votez pour la plus bel_494087/a_X")): Object: 'Object Repository/Page_Concours photo  votez pour la plus bel_494087/a_X' is clicked on

2022-07-19 11:44:08 - [MESSAGE][PASSED] - Object: 'Object Repository/Page_Concours photo  votez pour la plus bel_494087/a_X' is clicked on

2022-07-19 11:44:08 - [TEST_STEP][PASSED] - delay(1): Delayed 1 second(s)

2022-07-19 11:44:09 - [MESSAGE][PASSED] - Delayed 1 second(s)

2022-07-19 11:44:09 - [TEST_STEP][PASSED] - click(findTestObject("Object Repository/Page_Concours photo  votez pour la plus bel_494087/input_concat(Votez pour le plus beau chien de la cte d, , Opale )_jouer")): Object: 'Object Repository/Page_Concours photo  votez pour la plus bel_494087/input_concat(Votez pour le plus beau chien de la cte d, , Opale )_jouer' is clicked on

2022-07-19 11:44:10 - [MESSAGE][PASSED] - Object: 'Object Repository/Page_Concours photo  votez pour la plus bel_494087/input_concat(Votez pour le plus beau chien de la cte d, , Opale )_jouer' is clicked on

2022-07-19 11:44:10 - [TEST_STEP][PASSED] - if (verifyElementPresent(findTestObject("Page_Concours photo  votez pour la plus bel_494087/input_concat(Votez pour le plus beau chien de la cte d, , Opale )_jouer"), 1, OPTIONAL)): null

2022-07-19 11:44:11 - [MESSAGE][PASSED] - Object 'Object Repository/Page_Concours photo  votez pour la plus bel_494087/input_concat(Votez pour le plus beau chien de la cte d, , Opale )_jouer' is present

2022-07-19 11:44:11 - [TEST_STEP][PASSED] - click(findTestObject("Object Repository/Page_Concours photo  votez pour la plus bel_494087/input_concat(Votez pour le plus beau chien de la cte d, , Opale )_jouer")): Object: 'Object Repository/Page_Concours photo  votez pour la plus bel_494087/input_concat(Votez pour le plus beau chien de la cte d, , Opale )_jouer' is clicked on

2022-07-19 11:44:12 - [MESSAGE][PASSED] - Object: 'Object Repository/Page_Concours photo  votez pour la plus bel_494087/input_concat(Votez pour le plus beau chien de la cte d, , Opale )_jouer' is clicked on

2022-07-19 11:44:12 - [TEST_STEP][PASSED] - delay(1): Delayed 1 second(s)

2022-07-19 11:44:13 - [MESSAGE][PASSED] - Delayed 1 second(s)

2022-07-19 11:44:13 - [TEST_STEP][PASSED] - setText(findTestObject("Object Repository/Page_Concours photo  votez pour la plus bel_494087/input_trie par_keyword"), "Gaspard"): Text 'Gaspard' is set on object 'Object Repository/Page_Concours photo  votez pour la plus bel_494087/input_trie par_keyword'

2022-07-19 11:44:17 - [MESSAGE][PASSED] - Text 'Gaspard' is set on object 'Object Repository/Page_Concours photo  votez pour la plus bel_494087/input_trie par_keyword'

2022-07-19 11:44:17 - [TEST_STEP][PASSED] - sendKeys(findTestObject("Page_Concours photo  votez pour la plus bel_494087/input_trie par_keyword"), Keys.chord(ENTER)): Keys 'ENTER + ' sent to object: 'Object Repository/Page_Concours photo  votez pour la plus bel_494087/input_trie par_keyword'

2022-07-19 11:44:18 - [MESSAGE][PASSED] - Keys 'ENTER + ' sent to object: 'Object Repository/Page_Concours photo  votez pour la plus bel_494087/input_trie par_keyword'

2022-07-19 11:44:18 - [TEST_STEP][PASSED] - click(findTestObject("Page_Concours photo  votez pour la plus bel_494087/tri")): Object: 'Object Repository/Page_Concours photo  votez pour la plus bel_494087/tri' is clicked on

2022-07-19 11:44:19 - [MESSAGE][PASSED] - Object: 'Object Repository/Page_Concours photo  votez pour la plus bel_494087/tri' is clicked on

2022-07-19 11:44:19 - [TEST_STEP][PASSED] - click(findTestObject("Page_Concours photo  votez pour la plus bel_494087/plus de votes")): Object: 'Object Repository/Page_Concours photo  votez pour la plus bel_494087/plus de votes' is clicked on

2022-07-19 11:44:19 - [MESSAGE][PASSED] - Object: 'Object Repository/Page_Concours photo  votez pour la plus bel_494087/plus de votes' is clicked on

2022-07-19 11:44:21 - [TEST_STEP][PASSED] - click(findTestObject("Object Repository/Page_Concours photo  votez pour la plus bel_494087/i_Votes_fa fa-heart")): Object: 'Object Repository/Page_Concours photo  votez pour la plus bel_494087/i_Votes_fa fa-heart' is clicked on

2022-07-19 11:44:21 - [MESSAGE][PASSED] - Object: 'Object Repository/Page_Concours photo  votez pour la plus bel_494087/i_Votes_fa fa-heart' is clicked on

2022-07-19 11:44:21 - [TEST_STEP][PASSED] - delay(1): Delayed 1 second(s)

2022-07-19 11:44:22 - [MESSAGE][PASSED] - Delayed 1 second(s)

2022-07-19 11:44:22 - [TEST_STEP][PASSED] - closeBrowser(): Browser is closed

2022-07-19 11:44:23 - [MESSAGE][PASSED] - Browser is closed]]></system-out>
         <system-err><![CDATA[]]></system-err>
      </testcase>
      <testcase name="Test Cases/Vote" time="31.839" classname="Test Cases/Vote" status="PASSED">
         <system-out><![CDATA[2022-07-19 11:44:23 - [TEST_CASE][PASSED] - Test Cases/Vote: Test Cases/Vote

2022-07-19 11:44:23 - [TEST_STEP][PASSED] - openBrowser(""): Browser is opened with url: ''

2022-07-19 11:44:23 - [MESSAGE][INFO] - Starting 'Chrome' driver

2022-07-19 11:44:23 - [MESSAGE][INFO] - Action delay is set to 0 milliseconds

2022-07-19 11:44:24 - [MESSAGE][PASSED] - Browser is opened with url: ''

2022-07-19 11:44:24 - [TEST_STEP][PASSED] - navigateToUrl("https://lesechosdutouquet.nordlittoral.fr/147787/article/2022-06-30/concours-photo-montrez-nous-la-plus-belle-photo-de-votre-chien-en-promenade-sur#l5lb6r47qsmp9ur58y"): Navigate to 'https://lesechosdutouquet.nordlittoral.fr/147787/article/2022-06-30/concours-photo-montrez-nous-la-plus-belle-photo-de-votre-chien-en-promenade-sur#l5lb6r47qsmp9ur58y' successfully

2022-07-19 11:44:27 - [MESSAGE][PASSED] - Navigate to 'https://lesechosdutouquet.nordlittoral.fr/147787/article/2022-06-30/concours-photo-montrez-nous-la-plus-belle-photo-de-votre-chien-en-promenade-sur#l5lb6r47qsmp9ur58y' successfully

2022-07-19 11:44:27 - [TEST_STEP][PASSED] - setViewPortSize(1920, 1080): Viewport is set to new size with width = 1920 and height = 1080

2022-07-19 11:44:27 - [MESSAGE][PASSED] - Viewport is set to new size with width = 1920 and height = 1080

2022-07-19 11:44:27 - [TEST_STEP][PASSED] - click(findTestObject("Object Repository/Page_Concours photo  votez pour la plus bel_494087/button_Accepter  Fermer")): Object: 'Object Repository/Page_Concours photo  votez pour la plus bel_494087/button_Accepter  Fermer' is clicked on

2022-07-19 11:44:28 - [MESSAGE][PASSED] - Object: 'Object Repository/Page_Concours photo  votez pour la plus bel_494087/button_Accepter  Fermer' is clicked on

2022-07-19 11:44:28 - [TEST_STEP][PASSED] - delay(12): Delayed 12 second(s)

2022-07-19 11:44:40 - [MESSAGE][PASSED] - Delayed 12 second(s)

2022-07-19 11:44:40 - [TEST_STEP][PASSED] - click(findTestObject("Object Repository/Page_Concours photo  votez pour la plus bel_494087/a_X")): Object: 'Object Repository/Page_Concours photo  votez pour la plus bel_494087/a_X' is clicked on

2022-07-19 11:44:40 - [MESSAGE][PASSED] - Object: 'Object Repository/Page_Concours photo  votez pour la plus bel_494087/a_X' is clicked on

2022-07-19 11:44:40 - [TEST_STEP][PASSED] - delay(1): Delayed 1 second(s)

2022-07-19 11:44:41 - [MESSAGE][PASSED] - Delayed 1 second(s)

2022-07-19 11:44:41 - [TEST_STEP][PASSED] - click(findTestObject("Object Repository/Page_Concours photo  votez pour la plus bel_494087/input_concat(Votez pour le plus beau chien de la cte d, , Opale )_jouer")): Object: 'Object Repository/Page_Concours photo  votez pour la plus bel_494087/input_concat(Votez pour le plus beau chien de la cte d, , Opale )_jouer' is clicked on

2022-07-19 11:44:42 - [MESSAGE][PASSED] - Object: 'Object Repository/Page_Concours photo  votez pour la plus bel_494087/input_concat(Votez pour le plus beau chien de la cte d, , Opale )_jouer' is clicked on

2022-07-19 11:44:42 - [TEST_STEP][PASSED] - if (verifyElementPresent(findTestObject("Page_Concours photo  votez pour la plus bel_494087/input_concat(Votez pour le plus beau chien de la cte d, , Opale )_jouer"), 1, OPTIONAL)): null

2022-07-19 11:44:43 - [MESSAGE][PASSED] - Object 'Object Repository/Page_Concours photo  votez pour la plus bel_494087/input_concat(Votez pour le plus beau chien de la cte d, , Opale )_jouer' is present

2022-07-19 11:44:43 - [TEST_STEP][PASSED] - click(findTestObject("Object Repository/Page_Concours photo  votez pour la plus bel_494087/input_concat(Votez pour le plus beau chien de la cte d, , Opale )_jouer")): Object: 'Object Repository/Page_Concours photo  votez pour la plus bel_494087/input_concat(Votez pour le plus beau chien de la cte d, , Opale )_jouer' is clicked on

2022-07-19 11:44:44 - [MESSAGE][PASSED] - Object: 'Object Repository/Page_Concours photo  votez pour la plus bel_494087/input_concat(Votez pour le plus beau chien de la cte d, , Opale )_jouer' is clicked on

2022-07-19 11:44:44 - [TEST_STEP][PASSED] - delay(1): Delayed 1 second(s)

2022-07-19 11:44:45 - [MESSAGE][PASSED] - Delayed 1 second(s)

2022-07-19 11:44:45 - [TEST_STEP][PASSED] - setText(findTestObject("Object Repository/Page_Concours photo  votez pour la plus bel_494087/input_trie par_keyword"), "Gaspard"): Text 'Gaspard' is set on object 'Object Repository/Page_Concours photo  votez pour la plus bel_494087/input_trie par_keyword'

2022-07-19 11:44:49 - [MESSAGE][PASSED] - Text 'Gaspard' is set on object 'Object Repository/Page_Concours photo  votez pour la plus bel_494087/input_trie par_keyword'

2022-07-19 11:44:49 - [TEST_STEP][PASSED] - sendKeys(findTestObject("Page_Concours photo  votez pour la plus bel_494087/input_trie par_keyword"), Keys.chord(ENTER)): Keys 'ENTER + ' sent to object: 'Object Repository/Page_Concours photo  votez pour la plus bel_494087/input_trie par_keyword'

2022-07-19 11:44:50 - [MESSAGE][PASSED] - Keys 'ENTER + ' sent to object: 'Object Repository/Page_Concours photo  votez pour la plus bel_494087/input_trie par_keyword'

2022-07-19 11:44:50 - [TEST_STEP][PASSED] - click(findTestObject("Page_Concours photo  votez pour la plus bel_494087/tri")): Object: 'Object Repository/Page_Concours photo  votez pour la plus bel_494087/tri' is clicked on

2022-07-19 11:44:51 - [MESSAGE][PASSED] - Object: 'Object Repository/Page_Concours photo  votez pour la plus bel_494087/tri' is clicked on

2022-07-19 11:44:51 - [TEST_STEP][PASSED] - click(findTestObject("Page_Concours photo  votez pour la plus bel_494087/plus de votes")): Object: 'Object Repository/Page_Concours photo  votez pour la plus bel_494087/plus de votes' is clicked on

2022-07-19 11:44:51 - [MESSAGE][PASSED] - Object: 'Object Repository/Page_Concours photo  votez pour la plus bel_494087/plus de votes' is clicked on

2022-07-19 11:44:53 - [TEST_STEP][PASSED] - click(findTestObject("Object Repository/Page_Concours photo  votez pour la plus bel_494087/i_Votes_fa fa-heart")): Object: 'Object Repository/Page_Concours photo  votez pour la plus bel_494087/i_Votes_fa fa-heart' is clicked on

2022-07-19 11:44:53 - [MESSAGE][PASSED] - Object: 'Object Repository/Page_Concours photo  votez pour la plus bel_494087/i_Votes_fa fa-heart' is clicked on

2022-07-19 11:44:53 - [TEST_STEP][PASSED] - delay(1): Delayed 1 second(s)

2022-07-19 11:44:54 - [MESSAGE][PASSED] - Delayed 1 second(s)

2022-07-19 11:44:54 - [TEST_STEP][PASSED] - closeBrowser(): Browser is closed

2022-07-19 11:44:54 - [MESSAGE][PASSED] - Browser is closed]]></system-out>
         <system-err><![CDATA[]]></system-err>
      </testcase>
      <testcase name="Test Cases/Vote" time="31.299" classname="Test Cases/Vote" status="PASSED">
         <system-out><![CDATA[2022-07-19 11:44:54 - [TEST_CASE][PASSED] - Test Cases/Vote: Test Cases/Vote

2022-07-19 11:44:54 - [TEST_STEP][PASSED] - openBrowser(""): Browser is opened with url: ''

2022-07-19 11:44:54 - [MESSAGE][INFO] - Starting 'Chrome' driver

2022-07-19 11:44:54 - [MESSAGE][INFO] - Action delay is set to 0 milliseconds

2022-07-19 11:44:56 - [MESSAGE][PASSED] - Browser is opened with url: ''

2022-07-19 11:44:56 - [TEST_STEP][PASSED] - navigateToUrl("https://lesechosdutouquet.nordlittoral.fr/147787/article/2022-06-30/concours-photo-montrez-nous-la-plus-belle-photo-de-votre-chien-en-promenade-sur#l5lb6r47qsmp9ur58y"): Navigate to 'https://lesechosdutouquet.nordlittoral.fr/147787/article/2022-06-30/concours-photo-montrez-nous-la-plus-belle-photo-de-votre-chien-en-promenade-sur#l5lb6r47qsmp9ur58y' successfully

2022-07-19 11:44:59 - [MESSAGE][PASSED] - Navigate to 'https://lesechosdutouquet.nordlittoral.fr/147787/article/2022-06-30/concours-photo-montrez-nous-la-plus-belle-photo-de-votre-chien-en-promenade-sur#l5lb6r47qsmp9ur58y' successfully

2022-07-19 11:44:59 - [TEST_STEP][PASSED] - setViewPortSize(1920, 1080): Viewport is set to new size with width = 1920 and height = 1080

2022-07-19 11:44:59 - [MESSAGE][PASSED] - Viewport is set to new size with width = 1920 and height = 1080

2022-07-19 11:44:59 - [TEST_STEP][PASSED] - click(findTestObject("Object Repository/Page_Concours photo  votez pour la plus bel_494087/button_Accepter  Fermer")): Object: 'Object Repository/Page_Concours photo  votez pour la plus bel_494087/button_Accepter  Fermer' is clicked on

2022-07-19 11:45:01 - [MESSAGE][PASSED] - Object: 'Object Repository/Page_Concours photo  votez pour la plus bel_494087/button_Accepter  Fermer' is clicked on

2022-07-19 11:45:01 - [TEST_STEP][PASSED] - delay(12): Delayed 12 second(s)

2022-07-19 11:45:13 - [MESSAGE][PASSED] - Delayed 12 second(s)

2022-07-19 11:45:13 - [TEST_STEP][PASSED] - click(findTestObject("Object Repository/Page_Concours photo  votez pour la plus bel_494087/a_X")): Object: 'Object Repository/Page_Concours photo  votez pour la plus bel_494087/a_X' is clicked on

2022-07-19 11:45:13 - [MESSAGE][PASSED] - Object: 'Object Repository/Page_Concours photo  votez pour la plus bel_494087/a_X' is clicked on

2022-07-19 11:45:13 - [TEST_STEP][PASSED] - delay(1): Delayed 1 second(s)

2022-07-19 11:45:14 - [MESSAGE][PASSED] - Delayed 1 second(s)

2022-07-19 11:45:14 - [TEST_STEP][PASSED] - click(findTestObject("Object Repository/Page_Concours photo  votez pour la plus bel_494087/input_concat(Votez pour le plus beau chien de la cte d, , Opale )_jouer")): Object: 'Object Repository/Page_Concours photo  votez pour la plus bel_494087/input_concat(Votez pour le plus beau chien de la cte d, , Opale )_jouer' is clicked on

2022-07-19 11:45:15 - [MESSAGE][PASSED] - Object: 'Object Repository/Page_Concours photo  votez pour la plus bel_494087/input_concat(Votez pour le plus beau chien de la cte d, , Opale )_jouer' is clicked on

2022-07-19 11:45:15 - [TEST_STEP][PASSED] - if (verifyElementPresent(findTestObject("Page_Concours photo  votez pour la plus bel_494087/input_concat(Votez pour le plus beau chien de la cte d, , Opale )_jouer"), 1, OPTIONAL)): null

2022-07-19 11:45:17 - [MESSAGE][PASSED] - Object 'Object Repository/Page_Concours photo  votez pour la plus bel_494087/input_concat(Votez pour le plus beau chien de la cte d, , Opale )_jouer' is present

2022-07-19 11:45:17 - [TEST_STEP][PASSED] - click(findTestObject("Object Repository/Page_Concours photo  votez pour la plus bel_494087/input_concat(Votez pour le plus beau chien de la cte d, , Opale )_jouer")): Object: 'Object Repository/Page_Concours photo  votez pour la plus bel_494087/input_concat(Votez pour le plus beau chien de la cte d, , Opale )_jouer' is clicked on

2022-07-19 11:45:17 - [MESSAGE][PASSED] - Object: 'Object Repository/Page_Concours photo  votez pour la plus bel_494087/input_concat(Votez pour le plus beau chien de la cte d, , Opale )_jouer' is clicked on

2022-07-19 11:45:17 - [TEST_STEP][PASSED] - delay(1): Delayed 1 second(s)

2022-07-19 11:45:18 - [MESSAGE][PASSED] - Delayed 1 second(s)

2022-07-19 11:45:18 - [TEST_STEP][PASSED] - setText(findTestObject("Object Repository/Page_Concours photo  votez pour la plus bel_494087/input_trie par_keyword"), "Gaspard"): Text 'Gaspard' is set on object 'Object Repository/Page_Concours photo  votez pour la plus bel_494087/input_trie par_keyword'

2022-07-19 11:45:21 - [MESSAGE][PASSED] - Text 'Gaspard' is set on object 'Object Repository/Page_Concours photo  votez pour la plus bel_494087/input_trie par_keyword'

2022-07-19 11:45:21 - [TEST_STEP][PASSED] - sendKeys(findTestObject("Page_Concours photo  votez pour la plus bel_494087/input_trie par_keyword"), Keys.chord(ENTER)): Keys 'ENTER + ' sent to object: 'Object Repository/Page_Concours photo  votez pour la plus bel_494087/input_trie par_keyword'

2022-07-19 11:45:21 - [MESSAGE][PASSED] - Keys 'ENTER + ' sent to object: 'Object Repository/Page_Concours photo  votez pour la plus bel_494087/input_trie par_keyword'

2022-07-19 11:45:21 - [TEST_STEP][PASSED] - click(findTestObject("Page_Concours photo  votez pour la plus bel_494087/tri")): Object: 'Object Repository/Page_Concours photo  votez pour la plus bel_494087/tri' is clicked on

2022-07-19 11:45:22 - [MESSAGE][PASSED] - Object: 'Object Repository/Page_Concours photo  votez pour la plus bel_494087/tri' is clicked on

2022-07-19 11:45:22 - [TEST_STEP][PASSED] - click(findTestObject("Page_Concours photo  votez pour la plus bel_494087/plus de votes")): Object: 'Object Repository/Page_Concours photo  votez pour la plus bel_494087/plus de votes' is clicked on

2022-07-19 11:45:23 - [MESSAGE][PASSED] - Object: 'Object Repository/Page_Concours photo  votez pour la plus bel_494087/plus de votes' is clicked on

2022-07-19 11:45:24 - [TEST_STEP][PASSED] - click(findTestObject("Object Repository/Page_Concours photo  votez pour la plus bel_494087/i_Votes_fa fa-heart")): Object: 'Object Repository/Page_Concours photo  votez pour la plus bel_494087/i_Votes_fa fa-heart' is clicked on

2022-07-19 11:45:24 - [MESSAGE][PASSED] - Object: 'Object Repository/Page_Concours photo  votez pour la plus bel_494087/i_Votes_fa fa-heart' is clicked on

2022-07-19 11:45:24 - [TEST_STEP][PASSED] - delay(1): Delayed 1 second(s)

2022-07-19 11:45:25 - [MESSAGE][PASSED] - Delayed 1 second(s)

2022-07-19 11:45:25 - [TEST_STEP][PASSED] - closeBrowser(): Browser is closed

2022-07-19 11:45:26 - [MESSAGE][PASSED] - Browser is closed]]></system-out>
         <system-err><![CDATA[]]></system-err>
      </testcase>
      <testcase name="Test Cases/Vote" time="31.323" classname="Test Cases/Vote" status="PASSED">
         <system-out><![CDATA[2022-07-19 11:45:26 - [TEST_CASE][PASSED] - Test Cases/Vote: Test Cases/Vote

2022-07-19 11:45:26 - [TEST_STEP][PASSED] - openBrowser(""): Browser is opened with url: ''

2022-07-19 11:45:26 - [MESSAGE][INFO] - Starting 'Chrome' driver

2022-07-19 11:45:26 - [MESSAGE][INFO] - Action delay is set to 0 milliseconds

2022-07-19 11:45:27 - [MESSAGE][PASSED] - Browser is opened with url: ''

2022-07-19 11:45:27 - [TEST_STEP][PASSED] - navigateToUrl("https://lesechosdutouquet.nordlittoral.fr/147787/article/2022-06-30/concours-photo-montrez-nous-la-plus-belle-photo-de-votre-chien-en-promenade-sur#l5lb6r47qsmp9ur58y"): Navigate to 'https://lesechosdutouquet.nordlittoral.fr/147787/article/2022-06-30/concours-photo-montrez-nous-la-plus-belle-photo-de-votre-chien-en-promenade-sur#l5lb6r47qsmp9ur58y' successfully

2022-07-19 11:45:30 - [MESSAGE][PASSED] - Navigate to 'https://lesechosdutouquet.nordlittoral.fr/147787/article/2022-06-30/concours-photo-montrez-nous-la-plus-belle-photo-de-votre-chien-en-promenade-sur#l5lb6r47qsmp9ur58y' successfully

2022-07-19 11:45:30 - [TEST_STEP][PASSED] - setViewPortSize(1920, 1080): Viewport is set to new size with width = 1920 and height = 1080

2022-07-19 11:45:30 - [MESSAGE][PASSED] - Viewport is set to new size with width = 1920 and height = 1080

2022-07-19 11:45:30 - [TEST_STEP][PASSED] - click(findTestObject("Object Repository/Page_Concours photo  votez pour la plus bel_494087/button_Accepter  Fermer")): Object: 'Object Repository/Page_Concours photo  votez pour la plus bel_494087/button_Accepter  Fermer' is clicked on

2022-07-19 11:45:31 - [MESSAGE][PASSED] - Object: 'Object Repository/Page_Concours photo  votez pour la plus bel_494087/button_Accepter  Fermer' is clicked on

2022-07-19 11:45:31 - [TEST_STEP][PASSED] - delay(12): Delayed 12 second(s)

2022-07-19 11:45:43 - [MESSAGE][PASSED] - Delayed 12 second(s)

2022-07-19 11:45:43 - [TEST_STEP][PASSED] - click(findTestObject("Object Repository/Page_Concours photo  votez pour la plus bel_494087/a_X")): Object: 'Object Repository/Page_Concours photo  votez pour la plus bel_494087/a_X' is clicked on

2022-07-19 11:45:43 - [MESSAGE][PASSED] - Object: 'Object Repository/Page_Concours photo  votez pour la plus bel_494087/a_X' is clicked on

2022-07-19 11:45:43 - [TEST_STEP][PASSED] - delay(1): Delayed 1 second(s)

2022-07-19 11:45:44 - [MESSAGE][PASSED] - Delayed 1 second(s)

2022-07-19 11:45:44 - [TEST_STEP][PASSED] - click(findTestObject("Object Repository/Page_Concours photo  votez pour la plus bel_494087/input_concat(Votez pour le plus beau chien de la cte d, , Opale )_jouer")): Object: 'Object Repository/Page_Concours photo  votez pour la plus bel_494087/input_concat(Votez pour le plus beau chien de la cte d, , Opale )_jouer' is clicked on

2022-07-19 11:45:45 - [MESSAGE][PASSED] - Object: 'Object Repository/Page_Concours photo  votez pour la plus bel_494087/input_concat(Votez pour le plus beau chien de la cte d, , Opale )_jouer' is clicked on

2022-07-19 11:45:45 - [TEST_STEP][PASSED] - if (verifyElementPresent(findTestObject("Page_Concours photo  votez pour la plus bel_494087/input_concat(Votez pour le plus beau chien de la cte d, , Opale )_jouer"), 1, OPTIONAL)): null

2022-07-19 11:45:47 - [MESSAGE][PASSED] - Object 'Object Repository/Page_Concours photo  votez pour la plus bel_494087/input_concat(Votez pour le plus beau chien de la cte d, , Opale )_jouer' is present

2022-07-19 11:45:47 - [TEST_STEP][PASSED] - click(findTestObject("Object Repository/Page_Concours photo  votez pour la plus bel_494087/input_concat(Votez pour le plus beau chien de la cte d, , Opale )_jouer")): Object: 'Object Repository/Page_Concours photo  votez pour la plus bel_494087/input_concat(Votez pour le plus beau chien de la cte d, , Opale )_jouer' is clicked on

2022-07-19 11:45:47 - [MESSAGE][PASSED] - Object: 'Object Repository/Page_Concours photo  votez pour la plus bel_494087/input_concat(Votez pour le plus beau chien de la cte d, , Opale )_jouer' is clicked on

2022-07-19 11:45:47 - [TEST_STEP][PASSED] - delay(1): Delayed 1 second(s)

2022-07-19 11:45:48 - [MESSAGE][PASSED] - Delayed 1 second(s)

2022-07-19 11:45:48 - [TEST_STEP][PASSED] - setText(findTestObject("Object Repository/Page_Concours photo  votez pour la plus bel_494087/input_trie par_keyword"), "Gaspard"): Text 'Gaspard' is set on object 'Object Repository/Page_Concours photo  votez pour la plus bel_494087/input_trie par_keyword'

2022-07-19 11:45:51 - [MESSAGE][PASSED] - Text 'Gaspard' is set on object 'Object Repository/Page_Concours photo  votez pour la plus bel_494087/input_trie par_keyword'

2022-07-19 11:45:51 - [TEST_STEP][PASSED] - sendKeys(findTestObject("Page_Concours photo  votez pour la plus bel_494087/input_trie par_keyword"), Keys.chord(ENTER)): Keys 'ENTER + ' sent to object: 'Object Repository/Page_Concours photo  votez pour la plus bel_494087/input_trie par_keyword'

2022-07-19 11:45:52 - [MESSAGE][PASSED] - Keys 'ENTER + ' sent to object: 'Object Repository/Page_Concours photo  votez pour la plus bel_494087/input_trie par_keyword'

2022-07-19 11:45:52 - [TEST_STEP][PASSED] - click(findTestObject("Page_Concours photo  votez pour la plus bel_494087/tri")): Object: 'Object Repository/Page_Concours photo  votez pour la plus bel_494087/tri' is clicked on

2022-07-19 11:45:53 - [MESSAGE][PASSED] - Object: 'Object Repository/Page_Concours photo  votez pour la plus bel_494087/tri' is clicked on

2022-07-19 11:45:53 - [TEST_STEP][PASSED] - click(findTestObject("Page_Concours photo  votez pour la plus bel_494087/plus de votes")): Object: 'Object Repository/Page_Concours photo  votez pour la plus bel_494087/plus de votes' is clicked on

2022-07-19 11:45:54 - [MESSAGE][PASSED] - Object: 'Object Repository/Page_Concours photo  votez pour la plus bel_494087/plus de votes' is clicked on

2022-07-19 11:45:55 - [TEST_STEP][PASSED] - click(findTestObject("Object Repository/Page_Concours photo  votez pour la plus bel_494087/i_Votes_fa fa-heart")): Object: 'Object Repository/Page_Concours photo  votez pour la plus bel_494087/i_Votes_fa fa-heart' is clicked on

2022-07-19 11:45:56 - [MESSAGE][PASSED] - Object: 'Object Repository/Page_Concours photo  votez pour la plus bel_494087/i_Votes_fa fa-heart' is clicked on

2022-07-19 11:45:56 - [TEST_STEP][PASSED] - delay(1): Delayed 1 second(s)

2022-07-19 11:45:57 - [MESSAGE][PASSED] - Delayed 1 second(s)

2022-07-19 11:45:57 - [TEST_STEP][PASSED] - closeBrowser(): Browser is closed

2022-07-19 11:45:57 - [MESSAGE][PASSED] - Browser is closed]]></system-out>
         <system-err><![CDATA[]]></system-err>
      </testcase>
      <testcase name="Test Cases/Vote" time="29.944" classname="Test Cases/Vote" status="PASSED">
         <system-out><![CDATA[2022-07-19 11:45:57 - [TEST_CASE][PASSED] - Test Cases/Vote: Test Cases/Vote

2022-07-19 11:45:57 - [TEST_STEP][PASSED] - openBrowser(""): Browser is opened with url: ''

2022-07-19 11:45:57 - [MESSAGE][INFO] - Starting 'Chrome' driver

2022-07-19 11:45:57 - [MESSAGE][INFO] - Action delay is set to 0 milliseconds

2022-07-19 11:45:58 - [MESSAGE][PASSED] - Browser is opened with url: ''

2022-07-19 11:45:58 - [TEST_STEP][PASSED] - navigateToUrl("https://lesechosdutouquet.nordlittoral.fr/147787/article/2022-06-30/concours-photo-montrez-nous-la-plus-belle-photo-de-votre-chien-en-promenade-sur#l5lb6r47qsmp9ur58y"): Navigate to 'https://lesechosdutouquet.nordlittoral.fr/147787/article/2022-06-30/concours-photo-montrez-nous-la-plus-belle-photo-de-votre-chien-en-promenade-sur#l5lb6r47qsmp9ur58y' successfully

2022-07-19 11:46:01 - [MESSAGE][PASSED] - Navigate to 'https://lesechosdutouquet.nordlittoral.fr/147787/article/2022-06-30/concours-photo-montrez-nous-la-plus-belle-photo-de-votre-chien-en-promenade-sur#l5lb6r47qsmp9ur58y' successfully

2022-07-19 11:46:01 - [TEST_STEP][PASSED] - setViewPortSize(1920, 1080): Viewport is set to new size with width = 1920 and height = 1080

2022-07-19 11:46:01 - [MESSAGE][PASSED] - Viewport is set to new size with width = 1920 and height = 1080

2022-07-19 11:46:01 - [TEST_STEP][PASSED] - click(findTestObject("Object Repository/Page_Concours photo  votez pour la plus bel_494087/button_Accepter  Fermer")): Object: 'Object Repository/Page_Concours photo  votez pour la plus bel_494087/button_Accepter  Fermer' is clicked on

2022-07-19 11:46:02 - [MESSAGE][PASSED] - Object: 'Object Repository/Page_Concours photo  votez pour la plus bel_494087/button_Accepter  Fermer' is clicked on

2022-07-19 11:46:02 - [TEST_STEP][PASSED] - delay(12): Delayed 12 second(s)

2022-07-19 11:46:14 - [MESSAGE][PASSED] - Delayed 12 second(s)

2022-07-19 11:46:14 - [TEST_STEP][PASSED] - click(findTestObject("Object Repository/Page_Concours photo  votez pour la plus bel_494087/a_X")): Object: 'Object Repository/Page_Concours photo  votez pour la plus bel_494087/a_X' is clicked on

2022-07-19 11:46:15 - [MESSAGE][PASSED] - Object: 'Object Repository/Page_Concours photo  votez pour la plus bel_494087/a_X' is clicked on

2022-07-19 11:46:15 - [TEST_STEP][PASSED] - delay(1): Delayed 1 second(s)

2022-07-19 11:46:16 - [MESSAGE][PASSED] - Delayed 1 second(s)

2022-07-19 11:46:16 - [TEST_STEP][PASSED] - click(findTestObject("Object Repository/Page_Concours photo  votez pour la plus bel_494087/input_concat(Votez pour le plus beau chien de la cte d, , Opale )_jouer")): Object: 'Object Repository/Page_Concours photo  votez pour la plus bel_494087/input_concat(Votez pour le plus beau chien de la cte d, , Opale )_jouer' is clicked on

2022-07-19 11:46:16 - [MESSAGE][PASSED] - Object: 'Object Repository/Page_Concours photo  votez pour la plus bel_494087/input_concat(Votez pour le plus beau chien de la cte d, , Opale )_jouer' is clicked on

2022-07-19 11:46:16 - [TEST_STEP][PASSED] - if (verifyElementPresent(findTestObject("Page_Concours photo  votez pour la plus bel_494087/input_concat(Votez pour le plus beau chien de la cte d, , Opale )_jouer"), 1, OPTIONAL)): null

2022-07-19 11:46:18 - [MESSAGE][PASSED] - Object 'Object Repository/Page_Concours photo  votez pour la plus bel_494087/input_concat(Votez pour le plus beau chien de la cte d, , Opale )_jouer' is present

2022-07-19 11:46:18 - [TEST_STEP][PASSED] - click(findTestObject("Object Repository/Page_Concours photo  votez pour la plus bel_494087/input_concat(Votez pour le plus beau chien de la cte d, , Opale )_jouer")): Object: 'Object Repository/Page_Concours photo  votez pour la plus bel_494087/input_concat(Votez pour le plus beau chien de la cte d, , Opale )_jouer' is clicked on

2022-07-19 11:46:18 - [MESSAGE][PASSED] - Object: 'Object Repository/Page_Concours photo  votez pour la plus bel_494087/input_concat(Votez pour le plus beau chien de la cte d, , Opale )_jouer' is clicked on

2022-07-19 11:46:18 - [TEST_STEP][PASSED] - delay(1): Delayed 1 second(s)

2022-07-19 11:46:19 - [MESSAGE][PASSED] - Delayed 1 second(s)

2022-07-19 11:46:19 - [TEST_STEP][PASSED] - setText(findTestObject("Object Repository/Page_Concours photo  votez pour la plus bel_494087/input_trie par_keyword"), "Gaspard"): Text 'Gaspard' is set on object 'Object Repository/Page_Concours photo  votez pour la plus bel_494087/input_trie par_keyword'

2022-07-19 11:46:22 - [MESSAGE][PASSED] - Text 'Gaspard' is set on object 'Object Repository/Page_Concours photo  votez pour la plus bel_494087/input_trie par_keyword'

2022-07-19 11:46:22 - [TEST_STEP][PASSED] - sendKeys(findTestObject("Page_Concours photo  votez pour la plus bel_494087/input_trie par_keyword"), Keys.chord(ENTER)): Keys 'ENTER + ' sent to object: 'Object Repository/Page_Concours photo  votez pour la plus bel_494087/input_trie par_keyword'

2022-07-19 11:46:23 - [MESSAGE][PASSED] - Keys 'ENTER + ' sent to object: 'Object Repository/Page_Concours photo  votez pour la plus bel_494087/input_trie par_keyword'

2022-07-19 11:46:23 - [TEST_STEP][PASSED] - click(findTestObject("Page_Concours photo  votez pour la plus bel_494087/tri")): Object: 'Object Repository/Page_Concours photo  votez pour la plus bel_494087/tri' is clicked on

2022-07-19 11:46:24 - [MESSAGE][PASSED] - Object: 'Object Repository/Page_Concours photo  votez pour la plus bel_494087/tri' is clicked on

2022-07-19 11:46:24 - [TEST_STEP][PASSED] - click(findTestObject("Page_Concours photo  votez pour la plus bel_494087/plus de votes")): Object: 'Object Repository/Page_Concours photo  votez pour la plus bel_494087/plus de votes' is clicked on

2022-07-19 11:46:24 - [MESSAGE][PASSED] - Object: 'Object Repository/Page_Concours photo  votez pour la plus bel_494087/plus de votes' is clicked on

2022-07-19 11:46:25 - [TEST_STEP][PASSED] - click(findTestObject("Object Repository/Page_Concours photo  votez pour la plus bel_494087/i_Votes_fa fa-heart")): Object: 'Object Repository/Page_Concours photo  votez pour la plus bel_494087/i_Votes_fa fa-heart' is clicked on

2022-07-19 11:46:26 - [MESSAGE][PASSED] - Object: 'Object Repository/Page_Concours photo  votez pour la plus bel_494087/i_Votes_fa fa-heart' is clicked on

2022-07-19 11:46:26 - [TEST_STEP][PASSED] - delay(1): Delayed 1 second(s)

2022-07-19 11:46:27 - [MESSAGE][PASSED] - Delayed 1 second(s)

2022-07-19 11:46:27 - [TEST_STEP][PASSED] - closeBrowser(): Browser is closed

2022-07-19 11:46:27 - [MESSAGE][PASSED] - Browser is closed]]></system-out>
         <system-err><![CDATA[]]></system-err>
      </testcase>
      <testcase name="Test Cases/Vote" time="27.362" classname="Test Cases/Vote" status="PASSED">
         <system-out><![CDATA[2022-07-19 11:46:27 - [TEST_CASE][PASSED] - Test Cases/Vote: Test Cases/Vote

2022-07-19 11:46:27 - [TEST_STEP][PASSED] - openBrowser(""): Browser is opened with url: ''

2022-07-19 11:46:27 - [MESSAGE][INFO] - Starting 'Chrome' driver

2022-07-19 11:46:27 - [MESSAGE][INFO] - Action delay is set to 0 milliseconds

2022-07-19 11:46:28 - [MESSAGE][PASSED] - Browser is opened with url: ''

2022-07-19 11:46:28 - [TEST_STEP][PASSED] - navigateToUrl("https://lesechosdutouquet.nordlittoral.fr/147787/article/2022-06-30/concours-photo-montrez-nous-la-plus-belle-photo-de-votre-chien-en-promenade-sur#l5lb6r47qsmp9ur58y"): Navigate to 'https://lesechosdutouquet.nordlittoral.fr/147787/article/2022-06-30/concours-photo-montrez-nous-la-plus-belle-photo-de-votre-chien-en-promenade-sur#l5lb6r47qsmp9ur58y' successfully

2022-07-19 11:46:31 - [MESSAGE][PASSED] - Navigate to 'https://lesechosdutouquet.nordlittoral.fr/147787/article/2022-06-30/concours-photo-montrez-nous-la-plus-belle-photo-de-votre-chien-en-promenade-sur#l5lb6r47qsmp9ur58y' successfully

2022-07-19 11:46:31 - [TEST_STEP][PASSED] - setViewPortSize(1920, 1080): Viewport is set to new size with width = 1920 and height = 1080

2022-07-19 11:46:31 - [MESSAGE][PASSED] - Viewport is set to new size with width = 1920 and height = 1080

2022-07-19 11:46:31 - [TEST_STEP][PASSED] - click(findTestObject("Object Repository/Page_Concours photo  votez pour la plus bel_494087/button_Accepter  Fermer")): Object: 'Object Repository/Page_Concours photo  votez pour la plus bel_494087/button_Accepter  Fermer' is clicked on

2022-07-19 11:46:32 - [MESSAGE][PASSED] - Object: 'Object Repository/Page_Concours photo  votez pour la plus bel_494087/button_Accepter  Fermer' is clicked on

2022-07-19 11:46:32 - [TEST_STEP][PASSED] - delay(12): Delayed 12 second(s)

2022-07-19 11:46:44 - [MESSAGE][PASSED] - Delayed 12 second(s)

2022-07-19 11:46:44 - [TEST_STEP][PASSED] - click(findTestObject("Object Repository/Page_Concours photo  votez pour la plus bel_494087/a_X")): Object: 'Object Repository/Page_Concours photo  votez pour la plus bel_494087/a_X' is clicked on

2022-07-19 11:46:45 - [MESSAGE][PASSED] - Object: 'Object Repository/Page_Concours photo  votez pour la plus bel_494087/a_X' is clicked on

2022-07-19 11:46:45 - [TEST_STEP][PASSED] - delay(1): Delayed 1 second(s)

2022-07-19 11:46:46 - [MESSAGE][PASSED] - Delayed 1 second(s)

2022-07-19 11:46:46 - [TEST_STEP][PASSED] - click(findTestObject("Object Repository/Page_Concours photo  votez pour la plus bel_494087/input_concat(Votez pour le plus beau chien de la cte d, , Opale )_jouer")): Object: 'Object Repository/Page_Concours photo  votez pour la plus bel_494087/input_concat(Votez pour le plus beau chien de la cte d, , Opale )_jouer' is clicked on

2022-07-19 11:46:46 - [MESSAGE][PASSED] - Object: 'Object Repository/Page_Concours photo  votez pour la plus bel_494087/input_concat(Votez pour le plus beau chien de la cte d, , Opale )_jouer' is clicked on

2022-07-19 11:46:46 - [TEST_STEP][PASSED] - if (verifyElementPresent(findTestObject("Page_Concours photo  votez pour la plus bel_494087/input_concat(Votez pour le plus beau chien de la cte d, , Opale )_jouer"), 1, OPTIONAL)): null

2022-07-19 11:46:47 - [MESSAGE][PASSED] - Object 'Object Repository/Page_Concours photo  votez pour la plus bel_494087/input_concat(Votez pour le plus beau chien de la cte d, , Opale )_jouer' is present

2022-07-19 11:46:47 - [TEST_STEP][PASSED] - click(findTestObject("Object Repository/Page_Concours photo  votez pour la plus bel_494087/input_concat(Votez pour le plus beau chien de la cte d, , Opale )_jouer")): Object: 'Object Repository/Page_Concours photo  votez pour la plus bel_494087/input_concat(Votez pour le plus beau chien de la cte d, , Opale )_jouer' is clicked on

2022-07-19 11:46:47 - [MESSAGE][PASSED] - Object: 'Object Repository/Page_Concours photo  votez pour la plus bel_494087/input_concat(Votez pour le plus beau chien de la cte d, , Opale )_jouer' is clicked on

2022-07-19 11:46:47 - [TEST_STEP][PASSED] - delay(1): Delayed 1 second(s)

2022-07-19 11:46:48 - [MESSAGE][PASSED] - Delayed 1 second(s)

2022-07-19 11:46:48 - [TEST_STEP][PASSED] - setText(findTestObject("Object Repository/Page_Concours photo  votez pour la plus bel_494087/input_trie par_keyword"), "Gaspard"): Text 'Gaspard' is set on object 'Object Repository/Page_Concours photo  votez pour la plus bel_494087/input_trie par_keyword'

2022-07-19 11:46:49 - [MESSAGE][PASSED] - Text 'Gaspard' is set on object 'Object Repository/Page_Concours photo  votez pour la plus bel_494087/input_trie par_keyword'

2022-07-19 11:46:49 - [TEST_STEP][PASSED] - sendKeys(findTestObject("Page_Concours photo  votez pour la plus bel_494087/input_trie par_keyword"), Keys.chord(ENTER)): Keys 'ENTER + ' sent to object: 'Object Repository/Page_Concours photo  votez pour la plus bel_494087/input_trie par_keyword'

2022-07-19 11:46:51 - [MESSAGE][PASSED] - Keys 'ENTER + ' sent to object: 'Object Repository/Page_Concours photo  votez pour la plus bel_494087/input_trie par_keyword'

2022-07-19 11:46:51 - [TEST_STEP][PASSED] - click(findTestObject("Page_Concours photo  votez pour la plus bel_494087/tri")): Object: 'Object Repository/Page_Concours photo  votez pour la plus bel_494087/tri' is clicked on

2022-07-19 11:46:51 - [MESSAGE][PASSED] - Object: 'Object Repository/Page_Concours photo  votez pour la plus bel_494087/tri' is clicked on

2022-07-19 11:46:51 - [TEST_STEP][PASSED] - click(findTestObject("Page_Concours photo  votez pour la plus bel_494087/plus de votes")): Object: 'Object Repository/Page_Concours photo  votez pour la plus bel_494087/plus de votes' is clicked on

2022-07-19 11:46:52 - [MESSAGE][PASSED] - Object: 'Object Repository/Page_Concours photo  votez pour la plus bel_494087/plus de votes' is clicked on

2022-07-19 11:46:52 - [TEST_STEP][PASSED] - click(findTestObject("Object Repository/Page_Concours photo  votez pour la plus bel_494087/i_Votes_fa fa-heart")): Object: 'Object Repository/Page_Concours photo  votez pour la plus bel_494087/i_Votes_fa fa-heart' is clicked on

2022-07-19 11:46:53 - [MESSAGE][PASSED] - Object: 'Object Repository/Page_Concours photo  votez pour la plus bel_494087/i_Votes_fa fa-heart' is clicked on

2022-07-19 11:46:53 - [TEST_STEP][PASSED] - delay(1): Delayed 1 second(s)

2022-07-19 11:46:54 - [MESSAGE][PASSED] - Delayed 1 second(s)

2022-07-19 11:46:54 - [TEST_STEP][PASSED] - closeBrowser(): Browser is closed

2022-07-19 11:46:54 - [MESSAGE][PASSED] - Browser is closed]]></system-out>
         <system-err><![CDATA[]]></system-err>
      </testcase>
      <testcase name="Test Cases/Vote" time="30.845" classname="Test Cases/Vote" status="PASSED">
         <system-out><![CDATA[2022-07-19 11:46:54 - [TEST_CASE][PASSED] - Test Cases/Vote: Test Cases/Vote

2022-07-19 11:46:54 - [TEST_STEP][PASSED] - openBrowser(""): Browser is opened with url: ''

2022-07-19 11:46:54 - [MESSAGE][INFO] - Starting 'Chrome' driver

2022-07-19 11:46:54 - [MESSAGE][INFO] - Action delay is set to 0 milliseconds

2022-07-19 11:46:56 - [MESSAGE][PASSED] - Browser is opened with url: ''

2022-07-19 11:46:56 - [TEST_STEP][PASSED] - navigateToUrl("https://lesechosdutouquet.nordlittoral.fr/147787/article/2022-06-30/concours-photo-montrez-nous-la-plus-belle-photo-de-votre-chien-en-promenade-sur#l5lb6r47qsmp9ur58y"): Navigate to 'https://lesechosdutouquet.nordlittoral.fr/147787/article/2022-06-30/concours-photo-montrez-nous-la-plus-belle-photo-de-votre-chien-en-promenade-sur#l5lb6r47qsmp9ur58y' successfully

2022-07-19 11:46:58 - [MESSAGE][PASSED] - Navigate to 'https://lesechosdutouquet.nordlittoral.fr/147787/article/2022-06-30/concours-photo-montrez-nous-la-plus-belle-photo-de-votre-chien-en-promenade-sur#l5lb6r47qsmp9ur58y' successfully

2022-07-19 11:46:58 - [TEST_STEP][PASSED] - setViewPortSize(1920, 1080): Viewport is set to new size with width = 1920 and height = 1080

2022-07-19 11:46:58 - [MESSAGE][PASSED] - Viewport is set to new size with width = 1920 and height = 1080

2022-07-19 11:46:58 - [TEST_STEP][PASSED] - click(findTestObject("Object Repository/Page_Concours photo  votez pour la plus bel_494087/button_Accepter  Fermer")): Object: 'Object Repository/Page_Concours photo  votez pour la plus bel_494087/button_Accepter  Fermer' is clicked on

2022-07-19 11:46:59 - [MESSAGE][PASSED] - Object: 'Object Repository/Page_Concours photo  votez pour la plus bel_494087/button_Accepter  Fermer' is clicked on

2022-07-19 11:46:59 - [TEST_STEP][PASSED] - delay(12): Delayed 12 second(s)

2022-07-19 11:47:11 - [MESSAGE][PASSED] - Delayed 12 second(s)

2022-07-19 11:47:11 - [TEST_STEP][PASSED] - click(findTestObject("Object Repository/Page_Concours photo  votez pour la plus bel_494087/a_X")): Object: 'Object Repository/Page_Concours photo  votez pour la plus bel_494087/a_X' is clicked on

2022-07-19 11:47:12 - [MESSAGE][PASSED] - Object: 'Object Repository/Page_Concours photo  votez pour la plus bel_494087/a_X' is clicked on

2022-07-19 11:47:12 - [TEST_STEP][PASSED] - delay(1): Delayed 1 second(s)

2022-07-19 11:47:13 - [MESSAGE][PASSED] - Delayed 1 second(s)

2022-07-19 11:47:13 - [TEST_STEP][PASSED] - click(findTestObject("Object Repository/Page_Concours photo  votez pour la plus bel_494087/input_concat(Votez pour le plus beau chien de la cte d, , Opale )_jouer")): Object: 'Object Repository/Page_Concours photo  votez pour la plus bel_494087/input_concat(Votez pour le plus beau chien de la cte d, , Opale )_jouer' is clicked on

2022-07-19 11:47:13 - [MESSAGE][PASSED] - Object: 'Object Repository/Page_Concours photo  votez pour la plus bel_494087/input_concat(Votez pour le plus beau chien de la cte d, , Opale )_jouer' is clicked on

2022-07-19 11:47:14 - [TEST_STEP][PASSED] - if (verifyElementPresent(findTestObject("Page_Concours photo  votez pour la plus bel_494087/input_concat(Votez pour le plus beau chien de la cte d, , Opale )_jouer"), 1, OPTIONAL)): null

2022-07-19 11:47:15 - [MESSAGE][PASSED] - Object 'Object Repository/Page_Concours photo  votez pour la plus bel_494087/input_concat(Votez pour le plus beau chien de la cte d, , Opale )_jouer' is present

2022-07-19 11:47:15 - [TEST_STEP][PASSED] - click(findTestObject("Object Repository/Page_Concours photo  votez pour la plus bel_494087/input_concat(Votez pour le plus beau chien de la cte d, , Opale )_jouer")): Object: 'Object Repository/Page_Concours photo  votez pour la plus bel_494087/input_concat(Votez pour le plus beau chien de la cte d, , Opale )_jouer' is clicked on

2022-07-19 11:47:15 - [MESSAGE][PASSED] - Object: 'Object Repository/Page_Concours photo  votez pour la plus bel_494087/input_concat(Votez pour le plus beau chien de la cte d, , Opale )_jouer' is clicked on

2022-07-19 11:47:15 - [TEST_STEP][PASSED] - delay(1): Delayed 1 second(s)

2022-07-19 11:47:16 - [MESSAGE][PASSED] - Delayed 1 second(s)

2022-07-19 11:47:16 - [TEST_STEP][PASSED] - setText(findTestObject("Object Repository/Page_Concours photo  votez pour la plus bel_494087/input_trie par_keyword"), "Gaspard"): Text 'Gaspard' is set on object 'Object Repository/Page_Concours photo  votez pour la plus bel_494087/input_trie par_keyword'

2022-07-19 11:47:19 - [MESSAGE][PASSED] - Text 'Gaspard' is set on object 'Object Repository/Page_Concours photo  votez pour la plus bel_494087/input_trie par_keyword'

2022-07-19 11:47:19 - [TEST_STEP][PASSED] - sendKeys(findTestObject("Page_Concours photo  votez pour la plus bel_494087/input_trie par_keyword"), Keys.chord(ENTER)): Keys 'ENTER + ' sent to object: 'Object Repository/Page_Concours photo  votez pour la plus bel_494087/input_trie par_keyword'

2022-07-19 11:47:21 - [MESSAGE][PASSED] - Keys 'ENTER + ' sent to object: 'Object Repository/Page_Concours photo  votez pour la plus bel_494087/input_trie par_keyword'

2022-07-19 11:47:21 - [TEST_STEP][PASSED] - click(findTestObject("Page_Concours photo  votez pour la plus bel_494087/tri")): Object: 'Object Repository/Page_Concours photo  votez pour la plus bel_494087/tri' is clicked on

2022-07-19 11:47:22 - [MESSAGE][PASSED] - Object: 'Object Repository/Page_Concours photo  votez pour la plus bel_494087/tri' is clicked on

2022-07-19 11:47:22 - [TEST_STEP][PASSED] - click(findTestObject("Page_Concours photo  votez pour la plus bel_494087/plus de votes")): Object: 'Object Repository/Page_Concours photo  votez pour la plus bel_494087/plus de votes' is clicked on

2022-07-19 11:47:22 - [MESSAGE][PASSED] - Object: 'Object Repository/Page_Concours photo  votez pour la plus bel_494087/plus de votes' is clicked on

2022-07-19 11:47:23 - [TEST_STEP][PASSED] - click(findTestObject("Object Repository/Page_Concours photo  votez pour la plus bel_494087/i_Votes_fa fa-heart")): Object: 'Object Repository/Page_Concours photo  votez pour la plus bel_494087/i_Votes_fa fa-heart' is clicked on

2022-07-19 11:47:24 - [MESSAGE][PASSED] - Object: 'Object Repository/Page_Concours photo  votez pour la plus bel_494087/i_Votes_fa fa-heart' is clicked on

2022-07-19 11:47:24 - [TEST_STEP][PASSED] - delay(1): Delayed 1 second(s)

2022-07-19 11:47:25 - [MESSAGE][PASSED] - Delayed 1 second(s)

2022-07-19 11:47:25 - [TEST_STEP][PASSED] - closeBrowser(): Browser is closed

2022-07-19 11:47:25 - [MESSAGE][PASSED] - Browser is closed]]></system-out>
         <system-err><![CDATA[]]></system-err>
      </testcase>
      <testcase name="Test Cases/Vote" time="32.513" classname="Test Cases/Vote" status="PASSED">
         <system-out><![CDATA[2022-07-19 11:47:25 - [TEST_CASE][PASSED] - Test Cases/Vote: Test Cases/Vote

2022-07-19 11:47:25 - [TEST_STEP][PASSED] - openBrowser(""): Browser is opened with url: ''

2022-07-19 11:47:25 - [MESSAGE][INFO] - Starting 'Chrome' driver

2022-07-19 11:47:25 - [MESSAGE][INFO] - Action delay is set to 0 milliseconds

2022-07-19 11:47:26 - [MESSAGE][PASSED] - Browser is opened with url: ''

2022-07-19 11:47:26 - [TEST_STEP][PASSED] - navigateToUrl("https://lesechosdutouquet.nordlittoral.fr/147787/article/2022-06-30/concours-photo-montrez-nous-la-plus-belle-photo-de-votre-chien-en-promenade-sur#l5lb6r47qsmp9ur58y"): Navigate to 'https://lesechosdutouquet.nordlittoral.fr/147787/article/2022-06-30/concours-photo-montrez-nous-la-plus-belle-photo-de-votre-chien-en-promenade-sur#l5lb6r47qsmp9ur58y' successfully

2022-07-19 11:47:30 - [MESSAGE][PASSED] - Navigate to 'https://lesechosdutouquet.nordlittoral.fr/147787/article/2022-06-30/concours-photo-montrez-nous-la-plus-belle-photo-de-votre-chien-en-promenade-sur#l5lb6r47qsmp9ur58y' successfully

2022-07-19 11:47:30 - [TEST_STEP][PASSED] - setViewPortSize(1920, 1080): Viewport is set to new size with width = 1920 and height = 1080

2022-07-19 11:47:30 - [MESSAGE][PASSED] - Viewport is set to new size with width = 1920 and height = 1080

2022-07-19 11:47:30 - [TEST_STEP][PASSED] - click(findTestObject("Object Repository/Page_Concours photo  votez pour la plus bel_494087/button_Accepter  Fermer")): Object: 'Object Repository/Page_Concours photo  votez pour la plus bel_494087/button_Accepter  Fermer' is clicked on

2022-07-19 11:47:32 - [MESSAGE][PASSED] - Object: 'Object Repository/Page_Concours photo  votez pour la plus bel_494087/button_Accepter  Fermer' is clicked on

2022-07-19 11:47:32 - [TEST_STEP][PASSED] - delay(12): Delayed 12 second(s)

2022-07-19 11:47:44 - [MESSAGE][PASSED] - Delayed 12 second(s)

2022-07-19 11:47:44 - [TEST_STEP][PASSED] - click(findTestObject("Object Repository/Page_Concours photo  votez pour la plus bel_494087/a_X")): Object: 'Object Repository/Page_Concours photo  votez pour la plus bel_494087/a_X' is clicked on

2022-07-19 11:47:45 - [MESSAGE][PASSED] - Object: 'Object Repository/Page_Concours photo  votez pour la plus bel_494087/a_X' is clicked on

2022-07-19 11:47:45 - [TEST_STEP][PASSED] - delay(1): Delayed 1 second(s)

2022-07-19 11:47:46 - [MESSAGE][PASSED] - Delayed 1 second(s)

2022-07-19 11:47:46 - [TEST_STEP][PASSED] - click(findTestObject("Object Repository/Page_Concours photo  votez pour la plus bel_494087/input_concat(Votez pour le plus beau chien de la cte d, , Opale )_jouer")): Object: 'Object Repository/Page_Concours photo  votez pour la plus bel_494087/input_concat(Votez pour le plus beau chien de la cte d, , Opale )_jouer' is clicked on

2022-07-19 11:47:46 - [MESSAGE][PASSED] - Object: 'Object Repository/Page_Concours photo  votez pour la plus bel_494087/input_concat(Votez pour le plus beau chien de la cte d, , Opale )_jouer' is clicked on

2022-07-19 11:47:46 - [TEST_STEP][PASSED] - if (verifyElementPresent(findTestObject("Page_Concours photo  votez pour la plus bel_494087/input_concat(Votez pour le plus beau chien de la cte d, , Opale )_jouer"), 1, OPTIONAL)): null

2022-07-19 11:47:48 - [MESSAGE][PASSED] - Object 'Object Repository/Page_Concours photo  votez pour la plus bel_494087/input_concat(Votez pour le plus beau chien de la cte d, , Opale )_jouer' is present

2022-07-19 11:47:48 - [TEST_STEP][PASSED] - click(findTestObject("Object Repository/Page_Concours photo  votez pour la plus bel_494087/input_concat(Votez pour le plus beau chien de la cte d, , Opale )_jouer")): Object: 'Object Repository/Page_Concours photo  votez pour la plus bel_494087/input_concat(Votez pour le plus beau chien de la cte d, , Opale )_jouer' is clicked on

2022-07-19 11:47:48 - [MESSAGE][PASSED] - Object: 'Object Repository/Page_Concours photo  votez pour la plus bel_494087/input_concat(Votez pour le plus beau chien de la cte d, , Opale )_jouer' is clicked on

2022-07-19 11:47:48 - [TEST_STEP][PASSED] - delay(1): Delayed 1 second(s)

2022-07-19 11:47:49 - [MESSAGE][PASSED] - Delayed 1 second(s)

2022-07-19 11:47:49 - [TEST_STEP][PASSED] - setText(findTestObject("Object Repository/Page_Concours photo  votez pour la plus bel_494087/input_trie par_keyword"), "Gaspard"): Text 'Gaspard' is set on object 'Object Repository/Page_Concours photo  votez pour la plus bel_494087/input_trie par_keyword'

2022-07-19 11:47:53 - [MESSAGE][PASSED] - Text 'Gaspard' is set on object 'Object Repository/Page_Concours photo  votez pour la plus bel_494087/input_trie par_keyword'

2022-07-19 11:47:53 - [TEST_STEP][PASSED] - sendKeys(findTestObject("Page_Concours photo  votez pour la plus bel_494087/input_trie par_keyword"), Keys.chord(ENTER)): Keys 'ENTER + ' sent to object: 'Object Repository/Page_Concours photo  votez pour la plus bel_494087/input_trie par_keyword'

2022-07-19 11:47:53 - [MESSAGE][PASSED] - Keys 'ENTER + ' sent to object: 'Object Repository/Page_Concours photo  votez pour la plus bel_494087/input_trie par_keyword'

2022-07-19 11:47:53 - [TEST_STEP][PASSED] - click(findTestObject("Page_Concours photo  votez pour la plus bel_494087/tri")): Object: 'Object Repository/Page_Concours photo  votez pour la plus bel_494087/tri' is clicked on

2022-07-19 11:47:54 - [MESSAGE][PASSED] - Object: 'Object Repository/Page_Concours photo  votez pour la plus bel_494087/tri' is clicked on

2022-07-19 11:47:54 - [TEST_STEP][PASSED] - click(findTestObject("Page_Concours photo  votez pour la plus bel_494087/plus de votes")): Object: 'Object Repository/Page_Concours photo  votez pour la plus bel_494087/plus de votes' is clicked on

2022-07-19 11:47:55 - [MESSAGE][PASSED] - Object: 'Object Repository/Page_Concours photo  votez pour la plus bel_494087/plus de votes' is clicked on

2022-07-19 11:47:56 - [TEST_STEP][PASSED] - click(findTestObject("Object Repository/Page_Concours photo  votez pour la plus bel_494087/i_Votes_fa fa-heart")): Object: 'Object Repository/Page_Concours photo  votez pour la plus bel_494087/i_Votes_fa fa-heart' is clicked on

2022-07-19 11:47:56 - [MESSAGE][PASSED] - Object: 'Object Repository/Page_Concours photo  votez pour la plus bel_494087/i_Votes_fa fa-heart' is clicked on

2022-07-19 11:47:56 - [TEST_STEP][PASSED] - delay(1): Delayed 1 second(s)

2022-07-19 11:47:57 - [MESSAGE][PASSED] - Delayed 1 second(s)

2022-07-19 11:47:57 - [TEST_STEP][PASSED] - closeBrowser(): Browser is closed

2022-07-19 11:47:58 - [MESSAGE][PASSED] - Browser is closed]]></system-out>
         <system-err><![CDATA[]]></system-err>
      </testcase>
      <testcase name="Test Cases/Vote" time="42.262" classname="Test Cases/Vote" status="PASSED">
         <system-out><![CDATA[2022-07-19 11:47:58 - [TEST_CASE][PASSED] - Test Cases/Vote: Test Cases/Vote

2022-07-19 11:47:58 - [TEST_STEP][PASSED] - openBrowser(""): Browser is opened with url: ''

2022-07-19 11:47:58 - [MESSAGE][INFO] - Starting 'Chrome' driver

2022-07-19 11:47:58 - [MESSAGE][INFO] - Action delay is set to 0 milliseconds

2022-07-19 11:47:59 - [MESSAGE][PASSED] - Browser is opened with url: ''

2022-07-19 11:47:59 - [TEST_STEP][PASSED] - navigateToUrl("https://lesechosdutouquet.nordlittoral.fr/147787/article/2022-06-30/concours-photo-montrez-nous-la-plus-belle-photo-de-votre-chien-en-promenade-sur#l5lb6r47qsmp9ur58y"): Navigate to 'https://lesechosdutouquet.nordlittoral.fr/147787/article/2022-06-30/concours-photo-montrez-nous-la-plus-belle-photo-de-votre-chien-en-promenade-sur#l5lb6r47qsmp9ur58y' successfully

2022-07-19 11:48:14 - [MESSAGE][PASSED] - Navigate to 'https://lesechosdutouquet.nordlittoral.fr/147787/article/2022-06-30/concours-photo-montrez-nous-la-plus-belle-photo-de-votre-chien-en-promenade-sur#l5lb6r47qsmp9ur58y' successfully

2022-07-19 11:48:14 - [TEST_STEP][PASSED] - setViewPortSize(1920, 1080): Viewport is set to new size with width = 1920 and height = 1080

2022-07-19 11:48:14 - [MESSAGE][PASSED] - Viewport is set to new size with width = 1920 and height = 1080

2022-07-19 11:48:14 - [TEST_STEP][PASSED] - click(findTestObject("Object Repository/Page_Concours photo  votez pour la plus bel_494087/button_Accepter  Fermer")): Object: 'Object Repository/Page_Concours photo  votez pour la plus bel_494087/button_Accepter  Fermer' is clicked on

2022-07-19 11:48:15 - [MESSAGE][PASSED] - Object: 'Object Repository/Page_Concours photo  votez pour la plus bel_494087/button_Accepter  Fermer' is clicked on

2022-07-19 11:48:15 - [TEST_STEP][PASSED] - delay(12): Delayed 12 second(s)

2022-07-19 11:48:27 - [MESSAGE][PASSED] - Delayed 12 second(s)

2022-07-19 11:48:27 - [TEST_STEP][PASSED] - click(findTestObject("Object Repository/Page_Concours photo  votez pour la plus bel_494087/a_X")): Object: 'Object Repository/Page_Concours photo  votez pour la plus bel_494087/a_X' is clicked on

2022-07-19 11:48:27 - [MESSAGE][PASSED] - Object: 'Object Repository/Page_Concours photo  votez pour la plus bel_494087/a_X' is clicked on

2022-07-19 11:48:27 - [TEST_STEP][PASSED] - delay(1): Delayed 1 second(s)

2022-07-19 11:48:28 - [MESSAGE][PASSED] - Delayed 1 second(s)

2022-07-19 11:48:28 - [TEST_STEP][PASSED] - click(findTestObject("Object Repository/Page_Concours photo  votez pour la plus bel_494087/input_concat(Votez pour le plus beau chien de la cte d, , Opale )_jouer")): Object: 'Object Repository/Page_Concours photo  votez pour la plus bel_494087/input_concat(Votez pour le plus beau chien de la cte d, , Opale )_jouer' is clicked on

2022-07-19 11:48:29 - [MESSAGE][PASSED] - Object: 'Object Repository/Page_Concours photo  votez pour la plus bel_494087/input_concat(Votez pour le plus beau chien de la cte d, , Opale )_jouer' is clicked on

2022-07-19 11:48:29 - [TEST_STEP][PASSED] - if (verifyElementPresent(findTestObject("Page_Concours photo  votez pour la plus bel_494087/input_concat(Votez pour le plus beau chien de la cte d, , Opale )_jouer"), 1, OPTIONAL)): null

2022-07-19 11:48:31 - [MESSAGE][PASSED] - Object 'Object Repository/Page_Concours photo  votez pour la plus bel_494087/input_concat(Votez pour le plus beau chien de la cte d, , Opale )_jouer' is present

2022-07-19 11:48:31 - [TEST_STEP][PASSED] - click(findTestObject("Object Repository/Page_Concours photo  votez pour la plus bel_494087/input_concat(Votez pour le plus beau chien de la cte d, , Opale )_jouer")): Object: 'Object Repository/Page_Concours photo  votez pour la plus bel_494087/input_concat(Votez pour le plus beau chien de la cte d, , Opale )_jouer' is clicked on

2022-07-19 11:48:31 - [MESSAGE][PASSED] - Object: 'Object Repository/Page_Concours photo  votez pour la plus bel_494087/input_concat(Votez pour le plus beau chien de la cte d, , Opale )_jouer' is clicked on

2022-07-19 11:48:31 - [TEST_STEP][PASSED] - delay(1): Delayed 1 second(s)

2022-07-19 11:48:32 - [MESSAGE][PASSED] - Delayed 1 second(s)

2022-07-19 11:48:32 - [TEST_STEP][PASSED] - setText(findTestObject("Object Repository/Page_Concours photo  votez pour la plus bel_494087/input_trie par_keyword"), "Gaspard"): Text 'Gaspard' is set on object 'Object Repository/Page_Concours photo  votez pour la plus bel_494087/input_trie par_keyword'

2022-07-19 11:48:35 - [MESSAGE][PASSED] - Text 'Gaspard' is set on object 'Object Repository/Page_Concours photo  votez pour la plus bel_494087/input_trie par_keyword'

2022-07-19 11:48:35 - [TEST_STEP][PASSED] - sendKeys(findTestObject("Page_Concours photo  votez pour la plus bel_494087/input_trie par_keyword"), Keys.chord(ENTER)): Keys 'ENTER + ' sent to object: 'Object Repository/Page_Concours photo  votez pour la plus bel_494087/input_trie par_keyword'

2022-07-19 11:48:35 - [MESSAGE][PASSED] - Keys 'ENTER + ' sent to object: 'Object Repository/Page_Concours photo  votez pour la plus bel_494087/input_trie par_keyword'

2022-07-19 11:48:35 - [TEST_STEP][PASSED] - click(findTestObject("Page_Concours photo  votez pour la plus bel_494087/tri")): Object: 'Object Repository/Page_Concours photo  votez pour la plus bel_494087/tri' is clicked on

2022-07-19 11:48:37 - [MESSAGE][PASSED] - Object: 'Object Repository/Page_Concours photo  votez pour la plus bel_494087/tri' is clicked on

2022-07-19 11:48:37 - [TEST_STEP][PASSED] - click(findTestObject("Page_Concours photo  votez pour la plus bel_494087/plus de votes")): Object: 'Object Repository/Page_Concours photo  votez pour la plus bel_494087/plus de votes' is clicked on

2022-07-19 11:48:37 - [MESSAGE][PASSED] - Object: 'Object Repository/Page_Concours photo  votez pour la plus bel_494087/plus de votes' is clicked on

2022-07-19 11:48:38 - [TEST_STEP][PASSED] - click(findTestObject("Object Repository/Page_Concours photo  votez pour la plus bel_494087/i_Votes_fa fa-heart")): Object: 'Object Repository/Page_Concours photo  votez pour la plus bel_494087/i_Votes_fa fa-heart' is clicked on

2022-07-19 11:48:39 - [MESSAGE][PASSED] - Object: 'Object Repository/Page_Concours photo  votez pour la plus bel_494087/i_Votes_fa fa-heart' is clicked on

2022-07-19 11:48:39 - [TEST_STEP][PASSED] - delay(1): Delayed 1 second(s)

2022-07-19 11:48:40 - [MESSAGE][PASSED] - Delayed 1 second(s)

2022-07-19 11:48:40 - [TEST_STEP][PASSED] - closeBrowser(): Browser is closed

2022-07-19 11:48:40 - [MESSAGE][PASSED] - Browser is closed]]></system-out>
         <system-err><![CDATA[]]></system-err>
      </testcase>
      <testcase name="Test Cases/Vote" time="33.769" classname="Test Cases/Vote" status="PASSED">
         <system-out><![CDATA[2022-07-19 11:48:40 - [TEST_CASE][PASSED] - Test Cases/Vote: Test Cases/Vote

2022-07-19 11:48:40 - [TEST_STEP][PASSED] - openBrowser(""): Browser is opened with url: ''

2022-07-19 11:48:40 - [MESSAGE][INFO] - Starting 'Chrome' driver

2022-07-19 11:48:40 - [MESSAGE][INFO] - Action delay is set to 0 milliseconds

2022-07-19 11:48:41 - [MESSAGE][PASSED] - Browser is opened with url: ''

2022-07-19 11:48:41 - [TEST_STEP][PASSED] - navigateToUrl("https://lesechosdutouquet.nordlittoral.fr/147787/article/2022-06-30/concours-photo-montrez-nous-la-plus-belle-photo-de-votre-chien-en-promenade-sur#l5lb6r47qsmp9ur58y"): Navigate to 'https://lesechosdutouquet.nordlittoral.fr/147787/article/2022-06-30/concours-photo-montrez-nous-la-plus-belle-photo-de-votre-chien-en-promenade-sur#l5lb6r47qsmp9ur58y' successfully

2022-07-19 11:48:44 - [MESSAGE][PASSED] - Navigate to 'https://lesechosdutouquet.nordlittoral.fr/147787/article/2022-06-30/concours-photo-montrez-nous-la-plus-belle-photo-de-votre-chien-en-promenade-sur#l5lb6r47qsmp9ur58y' successfully

2022-07-19 11:48:44 - [TEST_STEP][PASSED] - setViewPortSize(1920, 1080): Viewport is set to new size with width = 1920 and height = 1080

2022-07-19 11:48:44 - [MESSAGE][PASSED] - Viewport is set to new size with width = 1920 and height = 1080

2022-07-19 11:48:44 - [TEST_STEP][PASSED] - click(findTestObject("Object Repository/Page_Concours photo  votez pour la plus bel_494087/button_Accepter  Fermer")): Object: 'Object Repository/Page_Concours photo  votez pour la plus bel_494087/button_Accepter  Fermer' is clicked on

2022-07-19 11:48:45 - [MESSAGE][PASSED] - Object: 'Object Repository/Page_Concours photo  votez pour la plus bel_494087/button_Accepter  Fermer' is clicked on

2022-07-19 11:48:45 - [TEST_STEP][PASSED] - delay(12): Delayed 12 second(s)

2022-07-19 11:48:57 - [MESSAGE][PASSED] - Delayed 12 second(s)

2022-07-19 11:48:57 - [TEST_STEP][PASSED] - click(findTestObject("Object Repository/Page_Concours photo  votez pour la plus bel_494087/a_X")): Object: 'Object Repository/Page_Concours photo  votez pour la plus bel_494087/a_X' is clicked on

2022-07-19 11:48:58 - [MESSAGE][PASSED] - Object: 'Object Repository/Page_Concours photo  votez pour la plus bel_494087/a_X' is clicked on

2022-07-19 11:48:58 - [TEST_STEP][PASSED] - delay(1): Delayed 1 second(s)

2022-07-19 11:48:59 - [MESSAGE][PASSED] - Delayed 1 second(s)

2022-07-19 11:48:59 - [TEST_STEP][PASSED] - click(findTestObject("Object Repository/Page_Concours photo  votez pour la plus bel_494087/input_concat(Votez pour le plus beau chien de la cte d, , Opale )_jouer")): Object: 'Object Repository/Page_Concours photo  votez pour la plus bel_494087/input_concat(Votez pour le plus beau chien de la cte d, , Opale )_jouer' is clicked on

2022-07-19 11:48:59 - [MESSAGE][PASSED] - Object: 'Object Repository/Page_Concours photo  votez pour la plus bel_494087/input_concat(Votez pour le plus beau chien de la cte d, , Opale )_jouer' is clicked on

2022-07-19 11:49:00 - [TEST_STEP][PASSED] - if (verifyElementPresent(findTestObject("Page_Concours photo  votez pour la plus bel_494087/input_concat(Votez pour le plus beau chien de la cte d, , Opale )_jouer"), 1, OPTIONAL)): null

2022-07-19 11:49:01 - [MESSAGE][PASSED] - Object 'Object Repository/Page_Concours photo  votez pour la plus bel_494087/input_concat(Votez pour le plus beau chien de la cte d, , Opale )_jouer' is present

2022-07-19 11:49:01 - [TEST_STEP][PASSED] - click(findTestObject("Object Repository/Page_Concours photo  votez pour la plus bel_494087/input_concat(Votez pour le plus beau chien de la cte d, , Opale )_jouer")): Object: 'Object Repository/Page_Concours photo  votez pour la plus bel_494087/input_concat(Votez pour le plus beau chien de la cte d, , Opale )_jouer' is clicked on

2022-07-19 11:49:02 - [MESSAGE][PASSED] - Object: 'Object Repository/Page_Concours photo  votez pour la plus bel_494087/input_concat(Votez pour le plus beau chien de la cte d, , Opale )_jouer' is clicked on

2022-07-19 11:49:02 - [TEST_STEP][PASSED] - delay(1): Delayed 1 second(s)

2022-07-19 11:49:03 - [MESSAGE][PASSED] - Delayed 1 second(s)

2022-07-19 11:49:03 - [TEST_STEP][PASSED] - setText(findTestObject("Object Repository/Page_Concours photo  votez pour la plus bel_494087/input_trie par_keyword"), "Gaspard"): Text 'Gaspard' is set on object 'Object Repository/Page_Concours photo  votez pour la plus bel_494087/input_trie par_keyword'

2022-07-19 11:49:06 - [MESSAGE][PASSED] - Text 'Gaspard' is set on object 'Object Repository/Page_Concours photo  votez pour la plus bel_494087/input_trie par_keyword'

2022-07-19 11:49:06 - [TEST_STEP][PASSED] - sendKeys(findTestObject("Page_Concours photo  votez pour la plus bel_494087/input_trie par_keyword"), Keys.chord(ENTER)): Keys 'ENTER + ' sent to object: 'Object Repository/Page_Concours photo  votez pour la plus bel_494087/input_trie par_keyword'

2022-07-19 11:49:10 - [MESSAGE][PASSED] - Keys 'ENTER + ' sent to object: 'Object Repository/Page_Concours photo  votez pour la plus bel_494087/input_trie par_keyword'

2022-07-19 11:49:10 - [TEST_STEP][PASSED] - click(findTestObject("Page_Concours photo  votez pour la plus bel_494087/tri")): Object: 'Object Repository/Page_Concours photo  votez pour la plus bel_494087/tri' is clicked on

2022-07-19 11:49:10 - [MESSAGE][PASSED] - Object: 'Object Repository/Page_Concours photo  votez pour la plus bel_494087/tri' is clicked on

2022-07-19 11:49:10 - [TEST_STEP][PASSED] - click(findTestObject("Page_Concours photo  votez pour la plus bel_494087/plus de votes")): Object: 'Object Repository/Page_Concours photo  votez pour la plus bel_494087/plus de votes' is clicked on

2022-07-19 11:49:11 - [MESSAGE][PASSED] - Object: 'Object Repository/Page_Concours photo  votez pour la plus bel_494087/plus de votes' is clicked on

2022-07-19 11:49:12 - [TEST_STEP][PASSED] - click(findTestObject("Object Repository/Page_Concours photo  votez pour la plus bel_494087/i_Votes_fa fa-heart")): Object: 'Object Repository/Page_Concours photo  votez pour la plus bel_494087/i_Votes_fa fa-heart' is clicked on

2022-07-19 11:49:13 - [MESSAGE][PASSED] - Object: 'Object Repository/Page_Concours photo  votez pour la plus bel_494087/i_Votes_fa fa-heart' is clicked on

2022-07-19 11:49:13 - [TEST_STEP][PASSED] - delay(1): Delayed 1 second(s)

2022-07-19 11:49:14 - [MESSAGE][PASSED] - Delayed 1 second(s)

2022-07-19 11:49:14 - [TEST_STEP][PASSED] - closeBrowser(): Browser is closed

2022-07-19 11:49:14 - [MESSAGE][PASSED] - Browser is closed]]></system-out>
         <system-err><![CDATA[]]></system-err>
      </testcase>
      <testcase name="Test Cases/Vote" time="35.694" classname="Test Cases/Vote" status="PASSED">
         <system-out><![CDATA[2022-07-19 11:49:14 - [TEST_CASE][PASSED] - Test Cases/Vote: Test Cases/Vote

2022-07-19 11:49:14 - [TEST_STEP][PASSED] - openBrowser(""): Browser is opened with url: ''

2022-07-19 11:49:14 - [MESSAGE][INFO] - Starting 'Chrome' driver

2022-07-19 11:49:14 - [MESSAGE][INFO] - Action delay is set to 0 milliseconds

2022-07-19 11:49:15 - [MESSAGE][PASSED] - Browser is opened with url: ''

2022-07-19 11:49:15 - [TEST_STEP][PASSED] - navigateToUrl("https://lesechosdutouquet.nordlittoral.fr/147787/article/2022-06-30/concours-photo-montrez-nous-la-plus-belle-photo-de-votre-chien-en-promenade-sur#l5lb6r47qsmp9ur58y"): Navigate to 'https://lesechosdutouquet.nordlittoral.fr/147787/article/2022-06-30/concours-photo-montrez-nous-la-plus-belle-photo-de-votre-chien-en-promenade-sur#l5lb6r47qsmp9ur58y' successfully

2022-07-19 11:49:23 - [MESSAGE][PASSED] - Navigate to 'https://lesechosdutouquet.nordlittoral.fr/147787/article/2022-06-30/concours-photo-montrez-nous-la-plus-belle-photo-de-votre-chien-en-promenade-sur#l5lb6r47qsmp9ur58y' successfully

2022-07-19 11:49:23 - [TEST_STEP][PASSED] - setViewPortSize(1920, 1080): Viewport is set to new size with width = 1920 and height = 1080

2022-07-19 11:49:23 - [MESSAGE][PASSED] - Viewport is set to new size with width = 1920 and height = 1080

2022-07-19 11:49:23 - [TEST_STEP][PASSED] - click(findTestObject("Object Repository/Page_Concours photo  votez pour la plus bel_494087/button_Accepter  Fermer")): Object: 'Object Repository/Page_Concours photo  votez pour la plus bel_494087/button_Accepter  Fermer' is clicked on

2022-07-19 11:49:24 - [MESSAGE][PASSED] - Object: 'Object Repository/Page_Concours photo  votez pour la plus bel_494087/button_Accepter  Fermer' is clicked on

2022-07-19 11:49:24 - [TEST_STEP][PASSED] - delay(12): Delayed 12 second(s)

2022-07-19 11:49:36 - [MESSAGE][PASSED] - Delayed 12 second(s)

2022-07-19 11:49:36 - [TEST_STEP][PASSED] - click(findTestObject("Object Repository/Page_Concours photo  votez pour la plus bel_494087/a_X")): Object: 'Object Repository/Page_Concours photo  votez pour la plus bel_494087/a_X' is clicked on

2022-07-19 11:49:37 - [MESSAGE][PASSED] - Object: 'Object Repository/Page_Concours photo  votez pour la plus bel_494087/a_X' is clicked on

2022-07-19 11:49:37 - [TEST_STEP][PASSED] - delay(1): Delayed 1 second(s)

2022-07-19 11:49:38 - [MESSAGE][PASSED] - Delayed 1 second(s)

2022-07-19 11:49:38 - [TEST_STEP][PASSED] - click(findTestObject("Object Repository/Page_Concours photo  votez pour la plus bel_494087/input_concat(Votez pour le plus beau chien de la cte d, , Opale )_jouer")): Object: 'Object Repository/Page_Concours photo  votez pour la plus bel_494087/input_concat(Votez pour le plus beau chien de la cte d, , Opale )_jouer' is clicked on

2022-07-19 11:49:38 - [MESSAGE][PASSED] - Object: 'Object Repository/Page_Concours photo  votez pour la plus bel_494087/input_concat(Votez pour le plus beau chien de la cte d, , Opale )_jouer' is clicked on

2022-07-19 11:49:38 - [TEST_STEP][PASSED] - if (verifyElementPresent(findTestObject("Page_Concours photo  votez pour la plus bel_494087/input_concat(Votez pour le plus beau chien de la cte d, , Opale )_jouer"), 1, OPTIONAL)): null

2022-07-19 11:49:40 - [MESSAGE][PASSED] - Object 'Object Repository/Page_Concours photo  votez pour la plus bel_494087/input_concat(Votez pour le plus beau chien de la cte d, , Opale )_jouer' is present

2022-07-19 11:49:40 - [TEST_STEP][PASSED] - click(findTestObject("Object Repository/Page_Concours photo  votez pour la plus bel_494087/input_concat(Votez pour le plus beau chien de la cte d, , Opale )_jouer")): Object: 'Object Repository/Page_Concours photo  votez pour la plus bel_494087/input_concat(Votez pour le plus beau chien de la cte d, , Opale )_jouer' is clicked on

2022-07-19 11:49:40 - [MESSAGE][PASSED] - Object: 'Object Repository/Page_Concours photo  votez pour la plus bel_494087/input_concat(Votez pour le plus beau chien de la cte d, , Opale )_jouer' is clicked on

2022-07-19 11:49:40 - [TEST_STEP][PASSED] - delay(1): Delayed 1 second(s)

2022-07-19 11:49:41 - [MESSAGE][PASSED] - Delayed 1 second(s)

2022-07-19 11:49:41 - [TEST_STEP][PASSED] - setText(findTestObject("Object Repository/Page_Concours photo  votez pour la plus bel_494087/input_trie par_keyword"), "Gaspard"): Text 'Gaspard' is set on object 'Object Repository/Page_Concours photo  votez pour la plus bel_494087/input_trie par_keyword'

2022-07-19 11:49:44 - [MESSAGE][PASSED] - Text 'Gaspard' is set on object 'Object Repository/Page_Concours photo  votez pour la plus bel_494087/input_trie par_keyword'

2022-07-19 11:49:44 - [TEST_STEP][PASSED] - sendKeys(findTestObject("Page_Concours photo  votez pour la plus bel_494087/input_trie par_keyword"), Keys.chord(ENTER)): Keys 'ENTER + ' sent to object: 'Object Repository/Page_Concours photo  votez pour la plus bel_494087/input_trie par_keyword'

2022-07-19 11:49:45 - [MESSAGE][PASSED] - Keys 'ENTER + ' sent to object: 'Object Repository/Page_Concours photo  votez pour la plus bel_494087/input_trie par_keyword'

2022-07-19 11:49:45 - [TEST_STEP][PASSED] - click(findTestObject("Page_Concours photo  votez pour la plus bel_494087/tri")): Object: 'Object Repository/Page_Concours photo  votez pour la plus bel_494087/tri' is clicked on

2022-07-19 11:49:46 - [MESSAGE][PASSED] - Object: 'Object Repository/Page_Concours photo  votez pour la plus bel_494087/tri' is clicked on

2022-07-19 11:49:46 - [TEST_STEP][PASSED] - click(findTestObject("Page_Concours photo  votez pour la plus bel_494087/plus de votes")): Object: 'Object Repository/Page_Concours photo  votez pour la plus bel_494087/plus de votes' is clicked on

2022-07-19 11:49:46 - [MESSAGE][PASSED] - Object: 'Object Repository/Page_Concours photo  votez pour la plus bel_494087/plus de votes' is clicked on

2022-07-19 11:49:48 - [TEST_STEP][PASSED] - click(findTestObject("Object Repository/Page_Concours photo  votez pour la plus bel_494087/i_Votes_fa fa-heart")): Object: 'Object Repository/Page_Concours photo  votez pour la plus bel_494087/i_Votes_fa fa-heart' is clicked on

2022-07-19 11:49:48 - [MESSAGE][PASSED] - Object: 'Object Repository/Page_Concours photo  votez pour la plus bel_494087/i_Votes_fa fa-heart' is clicked on

2022-07-19 11:49:48 - [TEST_STEP][PASSED] - delay(1): Delayed 1 second(s)

2022-07-19 11:49:49 - [MESSAGE][PASSED] - Delayed 1 second(s)

2022-07-19 11:49:49 - [TEST_STEP][PASSED] - closeBrowser(): Browser is closed

2022-07-19 11:49:50 - [MESSAGE][PASSED] - Browser is closed]]></system-out>
         <system-err><![CDATA[]]></system-err>
      </testcase>
      <testcase name="Test Cases/Vote" time="28.895" classname="Test Cases/Vote" status="PASSED">
         <system-out><![CDATA[2022-07-19 11:49:50 - [TEST_CASE][PASSED] - Test Cases/Vote: Test Cases/Vote

2022-07-19 11:49:50 - [TEST_STEP][PASSED] - openBrowser(""): Browser is opened with url: ''

2022-07-19 11:49:50 - [MESSAGE][INFO] - Starting 'Chrome' driver

2022-07-19 11:49:50 - [MESSAGE][INFO] - Action delay is set to 0 milliseconds

2022-07-19 11:49:51 - [MESSAGE][PASSED] - Browser is opened with url: ''

2022-07-19 11:49:51 - [TEST_STEP][PASSED] - navigateToUrl("https://lesechosdutouquet.nordlittoral.fr/147787/article/2022-06-30/concours-photo-montrez-nous-la-plus-belle-photo-de-votre-chien-en-promenade-sur#l5lb6r47qsmp9ur58y"): Navigate to 'https://lesechosdutouquet.nordlittoral.fr/147787/article/2022-06-30/concours-photo-montrez-nous-la-plus-belle-photo-de-votre-chien-en-promenade-sur#l5lb6r47qsmp9ur58y' successfully

2022-07-19 11:49:53 - [MESSAGE][PASSED] - Navigate to 'https://lesechosdutouquet.nordlittoral.fr/147787/article/2022-06-30/concours-photo-montrez-nous-la-plus-belle-photo-de-votre-chien-en-promenade-sur#l5lb6r47qsmp9ur58y' successfully

2022-07-19 11:49:53 - [TEST_STEP][PASSED] - setViewPortSize(1920, 1080): Viewport is set to new size with width = 1920 and height = 1080

2022-07-19 11:49:54 - [MESSAGE][PASSED] - Viewport is set to new size with width = 1920 and height = 1080

2022-07-19 11:49:54 - [TEST_STEP][PASSED] - click(findTestObject("Object Repository/Page_Concours photo  votez pour la plus bel_494087/button_Accepter  Fermer")): Object: 'Object Repository/Page_Concours photo  votez pour la plus bel_494087/button_Accepter  Fermer' is clicked on

2022-07-19 11:49:55 - [MESSAGE][PASSED] - Object: 'Object Repository/Page_Concours photo  votez pour la plus bel_494087/button_Accepter  Fermer' is clicked on

2022-07-19 11:49:55 - [TEST_STEP][PASSED] - delay(12): Delayed 12 second(s)

2022-07-19 11:50:07 - [MESSAGE][PASSED] - Delayed 12 second(s)

2022-07-19 11:50:07 - [TEST_STEP][PASSED] - click(findTestObject("Object Repository/Page_Concours photo  votez pour la plus bel_494087/a_X")): Object: 'Object Repository/Page_Concours photo  votez pour la plus bel_494087/a_X' is clicked on

2022-07-19 11:50:07 - [MESSAGE][PASSED] - Object: 'Object Repository/Page_Concours photo  votez pour la plus bel_494087/a_X' is clicked on

2022-07-19 11:50:07 - [TEST_STEP][PASSED] - delay(1): Delayed 1 second(s)

2022-07-19 11:50:08 - [MESSAGE][PASSED] - Delayed 1 second(s)

2022-07-19 11:50:08 - [TEST_STEP][PASSED] - click(findTestObject("Object Repository/Page_Concours photo  votez pour la plus bel_494087/input_concat(Votez pour le plus beau chien de la cte d, , Opale )_jouer")): Object: 'Object Repository/Page_Concours photo  votez pour la plus bel_494087/input_concat(Votez pour le plus beau chien de la cte d, , Opale )_jouer' is clicked on

2022-07-19 11:50:09 - [MESSAGE][PASSED] - Object: 'Object Repository/Page_Concours photo  votez pour la plus bel_494087/input_concat(Votez pour le plus beau chien de la cte d, , Opale )_jouer' is clicked on

2022-07-19 11:50:09 - [TEST_STEP][PASSED] - if (verifyElementPresent(findTestObject("Page_Concours photo  votez pour la plus bel_494087/input_concat(Votez pour le plus beau chien de la cte d, , Opale )_jouer"), 1, OPTIONAL)): null

2022-07-19 11:50:09 - [MESSAGE][PASSED] - Object 'Object Repository/Page_Concours photo  votez pour la plus bel_494087/input_concat(Votez pour le plus beau chien de la cte d, , Opale )_jouer' is present

2022-07-19 11:50:09 - [TEST_STEP][PASSED] - click(findTestObject("Object Repository/Page_Concours photo  votez pour la plus bel_494087/input_concat(Votez pour le plus beau chien de la cte d, , Opale )_jouer")): Object: 'Object Repository/Page_Concours photo  votez pour la plus bel_494087/input_concat(Votez pour le plus beau chien de la cte d, , Opale )_jouer' is clicked on

2022-07-19 11:50:10 - [MESSAGE][PASSED] - Object: 'Object Repository/Page_Concours photo  votez pour la plus bel_494087/input_concat(Votez pour le plus beau chien de la cte d, , Opale )_jouer' is clicked on

2022-07-19 11:50:10 - [TEST_STEP][PASSED] - delay(1): Delayed 1 second(s)

2022-07-19 11:50:11 - [MESSAGE][PASSED] - Delayed 1 second(s)

2022-07-19 11:50:11 - [TEST_STEP][PASSED] - setText(findTestObject("Object Repository/Page_Concours photo  votez pour la plus bel_494087/input_trie par_keyword"), "Gaspard"): Text 'Gaspard' is set on object 'Object Repository/Page_Concours photo  votez pour la plus bel_494087/input_trie par_keyword'

2022-07-19 11:50:13 - [MESSAGE][PASSED] - Text 'Gaspard' is set on object 'Object Repository/Page_Concours photo  votez pour la plus bel_494087/input_trie par_keyword'

2022-07-19 11:50:13 - [TEST_STEP][PASSED] - sendKeys(findTestObject("Page_Concours photo  votez pour la plus bel_494087/input_trie par_keyword"), Keys.chord(ENTER)): Keys 'ENTER + ' sent to object: 'Object Repository/Page_Concours photo  votez pour la plus bel_494087/input_trie par_keyword'

2022-07-19 11:50:14 - [MESSAGE][PASSED] - Keys 'ENTER + ' sent to object: 'Object Repository/Page_Concours photo  votez pour la plus bel_494087/input_trie par_keyword'

2022-07-19 11:50:14 - [TEST_STEP][PASSED] - click(findTestObject("Page_Concours photo  votez pour la plus bel_494087/tri")): Object: 'Object Repository/Page_Concours photo  votez pour la plus bel_494087/tri' is clicked on

2022-07-19 11:50:15 - [MESSAGE][PASSED] - Object: 'Object Repository/Page_Concours photo  votez pour la plus bel_494087/tri' is clicked on

2022-07-19 11:50:15 - [TEST_STEP][PASSED] - click(findTestObject("Page_Concours photo  votez pour la plus bel_494087/plus de votes")): Object: 'Object Repository/Page_Concours photo  votez pour la plus bel_494087/plus de votes' is clicked on

2022-07-19 11:50:15 - [MESSAGE][PASSED] - Object: 'Object Repository/Page_Concours photo  votez pour la plus bel_494087/plus de votes' is clicked on

2022-07-19 11:50:17 - [TEST_STEP][PASSED] - click(findTestObject("Object Repository/Page_Concours photo  votez pour la plus bel_494087/i_Votes_fa fa-heart")): Object: 'Object Repository/Page_Concours photo  votez pour la plus bel_494087/i_Votes_fa fa-heart' is clicked on

2022-07-19 11:50:17 - [MESSAGE][PASSED] - Object: 'Object Repository/Page_Concours photo  votez pour la plus bel_494087/i_Votes_fa fa-heart' is clicked on

2022-07-19 11:50:17 - [TEST_STEP][PASSED] - delay(1): Delayed 1 second(s)

2022-07-19 11:50:18 - [MESSAGE][PASSED] - Delayed 1 second(s)

2022-07-19 11:50:18 - [TEST_STEP][PASSED] - closeBrowser(): Browser is closed

2022-07-19 11:50:18 - [MESSAGE][PASSED] - Browser is closed]]></system-out>
         <system-err><![CDATA[]]></system-err>
      </testcase>
      <testcase name="Test Cases/Vote" time="30.177" classname="Test Cases/Vote" status="PASSED">
         <system-out><![CDATA[2022-07-19 11:50:18 - [TEST_CASE][PASSED] - Test Cases/Vote: Test Cases/Vote

2022-07-19 11:50:18 - [TEST_STEP][PASSED] - openBrowser(""): Browser is opened with url: ''

2022-07-19 11:50:18 - [MESSAGE][INFO] - Starting 'Chrome' driver

2022-07-19 11:50:18 - [MESSAGE][INFO] - Action delay is set to 0 milliseconds

2022-07-19 11:50:20 - [MESSAGE][PASSED] - Browser is opened with url: ''

2022-07-19 11:50:20 - [TEST_STEP][PASSED] - navigateToUrl("https://lesechosdutouquet.nordlittoral.fr/147787/article/2022-06-30/concours-photo-montrez-nous-la-plus-belle-photo-de-votre-chien-en-promenade-sur#l5lb6r47qsmp9ur58y"): Navigate to 'https://lesechosdutouquet.nordlittoral.fr/147787/article/2022-06-30/concours-photo-montrez-nous-la-plus-belle-photo-de-votre-chien-en-promenade-sur#l5lb6r47qsmp9ur58y' successfully

2022-07-19 11:50:23 - [MESSAGE][PASSED] - Navigate to 'https://lesechosdutouquet.nordlittoral.fr/147787/article/2022-06-30/concours-photo-montrez-nous-la-plus-belle-photo-de-votre-chien-en-promenade-sur#l5lb6r47qsmp9ur58y' successfully

2022-07-19 11:50:23 - [TEST_STEP][PASSED] - setViewPortSize(1920, 1080): Viewport is set to new size with width = 1920 and height = 1080

2022-07-19 11:50:23 - [MESSAGE][PASSED] - Viewport is set to new size with width = 1920 and height = 1080

2022-07-19 11:50:23 - [TEST_STEP][PASSED] - click(findTestObject("Object Repository/Page_Concours photo  votez pour la plus bel_494087/button_Accepter  Fermer")): Object: 'Object Repository/Page_Concours photo  votez pour la plus bel_494087/button_Accepter  Fermer' is clicked on

2022-07-19 11:50:24 - [MESSAGE][PASSED] - Object: 'Object Repository/Page_Concours photo  votez pour la plus bel_494087/button_Accepter  Fermer' is clicked on

2022-07-19 11:50:24 - [TEST_STEP][PASSED] - delay(12): Delayed 12 second(s)

2022-07-19 11:50:36 - [MESSAGE][PASSED] - Delayed 12 second(s)

2022-07-19 11:50:36 - [TEST_STEP][PASSED] - click(findTestObject("Object Repository/Page_Concours photo  votez pour la plus bel_494087/a_X")): Object: 'Object Repository/Page_Concours photo  votez pour la plus bel_494087/a_X' is clicked on

2022-07-19 11:50:37 - [MESSAGE][PASSED] - Object: 'Object Repository/Page_Concours photo  votez pour la plus bel_494087/a_X' is clicked on

2022-07-19 11:50:37 - [TEST_STEP][PASSED] - delay(1): Delayed 1 second(s)

2022-07-19 11:50:38 - [MESSAGE][PASSED] - Delayed 1 second(s)

2022-07-19 11:50:38 - [TEST_STEP][PASSED] - click(findTestObject("Object Repository/Page_Concours photo  votez pour la plus bel_494087/input_concat(Votez pour le plus beau chien de la cte d, , Opale )_jouer")): Object: 'Object Repository/Page_Concours photo  votez pour la plus bel_494087/input_concat(Votez pour le plus beau chien de la cte d, , Opale )_jouer' is clicked on

2022-07-19 11:50:39 - [MESSAGE][PASSED] - Object: 'Object Repository/Page_Concours photo  votez pour la plus bel_494087/input_concat(Votez pour le plus beau chien de la cte d, , Opale )_jouer' is clicked on

2022-07-19 11:50:39 - [TEST_STEP][PASSED] - if (verifyElementPresent(findTestObject("Page_Concours photo  votez pour la plus bel_494087/input_concat(Votez pour le plus beau chien de la cte d, , Opale )_jouer"), 1, OPTIONAL)): null

2022-07-19 11:50:40 - [MESSAGE][PASSED] - Object 'Object Repository/Page_Concours photo  votez pour la plus bel_494087/input_concat(Votez pour le plus beau chien de la cte d, , Opale )_jouer' is present

2022-07-19 11:50:40 - [TEST_STEP][PASSED] - click(findTestObject("Object Repository/Page_Concours photo  votez pour la plus bel_494087/input_concat(Votez pour le plus beau chien de la cte d, , Opale )_jouer")): Object: 'Object Repository/Page_Concours photo  votez pour la plus bel_494087/input_concat(Votez pour le plus beau chien de la cte d, , Opale )_jouer' is clicked on

2022-07-19 11:50:41 - [MESSAGE][PASSED] - Object: 'Object Repository/Page_Concours photo  votez pour la plus bel_494087/input_concat(Votez pour le plus beau chien de la cte d, , Opale )_jouer' is clicked on

2022-07-19 11:50:41 - [TEST_STEP][PASSED] - delay(1): Delayed 1 second(s)

2022-07-19 11:50:42 - [MESSAGE][PASSED] - Delayed 1 second(s)

2022-07-19 11:50:42 - [TEST_STEP][PASSED] - setText(findTestObject("Object Repository/Page_Concours photo  votez pour la plus bel_494087/input_trie par_keyword"), "Gaspard"): Text 'Gaspard' is set on object 'Object Repository/Page_Concours photo  votez pour la plus bel_494087/input_trie par_keyword'

2022-07-19 11:50:44 - [MESSAGE][PASSED] - Text 'Gaspard' is set on object 'Object Repository/Page_Concours photo  votez pour la plus bel_494087/input_trie par_keyword'

2022-07-19 11:50:44 - [TEST_STEP][PASSED] - sendKeys(findTestObject("Page_Concours photo  votez pour la plus bel_494087/input_trie par_keyword"), Keys.chord(ENTER)): Keys 'ENTER + ' sent to object: 'Object Repository/Page_Concours photo  votez pour la plus bel_494087/input_trie par_keyword'

2022-07-19 11:50:44 - [MESSAGE][PASSED] - Keys 'ENTER + ' sent to object: 'Object Repository/Page_Concours photo  votez pour la plus bel_494087/input_trie par_keyword'

2022-07-19 11:50:44 - [TEST_STEP][PASSED] - click(findTestObject("Page_Concours photo  votez pour la plus bel_494087/tri")): Object: 'Object Repository/Page_Concours photo  votez pour la plus bel_494087/tri' is clicked on

2022-07-19 11:50:45 - [MESSAGE][PASSED] - Object: 'Object Repository/Page_Concours photo  votez pour la plus bel_494087/tri' is clicked on

2022-07-19 11:50:45 - [TEST_STEP][PASSED] - click(findTestObject("Page_Concours photo  votez pour la plus bel_494087/plus de votes")): Object: 'Object Repository/Page_Concours photo  votez pour la plus bel_494087/plus de votes' is clicked on

2022-07-19 11:50:46 - [MESSAGE][PASSED] - Object: 'Object Repository/Page_Concours photo  votez pour la plus bel_494087/plus de votes' is clicked on

2022-07-19 11:50:46 - [TEST_STEP][PASSED] - click(findTestObject("Object Repository/Page_Concours photo  votez pour la plus bel_494087/i_Votes_fa fa-heart")): Object: 'Object Repository/Page_Concours photo  votez pour la plus bel_494087/i_Votes_fa fa-heart' is clicked on

2022-07-19 11:50:47 - [MESSAGE][PASSED] - Object: 'Object Repository/Page_Concours photo  votez pour la plus bel_494087/i_Votes_fa fa-heart' is clicked on

2022-07-19 11:50:47 - [TEST_STEP][PASSED] - delay(1): Delayed 1 second(s)

2022-07-19 11:50:48 - [MESSAGE][PASSED] - Delayed 1 second(s)

2022-07-19 11:50:48 - [TEST_STEP][PASSED] - closeBrowser(): Browser is closed

2022-07-19 11:50:49 - [MESSAGE][PASSED] - Browser is closed]]></system-out>
         <system-err><![CDATA[]]></system-err>
      </testcase>
      <testcase name="Test Cases/Vote" time="32.22" classname="Test Cases/Vote" status="PASSED">
         <system-out><![CDATA[2022-07-19 11:50:49 - [TEST_CASE][PASSED] - Test Cases/Vote: Test Cases/Vote

2022-07-19 11:50:49 - [TEST_STEP][PASSED] - openBrowser(""): Browser is opened with url: ''

2022-07-19 11:50:49 - [MESSAGE][INFO] - Starting 'Chrome' driver

2022-07-19 11:50:49 - [MESSAGE][INFO] - Action delay is set to 0 milliseconds

2022-07-19 11:50:50 - [MESSAGE][PASSED] - Browser is opened with url: ''

2022-07-19 11:50:50 - [TEST_STEP][PASSED] - navigateToUrl("https://lesechosdutouquet.nordlittoral.fr/147787/article/2022-06-30/concours-photo-montrez-nous-la-plus-belle-photo-de-votre-chien-en-promenade-sur#l5lb6r47qsmp9ur58y"): Navigate to 'https://lesechosdutouquet.nordlittoral.fr/147787/article/2022-06-30/concours-photo-montrez-nous-la-plus-belle-photo-de-votre-chien-en-promenade-sur#l5lb6r47qsmp9ur58y' successfully

2022-07-19 11:50:53 - [MESSAGE][PASSED] - Navigate to 'https://lesechosdutouquet.nordlittoral.fr/147787/article/2022-06-30/concours-photo-montrez-nous-la-plus-belle-photo-de-votre-chien-en-promenade-sur#l5lb6r47qsmp9ur58y' successfully

2022-07-19 11:50:53 - [TEST_STEP][PASSED] - setViewPortSize(1920, 1080): Viewport is set to new size with width = 1920 and height = 1080

2022-07-19 11:50:53 - [MESSAGE][PASSED] - Viewport is set to new size with width = 1920 and height = 1080

2022-07-19 11:50:53 - [TEST_STEP][PASSED] - click(findTestObject("Object Repository/Page_Concours photo  votez pour la plus bel_494087/button_Accepter  Fermer")): Object: 'Object Repository/Page_Concours photo  votez pour la plus bel_494087/button_Accepter  Fermer' is clicked on

2022-07-19 11:50:54 - [MESSAGE][PASSED] - Object: 'Object Repository/Page_Concours photo  votez pour la plus bel_494087/button_Accepter  Fermer' is clicked on

2022-07-19 11:50:54 - [TEST_STEP][PASSED] - delay(12): Delayed 12 second(s)

2022-07-19 11:51:06 - [MESSAGE][PASSED] - Delayed 12 second(s)

2022-07-19 11:51:06 - [TEST_STEP][PASSED] - click(findTestObject("Object Repository/Page_Concours photo  votez pour la plus bel_494087/a_X")): Object: 'Object Repository/Page_Concours photo  votez pour la plus bel_494087/a_X' is clicked on

2022-07-19 11:51:07 - [MESSAGE][PASSED] - Object: 'Object Repository/Page_Concours photo  votez pour la plus bel_494087/a_X' is clicked on

2022-07-19 11:51:07 - [TEST_STEP][PASSED] - delay(1): Delayed 1 second(s)

2022-07-19 11:51:08 - [MESSAGE][PASSED] - Delayed 1 second(s)

2022-07-19 11:51:08 - [TEST_STEP][PASSED] - click(findTestObject("Object Repository/Page_Concours photo  votez pour la plus bel_494087/input_concat(Votez pour le plus beau chien de la cte d, , Opale )_jouer")): Object: 'Object Repository/Page_Concours photo  votez pour la plus bel_494087/input_concat(Votez pour le plus beau chien de la cte d, , Opale )_jouer' is clicked on

2022-07-19 11:51:08 - [MESSAGE][PASSED] - Object: 'Object Repository/Page_Concours photo  votez pour la plus bel_494087/input_concat(Votez pour le plus beau chien de la cte d, , Opale )_jouer' is clicked on

2022-07-19 11:51:09 - [TEST_STEP][PASSED] - if (verifyElementPresent(findTestObject("Page_Concours photo  votez pour la plus bel_494087/input_concat(Votez pour le plus beau chien de la cte d, , Opale )_jouer"), 1, OPTIONAL)): null

2022-07-19 11:51:10 - [MESSAGE][PASSED] - Object 'Object Repository/Page_Concours photo  votez pour la plus bel_494087/input_concat(Votez pour le plus beau chien de la cte d, , Opale )_jouer' is present

2022-07-19 11:51:10 - [TEST_STEP][PASSED] - click(findTestObject("Object Repository/Page_Concours photo  votez pour la plus bel_494087/input_concat(Votez pour le plus beau chien de la cte d, , Opale )_jouer")): Object: 'Object Repository/Page_Concours photo  votez pour la plus bel_494087/input_concat(Votez pour le plus beau chien de la cte d, , Opale )_jouer' is clicked on

2022-07-19 11:51:11 - [MESSAGE][PASSED] - Object: 'Object Repository/Page_Concours photo  votez pour la plus bel_494087/input_concat(Votez pour le plus beau chien de la cte d, , Opale )_jouer' is clicked on

2022-07-19 11:51:11 - [TEST_STEP][PASSED] - delay(1): Delayed 1 second(s)

2022-07-19 11:51:12 - [MESSAGE][PASSED] - Delayed 1 second(s)

2022-07-19 11:51:12 - [TEST_STEP][PASSED] - setText(findTestObject("Object Repository/Page_Concours photo  votez pour la plus bel_494087/input_trie par_keyword"), "Gaspard"): Text 'Gaspard' is set on object 'Object Repository/Page_Concours photo  votez pour la plus bel_494087/input_trie par_keyword'

2022-07-19 11:51:16 - [MESSAGE][PASSED] - Text 'Gaspard' is set on object 'Object Repository/Page_Concours photo  votez pour la plus bel_494087/input_trie par_keyword'

2022-07-19 11:51:16 - [TEST_STEP][PASSED] - sendKeys(findTestObject("Page_Concours photo  votez pour la plus bel_494087/input_trie par_keyword"), Keys.chord(ENTER)): Keys 'ENTER + ' sent to object: 'Object Repository/Page_Concours photo  votez pour la plus bel_494087/input_trie par_keyword'

2022-07-19 11:51:16 - [MESSAGE][PASSED] - Keys 'ENTER + ' sent to object: 'Object Repository/Page_Concours photo  votez pour la plus bel_494087/input_trie par_keyword'

2022-07-19 11:51:16 - [TEST_STEP][PASSED] - click(findTestObject("Page_Concours photo  votez pour la plus bel_494087/tri")): Object: 'Object Repository/Page_Concours photo  votez pour la plus bel_494087/tri' is clicked on

2022-07-19 11:51:17 - [MESSAGE][PASSED] - Object: 'Object Repository/Page_Concours photo  votez pour la plus bel_494087/tri' is clicked on

2022-07-19 11:51:17 - [TEST_STEP][PASSED] - click(findTestObject("Page_Concours photo  votez pour la plus bel_494087/plus de votes")): Object: 'Object Repository/Page_Concours photo  votez pour la plus bel_494087/plus de votes' is clicked on

2022-07-19 11:51:18 - [MESSAGE][PASSED] - Object: 'Object Repository/Page_Concours photo  votez pour la plus bel_494087/plus de votes' is clicked on

2022-07-19 11:51:19 - [TEST_STEP][PASSED] - click(findTestObject("Object Repository/Page_Concours photo  votez pour la plus bel_494087/i_Votes_fa fa-heart")): Object: 'Object Repository/Page_Concours photo  votez pour la plus bel_494087/i_Votes_fa fa-heart' is clicked on

2022-07-19 11:51:19 - [MESSAGE][PASSED] - Object: 'Object Repository/Page_Concours photo  votez pour la plus bel_494087/i_Votes_fa fa-heart' is clicked on

2022-07-19 11:51:19 - [TEST_STEP][PASSED] - delay(1): Delayed 1 second(s)

2022-07-19 11:51:21 - [MESSAGE][PASSED] - Delayed 1 second(s)

2022-07-19 11:51:21 - [TEST_STEP][PASSED] - closeBrowser(): Browser is closed

2022-07-19 11:51:21 - [MESSAGE][PASSED] - Browser is closed]]></system-out>
         <system-err><![CDATA[]]></system-err>
      </testcase>
      <testcase name="Test Cases/Vote" time="29.694" classname="Test Cases/Vote" status="PASSED">
         <system-out><![CDATA[2022-07-19 11:51:21 - [TEST_CASE][PASSED] - Test Cases/Vote: Test Cases/Vote

2022-07-19 11:51:21 - [TEST_STEP][PASSED] - openBrowser(""): Browser is opened with url: ''

2022-07-19 11:51:21 - [MESSAGE][INFO] - Starting 'Chrome' driver

2022-07-19 11:51:21 - [MESSAGE][INFO] - Action delay is set to 0 milliseconds

2022-07-19 11:51:22 - [MESSAGE][PASSED] - Browser is opened with url: ''

2022-07-19 11:51:22 - [TEST_STEP][PASSED] - navigateToUrl("https://lesechosdutouquet.nordlittoral.fr/147787/article/2022-06-30/concours-photo-montrez-nous-la-plus-belle-photo-de-votre-chien-en-promenade-sur#l5lb6r47qsmp9ur58y"): Navigate to 'https://lesechosdutouquet.nordlittoral.fr/147787/article/2022-06-30/concours-photo-montrez-nous-la-plus-belle-photo-de-votre-chien-en-promenade-sur#l5lb6r47qsmp9ur58y' successfully

2022-07-19 11:51:24 - [MESSAGE][PASSED] - Navigate to 'https://lesechosdutouquet.nordlittoral.fr/147787/article/2022-06-30/concours-photo-montrez-nous-la-plus-belle-photo-de-votre-chien-en-promenade-sur#l5lb6r47qsmp9ur58y' successfully

2022-07-19 11:51:24 - [TEST_STEP][PASSED] - setViewPortSize(1920, 1080): Viewport is set to new size with width = 1920 and height = 1080

2022-07-19 11:51:24 - [MESSAGE][PASSED] - Viewport is set to new size with width = 1920 and height = 1080

2022-07-19 11:51:24 - [TEST_STEP][PASSED] - click(findTestObject("Object Repository/Page_Concours photo  votez pour la plus bel_494087/button_Accepter  Fermer")): Object: 'Object Repository/Page_Concours photo  votez pour la plus bel_494087/button_Accepter  Fermer' is clicked on

2022-07-19 11:51:26 - [MESSAGE][PASSED] - Object: 'Object Repository/Page_Concours photo  votez pour la plus bel_494087/button_Accepter  Fermer' is clicked on

2022-07-19 11:51:26 - [TEST_STEP][PASSED] - delay(12): Delayed 12 second(s)

2022-07-19 11:51:38 - [MESSAGE][PASSED] - Delayed 12 second(s)

2022-07-19 11:51:38 - [TEST_STEP][PASSED] - click(findTestObject("Object Repository/Page_Concours photo  votez pour la plus bel_494087/a_X")): Object: 'Object Repository/Page_Concours photo  votez pour la plus bel_494087/a_X' is clicked on

2022-07-19 11:51:38 - [MESSAGE][PASSED] - Object: 'Object Repository/Page_Concours photo  votez pour la plus bel_494087/a_X' is clicked on

2022-07-19 11:51:38 - [TEST_STEP][PASSED] - delay(1): Delayed 1 second(s)

2022-07-19 11:51:39 - [MESSAGE][PASSED] - Delayed 1 second(s)

2022-07-19 11:51:39 - [TEST_STEP][PASSED] - click(findTestObject("Object Repository/Page_Concours photo  votez pour la plus bel_494087/input_concat(Votez pour le plus beau chien de la cte d, , Opale )_jouer")): Object: 'Object Repository/Page_Concours photo  votez pour la plus bel_494087/input_concat(Votez pour le plus beau chien de la cte d, , Opale )_jouer' is clicked on

2022-07-19 11:51:40 - [MESSAGE][PASSED] - Object: 'Object Repository/Page_Concours photo  votez pour la plus bel_494087/input_concat(Votez pour le plus beau chien de la cte d, , Opale )_jouer' is clicked on

2022-07-19 11:51:40 - [TEST_STEP][PASSED] - if (verifyElementPresent(findTestObject("Page_Concours photo  votez pour la plus bel_494087/input_concat(Votez pour le plus beau chien de la cte d, , Opale )_jouer"), 1, OPTIONAL)): null

2022-07-19 11:51:42 - [MESSAGE][PASSED] - Object 'Object Repository/Page_Concours photo  votez pour la plus bel_494087/input_concat(Votez pour le plus beau chien de la cte d, , Opale )_jouer' is present

2022-07-19 11:51:42 - [TEST_STEP][PASSED] - click(findTestObject("Object Repository/Page_Concours photo  votez pour la plus bel_494087/input_concat(Votez pour le plus beau chien de la cte d, , Opale )_jouer")): Object: 'Object Repository/Page_Concours photo  votez pour la plus bel_494087/input_concat(Votez pour le plus beau chien de la cte d, , Opale )_jouer' is clicked on

2022-07-19 11:51:42 - [MESSAGE][PASSED] - Object: 'Object Repository/Page_Concours photo  votez pour la plus bel_494087/input_concat(Votez pour le plus beau chien de la cte d, , Opale )_jouer' is clicked on

2022-07-19 11:51:42 - [TEST_STEP][PASSED] - delay(1): Delayed 1 second(s)

2022-07-19 11:51:43 - [MESSAGE][PASSED] - Delayed 1 second(s)

2022-07-19 11:51:43 - [TEST_STEP][PASSED] - setText(findTestObject("Object Repository/Page_Concours photo  votez pour la plus bel_494087/input_trie par_keyword"), "Gaspard"): Text 'Gaspard' is set on object 'Object Repository/Page_Concours photo  votez pour la plus bel_494087/input_trie par_keyword'

2022-07-19 11:51:45 - [MESSAGE][PASSED] - Text 'Gaspard' is set on object 'Object Repository/Page_Concours photo  votez pour la plus bel_494087/input_trie par_keyword'

2022-07-19 11:51:45 - [TEST_STEP][PASSED] - sendKeys(findTestObject("Page_Concours photo  votez pour la plus bel_494087/input_trie par_keyword"), Keys.chord(ENTER)): Keys 'ENTER + ' sent to object: 'Object Repository/Page_Concours photo  votez pour la plus bel_494087/input_trie par_keyword'

2022-07-19 11:51:46 - [MESSAGE][PASSED] - Keys 'ENTER + ' sent to object: 'Object Repository/Page_Concours photo  votez pour la plus bel_494087/input_trie par_keyword'

2022-07-19 11:51:46 - [TEST_STEP][PASSED] - click(findTestObject("Page_Concours photo  votez pour la plus bel_494087/tri")): Object: 'Object Repository/Page_Concours photo  votez pour la plus bel_494087/tri' is clicked on

2022-07-19 11:51:47 - [MESSAGE][PASSED] - Object: 'Object Repository/Page_Concours photo  votez pour la plus bel_494087/tri' is clicked on

2022-07-19 11:51:47 - [TEST_STEP][PASSED] - click(findTestObject("Page_Concours photo  votez pour la plus bel_494087/plus de votes")): Object: 'Object Repository/Page_Concours photo  votez pour la plus bel_494087/plus de votes' is clicked on

2022-07-19 11:51:48 - [MESSAGE][PASSED] - Object: 'Object Repository/Page_Concours photo  votez pour la plus bel_494087/plus de votes' is clicked on

2022-07-19 11:51:49 - [TEST_STEP][PASSED] - click(findTestObject("Object Repository/Page_Concours photo  votez pour la plus bel_494087/i_Votes_fa fa-heart")): Object: 'Object Repository/Page_Concours photo  votez pour la plus bel_494087/i_Votes_fa fa-heart' is clicked on

2022-07-19 11:51:49 - [MESSAGE][PASSED] - Object: 'Object Repository/Page_Concours photo  votez pour la plus bel_494087/i_Votes_fa fa-heart' is clicked on

2022-07-19 11:51:49 - [TEST_STEP][PASSED] - delay(1): Delayed 1 second(s)

2022-07-19 11:51:50 - [MESSAGE][PASSED] - Delayed 1 second(s)

2022-07-19 11:51:50 - [TEST_STEP][PASSED] - closeBrowser(): Browser is closed

2022-07-19 11:51:51 - [MESSAGE][PASSED] - Browser is closed]]></system-out>
         <system-err><![CDATA[]]></system-err>
      </testcase>
      <testcase name="Test Cases/Vote" time="31.767" classname="Test Cases/Vote" status="PASSED">
         <system-out><![CDATA[2022-07-19 11:51:51 - [TEST_CASE][PASSED] - Test Cases/Vote: Test Cases/Vote

2022-07-19 11:51:51 - [TEST_STEP][PASSED] - openBrowser(""): Browser is opened with url: ''

2022-07-19 11:51:51 - [MESSAGE][INFO] - Starting 'Chrome' driver

2022-07-19 11:51:51 - [MESSAGE][INFO] - Action delay is set to 0 milliseconds

2022-07-19 11:51:52 - [MESSAGE][PASSED] - Browser is opened with url: ''

2022-07-19 11:51:52 - [TEST_STEP][PASSED] - navigateToUrl("https://lesechosdutouquet.nordlittoral.fr/147787/article/2022-06-30/concours-photo-montrez-nous-la-plus-belle-photo-de-votre-chien-en-promenade-sur#l5lb6r47qsmp9ur58y"): Navigate to 'https://lesechosdutouquet.nordlittoral.fr/147787/article/2022-06-30/concours-photo-montrez-nous-la-plus-belle-photo-de-votre-chien-en-promenade-sur#l5lb6r47qsmp9ur58y' successfully

2022-07-19 11:51:54 - [MESSAGE][PASSED] - Navigate to 'https://lesechosdutouquet.nordlittoral.fr/147787/article/2022-06-30/concours-photo-montrez-nous-la-plus-belle-photo-de-votre-chien-en-promenade-sur#l5lb6r47qsmp9ur58y' successfully

2022-07-19 11:51:54 - [TEST_STEP][PASSED] - setViewPortSize(1920, 1080): Viewport is set to new size with width = 1920 and height = 1080

2022-07-19 11:51:54 - [MESSAGE][PASSED] - Viewport is set to new size with width = 1920 and height = 1080

2022-07-19 11:51:54 - [TEST_STEP][PASSED] - click(findTestObject("Object Repository/Page_Concours photo  votez pour la plus bel_494087/button_Accepter  Fermer")): Object: 'Object Repository/Page_Concours photo  votez pour la plus bel_494087/button_Accepter  Fermer' is clicked on

2022-07-19 11:51:55 - [MESSAGE][PASSED] - Object: 'Object Repository/Page_Concours photo  votez pour la plus bel_494087/button_Accepter  Fermer' is clicked on

2022-07-19 11:51:55 - [TEST_STEP][PASSED] - delay(12): Delayed 12 second(s)

2022-07-19 11:52:07 - [MESSAGE][PASSED] - Delayed 12 second(s)

2022-07-19 11:52:07 - [TEST_STEP][PASSED] - click(findTestObject("Object Repository/Page_Concours photo  votez pour la plus bel_494087/a_X")): Object: 'Object Repository/Page_Concours photo  votez pour la plus bel_494087/a_X' is clicked on

2022-07-19 11:52:08 - [MESSAGE][PASSED] - Object: 'Object Repository/Page_Concours photo  votez pour la plus bel_494087/a_X' is clicked on

2022-07-19 11:52:08 - [TEST_STEP][PASSED] - delay(1): Delayed 1 second(s)

2022-07-19 11:52:09 - [MESSAGE][PASSED] - Delayed 1 second(s)

2022-07-19 11:52:09 - [TEST_STEP][PASSED] - click(findTestObject("Object Repository/Page_Concours photo  votez pour la plus bel_494087/input_concat(Votez pour le plus beau chien de la cte d, , Opale )_jouer")): Object: 'Object Repository/Page_Concours photo  votez pour la plus bel_494087/input_concat(Votez pour le plus beau chien de la cte d, , Opale )_jouer' is clicked on

2022-07-19 11:52:09 - [MESSAGE][PASSED] - Object: 'Object Repository/Page_Concours photo  votez pour la plus bel_494087/input_concat(Votez pour le plus beau chien de la cte d, , Opale )_jouer' is clicked on

2022-07-19 11:52:09 - [TEST_STEP][PASSED] - if (verifyElementPresent(findTestObject("Page_Concours photo  votez pour la plus bel_494087/input_concat(Votez pour le plus beau chien de la cte d, , Opale )_jouer"), 1, OPTIONAL)): null

2022-07-19 11:52:11 - [MESSAGE][PASSED] - Object 'Object Repository/Page_Concours photo  votez pour la plus bel_494087/input_concat(Votez pour le plus beau chien de la cte d, , Opale )_jouer' is present

2022-07-19 11:52:11 - [TEST_STEP][PASSED] - click(findTestObject("Object Repository/Page_Concours photo  votez pour la plus bel_494087/input_concat(Votez pour le plus beau chien de la cte d, , Opale )_jouer")): Object: 'Object Repository/Page_Concours photo  votez pour la plus bel_494087/input_concat(Votez pour le plus beau chien de la cte d, , Opale )_jouer' is clicked on

2022-07-19 11:52:11 - [MESSAGE][PASSED] - Object: 'Object Repository/Page_Concours photo  votez pour la plus bel_494087/input_concat(Votez pour le plus beau chien de la cte d, , Opale )_jouer' is clicked on

2022-07-19 11:52:11 - [TEST_STEP][PASSED] - delay(1): Delayed 1 second(s)

2022-07-19 11:52:12 - [MESSAGE][PASSED] - Delayed 1 second(s)

2022-07-19 11:52:12 - [TEST_STEP][PASSED] - setText(findTestObject("Object Repository/Page_Concours photo  votez pour la plus bel_494087/input_trie par_keyword"), "Gaspard"): Text 'Gaspard' is set on object 'Object Repository/Page_Concours photo  votez pour la plus bel_494087/input_trie par_keyword'

2022-07-19 11:52:17 - [MESSAGE][PASSED] - Text 'Gaspard' is set on object 'Object Repository/Page_Concours photo  votez pour la plus bel_494087/input_trie par_keyword'

2022-07-19 11:52:17 - [TEST_STEP][PASSED] - sendKeys(findTestObject("Page_Concours photo  votez pour la plus bel_494087/input_trie par_keyword"), Keys.chord(ENTER)): Keys 'ENTER + ' sent to object: 'Object Repository/Page_Concours photo  votez pour la plus bel_494087/input_trie par_keyword'

2022-07-19 11:52:18 - [MESSAGE][PASSED] - Keys 'ENTER + ' sent to object: 'Object Repository/Page_Concours photo  votez pour la plus bel_494087/input_trie par_keyword'

2022-07-19 11:52:18 - [TEST_STEP][PASSED] - click(findTestObject("Page_Concours photo  votez pour la plus bel_494087/tri")): Object: 'Object Repository/Page_Concours photo  votez pour la plus bel_494087/tri' is clicked on

2022-07-19 11:52:19 - [MESSAGE][PASSED] - Object: 'Object Repository/Page_Concours photo  votez pour la plus bel_494087/tri' is clicked on

2022-07-19 11:52:19 - [TEST_STEP][PASSED] - click(findTestObject("Page_Concours photo  votez pour la plus bel_494087/plus de votes")): Object: 'Object Repository/Page_Concours photo  votez pour la plus bel_494087/plus de votes' is clicked on

2022-07-19 11:52:20 - [MESSAGE][PASSED] - Object: 'Object Repository/Page_Concours photo  votez pour la plus bel_494087/plus de votes' is clicked on

2022-07-19 11:52:20 - [TEST_STEP][PASSED] - click(findTestObject("Object Repository/Page_Concours photo  votez pour la plus bel_494087/i_Votes_fa fa-heart")): Object: 'Object Repository/Page_Concours photo  votez pour la plus bel_494087/i_Votes_fa fa-heart' is clicked on

2022-07-19 11:52:21 - [MESSAGE][PASSED] - Object: 'Object Repository/Page_Concours photo  votez pour la plus bel_494087/i_Votes_fa fa-heart' is clicked on

2022-07-19 11:52:21 - [TEST_STEP][PASSED] - delay(1): Delayed 1 second(s)

2022-07-19 11:52:22 - [MESSAGE][PASSED] - Delayed 1 second(s)

2022-07-19 11:52:22 - [TEST_STEP][PASSED] - closeBrowser(): Browser is closed

2022-07-19 11:52:22 - [MESSAGE][PASSED] - Browser is closed]]></system-out>
         <system-err><![CDATA[]]></system-err>
      </testcase>
      <testcase name="Test Cases/Vote" time="31.83" classname="Test Cases/Vote" status="PASSED">
         <system-out><![CDATA[2022-07-19 11:52:22 - [TEST_CASE][PASSED] - Test Cases/Vote: Test Cases/Vote

2022-07-19 11:52:22 - [TEST_STEP][PASSED] - openBrowser(""): Browser is opened with url: ''

2022-07-19 11:52:22 - [MESSAGE][INFO] - Starting 'Chrome' driver

2022-07-19 11:52:22 - [MESSAGE][INFO] - Action delay is set to 0 milliseconds

2022-07-19 11:52:23 - [MESSAGE][PASSED] - Browser is opened with url: ''

2022-07-19 11:52:23 - [TEST_STEP][PASSED] - navigateToUrl("https://lesechosdutouquet.nordlittoral.fr/147787/article/2022-06-30/concours-photo-montrez-nous-la-plus-belle-photo-de-votre-chien-en-promenade-sur#l5lb6r47qsmp9ur58y"): Navigate to 'https://lesechosdutouquet.nordlittoral.fr/147787/article/2022-06-30/concours-photo-montrez-nous-la-plus-belle-photo-de-votre-chien-en-promenade-sur#l5lb6r47qsmp9ur58y' successfully

2022-07-19 11:52:27 - [MESSAGE][PASSED] - Navigate to 'https://lesechosdutouquet.nordlittoral.fr/147787/article/2022-06-30/concours-photo-montrez-nous-la-plus-belle-photo-de-votre-chien-en-promenade-sur#l5lb6r47qsmp9ur58y' successfully

2022-07-19 11:52:27 - [TEST_STEP][PASSED] - setViewPortSize(1920, 1080): Viewport is set to new size with width = 1920 and height = 1080

2022-07-19 11:52:27 - [MESSAGE][PASSED] - Viewport is set to new size with width = 1920 and height = 1080

2022-07-19 11:52:27 - [TEST_STEP][PASSED] - click(findTestObject("Object Repository/Page_Concours photo  votez pour la plus bel_494087/button_Accepter  Fermer")): Object: 'Object Repository/Page_Concours photo  votez pour la plus bel_494087/button_Accepter  Fermer' is clicked on

2022-07-19 11:52:28 - [MESSAGE][PASSED] - Object: 'Object Repository/Page_Concours photo  votez pour la plus bel_494087/button_Accepter  Fermer' is clicked on

2022-07-19 11:52:28 - [TEST_STEP][PASSED] - delay(12): Delayed 12 second(s)

2022-07-19 11:52:40 - [MESSAGE][PASSED] - Delayed 12 second(s)

2022-07-19 11:52:40 - [TEST_STEP][PASSED] - click(findTestObject("Object Repository/Page_Concours photo  votez pour la plus bel_494087/a_X")): Object: 'Object Repository/Page_Concours photo  votez pour la plus bel_494087/a_X' is clicked on

2022-07-19 11:52:41 - [MESSAGE][PASSED] - Object: 'Object Repository/Page_Concours photo  votez pour la plus bel_494087/a_X' is clicked on

2022-07-19 11:52:41 - [TEST_STEP][PASSED] - delay(1): Delayed 1 second(s)

2022-07-19 11:52:42 - [MESSAGE][PASSED] - Delayed 1 second(s)

2022-07-19 11:52:42 - [TEST_STEP][PASSED] - click(findTestObject("Object Repository/Page_Concours photo  votez pour la plus bel_494087/input_concat(Votez pour le plus beau chien de la cte d, , Opale )_jouer")): Object: 'Object Repository/Page_Concours photo  votez pour la plus bel_494087/input_concat(Votez pour le plus beau chien de la cte d, , Opale )_jouer' is clicked on

2022-07-19 11:52:42 - [MESSAGE][PASSED] - Object: 'Object Repository/Page_Concours photo  votez pour la plus bel_494087/input_concat(Votez pour le plus beau chien de la cte d, , Opale )_jouer' is clicked on

2022-07-19 11:52:42 - [TEST_STEP][PASSED] - if (verifyElementPresent(findTestObject("Page_Concours photo  votez pour la plus bel_494087/input_concat(Votez pour le plus beau chien de la cte d, , Opale )_jouer"), 1, OPTIONAL)): null

2022-07-19 11:52:44 - [MESSAGE][PASSED] - Object 'Object Repository/Page_Concours photo  votez pour la plus bel_494087/input_concat(Votez pour le plus beau chien de la cte d, , Opale )_jouer' is present

2022-07-19 11:52:44 - [TEST_STEP][PASSED] - click(findTestObject("Object Repository/Page_Concours photo  votez pour la plus bel_494087/input_concat(Votez pour le plus beau chien de la cte d, , Opale )_jouer")): Object: 'Object Repository/Page_Concours photo  votez pour la plus bel_494087/input_concat(Votez pour le plus beau chien de la cte d, , Opale )_jouer' is clicked on

2022-07-19 11:52:44 - [MESSAGE][PASSED] - Object: 'Object Repository/Page_Concours photo  votez pour la plus bel_494087/input_concat(Votez pour le plus beau chien de la cte d, , Opale )_jouer' is clicked on

2022-07-19 11:52:44 - [TEST_STEP][PASSED] - delay(1): Delayed 1 second(s)

2022-07-19 11:52:45 - [MESSAGE][PASSED] - Delayed 1 second(s)

2022-07-19 11:52:45 - [TEST_STEP][PASSED] - setText(findTestObject("Object Repository/Page_Concours photo  votez pour la plus bel_494087/input_trie par_keyword"), "Gaspard"): Text 'Gaspard' is set on object 'Object Repository/Page_Concours photo  votez pour la plus bel_494087/input_trie par_keyword'

2022-07-19 11:52:49 - [MESSAGE][PASSED] - Text 'Gaspard' is set on object 'Object Repository/Page_Concours photo  votez pour la plus bel_494087/input_trie par_keyword'

2022-07-19 11:52:49 - [TEST_STEP][PASSED] - sendKeys(findTestObject("Page_Concours photo  votez pour la plus bel_494087/input_trie par_keyword"), Keys.chord(ENTER)): Keys 'ENTER + ' sent to object: 'Object Repository/Page_Concours photo  votez pour la plus bel_494087/input_trie par_keyword'

2022-07-19 11:52:50 - [MESSAGE][PASSED] - Keys 'ENTER + ' sent to object: 'Object Repository/Page_Concours photo  votez pour la plus bel_494087/input_trie par_keyword'

2022-07-19 11:52:50 - [TEST_STEP][PASSED] - click(findTestObject("Page_Concours photo  votez pour la plus bel_494087/tri")): Object: 'Object Repository/Page_Concours photo  votez pour la plus bel_494087/tri' is clicked on

2022-07-19 11:52:50 - [MESSAGE][PASSED] - Object: 'Object Repository/Page_Concours photo  votez pour la plus bel_494087/tri' is clicked on

2022-07-19 11:52:50 - [TEST_STEP][PASSED] - click(findTestObject("Page_Concours photo  votez pour la plus bel_494087/plus de votes")): Object: 'Object Repository/Page_Concours photo  votez pour la plus bel_494087/plus de votes' is clicked on

2022-07-19 11:52:51 - [MESSAGE][PASSED] - Object: 'Object Repository/Page_Concours photo  votez pour la plus bel_494087/plus de votes' is clicked on

2022-07-19 11:52:52 - [TEST_STEP][PASSED] - click(findTestObject("Object Repository/Page_Concours photo  votez pour la plus bel_494087/i_Votes_fa fa-heart")): Object: 'Object Repository/Page_Concours photo  votez pour la plus bel_494087/i_Votes_fa fa-heart' is clicked on

2022-07-19 11:52:53 - [MESSAGE][PASSED] - Object: 'Object Repository/Page_Concours photo  votez pour la plus bel_494087/i_Votes_fa fa-heart' is clicked on

2022-07-19 11:52:53 - [TEST_STEP][PASSED] - delay(1): Delayed 1 second(s)

2022-07-19 11:52:54 - [MESSAGE][PASSED] - Delayed 1 second(s)

2022-07-19 11:52:54 - [TEST_STEP][PASSED] - closeBrowser(): Browser is closed

2022-07-19 11:52:54 - [MESSAGE][PASSED] - Browser is closed]]></system-out>
         <system-err><![CDATA[]]></system-err>
      </testcase>
      <testcase name="Test Cases/Vote" time="32.15" classname="Test Cases/Vote" status="PASSED">
         <system-out><![CDATA[2022-07-19 11:52:54 - [TEST_CASE][PASSED] - Test Cases/Vote: Test Cases/Vote

2022-07-19 11:52:54 - [TEST_STEP][PASSED] - openBrowser(""): Browser is opened with url: ''

2022-07-19 11:52:54 - [MESSAGE][INFO] - Starting 'Chrome' driver

2022-07-19 11:52:54 - [MESSAGE][INFO] - Action delay is set to 0 milliseconds

2022-07-19 11:52:55 - [MESSAGE][PASSED] - Browser is opened with url: ''

2022-07-19 11:52:55 - [TEST_STEP][PASSED] - navigateToUrl("https://lesechosdutouquet.nordlittoral.fr/147787/article/2022-06-30/concours-photo-montrez-nous-la-plus-belle-photo-de-votre-chien-en-promenade-sur#l5lb6r47qsmp9ur58y"): Navigate to 'https://lesechosdutouquet.nordlittoral.fr/147787/article/2022-06-30/concours-photo-montrez-nous-la-plus-belle-photo-de-votre-chien-en-promenade-sur#l5lb6r47qsmp9ur58y' successfully

2022-07-19 11:52:58 - [MESSAGE][PASSED] - Navigate to 'https://lesechosdutouquet.nordlittoral.fr/147787/article/2022-06-30/concours-photo-montrez-nous-la-plus-belle-photo-de-votre-chien-en-promenade-sur#l5lb6r47qsmp9ur58y' successfully

2022-07-19 11:52:58 - [TEST_STEP][PASSED] - setViewPortSize(1920, 1080): Viewport is set to new size with width = 1920 and height = 1080

2022-07-19 11:52:58 - [MESSAGE][PASSED] - Viewport is set to new size with width = 1920 and height = 1080

2022-07-19 11:52:58 - [TEST_STEP][PASSED] - click(findTestObject("Object Repository/Page_Concours photo  votez pour la plus bel_494087/button_Accepter  Fermer")): Object: 'Object Repository/Page_Concours photo  votez pour la plus bel_494087/button_Accepter  Fermer' is clicked on

2022-07-19 11:52:59 - [MESSAGE][PASSED] - Object: 'Object Repository/Page_Concours photo  votez pour la plus bel_494087/button_Accepter  Fermer' is clicked on

2022-07-19 11:52:59 - [TEST_STEP][PASSED] - delay(12): Delayed 12 second(s)

2022-07-19 11:53:11 - [MESSAGE][PASSED] - Delayed 12 second(s)

2022-07-19 11:53:11 - [TEST_STEP][PASSED] - click(findTestObject("Object Repository/Page_Concours photo  votez pour la plus bel_494087/a_X")): Object: 'Object Repository/Page_Concours photo  votez pour la plus bel_494087/a_X' is clicked on

2022-07-19 11:53:12 - [MESSAGE][PASSED] - Object: 'Object Repository/Page_Concours photo  votez pour la plus bel_494087/a_X' is clicked on

2022-07-19 11:53:12 - [TEST_STEP][PASSED] - delay(1): Delayed 1 second(s)

2022-07-19 11:53:13 - [MESSAGE][PASSED] - Delayed 1 second(s)

2022-07-19 11:53:13 - [TEST_STEP][PASSED] - click(findTestObject("Object Repository/Page_Concours photo  votez pour la plus bel_494087/input_concat(Votez pour le plus beau chien de la cte d, , Opale )_jouer")): Object: 'Object Repository/Page_Concours photo  votez pour la plus bel_494087/input_concat(Votez pour le plus beau chien de la cte d, , Opale )_jouer' is clicked on

2022-07-19 11:53:13 - [MESSAGE][PASSED] - Object: 'Object Repository/Page_Concours photo  votez pour la plus bel_494087/input_concat(Votez pour le plus beau chien de la cte d, , Opale )_jouer' is clicked on

2022-07-19 11:53:14 - [TEST_STEP][PASSED] - if (verifyElementPresent(findTestObject("Page_Concours photo  votez pour la plus bel_494087/input_concat(Votez pour le plus beau chien de la cte d, , Opale )_jouer"), 1, OPTIONAL)): null

2022-07-19 11:53:15 - [MESSAGE][PASSED] - Object 'Object Repository/Page_Concours photo  votez pour la plus bel_494087/input_concat(Votez pour le plus beau chien de la cte d, , Opale )_jouer' is present

2022-07-19 11:53:15 - [TEST_STEP][PASSED] - click(findTestObject("Object Repository/Page_Concours photo  votez pour la plus bel_494087/input_concat(Votez pour le plus beau chien de la cte d, , Opale )_jouer")): Object: 'Object Repository/Page_Concours photo  votez pour la plus bel_494087/input_concat(Votez pour le plus beau chien de la cte d, , Opale )_jouer' is clicked on

2022-07-19 11:53:16 - [MESSAGE][PASSED] - Object: 'Object Repository/Page_Concours photo  votez pour la plus bel_494087/input_concat(Votez pour le plus beau chien de la cte d, , Opale )_jouer' is clicked on

2022-07-19 11:53:16 - [TEST_STEP][PASSED] - delay(1): Delayed 1 second(s)

2022-07-19 11:53:17 - [MESSAGE][PASSED] - Delayed 1 second(s)

2022-07-19 11:53:17 - [TEST_STEP][PASSED] - setText(findTestObject("Object Repository/Page_Concours photo  votez pour la plus bel_494087/input_trie par_keyword"), "Gaspard"): Text 'Gaspard' is set on object 'Object Repository/Page_Concours photo  votez pour la plus bel_494087/input_trie par_keyword'

2022-07-19 11:53:21 - [MESSAGE][PASSED] - Text 'Gaspard' is set on object 'Object Repository/Page_Concours photo  votez pour la plus bel_494087/input_trie par_keyword'

2022-07-19 11:53:21 - [TEST_STEP][PASSED] - sendKeys(findTestObject("Page_Concours photo  votez pour la plus bel_494087/input_trie par_keyword"), Keys.chord(ENTER)): Keys 'ENTER + ' sent to object: 'Object Repository/Page_Concours photo  votez pour la plus bel_494087/input_trie par_keyword'

2022-07-19 11:53:21 - [MESSAGE][PASSED] - Keys 'ENTER + ' sent to object: 'Object Repository/Page_Concours photo  votez pour la plus bel_494087/input_trie par_keyword'

2022-07-19 11:53:21 - [TEST_STEP][PASSED] - click(findTestObject("Page_Concours photo  votez pour la plus bel_494087/tri")): Object: 'Object Repository/Page_Concours photo  votez pour la plus bel_494087/tri' is clicked on

2022-07-19 11:53:23 - [MESSAGE][PASSED] - Object: 'Object Repository/Page_Concours photo  votez pour la plus bel_494087/tri' is clicked on

2022-07-19 11:53:23 - [TEST_STEP][PASSED] - click(findTestObject("Page_Concours photo  votez pour la plus bel_494087/plus de votes")): Object: 'Object Repository/Page_Concours photo  votez pour la plus bel_494087/plus de votes' is clicked on

2022-07-19 11:53:23 - [MESSAGE][PASSED] - Object: 'Object Repository/Page_Concours photo  votez pour la plus bel_494087/plus de votes' is clicked on

2022-07-19 11:53:24 - [TEST_STEP][PASSED] - click(findTestObject("Object Repository/Page_Concours photo  votez pour la plus bel_494087/i_Votes_fa fa-heart")): Object: 'Object Repository/Page_Concours photo  votez pour la plus bel_494087/i_Votes_fa fa-heart' is clicked on

2022-07-19 11:53:25 - [MESSAGE][PASSED] - Object: 'Object Repository/Page_Concours photo  votez pour la plus bel_494087/i_Votes_fa fa-heart' is clicked on

2022-07-19 11:53:25 - [TEST_STEP][PASSED] - delay(1): Delayed 1 second(s)

2022-07-19 11:53:26 - [MESSAGE][PASSED] - Delayed 1 second(s)

2022-07-19 11:53:26 - [TEST_STEP][PASSED] - closeBrowser(): Browser is closed

2022-07-19 11:53:26 - [MESSAGE][PASSED] - Browser is closed]]></system-out>
         <system-err><![CDATA[]]></system-err>
      </testcase>
      <testcase name="Test Cases/Vote" time="39.778" classname="Test Cases/Vote" status="PASSED">
         <system-out><![CDATA[2022-07-19 11:53:26 - [TEST_CASE][PASSED] - Test Cases/Vote: Test Cases/Vote

2022-07-19 11:53:26 - [TEST_STEP][PASSED] - openBrowser(""): Browser is opened with url: ''

2022-07-19 11:53:26 - [MESSAGE][INFO] - Starting 'Chrome' driver

2022-07-19 11:53:26 - [MESSAGE][INFO] - Action delay is set to 0 milliseconds

2022-07-19 11:53:28 - [MESSAGE][PASSED] - Browser is opened with url: ''

2022-07-19 11:53:28 - [TEST_STEP][PASSED] - navigateToUrl("https://lesechosdutouquet.nordlittoral.fr/147787/article/2022-06-30/concours-photo-montrez-nous-la-plus-belle-photo-de-votre-chien-en-promenade-sur#l5lb6r47qsmp9ur58y"): Navigate to 'https://lesechosdutouquet.nordlittoral.fr/147787/article/2022-06-30/concours-photo-montrez-nous-la-plus-belle-photo-de-votre-chien-en-promenade-sur#l5lb6r47qsmp9ur58y' successfully

2022-07-19 11:53:40 - [MESSAGE][PASSED] - Navigate to 'https://lesechosdutouquet.nordlittoral.fr/147787/article/2022-06-30/concours-photo-montrez-nous-la-plus-belle-photo-de-votre-chien-en-promenade-sur#l5lb6r47qsmp9ur58y' successfully

2022-07-19 11:53:40 - [TEST_STEP][PASSED] - setViewPortSize(1920, 1080): Viewport is set to new size with width = 1920 and height = 1080

2022-07-19 11:53:40 - [MESSAGE][PASSED] - Viewport is set to new size with width = 1920 and height = 1080

2022-07-19 11:53:40 - [TEST_STEP][PASSED] - click(findTestObject("Object Repository/Page_Concours photo  votez pour la plus bel_494087/button_Accepter  Fermer")): Object: 'Object Repository/Page_Concours photo  votez pour la plus bel_494087/button_Accepter  Fermer' is clicked on

2022-07-19 11:53:41 - [MESSAGE][PASSED] - Object: 'Object Repository/Page_Concours photo  votez pour la plus bel_494087/button_Accepter  Fermer' is clicked on

2022-07-19 11:53:41 - [TEST_STEP][PASSED] - delay(12): Delayed 12 second(s)

2022-07-19 11:53:53 - [MESSAGE][PASSED] - Delayed 12 second(s)

2022-07-19 11:53:53 - [TEST_STEP][PASSED] - click(findTestObject("Object Repository/Page_Concours photo  votez pour la plus bel_494087/a_X")): Object: 'Object Repository/Page_Concours photo  votez pour la plus bel_494087/a_X' is clicked on

2022-07-19 11:53:53 - [MESSAGE][PASSED] - Object: 'Object Repository/Page_Concours photo  votez pour la plus bel_494087/a_X' is clicked on

2022-07-19 11:53:53 - [TEST_STEP][PASSED] - delay(1): Delayed 1 second(s)

2022-07-19 11:53:54 - [MESSAGE][PASSED] - Delayed 1 second(s)

2022-07-19 11:53:54 - [TEST_STEP][PASSED] - click(findTestObject("Object Repository/Page_Concours photo  votez pour la plus bel_494087/input_concat(Votez pour le plus beau chien de la cte d, , Opale )_jouer")): Object: 'Object Repository/Page_Concours photo  votez pour la plus bel_494087/input_concat(Votez pour le plus beau chien de la cte d, , Opale )_jouer' is clicked on

2022-07-19 11:53:55 - [MESSAGE][PASSED] - Object: 'Object Repository/Page_Concours photo  votez pour la plus bel_494087/input_concat(Votez pour le plus beau chien de la cte d, , Opale )_jouer' is clicked on

2022-07-19 11:53:55 - [TEST_STEP][PASSED] - if (verifyElementPresent(findTestObject("Page_Concours photo  votez pour la plus bel_494087/input_concat(Votez pour le plus beau chien de la cte d, , Opale )_jouer"), 1, OPTIONAL)): null

2022-07-19 11:53:57 - [MESSAGE][PASSED] - Object 'Object Repository/Page_Concours photo  votez pour la plus bel_494087/input_concat(Votez pour le plus beau chien de la cte d, , Opale )_jouer' is present

2022-07-19 11:53:57 - [TEST_STEP][PASSED] - click(findTestObject("Object Repository/Page_Concours photo  votez pour la plus bel_494087/input_concat(Votez pour le plus beau chien de la cte d, , Opale )_jouer")): Object: 'Object Repository/Page_Concours photo  votez pour la plus bel_494087/input_concat(Votez pour le plus beau chien de la cte d, , Opale )_jouer' is clicked on

2022-07-19 11:53:57 - [MESSAGE][PASSED] - Object: 'Object Repository/Page_Concours photo  votez pour la plus bel_494087/input_concat(Votez pour le plus beau chien de la cte d, , Opale )_jouer' is clicked on

2022-07-19 11:53:57 - [TEST_STEP][PASSED] - delay(1): Delayed 1 second(s)

2022-07-19 11:53:58 - [MESSAGE][PASSED] - Delayed 1 second(s)

2022-07-19 11:53:58 - [TEST_STEP][PASSED] - setText(findTestObject("Object Repository/Page_Concours photo  votez pour la plus bel_494087/input_trie par_keyword"), "Gaspard"): Text 'Gaspard' is set on object 'Object Repository/Page_Concours photo  votez pour la plus bel_494087/input_trie par_keyword'

2022-07-19 11:54:00 - [MESSAGE][PASSED] - Text 'Gaspard' is set on object 'Object Repository/Page_Concours photo  votez pour la plus bel_494087/input_trie par_keyword'

2022-07-19 11:54:00 - [TEST_STEP][PASSED] - sendKeys(findTestObject("Page_Concours photo  votez pour la plus bel_494087/input_trie par_keyword"), Keys.chord(ENTER)): Keys 'ENTER + ' sent to object: 'Object Repository/Page_Concours photo  votez pour la plus bel_494087/input_trie par_keyword'

2022-07-19 11:54:01 - [MESSAGE][PASSED] - Keys 'ENTER + ' sent to object: 'Object Repository/Page_Concours photo  votez pour la plus bel_494087/input_trie par_keyword'

2022-07-19 11:54:01 - [TEST_STEP][PASSED] - click(findTestObject("Page_Concours photo  votez pour la plus bel_494087/tri")): Object: 'Object Repository/Page_Concours photo  votez pour la plus bel_494087/tri' is clicked on

2022-07-19 11:54:02 - [MESSAGE][PASSED] - Object: 'Object Repository/Page_Concours photo  votez pour la plus bel_494087/tri' is clicked on

2022-07-19 11:54:02 - [TEST_STEP][PASSED] - click(findTestObject("Page_Concours photo  votez pour la plus bel_494087/plus de votes")): Object: 'Object Repository/Page_Concours photo  votez pour la plus bel_494087/plus de votes' is clicked on

2022-07-19 11:54:03 - [MESSAGE][PASSED] - Object: 'Object Repository/Page_Concours photo  votez pour la plus bel_494087/plus de votes' is clicked on

2022-07-19 11:54:04 - [TEST_STEP][PASSED] - click(findTestObject("Object Repository/Page_Concours photo  votez pour la plus bel_494087/i_Votes_fa fa-heart")): Object: 'Object Repository/Page_Concours photo  votez pour la plus bel_494087/i_Votes_fa fa-heart' is clicked on

2022-07-19 11:54:05 - [MESSAGE][PASSED] - Object: 'Object Repository/Page_Concours photo  votez pour la plus bel_494087/i_Votes_fa fa-heart' is clicked on

2022-07-19 11:54:05 - [TEST_STEP][PASSED] - delay(1): Delayed 1 second(s)

2022-07-19 11:54:06 - [MESSAGE][PASSED] - Delayed 1 second(s)

2022-07-19 11:54:06 - [TEST_STEP][PASSED] - closeBrowser(): Browser is closed

2022-07-19 11:54:06 - [MESSAGE][PASSED] - Browser is closed]]></system-out>
         <system-err><![CDATA[]]></system-err>
      </testcase>
      <testcase name="Test Cases/Vote" time="31.031" classname="Test Cases/Vote" status="PASSED">
         <system-out><![CDATA[2022-07-19 11:54:06 - [TEST_CASE][PASSED] - Test Cases/Vote: Test Cases/Vote

2022-07-19 11:54:06 - [TEST_STEP][PASSED] - openBrowser(""): Browser is opened with url: ''

2022-07-19 11:54:06 - [MESSAGE][INFO] - Starting 'Chrome' driver

2022-07-19 11:54:06 - [MESSAGE][INFO] - Action delay is set to 0 milliseconds

2022-07-19 11:54:07 - [MESSAGE][PASSED] - Browser is opened with url: ''

2022-07-19 11:54:07 - [TEST_STEP][PASSED] - navigateToUrl("https://lesechosdutouquet.nordlittoral.fr/147787/article/2022-06-30/concours-photo-montrez-nous-la-plus-belle-photo-de-votre-chien-en-promenade-sur#l5lb6r47qsmp9ur58y"): Navigate to 'https://lesechosdutouquet.nordlittoral.fr/147787/article/2022-06-30/concours-photo-montrez-nous-la-plus-belle-photo-de-votre-chien-en-promenade-sur#l5lb6r47qsmp9ur58y' successfully

2022-07-19 11:54:10 - [MESSAGE][PASSED] - Navigate to 'https://lesechosdutouquet.nordlittoral.fr/147787/article/2022-06-30/concours-photo-montrez-nous-la-plus-belle-photo-de-votre-chien-en-promenade-sur#l5lb6r47qsmp9ur58y' successfully

2022-07-19 11:54:10 - [TEST_STEP][PASSED] - setViewPortSize(1920, 1080): Viewport is set to new size with width = 1920 and height = 1080

2022-07-19 11:54:10 - [MESSAGE][PASSED] - Viewport is set to new size with width = 1920 and height = 1080

2022-07-19 11:54:10 - [TEST_STEP][PASSED] - click(findTestObject("Object Repository/Page_Concours photo  votez pour la plus bel_494087/button_Accepter  Fermer")): Object: 'Object Repository/Page_Concours photo  votez pour la plus bel_494087/button_Accepter  Fermer' is clicked on

2022-07-19 11:54:12 - [MESSAGE][PASSED] - Object: 'Object Repository/Page_Concours photo  votez pour la plus bel_494087/button_Accepter  Fermer' is clicked on

2022-07-19 11:54:12 - [TEST_STEP][PASSED] - delay(12): Delayed 12 second(s)

2022-07-19 11:54:24 - [MESSAGE][PASSED] - Delayed 12 second(s)

2022-07-19 11:54:24 - [TEST_STEP][PASSED] - click(findTestObject("Object Repository/Page_Concours photo  votez pour la plus bel_494087/a_X")): Object: 'Object Repository/Page_Concours photo  votez pour la plus bel_494087/a_X' is clicked on

2022-07-19 11:54:24 - [MESSAGE][PASSED] - Object: 'Object Repository/Page_Concours photo  votez pour la plus bel_494087/a_X' is clicked on

2022-07-19 11:54:24 - [TEST_STEP][PASSED] - delay(1): Delayed 1 second(s)

2022-07-19 11:54:25 - [MESSAGE][PASSED] - Delayed 1 second(s)

2022-07-19 11:54:25 - [TEST_STEP][PASSED] - click(findTestObject("Object Repository/Page_Concours photo  votez pour la plus bel_494087/input_concat(Votez pour le plus beau chien de la cte d, , Opale )_jouer")): Object: 'Object Repository/Page_Concours photo  votez pour la plus bel_494087/input_concat(Votez pour le plus beau chien de la cte d, , Opale )_jouer' is clicked on

2022-07-19 11:54:26 - [MESSAGE][PASSED] - Object: 'Object Repository/Page_Concours photo  votez pour la plus bel_494087/input_concat(Votez pour le plus beau chien de la cte d, , Opale )_jouer' is clicked on

2022-07-19 11:54:27 - [TEST_STEP][PASSED] - if (verifyElementPresent(findTestObject("Page_Concours photo  votez pour la plus bel_494087/input_concat(Votez pour le plus beau chien de la cte d, , Opale )_jouer"), 1, OPTIONAL)): null

2022-07-19 11:54:28 - [MESSAGE][PASSED] - Object 'Object Repository/Page_Concours photo  votez pour la plus bel_494087/input_concat(Votez pour le plus beau chien de la cte d, , Opale )_jouer' is present

2022-07-19 11:54:28 - [TEST_STEP][PASSED] - click(findTestObject("Object Repository/Page_Concours photo  votez pour la plus bel_494087/input_concat(Votez pour le plus beau chien de la cte d, , Opale )_jouer")): Object: 'Object Repository/Page_Concours photo  votez pour la plus bel_494087/input_concat(Votez pour le plus beau chien de la cte d, , Opale )_jouer' is clicked on

2022-07-19 11:54:28 - [MESSAGE][PASSED] - Object: 'Object Repository/Page_Concours photo  votez pour la plus bel_494087/input_concat(Votez pour le plus beau chien de la cte d, , Opale )_jouer' is clicked on

2022-07-19 11:54:28 - [TEST_STEP][PASSED] - delay(1): Delayed 1 second(s)

2022-07-19 11:54:29 - [MESSAGE][PASSED] - Delayed 1 second(s)

2022-07-19 11:54:29 - [TEST_STEP][PASSED] - setText(findTestObject("Object Repository/Page_Concours photo  votez pour la plus bel_494087/input_trie par_keyword"), "Gaspard"): Text 'Gaspard' is set on object 'Object Repository/Page_Concours photo  votez pour la plus bel_494087/input_trie par_keyword'

2022-07-19 11:54:32 - [MESSAGE][PASSED] - Text 'Gaspard' is set on object 'Object Repository/Page_Concours photo  votez pour la plus bel_494087/input_trie par_keyword'

2022-07-19 11:54:32 - [TEST_STEP][PASSED] - sendKeys(findTestObject("Page_Concours photo  votez pour la plus bel_494087/input_trie par_keyword"), Keys.chord(ENTER)): Keys 'ENTER + ' sent to object: 'Object Repository/Page_Concours photo  votez pour la plus bel_494087/input_trie par_keyword'

2022-07-19 11:54:32 - [MESSAGE][PASSED] - Keys 'ENTER + ' sent to object: 'Object Repository/Page_Concours photo  votez pour la plus bel_494087/input_trie par_keyword'

2022-07-19 11:54:32 - [TEST_STEP][PASSED] - click(findTestObject("Page_Concours photo  votez pour la plus bel_494087/tri")): Object: 'Object Repository/Page_Concours photo  votez pour la plus bel_494087/tri' is clicked on

2022-07-19 11:54:33 - [MESSAGE][PASSED] - Object: 'Object Repository/Page_Concours photo  votez pour la plus bel_494087/tri' is clicked on

2022-07-19 11:54:33 - [TEST_STEP][PASSED] - click(findTestObject("Page_Concours photo  votez pour la plus bel_494087/plus de votes")): Object: 'Object Repository/Page_Concours photo  votez pour la plus bel_494087/plus de votes' is clicked on

2022-07-19 11:54:34 - [MESSAGE][PASSED] - Object: 'Object Repository/Page_Concours photo  votez pour la plus bel_494087/plus de votes' is clicked on

2022-07-19 11:54:35 - [TEST_STEP][PASSED] - click(findTestObject("Object Repository/Page_Concours photo  votez pour la plus bel_494087/i_Votes_fa fa-heart")): Object: 'Object Repository/Page_Concours photo  votez pour la plus bel_494087/i_Votes_fa fa-heart' is clicked on

2022-07-19 11:54:36 - [MESSAGE][PASSED] - Object: 'Object Repository/Page_Concours photo  votez pour la plus bel_494087/i_Votes_fa fa-heart' is clicked on

2022-07-19 11:54:36 - [TEST_STEP][PASSED] - delay(1): Delayed 1 second(s)

2022-07-19 11:54:37 - [MESSAGE][PASSED] - Delayed 1 second(s)

2022-07-19 11:54:37 - [TEST_STEP][PASSED] - closeBrowser(): Browser is closed

2022-07-19 11:54:37 - [MESSAGE][PASSED] - Browser is closed]]></system-out>
         <system-err><![CDATA[]]></system-err>
      </testcase>
      <testcase name="Test Cases/Vote" time="32.641" classname="Test Cases/Vote" status="PASSED">
         <system-out><![CDATA[2022-07-19 11:54:37 - [TEST_CASE][PASSED] - Test Cases/Vote: Test Cases/Vote

2022-07-19 11:54:37 - [TEST_STEP][PASSED] - openBrowser(""): Browser is opened with url: ''

2022-07-19 11:54:37 - [MESSAGE][INFO] - Starting 'Chrome' driver

2022-07-19 11:54:37 - [MESSAGE][INFO] - Action delay is set to 0 milliseconds

2022-07-19 11:54:38 - [MESSAGE][PASSED] - Browser is opened with url: ''

2022-07-19 11:54:38 - [TEST_STEP][PASSED] - navigateToUrl("https://lesechosdutouquet.nordlittoral.fr/147787/article/2022-06-30/concours-photo-montrez-nous-la-plus-belle-photo-de-votre-chien-en-promenade-sur#l5lb6r47qsmp9ur58y"): Navigate to 'https://lesechosdutouquet.nordlittoral.fr/147787/article/2022-06-30/concours-photo-montrez-nous-la-plus-belle-photo-de-votre-chien-en-promenade-sur#l5lb6r47qsmp9ur58y' successfully

2022-07-19 11:54:42 - [MESSAGE][PASSED] - Navigate to 'https://lesechosdutouquet.nordlittoral.fr/147787/article/2022-06-30/concours-photo-montrez-nous-la-plus-belle-photo-de-votre-chien-en-promenade-sur#l5lb6r47qsmp9ur58y' successfully

2022-07-19 11:54:42 - [TEST_STEP][PASSED] - setViewPortSize(1920, 1080): Viewport is set to new size with width = 1920 and height = 1080

2022-07-19 11:54:42 - [MESSAGE][PASSED] - Viewport is set to new size with width = 1920 and height = 1080

2022-07-19 11:54:42 - [TEST_STEP][PASSED] - click(findTestObject("Object Repository/Page_Concours photo  votez pour la plus bel_494087/button_Accepter  Fermer")): Object: 'Object Repository/Page_Concours photo  votez pour la plus bel_494087/button_Accepter  Fermer' is clicked on

2022-07-19 11:54:43 - [MESSAGE][PASSED] - Object: 'Object Repository/Page_Concours photo  votez pour la plus bel_494087/button_Accepter  Fermer' is clicked on

2022-07-19 11:54:43 - [TEST_STEP][PASSED] - delay(12): Delayed 12 second(s)

2022-07-19 11:54:55 - [MESSAGE][PASSED] - Delayed 12 second(s)

2022-07-19 11:54:55 - [TEST_STEP][PASSED] - click(findTestObject("Object Repository/Page_Concours photo  votez pour la plus bel_494087/a_X")): Object: 'Object Repository/Page_Concours photo  votez pour la plus bel_494087/a_X' is clicked on

2022-07-19 11:54:56 - [MESSAGE][PASSED] - Object: 'Object Repository/Page_Concours photo  votez pour la plus bel_494087/a_X' is clicked on

2022-07-19 11:54:56 - [TEST_STEP][PASSED] - delay(1): Delayed 1 second(s)

2022-07-19 11:54:57 - [MESSAGE][PASSED] - Delayed 1 second(s)

2022-07-19 11:54:57 - [TEST_STEP][PASSED] - click(findTestObject("Object Repository/Page_Concours photo  votez pour la plus bel_494087/input_concat(Votez pour le plus beau chien de la cte d, , Opale )_jouer")): Object: 'Object Repository/Page_Concours photo  votez pour la plus bel_494087/input_concat(Votez pour le plus beau chien de la cte d, , Opale )_jouer' is clicked on

2022-07-19 11:54:58 - [MESSAGE][PASSED] - Object: 'Object Repository/Page_Concours photo  votez pour la plus bel_494087/input_concat(Votez pour le plus beau chien de la cte d, , Opale )_jouer' is clicked on

2022-07-19 11:54:58 - [TEST_STEP][PASSED] - if (verifyElementPresent(findTestObject("Page_Concours photo  votez pour la plus bel_494087/input_concat(Votez pour le plus beau chien de la cte d, , Opale )_jouer"), 1, OPTIONAL)): null

2022-07-19 11:54:59 - [MESSAGE][PASSED] - Object 'Object Repository/Page_Concours photo  votez pour la plus bel_494087/input_concat(Votez pour le plus beau chien de la cte d, , Opale )_jouer' is present

2022-07-19 11:54:59 - [TEST_STEP][PASSED] - click(findTestObject("Object Repository/Page_Concours photo  votez pour la plus bel_494087/input_concat(Votez pour le plus beau chien de la cte d, , Opale )_jouer")): Object: 'Object Repository/Page_Concours photo  votez pour la plus bel_494087/input_concat(Votez pour le plus beau chien de la cte d, , Opale )_jouer' is clicked on

2022-07-19 11:55:00 - [MESSAGE][PASSED] - Object: 'Object Repository/Page_Concours photo  votez pour la plus bel_494087/input_concat(Votez pour le plus beau chien de la cte d, , Opale )_jouer' is clicked on

2022-07-19 11:55:00 - [TEST_STEP][PASSED] - delay(1): Delayed 1 second(s)

2022-07-19 11:55:01 - [MESSAGE][PASSED] - Delayed 1 second(s)

2022-07-19 11:55:01 - [TEST_STEP][PASSED] - setText(findTestObject("Object Repository/Page_Concours photo  votez pour la plus bel_494087/input_trie par_keyword"), "Gaspard"): Text 'Gaspard' is set on object 'Object Repository/Page_Concours photo  votez pour la plus bel_494087/input_trie par_keyword'

2022-07-19 11:55:04 - [MESSAGE][PASSED] - Text 'Gaspard' is set on object 'Object Repository/Page_Concours photo  votez pour la plus bel_494087/input_trie par_keyword'

2022-07-19 11:55:04 - [TEST_STEP][PASSED] - sendKeys(findTestObject("Page_Concours photo  votez pour la plus bel_494087/input_trie par_keyword"), Keys.chord(ENTER)): Keys 'ENTER + ' sent to object: 'Object Repository/Page_Concours photo  votez pour la plus bel_494087/input_trie par_keyword'

2022-07-19 11:55:05 - [MESSAGE][PASSED] - Keys 'ENTER + ' sent to object: 'Object Repository/Page_Concours photo  votez pour la plus bel_494087/input_trie par_keyword'

2022-07-19 11:55:05 - [TEST_STEP][PASSED] - click(findTestObject("Page_Concours photo  votez pour la plus bel_494087/tri")): Object: 'Object Repository/Page_Concours photo  votez pour la plus bel_494087/tri' is clicked on

2022-07-19 11:55:06 - [MESSAGE][PASSED] - Object: 'Object Repository/Page_Concours photo  votez pour la plus bel_494087/tri' is clicked on

2022-07-19 11:55:06 - [TEST_STEP][PASSED] - click(findTestObject("Page_Concours photo  votez pour la plus bel_494087/plus de votes")): Object: 'Object Repository/Page_Concours photo  votez pour la plus bel_494087/plus de votes' is clicked on

2022-07-19 11:55:07 - [MESSAGE][PASSED] - Object: 'Object Repository/Page_Concours photo  votez pour la plus bel_494087/plus de votes' is clicked on

2022-07-19 11:55:07 - [TEST_STEP][PASSED] - click(findTestObject("Object Repository/Page_Concours photo  votez pour la plus bel_494087/i_Votes_fa fa-heart")): Object: 'Object Repository/Page_Concours photo  votez pour la plus bel_494087/i_Votes_fa fa-heart' is clicked on

2022-07-19 11:55:08 - [MESSAGE][PASSED] - Object: 'Object Repository/Page_Concours photo  votez pour la plus bel_494087/i_Votes_fa fa-heart' is clicked on

2022-07-19 11:55:08 - [TEST_STEP][PASSED] - delay(1): Delayed 1 second(s)

2022-07-19 11:55:09 - [MESSAGE][PASSED] - Delayed 1 second(s)

2022-07-19 11:55:09 - [TEST_STEP][PASSED] - closeBrowser(): Browser is closed

2022-07-19 11:55:10 - [MESSAGE][PASSED] - Browser is closed]]></system-out>
         <system-err><![CDATA[]]></system-err>
      </testcase>
      <testcase name="Test Cases/Vote" time="29.62" classname="Test Cases/Vote" status="PASSED">
         <system-out><![CDATA[2022-07-19 11:55:10 - [TEST_CASE][PASSED] - Test Cases/Vote: Test Cases/Vote

2022-07-19 11:55:10 - [TEST_STEP][PASSED] - openBrowser(""): Browser is opened with url: ''

2022-07-19 11:55:10 - [MESSAGE][INFO] - Starting 'Chrome' driver

2022-07-19 11:55:10 - [MESSAGE][INFO] - Action delay is set to 0 milliseconds

2022-07-19 11:55:11 - [MESSAGE][PASSED] - Browser is opened with url: ''

2022-07-19 11:55:11 - [TEST_STEP][PASSED] - navigateToUrl("https://lesechosdutouquet.nordlittoral.fr/147787/article/2022-06-30/concours-photo-montrez-nous-la-plus-belle-photo-de-votre-chien-en-promenade-sur#l5lb6r47qsmp9ur58y"): Navigate to 'https://lesechosdutouquet.nordlittoral.fr/147787/article/2022-06-30/concours-photo-montrez-nous-la-plus-belle-photo-de-votre-chien-en-promenade-sur#l5lb6r47qsmp9ur58y' successfully

2022-07-19 11:55:14 - [MESSAGE][PASSED] - Navigate to 'https://lesechosdutouquet.nordlittoral.fr/147787/article/2022-06-30/concours-photo-montrez-nous-la-plus-belle-photo-de-votre-chien-en-promenade-sur#l5lb6r47qsmp9ur58y' successfully

2022-07-19 11:55:14 - [TEST_STEP][PASSED] - setViewPortSize(1920, 1080): Viewport is set to new size with width = 1920 and height = 1080

2022-07-19 11:55:14 - [MESSAGE][PASSED] - Viewport is set to new size with width = 1920 and height = 1080

2022-07-19 11:55:14 - [TEST_STEP][PASSED] - click(findTestObject("Object Repository/Page_Concours photo  votez pour la plus bel_494087/button_Accepter  Fermer")): Object: 'Object Repository/Page_Concours photo  votez pour la plus bel_494087/button_Accepter  Fermer' is clicked on

2022-07-19 11:55:15 - [MESSAGE][PASSED] - Object: 'Object Repository/Page_Concours photo  votez pour la plus bel_494087/button_Accepter  Fermer' is clicked on

2022-07-19 11:55:15 - [TEST_STEP][PASSED] - delay(12): Delayed 12 second(s)

2022-07-19 11:55:27 - [MESSAGE][PASSED] - Delayed 12 second(s)

2022-07-19 11:55:27 - [TEST_STEP][PASSED] - click(findTestObject("Object Repository/Page_Concours photo  votez pour la plus bel_494087/a_X")): Object: 'Object Repository/Page_Concours photo  votez pour la plus bel_494087/a_X' is clicked on

2022-07-19 11:55:27 - [MESSAGE][PASSED] - Object: 'Object Repository/Page_Concours photo  votez pour la plus bel_494087/a_X' is clicked on

2022-07-19 11:55:27 - [TEST_STEP][PASSED] - delay(1): Delayed 1 second(s)

2022-07-19 11:55:28 - [MESSAGE][PASSED] - Delayed 1 second(s)

2022-07-19 11:55:28 - [TEST_STEP][PASSED] - click(findTestObject("Object Repository/Page_Concours photo  votez pour la plus bel_494087/input_concat(Votez pour le plus beau chien de la cte d, , Opale )_jouer")): Object: 'Object Repository/Page_Concours photo  votez pour la plus bel_494087/input_concat(Votez pour le plus beau chien de la cte d, , Opale )_jouer' is clicked on

2022-07-19 11:55:29 - [MESSAGE][PASSED] - Object: 'Object Repository/Page_Concours photo  votez pour la plus bel_494087/input_concat(Votez pour le plus beau chien de la cte d, , Opale )_jouer' is clicked on

2022-07-19 11:55:29 - [TEST_STEP][PASSED] - if (verifyElementPresent(findTestObject("Page_Concours photo  votez pour la plus bel_494087/input_concat(Votez pour le plus beau chien de la cte d, , Opale )_jouer"), 1, OPTIONAL)): null

2022-07-19 11:55:30 - [MESSAGE][PASSED] - Object 'Object Repository/Page_Concours photo  votez pour la plus bel_494087/input_concat(Votez pour le plus beau chien de la cte d, , Opale )_jouer' is present

2022-07-19 11:55:30 - [TEST_STEP][PASSED] - click(findTestObject("Object Repository/Page_Concours photo  votez pour la plus bel_494087/input_concat(Votez pour le plus beau chien de la cte d, , Opale )_jouer")): Object: 'Object Repository/Page_Concours photo  votez pour la plus bel_494087/input_concat(Votez pour le plus beau chien de la cte d, , Opale )_jouer' is clicked on

2022-07-19 11:55:31 - [MESSAGE][PASSED] - Object: 'Object Repository/Page_Concours photo  votez pour la plus bel_494087/input_concat(Votez pour le plus beau chien de la cte d, , Opale )_jouer' is clicked on

2022-07-19 11:55:31 - [TEST_STEP][PASSED] - delay(1): Delayed 1 second(s)

2022-07-19 11:55:32 - [MESSAGE][PASSED] - Delayed 1 second(s)

2022-07-19 11:55:32 - [TEST_STEP][PASSED] - setText(findTestObject("Object Repository/Page_Concours photo  votez pour la plus bel_494087/input_trie par_keyword"), "Gaspard"): Text 'Gaspard' is set on object 'Object Repository/Page_Concours photo  votez pour la plus bel_494087/input_trie par_keyword'

2022-07-19 11:55:35 - [MESSAGE][PASSED] - Text 'Gaspard' is set on object 'Object Repository/Page_Concours photo  votez pour la plus bel_494087/input_trie par_keyword'

2022-07-19 11:55:35 - [TEST_STEP][PASSED] - sendKeys(findTestObject("Page_Concours photo  votez pour la plus bel_494087/input_trie par_keyword"), Keys.chord(ENTER)): Keys 'ENTER + ' sent to object: 'Object Repository/Page_Concours photo  votez pour la plus bel_494087/input_trie par_keyword'

2022-07-19 11:55:35 - [MESSAGE][PASSED] - Keys 'ENTER + ' sent to object: 'Object Repository/Page_Concours photo  votez pour la plus bel_494087/input_trie par_keyword'

2022-07-19 11:55:35 - [TEST_STEP][PASSED] - click(findTestObject("Page_Concours photo  votez pour la plus bel_494087/tri")): Object: 'Object Repository/Page_Concours photo  votez pour la plus bel_494087/tri' is clicked on

2022-07-19 11:55:36 - [MESSAGE][PASSED] - Object: 'Object Repository/Page_Concours photo  votez pour la plus bel_494087/tri' is clicked on

2022-07-19 11:55:36 - [TEST_STEP][PASSED] - click(findTestObject("Page_Concours photo  votez pour la plus bel_494087/plus de votes")): Object: 'Object Repository/Page_Concours photo  votez pour la plus bel_494087/plus de votes' is clicked on

2022-07-19 11:55:36 - [MESSAGE][PASSED] - Object: 'Object Repository/Page_Concours photo  votez pour la plus bel_494087/plus de votes' is clicked on

2022-07-19 11:55:37 - [TEST_STEP][PASSED] - click(findTestObject("Object Repository/Page_Concours photo  votez pour la plus bel_494087/i_Votes_fa fa-heart")): Object: 'Object Repository/Page_Concours photo  votez pour la plus bel_494087/i_Votes_fa fa-heart' is clicked on

2022-07-19 11:55:38 - [MESSAGE][PASSED] - Object: 'Object Repository/Page_Concours photo  votez pour la plus bel_494087/i_Votes_fa fa-heart' is clicked on

2022-07-19 11:55:38 - [TEST_STEP][PASSED] - delay(1): Delayed 1 second(s)

2022-07-19 11:55:39 - [MESSAGE][PASSED] - Delayed 1 second(s)

2022-07-19 11:55:39 - [TEST_STEP][PASSED] - closeBrowser(): Browser is closed

2022-07-19 11:55:39 - [MESSAGE][PASSED] - Browser is closed]]></system-out>
         <system-err><![CDATA[]]></system-err>
      </testcase>
      <testcase name="Test Cases/Vote" time="32.785" classname="Test Cases/Vote" status="PASSED">
         <system-out><![CDATA[2022-07-19 11:55:39 - [TEST_CASE][PASSED] - Test Cases/Vote: Test Cases/Vote

2022-07-19 11:55:39 - [TEST_STEP][PASSED] - openBrowser(""): Browser is opened with url: ''

2022-07-19 11:55:39 - [MESSAGE][INFO] - Starting 'Chrome' driver

2022-07-19 11:55:39 - [MESSAGE][INFO] - Action delay is set to 0 milliseconds

2022-07-19 11:55:41 - [MESSAGE][PASSED] - Browser is opened with url: ''

2022-07-19 11:55:41 - [TEST_STEP][PASSED] - navigateToUrl("https://lesechosdutouquet.nordlittoral.fr/147787/article/2022-06-30/concours-photo-montrez-nous-la-plus-belle-photo-de-votre-chien-en-promenade-sur#l5lb6r47qsmp9ur58y"): Navigate to 'https://lesechosdutouquet.nordlittoral.fr/147787/article/2022-06-30/concours-photo-montrez-nous-la-plus-belle-photo-de-votre-chien-en-promenade-sur#l5lb6r47qsmp9ur58y' successfully

2022-07-19 11:55:44 - [MESSAGE][PASSED] - Navigate to 'https://lesechosdutouquet.nordlittoral.fr/147787/article/2022-06-30/concours-photo-montrez-nous-la-plus-belle-photo-de-votre-chien-en-promenade-sur#l5lb6r47qsmp9ur58y' successfully

2022-07-19 11:55:44 - [TEST_STEP][PASSED] - setViewPortSize(1920, 1080): Viewport is set to new size with width = 1920 and height = 1080

2022-07-19 11:55:44 - [MESSAGE][PASSED] - Viewport is set to new size with width = 1920 and height = 1080

2022-07-19 11:55:44 - [TEST_STEP][PASSED] - click(findTestObject("Object Repository/Page_Concours photo  votez pour la plus bel_494087/button_Accepter  Fermer")): Object: 'Object Repository/Page_Concours photo  votez pour la plus bel_494087/button_Accepter  Fermer' is clicked on

2022-07-19 11:55:45 - [MESSAGE][PASSED] - Object: 'Object Repository/Page_Concours photo  votez pour la plus bel_494087/button_Accepter  Fermer' is clicked on

2022-07-19 11:55:45 - [TEST_STEP][PASSED] - delay(12): Delayed 12 second(s)

2022-07-19 11:55:57 - [MESSAGE][PASSED] - Delayed 12 second(s)

2022-07-19 11:55:57 - [TEST_STEP][PASSED] - click(findTestObject("Object Repository/Page_Concours photo  votez pour la plus bel_494087/a_X")): Object: 'Object Repository/Page_Concours photo  votez pour la plus bel_494087/a_X' is clicked on

2022-07-19 11:55:58 - [MESSAGE][PASSED] - Object: 'Object Repository/Page_Concours photo  votez pour la plus bel_494087/a_X' is clicked on

2022-07-19 11:55:58 - [TEST_STEP][PASSED] - delay(1): Delayed 1 second(s)

2022-07-19 11:55:59 - [MESSAGE][PASSED] - Delayed 1 second(s)

2022-07-19 11:55:59 - [TEST_STEP][PASSED] - click(findTestObject("Object Repository/Page_Concours photo  votez pour la plus bel_494087/input_concat(Votez pour le plus beau chien de la cte d, , Opale )_jouer")): Object: 'Object Repository/Page_Concours photo  votez pour la plus bel_494087/input_concat(Votez pour le plus beau chien de la cte d, , Opale )_jouer' is clicked on

2022-07-19 11:55:59 - [MESSAGE][PASSED] - Object: 'Object Repository/Page_Concours photo  votez pour la plus bel_494087/input_concat(Votez pour le plus beau chien de la cte d, , Opale )_jouer' is clicked on

2022-07-19 11:55:59 - [TEST_STEP][PASSED] - if (verifyElementPresent(findTestObject("Page_Concours photo  votez pour la plus bel_494087/input_concat(Votez pour le plus beau chien de la cte d, , Opale )_jouer"), 1, OPTIONAL)): null

2022-07-19 11:56:01 - [MESSAGE][PASSED] - Object 'Object Repository/Page_Concours photo  votez pour la plus bel_494087/input_concat(Votez pour le plus beau chien de la cte d, , Opale )_jouer' is present

2022-07-19 11:56:01 - [TEST_STEP][PASSED] - click(findTestObject("Object Repository/Page_Concours photo  votez pour la plus bel_494087/input_concat(Votez pour le plus beau chien de la cte d, , Opale )_jouer")): Object: 'Object Repository/Page_Concours photo  votez pour la plus bel_494087/input_concat(Votez pour le plus beau chien de la cte d, , Opale )_jouer' is clicked on

2022-07-19 11:56:01 - [MESSAGE][PASSED] - Object: 'Object Repository/Page_Concours photo  votez pour la plus bel_494087/input_concat(Votez pour le plus beau chien de la cte d, , Opale )_jouer' is clicked on

2022-07-19 11:56:01 - [TEST_STEP][PASSED] - delay(1): Delayed 1 second(s)

2022-07-19 11:56:02 - [MESSAGE][PASSED] - Delayed 1 second(s)

2022-07-19 11:56:02 - [TEST_STEP][PASSED] - setText(findTestObject("Object Repository/Page_Concours photo  votez pour la plus bel_494087/input_trie par_keyword"), "Gaspard"): Text 'Gaspard' is set on object 'Object Repository/Page_Concours photo  votez pour la plus bel_494087/input_trie par_keyword'

2022-07-19 11:56:06 - [MESSAGE][PASSED] - Text 'Gaspard' is set on object 'Object Repository/Page_Concours photo  votez pour la plus bel_494087/input_trie par_keyword'

2022-07-19 11:56:06 - [TEST_STEP][PASSED] - sendKeys(findTestObject("Page_Concours photo  votez pour la plus bel_494087/input_trie par_keyword"), Keys.chord(ENTER)): Keys 'ENTER + ' sent to object: 'Object Repository/Page_Concours photo  votez pour la plus bel_494087/input_trie par_keyword'

2022-07-19 11:56:08 - [MESSAGE][PASSED] - Keys 'ENTER + ' sent to object: 'Object Repository/Page_Concours photo  votez pour la plus bel_494087/input_trie par_keyword'

2022-07-19 11:56:08 - [TEST_STEP][PASSED] - click(findTestObject("Page_Concours photo  votez pour la plus bel_494087/tri")): Object: 'Object Repository/Page_Concours photo  votez pour la plus bel_494087/tri' is clicked on

2022-07-19 11:56:08 - [MESSAGE][PASSED] - Object: 'Object Repository/Page_Concours photo  votez pour la plus bel_494087/tri' is clicked on

2022-07-19 11:56:08 - [TEST_STEP][PASSED] - click(findTestObject("Page_Concours photo  votez pour la plus bel_494087/plus de votes")): Object: 'Object Repository/Page_Concours photo  votez pour la plus bel_494087/plus de votes' is clicked on

2022-07-19 11:56:09 - [MESSAGE][PASSED] - Object: 'Object Repository/Page_Concours photo  votez pour la plus bel_494087/plus de votes' is clicked on

2022-07-19 11:56:10 - [TEST_STEP][PASSED] - click(findTestObject("Object Repository/Page_Concours photo  votez pour la plus bel_494087/i_Votes_fa fa-heart")): Object: 'Object Repository/Page_Concours photo  votez pour la plus bel_494087/i_Votes_fa fa-heart' is clicked on

2022-07-19 11:56:11 - [MESSAGE][PASSED] - Object: 'Object Repository/Page_Concours photo  votez pour la plus bel_494087/i_Votes_fa fa-heart' is clicked on

2022-07-19 11:56:11 - [TEST_STEP][PASSED] - delay(1): Delayed 1 second(s)

2022-07-19 11:56:12 - [MESSAGE][PASSED] - Delayed 1 second(s)

2022-07-19 11:56:12 - [TEST_STEP][PASSED] - closeBrowser(): Browser is closed

2022-07-19 11:56:12 - [MESSAGE][PASSED] - Browser is closed]]></system-out>
         <system-err><![CDATA[]]></system-err>
      </testcase>
      <testcase name="Test Cases/Vote" time="32.791" classname="Test Cases/Vote" status="PASSED">
         <system-out><![CDATA[2022-07-19 11:56:12 - [TEST_CASE][PASSED] - Test Cases/Vote: Test Cases/Vote

2022-07-19 11:56:12 - [TEST_STEP][PASSED] - openBrowser(""): Browser is opened with url: ''

2022-07-19 11:56:12 - [MESSAGE][INFO] - Starting 'Chrome' driver

2022-07-19 11:56:12 - [MESSAGE][INFO] - Action delay is set to 0 milliseconds

2022-07-19 11:56:13 - [MESSAGE][PASSED] - Browser is opened with url: ''

2022-07-19 11:56:13 - [TEST_STEP][PASSED] - navigateToUrl("https://lesechosdutouquet.nordlittoral.fr/147787/article/2022-06-30/concours-photo-montrez-nous-la-plus-belle-photo-de-votre-chien-en-promenade-sur#l5lb6r47qsmp9ur58y"): Navigate to 'https://lesechosdutouquet.nordlittoral.fr/147787/article/2022-06-30/concours-photo-montrez-nous-la-plus-belle-photo-de-votre-chien-en-promenade-sur#l5lb6r47qsmp9ur58y' successfully

2022-07-19 11:56:16 - [MESSAGE][PASSED] - Navigate to 'https://lesechosdutouquet.nordlittoral.fr/147787/article/2022-06-30/concours-photo-montrez-nous-la-plus-belle-photo-de-votre-chien-en-promenade-sur#l5lb6r47qsmp9ur58y' successfully

2022-07-19 11:56:16 - [TEST_STEP][PASSED] - setViewPortSize(1920, 1080): Viewport is set to new size with width = 1920 and height = 1080

2022-07-19 11:56:16 - [MESSAGE][PASSED] - Viewport is set to new size with width = 1920 and height = 1080

2022-07-19 11:56:16 - [TEST_STEP][PASSED] - click(findTestObject("Object Repository/Page_Concours photo  votez pour la plus bel_494087/button_Accepter  Fermer")): Object: 'Object Repository/Page_Concours photo  votez pour la plus bel_494087/button_Accepter  Fermer' is clicked on

2022-07-19 11:56:17 - [MESSAGE][PASSED] - Object: 'Object Repository/Page_Concours photo  votez pour la plus bel_494087/button_Accepter  Fermer' is clicked on

2022-07-19 11:56:17 - [TEST_STEP][PASSED] - delay(12): Delayed 12 second(s)

2022-07-19 11:56:29 - [MESSAGE][PASSED] - Delayed 12 second(s)

2022-07-19 11:56:29 - [TEST_STEP][PASSED] - click(findTestObject("Object Repository/Page_Concours photo  votez pour la plus bel_494087/a_X")): Object: 'Object Repository/Page_Concours photo  votez pour la plus bel_494087/a_X' is clicked on

2022-07-19 11:56:30 - [MESSAGE][PASSED] - Object: 'Object Repository/Page_Concours photo  votez pour la plus bel_494087/a_X' is clicked on

2022-07-19 11:56:30 - [TEST_STEP][PASSED] - delay(1): Delayed 1 second(s)

2022-07-19 11:56:31 - [MESSAGE][PASSED] - Delayed 1 second(s)

2022-07-19 11:56:31 - [TEST_STEP][PASSED] - click(findTestObject("Object Repository/Page_Concours photo  votez pour la plus bel_494087/input_concat(Votez pour le plus beau chien de la cte d, , Opale )_jouer")): Object: 'Object Repository/Page_Concours photo  votez pour la plus bel_494087/input_concat(Votez pour le plus beau chien de la cte d, , Opale )_jouer' is clicked on

2022-07-19 11:56:31 - [MESSAGE][PASSED] - Object: 'Object Repository/Page_Concours photo  votez pour la plus bel_494087/input_concat(Votez pour le plus beau chien de la cte d, , Opale )_jouer' is clicked on

2022-07-19 11:56:31 - [TEST_STEP][PASSED] - if (verifyElementPresent(findTestObject("Page_Concours photo  votez pour la plus bel_494087/input_concat(Votez pour le plus beau chien de la cte d, , Opale )_jouer"), 1, OPTIONAL)): null

2022-07-19 11:56:33 - [MESSAGE][PASSED] - Object 'Object Repository/Page_Concours photo  votez pour la plus bel_494087/input_concat(Votez pour le plus beau chien de la cte d, , Opale )_jouer' is present

2022-07-19 11:56:33 - [TEST_STEP][PASSED] - click(findTestObject("Object Repository/Page_Concours photo  votez pour la plus bel_494087/input_concat(Votez pour le plus beau chien de la cte d, , Opale )_jouer")): Object: 'Object Repository/Page_Concours photo  votez pour la plus bel_494087/input_concat(Votez pour le plus beau chien de la cte d, , Opale )_jouer' is clicked on

2022-07-19 11:56:33 - [MESSAGE][PASSED] - Object: 'Object Repository/Page_Concours photo  votez pour la plus bel_494087/input_concat(Votez pour le plus beau chien de la cte d, , Opale )_jouer' is clicked on

2022-07-19 11:56:33 - [TEST_STEP][PASSED] - delay(1): Delayed 1 second(s)

2022-07-19 11:56:34 - [MESSAGE][PASSED] - Delayed 1 second(s)

2022-07-19 11:56:34 - [TEST_STEP][PASSED] - setText(findTestObject("Object Repository/Page_Concours photo  votez pour la plus bel_494087/input_trie par_keyword"), "Gaspard"): Text 'Gaspard' is set on object 'Object Repository/Page_Concours photo  votez pour la plus bel_494087/input_trie par_keyword'

2022-07-19 11:56:39 - [MESSAGE][PASSED] - Text 'Gaspard' is set on object 'Object Repository/Page_Concours photo  votez pour la plus bel_494087/input_trie par_keyword'

2022-07-19 11:56:39 - [TEST_STEP][PASSED] - sendKeys(findTestObject("Page_Concours photo  votez pour la plus bel_494087/input_trie par_keyword"), Keys.chord(ENTER)): Keys 'ENTER + ' sent to object: 'Object Repository/Page_Concours photo  votez pour la plus bel_494087/input_trie par_keyword'

2022-07-19 11:56:41 - [MESSAGE][PASSED] - Keys 'ENTER + ' sent to object: 'Object Repository/Page_Concours photo  votez pour la plus bel_494087/input_trie par_keyword'

2022-07-19 11:56:41 - [TEST_STEP][PASSED] - click(findTestObject("Page_Concours photo  votez pour la plus bel_494087/tri")): Object: 'Object Repository/Page_Concours photo  votez pour la plus bel_494087/tri' is clicked on

2022-07-19 11:56:41 - [MESSAGE][PASSED] - Object: 'Object Repository/Page_Concours photo  votez pour la plus bel_494087/tri' is clicked on

2022-07-19 11:56:41 - [TEST_STEP][PASSED] - click(findTestObject("Page_Concours photo  votez pour la plus bel_494087/plus de votes")): Object: 'Object Repository/Page_Concours photo  votez pour la plus bel_494087/plus de votes' is clicked on

2022-07-19 11:56:42 - [MESSAGE][PASSED] - Object: 'Object Repository/Page_Concours photo  votez pour la plus bel_494087/plus de votes' is clicked on

2022-07-19 11:56:43 - [TEST_STEP][PASSED] - click(findTestObject("Object Repository/Page_Concours photo  votez pour la plus bel_494087/i_Votes_fa fa-heart")): Object: 'Object Repository/Page_Concours photo  votez pour la plus bel_494087/i_Votes_fa fa-heart' is clicked on

2022-07-19 11:56:44 - [MESSAGE][PASSED] - Object: 'Object Repository/Page_Concours photo  votez pour la plus bel_494087/i_Votes_fa fa-heart' is clicked on

2022-07-19 11:56:44 - [TEST_STEP][PASSED] - delay(1): Delayed 1 second(s)

2022-07-19 11:56:45 - [MESSAGE][PASSED] - Delayed 1 second(s)

2022-07-19 11:56:45 - [TEST_STEP][PASSED] - closeBrowser(): Browser is closed

2022-07-19 11:56:45 - [MESSAGE][PASSED] - Browser is closed]]></system-out>
         <system-err><![CDATA[]]></system-err>
      </testcase>
      <testcase name="Test Cases/Vote" time="29.808" classname="Test Cases/Vote" status="PASSED">
         <system-out><![CDATA[2022-07-19 11:56:45 - [TEST_CASE][PASSED] - Test Cases/Vote: Test Cases/Vote

2022-07-19 11:56:45 - [TEST_STEP][PASSED] - openBrowser(""): Browser is opened with url: ''

2022-07-19 11:56:45 - [MESSAGE][INFO] - Starting 'Chrome' driver

2022-07-19 11:56:45 - [MESSAGE][INFO] - Action delay is set to 0 milliseconds

2022-07-19 11:56:46 - [MESSAGE][PASSED] - Browser is opened with url: ''

2022-07-19 11:56:46 - [TEST_STEP][PASSED] - navigateToUrl("https://lesechosdutouquet.nordlittoral.fr/147787/article/2022-06-30/concours-photo-montrez-nous-la-plus-belle-photo-de-votre-chien-en-promenade-sur#l5lb6r47qsmp9ur58y"): Navigate to 'https://lesechosdutouquet.nordlittoral.fr/147787/article/2022-06-30/concours-photo-montrez-nous-la-plus-belle-photo-de-votre-chien-en-promenade-sur#l5lb6r47qsmp9ur58y' successfully

2022-07-19 11:56:49 - [MESSAGE][PASSED] - Navigate to 'https://lesechosdutouquet.nordlittoral.fr/147787/article/2022-06-30/concours-photo-montrez-nous-la-plus-belle-photo-de-votre-chien-en-promenade-sur#l5lb6r47qsmp9ur58y' successfully

2022-07-19 11:56:49 - [TEST_STEP][PASSED] - setViewPortSize(1920, 1080): Viewport is set to new size with width = 1920 and height = 1080

2022-07-19 11:56:49 - [MESSAGE][PASSED] - Viewport is set to new size with width = 1920 and height = 1080

2022-07-19 11:56:49 - [TEST_STEP][PASSED] - click(findTestObject("Object Repository/Page_Concours photo  votez pour la plus bel_494087/button_Accepter  Fermer")): Object: 'Object Repository/Page_Concours photo  votez pour la plus bel_494087/button_Accepter  Fermer' is clicked on

2022-07-19 11:56:50 - [MESSAGE][PASSED] - Object: 'Object Repository/Page_Concours photo  votez pour la plus bel_494087/button_Accepter  Fermer' is clicked on

2022-07-19 11:56:50 - [TEST_STEP][PASSED] - delay(12): Delayed 12 second(s)

2022-07-19 11:57:02 - [MESSAGE][PASSED] - Delayed 12 second(s)

2022-07-19 11:57:02 - [TEST_STEP][PASSED] - click(findTestObject("Object Repository/Page_Concours photo  votez pour la plus bel_494087/a_X")): Object: 'Object Repository/Page_Concours photo  votez pour la plus bel_494087/a_X' is clicked on

2022-07-19 11:57:02 - [MESSAGE][PASSED] - Object: 'Object Repository/Page_Concours photo  votez pour la plus bel_494087/a_X' is clicked on

2022-07-19 11:57:02 - [TEST_STEP][PASSED] - delay(1): Delayed 1 second(s)

2022-07-19 11:57:03 - [MESSAGE][PASSED] - Delayed 1 second(s)

2022-07-19 11:57:03 - [TEST_STEP][PASSED] - click(findTestObject("Object Repository/Page_Concours photo  votez pour la plus bel_494087/input_concat(Votez pour le plus beau chien de la cte d, , Opale )_jouer")): Object: 'Object Repository/Page_Concours photo  votez pour la plus bel_494087/input_concat(Votez pour le plus beau chien de la cte d, , Opale )_jouer' is clicked on

2022-07-19 11:57:04 - [MESSAGE][PASSED] - Object: 'Object Repository/Page_Concours photo  votez pour la plus bel_494087/input_concat(Votez pour le plus beau chien de la cte d, , Opale )_jouer' is clicked on

2022-07-19 11:57:04 - [TEST_STEP][PASSED] - if (verifyElementPresent(findTestObject("Page_Concours photo  votez pour la plus bel_494087/input_concat(Votez pour le plus beau chien de la cte d, , Opale )_jouer"), 1, OPTIONAL)): null

2022-07-19 11:57:06 - [MESSAGE][PASSED] - Object 'Object Repository/Page_Concours photo  votez pour la plus bel_494087/input_concat(Votez pour le plus beau chien de la cte d, , Opale )_jouer' is present

2022-07-19 11:57:06 - [TEST_STEP][PASSED] - click(findTestObject("Object Repository/Page_Concours photo  votez pour la plus bel_494087/input_concat(Votez pour le plus beau chien de la cte d, , Opale )_jouer")): Object: 'Object Repository/Page_Concours photo  votez pour la plus bel_494087/input_concat(Votez pour le plus beau chien de la cte d, , Opale )_jouer' is clicked on

2022-07-19 11:57:06 - [MESSAGE][PASSED] - Object: 'Object Repository/Page_Concours photo  votez pour la plus bel_494087/input_concat(Votez pour le plus beau chien de la cte d, , Opale )_jouer' is clicked on

2022-07-19 11:57:06 - [TEST_STEP][PASSED] - delay(1): Delayed 1 second(s)

2022-07-19 11:57:07 - [MESSAGE][PASSED] - Delayed 1 second(s)

2022-07-19 11:57:07 - [TEST_STEP][PASSED] - setText(findTestObject("Object Repository/Page_Concours photo  votez pour la plus bel_494087/input_trie par_keyword"), "Gaspard"): Text 'Gaspard' is set on object 'Object Repository/Page_Concours photo  votez pour la plus bel_494087/input_trie par_keyword'

2022-07-19 11:57:10 - [MESSAGE][PASSED] - Text 'Gaspard' is set on object 'Object Repository/Page_Concours photo  votez pour la plus bel_494087/input_trie par_keyword'

2022-07-19 11:57:10 - [TEST_STEP][PASSED] - sendKeys(findTestObject("Page_Concours photo  votez pour la plus bel_494087/input_trie par_keyword"), Keys.chord(ENTER)): Keys 'ENTER + ' sent to object: 'Object Repository/Page_Concours photo  votez pour la plus bel_494087/input_trie par_keyword'

2022-07-19 11:57:10 - [MESSAGE][PASSED] - Keys 'ENTER + ' sent to object: 'Object Repository/Page_Concours photo  votez pour la plus bel_494087/input_trie par_keyword'

2022-07-19 11:57:10 - [TEST_STEP][PASSED] - click(findTestObject("Page_Concours photo  votez pour la plus bel_494087/tri")): Object: 'Object Repository/Page_Concours photo  votez pour la plus bel_494087/tri' is clicked on

2022-07-19 11:57:11 - [MESSAGE][PASSED] - Object: 'Object Repository/Page_Concours photo  votez pour la plus bel_494087/tri' is clicked on

2022-07-19 11:57:11 - [TEST_STEP][PASSED] - click(findTestObject("Page_Concours photo  votez pour la plus bel_494087/plus de votes")): Object: 'Object Repository/Page_Concours photo  votez pour la plus bel_494087/plus de votes' is clicked on

2022-07-19 11:57:12 - [MESSAGE][PASSED] - Object: 'Object Repository/Page_Concours photo  votez pour la plus bel_494087/plus de votes' is clicked on

2022-07-19 11:57:13 - [TEST_STEP][PASSED] - click(findTestObject("Object Repository/Page_Concours photo  votez pour la plus bel_494087/i_Votes_fa fa-heart")): Object: 'Object Repository/Page_Concours photo  votez pour la plus bel_494087/i_Votes_fa fa-heart' is clicked on

2022-07-19 11:57:13 - [MESSAGE][PASSED] - Object: 'Object Repository/Page_Concours photo  votez pour la plus bel_494087/i_Votes_fa fa-heart' is clicked on

2022-07-19 11:57:13 - [TEST_STEP][PASSED] - delay(1): Delayed 1 second(s)

2022-07-19 11:57:14 - [MESSAGE][PASSED] - Delayed 1 second(s)

2022-07-19 11:57:14 - [TEST_STEP][PASSED] - closeBrowser(): Browser is closed

2022-07-19 11:57:15 - [MESSAGE][PASSED] - Browser is closed]]></system-out>
         <system-err><![CDATA[]]></system-err>
      </testcase>
      <testcase name="Test Cases/Vote" time="32.162" classname="Test Cases/Vote" status="PASSED">
         <system-out><![CDATA[2022-07-19 11:57:15 - [TEST_CASE][PASSED] - Test Cases/Vote: Test Cases/Vote

2022-07-19 11:57:15 - [TEST_STEP][PASSED] - openBrowser(""): Browser is opened with url: ''

2022-07-19 11:57:15 - [MESSAGE][INFO] - Starting 'Chrome' driver

2022-07-19 11:57:15 - [MESSAGE][INFO] - Action delay is set to 0 milliseconds

2022-07-19 11:57:16 - [MESSAGE][PASSED] - Browser is opened with url: ''

2022-07-19 11:57:16 - [TEST_STEP][PASSED] - navigateToUrl("https://lesechosdutouquet.nordlittoral.fr/147787/article/2022-06-30/concours-photo-montrez-nous-la-plus-belle-photo-de-votre-chien-en-promenade-sur#l5lb6r47qsmp9ur58y"): Navigate to 'https://lesechosdutouquet.nordlittoral.fr/147787/article/2022-06-30/concours-photo-montrez-nous-la-plus-belle-photo-de-votre-chien-en-promenade-sur#l5lb6r47qsmp9ur58y' successfully

2022-07-19 11:57:19 - [MESSAGE][PASSED] - Navigate to 'https://lesechosdutouquet.nordlittoral.fr/147787/article/2022-06-30/concours-photo-montrez-nous-la-plus-belle-photo-de-votre-chien-en-promenade-sur#l5lb6r47qsmp9ur58y' successfully

2022-07-19 11:57:19 - [TEST_STEP][PASSED] - setViewPortSize(1920, 1080): Viewport is set to new size with width = 1920 and height = 1080

2022-07-19 11:57:19 - [MESSAGE][PASSED] - Viewport is set to new size with width = 1920 and height = 1080

2022-07-19 11:57:19 - [TEST_STEP][PASSED] - click(findTestObject("Object Repository/Page_Concours photo  votez pour la plus bel_494087/button_Accepter  Fermer")): Object: 'Object Repository/Page_Concours photo  votez pour la plus bel_494087/button_Accepter  Fermer' is clicked on

2022-07-19 11:57:20 - [MESSAGE][PASSED] - Object: 'Object Repository/Page_Concours photo  votez pour la plus bel_494087/button_Accepter  Fermer' is clicked on

2022-07-19 11:57:20 - [TEST_STEP][PASSED] - delay(12): Delayed 12 second(s)

2022-07-19 11:57:32 - [MESSAGE][PASSED] - Delayed 12 second(s)

2022-07-19 11:57:32 - [TEST_STEP][PASSED] - click(findTestObject("Object Repository/Page_Concours photo  votez pour la plus bel_494087/a_X")): Object: 'Object Repository/Page_Concours photo  votez pour la plus bel_494087/a_X' is clicked on

2022-07-19 11:57:33 - [MESSAGE][PASSED] - Object: 'Object Repository/Page_Concours photo  votez pour la plus bel_494087/a_X' is clicked on

2022-07-19 11:57:33 - [TEST_STEP][PASSED] - delay(1): Delayed 1 second(s)

2022-07-19 11:57:34 - [MESSAGE][PASSED] - Delayed 1 second(s)

2022-07-19 11:57:34 - [TEST_STEP][PASSED] - click(findTestObject("Object Repository/Page_Concours photo  votez pour la plus bel_494087/input_concat(Votez pour le plus beau chien de la cte d, , Opale )_jouer")): Object: 'Object Repository/Page_Concours photo  votez pour la plus bel_494087/input_concat(Votez pour le plus beau chien de la cte d, , Opale )_jouer' is clicked on

2022-07-19 11:57:34 - [MESSAGE][PASSED] - Object: 'Object Repository/Page_Concours photo  votez pour la plus bel_494087/input_concat(Votez pour le plus beau chien de la cte d, , Opale )_jouer' is clicked on

2022-07-19 11:57:35 - [TEST_STEP][PASSED] - if (verifyElementPresent(findTestObject("Page_Concours photo  votez pour la plus bel_494087/input_concat(Votez pour le plus beau chien de la cte d, , Opale )_jouer"), 1, OPTIONAL)): null

2022-07-19 11:57:36 - [MESSAGE][PASSED] - Object 'Object Repository/Page_Concours photo  votez pour la plus bel_494087/input_concat(Votez pour le plus beau chien de la cte d, , Opale )_jouer' is present

2022-07-19 11:57:36 - [TEST_STEP][PASSED] - click(findTestObject("Object Repository/Page_Concours photo  votez pour la plus bel_494087/input_concat(Votez pour le plus beau chien de la cte d, , Opale )_jouer")): Object: 'Object Repository/Page_Concours photo  votez pour la plus bel_494087/input_concat(Votez pour le plus beau chien de la cte d, , Opale )_jouer' is clicked on

2022-07-19 11:57:36 - [MESSAGE][PASSED] - Object: 'Object Repository/Page_Concours photo  votez pour la plus bel_494087/input_concat(Votez pour le plus beau chien de la cte d, , Opale )_jouer' is clicked on

2022-07-19 11:57:36 - [TEST_STEP][PASSED] - delay(1): Delayed 1 second(s)

2022-07-19 11:57:37 - [MESSAGE][PASSED] - Delayed 1 second(s)

2022-07-19 11:57:37 - [TEST_STEP][PASSED] - setText(findTestObject("Object Repository/Page_Concours photo  votez pour la plus bel_494087/input_trie par_keyword"), "Gaspard"): Text 'Gaspard' is set on object 'Object Repository/Page_Concours photo  votez pour la plus bel_494087/input_trie par_keyword'

2022-07-19 11:57:40 - [MESSAGE][PASSED] - Text 'Gaspard' is set on object 'Object Repository/Page_Concours photo  votez pour la plus bel_494087/input_trie par_keyword'

2022-07-19 11:57:40 - [TEST_STEP][PASSED] - sendKeys(findTestObject("Page_Concours photo  votez pour la plus bel_494087/input_trie par_keyword"), Keys.chord(ENTER)): Keys 'ENTER + ' sent to object: 'Object Repository/Page_Concours photo  votez pour la plus bel_494087/input_trie par_keyword'

2022-07-19 11:57:42 - [MESSAGE][PASSED] - Keys 'ENTER + ' sent to object: 'Object Repository/Page_Concours photo  votez pour la plus bel_494087/input_trie par_keyword'

2022-07-19 11:57:42 - [TEST_STEP][PASSED] - click(findTestObject("Page_Concours photo  votez pour la plus bel_494087/tri")): Object: 'Object Repository/Page_Concours photo  votez pour la plus bel_494087/tri' is clicked on

2022-07-19 11:57:43 - [MESSAGE][PASSED] - Object: 'Object Repository/Page_Concours photo  votez pour la plus bel_494087/tri' is clicked on

2022-07-19 11:57:43 - [TEST_STEP][PASSED] - click(findTestObject("Page_Concours photo  votez pour la plus bel_494087/plus de votes")): Object: 'Object Repository/Page_Concours photo  votez pour la plus bel_494087/plus de votes' is clicked on

2022-07-19 11:57:44 - [MESSAGE][PASSED] - Object: 'Object Repository/Page_Concours photo  votez pour la plus bel_494087/plus de votes' is clicked on

2022-07-19 11:57:45 - [TEST_STEP][PASSED] - click(findTestObject("Object Repository/Page_Concours photo  votez pour la plus bel_494087/i_Votes_fa fa-heart")): Object: 'Object Repository/Page_Concours photo  votez pour la plus bel_494087/i_Votes_fa fa-heart' is clicked on

2022-07-19 11:57:46 - [MESSAGE][PASSED] - Object: 'Object Repository/Page_Concours photo  votez pour la plus bel_494087/i_Votes_fa fa-heart' is clicked on

2022-07-19 11:57:46 - [TEST_STEP][PASSED] - delay(1): Delayed 1 second(s)

2022-07-19 11:57:47 - [MESSAGE][PASSED] - Delayed 1 second(s)

2022-07-19 11:57:47 - [TEST_STEP][PASSED] - closeBrowser(): Browser is closed

2022-07-19 11:57:47 - [MESSAGE][PASSED] - Browser is closed]]></system-out>
         <system-err><![CDATA[]]></system-err>
      </testcase>
      <testcase name="Test Cases/Vote" time="29.517" classname="Test Cases/Vote" status="PASSED">
         <system-out><![CDATA[2022-07-19 11:57:47 - [TEST_CASE][PASSED] - Test Cases/Vote: Test Cases/Vote

2022-07-19 11:57:47 - [TEST_STEP][PASSED] - openBrowser(""): Browser is opened with url: ''

2022-07-19 11:57:47 - [MESSAGE][INFO] - Starting 'Chrome' driver

2022-07-19 11:57:47 - [MESSAGE][INFO] - Action delay is set to 0 milliseconds

2022-07-19 11:57:48 - [MESSAGE][PASSED] - Browser is opened with url: ''

2022-07-19 11:57:48 - [TEST_STEP][PASSED] - navigateToUrl("https://lesechosdutouquet.nordlittoral.fr/147787/article/2022-06-30/concours-photo-montrez-nous-la-plus-belle-photo-de-votre-chien-en-promenade-sur#l5lb6r47qsmp9ur58y"): Navigate to 'https://lesechosdutouquet.nordlittoral.fr/147787/article/2022-06-30/concours-photo-montrez-nous-la-plus-belle-photo-de-votre-chien-en-promenade-sur#l5lb6r47qsmp9ur58y' successfully

2022-07-19 11:57:51 - [MESSAGE][PASSED] - Navigate to 'https://lesechosdutouquet.nordlittoral.fr/147787/article/2022-06-30/concours-photo-montrez-nous-la-plus-belle-photo-de-votre-chien-en-promenade-sur#l5lb6r47qsmp9ur58y' successfully

2022-07-19 11:57:51 - [TEST_STEP][PASSED] - setViewPortSize(1920, 1080): Viewport is set to new size with width = 1920 and height = 1080

2022-07-19 11:57:52 - [MESSAGE][PASSED] - Viewport is set to new size with width = 1920 and height = 1080

2022-07-19 11:57:52 - [TEST_STEP][PASSED] - click(findTestObject("Object Repository/Page_Concours photo  votez pour la plus bel_494087/button_Accepter  Fermer")): Object: 'Object Repository/Page_Concours photo  votez pour la plus bel_494087/button_Accepter  Fermer' is clicked on

2022-07-19 11:57:53 - [MESSAGE][PASSED] - Object: 'Object Repository/Page_Concours photo  votez pour la plus bel_494087/button_Accepter  Fermer' is clicked on

2022-07-19 11:57:53 - [TEST_STEP][PASSED] - delay(12): Delayed 12 second(s)

2022-07-19 11:58:05 - [MESSAGE][PASSED] - Delayed 12 second(s)

2022-07-19 11:58:05 - [TEST_STEP][PASSED] - click(findTestObject("Object Repository/Page_Concours photo  votez pour la plus bel_494087/a_X")): Object: 'Object Repository/Page_Concours photo  votez pour la plus bel_494087/a_X' is clicked on

2022-07-19 11:58:05 - [MESSAGE][PASSED] - Object: 'Object Repository/Page_Concours photo  votez pour la plus bel_494087/a_X' is clicked on

2022-07-19 11:58:05 - [TEST_STEP][PASSED] - delay(1): Delayed 1 second(s)

2022-07-19 11:58:06 - [MESSAGE][PASSED] - Delayed 1 second(s)

2022-07-19 11:58:06 - [TEST_STEP][PASSED] - click(findTestObject("Object Repository/Page_Concours photo  votez pour la plus bel_494087/input_concat(Votez pour le plus beau chien de la cte d, , Opale )_jouer")): Object: 'Object Repository/Page_Concours photo  votez pour la plus bel_494087/input_concat(Votez pour le plus beau chien de la cte d, , Opale )_jouer' is clicked on

2022-07-19 11:58:07 - [MESSAGE][PASSED] - Object: 'Object Repository/Page_Concours photo  votez pour la plus bel_494087/input_concat(Votez pour le plus beau chien de la cte d, , Opale )_jouer' is clicked on

2022-07-19 11:58:07 - [TEST_STEP][PASSED] - if (verifyElementPresent(findTestObject("Page_Concours photo  votez pour la plus bel_494087/input_concat(Votez pour le plus beau chien de la cte d, , Opale )_jouer"), 1, OPTIONAL)): null

2022-07-19 11:58:08 - [MESSAGE][PASSED] - Object 'Object Repository/Page_Concours photo  votez pour la plus bel_494087/input_concat(Votez pour le plus beau chien de la cte d, , Opale )_jouer' is present

2022-07-19 11:58:08 - [TEST_STEP][PASSED] - click(findTestObject("Object Repository/Page_Concours photo  votez pour la plus bel_494087/input_concat(Votez pour le plus beau chien de la cte d, , Opale )_jouer")): Object: 'Object Repository/Page_Concours photo  votez pour la plus bel_494087/input_concat(Votez pour le plus beau chien de la cte d, , Opale )_jouer' is clicked on

2022-07-19 11:58:09 - [MESSAGE][PASSED] - Object: 'Object Repository/Page_Concours photo  votez pour la plus bel_494087/input_concat(Votez pour le plus beau chien de la cte d, , Opale )_jouer' is clicked on

2022-07-19 11:58:09 - [TEST_STEP][PASSED] - delay(1): Delayed 1 second(s)

2022-07-19 11:58:10 - [MESSAGE][PASSED] - Delayed 1 second(s)

2022-07-19 11:58:10 - [TEST_STEP][PASSED] - setText(findTestObject("Object Repository/Page_Concours photo  votez pour la plus bel_494087/input_trie par_keyword"), "Gaspard"): Text 'Gaspard' is set on object 'Object Repository/Page_Concours photo  votez pour la plus bel_494087/input_trie par_keyword'

2022-07-19 11:58:11 - [MESSAGE][PASSED] - Text 'Gaspard' is set on object 'Object Repository/Page_Concours photo  votez pour la plus bel_494087/input_trie par_keyword'

2022-07-19 11:58:11 - [TEST_STEP][PASSED] - sendKeys(findTestObject("Page_Concours photo  votez pour la plus bel_494087/input_trie par_keyword"), Keys.chord(ENTER)): Keys 'ENTER + ' sent to object: 'Object Repository/Page_Concours photo  votez pour la plus bel_494087/input_trie par_keyword'

2022-07-19 11:58:11 - [MESSAGE][PASSED] - Keys 'ENTER + ' sent to object: 'Object Repository/Page_Concours photo  votez pour la plus bel_494087/input_trie par_keyword'

2022-07-19 11:58:11 - [TEST_STEP][PASSED] - click(findTestObject("Page_Concours photo  votez pour la plus bel_494087/tri")): Object: 'Object Repository/Page_Concours photo  votez pour la plus bel_494087/tri' is clicked on

2022-07-19 11:58:12 - [MESSAGE][PASSED] - Object: 'Object Repository/Page_Concours photo  votez pour la plus bel_494087/tri' is clicked on

2022-07-19 11:58:12 - [TEST_STEP][PASSED] - click(findTestObject("Page_Concours photo  votez pour la plus bel_494087/plus de votes")): Object: 'Object Repository/Page_Concours photo  votez pour la plus bel_494087/plus de votes' is clicked on

2022-07-19 11:58:13 - [MESSAGE][PASSED] - Object: 'Object Repository/Page_Concours photo  votez pour la plus bel_494087/plus de votes' is clicked on

2022-07-19 11:58:13 - [TEST_STEP][PASSED] - click(findTestObject("Object Repository/Page_Concours photo  votez pour la plus bel_494087/i_Votes_fa fa-heart")): Object: 'Object Repository/Page_Concours photo  votez pour la plus bel_494087/i_Votes_fa fa-heart' is clicked on

2022-07-19 11:58:15 - [MESSAGE][PASSED] - Object: 'Object Repository/Page_Concours photo  votez pour la plus bel_494087/i_Votes_fa fa-heart' is clicked on

2022-07-19 11:58:15 - [TEST_STEP][PASSED] - delay(1): Delayed 1 second(s)

2022-07-19 11:58:16 - [MESSAGE][PASSED] - Delayed 1 second(s)

2022-07-19 11:58:16 - [TEST_STEP][PASSED] - closeBrowser(): Browser is closed

2022-07-19 11:58:16 - [MESSAGE][PASSED] - Browser is closed]]></system-out>
         <system-err><![CDATA[]]></system-err>
      </testcase>
      <testcase name="Test Cases/Vote" time="31.735" classname="Test Cases/Vote" status="PASSED">
         <system-out><![CDATA[2022-07-19 11:58:16 - [TEST_CASE][PASSED] - Test Cases/Vote: Test Cases/Vote

2022-07-19 11:58:16 - [TEST_STEP][PASSED] - openBrowser(""): Browser is opened with url: ''

2022-07-19 11:58:16 - [MESSAGE][INFO] - Starting 'Chrome' driver

2022-07-19 11:58:16 - [MESSAGE][INFO] - Action delay is set to 0 milliseconds

2022-07-19 11:58:18 - [MESSAGE][PASSED] - Browser is opened with url: ''

2022-07-19 11:58:18 - [TEST_STEP][PASSED] - navigateToUrl("https://lesechosdutouquet.nordlittoral.fr/147787/article/2022-06-30/concours-photo-montrez-nous-la-plus-belle-photo-de-votre-chien-en-promenade-sur#l5lb6r47qsmp9ur58y"): Navigate to 'https://lesechosdutouquet.nordlittoral.fr/147787/article/2022-06-30/concours-photo-montrez-nous-la-plus-belle-photo-de-votre-chien-en-promenade-sur#l5lb6r47qsmp9ur58y' successfully

2022-07-19 11:58:20 - [MESSAGE][PASSED] - Navigate to 'https://lesechosdutouquet.nordlittoral.fr/147787/article/2022-06-30/concours-photo-montrez-nous-la-plus-belle-photo-de-votre-chien-en-promenade-sur#l5lb6r47qsmp9ur58y' successfully

2022-07-19 11:58:20 - [TEST_STEP][PASSED] - setViewPortSize(1920, 1080): Viewport is set to new size with width = 1920 and height = 1080

2022-07-19 11:58:20 - [MESSAGE][PASSED] - Viewport is set to new size with width = 1920 and height = 1080

2022-07-19 11:58:20 - [TEST_STEP][PASSED] - click(findTestObject("Object Repository/Page_Concours photo  votez pour la plus bel_494087/button_Accepter  Fermer")): Object: 'Object Repository/Page_Concours photo  votez pour la plus bel_494087/button_Accepter  Fermer' is clicked on

2022-07-19 11:58:21 - [MESSAGE][PASSED] - Object: 'Object Repository/Page_Concours photo  votez pour la plus bel_494087/button_Accepter  Fermer' is clicked on

2022-07-19 11:58:21 - [TEST_STEP][PASSED] - delay(12): Delayed 12 second(s)

2022-07-19 11:58:33 - [MESSAGE][PASSED] - Delayed 12 second(s)

2022-07-19 11:58:33 - [TEST_STEP][PASSED] - click(findTestObject("Object Repository/Page_Concours photo  votez pour la plus bel_494087/a_X")): Object: 'Object Repository/Page_Concours photo  votez pour la plus bel_494087/a_X' is clicked on

2022-07-19 11:58:34 - [MESSAGE][PASSED] - Object: 'Object Repository/Page_Concours photo  votez pour la plus bel_494087/a_X' is clicked on

2022-07-19 11:58:34 - [TEST_STEP][PASSED] - delay(1): Delayed 1 second(s)

2022-07-19 11:58:35 - [MESSAGE][PASSED] - Delayed 1 second(s)

2022-07-19 11:58:35 - [TEST_STEP][PASSED] - click(findTestObject("Object Repository/Page_Concours photo  votez pour la plus bel_494087/input_concat(Votez pour le plus beau chien de la cte d, , Opale )_jouer")): Object: 'Object Repository/Page_Concours photo  votez pour la plus bel_494087/input_concat(Votez pour le plus beau chien de la cte d, , Opale )_jouer' is clicked on

2022-07-19 11:58:36 - [MESSAGE][PASSED] - Object: 'Object Repository/Page_Concours photo  votez pour la plus bel_494087/input_concat(Votez pour le plus beau chien de la cte d, , Opale )_jouer' is clicked on

2022-07-19 11:58:36 - [TEST_STEP][PASSED] - if (verifyElementPresent(findTestObject("Page_Concours photo  votez pour la plus bel_494087/input_concat(Votez pour le plus beau chien de la cte d, , Opale )_jouer"), 1, OPTIONAL)): null

2022-07-19 11:58:37 - [MESSAGE][PASSED] - Object 'Object Repository/Page_Concours photo  votez pour la plus bel_494087/input_concat(Votez pour le plus beau chien de la cte d, , Opale )_jouer' is present

2022-07-19 11:58:37 - [TEST_STEP][PASSED] - click(findTestObject("Object Repository/Page_Concours photo  votez pour la plus bel_494087/input_concat(Votez pour le plus beau chien de la cte d, , Opale )_jouer")): Object: 'Object Repository/Page_Concours photo  votez pour la plus bel_494087/input_concat(Votez pour le plus beau chien de la cte d, , Opale )_jouer' is clicked on

2022-07-19 11:58:38 - [MESSAGE][PASSED] - Object: 'Object Repository/Page_Concours photo  votez pour la plus bel_494087/input_concat(Votez pour le plus beau chien de la cte d, , Opale )_jouer' is clicked on

2022-07-19 11:58:38 - [TEST_STEP][PASSED] - delay(1): Delayed 1 second(s)

2022-07-19 11:58:39 - [MESSAGE][PASSED] - Delayed 1 second(s)

2022-07-19 11:58:39 - [TEST_STEP][PASSED] - setText(findTestObject("Object Repository/Page_Concours photo  votez pour la plus bel_494087/input_trie par_keyword"), "Gaspard"): Text 'Gaspard' is set on object 'Object Repository/Page_Concours photo  votez pour la plus bel_494087/input_trie par_keyword'

2022-07-19 11:58:42 - [MESSAGE][PASSED] - Text 'Gaspard' is set on object 'Object Repository/Page_Concours photo  votez pour la plus bel_494087/input_trie par_keyword'

2022-07-19 11:58:42 - [TEST_STEP][PASSED] - sendKeys(findTestObject("Page_Concours photo  votez pour la plus bel_494087/input_trie par_keyword"), Keys.chord(ENTER)): Keys 'ENTER + ' sent to object: 'Object Repository/Page_Concours photo  votez pour la plus bel_494087/input_trie par_keyword'

2022-07-19 11:58:44 - [MESSAGE][PASSED] - Keys 'ENTER + ' sent to object: 'Object Repository/Page_Concours photo  votez pour la plus bel_494087/input_trie par_keyword'

2022-07-19 11:58:44 - [TEST_STEP][PASSED] - click(findTestObject("Page_Concours photo  votez pour la plus bel_494087/tri")): Object: 'Object Repository/Page_Concours photo  votez pour la plus bel_494087/tri' is clicked on

2022-07-19 11:58:45 - [MESSAGE][PASSED] - Object: 'Object Repository/Page_Concours photo  votez pour la plus bel_494087/tri' is clicked on

2022-07-19 11:58:45 - [TEST_STEP][PASSED] - click(findTestObject("Page_Concours photo  votez pour la plus bel_494087/plus de votes")): Object: 'Object Repository/Page_Concours photo  votez pour la plus bel_494087/plus de votes' is clicked on

2022-07-19 11:58:45 - [MESSAGE][PASSED] - Object: 'Object Repository/Page_Concours photo  votez pour la plus bel_494087/plus de votes' is clicked on

2022-07-19 11:58:46 - [TEST_STEP][PASSED] - click(findTestObject("Object Repository/Page_Concours photo  votez pour la plus bel_494087/i_Votes_fa fa-heart")): Object: 'Object Repository/Page_Concours photo  votez pour la plus bel_494087/i_Votes_fa fa-heart' is clicked on

2022-07-19 11:58:47 - [MESSAGE][PASSED] - Object: 'Object Repository/Page_Concours photo  votez pour la plus bel_494087/i_Votes_fa fa-heart' is clicked on

2022-07-19 11:58:47 - [TEST_STEP][PASSED] - delay(1): Delayed 1 second(s)

2022-07-19 11:58:48 - [MESSAGE][PASSED] - Delayed 1 second(s)

2022-07-19 11:58:48 - [TEST_STEP][PASSED] - closeBrowser(): Browser is closed

2022-07-19 11:58:48 - [MESSAGE][PASSED] - Browser is closed]]></system-out>
         <system-err><![CDATA[]]></system-err>
      </testcase>
      <testcase name="Test Cases/Vote" time="30.593" classname="Test Cases/Vote" status="PASSED">
         <system-out><![CDATA[2022-07-19 11:58:48 - [TEST_CASE][PASSED] - Test Cases/Vote: Test Cases/Vote

2022-07-19 11:58:48 - [TEST_STEP][PASSED] - openBrowser(""): Browser is opened with url: ''

2022-07-19 11:58:48 - [MESSAGE][INFO] - Starting 'Chrome' driver

2022-07-19 11:58:48 - [MESSAGE][INFO] - Action delay is set to 0 milliseconds

2022-07-19 11:58:49 - [MESSAGE][PASSED] - Browser is opened with url: ''

2022-07-19 11:58:49 - [TEST_STEP][PASSED] - navigateToUrl("https://lesechosdutouquet.nordlittoral.fr/147787/article/2022-06-30/concours-photo-montrez-nous-la-plus-belle-photo-de-votre-chien-en-promenade-sur#l5lb6r47qsmp9ur58y"): Navigate to 'https://lesechosdutouquet.nordlittoral.fr/147787/article/2022-06-30/concours-photo-montrez-nous-la-plus-belle-photo-de-votre-chien-en-promenade-sur#l5lb6r47qsmp9ur58y' successfully

2022-07-19 11:58:52 - [MESSAGE][PASSED] - Navigate to 'https://lesechosdutouquet.nordlittoral.fr/147787/article/2022-06-30/concours-photo-montrez-nous-la-plus-belle-photo-de-votre-chien-en-promenade-sur#l5lb6r47qsmp9ur58y' successfully

2022-07-19 11:58:52 - [TEST_STEP][PASSED] - setViewPortSize(1920, 1080): Viewport is set to new size with width = 1920 and height = 1080

2022-07-19 11:58:52 - [MESSAGE][PASSED] - Viewport is set to new size with width = 1920 and height = 1080

2022-07-19 11:58:52 - [TEST_STEP][PASSED] - click(findTestObject("Object Repository/Page_Concours photo  votez pour la plus bel_494087/button_Accepter  Fermer")): Object: 'Object Repository/Page_Concours photo  votez pour la plus bel_494087/button_Accepter  Fermer' is clicked on

2022-07-19 11:58:53 - [MESSAGE][PASSED] - Object: 'Object Repository/Page_Concours photo  votez pour la plus bel_494087/button_Accepter  Fermer' is clicked on

2022-07-19 11:58:53 - [TEST_STEP][PASSED] - delay(12): Delayed 12 second(s)

2022-07-19 11:59:05 - [MESSAGE][PASSED] - Delayed 12 second(s)

2022-07-19 11:59:05 - [TEST_STEP][PASSED] - click(findTestObject("Object Repository/Page_Concours photo  votez pour la plus bel_494087/a_X")): Object: 'Object Repository/Page_Concours photo  votez pour la plus bel_494087/a_X' is clicked on

2022-07-19 11:59:05 - [MESSAGE][PASSED] - Object: 'Object Repository/Page_Concours photo  votez pour la plus bel_494087/a_X' is clicked on

2022-07-19 11:59:05 - [TEST_STEP][PASSED] - delay(1): Delayed 1 second(s)

2022-07-19 11:59:06 - [MESSAGE][PASSED] - Delayed 1 second(s)

2022-07-19 11:59:06 - [TEST_STEP][PASSED] - click(findTestObject("Object Repository/Page_Concours photo  votez pour la plus bel_494087/input_concat(Votez pour le plus beau chien de la cte d, , Opale )_jouer")): Object: 'Object Repository/Page_Concours photo  votez pour la plus bel_494087/input_concat(Votez pour le plus beau chien de la cte d, , Opale )_jouer' is clicked on

2022-07-19 11:59:07 - [MESSAGE][PASSED] - Object: 'Object Repository/Page_Concours photo  votez pour la plus bel_494087/input_concat(Votez pour le plus beau chien de la cte d, , Opale )_jouer' is clicked on

2022-07-19 11:59:07 - [TEST_STEP][PASSED] - if (verifyElementPresent(findTestObject("Page_Concours photo  votez pour la plus bel_494087/input_concat(Votez pour le plus beau chien de la cte d, , Opale )_jouer"), 1, OPTIONAL)): null

2022-07-19 11:59:09 - [MESSAGE][PASSED] - Object 'Object Repository/Page_Concours photo  votez pour la plus bel_494087/input_concat(Votez pour le plus beau chien de la cte d, , Opale )_jouer' is present

2022-07-19 11:59:09 - [TEST_STEP][PASSED] - click(findTestObject("Object Repository/Page_Concours photo  votez pour la plus bel_494087/input_concat(Votez pour le plus beau chien de la cte d, , Opale )_jouer")): Object: 'Object Repository/Page_Concours photo  votez pour la plus bel_494087/input_concat(Votez pour le plus beau chien de la cte d, , Opale )_jouer' is clicked on

2022-07-19 11:59:09 - [MESSAGE][PASSED] - Object: 'Object Repository/Page_Concours photo  votez pour la plus bel_494087/input_concat(Votez pour le plus beau chien de la cte d, , Opale )_jouer' is clicked on

2022-07-19 11:59:09 - [TEST_STEP][PASSED] - delay(1): Delayed 1 second(s)

2022-07-19 11:59:10 - [MESSAGE][PASSED] - Delayed 1 second(s)

2022-07-19 11:59:10 - [TEST_STEP][PASSED] - setText(findTestObject("Object Repository/Page_Concours photo  votez pour la plus bel_494087/input_trie par_keyword"), "Gaspard"): Text 'Gaspard' is set on object 'Object Repository/Page_Concours photo  votez pour la plus bel_494087/input_trie par_keyword'

2022-07-19 11:59:13 - [MESSAGE][PASSED] - Text 'Gaspard' is set on object 'Object Repository/Page_Concours photo  votez pour la plus bel_494087/input_trie par_keyword'

2022-07-19 11:59:13 - [TEST_STEP][PASSED] - sendKeys(findTestObject("Page_Concours photo  votez pour la plus bel_494087/input_trie par_keyword"), Keys.chord(ENTER)): Keys 'ENTER + ' sent to object: 'Object Repository/Page_Concours photo  votez pour la plus bel_494087/input_trie par_keyword'

2022-07-19 11:59:15 - [MESSAGE][PASSED] - Keys 'ENTER + ' sent to object: 'Object Repository/Page_Concours photo  votez pour la plus bel_494087/input_trie par_keyword'

2022-07-19 11:59:15 - [TEST_STEP][PASSED] - click(findTestObject("Page_Concours photo  votez pour la plus bel_494087/tri")): Object: 'Object Repository/Page_Concours photo  votez pour la plus bel_494087/tri' is clicked on

2022-07-19 11:59:15 - [MESSAGE][PASSED] - Object: 'Object Repository/Page_Concours photo  votez pour la plus bel_494087/tri' is clicked on

2022-07-19 11:59:15 - [TEST_STEP][PASSED] - click(findTestObject("Page_Concours photo  votez pour la plus bel_494087/plus de votes")): Object: 'Object Repository/Page_Concours photo  votez pour la plus bel_494087/plus de votes' is clicked on

2022-07-19 11:59:16 - [MESSAGE][PASSED] - Object: 'Object Repository/Page_Concours photo  votez pour la plus bel_494087/plus de votes' is clicked on

2022-07-19 11:59:17 - [TEST_STEP][PASSED] - click(findTestObject("Object Repository/Page_Concours photo  votez pour la plus bel_494087/i_Votes_fa fa-heart")): Object: 'Object Repository/Page_Concours photo  votez pour la plus bel_494087/i_Votes_fa fa-heart' is clicked on

2022-07-19 11:59:17 - [MESSAGE][PASSED] - Object: 'Object Repository/Page_Concours photo  votez pour la plus bel_494087/i_Votes_fa fa-heart' is clicked on

2022-07-19 11:59:17 - [TEST_STEP][PASSED] - delay(1): Delayed 1 second(s)

2022-07-19 11:59:18 - [MESSAGE][PASSED] - Delayed 1 second(s)

2022-07-19 11:59:18 - [TEST_STEP][PASSED] - closeBrowser(): Browser is closed

2022-07-19 11:59:19 - [MESSAGE][PASSED] - Browser is closed]]></system-out>
         <system-err><![CDATA[]]></system-err>
      </testcase>
      <testcase name="Test Cases/Vote" time="30.172" classname="Test Cases/Vote" status="PASSED">
         <system-out><![CDATA[2022-07-19 11:59:19 - [TEST_CASE][PASSED] - Test Cases/Vote: Test Cases/Vote

2022-07-19 11:59:19 - [TEST_STEP][PASSED] - openBrowser(""): Browser is opened with url: ''

2022-07-19 11:59:19 - [MESSAGE][INFO] - Starting 'Chrome' driver

2022-07-19 11:59:19 - [MESSAGE][INFO] - Action delay is set to 0 milliseconds

2022-07-19 11:59:20 - [MESSAGE][PASSED] - Browser is opened with url: ''

2022-07-19 11:59:20 - [TEST_STEP][PASSED] - navigateToUrl("https://lesechosdutouquet.nordlittoral.fr/147787/article/2022-06-30/concours-photo-montrez-nous-la-plus-belle-photo-de-votre-chien-en-promenade-sur#l5lb6r47qsmp9ur58y"): Navigate to 'https://lesechosdutouquet.nordlittoral.fr/147787/article/2022-06-30/concours-photo-montrez-nous-la-plus-belle-photo-de-votre-chien-en-promenade-sur#l5lb6r47qsmp9ur58y' successfully

2022-07-19 11:59:23 - [MESSAGE][PASSED] - Navigate to 'https://lesechosdutouquet.nordlittoral.fr/147787/article/2022-06-30/concours-photo-montrez-nous-la-plus-belle-photo-de-votre-chien-en-promenade-sur#l5lb6r47qsmp9ur58y' successfully

2022-07-19 11:59:23 - [TEST_STEP][PASSED] - setViewPortSize(1920, 1080): Viewport is set to new size with width = 1920 and height = 1080

2022-07-19 11:59:23 - [MESSAGE][PASSED] - Viewport is set to new size with width = 1920 and height = 1080

2022-07-19 11:59:23 - [TEST_STEP][PASSED] - click(findTestObject("Object Repository/Page_Concours photo  votez pour la plus bel_494087/button_Accepter  Fermer")): Object: 'Object Repository/Page_Concours photo  votez pour la plus bel_494087/button_Accepter  Fermer' is clicked on

2022-07-19 11:59:24 - [MESSAGE][PASSED] - Object: 'Object Repository/Page_Concours photo  votez pour la plus bel_494087/button_Accepter  Fermer' is clicked on

2022-07-19 11:59:24 - [TEST_STEP][PASSED] - delay(12): Delayed 12 second(s)

2022-07-19 11:59:36 - [MESSAGE][PASSED] - Delayed 12 second(s)

2022-07-19 11:59:36 - [TEST_STEP][PASSED] - click(findTestObject("Object Repository/Page_Concours photo  votez pour la plus bel_494087/a_X")): Object: 'Object Repository/Page_Concours photo  votez pour la plus bel_494087/a_X' is clicked on

2022-07-19 11:59:36 - [MESSAGE][PASSED] - Object: 'Object Repository/Page_Concours photo  votez pour la plus bel_494087/a_X' is clicked on

2022-07-19 11:59:36 - [TEST_STEP][PASSED] - delay(1): Delayed 1 second(s)

2022-07-19 11:59:37 - [MESSAGE][PASSED] - Delayed 1 second(s)

2022-07-19 11:59:37 - [TEST_STEP][PASSED] - click(findTestObject("Object Repository/Page_Concours photo  votez pour la plus bel_494087/input_concat(Votez pour le plus beau chien de la cte d, , Opale )_jouer")): Object: 'Object Repository/Page_Concours photo  votez pour la plus bel_494087/input_concat(Votez pour le plus beau chien de la cte d, , Opale )_jouer' is clicked on

2022-07-19 11:59:38 - [MESSAGE][PASSED] - Object: 'Object Repository/Page_Concours photo  votez pour la plus bel_494087/input_concat(Votez pour le plus beau chien de la cte d, , Opale )_jouer' is clicked on

2022-07-19 11:59:39 - [TEST_STEP][PASSED] - if (verifyElementPresent(findTestObject("Page_Concours photo  votez pour la plus bel_494087/input_concat(Votez pour le plus beau chien de la cte d, , Opale )_jouer"), 1, OPTIONAL)): null

2022-07-19 11:59:40 - [MESSAGE][PASSED] - Object 'Object Repository/Page_Concours photo  votez pour la plus bel_494087/input_concat(Votez pour le plus beau chien de la cte d, , Opale )_jouer' is present

2022-07-19 11:59:40 - [TEST_STEP][PASSED] - click(findTestObject("Object Repository/Page_Concours photo  votez pour la plus bel_494087/input_concat(Votez pour le plus beau chien de la cte d, , Opale )_jouer")): Object: 'Object Repository/Page_Concours photo  votez pour la plus bel_494087/input_concat(Votez pour le plus beau chien de la cte d, , Opale )_jouer' is clicked on

2022-07-19 11:59:40 - [MESSAGE][PASSED] - Object: 'Object Repository/Page_Concours photo  votez pour la plus bel_494087/input_concat(Votez pour le plus beau chien de la cte d, , Opale )_jouer' is clicked on

2022-07-19 11:59:40 - [TEST_STEP][PASSED] - delay(1): Delayed 1 second(s)

2022-07-19 11:59:41 - [MESSAGE][PASSED] - Delayed 1 second(s)

2022-07-19 11:59:41 - [TEST_STEP][PASSED] - setText(findTestObject("Object Repository/Page_Concours photo  votez pour la plus bel_494087/input_trie par_keyword"), "Gaspard"): Text 'Gaspard' is set on object 'Object Repository/Page_Concours photo  votez pour la plus bel_494087/input_trie par_keyword'

2022-07-19 11:59:44 - [MESSAGE][PASSED] - Text 'Gaspard' is set on object 'Object Repository/Page_Concours photo  votez pour la plus bel_494087/input_trie par_keyword'

2022-07-19 11:59:44 - [TEST_STEP][PASSED] - sendKeys(findTestObject("Page_Concours photo  votez pour la plus bel_494087/input_trie par_keyword"), Keys.chord(ENTER)): Keys 'ENTER + ' sent to object: 'Object Repository/Page_Concours photo  votez pour la plus bel_494087/input_trie par_keyword'

2022-07-19 11:59:44 - [MESSAGE][PASSED] - Keys 'ENTER + ' sent to object: 'Object Repository/Page_Concours photo  votez pour la plus bel_494087/input_trie par_keyword'

2022-07-19 11:59:44 - [TEST_STEP][PASSED] - click(findTestObject("Page_Concours photo  votez pour la plus bel_494087/tri")): Object: 'Object Repository/Page_Concours photo  votez pour la plus bel_494087/tri' is clicked on

2022-07-19 11:59:45 - [MESSAGE][PASSED] - Object: 'Object Repository/Page_Concours photo  votez pour la plus bel_494087/tri' is clicked on

2022-07-19 11:59:45 - [TEST_STEP][PASSED] - click(findTestObject("Page_Concours photo  votez pour la plus bel_494087/plus de votes")): Object: 'Object Repository/Page_Concours photo  votez pour la plus bel_494087/plus de votes' is clicked on

2022-07-19 11:59:46 - [MESSAGE][PASSED] - Object: 'Object Repository/Page_Concours photo  votez pour la plus bel_494087/plus de votes' is clicked on

2022-07-19 11:59:47 - [TEST_STEP][PASSED] - click(findTestObject("Object Repository/Page_Concours photo  votez pour la plus bel_494087/i_Votes_fa fa-heart")): Object: 'Object Repository/Page_Concours photo  votez pour la plus bel_494087/i_Votes_fa fa-heart' is clicked on

2022-07-19 11:59:48 - [MESSAGE][PASSED] - Object: 'Object Repository/Page_Concours photo  votez pour la plus bel_494087/i_Votes_fa fa-heart' is clicked on

2022-07-19 11:59:48 - [TEST_STEP][PASSED] - delay(1): Delayed 1 second(s)

2022-07-19 11:59:49 - [MESSAGE][PASSED] - Delayed 1 second(s)

2022-07-19 11:59:49 - [TEST_STEP][PASSED] - closeBrowser(): Browser is closed

2022-07-19 11:59:49 - [MESSAGE][PASSED] - Browser is closed]]></system-out>
         <system-err><![CDATA[]]></system-err>
      </testcase>
      <testcase name="Test Cases/Vote" time="30.945" classname="Test Cases/Vote" status="PASSED">
         <system-out><![CDATA[2022-07-19 11:59:49 - [TEST_CASE][PASSED] - Test Cases/Vote: Test Cases/Vote

2022-07-19 11:59:49 - [TEST_STEP][PASSED] - openBrowser(""): Browser is opened with url: ''

2022-07-19 11:59:49 - [MESSAGE][INFO] - Starting 'Chrome' driver

2022-07-19 11:59:49 - [MESSAGE][INFO] - Action delay is set to 0 milliseconds

2022-07-19 11:59:50 - [MESSAGE][PASSED] - Browser is opened with url: ''

2022-07-19 11:59:50 - [TEST_STEP][PASSED] - navigateToUrl("https://lesechosdutouquet.nordlittoral.fr/147787/article/2022-06-30/concours-photo-montrez-nous-la-plus-belle-photo-de-votre-chien-en-promenade-sur#l5lb6r47qsmp9ur58y"): Navigate to 'https://lesechosdutouquet.nordlittoral.fr/147787/article/2022-06-30/concours-photo-montrez-nous-la-plus-belle-photo-de-votre-chien-en-promenade-sur#l5lb6r47qsmp9ur58y' successfully

2022-07-19 11:59:53 - [MESSAGE][PASSED] - Navigate to 'https://lesechosdutouquet.nordlittoral.fr/147787/article/2022-06-30/concours-photo-montrez-nous-la-plus-belle-photo-de-votre-chien-en-promenade-sur#l5lb6r47qsmp9ur58y' successfully

2022-07-19 11:59:53 - [TEST_STEP][PASSED] - setViewPortSize(1920, 1080): Viewport is set to new size with width = 1920 and height = 1080

2022-07-19 11:59:53 - [MESSAGE][PASSED] - Viewport is set to new size with width = 1920 and height = 1080

2022-07-19 11:59:53 - [TEST_STEP][PASSED] - click(findTestObject("Object Repository/Page_Concours photo  votez pour la plus bel_494087/button_Accepter  Fermer")): Object: 'Object Repository/Page_Concours photo  votez pour la plus bel_494087/button_Accepter  Fermer' is clicked on

2022-07-19 11:59:54 - [MESSAGE][PASSED] - Object: 'Object Repository/Page_Concours photo  votez pour la plus bel_494087/button_Accepter  Fermer' is clicked on

2022-07-19 11:59:54 - [TEST_STEP][PASSED] - delay(12): Delayed 12 second(s)

2022-07-19 12:00:06 - [MESSAGE][PASSED] - Delayed 12 second(s)

2022-07-19 12:00:06 - [TEST_STEP][PASSED] - click(findTestObject("Object Repository/Page_Concours photo  votez pour la plus bel_494087/a_X")): Object: 'Object Repository/Page_Concours photo  votez pour la plus bel_494087/a_X' is clicked on

2022-07-19 12:00:06 - [MESSAGE][PASSED] - Object: 'Object Repository/Page_Concours photo  votez pour la plus bel_494087/a_X' is clicked on

2022-07-19 12:00:06 - [TEST_STEP][PASSED] - delay(1): Delayed 1 second(s)

2022-07-19 12:00:07 - [MESSAGE][PASSED] - Delayed 1 second(s)

2022-07-19 12:00:07 - [TEST_STEP][PASSED] - click(findTestObject("Object Repository/Page_Concours photo  votez pour la plus bel_494087/input_concat(Votez pour le plus beau chien de la cte d, , Opale )_jouer")): Object: 'Object Repository/Page_Concours photo  votez pour la plus bel_494087/input_concat(Votez pour le plus beau chien de la cte d, , Opale )_jouer' is clicked on

2022-07-19 12:00:08 - [MESSAGE][PASSED] - Object: 'Object Repository/Page_Concours photo  votez pour la plus bel_494087/input_concat(Votez pour le plus beau chien de la cte d, , Opale )_jouer' is clicked on

2022-07-19 12:00:08 - [TEST_STEP][PASSED] - if (verifyElementPresent(findTestObject("Page_Concours photo  votez pour la plus bel_494087/input_concat(Votez pour le plus beau chien de la cte d, , Opale )_jouer"), 1, OPTIONAL)): null

2022-07-19 12:00:09 - [MESSAGE][PASSED] - Object 'Object Repository/Page_Concours photo  votez pour la plus bel_494087/input_concat(Votez pour le plus beau chien de la cte d, , Opale )_jouer' is present

2022-07-19 12:00:09 - [TEST_STEP][PASSED] - click(findTestObject("Object Repository/Page_Concours photo  votez pour la plus bel_494087/input_concat(Votez pour le plus beau chien de la cte d, , Opale )_jouer")): Object: 'Object Repository/Page_Concours photo  votez pour la plus bel_494087/input_concat(Votez pour le plus beau chien de la cte d, , Opale )_jouer' is clicked on

2022-07-19 12:00:10 - [MESSAGE][PASSED] - Object: 'Object Repository/Page_Concours photo  votez pour la plus bel_494087/input_concat(Votez pour le plus beau chien de la cte d, , Opale )_jouer' is clicked on

2022-07-19 12:00:10 - [TEST_STEP][PASSED] - delay(1): Delayed 1 second(s)

2022-07-19 12:00:11 - [MESSAGE][PASSED] - Delayed 1 second(s)

2022-07-19 12:00:11 - [TEST_STEP][PASSED] - setText(findTestObject("Object Repository/Page_Concours photo  votez pour la plus bel_494087/input_trie par_keyword"), "Gaspard"): Text 'Gaspard' is set on object 'Object Repository/Page_Concours photo  votez pour la plus bel_494087/input_trie par_keyword'

2022-07-19 12:00:14 - [MESSAGE][PASSED] - Text 'Gaspard' is set on object 'Object Repository/Page_Concours photo  votez pour la plus bel_494087/input_trie par_keyword'

2022-07-19 12:00:14 - [TEST_STEP][PASSED] - sendKeys(findTestObject("Page_Concours photo  votez pour la plus bel_494087/input_trie par_keyword"), Keys.chord(ENTER)): Keys 'ENTER + ' sent to object: 'Object Repository/Page_Concours photo  votez pour la plus bel_494087/input_trie par_keyword'

2022-07-19 12:00:15 - [MESSAGE][PASSED] - Keys 'ENTER + ' sent to object: 'Object Repository/Page_Concours photo  votez pour la plus bel_494087/input_trie par_keyword'

2022-07-19 12:00:15 - [TEST_STEP][PASSED] - click(findTestObject("Page_Concours photo  votez pour la plus bel_494087/tri")): Object: 'Object Repository/Page_Concours photo  votez pour la plus bel_494087/tri' is clicked on

2022-07-19 12:00:16 - [MESSAGE][PASSED] - Object: 'Object Repository/Page_Concours photo  votez pour la plus bel_494087/tri' is clicked on

2022-07-19 12:00:16 - [TEST_STEP][PASSED] - click(findTestObject("Page_Concours photo  votez pour la plus bel_494087/plus de votes")): Object: 'Object Repository/Page_Concours photo  votez pour la plus bel_494087/plus de votes' is clicked on

2022-07-19 12:00:17 - [MESSAGE][PASSED] - Object: 'Object Repository/Page_Concours photo  votez pour la plus bel_494087/plus de votes' is clicked on

2022-07-19 12:00:18 - [TEST_STEP][PASSED] - click(findTestObject("Object Repository/Page_Concours photo  votez pour la plus bel_494087/i_Votes_fa fa-heart")): Object: 'Object Repository/Page_Concours photo  votez pour la plus bel_494087/i_Votes_fa fa-heart' is clicked on

2022-07-19 12:00:19 - [MESSAGE][PASSED] - Object: 'Object Repository/Page_Concours photo  votez pour la plus bel_494087/i_Votes_fa fa-heart' is clicked on

2022-07-19 12:00:19 - [TEST_STEP][PASSED] - delay(1): Delayed 1 second(s)

2022-07-19 12:00:20 - [MESSAGE][PASSED] - Delayed 1 second(s)

2022-07-19 12:00:20 - [TEST_STEP][PASSED] - closeBrowser(): Browser is closed

2022-07-19 12:00:20 - [MESSAGE][PASSED] - Browser is closed]]></system-out>
         <system-err><![CDATA[]]></system-err>
      </testcase>
      <testcase name="Test Cases/Vote" time="30.762" classname="Test Cases/Vote" status="PASSED">
         <system-out><![CDATA[2022-07-19 12:00:20 - [TEST_CASE][PASSED] - Test Cases/Vote: Test Cases/Vote

2022-07-19 12:00:20 - [TEST_STEP][PASSED] - openBrowser(""): Browser is opened with url: ''

2022-07-19 12:00:20 - [MESSAGE][INFO] - Starting 'Chrome' driver

2022-07-19 12:00:20 - [MESSAGE][INFO] - Action delay is set to 0 milliseconds

2022-07-19 12:00:21 - [MESSAGE][PASSED] - Browser is opened with url: ''

2022-07-19 12:00:21 - [TEST_STEP][PASSED] - navigateToUrl("https://lesechosdutouquet.nordlittoral.fr/147787/article/2022-06-30/concours-photo-montrez-nous-la-plus-belle-photo-de-votre-chien-en-promenade-sur#l5lb6r47qsmp9ur58y"): Navigate to 'https://lesechosdutouquet.nordlittoral.fr/147787/article/2022-06-30/concours-photo-montrez-nous-la-plus-belle-photo-de-votre-chien-en-promenade-sur#l5lb6r47qsmp9ur58y' successfully

2022-07-19 12:00:25 - [MESSAGE][PASSED] - Navigate to 'https://lesechosdutouquet.nordlittoral.fr/147787/article/2022-06-30/concours-photo-montrez-nous-la-plus-belle-photo-de-votre-chien-en-promenade-sur#l5lb6r47qsmp9ur58y' successfully

2022-07-19 12:00:25 - [TEST_STEP][PASSED] - setViewPortSize(1920, 1080): Viewport is set to new size with width = 1920 and height = 1080

2022-07-19 12:00:25 - [MESSAGE][PASSED] - Viewport is set to new size with width = 1920 and height = 1080

2022-07-19 12:00:25 - [TEST_STEP][PASSED] - click(findTestObject("Object Repository/Page_Concours photo  votez pour la plus bel_494087/button_Accepter  Fermer")): Object: 'Object Repository/Page_Concours photo  votez pour la plus bel_494087/button_Accepter  Fermer' is clicked on

2022-07-19 12:00:26 - [MESSAGE][PASSED] - Object: 'Object Repository/Page_Concours photo  votez pour la plus bel_494087/button_Accepter  Fermer' is clicked on

2022-07-19 12:00:26 - [TEST_STEP][PASSED] - delay(12): Delayed 12 second(s)

2022-07-19 12:00:38 - [MESSAGE][PASSED] - Delayed 12 second(s)

2022-07-19 12:00:38 - [TEST_STEP][PASSED] - click(findTestObject("Object Repository/Page_Concours photo  votez pour la plus bel_494087/a_X")): Object: 'Object Repository/Page_Concours photo  votez pour la plus bel_494087/a_X' is clicked on

2022-07-19 12:00:38 - [MESSAGE][PASSED] - Object: 'Object Repository/Page_Concours photo  votez pour la plus bel_494087/a_X' is clicked on

2022-07-19 12:00:38 - [TEST_STEP][PASSED] - delay(1): Delayed 1 second(s)

2022-07-19 12:00:39 - [MESSAGE][PASSED] - Delayed 1 second(s)

2022-07-19 12:00:39 - [TEST_STEP][PASSED] - click(findTestObject("Object Repository/Page_Concours photo  votez pour la plus bel_494087/input_concat(Votez pour le plus beau chien de la cte d, , Opale )_jouer")): Object: 'Object Repository/Page_Concours photo  votez pour la plus bel_494087/input_concat(Votez pour le plus beau chien de la cte d, , Opale )_jouer' is clicked on

2022-07-19 12:00:40 - [MESSAGE][PASSED] - Object: 'Object Repository/Page_Concours photo  votez pour la plus bel_494087/input_concat(Votez pour le plus beau chien de la cte d, , Opale )_jouer' is clicked on

2022-07-19 12:00:40 - [TEST_STEP][PASSED] - if (verifyElementPresent(findTestObject("Page_Concours photo  votez pour la plus bel_494087/input_concat(Votez pour le plus beau chien de la cte d, , Opale )_jouer"), 1, OPTIONAL)): null

2022-07-19 12:00:41 - [MESSAGE][PASSED] - Object 'Object Repository/Page_Concours photo  votez pour la plus bel_494087/input_concat(Votez pour le plus beau chien de la cte d, , Opale )_jouer' is present

2022-07-19 12:00:41 - [TEST_STEP][PASSED] - click(findTestObject("Object Repository/Page_Concours photo  votez pour la plus bel_494087/input_concat(Votez pour le plus beau chien de la cte d, , Opale )_jouer")): Object: 'Object Repository/Page_Concours photo  votez pour la plus bel_494087/input_concat(Votez pour le plus beau chien de la cte d, , Opale )_jouer' is clicked on

2022-07-19 12:00:42 - [MESSAGE][PASSED] - Object: 'Object Repository/Page_Concours photo  votez pour la plus bel_494087/input_concat(Votez pour le plus beau chien de la cte d, , Opale )_jouer' is clicked on

2022-07-19 12:00:42 - [TEST_STEP][PASSED] - delay(1): Delayed 1 second(s)

2022-07-19 12:00:43 - [MESSAGE][PASSED] - Delayed 1 second(s)

2022-07-19 12:00:43 - [TEST_STEP][PASSED] - setText(findTestObject("Object Repository/Page_Concours photo  votez pour la plus bel_494087/input_trie par_keyword"), "Gaspard"): Text 'Gaspard' is set on object 'Object Repository/Page_Concours photo  votez pour la plus bel_494087/input_trie par_keyword'

2022-07-19 12:00:45 - [MESSAGE][PASSED] - Text 'Gaspard' is set on object 'Object Repository/Page_Concours photo  votez pour la plus bel_494087/input_trie par_keyword'

2022-07-19 12:00:45 - [TEST_STEP][PASSED] - sendKeys(findTestObject("Page_Concours photo  votez pour la plus bel_494087/input_trie par_keyword"), Keys.chord(ENTER)): Keys 'ENTER + ' sent to object: 'Object Repository/Page_Concours photo  votez pour la plus bel_494087/input_trie par_keyword'

2022-07-19 12:00:47 - [MESSAGE][PASSED] - Keys 'ENTER + ' sent to object: 'Object Repository/Page_Concours photo  votez pour la plus bel_494087/input_trie par_keyword'

2022-07-19 12:00:47 - [TEST_STEP][PASSED] - click(findTestObject("Page_Concours photo  votez pour la plus bel_494087/tri")): Object: 'Object Repository/Page_Concours photo  votez pour la plus bel_494087/tri' is clicked on

2022-07-19 12:00:47 - [MESSAGE][PASSED] - Object: 'Object Repository/Page_Concours photo  votez pour la plus bel_494087/tri' is clicked on

2022-07-19 12:00:47 - [TEST_STEP][PASSED] - click(findTestObject("Page_Concours photo  votez pour la plus bel_494087/plus de votes")): Object: 'Object Repository/Page_Concours photo  votez pour la plus bel_494087/plus de votes' is clicked on

2022-07-19 12:00:48 - [MESSAGE][PASSED] - Object: 'Object Repository/Page_Concours photo  votez pour la plus bel_494087/plus de votes' is clicked on

2022-07-19 12:00:49 - [TEST_STEP][PASSED] - click(findTestObject("Object Repository/Page_Concours photo  votez pour la plus bel_494087/i_Votes_fa fa-heart")): Object: 'Object Repository/Page_Concours photo  votez pour la plus bel_494087/i_Votes_fa fa-heart' is clicked on

2022-07-19 12:00:49 - [MESSAGE][PASSED] - Object: 'Object Repository/Page_Concours photo  votez pour la plus bel_494087/i_Votes_fa fa-heart' is clicked on

2022-07-19 12:00:49 - [TEST_STEP][PASSED] - delay(1): Delayed 1 second(s)

2022-07-19 12:00:50 - [MESSAGE][PASSED] - Delayed 1 second(s)

2022-07-19 12:00:50 - [TEST_STEP][PASSED] - closeBrowser(): Browser is closed

2022-07-19 12:00:51 - [MESSAGE][PASSED] - Browser is closed]]></system-out>
         <system-err><![CDATA[]]></system-err>
      </testcase>
      <testcase name="Test Cases/Vote" time="30.52" classname="Test Cases/Vote" status="PASSED">
         <system-out><![CDATA[2022-07-19 12:00:51 - [TEST_CASE][PASSED] - Test Cases/Vote: Test Cases/Vote

2022-07-19 12:00:51 - [TEST_STEP][PASSED] - openBrowser(""): Browser is opened with url: ''

2022-07-19 12:00:51 - [MESSAGE][INFO] - Starting 'Chrome' driver

2022-07-19 12:00:51 - [MESSAGE][INFO] - Action delay is set to 0 milliseconds

2022-07-19 12:00:52 - [MESSAGE][PASSED] - Browser is opened with url: ''

2022-07-19 12:00:52 - [TEST_STEP][PASSED] - navigateToUrl("https://lesechosdutouquet.nordlittoral.fr/147787/article/2022-06-30/concours-photo-montrez-nous-la-plus-belle-photo-de-votre-chien-en-promenade-sur#l5lb6r47qsmp9ur58y"): Navigate to 'https://lesechosdutouquet.nordlittoral.fr/147787/article/2022-06-30/concours-photo-montrez-nous-la-plus-belle-photo-de-votre-chien-en-promenade-sur#l5lb6r47qsmp9ur58y' successfully

2022-07-19 12:00:55 - [MESSAGE][PASSED] - Navigate to 'https://lesechosdutouquet.nordlittoral.fr/147787/article/2022-06-30/concours-photo-montrez-nous-la-plus-belle-photo-de-votre-chien-en-promenade-sur#l5lb6r47qsmp9ur58y' successfully

2022-07-19 12:00:55 - [TEST_STEP][PASSED] - setViewPortSize(1920, 1080): Viewport is set to new size with width = 1920 and height = 1080

2022-07-19 12:00:55 - [MESSAGE][PASSED] - Viewport is set to new size with width = 1920 and height = 1080

2022-07-19 12:00:55 - [TEST_STEP][PASSED] - click(findTestObject("Object Repository/Page_Concours photo  votez pour la plus bel_494087/button_Accepter  Fermer")): Object: 'Object Repository/Page_Concours photo  votez pour la plus bel_494087/button_Accepter  Fermer' is clicked on

2022-07-19 12:00:56 - [MESSAGE][PASSED] - Object: 'Object Repository/Page_Concours photo  votez pour la plus bel_494087/button_Accepter  Fermer' is clicked on

2022-07-19 12:00:56 - [TEST_STEP][PASSED] - delay(12): Delayed 12 second(s)

2022-07-19 12:01:08 - [MESSAGE][PASSED] - Delayed 12 second(s)

2022-07-19 12:01:08 - [TEST_STEP][PASSED] - click(findTestObject("Object Repository/Page_Concours photo  votez pour la plus bel_494087/a_X")): Object: 'Object Repository/Page_Concours photo  votez pour la plus bel_494087/a_X' is clicked on

2022-07-19 12:01:08 - [MESSAGE][PASSED] - Object: 'Object Repository/Page_Concours photo  votez pour la plus bel_494087/a_X' is clicked on

2022-07-19 12:01:08 - [TEST_STEP][PASSED] - delay(1): Delayed 1 second(s)

2022-07-19 12:01:09 - [MESSAGE][PASSED] - Delayed 1 second(s)

2022-07-19 12:01:09 - [TEST_STEP][PASSED] - click(findTestObject("Object Repository/Page_Concours photo  votez pour la plus bel_494087/input_concat(Votez pour le plus beau chien de la cte d, , Opale )_jouer")): Object: 'Object Repository/Page_Concours photo  votez pour la plus bel_494087/input_concat(Votez pour le plus beau chien de la cte d, , Opale )_jouer' is clicked on

2022-07-19 12:01:10 - [MESSAGE][PASSED] - Object: 'Object Repository/Page_Concours photo  votez pour la plus bel_494087/input_concat(Votez pour le plus beau chien de la cte d, , Opale )_jouer' is clicked on

2022-07-19 12:01:10 - [TEST_STEP][PASSED] - if (verifyElementPresent(findTestObject("Page_Concours photo  votez pour la plus bel_494087/input_concat(Votez pour le plus beau chien de la cte d, , Opale )_jouer"), 1, OPTIONAL)): null

2022-07-19 12:01:12 - [MESSAGE][PASSED] - Object 'Object Repository/Page_Concours photo  votez pour la plus bel_494087/input_concat(Votez pour le plus beau chien de la cte d, , Opale )_jouer' is present

2022-07-19 12:01:12 - [TEST_STEP][PASSED] - click(findTestObject("Object Repository/Page_Concours photo  votez pour la plus bel_494087/input_concat(Votez pour le plus beau chien de la cte d, , Opale )_jouer")): Object: 'Object Repository/Page_Concours photo  votez pour la plus bel_494087/input_concat(Votez pour le plus beau chien de la cte d, , Opale )_jouer' is clicked on

2022-07-19 12:01:12 - [MESSAGE][PASSED] - Object: 'Object Repository/Page_Concours photo  votez pour la plus bel_494087/input_concat(Votez pour le plus beau chien de la cte d, , Opale )_jouer' is clicked on

2022-07-19 12:01:12 - [TEST_STEP][PASSED] - delay(1): Delayed 1 second(s)

2022-07-19 12:01:13 - [MESSAGE][PASSED] - Delayed 1 second(s)

2022-07-19 12:01:13 - [TEST_STEP][PASSED] - setText(findTestObject("Object Repository/Page_Concours photo  votez pour la plus bel_494087/input_trie par_keyword"), "Gaspard"): Text 'Gaspard' is set on object 'Object Repository/Page_Concours photo  votez pour la plus bel_494087/input_trie par_keyword'

2022-07-19 12:01:16 - [MESSAGE][PASSED] - Text 'Gaspard' is set on object 'Object Repository/Page_Concours photo  votez pour la plus bel_494087/input_trie par_keyword'

2022-07-19 12:01:16 - [TEST_STEP][PASSED] - sendKeys(findTestObject("Page_Concours photo  votez pour la plus bel_494087/input_trie par_keyword"), Keys.chord(ENTER)): Keys 'ENTER + ' sent to object: 'Object Repository/Page_Concours photo  votez pour la plus bel_494087/input_trie par_keyword'

2022-07-19 12:01:16 - [MESSAGE][PASSED] - Keys 'ENTER + ' sent to object: 'Object Repository/Page_Concours photo  votez pour la plus bel_494087/input_trie par_keyword'

2022-07-19 12:01:16 - [TEST_STEP][PASSED] - click(findTestObject("Page_Concours photo  votez pour la plus bel_494087/tri")): Object: 'Object Repository/Page_Concours photo  votez pour la plus bel_494087/tri' is clicked on

2022-07-19 12:01:18 - [MESSAGE][PASSED] - Object: 'Object Repository/Page_Concours photo  votez pour la plus bel_494087/tri' is clicked on

2022-07-19 12:01:18 - [TEST_STEP][PASSED] - click(findTestObject("Page_Concours photo  votez pour la plus bel_494087/plus de votes")): Object: 'Object Repository/Page_Concours photo  votez pour la plus bel_494087/plus de votes' is clicked on

2022-07-19 12:01:18 - [MESSAGE][PASSED] - Object: 'Object Repository/Page_Concours photo  votez pour la plus bel_494087/plus de votes' is clicked on

2022-07-19 12:01:19 - [TEST_STEP][PASSED] - click(findTestObject("Object Repository/Page_Concours photo  votez pour la plus bel_494087/i_Votes_fa fa-heart")): Object: 'Object Repository/Page_Concours photo  votez pour la plus bel_494087/i_Votes_fa fa-heart' is clicked on

2022-07-19 12:01:20 - [MESSAGE][PASSED] - Object: 'Object Repository/Page_Concours photo  votez pour la plus bel_494087/i_Votes_fa fa-heart' is clicked on

2022-07-19 12:01:20 - [TEST_STEP][PASSED] - delay(1): Delayed 1 second(s)

2022-07-19 12:01:21 - [MESSAGE][PASSED] - Delayed 1 second(s)

2022-07-19 12:01:21 - [TEST_STEP][PASSED] - closeBrowser(): Browser is closed

2022-07-19 12:01:21 - [MESSAGE][PASSED] - Browser is closed]]></system-out>
         <system-err><![CDATA[]]></system-err>
      </testcase>
      <testcase name="Test Cases/Vote" time="32.393" classname="Test Cases/Vote" status="PASSED">
         <system-out><![CDATA[2022-07-19 12:01:21 - [TEST_CASE][PASSED] - Test Cases/Vote: Test Cases/Vote

2022-07-19 12:01:21 - [TEST_STEP][PASSED] - openBrowser(""): Browser is opened with url: ''

2022-07-19 12:01:21 - [MESSAGE][INFO] - Starting 'Chrome' driver

2022-07-19 12:01:21 - [MESSAGE][INFO] - Action delay is set to 0 milliseconds

2022-07-19 12:01:22 - [MESSAGE][PASSED] - Browser is opened with url: ''

2022-07-19 12:01:22 - [TEST_STEP][PASSED] - navigateToUrl("https://lesechosdutouquet.nordlittoral.fr/147787/article/2022-06-30/concours-photo-montrez-nous-la-plus-belle-photo-de-votre-chien-en-promenade-sur#l5lb6r47qsmp9ur58y"): Navigate to 'https://lesechosdutouquet.nordlittoral.fr/147787/article/2022-06-30/concours-photo-montrez-nous-la-plus-belle-photo-de-votre-chien-en-promenade-sur#l5lb6r47qsmp9ur58y' successfully

2022-07-19 12:01:25 - [MESSAGE][PASSED] - Navigate to 'https://lesechosdutouquet.nordlittoral.fr/147787/article/2022-06-30/concours-photo-montrez-nous-la-plus-belle-photo-de-votre-chien-en-promenade-sur#l5lb6r47qsmp9ur58y' successfully

2022-07-19 12:01:25 - [TEST_STEP][PASSED] - setViewPortSize(1920, 1080): Viewport is set to new size with width = 1920 and height = 1080

2022-07-19 12:01:25 - [MESSAGE][PASSED] - Viewport is set to new size with width = 1920 and height = 1080

2022-07-19 12:01:25 - [TEST_STEP][PASSED] - click(findTestObject("Object Repository/Page_Concours photo  votez pour la plus bel_494087/button_Accepter  Fermer")): Object: 'Object Repository/Page_Concours photo  votez pour la plus bel_494087/button_Accepter  Fermer' is clicked on

2022-07-19 12:01:29 - [MESSAGE][PASSED] - Object: 'Object Repository/Page_Concours photo  votez pour la plus bel_494087/button_Accepter  Fermer' is clicked on

2022-07-19 12:01:29 - [TEST_STEP][PASSED] - delay(12): Delayed 12 second(s)

2022-07-19 12:01:41 - [MESSAGE][PASSED] - Delayed 12 second(s)

2022-07-19 12:01:41 - [TEST_STEP][PASSED] - click(findTestObject("Object Repository/Page_Concours photo  votez pour la plus bel_494087/a_X")): Object: 'Object Repository/Page_Concours photo  votez pour la plus bel_494087/a_X' is clicked on

2022-07-19 12:01:42 - [MESSAGE][PASSED] - Object: 'Object Repository/Page_Concours photo  votez pour la plus bel_494087/a_X' is clicked on

2022-07-19 12:01:42 - [TEST_STEP][PASSED] - delay(1): Delayed 1 second(s)

2022-07-19 12:01:43 - [MESSAGE][PASSED] - Delayed 1 second(s)

2022-07-19 12:01:43 - [TEST_STEP][PASSED] - click(findTestObject("Object Repository/Page_Concours photo  votez pour la plus bel_494087/input_concat(Votez pour le plus beau chien de la cte d, , Opale )_jouer")): Object: 'Object Repository/Page_Concours photo  votez pour la plus bel_494087/input_concat(Votez pour le plus beau chien de la cte d, , Opale )_jouer' is clicked on

2022-07-19 12:01:43 - [MESSAGE][PASSED] - Object: 'Object Repository/Page_Concours photo  votez pour la plus bel_494087/input_concat(Votez pour le plus beau chien de la cte d, , Opale )_jouer' is clicked on

2022-07-19 12:01:44 - [TEST_STEP][PASSED] - if (verifyElementPresent(findTestObject("Page_Concours photo  votez pour la plus bel_494087/input_concat(Votez pour le plus beau chien de la cte d, , Opale )_jouer"), 1, OPTIONAL)): null

2022-07-19 12:01:45 - [MESSAGE][PASSED] - Object 'Object Repository/Page_Concours photo  votez pour la plus bel_494087/input_concat(Votez pour le plus beau chien de la cte d, , Opale )_jouer' is present

2022-07-19 12:01:45 - [TEST_STEP][PASSED] - click(findTestObject("Object Repository/Page_Concours photo  votez pour la plus bel_494087/input_concat(Votez pour le plus beau chien de la cte d, , Opale )_jouer")): Object: 'Object Repository/Page_Concours photo  votez pour la plus bel_494087/input_concat(Votez pour le plus beau chien de la cte d, , Opale )_jouer' is clicked on

2022-07-19 12:01:46 - [MESSAGE][PASSED] - Object: 'Object Repository/Page_Concours photo  votez pour la plus bel_494087/input_concat(Votez pour le plus beau chien de la cte d, , Opale )_jouer' is clicked on

2022-07-19 12:01:46 - [TEST_STEP][PASSED] - delay(1): Delayed 1 second(s)

2022-07-19 12:01:47 - [MESSAGE][PASSED] - Delayed 1 second(s)

2022-07-19 12:01:47 - [TEST_STEP][PASSED] - setText(findTestObject("Object Repository/Page_Concours photo  votez pour la plus bel_494087/input_trie par_keyword"), "Gaspard"): Text 'Gaspard' is set on object 'Object Repository/Page_Concours photo  votez pour la plus bel_494087/input_trie par_keyword'

2022-07-19 12:01:48 - [MESSAGE][PASSED] - Text 'Gaspard' is set on object 'Object Repository/Page_Concours photo  votez pour la plus bel_494087/input_trie par_keyword'

2022-07-19 12:01:48 - [TEST_STEP][PASSED] - sendKeys(findTestObject("Page_Concours photo  votez pour la plus bel_494087/input_trie par_keyword"), Keys.chord(ENTER)): Keys 'ENTER + ' sent to object: 'Object Repository/Page_Concours photo  votez pour la plus bel_494087/input_trie par_keyword'

2022-07-19 12:01:50 - [MESSAGE][PASSED] - Keys 'ENTER + ' sent to object: 'Object Repository/Page_Concours photo  votez pour la plus bel_494087/input_trie par_keyword'

2022-07-19 12:01:50 - [TEST_STEP][PASSED] - click(findTestObject("Page_Concours photo  votez pour la plus bel_494087/tri")): Object: 'Object Repository/Page_Concours photo  votez pour la plus bel_494087/tri' is clicked on

2022-07-19 12:01:50 - [MESSAGE][PASSED] - Object: 'Object Repository/Page_Concours photo  votez pour la plus bel_494087/tri' is clicked on

2022-07-19 12:01:50 - [TEST_STEP][PASSED] - click(findTestObject("Page_Concours photo  votez pour la plus bel_494087/plus de votes")): Object: 'Object Repository/Page_Concours photo  votez pour la plus bel_494087/plus de votes' is clicked on

2022-07-19 12:01:51 - [MESSAGE][PASSED] - Object: 'Object Repository/Page_Concours photo  votez pour la plus bel_494087/plus de votes' is clicked on

2022-07-19 12:01:51 - [TEST_STEP][PASSED] - click(findTestObject("Object Repository/Page_Concours photo  votez pour la plus bel_494087/i_Votes_fa fa-heart")): Object: 'Object Repository/Page_Concours photo  votez pour la plus bel_494087/i_Votes_fa fa-heart' is clicked on

2022-07-19 12:01:52 - [MESSAGE][PASSED] - Object: 'Object Repository/Page_Concours photo  votez pour la plus bel_494087/i_Votes_fa fa-heart' is clicked on

2022-07-19 12:01:52 - [TEST_STEP][PASSED] - delay(1): Delayed 1 second(s)

2022-07-19 12:01:53 - [MESSAGE][PASSED] - Delayed 1 second(s)

2022-07-19 12:01:53 - [TEST_STEP][PASSED] - closeBrowser(): Browser is closed

2022-07-19 12:01:54 - [MESSAGE][PASSED] - Browser is closed]]></system-out>
         <system-err><![CDATA[]]></system-err>
      </testcase>
      <testcase name="Test Cases/Vote" time="29.265" classname="Test Cases/Vote" status="PASSED">
         <system-out><![CDATA[2022-07-19 12:01:54 - [TEST_CASE][PASSED] - Test Cases/Vote: Test Cases/Vote

2022-07-19 12:01:54 - [TEST_STEP][PASSED] - openBrowser(""): Browser is opened with url: ''

2022-07-19 12:01:54 - [MESSAGE][INFO] - Starting 'Chrome' driver

2022-07-19 12:01:54 - [MESSAGE][INFO] - Action delay is set to 0 milliseconds

2022-07-19 12:01:55 - [MESSAGE][PASSED] - Browser is opened with url: ''

2022-07-19 12:01:55 - [TEST_STEP][PASSED] - navigateToUrl("https://lesechosdutouquet.nordlittoral.fr/147787/article/2022-06-30/concours-photo-montrez-nous-la-plus-belle-photo-de-votre-chien-en-promenade-sur#l5lb6r47qsmp9ur58y"): Navigate to 'https://lesechosdutouquet.nordlittoral.fr/147787/article/2022-06-30/concours-photo-montrez-nous-la-plus-belle-photo-de-votre-chien-en-promenade-sur#l5lb6r47qsmp9ur58y' successfully

2022-07-19 12:01:58 - [MESSAGE][PASSED] - Navigate to 'https://lesechosdutouquet.nordlittoral.fr/147787/article/2022-06-30/concours-photo-montrez-nous-la-plus-belle-photo-de-votre-chien-en-promenade-sur#l5lb6r47qsmp9ur58y' successfully

2022-07-19 12:01:58 - [TEST_STEP][PASSED] - setViewPortSize(1920, 1080): Viewport is set to new size with width = 1920 and height = 1080

2022-07-19 12:01:58 - [MESSAGE][PASSED] - Viewport is set to new size with width = 1920 and height = 1080

2022-07-19 12:01:58 - [TEST_STEP][PASSED] - click(findTestObject("Object Repository/Page_Concours photo  votez pour la plus bel_494087/button_Accepter  Fermer")): Object: 'Object Repository/Page_Concours photo  votez pour la plus bel_494087/button_Accepter  Fermer' is clicked on

2022-07-19 12:01:59 - [MESSAGE][PASSED] - Object: 'Object Repository/Page_Concours photo  votez pour la plus bel_494087/button_Accepter  Fermer' is clicked on

2022-07-19 12:01:59 - [TEST_STEP][PASSED] - delay(12): Delayed 12 second(s)

2022-07-19 12:02:11 - [MESSAGE][PASSED] - Delayed 12 second(s)

2022-07-19 12:02:11 - [TEST_STEP][PASSED] - click(findTestObject("Object Repository/Page_Concours photo  votez pour la plus bel_494087/a_X")): Object: 'Object Repository/Page_Concours photo  votez pour la plus bel_494087/a_X' is clicked on

2022-07-19 12:02:11 - [MESSAGE][PASSED] - Object: 'Object Repository/Page_Concours photo  votez pour la plus bel_494087/a_X' is clicked on

2022-07-19 12:02:11 - [TEST_STEP][PASSED] - delay(1): Delayed 1 second(s)

2022-07-19 12:02:12 - [MESSAGE][PASSED] - Delayed 1 second(s)

2022-07-19 12:02:12 - [TEST_STEP][PASSED] - click(findTestObject("Object Repository/Page_Concours photo  votez pour la plus bel_494087/input_concat(Votez pour le plus beau chien de la cte d, , Opale )_jouer")): Object: 'Object Repository/Page_Concours photo  votez pour la plus bel_494087/input_concat(Votez pour le plus beau chien de la cte d, , Opale )_jouer' is clicked on

2022-07-19 12:02:13 - [MESSAGE][PASSED] - Object: 'Object Repository/Page_Concours photo  votez pour la plus bel_494087/input_concat(Votez pour le plus beau chien de la cte d, , Opale )_jouer' is clicked on

2022-07-19 12:02:13 - [TEST_STEP][PASSED] - if (verifyElementPresent(findTestObject("Page_Concours photo  votez pour la plus bel_494087/input_concat(Votez pour le plus beau chien de la cte d, , Opale )_jouer"), 1, OPTIONAL)): null

2022-07-19 12:02:15 - [MESSAGE][PASSED] - Object 'Object Repository/Page_Concours photo  votez pour la plus bel_494087/input_concat(Votez pour le plus beau chien de la cte d, , Opale )_jouer' is present

2022-07-19 12:02:15 - [TEST_STEP][PASSED] - click(findTestObject("Object Repository/Page_Concours photo  votez pour la plus bel_494087/input_concat(Votez pour le plus beau chien de la cte d, , Opale )_jouer")): Object: 'Object Repository/Page_Concours photo  votez pour la plus bel_494087/input_concat(Votez pour le plus beau chien de la cte d, , Opale )_jouer' is clicked on

2022-07-19 12:02:15 - [MESSAGE][PASSED] - Object: 'Object Repository/Page_Concours photo  votez pour la plus bel_494087/input_concat(Votez pour le plus beau chien de la cte d, , Opale )_jouer' is clicked on

2022-07-19 12:02:15 - [TEST_STEP][PASSED] - delay(1): Delayed 1 second(s)

2022-07-19 12:02:16 - [MESSAGE][PASSED] - Delayed 1 second(s)

2022-07-19 12:02:16 - [TEST_STEP][PASSED] - setText(findTestObject("Object Repository/Page_Concours photo  votez pour la plus bel_494087/input_trie par_keyword"), "Gaspard"): Text 'Gaspard' is set on object 'Object Repository/Page_Concours photo  votez pour la plus bel_494087/input_trie par_keyword'

2022-07-19 12:02:18 - [MESSAGE][PASSED] - Text 'Gaspard' is set on object 'Object Repository/Page_Concours photo  votez pour la plus bel_494087/input_trie par_keyword'

2022-07-19 12:02:18 - [TEST_STEP][PASSED] - sendKeys(findTestObject("Page_Concours photo  votez pour la plus bel_494087/input_trie par_keyword"), Keys.chord(ENTER)): Keys 'ENTER + ' sent to object: 'Object Repository/Page_Concours photo  votez pour la plus bel_494087/input_trie par_keyword'

2022-07-19 12:02:19 - [MESSAGE][PASSED] - Keys 'ENTER + ' sent to object: 'Object Repository/Page_Concours photo  votez pour la plus bel_494087/input_trie par_keyword'

2022-07-19 12:02:19 - [TEST_STEP][PASSED] - click(findTestObject("Page_Concours photo  votez pour la plus bel_494087/tri")): Object: 'Object Repository/Page_Concours photo  votez pour la plus bel_494087/tri' is clicked on

2022-07-19 12:02:19 - [MESSAGE][PASSED] - Object: 'Object Repository/Page_Concours photo  votez pour la plus bel_494087/tri' is clicked on

2022-07-19 12:02:19 - [TEST_STEP][PASSED] - click(findTestObject("Page_Concours photo  votez pour la plus bel_494087/plus de votes")): Object: 'Object Repository/Page_Concours photo  votez pour la plus bel_494087/plus de votes' is clicked on

2022-07-19 12:02:20 - [MESSAGE][PASSED] - Object: 'Object Repository/Page_Concours photo  votez pour la plus bel_494087/plus de votes' is clicked on

2022-07-19 12:02:21 - [TEST_STEP][PASSED] - click(findTestObject("Object Repository/Page_Concours photo  votez pour la plus bel_494087/i_Votes_fa fa-heart")): Object: 'Object Repository/Page_Concours photo  votez pour la plus bel_494087/i_Votes_fa fa-heart' is clicked on

2022-07-19 12:02:21 - [MESSAGE][PASSED] - Object: 'Object Repository/Page_Concours photo  votez pour la plus bel_494087/i_Votes_fa fa-heart' is clicked on

2022-07-19 12:02:22 - [TEST_STEP][PASSED] - delay(1): Delayed 1 second(s)

2022-07-19 12:02:23 - [MESSAGE][PASSED] - Delayed 1 second(s)

2022-07-19 12:02:23 - [TEST_STEP][PASSED] - closeBrowser(): Browser is closed

2022-07-19 12:02:23 - [MESSAGE][PASSED] - Browser is closed]]></system-out>
         <system-err><![CDATA[]]></system-err>
      </testcase>
      <testcase name="Test Cases/Vote" time="31.43" classname="Test Cases/Vote" status="PASSED">
         <system-out><![CDATA[2022-07-19 12:02:23 - [TEST_CASE][PASSED] - Test Cases/Vote: Test Cases/Vote

2022-07-19 12:02:23 - [TEST_STEP][PASSED] - openBrowser(""): Browser is opened with url: ''

2022-07-19 12:02:23 - [MESSAGE][INFO] - Starting 'Chrome' driver

2022-07-19 12:02:23 - [MESSAGE][INFO] - Action delay is set to 0 milliseconds

2022-07-19 12:02:24 - [MESSAGE][PASSED] - Browser is opened with url: ''

2022-07-19 12:02:24 - [TEST_STEP][PASSED] - navigateToUrl("https://lesechosdutouquet.nordlittoral.fr/147787/article/2022-06-30/concours-photo-montrez-nous-la-plus-belle-photo-de-votre-chien-en-promenade-sur#l5lb6r47qsmp9ur58y"): Navigate to 'https://lesechosdutouquet.nordlittoral.fr/147787/article/2022-06-30/concours-photo-montrez-nous-la-plus-belle-photo-de-votre-chien-en-promenade-sur#l5lb6r47qsmp9ur58y' successfully

2022-07-19 12:02:27 - [MESSAGE][PASSED] - Navigate to 'https://lesechosdutouquet.nordlittoral.fr/147787/article/2022-06-30/concours-photo-montrez-nous-la-plus-belle-photo-de-votre-chien-en-promenade-sur#l5lb6r47qsmp9ur58y' successfully

2022-07-19 12:02:27 - [TEST_STEP][PASSED] - setViewPortSize(1920, 1080): Viewport is set to new size with width = 1920 and height = 1080

2022-07-19 12:02:27 - [MESSAGE][PASSED] - Viewport is set to new size with width = 1920 and height = 1080

2022-07-19 12:02:27 - [TEST_STEP][PASSED] - click(findTestObject("Object Repository/Page_Concours photo  votez pour la plus bel_494087/button_Accepter  Fermer")): Object: 'Object Repository/Page_Concours photo  votez pour la plus bel_494087/button_Accepter  Fermer' is clicked on

2022-07-19 12:02:28 - [MESSAGE][PASSED] - Object: 'Object Repository/Page_Concours photo  votez pour la plus bel_494087/button_Accepter  Fermer' is clicked on

2022-07-19 12:02:28 - [TEST_STEP][PASSED] - delay(12): Delayed 12 second(s)

2022-07-19 12:02:40 - [MESSAGE][PASSED] - Delayed 12 second(s)

2022-07-19 12:02:40 - [TEST_STEP][PASSED] - click(findTestObject("Object Repository/Page_Concours photo  votez pour la plus bel_494087/a_X")): Object: 'Object Repository/Page_Concours photo  votez pour la plus bel_494087/a_X' is clicked on

2022-07-19 12:02:41 - [MESSAGE][PASSED] - Object: 'Object Repository/Page_Concours photo  votez pour la plus bel_494087/a_X' is clicked on

2022-07-19 12:02:41 - [TEST_STEP][PASSED] - delay(1): Delayed 1 second(s)

2022-07-19 12:02:42 - [MESSAGE][PASSED] - Delayed 1 second(s)

2022-07-19 12:02:42 - [TEST_STEP][PASSED] - click(findTestObject("Object Repository/Page_Concours photo  votez pour la plus bel_494087/input_concat(Votez pour le plus beau chien de la cte d, , Opale )_jouer")): Object: 'Object Repository/Page_Concours photo  votez pour la plus bel_494087/input_concat(Votez pour le plus beau chien de la cte d, , Opale )_jouer' is clicked on

2022-07-19 12:02:42 - [MESSAGE][PASSED] - Object: 'Object Repository/Page_Concours photo  votez pour la plus bel_494087/input_concat(Votez pour le plus beau chien de la cte d, , Opale )_jouer' is clicked on

2022-07-19 12:02:43 - [TEST_STEP][PASSED] - if (verifyElementPresent(findTestObject("Page_Concours photo  votez pour la plus bel_494087/input_concat(Votez pour le plus beau chien de la cte d, , Opale )_jouer"), 1, OPTIONAL)): null

2022-07-19 12:02:44 - [MESSAGE][PASSED] - Object 'Object Repository/Page_Concours photo  votez pour la plus bel_494087/input_concat(Votez pour le plus beau chien de la cte d, , Opale )_jouer' is present

2022-07-19 12:02:44 - [TEST_STEP][PASSED] - click(findTestObject("Object Repository/Page_Concours photo  votez pour la plus bel_494087/input_concat(Votez pour le plus beau chien de la cte d, , Opale )_jouer")): Object: 'Object Repository/Page_Concours photo  votez pour la plus bel_494087/input_concat(Votez pour le plus beau chien de la cte d, , Opale )_jouer' is clicked on

2022-07-19 12:02:44 - [MESSAGE][PASSED] - Object: 'Object Repository/Page_Concours photo  votez pour la plus bel_494087/input_concat(Votez pour le plus beau chien de la cte d, , Opale )_jouer' is clicked on

2022-07-19 12:02:44 - [TEST_STEP][PASSED] - delay(1): Delayed 1 second(s)

2022-07-19 12:02:45 - [MESSAGE][PASSED] - Delayed 1 second(s)

2022-07-19 12:02:45 - [TEST_STEP][PASSED] - setText(findTestObject("Object Repository/Page_Concours photo  votez pour la plus bel_494087/input_trie par_keyword"), "Gaspard"): Text 'Gaspard' is set on object 'Object Repository/Page_Concours photo  votez pour la plus bel_494087/input_trie par_keyword'

2022-07-19 12:02:49 - [MESSAGE][PASSED] - Text 'Gaspard' is set on object 'Object Repository/Page_Concours photo  votez pour la plus bel_494087/input_trie par_keyword'

2022-07-19 12:02:49 - [TEST_STEP][PASSED] - sendKeys(findTestObject("Page_Concours photo  votez pour la plus bel_494087/input_trie par_keyword"), Keys.chord(ENTER)): Keys 'ENTER + ' sent to object: 'Object Repository/Page_Concours photo  votez pour la plus bel_494087/input_trie par_keyword'

2022-07-19 12:02:50 - [MESSAGE][PASSED] - Keys 'ENTER + ' sent to object: 'Object Repository/Page_Concours photo  votez pour la plus bel_494087/input_trie par_keyword'

2022-07-19 12:02:50 - [TEST_STEP][PASSED] - click(findTestObject("Page_Concours photo  votez pour la plus bel_494087/tri")): Object: 'Object Repository/Page_Concours photo  votez pour la plus bel_494087/tri' is clicked on

2022-07-19 12:02:51 - [MESSAGE][PASSED] - Object: 'Object Repository/Page_Concours photo  votez pour la plus bel_494087/tri' is clicked on

2022-07-19 12:02:51 - [TEST_STEP][PASSED] - click(findTestObject("Page_Concours photo  votez pour la plus bel_494087/plus de votes")): Object: 'Object Repository/Page_Concours photo  votez pour la plus bel_494087/plus de votes' is clicked on

2022-07-19 12:02:51 - [MESSAGE][PASSED] - Object: 'Object Repository/Page_Concours photo  votez pour la plus bel_494087/plus de votes' is clicked on

2022-07-19 12:02:53 - [TEST_STEP][PASSED] - click(findTestObject("Object Repository/Page_Concours photo  votez pour la plus bel_494087/i_Votes_fa fa-heart")): Object: 'Object Repository/Page_Concours photo  votez pour la plus bel_494087/i_Votes_fa fa-heart' is clicked on

2022-07-19 12:02:53 - [MESSAGE][PASSED] - Object: 'Object Repository/Page_Concours photo  votez pour la plus bel_494087/i_Votes_fa fa-heart' is clicked on

2022-07-19 12:02:53 - [TEST_STEP][PASSED] - delay(1): Delayed 1 second(s)

2022-07-19 12:02:54 - [MESSAGE][PASSED] - Delayed 1 second(s)

2022-07-19 12:02:54 - [TEST_STEP][PASSED] - closeBrowser(): Browser is closed

2022-07-19 12:02:54 - [MESSAGE][PASSED] - Browser is closed]]></system-out>
         <system-err><![CDATA[]]></system-err>
      </testcase>
      <testcase name="Test Cases/Vote" time="29.286" classname="Test Cases/Vote" status="PASSED">
         <system-out><![CDATA[2022-07-19 12:02:54 - [TEST_CASE][PASSED] - Test Cases/Vote: Test Cases/Vote

2022-07-19 12:02:54 - [TEST_STEP][PASSED] - openBrowser(""): Browser is opened with url: ''

2022-07-19 12:02:54 - [MESSAGE][INFO] - Starting 'Chrome' driver

2022-07-19 12:02:54 - [MESSAGE][INFO] - Action delay is set to 0 milliseconds

2022-07-19 12:02:55 - [MESSAGE][PASSED] - Browser is opened with url: ''

2022-07-19 12:02:55 - [TEST_STEP][PASSED] - navigateToUrl("https://lesechosdutouquet.nordlittoral.fr/147787/article/2022-06-30/concours-photo-montrez-nous-la-plus-belle-photo-de-votre-chien-en-promenade-sur#l5lb6r47qsmp9ur58y"): Navigate to 'https://lesechosdutouquet.nordlittoral.fr/147787/article/2022-06-30/concours-photo-montrez-nous-la-plus-belle-photo-de-votre-chien-en-promenade-sur#l5lb6r47qsmp9ur58y' successfully

2022-07-19 12:02:58 - [MESSAGE][PASSED] - Navigate to 'https://lesechosdutouquet.nordlittoral.fr/147787/article/2022-06-30/concours-photo-montrez-nous-la-plus-belle-photo-de-votre-chien-en-promenade-sur#l5lb6r47qsmp9ur58y' successfully

2022-07-19 12:02:58 - [TEST_STEP][PASSED] - setViewPortSize(1920, 1080): Viewport is set to new size with width = 1920 and height = 1080

2022-07-19 12:02:58 - [MESSAGE][PASSED] - Viewport is set to new size with width = 1920 and height = 1080

2022-07-19 12:02:58 - [TEST_STEP][PASSED] - click(findTestObject("Object Repository/Page_Concours photo  votez pour la plus bel_494087/button_Accepter  Fermer")): Object: 'Object Repository/Page_Concours photo  votez pour la plus bel_494087/button_Accepter  Fermer' is clicked on

2022-07-19 12:02:59 - [MESSAGE][PASSED] - Object: 'Object Repository/Page_Concours photo  votez pour la plus bel_494087/button_Accepter  Fermer' is clicked on

2022-07-19 12:02:59 - [TEST_STEP][PASSED] - delay(12): Delayed 12 second(s)

2022-07-19 12:03:11 - [MESSAGE][PASSED] - Delayed 12 second(s)

2022-07-19 12:03:11 - [TEST_STEP][PASSED] - click(findTestObject("Object Repository/Page_Concours photo  votez pour la plus bel_494087/a_X")): Object: 'Object Repository/Page_Concours photo  votez pour la plus bel_494087/a_X' is clicked on

2022-07-19 12:03:12 - [MESSAGE][PASSED] - Object: 'Object Repository/Page_Concours photo  votez pour la plus bel_494087/a_X' is clicked on

2022-07-19 12:03:12 - [TEST_STEP][PASSED] - delay(1): Delayed 1 second(s)

2022-07-19 12:03:13 - [MESSAGE][PASSED] - Delayed 1 second(s)

2022-07-19 12:03:13 - [TEST_STEP][PASSED] - click(findTestObject("Object Repository/Page_Concours photo  votez pour la plus bel_494087/input_concat(Votez pour le plus beau chien de la cte d, , Opale )_jouer")): Object: 'Object Repository/Page_Concours photo  votez pour la plus bel_494087/input_concat(Votez pour le plus beau chien de la cte d, , Opale )_jouer' is clicked on

2022-07-19 12:03:14 - [MESSAGE][PASSED] - Object: 'Object Repository/Page_Concours photo  votez pour la plus bel_494087/input_concat(Votez pour le plus beau chien de la cte d, , Opale )_jouer' is clicked on

2022-07-19 12:03:14 - [TEST_STEP][PASSED] - if (verifyElementPresent(findTestObject("Page_Concours photo  votez pour la plus bel_494087/input_concat(Votez pour le plus beau chien de la cte d, , Opale )_jouer"), 1, OPTIONAL)): null

2022-07-19 12:03:14 - [MESSAGE][PASSED] - Object 'Object Repository/Page_Concours photo  votez pour la plus bel_494087/input_concat(Votez pour le plus beau chien de la cte d, , Opale )_jouer' is present

2022-07-19 12:03:14 - [TEST_STEP][PASSED] - click(findTestObject("Object Repository/Page_Concours photo  votez pour la plus bel_494087/input_concat(Votez pour le plus beau chien de la cte d, , Opale )_jouer")): Object: 'Object Repository/Page_Concours photo  votez pour la plus bel_494087/input_concat(Votez pour le plus beau chien de la cte d, , Opale )_jouer' is clicked on

2022-07-19 12:03:15 - [MESSAGE][PASSED] - Object: 'Object Repository/Page_Concours photo  votez pour la plus bel_494087/input_concat(Votez pour le plus beau chien de la cte d, , Opale )_jouer' is clicked on

2022-07-19 12:03:15 - [TEST_STEP][PASSED] - delay(1): Delayed 1 second(s)

2022-07-19 12:03:16 - [MESSAGE][PASSED] - Delayed 1 second(s)

2022-07-19 12:03:16 - [TEST_STEP][PASSED] - setText(findTestObject("Object Repository/Page_Concours photo  votez pour la plus bel_494087/input_trie par_keyword"), "Gaspard"): Text 'Gaspard' is set on object 'Object Repository/Page_Concours photo  votez pour la plus bel_494087/input_trie par_keyword'

2022-07-19 12:03:18 - [MESSAGE][PASSED] - Text 'Gaspard' is set on object 'Object Repository/Page_Concours photo  votez pour la plus bel_494087/input_trie par_keyword'

2022-07-19 12:03:18 - [TEST_STEP][PASSED] - sendKeys(findTestObject("Page_Concours photo  votez pour la plus bel_494087/input_trie par_keyword"), Keys.chord(ENTER)): Keys 'ENTER + ' sent to object: 'Object Repository/Page_Concours photo  votez pour la plus bel_494087/input_trie par_keyword'

2022-07-19 12:03:20 - [MESSAGE][PASSED] - Keys 'ENTER + ' sent to object: 'Object Repository/Page_Concours photo  votez pour la plus bel_494087/input_trie par_keyword'

2022-07-19 12:03:20 - [TEST_STEP][PASSED] - click(findTestObject("Page_Concours photo  votez pour la plus bel_494087/tri")): Object: 'Object Repository/Page_Concours photo  votez pour la plus bel_494087/tri' is clicked on

2022-07-19 12:03:20 - [MESSAGE][PASSED] - Object: 'Object Repository/Page_Concours photo  votez pour la plus bel_494087/tri' is clicked on

2022-07-19 12:03:20 - [TEST_STEP][PASSED] - click(findTestObject("Page_Concours photo  votez pour la plus bel_494087/plus de votes")): Object: 'Object Repository/Page_Concours photo  votez pour la plus bel_494087/plus de votes' is clicked on

2022-07-19 12:03:21 - [MESSAGE][PASSED] - Object: 'Object Repository/Page_Concours photo  votez pour la plus bel_494087/plus de votes' is clicked on

2022-07-19 12:03:21 - [TEST_STEP][PASSED] - click(findTestObject("Object Repository/Page_Concours photo  votez pour la plus bel_494087/i_Votes_fa fa-heart")): Object: 'Object Repository/Page_Concours photo  votez pour la plus bel_494087/i_Votes_fa fa-heart' is clicked on

2022-07-19 12:03:22 - [MESSAGE][PASSED] - Object: 'Object Repository/Page_Concours photo  votez pour la plus bel_494087/i_Votes_fa fa-heart' is clicked on

2022-07-19 12:03:22 - [TEST_STEP][PASSED] - delay(1): Delayed 1 second(s)

2022-07-19 12:03:23 - [MESSAGE][PASSED] - Delayed 1 second(s)

2022-07-19 12:03:23 - [TEST_STEP][PASSED] - closeBrowser(): Browser is closed

2022-07-19 12:03:24 - [MESSAGE][PASSED] - Browser is closed]]></system-out>
         <system-err><![CDATA[]]></system-err>
      </testcase>
      <testcase name="Test Cases/Vote" time="30.67" classname="Test Cases/Vote" status="PASSED">
         <system-out><![CDATA[2022-07-19 12:03:24 - [TEST_CASE][PASSED] - Test Cases/Vote: Test Cases/Vote

2022-07-19 12:03:24 - [TEST_STEP][PASSED] - openBrowser(""): Browser is opened with url: ''

2022-07-19 12:03:24 - [MESSAGE][INFO] - Starting 'Chrome' driver

2022-07-19 12:03:24 - [MESSAGE][INFO] - Action delay is set to 0 milliseconds

2022-07-19 12:03:25 - [MESSAGE][PASSED] - Browser is opened with url: ''

2022-07-19 12:03:25 - [TEST_STEP][PASSED] - navigateToUrl("https://lesechosdutouquet.nordlittoral.fr/147787/article/2022-06-30/concours-photo-montrez-nous-la-plus-belle-photo-de-votre-chien-en-promenade-sur#l5lb6r47qsmp9ur58y"): Navigate to 'https://lesechosdutouquet.nordlittoral.fr/147787/article/2022-06-30/concours-photo-montrez-nous-la-plus-belle-photo-de-votre-chien-en-promenade-sur#l5lb6r47qsmp9ur58y' successfully

2022-07-19 12:03:27 - [MESSAGE][PASSED] - Navigate to 'https://lesechosdutouquet.nordlittoral.fr/147787/article/2022-06-30/concours-photo-montrez-nous-la-plus-belle-photo-de-votre-chien-en-promenade-sur#l5lb6r47qsmp9ur58y' successfully

2022-07-19 12:03:27 - [TEST_STEP][PASSED] - setViewPortSize(1920, 1080): Viewport is set to new size with width = 1920 and height = 1080

2022-07-19 12:03:28 - [MESSAGE][PASSED] - Viewport is set to new size with width = 1920 and height = 1080

2022-07-19 12:03:28 - [TEST_STEP][PASSED] - click(findTestObject("Object Repository/Page_Concours photo  votez pour la plus bel_494087/button_Accepter  Fermer")): Object: 'Object Repository/Page_Concours photo  votez pour la plus bel_494087/button_Accepter  Fermer' is clicked on

2022-07-19 12:03:29 - [MESSAGE][PASSED] - Object: 'Object Repository/Page_Concours photo  votez pour la plus bel_494087/button_Accepter  Fermer' is clicked on

2022-07-19 12:03:29 - [TEST_STEP][PASSED] - delay(12): Delayed 12 second(s)

2022-07-19 12:03:41 - [MESSAGE][PASSED] - Delayed 12 second(s)

2022-07-19 12:03:41 - [TEST_STEP][PASSED] - click(findTestObject("Object Repository/Page_Concours photo  votez pour la plus bel_494087/a_X")): Object: 'Object Repository/Page_Concours photo  votez pour la plus bel_494087/a_X' is clicked on

2022-07-19 12:03:41 - [MESSAGE][PASSED] - Object: 'Object Repository/Page_Concours photo  votez pour la plus bel_494087/a_X' is clicked on

2022-07-19 12:03:41 - [TEST_STEP][PASSED] - delay(1): Delayed 1 second(s)

2022-07-19 12:03:42 - [MESSAGE][PASSED] - Delayed 1 second(s)

2022-07-19 12:03:42 - [TEST_STEP][PASSED] - click(findTestObject("Object Repository/Page_Concours photo  votez pour la plus bel_494087/input_concat(Votez pour le plus beau chien de la cte d, , Opale )_jouer")): Object: 'Object Repository/Page_Concours photo  votez pour la plus bel_494087/input_concat(Votez pour le plus beau chien de la cte d, , Opale )_jouer' is clicked on

2022-07-19 12:03:43 - [MESSAGE][PASSED] - Object: 'Object Repository/Page_Concours photo  votez pour la plus bel_494087/input_concat(Votez pour le plus beau chien de la cte d, , Opale )_jouer' is clicked on

2022-07-19 12:03:43 - [TEST_STEP][PASSED] - if (verifyElementPresent(findTestObject("Page_Concours photo  votez pour la plus bel_494087/input_concat(Votez pour le plus beau chien de la cte d, , Opale )_jouer"), 1, OPTIONAL)): null

2022-07-19 12:03:44 - [MESSAGE][PASSED] - Object 'Object Repository/Page_Concours photo  votez pour la plus bel_494087/input_concat(Votez pour le plus beau chien de la cte d, , Opale )_jouer' is present

2022-07-19 12:03:44 - [TEST_STEP][PASSED] - click(findTestObject("Object Repository/Page_Concours photo  votez pour la plus bel_494087/input_concat(Votez pour le plus beau chien de la cte d, , Opale )_jouer")): Object: 'Object Repository/Page_Concours photo  votez pour la plus bel_494087/input_concat(Votez pour le plus beau chien de la cte d, , Opale )_jouer' is clicked on

2022-07-19 12:03:45 - [MESSAGE][PASSED] - Object: 'Object Repository/Page_Concours photo  votez pour la plus bel_494087/input_concat(Votez pour le plus beau chien de la cte d, , Opale )_jouer' is clicked on

2022-07-19 12:03:45 - [TEST_STEP][PASSED] - delay(1): Delayed 1 second(s)

2022-07-19 12:03:46 - [MESSAGE][PASSED] - Delayed 1 second(s)

2022-07-19 12:03:46 - [TEST_STEP][PASSED] - setText(findTestObject("Object Repository/Page_Concours photo  votez pour la plus bel_494087/input_trie par_keyword"), "Gaspard"): Text 'Gaspard' is set on object 'Object Repository/Page_Concours photo  votez pour la plus bel_494087/input_trie par_keyword'

2022-07-19 12:03:49 - [MESSAGE][PASSED] - Text 'Gaspard' is set on object 'Object Repository/Page_Concours photo  votez pour la plus bel_494087/input_trie par_keyword'

2022-07-19 12:03:49 - [TEST_STEP][PASSED] - sendKeys(findTestObject("Page_Concours photo  votez pour la plus bel_494087/input_trie par_keyword"), Keys.chord(ENTER)): Keys 'ENTER + ' sent to object: 'Object Repository/Page_Concours photo  votez pour la plus bel_494087/input_trie par_keyword'

2022-07-19 12:03:49 - [MESSAGE][PASSED] - Keys 'ENTER + ' sent to object: 'Object Repository/Page_Concours photo  votez pour la plus bel_494087/input_trie par_keyword'

2022-07-19 12:03:49 - [TEST_STEP][PASSED] - click(findTestObject("Page_Concours photo  votez pour la plus bel_494087/tri")): Object: 'Object Repository/Page_Concours photo  votez pour la plus bel_494087/tri' is clicked on

2022-07-19 12:03:51 - [MESSAGE][PASSED] - Object: 'Object Repository/Page_Concours photo  votez pour la plus bel_494087/tri' is clicked on

2022-07-19 12:03:51 - [TEST_STEP][PASSED] - click(findTestObject("Page_Concours photo  votez pour la plus bel_494087/plus de votes")): Object: 'Object Repository/Page_Concours photo  votez pour la plus bel_494087/plus de votes' is clicked on

2022-07-19 12:03:51 - [MESSAGE][PASSED] - Object: 'Object Repository/Page_Concours photo  votez pour la plus bel_494087/plus de votes' is clicked on

2022-07-19 12:03:52 - [TEST_STEP][PASSED] - click(findTestObject("Object Repository/Page_Concours photo  votez pour la plus bel_494087/i_Votes_fa fa-heart")): Object: 'Object Repository/Page_Concours photo  votez pour la plus bel_494087/i_Votes_fa fa-heart' is clicked on

2022-07-19 12:03:53 - [MESSAGE][PASSED] - Object: 'Object Repository/Page_Concours photo  votez pour la plus bel_494087/i_Votes_fa fa-heart' is clicked on

2022-07-19 12:03:53 - [TEST_STEP][PASSED] - delay(1): Delayed 1 second(s)

2022-07-19 12:03:54 - [MESSAGE][PASSED] - Delayed 1 second(s)

2022-07-19 12:03:54 - [TEST_STEP][PASSED] - closeBrowser(): Browser is closed

2022-07-19 12:03:54 - [MESSAGE][PASSED] - Browser is closed]]></system-out>
         <system-err><![CDATA[]]></system-err>
      </testcase>
      <testcase name="Test Cases/Vote" time="33.141" classname="Test Cases/Vote" status="PASSED">
         <system-out><![CDATA[2022-07-19 12:03:54 - [TEST_CASE][PASSED] - Test Cases/Vote: Test Cases/Vote

2022-07-19 12:03:54 - [TEST_STEP][PASSED] - openBrowser(""): Browser is opened with url: ''

2022-07-19 12:03:54 - [MESSAGE][INFO] - Starting 'Chrome' driver

2022-07-19 12:03:54 - [MESSAGE][INFO] - Action delay is set to 0 milliseconds

2022-07-19 12:03:55 - [MESSAGE][PASSED] - Browser is opened with url: ''

2022-07-19 12:03:55 - [TEST_STEP][PASSED] - navigateToUrl("https://lesechosdutouquet.nordlittoral.fr/147787/article/2022-06-30/concours-photo-montrez-nous-la-plus-belle-photo-de-votre-chien-en-promenade-sur#l5lb6r47qsmp9ur58y"): Navigate to 'https://lesechosdutouquet.nordlittoral.fr/147787/article/2022-06-30/concours-photo-montrez-nous-la-plus-belle-photo-de-votre-chien-en-promenade-sur#l5lb6r47qsmp9ur58y' successfully

2022-07-19 12:03:59 - [MESSAGE][PASSED] - Navigate to 'https://lesechosdutouquet.nordlittoral.fr/147787/article/2022-06-30/concours-photo-montrez-nous-la-plus-belle-photo-de-votre-chien-en-promenade-sur#l5lb6r47qsmp9ur58y' successfully

2022-07-19 12:03:59 - [TEST_STEP][PASSED] - setViewPortSize(1920, 1080): Viewport is set to new size with width = 1920 and height = 1080

2022-07-19 12:03:59 - [MESSAGE][PASSED] - Viewport is set to new size with width = 1920 and height = 1080

2022-07-19 12:03:59 - [TEST_STEP][PASSED] - click(findTestObject("Object Repository/Page_Concours photo  votez pour la plus bel_494087/button_Accepter  Fermer")): Object: 'Object Repository/Page_Concours photo  votez pour la plus bel_494087/button_Accepter  Fermer' is clicked on

2022-07-19 12:04:00 - [MESSAGE][PASSED] - Object: 'Object Repository/Page_Concours photo  votez pour la plus bel_494087/button_Accepter  Fermer' is clicked on

2022-07-19 12:04:00 - [TEST_STEP][PASSED] - delay(12): Delayed 12 second(s)

2022-07-19 12:04:12 - [MESSAGE][PASSED] - Delayed 12 second(s)

2022-07-19 12:04:12 - [TEST_STEP][PASSED] - click(findTestObject("Object Repository/Page_Concours photo  votez pour la plus bel_494087/a_X")): Object: 'Object Repository/Page_Concours photo  votez pour la plus bel_494087/a_X' is clicked on

2022-07-19 12:04:12 - [MESSAGE][PASSED] - Object: 'Object Repository/Page_Concours photo  votez pour la plus bel_494087/a_X' is clicked on

2022-07-19 12:04:12 - [TEST_STEP][PASSED] - delay(1): Delayed 1 second(s)

2022-07-19 12:04:13 - [MESSAGE][PASSED] - Delayed 1 second(s)

2022-07-19 12:04:13 - [TEST_STEP][PASSED] - click(findTestObject("Object Repository/Page_Concours photo  votez pour la plus bel_494087/input_concat(Votez pour le plus beau chien de la cte d, , Opale )_jouer")): Object: 'Object Repository/Page_Concours photo  votez pour la plus bel_494087/input_concat(Votez pour le plus beau chien de la cte d, , Opale )_jouer' is clicked on

2022-07-19 12:04:14 - [MESSAGE][PASSED] - Object: 'Object Repository/Page_Concours photo  votez pour la plus bel_494087/input_concat(Votez pour le plus beau chien de la cte d, , Opale )_jouer' is clicked on

2022-07-19 12:04:14 - [TEST_STEP][PASSED] - if (verifyElementPresent(findTestObject("Page_Concours photo  votez pour la plus bel_494087/input_concat(Votez pour le plus beau chien de la cte d, , Opale )_jouer"), 1, OPTIONAL)): null

2022-07-19 12:04:15 - [MESSAGE][PASSED] - Object 'Object Repository/Page_Concours photo  votez pour la plus bel_494087/input_concat(Votez pour le plus beau chien de la cte d, , Opale )_jouer' is present

2022-07-19 12:04:15 - [TEST_STEP][PASSED] - click(findTestObject("Object Repository/Page_Concours photo  votez pour la plus bel_494087/input_concat(Votez pour le plus beau chien de la cte d, , Opale )_jouer")): Object: 'Object Repository/Page_Concours photo  votez pour la plus bel_494087/input_concat(Votez pour le plus beau chien de la cte d, , Opale )_jouer' is clicked on

2022-07-19 12:04:16 - [MESSAGE][PASSED] - Object: 'Object Repository/Page_Concours photo  votez pour la plus bel_494087/input_concat(Votez pour le plus beau chien de la cte d, , Opale )_jouer' is clicked on

2022-07-19 12:04:16 - [TEST_STEP][PASSED] - delay(1): Delayed 1 second(s)

2022-07-19 12:04:17 - [MESSAGE][PASSED] - Delayed 1 second(s)

2022-07-19 12:04:17 - [TEST_STEP][PASSED] - setText(findTestObject("Object Repository/Page_Concours photo  votez pour la plus bel_494087/input_trie par_keyword"), "Gaspard"): Text 'Gaspard' is set on object 'Object Repository/Page_Concours photo  votez pour la plus bel_494087/input_trie par_keyword'

2022-07-19 12:04:22 - [MESSAGE][PASSED] - Text 'Gaspard' is set on object 'Object Repository/Page_Concours photo  votez pour la plus bel_494087/input_trie par_keyword'

2022-07-19 12:04:22 - [TEST_STEP][PASSED] - sendKeys(findTestObject("Page_Concours photo  votez pour la plus bel_494087/input_trie par_keyword"), Keys.chord(ENTER)): Keys 'ENTER + ' sent to object: 'Object Repository/Page_Concours photo  votez pour la plus bel_494087/input_trie par_keyword'

2022-07-19 12:04:23 - [MESSAGE][PASSED] - Keys 'ENTER + ' sent to object: 'Object Repository/Page_Concours photo  votez pour la plus bel_494087/input_trie par_keyword'

2022-07-19 12:04:23 - [TEST_STEP][PASSED] - click(findTestObject("Page_Concours photo  votez pour la plus bel_494087/tri")): Object: 'Object Repository/Page_Concours photo  votez pour la plus bel_494087/tri' is clicked on

2022-07-19 12:04:24 - [MESSAGE][PASSED] - Object: 'Object Repository/Page_Concours photo  votez pour la plus bel_494087/tri' is clicked on

2022-07-19 12:04:24 - [TEST_STEP][PASSED] - click(findTestObject("Page_Concours photo  votez pour la plus bel_494087/plus de votes")): Object: 'Object Repository/Page_Concours photo  votez pour la plus bel_494087/plus de votes' is clicked on

2022-07-19 12:04:25 - [MESSAGE][PASSED] - Object: 'Object Repository/Page_Concours photo  votez pour la plus bel_494087/plus de votes' is clicked on

2022-07-19 12:04:26 - [TEST_STEP][PASSED] - click(findTestObject("Object Repository/Page_Concours photo  votez pour la plus bel_494087/i_Votes_fa fa-heart")): Object: 'Object Repository/Page_Concours photo  votez pour la plus bel_494087/i_Votes_fa fa-heart' is clicked on

2022-07-19 12:04:26 - [MESSAGE][PASSED] - Object: 'Object Repository/Page_Concours photo  votez pour la plus bel_494087/i_Votes_fa fa-heart' is clicked on

2022-07-19 12:04:26 - [TEST_STEP][PASSED] - delay(1): Delayed 1 second(s)

2022-07-19 12:04:27 - [MESSAGE][PASSED] - Delayed 1 second(s)

2022-07-19 12:04:27 - [TEST_STEP][PASSED] - closeBrowser(): Browser is closed

2022-07-19 12:04:27 - [MESSAGE][PASSED] - Browser is closed]]></system-out>
         <system-err><![CDATA[]]></system-err>
      </testcase>
      <testcase name="Test Cases/Vote" time="30.9" classname="Test Cases/Vote" status="PASSED">
         <system-out><![CDATA[2022-07-19 12:04:27 - [TEST_CASE][PASSED] - Test Cases/Vote: Test Cases/Vote

2022-07-19 12:04:27 - [TEST_STEP][PASSED] - openBrowser(""): Browser is opened with url: ''

2022-07-19 12:04:27 - [MESSAGE][INFO] - Starting 'Chrome' driver

2022-07-19 12:04:27 - [MESSAGE][INFO] - Action delay is set to 0 milliseconds

2022-07-19 12:04:28 - [MESSAGE][PASSED] - Browser is opened with url: ''

2022-07-19 12:04:28 - [TEST_STEP][PASSED] - navigateToUrl("https://lesechosdutouquet.nordlittoral.fr/147787/article/2022-06-30/concours-photo-montrez-nous-la-plus-belle-photo-de-votre-chien-en-promenade-sur#l5lb6r47qsmp9ur58y"): Navigate to 'https://lesechosdutouquet.nordlittoral.fr/147787/article/2022-06-30/concours-photo-montrez-nous-la-plus-belle-photo-de-votre-chien-en-promenade-sur#l5lb6r47qsmp9ur58y' successfully

2022-07-19 12:04:31 - [MESSAGE][PASSED] - Navigate to 'https://lesechosdutouquet.nordlittoral.fr/147787/article/2022-06-30/concours-photo-montrez-nous-la-plus-belle-photo-de-votre-chien-en-promenade-sur#l5lb6r47qsmp9ur58y' successfully

2022-07-19 12:04:31 - [TEST_STEP][PASSED] - setViewPortSize(1920, 1080): Viewport is set to new size with width = 1920 and height = 1080

2022-07-19 12:04:31 - [MESSAGE][PASSED] - Viewport is set to new size with width = 1920 and height = 1080

2022-07-19 12:04:31 - [TEST_STEP][PASSED] - click(findTestObject("Object Repository/Page_Concours photo  votez pour la plus bel_494087/button_Accepter  Fermer")): Object: 'Object Repository/Page_Concours photo  votez pour la plus bel_494087/button_Accepter  Fermer' is clicked on

2022-07-19 12:04:32 - [MESSAGE][PASSED] - Object: 'Object Repository/Page_Concours photo  votez pour la plus bel_494087/button_Accepter  Fermer' is clicked on

2022-07-19 12:04:32 - [TEST_STEP][PASSED] - delay(12): Delayed 12 second(s)

2022-07-19 12:04:44 - [MESSAGE][PASSED] - Delayed 12 second(s)

2022-07-19 12:04:44 - [TEST_STEP][PASSED] - click(findTestObject("Object Repository/Page_Concours photo  votez pour la plus bel_494087/a_X")): Object: 'Object Repository/Page_Concours photo  votez pour la plus bel_494087/a_X' is clicked on

2022-07-19 12:04:45 - [MESSAGE][PASSED] - Object: 'Object Repository/Page_Concours photo  votez pour la plus bel_494087/a_X' is clicked on

2022-07-19 12:04:45 - [TEST_STEP][PASSED] - delay(1): Delayed 1 second(s)

2022-07-19 12:04:46 - [MESSAGE][PASSED] - Delayed 1 second(s)

2022-07-19 12:04:46 - [TEST_STEP][PASSED] - click(findTestObject("Object Repository/Page_Concours photo  votez pour la plus bel_494087/input_concat(Votez pour le plus beau chien de la cte d, , Opale )_jouer")): Object: 'Object Repository/Page_Concours photo  votez pour la plus bel_494087/input_concat(Votez pour le plus beau chien de la cte d, , Opale )_jouer' is clicked on

2022-07-19 12:04:46 - [MESSAGE][PASSED] - Object: 'Object Repository/Page_Concours photo  votez pour la plus bel_494087/input_concat(Votez pour le plus beau chien de la cte d, , Opale )_jouer' is clicked on

2022-07-19 12:04:46 - [TEST_STEP][PASSED] - if (verifyElementPresent(findTestObject("Page_Concours photo  votez pour la plus bel_494087/input_concat(Votez pour le plus beau chien de la cte d, , Opale )_jouer"), 1, OPTIONAL)): null

2022-07-19 12:04:48 - [MESSAGE][PASSED] - Object 'Object Repository/Page_Concours photo  votez pour la plus bel_494087/input_concat(Votez pour le plus beau chien de la cte d, , Opale )_jouer' is present

2022-07-19 12:04:48 - [TEST_STEP][PASSED] - click(findTestObject("Object Repository/Page_Concours photo  votez pour la plus bel_494087/input_concat(Votez pour le plus beau chien de la cte d, , Opale )_jouer")): Object: 'Object Repository/Page_Concours photo  votez pour la plus bel_494087/input_concat(Votez pour le plus beau chien de la cte d, , Opale )_jouer' is clicked on

2022-07-19 12:04:48 - [MESSAGE][PASSED] - Object: 'Object Repository/Page_Concours photo  votez pour la plus bel_494087/input_concat(Votez pour le plus beau chien de la cte d, , Opale )_jouer' is clicked on

2022-07-19 12:04:48 - [TEST_STEP][PASSED] - delay(1): Delayed 1 second(s)

2022-07-19 12:04:49 - [MESSAGE][PASSED] - Delayed 1 second(s)

2022-07-19 12:04:49 - [TEST_STEP][PASSED] - setText(findTestObject("Object Repository/Page_Concours photo  votez pour la plus bel_494087/input_trie par_keyword"), "Gaspard"): Text 'Gaspard' is set on object 'Object Repository/Page_Concours photo  votez pour la plus bel_494087/input_trie par_keyword'

2022-07-19 12:04:53 - [MESSAGE][PASSED] - Text 'Gaspard' is set on object 'Object Repository/Page_Concours photo  votez pour la plus bel_494087/input_trie par_keyword'

2022-07-19 12:04:53 - [TEST_STEP][PASSED] - sendKeys(findTestObject("Page_Concours photo  votez pour la plus bel_494087/input_trie par_keyword"), Keys.chord(ENTER)): Keys 'ENTER + ' sent to object: 'Object Repository/Page_Concours photo  votez pour la plus bel_494087/input_trie par_keyword'

2022-07-19 12:04:53 - [MESSAGE][PASSED] - Keys 'ENTER + ' sent to object: 'Object Repository/Page_Concours photo  votez pour la plus bel_494087/input_trie par_keyword'

2022-07-19 12:04:53 - [TEST_STEP][PASSED] - click(findTestObject("Page_Concours photo  votez pour la plus bel_494087/tri")): Object: 'Object Repository/Page_Concours photo  votez pour la plus bel_494087/tri' is clicked on

2022-07-19 12:04:55 - [MESSAGE][PASSED] - Object: 'Object Repository/Page_Concours photo  votez pour la plus bel_494087/tri' is clicked on

2022-07-19 12:04:55 - [TEST_STEP][PASSED] - click(findTestObject("Page_Concours photo  votez pour la plus bel_494087/plus de votes")): Object: 'Object Repository/Page_Concours photo  votez pour la plus bel_494087/plus de votes' is clicked on

2022-07-19 12:04:55 - [MESSAGE][PASSED] - Object: 'Object Repository/Page_Concours photo  votez pour la plus bel_494087/plus de votes' is clicked on

2022-07-19 12:04:57 - [TEST_STEP][PASSED] - click(findTestObject("Object Repository/Page_Concours photo  votez pour la plus bel_494087/i_Votes_fa fa-heart")): Object: 'Object Repository/Page_Concours photo  votez pour la plus bel_494087/i_Votes_fa fa-heart' is clicked on

2022-07-19 12:04:57 - [MESSAGE][PASSED] - Object: 'Object Repository/Page_Concours photo  votez pour la plus bel_494087/i_Votes_fa fa-heart' is clicked on

2022-07-19 12:04:57 - [TEST_STEP][PASSED] - delay(1): Delayed 1 second(s)

2022-07-19 12:04:58 - [MESSAGE][PASSED] - Delayed 1 second(s)

2022-07-19 12:04:58 - [TEST_STEP][PASSED] - closeBrowser(): Browser is closed

2022-07-19 12:04:58 - [MESSAGE][PASSED] - Browser is closed]]></system-out>
         <system-err><![CDATA[]]></system-err>
      </testcase>
      <testcase name="Test Cases/Vote" time="31.928" classname="Test Cases/Vote" status="PASSED">
         <system-out><![CDATA[2022-07-19 12:04:58 - [TEST_CASE][PASSED] - Test Cases/Vote: Test Cases/Vote

2022-07-19 12:04:58 - [TEST_STEP][PASSED] - openBrowser(""): Browser is opened with url: ''

2022-07-19 12:04:58 - [MESSAGE][INFO] - Starting 'Chrome' driver

2022-07-19 12:04:58 - [MESSAGE][INFO] - Action delay is set to 0 milliseconds

2022-07-19 12:04:59 - [MESSAGE][PASSED] - Browser is opened with url: ''

2022-07-19 12:04:59 - [TEST_STEP][PASSED] - navigateToUrl("https://lesechosdutouquet.nordlittoral.fr/147787/article/2022-06-30/concours-photo-montrez-nous-la-plus-belle-photo-de-votre-chien-en-promenade-sur#l5lb6r47qsmp9ur58y"): Navigate to 'https://lesechosdutouquet.nordlittoral.fr/147787/article/2022-06-30/concours-photo-montrez-nous-la-plus-belle-photo-de-votre-chien-en-promenade-sur#l5lb6r47qsmp9ur58y' successfully

2022-07-19 12:05:03 - [MESSAGE][PASSED] - Navigate to 'https://lesechosdutouquet.nordlittoral.fr/147787/article/2022-06-30/concours-photo-montrez-nous-la-plus-belle-photo-de-votre-chien-en-promenade-sur#l5lb6r47qsmp9ur58y' successfully

2022-07-19 12:05:03 - [TEST_STEP][PASSED] - setViewPortSize(1920, 1080): Viewport is set to new size with width = 1920 and height = 1080

2022-07-19 12:05:03 - [MESSAGE][PASSED] - Viewport is set to new size with width = 1920 and height = 1080

2022-07-19 12:05:03 - [TEST_STEP][PASSED] - click(findTestObject("Object Repository/Page_Concours photo  votez pour la plus bel_494087/button_Accepter  Fermer")): Object: 'Object Repository/Page_Concours photo  votez pour la plus bel_494087/button_Accepter  Fermer' is clicked on

2022-07-19 12:05:04 - [MESSAGE][PASSED] - Object: 'Object Repository/Page_Concours photo  votez pour la plus bel_494087/button_Accepter  Fermer' is clicked on

2022-07-19 12:05:04 - [TEST_STEP][PASSED] - delay(12): Delayed 12 second(s)

2022-07-19 12:05:16 - [MESSAGE][PASSED] - Delayed 12 second(s)

2022-07-19 12:05:16 - [TEST_STEP][PASSED] - click(findTestObject("Object Repository/Page_Concours photo  votez pour la plus bel_494087/a_X")): Object: 'Object Repository/Page_Concours photo  votez pour la plus bel_494087/a_X' is clicked on

2022-07-19 12:05:16 - [MESSAGE][PASSED] - Object: 'Object Repository/Page_Concours photo  votez pour la plus bel_494087/a_X' is clicked on

2022-07-19 12:05:16 - [TEST_STEP][PASSED] - delay(1): Delayed 1 second(s)

2022-07-19 12:05:17 - [MESSAGE][PASSED] - Delayed 1 second(s)

2022-07-19 12:05:17 - [TEST_STEP][PASSED] - click(findTestObject("Object Repository/Page_Concours photo  votez pour la plus bel_494087/input_concat(Votez pour le plus beau chien de la cte d, , Opale )_jouer")): Object: 'Object Repository/Page_Concours photo  votez pour la plus bel_494087/input_concat(Votez pour le plus beau chien de la cte d, , Opale )_jouer' is clicked on

2022-07-19 12:05:18 - [MESSAGE][PASSED] - Object: 'Object Repository/Page_Concours photo  votez pour la plus bel_494087/input_concat(Votez pour le plus beau chien de la cte d, , Opale )_jouer' is clicked on

2022-07-19 12:05:18 - [TEST_STEP][PASSED] - if (verifyElementPresent(findTestObject("Page_Concours photo  votez pour la plus bel_494087/input_concat(Votez pour le plus beau chien de la cte d, , Opale )_jouer"), 1, OPTIONAL)): null

2022-07-19 12:05:19 - [MESSAGE][PASSED] - Object 'Object Repository/Page_Concours photo  votez pour la plus bel_494087/input_concat(Votez pour le plus beau chien de la cte d, , Opale )_jouer' is present

2022-07-19 12:05:19 - [TEST_STEP][PASSED] - click(findTestObject("Object Repository/Page_Concours photo  votez pour la plus bel_494087/input_concat(Votez pour le plus beau chien de la cte d, , Opale )_jouer")): Object: 'Object Repository/Page_Concours photo  votez pour la plus bel_494087/input_concat(Votez pour le plus beau chien de la cte d, , Opale )_jouer' is clicked on

2022-07-19 12:05:20 - [MESSAGE][PASSED] - Object: 'Object Repository/Page_Concours photo  votez pour la plus bel_494087/input_concat(Votez pour le plus beau chien de la cte d, , Opale )_jouer' is clicked on

2022-07-19 12:05:20 - [TEST_STEP][PASSED] - delay(1): Delayed 1 second(s)

2022-07-19 12:05:21 - [MESSAGE][PASSED] - Delayed 1 second(s)

2022-07-19 12:05:21 - [TEST_STEP][PASSED] - setText(findTestObject("Object Repository/Page_Concours photo  votez pour la plus bel_494087/input_trie par_keyword"), "Gaspard"): Text 'Gaspard' is set on object 'Object Repository/Page_Concours photo  votez pour la plus bel_494087/input_trie par_keyword'

2022-07-19 12:05:25 - [MESSAGE][PASSED] - Text 'Gaspard' is set on object 'Object Repository/Page_Concours photo  votez pour la plus bel_494087/input_trie par_keyword'

2022-07-19 12:05:25 - [TEST_STEP][PASSED] - sendKeys(findTestObject("Page_Concours photo  votez pour la plus bel_494087/input_trie par_keyword"), Keys.chord(ENTER)): Keys 'ENTER + ' sent to object: 'Object Repository/Page_Concours photo  votez pour la plus bel_494087/input_trie par_keyword'

2022-07-19 12:05:26 - [MESSAGE][PASSED] - Keys 'ENTER + ' sent to object: 'Object Repository/Page_Concours photo  votez pour la plus bel_494087/input_trie par_keyword'

2022-07-19 12:05:26 - [TEST_STEP][PASSED] - click(findTestObject("Page_Concours photo  votez pour la plus bel_494087/tri")): Object: 'Object Repository/Page_Concours photo  votez pour la plus bel_494087/tri' is clicked on

2022-07-19 12:05:27 - [MESSAGE][PASSED] - Object: 'Object Repository/Page_Concours photo  votez pour la plus bel_494087/tri' is clicked on

2022-07-19 12:05:27 - [TEST_STEP][PASSED] - click(findTestObject("Page_Concours photo  votez pour la plus bel_494087/plus de votes")): Object: 'Object Repository/Page_Concours photo  votez pour la plus bel_494087/plus de votes' is clicked on

2022-07-19 12:05:27 - [MESSAGE][PASSED] - Object: 'Object Repository/Page_Concours photo  votez pour la plus bel_494087/plus de votes' is clicked on

2022-07-19 12:05:28 - [TEST_STEP][PASSED] - click(findTestObject("Object Repository/Page_Concours photo  votez pour la plus bel_494087/i_Votes_fa fa-heart")): Object: 'Object Repository/Page_Concours photo  votez pour la plus bel_494087/i_Votes_fa fa-heart' is clicked on

2022-07-19 12:05:29 - [MESSAGE][PASSED] - Object: 'Object Repository/Page_Concours photo  votez pour la plus bel_494087/i_Votes_fa fa-heart' is clicked on

2022-07-19 12:05:29 - [TEST_STEP][PASSED] - delay(1): Delayed 1 second(s)

2022-07-19 12:05:30 - [MESSAGE][PASSED] - Delayed 1 second(s)

2022-07-19 12:05:30 - [TEST_STEP][PASSED] - closeBrowser(): Browser is closed

2022-07-19 12:05:30 - [MESSAGE][PASSED] - Browser is closed]]></system-out>
         <system-err><![CDATA[]]></system-err>
      </testcase>
      <testcase name="Test Cases/Vote" time="29.005" classname="Test Cases/Vote" status="PASSED">
         <system-out><![CDATA[2022-07-19 12:05:30 - [TEST_CASE][PASSED] - Test Cases/Vote: Test Cases/Vote

2022-07-19 12:05:30 - [TEST_STEP][PASSED] - openBrowser(""): Browser is opened with url: ''

2022-07-19 12:05:30 - [MESSAGE][INFO] - Starting 'Chrome' driver

2022-07-19 12:05:30 - [MESSAGE][INFO] - Action delay is set to 0 milliseconds

2022-07-19 12:05:31 - [MESSAGE][PASSED] - Browser is opened with url: ''

2022-07-19 12:05:31 - [TEST_STEP][PASSED] - navigateToUrl("https://lesechosdutouquet.nordlittoral.fr/147787/article/2022-06-30/concours-photo-montrez-nous-la-plus-belle-photo-de-votre-chien-en-promenade-sur#l5lb6r47qsmp9ur58y"): Navigate to 'https://lesechosdutouquet.nordlittoral.fr/147787/article/2022-06-30/concours-photo-montrez-nous-la-plus-belle-photo-de-votre-chien-en-promenade-sur#l5lb6r47qsmp9ur58y' successfully

2022-07-19 12:05:34 - [MESSAGE][PASSED] - Navigate to 'https://lesechosdutouquet.nordlittoral.fr/147787/article/2022-06-30/concours-photo-montrez-nous-la-plus-belle-photo-de-votre-chien-en-promenade-sur#l5lb6r47qsmp9ur58y' successfully

2022-07-19 12:05:34 - [TEST_STEP][PASSED] - setViewPortSize(1920, 1080): Viewport is set to new size with width = 1920 and height = 1080

2022-07-19 12:05:34 - [MESSAGE][PASSED] - Viewport is set to new size with width = 1920 and height = 1080

2022-07-19 12:05:34 - [TEST_STEP][PASSED] - click(findTestObject("Object Repository/Page_Concours photo  votez pour la plus bel_494087/button_Accepter  Fermer")): Object: 'Object Repository/Page_Concours photo  votez pour la plus bel_494087/button_Accepter  Fermer' is clicked on

2022-07-19 12:05:35 - [MESSAGE][PASSED] - Object: 'Object Repository/Page_Concours photo  votez pour la plus bel_494087/button_Accepter  Fermer' is clicked on

2022-07-19 12:05:35 - [TEST_STEP][PASSED] - delay(12): Delayed 12 second(s)

2022-07-19 12:05:47 - [MESSAGE][PASSED] - Delayed 12 second(s)

2022-07-19 12:05:47 - [TEST_STEP][PASSED] - click(findTestObject("Object Repository/Page_Concours photo  votez pour la plus bel_494087/a_X")): Object: 'Object Repository/Page_Concours photo  votez pour la plus bel_494087/a_X' is clicked on

2022-07-19 12:05:48 - [MESSAGE][PASSED] - Object: 'Object Repository/Page_Concours photo  votez pour la plus bel_494087/a_X' is clicked on

2022-07-19 12:05:48 - [TEST_STEP][PASSED] - delay(1): Delayed 1 second(s)

2022-07-19 12:05:49 - [MESSAGE][PASSED] - Delayed 1 second(s)

2022-07-19 12:05:49 - [TEST_STEP][PASSED] - click(findTestObject("Object Repository/Page_Concours photo  votez pour la plus bel_494087/input_concat(Votez pour le plus beau chien de la cte d, , Opale )_jouer")): Object: 'Object Repository/Page_Concours photo  votez pour la plus bel_494087/input_concat(Votez pour le plus beau chien de la cte d, , Opale )_jouer' is clicked on

2022-07-19 12:05:49 - [MESSAGE][PASSED] - Object: 'Object Repository/Page_Concours photo  votez pour la plus bel_494087/input_concat(Votez pour le plus beau chien de la cte d, , Opale )_jouer' is clicked on

2022-07-19 12:05:49 - [TEST_STEP][PASSED] - if (verifyElementPresent(findTestObject("Page_Concours photo  votez pour la plus bel_494087/input_concat(Votez pour le plus beau chien de la cte d, , Opale )_jouer"), 1, OPTIONAL)): null

2022-07-19 12:05:50 - [MESSAGE][PASSED] - Object 'Object Repository/Page_Concours photo  votez pour la plus bel_494087/input_concat(Votez pour le plus beau chien de la cte d, , Opale )_jouer' is present

2022-07-19 12:05:50 - [TEST_STEP][PASSED] - click(findTestObject("Object Repository/Page_Concours photo  votez pour la plus bel_494087/input_concat(Votez pour le plus beau chien de la cte d, , Opale )_jouer")): Object: 'Object Repository/Page_Concours photo  votez pour la plus bel_494087/input_concat(Votez pour le plus beau chien de la cte d, , Opale )_jouer' is clicked on

2022-07-19 12:05:51 - [MESSAGE][PASSED] - Object: 'Object Repository/Page_Concours photo  votez pour la plus bel_494087/input_concat(Votez pour le plus beau chien de la cte d, , Opale )_jouer' is clicked on

2022-07-19 12:05:51 - [TEST_STEP][PASSED] - delay(1): Delayed 1 second(s)

2022-07-19 12:05:52 - [MESSAGE][PASSED] - Delayed 1 second(s)

2022-07-19 12:05:52 - [TEST_STEP][PASSED] - setText(findTestObject("Object Repository/Page_Concours photo  votez pour la plus bel_494087/input_trie par_keyword"), "Gaspard"): Text 'Gaspard' is set on object 'Object Repository/Page_Concours photo  votez pour la plus bel_494087/input_trie par_keyword'

2022-07-19 12:05:54 - [MESSAGE][PASSED] - Text 'Gaspard' is set on object 'Object Repository/Page_Concours photo  votez pour la plus bel_494087/input_trie par_keyword'

2022-07-19 12:05:54 - [TEST_STEP][PASSED] - sendKeys(findTestObject("Page_Concours photo  votez pour la plus bel_494087/input_trie par_keyword"), Keys.chord(ENTER)): Keys 'ENTER + ' sent to object: 'Object Repository/Page_Concours photo  votez pour la plus bel_494087/input_trie par_keyword'

2022-07-19 12:05:55 - [MESSAGE][PASSED] - Keys 'ENTER + ' sent to object: 'Object Repository/Page_Concours photo  votez pour la plus bel_494087/input_trie par_keyword'

2022-07-19 12:05:55 - [TEST_STEP][PASSED] - click(findTestObject("Page_Concours photo  votez pour la plus bel_494087/tri")): Object: 'Object Repository/Page_Concours photo  votez pour la plus bel_494087/tri' is clicked on

2022-07-19 12:05:56 - [MESSAGE][PASSED] - Object: 'Object Repository/Page_Concours photo  votez pour la plus bel_494087/tri' is clicked on

2022-07-19 12:05:56 - [TEST_STEP][PASSED] - click(findTestObject("Page_Concours photo  votez pour la plus bel_494087/plus de votes")): Object: 'Object Repository/Page_Concours photo  votez pour la plus bel_494087/plus de votes' is clicked on

2022-07-19 12:05:57 - [MESSAGE][PASSED] - Object: 'Object Repository/Page_Concours photo  votez pour la plus bel_494087/plus de votes' is clicked on

2022-07-19 12:05:57 - [TEST_STEP][PASSED] - click(findTestObject("Object Repository/Page_Concours photo  votez pour la plus bel_494087/i_Votes_fa fa-heart")): Object: 'Object Repository/Page_Concours photo  votez pour la plus bel_494087/i_Votes_fa fa-heart' is clicked on

2022-07-19 12:05:58 - [MESSAGE][PASSED] - Object: 'Object Repository/Page_Concours photo  votez pour la plus bel_494087/i_Votes_fa fa-heart' is clicked on

2022-07-19 12:05:58 - [TEST_STEP][PASSED] - delay(1): Delayed 1 second(s)

2022-07-19 12:05:59 - [MESSAGE][PASSED] - Delayed 1 second(s)

2022-07-19 12:05:59 - [TEST_STEP][PASSED] - closeBrowser(): Browser is closed

2022-07-19 12:05:59 - [MESSAGE][PASSED] - Browser is closed]]></system-out>
         <system-err><![CDATA[]]></system-err>
      </testcase>
      <testcase name="Test Cases/Vote" time="41.586" classname="Test Cases/Vote" status="PASSED">
         <system-out><![CDATA[2022-07-19 12:05:59 - [TEST_CASE][PASSED] - Test Cases/Vote: Test Cases/Vote

2022-07-19 12:05:59 - [TEST_STEP][PASSED] - openBrowser(""): Browser is opened with url: ''

2022-07-19 12:05:59 - [MESSAGE][INFO] - Starting 'Chrome' driver

2022-07-19 12:05:59 - [MESSAGE][INFO] - Action delay is set to 0 milliseconds

2022-07-19 12:06:00 - [MESSAGE][PASSED] - Browser is opened with url: ''

2022-07-19 12:06:00 - [TEST_STEP][PASSED] - navigateToUrl("https://lesechosdutouquet.nordlittoral.fr/147787/article/2022-06-30/concours-photo-montrez-nous-la-plus-belle-photo-de-votre-chien-en-promenade-sur#l5lb6r47qsmp9ur58y"): Navigate to 'https://lesechosdutouquet.nordlittoral.fr/147787/article/2022-06-30/concours-photo-montrez-nous-la-plus-belle-photo-de-votre-chien-en-promenade-sur#l5lb6r47qsmp9ur58y' successfully

2022-07-19 12:06:14 - [MESSAGE][PASSED] - Navigate to 'https://lesechosdutouquet.nordlittoral.fr/147787/article/2022-06-30/concours-photo-montrez-nous-la-plus-belle-photo-de-votre-chien-en-promenade-sur#l5lb6r47qsmp9ur58y' successfully

2022-07-19 12:06:14 - [TEST_STEP][PASSED] - setViewPortSize(1920, 1080): Viewport is set to new size with width = 1920 and height = 1080

2022-07-19 12:06:14 - [MESSAGE][PASSED] - Viewport is set to new size with width = 1920 and height = 1080

2022-07-19 12:06:14 - [TEST_STEP][PASSED] - click(findTestObject("Object Repository/Page_Concours photo  votez pour la plus bel_494087/button_Accepter  Fermer")): Object: 'Object Repository/Page_Concours photo  votez pour la plus bel_494087/button_Accepter  Fermer' is clicked on

2022-07-19 12:06:15 - [MESSAGE][PASSED] - Object: 'Object Repository/Page_Concours photo  votez pour la plus bel_494087/button_Accepter  Fermer' is clicked on

2022-07-19 12:06:15 - [TEST_STEP][PASSED] - delay(12): Delayed 12 second(s)

2022-07-19 12:06:27 - [MESSAGE][PASSED] - Delayed 12 second(s)

2022-07-19 12:06:27 - [TEST_STEP][PASSED] - click(findTestObject("Object Repository/Page_Concours photo  votez pour la plus bel_494087/a_X")): Object: 'Object Repository/Page_Concours photo  votez pour la plus bel_494087/a_X' is clicked on

2022-07-19 12:06:27 - [MESSAGE][PASSED] - Object: 'Object Repository/Page_Concours photo  votez pour la plus bel_494087/a_X' is clicked on

2022-07-19 12:06:27 - [TEST_STEP][PASSED] - delay(1): Delayed 1 second(s)

2022-07-19 12:06:28 - [MESSAGE][PASSED] - Delayed 1 second(s)

2022-07-19 12:06:28 - [TEST_STEP][PASSED] - click(findTestObject("Object Repository/Page_Concours photo  votez pour la plus bel_494087/input_concat(Votez pour le plus beau chien de la cte d, , Opale )_jouer")): Object: 'Object Repository/Page_Concours photo  votez pour la plus bel_494087/input_concat(Votez pour le plus beau chien de la cte d, , Opale )_jouer' is clicked on

2022-07-19 12:06:29 - [MESSAGE][PASSED] - Object: 'Object Repository/Page_Concours photo  votez pour la plus bel_494087/input_concat(Votez pour le plus beau chien de la cte d, , Opale )_jouer' is clicked on

2022-07-19 12:06:29 - [TEST_STEP][PASSED] - if (verifyElementPresent(findTestObject("Page_Concours photo  votez pour la plus bel_494087/input_concat(Votez pour le plus beau chien de la cte d, , Opale )_jouer"), 1, OPTIONAL)): null

2022-07-19 12:06:31 - [MESSAGE][PASSED] - Object 'Object Repository/Page_Concours photo  votez pour la plus bel_494087/input_concat(Votez pour le plus beau chien de la cte d, , Opale )_jouer' is present

2022-07-19 12:06:31 - [TEST_STEP][PASSED] - click(findTestObject("Object Repository/Page_Concours photo  votez pour la plus bel_494087/input_concat(Votez pour le plus beau chien de la cte d, , Opale )_jouer")): Object: 'Object Repository/Page_Concours photo  votez pour la plus bel_494087/input_concat(Votez pour le plus beau chien de la cte d, , Opale )_jouer' is clicked on

2022-07-19 12:06:31 - [MESSAGE][PASSED] - Object: 'Object Repository/Page_Concours photo  votez pour la plus bel_494087/input_concat(Votez pour le plus beau chien de la cte d, , Opale )_jouer' is clicked on

2022-07-19 12:06:31 - [TEST_STEP][PASSED] - delay(1): Delayed 1 second(s)

2022-07-19 12:06:32 - [MESSAGE][PASSED] - Delayed 1 second(s)

2022-07-19 12:06:32 - [TEST_STEP][PASSED] - setText(findTestObject("Object Repository/Page_Concours photo  votez pour la plus bel_494087/input_trie par_keyword"), "Gaspard"): Text 'Gaspard' is set on object 'Object Repository/Page_Concours photo  votez pour la plus bel_494087/input_trie par_keyword'

2022-07-19 12:06:35 - [MESSAGE][PASSED] - Text 'Gaspard' is set on object 'Object Repository/Page_Concours photo  votez pour la plus bel_494087/input_trie par_keyword'

2022-07-19 12:06:35 - [TEST_STEP][PASSED] - sendKeys(findTestObject("Page_Concours photo  votez pour la plus bel_494087/input_trie par_keyword"), Keys.chord(ENTER)): Keys 'ENTER + ' sent to object: 'Object Repository/Page_Concours photo  votez pour la plus bel_494087/input_trie par_keyword'

2022-07-19 12:06:36 - [MESSAGE][PASSED] - Keys 'ENTER + ' sent to object: 'Object Repository/Page_Concours photo  votez pour la plus bel_494087/input_trie par_keyword'

2022-07-19 12:06:36 - [TEST_STEP][PASSED] - click(findTestObject("Page_Concours photo  votez pour la plus bel_494087/tri")): Object: 'Object Repository/Page_Concours photo  votez pour la plus bel_494087/tri' is clicked on

2022-07-19 12:06:37 - [MESSAGE][PASSED] - Object: 'Object Repository/Page_Concours photo  votez pour la plus bel_494087/tri' is clicked on

2022-07-19 12:06:37 - [TEST_STEP][PASSED] - click(findTestObject("Page_Concours photo  votez pour la plus bel_494087/plus de votes")): Object: 'Object Repository/Page_Concours photo  votez pour la plus bel_494087/plus de votes' is clicked on

2022-07-19 12:06:38 - [MESSAGE][PASSED] - Object: 'Object Repository/Page_Concours photo  votez pour la plus bel_494087/plus de votes' is clicked on

2022-07-19 12:06:39 - [TEST_STEP][PASSED] - click(findTestObject("Object Repository/Page_Concours photo  votez pour la plus bel_494087/i_Votes_fa fa-heart")): Object: 'Object Repository/Page_Concours photo  votez pour la plus bel_494087/i_Votes_fa fa-heart' is clicked on

2022-07-19 12:06:39 - [MESSAGE][PASSED] - Object: 'Object Repository/Page_Concours photo  votez pour la plus bel_494087/i_Votes_fa fa-heart' is clicked on

2022-07-19 12:06:39 - [TEST_STEP][PASSED] - delay(1): Delayed 1 second(s)

2022-07-19 12:06:40 - [MESSAGE][PASSED] - Delayed 1 second(s)

2022-07-19 12:06:40 - [TEST_STEP][PASSED] - closeBrowser(): Browser is closed

2022-07-19 12:06:41 - [MESSAGE][PASSED] - Browser is closed]]></system-out>
         <system-err><![CDATA[]]></system-err>
      </testcase>
      <testcase name="Test Cases/Vote" time="30.799" classname="Test Cases/Vote" status="PASSED">
         <system-out><![CDATA[2022-07-19 12:06:41 - [TEST_CASE][PASSED] - Test Cases/Vote: Test Cases/Vote

2022-07-19 12:06:41 - [TEST_STEP][PASSED] - openBrowser(""): Browser is opened with url: ''

2022-07-19 12:06:41 - [MESSAGE][INFO] - Starting 'Chrome' driver

2022-07-19 12:06:41 - [MESSAGE][INFO] - Action delay is set to 0 milliseconds

2022-07-19 12:06:42 - [MESSAGE][PASSED] - Browser is opened with url: ''

2022-07-19 12:06:42 - [TEST_STEP][PASSED] - navigateToUrl("https://lesechosdutouquet.nordlittoral.fr/147787/article/2022-06-30/concours-photo-montrez-nous-la-plus-belle-photo-de-votre-chien-en-promenade-sur#l5lb6r47qsmp9ur58y"): Navigate to 'https://lesechosdutouquet.nordlittoral.fr/147787/article/2022-06-30/concours-photo-montrez-nous-la-plus-belle-photo-de-votre-chien-en-promenade-sur#l5lb6r47qsmp9ur58y' successfully

2022-07-19 12:06:44 - [MESSAGE][PASSED] - Navigate to 'https://lesechosdutouquet.nordlittoral.fr/147787/article/2022-06-30/concours-photo-montrez-nous-la-plus-belle-photo-de-votre-chien-en-promenade-sur#l5lb6r47qsmp9ur58y' successfully

2022-07-19 12:06:44 - [TEST_STEP][PASSED] - setViewPortSize(1920, 1080): Viewport is set to new size with width = 1920 and height = 1080

2022-07-19 12:06:45 - [MESSAGE][PASSED] - Viewport is set to new size with width = 1920 and height = 1080

2022-07-19 12:06:45 - [TEST_STEP][PASSED] - click(findTestObject("Object Repository/Page_Concours photo  votez pour la plus bel_494087/button_Accepter  Fermer")): Object: 'Object Repository/Page_Concours photo  votez pour la plus bel_494087/button_Accepter  Fermer' is clicked on

2022-07-19 12:06:46 - [MESSAGE][PASSED] - Object: 'Object Repository/Page_Concours photo  votez pour la plus bel_494087/button_Accepter  Fermer' is clicked on

2022-07-19 12:06:46 - [TEST_STEP][PASSED] - delay(12): Delayed 12 second(s)

2022-07-19 12:06:58 - [MESSAGE][PASSED] - Delayed 12 second(s)

2022-07-19 12:06:58 - [TEST_STEP][PASSED] - click(findTestObject("Object Repository/Page_Concours photo  votez pour la plus bel_494087/a_X")): Object: 'Object Repository/Page_Concours photo  votez pour la plus bel_494087/a_X' is clicked on

2022-07-19 12:06:58 - [MESSAGE][PASSED] - Object: 'Object Repository/Page_Concours photo  votez pour la plus bel_494087/a_X' is clicked on

2022-07-19 12:06:58 - [TEST_STEP][PASSED] - delay(1): Delayed 1 second(s)

2022-07-19 12:06:59 - [MESSAGE][PASSED] - Delayed 1 second(s)

2022-07-19 12:06:59 - [TEST_STEP][PASSED] - click(findTestObject("Object Repository/Page_Concours photo  votez pour la plus bel_494087/input_concat(Votez pour le plus beau chien de la cte d, , Opale )_jouer")): Object: 'Object Repository/Page_Concours photo  votez pour la plus bel_494087/input_concat(Votez pour le plus beau chien de la cte d, , Opale )_jouer' is clicked on

2022-07-19 12:07:00 - [MESSAGE][PASSED] - Object: 'Object Repository/Page_Concours photo  votez pour la plus bel_494087/input_concat(Votez pour le plus beau chien de la cte d, , Opale )_jouer' is clicked on

2022-07-19 12:07:00 - [TEST_STEP][PASSED] - if (verifyElementPresent(findTestObject("Page_Concours photo  votez pour la plus bel_494087/input_concat(Votez pour le plus beau chien de la cte d, , Opale )_jouer"), 1, OPTIONAL)): null

2022-07-19 12:07:01 - [MESSAGE][PASSED] - Object 'Object Repository/Page_Concours photo  votez pour la plus bel_494087/input_concat(Votez pour le plus beau chien de la cte d, , Opale )_jouer' is present

2022-07-19 12:07:01 - [TEST_STEP][PASSED] - click(findTestObject("Object Repository/Page_Concours photo  votez pour la plus bel_494087/input_concat(Votez pour le plus beau chien de la cte d, , Opale )_jouer")): Object: 'Object Repository/Page_Concours photo  votez pour la plus bel_494087/input_concat(Votez pour le plus beau chien de la cte d, , Opale )_jouer' is clicked on

2022-07-19 12:07:02 - [MESSAGE][PASSED] - Object: 'Object Repository/Page_Concours photo  votez pour la plus bel_494087/input_concat(Votez pour le plus beau chien de la cte d, , Opale )_jouer' is clicked on

2022-07-19 12:07:02 - [TEST_STEP][PASSED] - delay(1): Delayed 1 second(s)

2022-07-19 12:07:03 - [MESSAGE][PASSED] - Delayed 1 second(s)

2022-07-19 12:07:03 - [TEST_STEP][PASSED] - setText(findTestObject("Object Repository/Page_Concours photo  votez pour la plus bel_494087/input_trie par_keyword"), "Gaspard"): Text 'Gaspard' is set on object 'Object Repository/Page_Concours photo  votez pour la plus bel_494087/input_trie par_keyword'

2022-07-19 12:07:06 - [MESSAGE][PASSED] - Text 'Gaspard' is set on object 'Object Repository/Page_Concours photo  votez pour la plus bel_494087/input_trie par_keyword'

2022-07-19 12:07:06 - [TEST_STEP][PASSED] - sendKeys(findTestObject("Page_Concours photo  votez pour la plus bel_494087/input_trie par_keyword"), Keys.chord(ENTER)): Keys 'ENTER + ' sent to object: 'Object Repository/Page_Concours photo  votez pour la plus bel_494087/input_trie par_keyword'

2022-07-19 12:07:07 - [MESSAGE][PASSED] - Keys 'ENTER + ' sent to object: 'Object Repository/Page_Concours photo  votez pour la plus bel_494087/input_trie par_keyword'

2022-07-19 12:07:07 - [TEST_STEP][PASSED] - click(findTestObject("Page_Concours photo  votez pour la plus bel_494087/tri")): Object: 'Object Repository/Page_Concours photo  votez pour la plus bel_494087/tri' is clicked on

2022-07-19 12:07:08 - [MESSAGE][PASSED] - Object: 'Object Repository/Page_Concours photo  votez pour la plus bel_494087/tri' is clicked on

2022-07-19 12:07:08 - [TEST_STEP][PASSED] - click(findTestObject("Page_Concours photo  votez pour la plus bel_494087/plus de votes")): Object: 'Object Repository/Page_Concours photo  votez pour la plus bel_494087/plus de votes' is clicked on

2022-07-19 12:07:08 - [MESSAGE][PASSED] - Object: 'Object Repository/Page_Concours photo  votez pour la plus bel_494087/plus de votes' is clicked on

2022-07-19 12:07:10 - [TEST_STEP][PASSED] - click(findTestObject("Object Repository/Page_Concours photo  votez pour la plus bel_494087/i_Votes_fa fa-heart")): Object: 'Object Repository/Page_Concours photo  votez pour la plus bel_494087/i_Votes_fa fa-heart' is clicked on

2022-07-19 12:07:10 - [MESSAGE][PASSED] - Object: 'Object Repository/Page_Concours photo  votez pour la plus bel_494087/i_Votes_fa fa-heart' is clicked on

2022-07-19 12:07:10 - [TEST_STEP][PASSED] - delay(1): Delayed 1 second(s)

2022-07-19 12:07:11 - [MESSAGE][PASSED] - Delayed 1 second(s)

2022-07-19 12:07:11 - [TEST_STEP][PASSED] - closeBrowser(): Browser is closed

2022-07-19 12:07:12 - [MESSAGE][PASSED] - Browser is closed]]></system-out>
         <system-err><![CDATA[]]></system-err>
      </testcase>
      <testcase name="Test Cases/Vote" time="33.262" classname="Test Cases/Vote" status="PASSED">
         <system-out><![CDATA[2022-07-19 12:07:12 - [TEST_CASE][PASSED] - Test Cases/Vote: Test Cases/Vote

2022-07-19 12:07:12 - [TEST_STEP][PASSED] - openBrowser(""): Browser is opened with url: ''

2022-07-19 12:07:12 - [MESSAGE][INFO] - Starting 'Chrome' driver

2022-07-19 12:07:12 - [MESSAGE][INFO] - Action delay is set to 0 milliseconds

2022-07-19 12:07:13 - [MESSAGE][PASSED] - Browser is opened with url: ''

2022-07-19 12:07:13 - [TEST_STEP][PASSED] - navigateToUrl("https://lesechosdutouquet.nordlittoral.fr/147787/article/2022-06-30/concours-photo-montrez-nous-la-plus-belle-photo-de-votre-chien-en-promenade-sur#l5lb6r47qsmp9ur58y"): Navigate to 'https://lesechosdutouquet.nordlittoral.fr/147787/article/2022-06-30/concours-photo-montrez-nous-la-plus-belle-photo-de-votre-chien-en-promenade-sur#l5lb6r47qsmp9ur58y' successfully

2022-07-19 12:07:19 - [MESSAGE][PASSED] - Navigate to 'https://lesechosdutouquet.nordlittoral.fr/147787/article/2022-06-30/concours-photo-montrez-nous-la-plus-belle-photo-de-votre-chien-en-promenade-sur#l5lb6r47qsmp9ur58y' successfully

2022-07-19 12:07:19 - [TEST_STEP][PASSED] - setViewPortSize(1920, 1080): Viewport is set to new size with width = 1920 and height = 1080

2022-07-19 12:07:19 - [MESSAGE][PASSED] - Viewport is set to new size with width = 1920 and height = 1080

2022-07-19 12:07:19 - [TEST_STEP][PASSED] - click(findTestObject("Object Repository/Page_Concours photo  votez pour la plus bel_494087/button_Accepter  Fermer")): Object: 'Object Repository/Page_Concours photo  votez pour la plus bel_494087/button_Accepter  Fermer' is clicked on

2022-07-19 12:07:20 - [MESSAGE][PASSED] - Object: 'Object Repository/Page_Concours photo  votez pour la plus bel_494087/button_Accepter  Fermer' is clicked on

2022-07-19 12:07:20 - [TEST_STEP][PASSED] - delay(12): Delayed 12 second(s)

2022-07-19 12:07:32 - [MESSAGE][PASSED] - Delayed 12 second(s)

2022-07-19 12:07:32 - [TEST_STEP][PASSED] - click(findTestObject("Object Repository/Page_Concours photo  votez pour la plus bel_494087/a_X")): Object: 'Object Repository/Page_Concours photo  votez pour la plus bel_494087/a_X' is clicked on

2022-07-19 12:07:33 - [MESSAGE][PASSED] - Object: 'Object Repository/Page_Concours photo  votez pour la plus bel_494087/a_X' is clicked on

2022-07-19 12:07:33 - [TEST_STEP][PASSED] - delay(1): Delayed 1 second(s)

2022-07-19 12:07:34 - [MESSAGE][PASSED] - Delayed 1 second(s)

2022-07-19 12:07:34 - [TEST_STEP][PASSED] - click(findTestObject("Object Repository/Page_Concours photo  votez pour la plus bel_494087/input_concat(Votez pour le plus beau chien de la cte d, , Opale )_jouer")): Object: 'Object Repository/Page_Concours photo  votez pour la plus bel_494087/input_concat(Votez pour le plus beau chien de la cte d, , Opale )_jouer' is clicked on

2022-07-19 12:07:34 - [MESSAGE][PASSED] - Object: 'Object Repository/Page_Concours photo  votez pour la plus bel_494087/input_concat(Votez pour le plus beau chien de la cte d, , Opale )_jouer' is clicked on

2022-07-19 12:07:34 - [TEST_STEP][PASSED] - if (verifyElementPresent(findTestObject("Page_Concours photo  votez pour la plus bel_494087/input_concat(Votez pour le plus beau chien de la cte d, , Opale )_jouer"), 1, OPTIONAL)): null

2022-07-19 12:07:35 - [MESSAGE][PASSED] - Object 'Object Repository/Page_Concours photo  votez pour la plus bel_494087/input_concat(Votez pour le plus beau chien de la cte d, , Opale )_jouer' is present

2022-07-19 12:07:35 - [TEST_STEP][PASSED] - click(findTestObject("Object Repository/Page_Concours photo  votez pour la plus bel_494087/input_concat(Votez pour le plus beau chien de la cte d, , Opale )_jouer")): Object: 'Object Repository/Page_Concours photo  votez pour la plus bel_494087/input_concat(Votez pour le plus beau chien de la cte d, , Opale )_jouer' is clicked on

2022-07-19 12:07:36 - [MESSAGE][PASSED] - Object: 'Object Repository/Page_Concours photo  votez pour la plus bel_494087/input_concat(Votez pour le plus beau chien de la cte d, , Opale )_jouer' is clicked on

2022-07-19 12:07:36 - [TEST_STEP][PASSED] - delay(1): Delayed 1 second(s)

2022-07-19 12:07:37 - [MESSAGE][PASSED] - Delayed 1 second(s)

2022-07-19 12:07:37 - [TEST_STEP][PASSED] - setText(findTestObject("Object Repository/Page_Concours photo  votez pour la plus bel_494087/input_trie par_keyword"), "Gaspard"): Text 'Gaspard' is set on object 'Object Repository/Page_Concours photo  votez pour la plus bel_494087/input_trie par_keyword'

2022-07-19 12:07:39 - [MESSAGE][PASSED] - Text 'Gaspard' is set on object 'Object Repository/Page_Concours photo  votez pour la plus bel_494087/input_trie par_keyword'

2022-07-19 12:07:39 - [TEST_STEP][PASSED] - sendKeys(findTestObject("Page_Concours photo  votez pour la plus bel_494087/input_trie par_keyword"), Keys.chord(ENTER)): Keys 'ENTER + ' sent to object: 'Object Repository/Page_Concours photo  votez pour la plus bel_494087/input_trie par_keyword'

2022-07-19 12:07:41 - [MESSAGE][PASSED] - Keys 'ENTER + ' sent to object: 'Object Repository/Page_Concours photo  votez pour la plus bel_494087/input_trie par_keyword'

2022-07-19 12:07:41 - [TEST_STEP][PASSED] - click(findTestObject("Page_Concours photo  votez pour la plus bel_494087/tri")): Object: 'Object Repository/Page_Concours photo  votez pour la plus bel_494087/tri' is clicked on

2022-07-19 12:07:42 - [MESSAGE][PASSED] - Object: 'Object Repository/Page_Concours photo  votez pour la plus bel_494087/tri' is clicked on

2022-07-19 12:07:42 - [TEST_STEP][PASSED] - click(findTestObject("Page_Concours photo  votez pour la plus bel_494087/plus de votes")): Object: 'Object Repository/Page_Concours photo  votez pour la plus bel_494087/plus de votes' is clicked on

2022-07-19 12:07:42 - [MESSAGE][PASSED] - Object: 'Object Repository/Page_Concours photo  votez pour la plus bel_494087/plus de votes' is clicked on

2022-07-19 12:07:43 - [TEST_STEP][PASSED] - click(findTestObject("Object Repository/Page_Concours photo  votez pour la plus bel_494087/i_Votes_fa fa-heart")): Object: 'Object Repository/Page_Concours photo  votez pour la plus bel_494087/i_Votes_fa fa-heart' is clicked on

2022-07-19 12:07:44 - [MESSAGE][PASSED] - Object: 'Object Repository/Page_Concours photo  votez pour la plus bel_494087/i_Votes_fa fa-heart' is clicked on

2022-07-19 12:07:44 - [TEST_STEP][PASSED] - delay(1): Delayed 1 second(s)

2022-07-19 12:07:45 - [MESSAGE][PASSED] - Delayed 1 second(s)

2022-07-19 12:07:45 - [TEST_STEP][PASSED] - closeBrowser(): Browser is closed

2022-07-19 12:07:45 - [MESSAGE][PASSED] - Browser is closed]]></system-out>
         <system-err><![CDATA[]]></system-err>
      </testcase>
      <testcase name="Test Cases/Vote" time="33.033" classname="Test Cases/Vote" status="PASSED">
         <system-out><![CDATA[2022-07-19 12:07:45 - [TEST_CASE][PASSED] - Test Cases/Vote: Test Cases/Vote

2022-07-19 12:07:45 - [TEST_STEP][PASSED] - openBrowser(""): Browser is opened with url: ''

2022-07-19 12:07:45 - [MESSAGE][INFO] - Starting 'Chrome' driver

2022-07-19 12:07:45 - [MESSAGE][INFO] - Action delay is set to 0 milliseconds

2022-07-19 12:07:47 - [MESSAGE][PASSED] - Browser is opened with url: ''

2022-07-19 12:07:47 - [TEST_STEP][PASSED] - navigateToUrl("https://lesechosdutouquet.nordlittoral.fr/147787/article/2022-06-30/concours-photo-montrez-nous-la-plus-belle-photo-de-votre-chien-en-promenade-sur#l5lb6r47qsmp9ur58y"): Navigate to 'https://lesechosdutouquet.nordlittoral.fr/147787/article/2022-06-30/concours-photo-montrez-nous-la-plus-belle-photo-de-votre-chien-en-promenade-sur#l5lb6r47qsmp9ur58y' successfully

2022-07-19 12:07:50 - [MESSAGE][PASSED] - Navigate to 'https://lesechosdutouquet.nordlittoral.fr/147787/article/2022-06-30/concours-photo-montrez-nous-la-plus-belle-photo-de-votre-chien-en-promenade-sur#l5lb6r47qsmp9ur58y' successfully

2022-07-19 12:07:50 - [TEST_STEP][PASSED] - setViewPortSize(1920, 1080): Viewport is set to new size with width = 1920 and height = 1080

2022-07-19 12:07:50 - [MESSAGE][PASSED] - Viewport is set to new size with width = 1920 and height = 1080

2022-07-19 12:07:50 - [TEST_STEP][PASSED] - click(findTestObject("Object Repository/Page_Concours photo  votez pour la plus bel_494087/button_Accepter  Fermer")): Object: 'Object Repository/Page_Concours photo  votez pour la plus bel_494087/button_Accepter  Fermer' is clicked on

2022-07-19 12:07:51 - [MESSAGE][PASSED] - Object: 'Object Repository/Page_Concours photo  votez pour la plus bel_494087/button_Accepter  Fermer' is clicked on

2022-07-19 12:07:51 - [TEST_STEP][PASSED] - delay(12): Delayed 12 second(s)

2022-07-19 12:08:03 - [MESSAGE][PASSED] - Delayed 12 second(s)

2022-07-19 12:08:03 - [TEST_STEP][PASSED] - click(findTestObject("Object Repository/Page_Concours photo  votez pour la plus bel_494087/a_X")): Object: 'Object Repository/Page_Concours photo  votez pour la plus bel_494087/a_X' is clicked on

2022-07-19 12:08:03 - [MESSAGE][PASSED] - Object: 'Object Repository/Page_Concours photo  votez pour la plus bel_494087/a_X' is clicked on

2022-07-19 12:08:03 - [TEST_STEP][PASSED] - delay(1): Delayed 1 second(s)

2022-07-19 12:08:04 - [MESSAGE][PASSED] - Delayed 1 second(s)

2022-07-19 12:08:04 - [TEST_STEP][PASSED] - click(findTestObject("Object Repository/Page_Concours photo  votez pour la plus bel_494087/input_concat(Votez pour le plus beau chien de la cte d, , Opale )_jouer")): Object: 'Object Repository/Page_Concours photo  votez pour la plus bel_494087/input_concat(Votez pour le plus beau chien de la cte d, , Opale )_jouer' is clicked on

2022-07-19 12:08:05 - [MESSAGE][PASSED] - Object: 'Object Repository/Page_Concours photo  votez pour la plus bel_494087/input_concat(Votez pour le plus beau chien de la cte d, , Opale )_jouer' is clicked on

2022-07-19 12:08:05 - [TEST_STEP][PASSED] - if (verifyElementPresent(findTestObject("Page_Concours photo  votez pour la plus bel_494087/input_concat(Votez pour le plus beau chien de la cte d, , Opale )_jouer"), 1, OPTIONAL)): null

2022-07-19 12:08:06 - [MESSAGE][PASSED] - Object 'Object Repository/Page_Concours photo  votez pour la plus bel_494087/input_concat(Votez pour le plus beau chien de la cte d, , Opale )_jouer' is present

2022-07-19 12:08:06 - [TEST_STEP][PASSED] - click(findTestObject("Object Repository/Page_Concours photo  votez pour la plus bel_494087/input_concat(Votez pour le plus beau chien de la cte d, , Opale )_jouer")): Object: 'Object Repository/Page_Concours photo  votez pour la plus bel_494087/input_concat(Votez pour le plus beau chien de la cte d, , Opale )_jouer' is clicked on

2022-07-19 12:08:07 - [MESSAGE][PASSED] - Object: 'Object Repository/Page_Concours photo  votez pour la plus bel_494087/input_concat(Votez pour le plus beau chien de la cte d, , Opale )_jouer' is clicked on

2022-07-19 12:08:07 - [TEST_STEP][PASSED] - delay(1): Delayed 1 second(s)

2022-07-19 12:08:08 - [MESSAGE][PASSED] - Delayed 1 second(s)

2022-07-19 12:08:08 - [TEST_STEP][PASSED] - setText(findTestObject("Object Repository/Page_Concours photo  votez pour la plus bel_494087/input_trie par_keyword"), "Gaspard"): Text 'Gaspard' is set on object 'Object Repository/Page_Concours photo  votez pour la plus bel_494087/input_trie par_keyword'

2022-07-19 12:08:13 - [MESSAGE][PASSED] - Text 'Gaspard' is set on object 'Object Repository/Page_Concours photo  votez pour la plus bel_494087/input_trie par_keyword'

2022-07-19 12:08:13 - [TEST_STEP][PASSED] - sendKeys(findTestObject("Page_Concours photo  votez pour la plus bel_494087/input_trie par_keyword"), Keys.chord(ENTER)): Keys 'ENTER + ' sent to object: 'Object Repository/Page_Concours photo  votez pour la plus bel_494087/input_trie par_keyword'

2022-07-19 12:08:13 - [MESSAGE][PASSED] - Keys 'ENTER + ' sent to object: 'Object Repository/Page_Concours photo  votez pour la plus bel_494087/input_trie par_keyword'

2022-07-19 12:08:13 - [TEST_STEP][PASSED] - click(findTestObject("Page_Concours photo  votez pour la plus bel_494087/tri")): Object: 'Object Repository/Page_Concours photo  votez pour la plus bel_494087/tri' is clicked on

2022-07-19 12:08:14 - [MESSAGE][PASSED] - Object: 'Object Repository/Page_Concours photo  votez pour la plus bel_494087/tri' is clicked on

2022-07-19 12:08:14 - [TEST_STEP][PASSED] - click(findTestObject("Page_Concours photo  votez pour la plus bel_494087/plus de votes")): Object: 'Object Repository/Page_Concours photo  votez pour la plus bel_494087/plus de votes' is clicked on

2022-07-19 12:08:15 - [MESSAGE][PASSED] - Object: 'Object Repository/Page_Concours photo  votez pour la plus bel_494087/plus de votes' is clicked on

2022-07-19 12:08:16 - [TEST_STEP][PASSED] - click(findTestObject("Object Repository/Page_Concours photo  votez pour la plus bel_494087/i_Votes_fa fa-heart")): Object: 'Object Repository/Page_Concours photo  votez pour la plus bel_494087/i_Votes_fa fa-heart' is clicked on

2022-07-19 12:08:17 - [MESSAGE][PASSED] - Object: 'Object Repository/Page_Concours photo  votez pour la plus bel_494087/i_Votes_fa fa-heart' is clicked on

2022-07-19 12:08:17 - [TEST_STEP][PASSED] - delay(1): Delayed 1 second(s)

2022-07-19 12:08:18 - [MESSAGE][PASSED] - Delayed 1 second(s)

2022-07-19 12:08:18 - [TEST_STEP][PASSED] - closeBrowser(): Browser is closed

2022-07-19 12:08:18 - [MESSAGE][PASSED] - Browser is closed]]></system-out>
         <system-err><![CDATA[]]></system-err>
      </testcase>
      <testcase name="Test Cases/Vote" time="35.605" classname="Test Cases/Vote" status="PASSED">
         <system-out><![CDATA[2022-07-19 12:08:18 - [TEST_CASE][PASSED] - Test Cases/Vote: Test Cases/Vote

2022-07-19 12:08:18 - [TEST_STEP][PASSED] - openBrowser(""): Browser is opened with url: ''

2022-07-19 12:08:18 - [MESSAGE][INFO] - Starting 'Chrome' driver

2022-07-19 12:08:18 - [MESSAGE][INFO] - Action delay is set to 0 milliseconds

2022-07-19 12:08:19 - [MESSAGE][PASSED] - Browser is opened with url: ''

2022-07-19 12:08:19 - [TEST_STEP][PASSED] - navigateToUrl("https://lesechosdutouquet.nordlittoral.fr/147787/article/2022-06-30/concours-photo-montrez-nous-la-plus-belle-photo-de-votre-chien-en-promenade-sur#l5lb6r47qsmp9ur58y"): Navigate to 'https://lesechosdutouquet.nordlittoral.fr/147787/article/2022-06-30/concours-photo-montrez-nous-la-plus-belle-photo-de-votre-chien-en-promenade-sur#l5lb6r47qsmp9ur58y' successfully

2022-07-19 12:08:25 - [MESSAGE][PASSED] - Navigate to 'https://lesechosdutouquet.nordlittoral.fr/147787/article/2022-06-30/concours-photo-montrez-nous-la-plus-belle-photo-de-votre-chien-en-promenade-sur#l5lb6r47qsmp9ur58y' successfully

2022-07-19 12:08:25 - [TEST_STEP][PASSED] - setViewPortSize(1920, 1080): Viewport is set to new size with width = 1920 and height = 1080

2022-07-19 12:08:26 - [MESSAGE][PASSED] - Viewport is set to new size with width = 1920 and height = 1080

2022-07-19 12:08:26 - [TEST_STEP][PASSED] - click(findTestObject("Object Repository/Page_Concours photo  votez pour la plus bel_494087/button_Accepter  Fermer")): Object: 'Object Repository/Page_Concours photo  votez pour la plus bel_494087/button_Accepter  Fermer' is clicked on

2022-07-19 12:08:27 - [MESSAGE][PASSED] - Object: 'Object Repository/Page_Concours photo  votez pour la plus bel_494087/button_Accepter  Fermer' is clicked on

2022-07-19 12:08:27 - [TEST_STEP][PASSED] - delay(12): Delayed 12 second(s)

2022-07-19 12:08:39 - [MESSAGE][PASSED] - Delayed 12 second(s)

2022-07-19 12:08:39 - [TEST_STEP][PASSED] - click(findTestObject("Object Repository/Page_Concours photo  votez pour la plus bel_494087/a_X")): Object: 'Object Repository/Page_Concours photo  votez pour la plus bel_494087/a_X' is clicked on

2022-07-19 12:08:39 - [MESSAGE][PASSED] - Object: 'Object Repository/Page_Concours photo  votez pour la plus bel_494087/a_X' is clicked on

2022-07-19 12:08:39 - [TEST_STEP][PASSED] - delay(1): Delayed 1 second(s)

2022-07-19 12:08:40 - [MESSAGE][PASSED] - Delayed 1 second(s)

2022-07-19 12:08:40 - [TEST_STEP][PASSED] - click(findTestObject("Object Repository/Page_Concours photo  votez pour la plus bel_494087/input_concat(Votez pour le plus beau chien de la cte d, , Opale )_jouer")): Object: 'Object Repository/Page_Concours photo  votez pour la plus bel_494087/input_concat(Votez pour le plus beau chien de la cte d, , Opale )_jouer' is clicked on

2022-07-19 12:08:41 - [MESSAGE][PASSED] - Object: 'Object Repository/Page_Concours photo  votez pour la plus bel_494087/input_concat(Votez pour le plus beau chien de la cte d, , Opale )_jouer' is clicked on

2022-07-19 12:08:41 - [TEST_STEP][PASSED] - if (verifyElementPresent(findTestObject("Page_Concours photo  votez pour la plus bel_494087/input_concat(Votez pour le plus beau chien de la cte d, , Opale )_jouer"), 1, OPTIONAL)): null

2022-07-19 12:08:42 - [MESSAGE][PASSED] - Object 'Object Repository/Page_Concours photo  votez pour la plus bel_494087/input_concat(Votez pour le plus beau chien de la cte d, , Opale )_jouer' is present

2022-07-19 12:08:42 - [TEST_STEP][PASSED] - click(findTestObject("Object Repository/Page_Concours photo  votez pour la plus bel_494087/input_concat(Votez pour le plus beau chien de la cte d, , Opale )_jouer")): Object: 'Object Repository/Page_Concours photo  votez pour la plus bel_494087/input_concat(Votez pour le plus beau chien de la cte d, , Opale )_jouer' is clicked on

2022-07-19 12:08:42 - [MESSAGE][PASSED] - Object: 'Object Repository/Page_Concours photo  votez pour la plus bel_494087/input_concat(Votez pour le plus beau chien de la cte d, , Opale )_jouer' is clicked on

2022-07-19 12:08:42 - [TEST_STEP][PASSED] - delay(1): Delayed 1 second(s)

2022-07-19 12:08:43 - [MESSAGE][PASSED] - Delayed 1 second(s)

2022-07-19 12:08:43 - [TEST_STEP][PASSED] - setText(findTestObject("Object Repository/Page_Concours photo  votez pour la plus bel_494087/input_trie par_keyword"), "Gaspard"): Text 'Gaspard' is set on object 'Object Repository/Page_Concours photo  votez pour la plus bel_494087/input_trie par_keyword'

2022-07-19 12:08:47 - [MESSAGE][PASSED] - Text 'Gaspard' is set on object 'Object Repository/Page_Concours photo  votez pour la plus bel_494087/input_trie par_keyword'

2022-07-19 12:08:47 - [TEST_STEP][PASSED] - sendKeys(findTestObject("Page_Concours photo  votez pour la plus bel_494087/input_trie par_keyword"), Keys.chord(ENTER)): Keys 'ENTER + ' sent to object: 'Object Repository/Page_Concours photo  votez pour la plus bel_494087/input_trie par_keyword'

2022-07-19 12:08:48 - [MESSAGE][PASSED] - Keys 'ENTER + ' sent to object: 'Object Repository/Page_Concours photo  votez pour la plus bel_494087/input_trie par_keyword'

2022-07-19 12:08:48 - [TEST_STEP][PASSED] - click(findTestObject("Page_Concours photo  votez pour la plus bel_494087/tri")): Object: 'Object Repository/Page_Concours photo  votez pour la plus bel_494087/tri' is clicked on

2022-07-19 12:08:49 - [MESSAGE][PASSED] - Object: 'Object Repository/Page_Concours photo  votez pour la plus bel_494087/tri' is clicked on

2022-07-19 12:08:49 - [TEST_STEP][PASSED] - click(findTestObject("Page_Concours photo  votez pour la plus bel_494087/plus de votes")): Object: 'Object Repository/Page_Concours photo  votez pour la plus bel_494087/plus de votes' is clicked on

2022-07-19 12:08:50 - [MESSAGE][PASSED] - Object: 'Object Repository/Page_Concours photo  votez pour la plus bel_494087/plus de votes' is clicked on

2022-07-19 12:08:52 - [TEST_STEP][PASSED] - click(findTestObject("Object Repository/Page_Concours photo  votez pour la plus bel_494087/i_Votes_fa fa-heart")): Object: 'Object Repository/Page_Concours photo  votez pour la plus bel_494087/i_Votes_fa fa-heart' is clicked on

2022-07-19 12:08:52 - [MESSAGE][PASSED] - Object: 'Object Repository/Page_Concours photo  votez pour la plus bel_494087/i_Votes_fa fa-heart' is clicked on

2022-07-19 12:08:52 - [TEST_STEP][PASSED] - delay(1): Delayed 1 second(s)

2022-07-19 12:08:53 - [MESSAGE][PASSED] - Delayed 1 second(s)

2022-07-19 12:08:53 - [TEST_STEP][PASSED] - closeBrowser(): Browser is closed

2022-07-19 12:08:53 - [MESSAGE][PASSED] - Browser is closed]]></system-out>
         <system-err><![CDATA[]]></system-err>
      </testcase>
      <testcase name="Test Cases/Vote" time="30.373" classname="Test Cases/Vote" status="PASSED">
         <system-out><![CDATA[2022-07-19 12:08:54 - [TEST_CASE][PASSED] - Test Cases/Vote: Test Cases/Vote

2022-07-19 12:08:54 - [TEST_STEP][PASSED] - openBrowser(""): Browser is opened with url: ''

2022-07-19 12:08:54 - [MESSAGE][INFO] - Starting 'Chrome' driver

2022-07-19 12:08:54 - [MESSAGE][INFO] - Action delay is set to 0 milliseconds

2022-07-19 12:08:55 - [MESSAGE][PASSED] - Browser is opened with url: ''

2022-07-19 12:08:55 - [TEST_STEP][PASSED] - navigateToUrl("https://lesechosdutouquet.nordlittoral.fr/147787/article/2022-06-30/concours-photo-montrez-nous-la-plus-belle-photo-de-votre-chien-en-promenade-sur#l5lb6r47qsmp9ur58y"): Navigate to 'https://lesechosdutouquet.nordlittoral.fr/147787/article/2022-06-30/concours-photo-montrez-nous-la-plus-belle-photo-de-votre-chien-en-promenade-sur#l5lb6r47qsmp9ur58y' successfully

2022-07-19 12:08:58 - [MESSAGE][PASSED] - Navigate to 'https://lesechosdutouquet.nordlittoral.fr/147787/article/2022-06-30/concours-photo-montrez-nous-la-plus-belle-photo-de-votre-chien-en-promenade-sur#l5lb6r47qsmp9ur58y' successfully

2022-07-19 12:08:58 - [TEST_STEP][PASSED] - setViewPortSize(1920, 1080): Viewport is set to new size with width = 1920 and height = 1080

2022-07-19 12:08:58 - [MESSAGE][PASSED] - Viewport is set to new size with width = 1920 and height = 1080

2022-07-19 12:08:58 - [TEST_STEP][PASSED] - click(findTestObject("Object Repository/Page_Concours photo  votez pour la plus bel_494087/button_Accepter  Fermer")): Object: 'Object Repository/Page_Concours photo  votez pour la plus bel_494087/button_Accepter  Fermer' is clicked on

2022-07-19 12:09:00 - [MESSAGE][PASSED] - Object: 'Object Repository/Page_Concours photo  votez pour la plus bel_494087/button_Accepter  Fermer' is clicked on

2022-07-19 12:09:00 - [TEST_STEP][PASSED] - delay(12): Delayed 12 second(s)

2022-07-19 12:09:12 - [MESSAGE][PASSED] - Delayed 12 second(s)

2022-07-19 12:09:12 - [TEST_STEP][PASSED] - click(findTestObject("Object Repository/Page_Concours photo  votez pour la plus bel_494087/a_X")): Object: 'Object Repository/Page_Concours photo  votez pour la plus bel_494087/a_X' is clicked on

2022-07-19 12:09:12 - [MESSAGE][PASSED] - Object: 'Object Repository/Page_Concours photo  votez pour la plus bel_494087/a_X' is clicked on

2022-07-19 12:09:12 - [TEST_STEP][PASSED] - delay(1): Delayed 1 second(s)

2022-07-19 12:09:13 - [MESSAGE][PASSED] - Delayed 1 second(s)

2022-07-19 12:09:13 - [TEST_STEP][PASSED] - click(findTestObject("Object Repository/Page_Concours photo  votez pour la plus bel_494087/input_concat(Votez pour le plus beau chien de la cte d, , Opale )_jouer")): Object: 'Object Repository/Page_Concours photo  votez pour la plus bel_494087/input_concat(Votez pour le plus beau chien de la cte d, , Opale )_jouer' is clicked on

2022-07-19 12:09:14 - [MESSAGE][PASSED] - Object: 'Object Repository/Page_Concours photo  votez pour la plus bel_494087/input_concat(Votez pour le plus beau chien de la cte d, , Opale )_jouer' is clicked on

2022-07-19 12:09:14 - [TEST_STEP][PASSED] - if (verifyElementPresent(findTestObject("Page_Concours photo  votez pour la plus bel_494087/input_concat(Votez pour le plus beau chien de la cte d, , Opale )_jouer"), 1, OPTIONAL)): null

2022-07-19 12:09:15 - [MESSAGE][PASSED] - Object 'Object Repository/Page_Concours photo  votez pour la plus bel_494087/input_concat(Votez pour le plus beau chien de la cte d, , Opale )_jouer' is present

2022-07-19 12:09:15 - [TEST_STEP][PASSED] - click(findTestObject("Object Repository/Page_Concours photo  votez pour la plus bel_494087/input_concat(Votez pour le plus beau chien de la cte d, , Opale )_jouer")): Object: 'Object Repository/Page_Concours photo  votez pour la plus bel_494087/input_concat(Votez pour le plus beau chien de la cte d, , Opale )_jouer' is clicked on

2022-07-19 12:09:16 - [MESSAGE][PASSED] - Object: 'Object Repository/Page_Concours photo  votez pour la plus bel_494087/input_concat(Votez pour le plus beau chien de la cte d, , Opale )_jouer' is clicked on

2022-07-19 12:09:16 - [TEST_STEP][PASSED] - delay(1): Delayed 1 second(s)

2022-07-19 12:09:17 - [MESSAGE][PASSED] - Delayed 1 second(s)

2022-07-19 12:09:17 - [TEST_STEP][PASSED] - setText(findTestObject("Object Repository/Page_Concours photo  votez pour la plus bel_494087/input_trie par_keyword"), "Gaspard"): Text 'Gaspard' is set on object 'Object Repository/Page_Concours photo  votez pour la plus bel_494087/input_trie par_keyword'

2022-07-19 12:09:18 - [MESSAGE][PASSED] - Text 'Gaspard' is set on object 'Object Repository/Page_Concours photo  votez pour la plus bel_494087/input_trie par_keyword'

2022-07-19 12:09:18 - [TEST_STEP][PASSED] - sendKeys(findTestObject("Page_Concours photo  votez pour la plus bel_494087/input_trie par_keyword"), Keys.chord(ENTER)): Keys 'ENTER + ' sent to object: 'Object Repository/Page_Concours photo  votez pour la plus bel_494087/input_trie par_keyword'

2022-07-19 12:09:20 - [MESSAGE][PASSED] - Keys 'ENTER + ' sent to object: 'Object Repository/Page_Concours photo  votez pour la plus bel_494087/input_trie par_keyword'

2022-07-19 12:09:20 - [TEST_STEP][PASSED] - click(findTestObject("Page_Concours photo  votez pour la plus bel_494087/tri")): Object: 'Object Repository/Page_Concours photo  votez pour la plus bel_494087/tri' is clicked on

2022-07-19 12:09:20 - [MESSAGE][PASSED] - Object: 'Object Repository/Page_Concours photo  votez pour la plus bel_494087/tri' is clicked on

2022-07-19 12:09:20 - [TEST_STEP][PASSED] - click(findTestObject("Page_Concours photo  votez pour la plus bel_494087/plus de votes")): Object: 'Object Repository/Page_Concours photo  votez pour la plus bel_494087/plus de votes' is clicked on

2022-07-19 12:09:21 - [MESSAGE][PASSED] - Object: 'Object Repository/Page_Concours photo  votez pour la plus bel_494087/plus de votes' is clicked on

2022-07-19 12:09:22 - [TEST_STEP][PASSED] - click(findTestObject("Object Repository/Page_Concours photo  votez pour la plus bel_494087/i_Votes_fa fa-heart")): Object: 'Object Repository/Page_Concours photo  votez pour la plus bel_494087/i_Votes_fa fa-heart' is clicked on

2022-07-19 12:09:22 - [MESSAGE][PASSED] - Object: 'Object Repository/Page_Concours photo  votez pour la plus bel_494087/i_Votes_fa fa-heart' is clicked on

2022-07-19 12:09:22 - [TEST_STEP][PASSED] - delay(1): Delayed 1 second(s)

2022-07-19 12:09:23 - [MESSAGE][PASSED] - Delayed 1 second(s)

2022-07-19 12:09:23 - [TEST_STEP][PASSED] - closeBrowser(): Browser is closed

2022-07-19 12:09:24 - [MESSAGE][PASSED] - Browser is closed]]></system-out>
         <system-err><![CDATA[]]></system-err>
      </testcase>
      <testcase name="Test Cases/Vote" time="32.676" classname="Test Cases/Vote" status="PASSED">
         <system-out><![CDATA[2022-07-19 12:09:24 - [TEST_CASE][PASSED] - Test Cases/Vote: Test Cases/Vote

2022-07-19 12:09:24 - [TEST_STEP][PASSED] - openBrowser(""): Browser is opened with url: ''

2022-07-19 12:09:24 - [MESSAGE][INFO] - Starting 'Chrome' driver

2022-07-19 12:09:24 - [MESSAGE][INFO] - Action delay is set to 0 milliseconds

2022-07-19 12:09:25 - [MESSAGE][PASSED] - Browser is opened with url: ''

2022-07-19 12:09:25 - [TEST_STEP][PASSED] - navigateToUrl("https://lesechosdutouquet.nordlittoral.fr/147787/article/2022-06-30/concours-photo-montrez-nous-la-plus-belle-photo-de-votre-chien-en-promenade-sur#l5lb6r47qsmp9ur58y"): Navigate to 'https://lesechosdutouquet.nordlittoral.fr/147787/article/2022-06-30/concours-photo-montrez-nous-la-plus-belle-photo-de-votre-chien-en-promenade-sur#l5lb6r47qsmp9ur58y' successfully

2022-07-19 12:09:29 - [MESSAGE][PASSED] - Navigate to 'https://lesechosdutouquet.nordlittoral.fr/147787/article/2022-06-30/concours-photo-montrez-nous-la-plus-belle-photo-de-votre-chien-en-promenade-sur#l5lb6r47qsmp9ur58y' successfully

2022-07-19 12:09:29 - [TEST_STEP][PASSED] - setViewPortSize(1920, 1080): Viewport is set to new size with width = 1920 and height = 1080

2022-07-19 12:09:29 - [MESSAGE][PASSED] - Viewport is set to new size with width = 1920 and height = 1080

2022-07-19 12:09:29 - [TEST_STEP][PASSED] - click(findTestObject("Object Repository/Page_Concours photo  votez pour la plus bel_494087/button_Accepter  Fermer")): Object: 'Object Repository/Page_Concours photo  votez pour la plus bel_494087/button_Accepter  Fermer' is clicked on

2022-07-19 12:09:30 - [MESSAGE][PASSED] - Object: 'Object Repository/Page_Concours photo  votez pour la plus bel_494087/button_Accepter  Fermer' is clicked on

2022-07-19 12:09:30 - [TEST_STEP][PASSED] - delay(12): Delayed 12 second(s)

2022-07-19 12:09:42 - [MESSAGE][PASSED] - Delayed 12 second(s)

2022-07-19 12:09:42 - [TEST_STEP][PASSED] - click(findTestObject("Object Repository/Page_Concours photo  votez pour la plus bel_494087/a_X")): Object: 'Object Repository/Page_Concours photo  votez pour la plus bel_494087/a_X' is clicked on

2022-07-19 12:09:42 - [MESSAGE][PASSED] - Object: 'Object Repository/Page_Concours photo  votez pour la plus bel_494087/a_X' is clicked on

2022-07-19 12:09:42 - [TEST_STEP][PASSED] - delay(1): Delayed 1 second(s)

2022-07-19 12:09:43 - [MESSAGE][PASSED] - Delayed 1 second(s)

2022-07-19 12:09:43 - [TEST_STEP][PASSED] - click(findTestObject("Object Repository/Page_Concours photo  votez pour la plus bel_494087/input_concat(Votez pour le plus beau chien de la cte d, , Opale )_jouer")): Object: 'Object Repository/Page_Concours photo  votez pour la plus bel_494087/input_concat(Votez pour le plus beau chien de la cte d, , Opale )_jouer' is clicked on

2022-07-19 12:09:44 - [MESSAGE][PASSED] - Object: 'Object Repository/Page_Concours photo  votez pour la plus bel_494087/input_concat(Votez pour le plus beau chien de la cte d, , Opale )_jouer' is clicked on

2022-07-19 12:09:44 - [TEST_STEP][PASSED] - if (verifyElementPresent(findTestObject("Page_Concours photo  votez pour la plus bel_494087/input_concat(Votez pour le plus beau chien de la cte d, , Opale )_jouer"), 1, OPTIONAL)): null

2022-07-19 12:09:45 - [MESSAGE][PASSED] - Object 'Object Repository/Page_Concours photo  votez pour la plus bel_494087/input_concat(Votez pour le plus beau chien de la cte d, , Opale )_jouer' is present

2022-07-19 12:09:45 - [TEST_STEP][PASSED] - click(findTestObject("Object Repository/Page_Concours photo  votez pour la plus bel_494087/input_concat(Votez pour le plus beau chien de la cte d, , Opale )_jouer")): Object: 'Object Repository/Page_Concours photo  votez pour la plus bel_494087/input_concat(Votez pour le plus beau chien de la cte d, , Opale )_jouer' is clicked on

2022-07-19 12:09:46 - [MESSAGE][PASSED] - Object: 'Object Repository/Page_Concours photo  votez pour la plus bel_494087/input_concat(Votez pour le plus beau chien de la cte d, , Opale )_jouer' is clicked on

2022-07-19 12:09:46 - [TEST_STEP][PASSED] - delay(1): Delayed 1 second(s)

2022-07-19 12:09:47 - [MESSAGE][PASSED] - Delayed 1 second(s)

2022-07-19 12:09:47 - [TEST_STEP][PASSED] - setText(findTestObject("Object Repository/Page_Concours photo  votez pour la plus bel_494087/input_trie par_keyword"), "Gaspard"): Text 'Gaspard' is set on object 'Object Repository/Page_Concours photo  votez pour la plus bel_494087/input_trie par_keyword'

2022-07-19 12:09:51 - [MESSAGE][PASSED] - Text 'Gaspard' is set on object 'Object Repository/Page_Concours photo  votez pour la plus bel_494087/input_trie par_keyword'

2022-07-19 12:09:51 - [TEST_STEP][PASSED] - sendKeys(findTestObject("Page_Concours photo  votez pour la plus bel_494087/input_trie par_keyword"), Keys.chord(ENTER)): Keys 'ENTER + ' sent to object: 'Object Repository/Page_Concours photo  votez pour la plus bel_494087/input_trie par_keyword'

2022-07-19 12:09:52 - [MESSAGE][PASSED] - Keys 'ENTER + ' sent to object: 'Object Repository/Page_Concours photo  votez pour la plus bel_494087/input_trie par_keyword'

2022-07-19 12:09:52 - [TEST_STEP][PASSED] - click(findTestObject("Page_Concours photo  votez pour la plus bel_494087/tri")): Object: 'Object Repository/Page_Concours photo  votez pour la plus bel_494087/tri' is clicked on

2022-07-19 12:09:53 - [MESSAGE][PASSED] - Object: 'Object Repository/Page_Concours photo  votez pour la plus bel_494087/tri' is clicked on

2022-07-19 12:09:53 - [TEST_STEP][PASSED] - click(findTestObject("Page_Concours photo  votez pour la plus bel_494087/plus de votes")): Object: 'Object Repository/Page_Concours photo  votez pour la plus bel_494087/plus de votes' is clicked on

2022-07-19 12:09:54 - [MESSAGE][PASSED] - Object: 'Object Repository/Page_Concours photo  votez pour la plus bel_494087/plus de votes' is clicked on

2022-07-19 12:09:55 - [TEST_STEP][PASSED] - click(findTestObject("Object Repository/Page_Concours photo  votez pour la plus bel_494087/i_Votes_fa fa-heart")): Object: 'Object Repository/Page_Concours photo  votez pour la plus bel_494087/i_Votes_fa fa-heart' is clicked on

2022-07-19 12:09:55 - [MESSAGE][PASSED] - Object: 'Object Repository/Page_Concours photo  votez pour la plus bel_494087/i_Votes_fa fa-heart' is clicked on

2022-07-19 12:09:55 - [TEST_STEP][PASSED] - delay(1): Delayed 1 second(s)

2022-07-19 12:09:56 - [MESSAGE][PASSED] - Delayed 1 second(s)

2022-07-19 12:09:56 - [TEST_STEP][PASSED] - closeBrowser(): Browser is closed

2022-07-19 12:09:57 - [MESSAGE][PASSED] - Browser is closed]]></system-out>
         <system-err><![CDATA[]]></system-err>
      </testcase>
      <testcase name="Test Cases/Vote" time="30.599" classname="Test Cases/Vote" status="PASSED">
         <system-out><![CDATA[2022-07-19 12:09:57 - [TEST_CASE][PASSED] - Test Cases/Vote: Test Cases/Vote

2022-07-19 12:09:57 - [TEST_STEP][PASSED] - openBrowser(""): Browser is opened with url: ''

2022-07-19 12:09:57 - [MESSAGE][INFO] - Starting 'Chrome' driver

2022-07-19 12:09:57 - [MESSAGE][INFO] - Action delay is set to 0 milliseconds

2022-07-19 12:09:58 - [MESSAGE][PASSED] - Browser is opened with url: ''

2022-07-19 12:09:58 - [TEST_STEP][PASSED] - navigateToUrl("https://lesechosdutouquet.nordlittoral.fr/147787/article/2022-06-30/concours-photo-montrez-nous-la-plus-belle-photo-de-votre-chien-en-promenade-sur#l5lb6r47qsmp9ur58y"): Navigate to 'https://lesechosdutouquet.nordlittoral.fr/147787/article/2022-06-30/concours-photo-montrez-nous-la-plus-belle-photo-de-votre-chien-en-promenade-sur#l5lb6r47qsmp9ur58y' successfully

2022-07-19 12:10:00 - [MESSAGE][PASSED] - Navigate to 'https://lesechosdutouquet.nordlittoral.fr/147787/article/2022-06-30/concours-photo-montrez-nous-la-plus-belle-photo-de-votre-chien-en-promenade-sur#l5lb6r47qsmp9ur58y' successfully

2022-07-19 12:10:00 - [TEST_STEP][PASSED] - setViewPortSize(1920, 1080): Viewport is set to new size with width = 1920 and height = 1080

2022-07-19 12:10:01 - [MESSAGE][PASSED] - Viewport is set to new size with width = 1920 and height = 1080

2022-07-19 12:10:01 - [TEST_STEP][PASSED] - click(findTestObject("Object Repository/Page_Concours photo  votez pour la plus bel_494087/button_Accepter  Fermer")): Object: 'Object Repository/Page_Concours photo  votez pour la plus bel_494087/button_Accepter  Fermer' is clicked on

2022-07-19 12:10:02 - [MESSAGE][PASSED] - Object: 'Object Repository/Page_Concours photo  votez pour la plus bel_494087/button_Accepter  Fermer' is clicked on

2022-07-19 12:10:02 - [TEST_STEP][PASSED] - delay(12): Delayed 12 second(s)

2022-07-19 12:10:14 - [MESSAGE][PASSED] - Delayed 12 second(s)

2022-07-19 12:10:14 - [TEST_STEP][PASSED] - click(findTestObject("Object Repository/Page_Concours photo  votez pour la plus bel_494087/a_X")): Object: 'Object Repository/Page_Concours photo  votez pour la plus bel_494087/a_X' is clicked on

2022-07-19 12:10:14 - [MESSAGE][PASSED] - Object: 'Object Repository/Page_Concours photo  votez pour la plus bel_494087/a_X' is clicked on

2022-07-19 12:10:14 - [TEST_STEP][PASSED] - delay(1): Delayed 1 second(s)

2022-07-19 12:10:15 - [MESSAGE][PASSED] - Delayed 1 second(s)

2022-07-19 12:10:15 - [TEST_STEP][PASSED] - click(findTestObject("Object Repository/Page_Concours photo  votez pour la plus bel_494087/input_concat(Votez pour le plus beau chien de la cte d, , Opale )_jouer")): Object: 'Object Repository/Page_Concours photo  votez pour la plus bel_494087/input_concat(Votez pour le plus beau chien de la cte d, , Opale )_jouer' is clicked on

2022-07-19 12:10:16 - [MESSAGE][PASSED] - Object: 'Object Repository/Page_Concours photo  votez pour la plus bel_494087/input_concat(Votez pour le plus beau chien de la cte d, , Opale )_jouer' is clicked on

2022-07-19 12:10:16 - [TEST_STEP][PASSED] - if (verifyElementPresent(findTestObject("Page_Concours photo  votez pour la plus bel_494087/input_concat(Votez pour le plus beau chien de la cte d, , Opale )_jouer"), 1, OPTIONAL)): null

2022-07-19 12:10:17 - [MESSAGE][PASSED] - Object 'Object Repository/Page_Concours photo  votez pour la plus bel_494087/input_concat(Votez pour le plus beau chien de la cte d, , Opale )_jouer' is present

2022-07-19 12:10:17 - [TEST_STEP][PASSED] - click(findTestObject("Object Repository/Page_Concours photo  votez pour la plus bel_494087/input_concat(Votez pour le plus beau chien de la cte d, , Opale )_jouer")): Object: 'Object Repository/Page_Concours photo  votez pour la plus bel_494087/input_concat(Votez pour le plus beau chien de la cte d, , Opale )_jouer' is clicked on

2022-07-19 12:10:18 - [MESSAGE][PASSED] - Object: 'Object Repository/Page_Concours photo  votez pour la plus bel_494087/input_concat(Votez pour le plus beau chien de la cte d, , Opale )_jouer' is clicked on

2022-07-19 12:10:18 - [TEST_STEP][PASSED] - delay(1): Delayed 1 second(s)

2022-07-19 12:10:19 - [MESSAGE][PASSED] - Delayed 1 second(s)

2022-07-19 12:10:19 - [TEST_STEP][PASSED] - setText(findTestObject("Object Repository/Page_Concours photo  votez pour la plus bel_494087/input_trie par_keyword"), "Gaspard"): Text 'Gaspard' is set on object 'Object Repository/Page_Concours photo  votez pour la plus bel_494087/input_trie par_keyword'

2022-07-19 12:10:21 - [MESSAGE][PASSED] - Text 'Gaspard' is set on object 'Object Repository/Page_Concours photo  votez pour la plus bel_494087/input_trie par_keyword'

2022-07-19 12:10:21 - [TEST_STEP][PASSED] - sendKeys(findTestObject("Page_Concours photo  votez pour la plus bel_494087/input_trie par_keyword"), Keys.chord(ENTER)): Keys 'ENTER + ' sent to object: 'Object Repository/Page_Concours photo  votez pour la plus bel_494087/input_trie par_keyword'

2022-07-19 12:10:23 - [MESSAGE][PASSED] - Keys 'ENTER + ' sent to object: 'Object Repository/Page_Concours photo  votez pour la plus bel_494087/input_trie par_keyword'

2022-07-19 12:10:23 - [TEST_STEP][PASSED] - click(findTestObject("Page_Concours photo  votez pour la plus bel_494087/tri")): Object: 'Object Repository/Page_Concours photo  votez pour la plus bel_494087/tri' is clicked on

2022-07-19 12:10:24 - [MESSAGE][PASSED] - Object: 'Object Repository/Page_Concours photo  votez pour la plus bel_494087/tri' is clicked on

2022-07-19 12:10:24 - [TEST_STEP][PASSED] - click(findTestObject("Page_Concours photo  votez pour la plus bel_494087/plus de votes")): Object: 'Object Repository/Page_Concours photo  votez pour la plus bel_494087/plus de votes' is clicked on

2022-07-19 12:10:24 - [MESSAGE][PASSED] - Object: 'Object Repository/Page_Concours photo  votez pour la plus bel_494087/plus de votes' is clicked on

2022-07-19 12:10:25 - [TEST_STEP][PASSED] - click(findTestObject("Object Repository/Page_Concours photo  votez pour la plus bel_494087/i_Votes_fa fa-heart")): Object: 'Object Repository/Page_Concours photo  votez pour la plus bel_494087/i_Votes_fa fa-heart' is clicked on

2022-07-19 12:10:26 - [MESSAGE][PASSED] - Object: 'Object Repository/Page_Concours photo  votez pour la plus bel_494087/i_Votes_fa fa-heart' is clicked on

2022-07-19 12:10:26 - [TEST_STEP][PASSED] - delay(1): Delayed 1 second(s)

2022-07-19 12:10:27 - [MESSAGE][PASSED] - Delayed 1 second(s)

2022-07-19 12:10:27 - [TEST_STEP][PASSED] - closeBrowser(): Browser is closed

2022-07-19 12:10:27 - [MESSAGE][PASSED] - Browser is closed]]></system-out>
         <system-err><![CDATA[]]></system-err>
      </testcase>
      <testcase name="Test Cases/Vote" time="36.102" classname="Test Cases/Vote" status="PASSED">
         <system-out><![CDATA[2022-07-19 12:10:27 - [TEST_CASE][PASSED] - Test Cases/Vote: Test Cases/Vote

2022-07-19 12:10:27 - [TEST_STEP][PASSED] - openBrowser(""): Browser is opened with url: ''

2022-07-19 12:10:27 - [MESSAGE][INFO] - Starting 'Chrome' driver

2022-07-19 12:10:27 - [MESSAGE][INFO] - Action delay is set to 0 milliseconds

2022-07-19 12:10:28 - [MESSAGE][PASSED] - Browser is opened with url: ''

2022-07-19 12:10:28 - [TEST_STEP][PASSED] - navigateToUrl("https://lesechosdutouquet.nordlittoral.fr/147787/article/2022-06-30/concours-photo-montrez-nous-la-plus-belle-photo-de-votre-chien-en-promenade-sur#l5lb6r47qsmp9ur58y"): Navigate to 'https://lesechosdutouquet.nordlittoral.fr/147787/article/2022-06-30/concours-photo-montrez-nous-la-plus-belle-photo-de-votre-chien-en-promenade-sur#l5lb6r47qsmp9ur58y' successfully

2022-07-19 12:10:37 - [MESSAGE][PASSED] - Navigate to 'https://lesechosdutouquet.nordlittoral.fr/147787/article/2022-06-30/concours-photo-montrez-nous-la-plus-belle-photo-de-votre-chien-en-promenade-sur#l5lb6r47qsmp9ur58y' successfully

2022-07-19 12:10:37 - [TEST_STEP][PASSED] - setViewPortSize(1920, 1080): Viewport is set to new size with width = 1920 and height = 1080

2022-07-19 12:10:37 - [MESSAGE][PASSED] - Viewport is set to new size with width = 1920 and height = 1080

2022-07-19 12:10:37 - [TEST_STEP][PASSED] - click(findTestObject("Object Repository/Page_Concours photo  votez pour la plus bel_494087/button_Accepter  Fermer")): Object: 'Object Repository/Page_Concours photo  votez pour la plus bel_494087/button_Accepter  Fermer' is clicked on

2022-07-19 12:10:38 - [MESSAGE][PASSED] - Object: 'Object Repository/Page_Concours photo  votez pour la plus bel_494087/button_Accepter  Fermer' is clicked on

2022-07-19 12:10:38 - [TEST_STEP][PASSED] - delay(12): Delayed 12 second(s)

2022-07-19 12:10:50 - [MESSAGE][PASSED] - Delayed 12 second(s)

2022-07-19 12:10:50 - [TEST_STEP][PASSED] - click(findTestObject("Object Repository/Page_Concours photo  votez pour la plus bel_494087/a_X")): Object: 'Object Repository/Page_Concours photo  votez pour la plus bel_494087/a_X' is clicked on

2022-07-19 12:10:51 - [MESSAGE][PASSED] - Object: 'Object Repository/Page_Concours photo  votez pour la plus bel_494087/a_X' is clicked on

2022-07-19 12:10:51 - [TEST_STEP][PASSED] - delay(1): Delayed 1 second(s)

2022-07-19 12:10:52 - [MESSAGE][PASSED] - Delayed 1 second(s)

2022-07-19 12:10:52 - [TEST_STEP][PASSED] - click(findTestObject("Object Repository/Page_Concours photo  votez pour la plus bel_494087/input_concat(Votez pour le plus beau chien de la cte d, , Opale )_jouer")): Object: 'Object Repository/Page_Concours photo  votez pour la plus bel_494087/input_concat(Votez pour le plus beau chien de la cte d, , Opale )_jouer' is clicked on

2022-07-19 12:10:52 - [MESSAGE][PASSED] - Object: 'Object Repository/Page_Concours photo  votez pour la plus bel_494087/input_concat(Votez pour le plus beau chien de la cte d, , Opale )_jouer' is clicked on

2022-07-19 12:10:52 - [TEST_STEP][PASSED] - if (verifyElementPresent(findTestObject("Page_Concours photo  votez pour la plus bel_494087/input_concat(Votez pour le plus beau chien de la cte d, , Opale )_jouer"), 1, OPTIONAL)): null

2022-07-19 12:10:54 - [MESSAGE][PASSED] - Object 'Object Repository/Page_Concours photo  votez pour la plus bel_494087/input_concat(Votez pour le plus beau chien de la cte d, , Opale )_jouer' is present

2022-07-19 12:10:54 - [TEST_STEP][PASSED] - click(findTestObject("Object Repository/Page_Concours photo  votez pour la plus bel_494087/input_concat(Votez pour le plus beau chien de la cte d, , Opale )_jouer")): Object: 'Object Repository/Page_Concours photo  votez pour la plus bel_494087/input_concat(Votez pour le plus beau chien de la cte d, , Opale )_jouer' is clicked on

2022-07-19 12:10:54 - [MESSAGE][PASSED] - Object: 'Object Repository/Page_Concours photo  votez pour la plus bel_494087/input_concat(Votez pour le plus beau chien de la cte d, , Opale )_jouer' is clicked on

2022-07-19 12:10:54 - [TEST_STEP][PASSED] - delay(1): Delayed 1 second(s)

2022-07-19 12:10:55 - [MESSAGE][PASSED] - Delayed 1 second(s)

2022-07-19 12:10:55 - [TEST_STEP][PASSED] - setText(findTestObject("Object Repository/Page_Concours photo  votez pour la plus bel_494087/input_trie par_keyword"), "Gaspard"): Text 'Gaspard' is set on object 'Object Repository/Page_Concours photo  votez pour la plus bel_494087/input_trie par_keyword'

2022-07-19 12:10:58 - [MESSAGE][PASSED] - Text 'Gaspard' is set on object 'Object Repository/Page_Concours photo  votez pour la plus bel_494087/input_trie par_keyword'

2022-07-19 12:10:58 - [TEST_STEP][PASSED] - sendKeys(findTestObject("Page_Concours photo  votez pour la plus bel_494087/input_trie par_keyword"), Keys.chord(ENTER)): Keys 'ENTER + ' sent to object: 'Object Repository/Page_Concours photo  votez pour la plus bel_494087/input_trie par_keyword'

2022-07-19 12:10:58 - [MESSAGE][PASSED] - Keys 'ENTER + ' sent to object: 'Object Repository/Page_Concours photo  votez pour la plus bel_494087/input_trie par_keyword'

2022-07-19 12:10:58 - [TEST_STEP][PASSED] - click(findTestObject("Page_Concours photo  votez pour la plus bel_494087/tri")): Object: 'Object Repository/Page_Concours photo  votez pour la plus bel_494087/tri' is clicked on

2022-07-19 12:11:00 - [MESSAGE][PASSED] - Object: 'Object Repository/Page_Concours photo  votez pour la plus bel_494087/tri' is clicked on

2022-07-19 12:11:00 - [TEST_STEP][PASSED] - click(findTestObject("Page_Concours photo  votez pour la plus bel_494087/plus de votes")): Object: 'Object Repository/Page_Concours photo  votez pour la plus bel_494087/plus de votes' is clicked on

2022-07-19 12:11:00 - [MESSAGE][PASSED] - Object: 'Object Repository/Page_Concours photo  votez pour la plus bel_494087/plus de votes' is clicked on

2022-07-19 12:11:01 - [TEST_STEP][PASSED] - click(findTestObject("Object Repository/Page_Concours photo  votez pour la plus bel_494087/i_Votes_fa fa-heart")): Object: 'Object Repository/Page_Concours photo  votez pour la plus bel_494087/i_Votes_fa fa-heart' is clicked on

2022-07-19 12:11:02 - [MESSAGE][PASSED] - Object: 'Object Repository/Page_Concours photo  votez pour la plus bel_494087/i_Votes_fa fa-heart' is clicked on

2022-07-19 12:11:02 - [TEST_STEP][PASSED] - delay(1): Delayed 1 second(s)

2022-07-19 12:11:03 - [MESSAGE][PASSED] - Delayed 1 second(s)

2022-07-19 12:11:03 - [TEST_STEP][PASSED] - closeBrowser(): Browser is closed

2022-07-19 12:11:03 - [MESSAGE][PASSED] - Browser is closed]]></system-out>
         <system-err><![CDATA[]]></system-err>
      </testcase>
      <testcase name="Test Cases/Vote" time="29.679" classname="Test Cases/Vote" status="PASSED">
         <system-out><![CDATA[2022-07-19 12:11:03 - [TEST_CASE][PASSED] - Test Cases/Vote: Test Cases/Vote

2022-07-19 12:11:03 - [TEST_STEP][PASSED] - openBrowser(""): Browser is opened with url: ''

2022-07-19 12:11:03 - [MESSAGE][INFO] - Starting 'Chrome' driver

2022-07-19 12:11:03 - [MESSAGE][INFO] - Action delay is set to 0 milliseconds

2022-07-19 12:11:04 - [MESSAGE][PASSED] - Browser is opened with url: ''

2022-07-19 12:11:04 - [TEST_STEP][PASSED] - navigateToUrl("https://lesechosdutouquet.nordlittoral.fr/147787/article/2022-06-30/concours-photo-montrez-nous-la-plus-belle-photo-de-votre-chien-en-promenade-sur#l5lb6r47qsmp9ur58y"): Navigate to 'https://lesechosdutouquet.nordlittoral.fr/147787/article/2022-06-30/concours-photo-montrez-nous-la-plus-belle-photo-de-votre-chien-en-promenade-sur#l5lb6r47qsmp9ur58y' successfully

2022-07-19 12:11:08 - [MESSAGE][PASSED] - Navigate to 'https://lesechosdutouquet.nordlittoral.fr/147787/article/2022-06-30/concours-photo-montrez-nous-la-plus-belle-photo-de-votre-chien-en-promenade-sur#l5lb6r47qsmp9ur58y' successfully

2022-07-19 12:11:08 - [TEST_STEP][PASSED] - setViewPortSize(1920, 1080): Viewport is set to new size with width = 1920 and height = 1080

2022-07-19 12:11:08 - [MESSAGE][PASSED] - Viewport is set to new size with width = 1920 and height = 1080

2022-07-19 12:11:08 - [TEST_STEP][PASSED] - click(findTestObject("Object Repository/Page_Concours photo  votez pour la plus bel_494087/button_Accepter  Fermer")): Object: 'Object Repository/Page_Concours photo  votez pour la plus bel_494087/button_Accepter  Fermer' is clicked on

2022-07-19 12:11:09 - [MESSAGE][PASSED] - Object: 'Object Repository/Page_Concours photo  votez pour la plus bel_494087/button_Accepter  Fermer' is clicked on

2022-07-19 12:11:09 - [TEST_STEP][PASSED] - delay(12): Delayed 12 second(s)

2022-07-19 12:11:21 - [MESSAGE][PASSED] - Delayed 12 second(s)

2022-07-19 12:11:21 - [TEST_STEP][PASSED] - click(findTestObject("Object Repository/Page_Concours photo  votez pour la plus bel_494087/a_X")): Object: 'Object Repository/Page_Concours photo  votez pour la plus bel_494087/a_X' is clicked on

2022-07-19 12:11:22 - [MESSAGE][PASSED] - Object: 'Object Repository/Page_Concours photo  votez pour la plus bel_494087/a_X' is clicked on

2022-07-19 12:11:22 - [TEST_STEP][PASSED] - delay(1): Delayed 1 second(s)

2022-07-19 12:11:23 - [MESSAGE][PASSED] - Delayed 1 second(s)

2022-07-19 12:11:23 - [TEST_STEP][PASSED] - click(findTestObject("Object Repository/Page_Concours photo  votez pour la plus bel_494087/input_concat(Votez pour le plus beau chien de la cte d, , Opale )_jouer")): Object: 'Object Repository/Page_Concours photo  votez pour la plus bel_494087/input_concat(Votez pour le plus beau chien de la cte d, , Opale )_jouer' is clicked on

2022-07-19 12:11:23 - [MESSAGE][PASSED] - Object: 'Object Repository/Page_Concours photo  votez pour la plus bel_494087/input_concat(Votez pour le plus beau chien de la cte d, , Opale )_jouer' is clicked on

2022-07-19 12:11:23 - [TEST_STEP][PASSED] - if (verifyElementPresent(findTestObject("Page_Concours photo  votez pour la plus bel_494087/input_concat(Votez pour le plus beau chien de la cte d, , Opale )_jouer"), 1, OPTIONAL)): null

2022-07-19 12:11:25 - [MESSAGE][PASSED] - Object 'Object Repository/Page_Concours photo  votez pour la plus bel_494087/input_concat(Votez pour le plus beau chien de la cte d, , Opale )_jouer' is present

2022-07-19 12:11:25 - [TEST_STEP][PASSED] - click(findTestObject("Object Repository/Page_Concours photo  votez pour la plus bel_494087/input_concat(Votez pour le plus beau chien de la cte d, , Opale )_jouer")): Object: 'Object Repository/Page_Concours photo  votez pour la plus bel_494087/input_concat(Votez pour le plus beau chien de la cte d, , Opale )_jouer' is clicked on

2022-07-19 12:11:25 - [MESSAGE][PASSED] - Object: 'Object Repository/Page_Concours photo  votez pour la plus bel_494087/input_concat(Votez pour le plus beau chien de la cte d, , Opale )_jouer' is clicked on

2022-07-19 12:11:25 - [TEST_STEP][PASSED] - delay(1): Delayed 1 second(s)

2022-07-19 12:11:26 - [MESSAGE][PASSED] - Delayed 1 second(s)

2022-07-19 12:11:26 - [TEST_STEP][PASSED] - setText(findTestObject("Object Repository/Page_Concours photo  votez pour la plus bel_494087/input_trie par_keyword"), "Gaspard"): Text 'Gaspard' is set on object 'Object Repository/Page_Concours photo  votez pour la plus bel_494087/input_trie par_keyword'

2022-07-19 12:11:27 - [MESSAGE][PASSED] - Text 'Gaspard' is set on object 'Object Repository/Page_Concours photo  votez pour la plus bel_494087/input_trie par_keyword'

2022-07-19 12:11:27 - [TEST_STEP][PASSED] - sendKeys(findTestObject("Page_Concours photo  votez pour la plus bel_494087/input_trie par_keyword"), Keys.chord(ENTER)): Keys 'ENTER + ' sent to object: 'Object Repository/Page_Concours photo  votez pour la plus bel_494087/input_trie par_keyword'

2022-07-19 12:11:29 - [MESSAGE][PASSED] - Keys 'ENTER + ' sent to object: 'Object Repository/Page_Concours photo  votez pour la plus bel_494087/input_trie par_keyword'

2022-07-19 12:11:29 - [TEST_STEP][PASSED] - click(findTestObject("Page_Concours photo  votez pour la plus bel_494087/tri")): Object: 'Object Repository/Page_Concours photo  votez pour la plus bel_494087/tri' is clicked on

2022-07-19 12:11:29 - [MESSAGE][PASSED] - Object: 'Object Repository/Page_Concours photo  votez pour la plus bel_494087/tri' is clicked on

2022-07-19 12:11:29 - [TEST_STEP][PASSED] - click(findTestObject("Page_Concours photo  votez pour la plus bel_494087/plus de votes")): Object: 'Object Repository/Page_Concours photo  votez pour la plus bel_494087/plus de votes' is clicked on

2022-07-19 12:11:30 - [MESSAGE][PASSED] - Object: 'Object Repository/Page_Concours photo  votez pour la plus bel_494087/plus de votes' is clicked on

2022-07-19 12:11:31 - [TEST_STEP][PASSED] - click(findTestObject("Object Repository/Page_Concours photo  votez pour la plus bel_494087/i_Votes_fa fa-heart")): Object: 'Object Repository/Page_Concours photo  votez pour la plus bel_494087/i_Votes_fa fa-heart' is clicked on

2022-07-19 12:11:32 - [MESSAGE][PASSED] - Object: 'Object Repository/Page_Concours photo  votez pour la plus bel_494087/i_Votes_fa fa-heart' is clicked on

2022-07-19 12:11:32 - [TEST_STEP][PASSED] - delay(1): Delayed 1 second(s)

2022-07-19 12:11:33 - [MESSAGE][PASSED] - Delayed 1 second(s)

2022-07-19 12:11:33 - [TEST_STEP][PASSED] - closeBrowser(): Browser is closed

2022-07-19 12:11:33 - [MESSAGE][PASSED] - Browser is closed]]></system-out>
         <system-err><![CDATA[]]></system-err>
      </testcase>
      <testcase name="Test Cases/Vote" time="30.915" classname="Test Cases/Vote" status="PASSED">
         <system-out><![CDATA[2022-07-19 12:11:33 - [TEST_CASE][PASSED] - Test Cases/Vote: Test Cases/Vote

2022-07-19 12:11:33 - [TEST_STEP][PASSED] - openBrowser(""): Browser is opened with url: ''

2022-07-19 12:11:33 - [MESSAGE][INFO] - Starting 'Chrome' driver

2022-07-19 12:11:33 - [MESSAGE][INFO] - Action delay is set to 0 milliseconds

2022-07-19 12:11:34 - [MESSAGE][PASSED] - Browser is opened with url: ''

2022-07-19 12:11:34 - [TEST_STEP][PASSED] - navigateToUrl("https://lesechosdutouquet.nordlittoral.fr/147787/article/2022-06-30/concours-photo-montrez-nous-la-plus-belle-photo-de-votre-chien-en-promenade-sur#l5lb6r47qsmp9ur58y"): Navigate to 'https://lesechosdutouquet.nordlittoral.fr/147787/article/2022-06-30/concours-photo-montrez-nous-la-plus-belle-photo-de-votre-chien-en-promenade-sur#l5lb6r47qsmp9ur58y' successfully

2022-07-19 12:11:37 - [MESSAGE][PASSED] - Navigate to 'https://lesechosdutouquet.nordlittoral.fr/147787/article/2022-06-30/concours-photo-montrez-nous-la-plus-belle-photo-de-votre-chien-en-promenade-sur#l5lb6r47qsmp9ur58y' successfully

2022-07-19 12:11:37 - [TEST_STEP][PASSED] - setViewPortSize(1920, 1080): Viewport is set to new size with width = 1920 and height = 1080

2022-07-19 12:11:37 - [MESSAGE][PASSED] - Viewport is set to new size with width = 1920 and height = 1080

2022-07-19 12:11:37 - [TEST_STEP][PASSED] - click(findTestObject("Object Repository/Page_Concours photo  votez pour la plus bel_494087/button_Accepter  Fermer")): Object: 'Object Repository/Page_Concours photo  votez pour la plus bel_494087/button_Accepter  Fermer' is clicked on

2022-07-19 12:11:38 - [MESSAGE][PASSED] - Object: 'Object Repository/Page_Concours photo  votez pour la plus bel_494087/button_Accepter  Fermer' is clicked on

2022-07-19 12:11:38 - [TEST_STEP][PASSED] - delay(12): Delayed 12 second(s)

2022-07-19 12:11:50 - [MESSAGE][PASSED] - Delayed 12 second(s)

2022-07-19 12:11:50 - [TEST_STEP][PASSED] - click(findTestObject("Object Repository/Page_Concours photo  votez pour la plus bel_494087/a_X")): Object: 'Object Repository/Page_Concours photo  votez pour la plus bel_494087/a_X' is clicked on

2022-07-19 12:11:50 - [MESSAGE][PASSED] - Object: 'Object Repository/Page_Concours photo  votez pour la plus bel_494087/a_X' is clicked on

2022-07-19 12:11:50 - [TEST_STEP][PASSED] - delay(1): Delayed 1 second(s)

2022-07-19 12:11:51 - [MESSAGE][PASSED] - Delayed 1 second(s)

2022-07-19 12:11:51 - [TEST_STEP][PASSED] - click(findTestObject("Object Repository/Page_Concours photo  votez pour la plus bel_494087/input_concat(Votez pour le plus beau chien de la cte d, , Opale )_jouer")): Object: 'Object Repository/Page_Concours photo  votez pour la plus bel_494087/input_concat(Votez pour le plus beau chien de la cte d, , Opale )_jouer' is clicked on

2022-07-19 12:11:52 - [MESSAGE][PASSED] - Object: 'Object Repository/Page_Concours photo  votez pour la plus bel_494087/input_concat(Votez pour le plus beau chien de la cte d, , Opale )_jouer' is clicked on

2022-07-19 12:11:52 - [TEST_STEP][PASSED] - if (verifyElementPresent(findTestObject("Page_Concours photo  votez pour la plus bel_494087/input_concat(Votez pour le plus beau chien de la cte d, , Opale )_jouer"), 1, OPTIONAL)): null

2022-07-19 12:11:54 - [MESSAGE][PASSED] - Object 'Object Repository/Page_Concours photo  votez pour la plus bel_494087/input_concat(Votez pour le plus beau chien de la cte d, , Opale )_jouer' is present

2022-07-19 12:11:54 - [TEST_STEP][PASSED] - click(findTestObject("Object Repository/Page_Concours photo  votez pour la plus bel_494087/input_concat(Votez pour le plus beau chien de la cte d, , Opale )_jouer")): Object: 'Object Repository/Page_Concours photo  votez pour la plus bel_494087/input_concat(Votez pour le plus beau chien de la cte d, , Opale )_jouer' is clicked on

2022-07-19 12:11:54 - [MESSAGE][PASSED] - Object: 'Object Repository/Page_Concours photo  votez pour la plus bel_494087/input_concat(Votez pour le plus beau chien de la cte d, , Opale )_jouer' is clicked on

2022-07-19 12:11:54 - [TEST_STEP][PASSED] - delay(1): Delayed 1 second(s)

2022-07-19 12:11:55 - [MESSAGE][PASSED] - Delayed 1 second(s)

2022-07-19 12:11:55 - [TEST_STEP][PASSED] - setText(findTestObject("Object Repository/Page_Concours photo  votez pour la plus bel_494087/input_trie par_keyword"), "Gaspard"): Text 'Gaspard' is set on object 'Object Repository/Page_Concours photo  votez pour la plus bel_494087/input_trie par_keyword'

2022-07-19 12:11:58 - [MESSAGE][PASSED] - Text 'Gaspard' is set on object 'Object Repository/Page_Concours photo  votez pour la plus bel_494087/input_trie par_keyword'

2022-07-19 12:11:58 - [TEST_STEP][PASSED] - sendKeys(findTestObject("Page_Concours photo  votez pour la plus bel_494087/input_trie par_keyword"), Keys.chord(ENTER)): Keys 'ENTER + ' sent to object: 'Object Repository/Page_Concours photo  votez pour la plus bel_494087/input_trie par_keyword'

2022-07-19 12:11:58 - [MESSAGE][PASSED] - Keys 'ENTER + ' sent to object: 'Object Repository/Page_Concours photo  votez pour la plus bel_494087/input_trie par_keyword'

2022-07-19 12:11:58 - [TEST_STEP][PASSED] - click(findTestObject("Page_Concours photo  votez pour la plus bel_494087/tri")): Object: 'Object Repository/Page_Concours photo  votez pour la plus bel_494087/tri' is clicked on

2022-07-19 12:12:00 - [MESSAGE][PASSED] - Object: 'Object Repository/Page_Concours photo  votez pour la plus bel_494087/tri' is clicked on

2022-07-19 12:12:00 - [TEST_STEP][PASSED] - click(findTestObject("Page_Concours photo  votez pour la plus bel_494087/plus de votes")): Object: 'Object Repository/Page_Concours photo  votez pour la plus bel_494087/plus de votes' is clicked on

2022-07-19 12:12:01 - [MESSAGE][PASSED] - Object: 'Object Repository/Page_Concours photo  votez pour la plus bel_494087/plus de votes' is clicked on

2022-07-19 12:12:02 - [TEST_STEP][PASSED] - click(findTestObject("Object Repository/Page_Concours photo  votez pour la plus bel_494087/i_Votes_fa fa-heart")): Object: 'Object Repository/Page_Concours photo  votez pour la plus bel_494087/i_Votes_fa fa-heart' is clicked on

2022-07-19 12:12:03 - [MESSAGE][PASSED] - Object: 'Object Repository/Page_Concours photo  votez pour la plus bel_494087/i_Votes_fa fa-heart' is clicked on

2022-07-19 12:12:03 - [TEST_STEP][PASSED] - delay(1): Delayed 1 second(s)

2022-07-19 12:12:04 - [MESSAGE][PASSED] - Delayed 1 second(s)

2022-07-19 12:12:04 - [TEST_STEP][PASSED] - closeBrowser(): Browser is closed

2022-07-19 12:12:04 - [MESSAGE][PASSED] - Browser is closed]]></system-out>
         <system-err><![CDATA[]]></system-err>
      </testcase>
      <testcase name="Test Cases/Vote" time="32.312" classname="Test Cases/Vote" status="PASSED">
         <system-out><![CDATA[2022-07-19 12:12:04 - [TEST_CASE][PASSED] - Test Cases/Vote: Test Cases/Vote

2022-07-19 12:12:04 - [TEST_STEP][PASSED] - openBrowser(""): Browser is opened with url: ''

2022-07-19 12:12:04 - [MESSAGE][INFO] - Starting 'Chrome' driver

2022-07-19 12:12:04 - [MESSAGE][INFO] - Action delay is set to 0 milliseconds

2022-07-19 12:12:05 - [MESSAGE][PASSED] - Browser is opened with url: ''

2022-07-19 12:12:05 - [TEST_STEP][PASSED] - navigateToUrl("https://lesechosdutouquet.nordlittoral.fr/147787/article/2022-06-30/concours-photo-montrez-nous-la-plus-belle-photo-de-votre-chien-en-promenade-sur#l5lb6r47qsmp9ur58y"): Navigate to 'https://lesechosdutouquet.nordlittoral.fr/147787/article/2022-06-30/concours-photo-montrez-nous-la-plus-belle-photo-de-votre-chien-en-promenade-sur#l5lb6r47qsmp9ur58y' successfully

2022-07-19 12:12:08 - [MESSAGE][PASSED] - Navigate to 'https://lesechosdutouquet.nordlittoral.fr/147787/article/2022-06-30/concours-photo-montrez-nous-la-plus-belle-photo-de-votre-chien-en-promenade-sur#l5lb6r47qsmp9ur58y' successfully

2022-07-19 12:12:08 - [TEST_STEP][PASSED] - setViewPortSize(1920, 1080): Viewport is set to new size with width = 1920 and height = 1080

2022-07-19 12:12:08 - [MESSAGE][PASSED] - Viewport is set to new size with width = 1920 and height = 1080

2022-07-19 12:12:08 - [TEST_STEP][PASSED] - click(findTestObject("Object Repository/Page_Concours photo  votez pour la plus bel_494087/button_Accepter  Fermer")): Object: 'Object Repository/Page_Concours photo  votez pour la plus bel_494087/button_Accepter  Fermer' is clicked on

2022-07-19 12:12:09 - [MESSAGE][PASSED] - Object: 'Object Repository/Page_Concours photo  votez pour la plus bel_494087/button_Accepter  Fermer' is clicked on

2022-07-19 12:12:09 - [TEST_STEP][PASSED] - delay(12): Delayed 12 second(s)

2022-07-19 12:12:21 - [MESSAGE][PASSED] - Delayed 12 second(s)

2022-07-19 12:12:21 - [TEST_STEP][PASSED] - click(findTestObject("Object Repository/Page_Concours photo  votez pour la plus bel_494087/a_X")): Object: 'Object Repository/Page_Concours photo  votez pour la plus bel_494087/a_X' is clicked on

2022-07-19 12:12:22 - [MESSAGE][PASSED] - Object: 'Object Repository/Page_Concours photo  votez pour la plus bel_494087/a_X' is clicked on

2022-07-19 12:12:22 - [TEST_STEP][PASSED] - delay(1): Delayed 1 second(s)

2022-07-19 12:12:23 - [MESSAGE][PASSED] - Delayed 1 second(s)

2022-07-19 12:12:23 - [TEST_STEP][PASSED] - click(findTestObject("Object Repository/Page_Concours photo  votez pour la plus bel_494087/input_concat(Votez pour le plus beau chien de la cte d, , Opale )_jouer")): Object: 'Object Repository/Page_Concours photo  votez pour la plus bel_494087/input_concat(Votez pour le plus beau chien de la cte d, , Opale )_jouer' is clicked on

2022-07-19 12:12:23 - [MESSAGE][PASSED] - Object: 'Object Repository/Page_Concours photo  votez pour la plus bel_494087/input_concat(Votez pour le plus beau chien de la cte d, , Opale )_jouer' is clicked on

2022-07-19 12:12:24 - [TEST_STEP][PASSED] - if (verifyElementPresent(findTestObject("Page_Concours photo  votez pour la plus bel_494087/input_concat(Votez pour le plus beau chien de la cte d, , Opale )_jouer"), 1, OPTIONAL)): null

2022-07-19 12:12:25 - [MESSAGE][PASSED] - Object 'Object Repository/Page_Concours photo  votez pour la plus bel_494087/input_concat(Votez pour le plus beau chien de la cte d, , Opale )_jouer' is present

2022-07-19 12:12:25 - [TEST_STEP][PASSED] - click(findTestObject("Object Repository/Page_Concours photo  votez pour la plus bel_494087/input_concat(Votez pour le plus beau chien de la cte d, , Opale )_jouer")): Object: 'Object Repository/Page_Concours photo  votez pour la plus bel_494087/input_concat(Votez pour le plus beau chien de la cte d, , Opale )_jouer' is clicked on

2022-07-19 12:12:25 - [MESSAGE][PASSED] - Object: 'Object Repository/Page_Concours photo  votez pour la plus bel_494087/input_concat(Votez pour le plus beau chien de la cte d, , Opale )_jouer' is clicked on

2022-07-19 12:12:25 - [TEST_STEP][PASSED] - delay(1): Delayed 1 second(s)

2022-07-19 12:12:26 - [MESSAGE][PASSED] - Delayed 1 second(s)

2022-07-19 12:12:26 - [TEST_STEP][PASSED] - setText(findTestObject("Object Repository/Page_Concours photo  votez pour la plus bel_494087/input_trie par_keyword"), "Gaspard"): Text 'Gaspard' is set on object 'Object Repository/Page_Concours photo  votez pour la plus bel_494087/input_trie par_keyword'

2022-07-19 12:12:30 - [MESSAGE][PASSED] - Text 'Gaspard' is set on object 'Object Repository/Page_Concours photo  votez pour la plus bel_494087/input_trie par_keyword'

2022-07-19 12:12:30 - [TEST_STEP][PASSED] - sendKeys(findTestObject("Page_Concours photo  votez pour la plus bel_494087/input_trie par_keyword"), Keys.chord(ENTER)): Keys 'ENTER + ' sent to object: 'Object Repository/Page_Concours photo  votez pour la plus bel_494087/input_trie par_keyword'

2022-07-19 12:12:31 - [MESSAGE][PASSED] - Keys 'ENTER + ' sent to object: 'Object Repository/Page_Concours photo  votez pour la plus bel_494087/input_trie par_keyword'

2022-07-19 12:12:32 - [TEST_STEP][PASSED] - click(findTestObject("Page_Concours photo  votez pour la plus bel_494087/tri")): Object: 'Object Repository/Page_Concours photo  votez pour la plus bel_494087/tri' is clicked on

2022-07-19 12:12:32 - [MESSAGE][PASSED] - Object: 'Object Repository/Page_Concours photo  votez pour la plus bel_494087/tri' is clicked on

2022-07-19 12:12:32 - [TEST_STEP][PASSED] - click(findTestObject("Page_Concours photo  votez pour la plus bel_494087/plus de votes")): Object: 'Object Repository/Page_Concours photo  votez pour la plus bel_494087/plus de votes' is clicked on

2022-07-19 12:12:33 - [MESSAGE][PASSED] - Object: 'Object Repository/Page_Concours photo  votez pour la plus bel_494087/plus de votes' is clicked on

2022-07-19 12:12:34 - [TEST_STEP][PASSED] - click(findTestObject("Object Repository/Page_Concours photo  votez pour la plus bel_494087/i_Votes_fa fa-heart")): Object: 'Object Repository/Page_Concours photo  votez pour la plus bel_494087/i_Votes_fa fa-heart' is clicked on

2022-07-19 12:12:34 - [MESSAGE][PASSED] - Object: 'Object Repository/Page_Concours photo  votez pour la plus bel_494087/i_Votes_fa fa-heart' is clicked on

2022-07-19 12:12:35 - [TEST_STEP][PASSED] - delay(1): Delayed 1 second(s)

2022-07-19 12:12:36 - [MESSAGE][PASSED] - Delayed 1 second(s)

2022-07-19 12:12:36 - [TEST_STEP][PASSED] - closeBrowser(): Browser is closed

2022-07-19 12:12:36 - [MESSAGE][PASSED] - Browser is closed]]></system-out>
         <system-err><![CDATA[]]></system-err>
      </testcase>
      <testcase name="Test Cases/Vote" time="38.117" classname="Test Cases/Vote" status="PASSED">
         <system-out><![CDATA[2022-07-19 12:12:36 - [TEST_CASE][PASSED] - Test Cases/Vote: Test Cases/Vote

2022-07-19 12:12:36 - [TEST_STEP][PASSED] - openBrowser(""): Browser is opened with url: ''

2022-07-19 12:12:36 - [MESSAGE][INFO] - Starting 'Chrome' driver

2022-07-19 12:12:36 - [MESSAGE][INFO] - Action delay is set to 0 milliseconds

2022-07-19 12:12:38 - [MESSAGE][PASSED] - Browser is opened with url: ''

2022-07-19 12:12:39 - [TEST_STEP][PASSED] - navigateToUrl("https://lesechosdutouquet.nordlittoral.fr/147787/article/2022-06-30/concours-photo-montrez-nous-la-plus-belle-photo-de-votre-chien-en-promenade-sur#l5lb6r47qsmp9ur58y"): Navigate to 'https://lesechosdutouquet.nordlittoral.fr/147787/article/2022-06-30/concours-photo-montrez-nous-la-plus-belle-photo-de-votre-chien-en-promenade-sur#l5lb6r47qsmp9ur58y' successfully

2022-07-19 12:12:47 - [MESSAGE][PASSED] - Navigate to 'https://lesechosdutouquet.nordlittoral.fr/147787/article/2022-06-30/concours-photo-montrez-nous-la-plus-belle-photo-de-votre-chien-en-promenade-sur#l5lb6r47qsmp9ur58y' successfully

2022-07-19 12:12:47 - [TEST_STEP][PASSED] - setViewPortSize(1920, 1080): Viewport is set to new size with width = 1920 and height = 1080

2022-07-19 12:12:47 - [MESSAGE][PASSED] - Viewport is set to new size with width = 1920 and height = 1080

2022-07-19 12:12:47 - [TEST_STEP][PASSED] - click(findTestObject("Object Repository/Page_Concours photo  votez pour la plus bel_494087/button_Accepter  Fermer")): Object: 'Object Repository/Page_Concours photo  votez pour la plus bel_494087/button_Accepter  Fermer' is clicked on

2022-07-19 12:12:48 - [MESSAGE][PASSED] - Object: 'Object Repository/Page_Concours photo  votez pour la plus bel_494087/button_Accepter  Fermer' is clicked on

2022-07-19 12:12:48 - [TEST_STEP][PASSED] - delay(12): Delayed 12 second(s)

2022-07-19 12:13:00 - [MESSAGE][PASSED] - Delayed 12 second(s)

2022-07-19 12:13:00 - [TEST_STEP][PASSED] - click(findTestObject("Object Repository/Page_Concours photo  votez pour la plus bel_494087/a_X")): Object: 'Object Repository/Page_Concours photo  votez pour la plus bel_494087/a_X' is clicked on

2022-07-19 12:13:01 - [MESSAGE][PASSED] - Object: 'Object Repository/Page_Concours photo  votez pour la plus bel_494087/a_X' is clicked on

2022-07-19 12:13:01 - [TEST_STEP][PASSED] - delay(1): Delayed 1 second(s)

2022-07-19 12:13:02 - [MESSAGE][PASSED] - Delayed 1 second(s)

2022-07-19 12:13:02 - [TEST_STEP][PASSED] - click(findTestObject("Object Repository/Page_Concours photo  votez pour la plus bel_494087/input_concat(Votez pour le plus beau chien de la cte d, , Opale )_jouer")): Object: 'Object Repository/Page_Concours photo  votez pour la plus bel_494087/input_concat(Votez pour le plus beau chien de la cte d, , Opale )_jouer' is clicked on

2022-07-19 12:13:02 - [MESSAGE][PASSED] - Object: 'Object Repository/Page_Concours photo  votez pour la plus bel_494087/input_concat(Votez pour le plus beau chien de la cte d, , Opale )_jouer' is clicked on

2022-07-19 12:13:02 - [TEST_STEP][PASSED] - if (verifyElementPresent(findTestObject("Page_Concours photo  votez pour la plus bel_494087/input_concat(Votez pour le plus beau chien de la cte d, , Opale )_jouer"), 1, OPTIONAL)): null

2022-07-19 12:13:04 - [MESSAGE][PASSED] - Object 'Object Repository/Page_Concours photo  votez pour la plus bel_494087/input_concat(Votez pour le plus beau chien de la cte d, , Opale )_jouer' is present

2022-07-19 12:13:04 - [TEST_STEP][PASSED] - click(findTestObject("Object Repository/Page_Concours photo  votez pour la plus bel_494087/input_concat(Votez pour le plus beau chien de la cte d, , Opale )_jouer")): Object: 'Object Repository/Page_Concours photo  votez pour la plus bel_494087/input_concat(Votez pour le plus beau chien de la cte d, , Opale )_jouer' is clicked on

2022-07-19 12:13:05 - [MESSAGE][PASSED] - Object: 'Object Repository/Page_Concours photo  votez pour la plus bel_494087/input_concat(Votez pour le plus beau chien de la cte d, , Opale )_jouer' is clicked on

2022-07-19 12:13:05 - [TEST_STEP][PASSED] - delay(1): Delayed 1 second(s)

2022-07-19 12:13:06 - [MESSAGE][PASSED] - Delayed 1 second(s)

2022-07-19 12:13:06 - [TEST_STEP][PASSED] - setText(findTestObject("Object Repository/Page_Concours photo  votez pour la plus bel_494087/input_trie par_keyword"), "Gaspard"): Text 'Gaspard' is set on object 'Object Repository/Page_Concours photo  votez pour la plus bel_494087/input_trie par_keyword'

2022-07-19 12:13:09 - [MESSAGE][PASSED] - Text 'Gaspard' is set on object 'Object Repository/Page_Concours photo  votez pour la plus bel_494087/input_trie par_keyword'

2022-07-19 12:13:09 - [TEST_STEP][PASSED] - sendKeys(findTestObject("Page_Concours photo  votez pour la plus bel_494087/input_trie par_keyword"), Keys.chord(ENTER)): Keys 'ENTER + ' sent to object: 'Object Repository/Page_Concours photo  votez pour la plus bel_494087/input_trie par_keyword'

2022-07-19 12:13:09 - [MESSAGE][PASSED] - Keys 'ENTER + ' sent to object: 'Object Repository/Page_Concours photo  votez pour la plus bel_494087/input_trie par_keyword'

2022-07-19 12:13:09 - [TEST_STEP][PASSED] - click(findTestObject("Page_Concours photo  votez pour la plus bel_494087/tri")): Object: 'Object Repository/Page_Concours photo  votez pour la plus bel_494087/tri' is clicked on

2022-07-19 12:13:10 - [MESSAGE][PASSED] - Object: 'Object Repository/Page_Concours photo  votez pour la plus bel_494087/tri' is clicked on

2022-07-19 12:13:10 - [TEST_STEP][PASSED] - click(findTestObject("Page_Concours photo  votez pour la plus bel_494087/plus de votes")): Object: 'Object Repository/Page_Concours photo  votez pour la plus bel_494087/plus de votes' is clicked on

2022-07-19 12:13:11 - [MESSAGE][PASSED] - Object: 'Object Repository/Page_Concours photo  votez pour la plus bel_494087/plus de votes' is clicked on

2022-07-19 12:13:12 - [TEST_STEP][PASSED] - click(findTestObject("Object Repository/Page_Concours photo  votez pour la plus bel_494087/i_Votes_fa fa-heart")): Object: 'Object Repository/Page_Concours photo  votez pour la plus bel_494087/i_Votes_fa fa-heart' is clicked on

2022-07-19 12:13:13 - [MESSAGE][PASSED] - Object: 'Object Repository/Page_Concours photo  votez pour la plus bel_494087/i_Votes_fa fa-heart' is clicked on

2022-07-19 12:13:13 - [TEST_STEP][PASSED] - delay(1): Delayed 1 second(s)

2022-07-19 12:13:14 - [MESSAGE][PASSED] - Delayed 1 second(s)

2022-07-19 12:13:14 - [TEST_STEP][PASSED] - closeBrowser(): Browser is closed

2022-07-19 12:13:14 - [MESSAGE][PASSED] - Browser is closed]]></system-out>
         <system-err><![CDATA[]]></system-err>
      </testcase>
      <testcase name="Test Cases/Vote" time="32.821" classname="Test Cases/Vote" status="PASSED">
         <system-out><![CDATA[2022-07-19 12:13:14 - [TEST_CASE][PASSED] - Test Cases/Vote: Test Cases/Vote

2022-07-19 12:13:14 - [TEST_STEP][PASSED] - openBrowser(""): Browser is opened with url: ''

2022-07-19 12:13:14 - [MESSAGE][INFO] - Starting 'Chrome' driver

2022-07-19 12:13:14 - [MESSAGE][INFO] - Action delay is set to 0 milliseconds

2022-07-19 12:13:16 - [MESSAGE][PASSED] - Browser is opened with url: ''

2022-07-19 12:13:16 - [TEST_STEP][PASSED] - navigateToUrl("https://lesechosdutouquet.nordlittoral.fr/147787/article/2022-06-30/concours-photo-montrez-nous-la-plus-belle-photo-de-votre-chien-en-promenade-sur#l5lb6r47qsmp9ur58y"): Navigate to 'https://lesechosdutouquet.nordlittoral.fr/147787/article/2022-06-30/concours-photo-montrez-nous-la-plus-belle-photo-de-votre-chien-en-promenade-sur#l5lb6r47qsmp9ur58y' successfully

2022-07-19 12:13:19 - [MESSAGE][PASSED] - Navigate to 'https://lesechosdutouquet.nordlittoral.fr/147787/article/2022-06-30/concours-photo-montrez-nous-la-plus-belle-photo-de-votre-chien-en-promenade-sur#l5lb6r47qsmp9ur58y' successfully

2022-07-19 12:13:19 - [TEST_STEP][PASSED] - setViewPortSize(1920, 1080): Viewport is set to new size with width = 1920 and height = 1080

2022-07-19 12:13:19 - [MESSAGE][PASSED] - Viewport is set to new size with width = 1920 and height = 1080

2022-07-19 12:13:19 - [TEST_STEP][PASSED] - click(findTestObject("Object Repository/Page_Concours photo  votez pour la plus bel_494087/button_Accepter  Fermer")): Object: 'Object Repository/Page_Concours photo  votez pour la plus bel_494087/button_Accepter  Fermer' is clicked on

2022-07-19 12:13:21 - [MESSAGE][PASSED] - Object: 'Object Repository/Page_Concours photo  votez pour la plus bel_494087/button_Accepter  Fermer' is clicked on

2022-07-19 12:13:21 - [TEST_STEP][PASSED] - delay(12): Delayed 12 second(s)

2022-07-19 12:13:33 - [MESSAGE][PASSED] - Delayed 12 second(s)

2022-07-19 12:13:33 - [TEST_STEP][PASSED] - click(findTestObject("Object Repository/Page_Concours photo  votez pour la plus bel_494087/a_X")): Object: 'Object Repository/Page_Concours photo  votez pour la plus bel_494087/a_X' is clicked on

2022-07-19 12:13:33 - [MESSAGE][PASSED] - Object: 'Object Repository/Page_Concours photo  votez pour la plus bel_494087/a_X' is clicked on

2022-07-19 12:13:33 - [TEST_STEP][PASSED] - delay(1): Delayed 1 second(s)

2022-07-19 12:13:34 - [MESSAGE][PASSED] - Delayed 1 second(s)

2022-07-19 12:13:34 - [TEST_STEP][PASSED] - click(findTestObject("Object Repository/Page_Concours photo  votez pour la plus bel_494087/input_concat(Votez pour le plus beau chien de la cte d, , Opale )_jouer")): Object: 'Object Repository/Page_Concours photo  votez pour la plus bel_494087/input_concat(Votez pour le plus beau chien de la cte d, , Opale )_jouer' is clicked on

2022-07-19 12:13:35 - [MESSAGE][PASSED] - Object: 'Object Repository/Page_Concours photo  votez pour la plus bel_494087/input_concat(Votez pour le plus beau chien de la cte d, , Opale )_jouer' is clicked on

2022-07-19 12:13:35 - [TEST_STEP][PASSED] - if (verifyElementPresent(findTestObject("Page_Concours photo  votez pour la plus bel_494087/input_concat(Votez pour le plus beau chien de la cte d, , Opale )_jouer"), 1, OPTIONAL)): null

2022-07-19 12:13:36 - [MESSAGE][PASSED] - Object 'Object Repository/Page_Concours photo  votez pour la plus bel_494087/input_concat(Votez pour le plus beau chien de la cte d, , Opale )_jouer' is present

2022-07-19 12:13:36 - [TEST_STEP][PASSED] - click(findTestObject("Object Repository/Page_Concours photo  votez pour la plus bel_494087/input_concat(Votez pour le plus beau chien de la cte d, , Opale )_jouer")): Object: 'Object Repository/Page_Concours photo  votez pour la plus bel_494087/input_concat(Votez pour le plus beau chien de la cte d, , Opale )_jouer' is clicked on

2022-07-19 12:13:37 - [MESSAGE][PASSED] - Object: 'Object Repository/Page_Concours photo  votez pour la plus bel_494087/input_concat(Votez pour le plus beau chien de la cte d, , Opale )_jouer' is clicked on

2022-07-19 12:13:37 - [TEST_STEP][PASSED] - delay(1): Delayed 1 second(s)

2022-07-19 12:13:38 - [MESSAGE][PASSED] - Delayed 1 second(s)

2022-07-19 12:13:38 - [TEST_STEP][PASSED] - setText(findTestObject("Object Repository/Page_Concours photo  votez pour la plus bel_494087/input_trie par_keyword"), "Gaspard"): Text 'Gaspard' is set on object 'Object Repository/Page_Concours photo  votez pour la plus bel_494087/input_trie par_keyword'

2022-07-19 12:13:41 - [MESSAGE][PASSED] - Text 'Gaspard' is set on object 'Object Repository/Page_Concours photo  votez pour la plus bel_494087/input_trie par_keyword'

2022-07-19 12:13:41 - [TEST_STEP][PASSED] - sendKeys(findTestObject("Page_Concours photo  votez pour la plus bel_494087/input_trie par_keyword"), Keys.chord(ENTER)): Keys 'ENTER + ' sent to object: 'Object Repository/Page_Concours photo  votez pour la plus bel_494087/input_trie par_keyword'

2022-07-19 12:13:43 - [MESSAGE][PASSED] - Keys 'ENTER + ' sent to object: 'Object Repository/Page_Concours photo  votez pour la plus bel_494087/input_trie par_keyword'

2022-07-19 12:13:43 - [TEST_STEP][PASSED] - click(findTestObject("Page_Concours photo  votez pour la plus bel_494087/tri")): Object: 'Object Repository/Page_Concours photo  votez pour la plus bel_494087/tri' is clicked on

2022-07-19 12:13:43 - [MESSAGE][PASSED] - Object: 'Object Repository/Page_Concours photo  votez pour la plus bel_494087/tri' is clicked on

2022-07-19 12:13:43 - [TEST_STEP][PASSED] - click(findTestObject("Page_Concours photo  votez pour la plus bel_494087/plus de votes")): Object: 'Object Repository/Page_Concours photo  votez pour la plus bel_494087/plus de votes' is clicked on

2022-07-19 12:13:44 - [MESSAGE][PASSED] - Object: 'Object Repository/Page_Concours photo  votez pour la plus bel_494087/plus de votes' is clicked on

2022-07-19 12:13:45 - [TEST_STEP][PASSED] - click(findTestObject("Object Repository/Page_Concours photo  votez pour la plus bel_494087/i_Votes_fa fa-heart")): Object: 'Object Repository/Page_Concours photo  votez pour la plus bel_494087/i_Votes_fa fa-heart' is clicked on

2022-07-19 12:13:46 - [MESSAGE][PASSED] - Object: 'Object Repository/Page_Concours photo  votez pour la plus bel_494087/i_Votes_fa fa-heart' is clicked on

2022-07-19 12:13:46 - [TEST_STEP][PASSED] - delay(1): Delayed 1 second(s)

2022-07-19 12:13:47 - [MESSAGE][PASSED] - Delayed 1 second(s)

2022-07-19 12:13:47 - [TEST_STEP][PASSED] - closeBrowser(): Browser is closed

2022-07-19 12:13:47 - [MESSAGE][PASSED] - Browser is closed]]></system-out>
         <system-err><![CDATA[]]></system-err>
      </testcase>
      <testcase name="Test Cases/Vote" time="31.743" classname="Test Cases/Vote" status="PASSED">
         <system-out><![CDATA[2022-07-19 12:13:47 - [TEST_CASE][PASSED] - Test Cases/Vote: Test Cases/Vote

2022-07-19 12:13:47 - [TEST_STEP][PASSED] - openBrowser(""): Browser is opened with url: ''

2022-07-19 12:13:47 - [MESSAGE][INFO] - Starting 'Chrome' driver

2022-07-19 12:13:47 - [MESSAGE][INFO] - Action delay is set to 0 milliseconds

2022-07-19 12:13:48 - [MESSAGE][PASSED] - Browser is opened with url: ''

2022-07-19 12:13:48 - [TEST_STEP][PASSED] - navigateToUrl("https://lesechosdutouquet.nordlittoral.fr/147787/article/2022-06-30/concours-photo-montrez-nous-la-plus-belle-photo-de-votre-chien-en-promenade-sur#l5lb6r47qsmp9ur58y"): Navigate to 'https://lesechosdutouquet.nordlittoral.fr/147787/article/2022-06-30/concours-photo-montrez-nous-la-plus-belle-photo-de-votre-chien-en-promenade-sur#l5lb6r47qsmp9ur58y' successfully

2022-07-19 12:13:50 - [MESSAGE][PASSED] - Navigate to 'https://lesechosdutouquet.nordlittoral.fr/147787/article/2022-06-30/concours-photo-montrez-nous-la-plus-belle-photo-de-votre-chien-en-promenade-sur#l5lb6r47qsmp9ur58y' successfully

2022-07-19 12:13:50 - [TEST_STEP][PASSED] - setViewPortSize(1920, 1080): Viewport is set to new size with width = 1920 and height = 1080

2022-07-19 12:13:51 - [MESSAGE][PASSED] - Viewport is set to new size with width = 1920 and height = 1080

2022-07-19 12:13:51 - [TEST_STEP][PASSED] - click(findTestObject("Object Repository/Page_Concours photo  votez pour la plus bel_494087/button_Accepter  Fermer")): Object: 'Object Repository/Page_Concours photo  votez pour la plus bel_494087/button_Accepter  Fermer' is clicked on

2022-07-19 12:13:55 - [MESSAGE][PASSED] - Object: 'Object Repository/Page_Concours photo  votez pour la plus bel_494087/button_Accepter  Fermer' is clicked on

2022-07-19 12:13:55 - [TEST_STEP][PASSED] - delay(12): Delayed 12 second(s)

2022-07-19 12:14:07 - [MESSAGE][PASSED] - Delayed 12 second(s)

2022-07-19 12:14:07 - [TEST_STEP][PASSED] - click(findTestObject("Object Repository/Page_Concours photo  votez pour la plus bel_494087/a_X")): Object: 'Object Repository/Page_Concours photo  votez pour la plus bel_494087/a_X' is clicked on

2022-07-19 12:14:07 - [MESSAGE][PASSED] - Object: 'Object Repository/Page_Concours photo  votez pour la plus bel_494087/a_X' is clicked on

2022-07-19 12:14:07 - [TEST_STEP][PASSED] - delay(1): Delayed 1 second(s)

2022-07-19 12:14:09 - [MESSAGE][PASSED] - Delayed 1 second(s)

2022-07-19 12:14:09 - [TEST_STEP][PASSED] - click(findTestObject("Object Repository/Page_Concours photo  votez pour la plus bel_494087/input_concat(Votez pour le plus beau chien de la cte d, , Opale )_jouer")): Object: 'Object Repository/Page_Concours photo  votez pour la plus bel_494087/input_concat(Votez pour le plus beau chien de la cte d, , Opale )_jouer' is clicked on

2022-07-19 12:14:09 - [MESSAGE][PASSED] - Object: 'Object Repository/Page_Concours photo  votez pour la plus bel_494087/input_concat(Votez pour le plus beau chien de la cte d, , Opale )_jouer' is clicked on

2022-07-19 12:14:10 - [TEST_STEP][PASSED] - if (verifyElementPresent(findTestObject("Page_Concours photo  votez pour la plus bel_494087/input_concat(Votez pour le plus beau chien de la cte d, , Opale )_jouer"), 1, OPTIONAL)): null

2022-07-19 12:14:11 - [MESSAGE][PASSED] - Object 'Object Repository/Page_Concours photo  votez pour la plus bel_494087/input_concat(Votez pour le plus beau chien de la cte d, , Opale )_jouer' is present

2022-07-19 12:14:11 - [TEST_STEP][PASSED] - click(findTestObject("Object Repository/Page_Concours photo  votez pour la plus bel_494087/input_concat(Votez pour le plus beau chien de la cte d, , Opale )_jouer")): Object: 'Object Repository/Page_Concours photo  votez pour la plus bel_494087/input_concat(Votez pour le plus beau chien de la cte d, , Opale )_jouer' is clicked on

2022-07-19 12:14:11 - [MESSAGE][PASSED] - Object: 'Object Repository/Page_Concours photo  votez pour la plus bel_494087/input_concat(Votez pour le plus beau chien de la cte d, , Opale )_jouer' is clicked on

2022-07-19 12:14:11 - [TEST_STEP][PASSED] - delay(1): Delayed 1 second(s)

2022-07-19 12:14:12 - [MESSAGE][PASSED] - Delayed 1 second(s)

2022-07-19 12:14:12 - [TEST_STEP][PASSED] - setText(findTestObject("Object Repository/Page_Concours photo  votez pour la plus bel_494087/input_trie par_keyword"), "Gaspard"): Text 'Gaspard' is set on object 'Object Repository/Page_Concours photo  votez pour la plus bel_494087/input_trie par_keyword'

2022-07-19 12:14:14 - [MESSAGE][PASSED] - Text 'Gaspard' is set on object 'Object Repository/Page_Concours photo  votez pour la plus bel_494087/input_trie par_keyword'

2022-07-19 12:14:14 - [TEST_STEP][PASSED] - sendKeys(findTestObject("Page_Concours photo  votez pour la plus bel_494087/input_trie par_keyword"), Keys.chord(ENTER)): Keys 'ENTER + ' sent to object: 'Object Repository/Page_Concours photo  votez pour la plus bel_494087/input_trie par_keyword'

2022-07-19 12:14:15 - [MESSAGE][PASSED] - Keys 'ENTER + ' sent to object: 'Object Repository/Page_Concours photo  votez pour la plus bel_494087/input_trie par_keyword'

2022-07-19 12:14:15 - [TEST_STEP][PASSED] - click(findTestObject("Page_Concours photo  votez pour la plus bel_494087/tri")): Object: 'Object Repository/Page_Concours photo  votez pour la plus bel_494087/tri' is clicked on

2022-07-19 12:14:15 - [MESSAGE][PASSED] - Object: 'Object Repository/Page_Concours photo  votez pour la plus bel_494087/tri' is clicked on

2022-07-19 12:14:15 - [TEST_STEP][PASSED] - click(findTestObject("Page_Concours photo  votez pour la plus bel_494087/plus de votes")): Object: 'Object Repository/Page_Concours photo  votez pour la plus bel_494087/plus de votes' is clicked on

2022-07-19 12:14:16 - [MESSAGE][PASSED] - Object: 'Object Repository/Page_Concours photo  votez pour la plus bel_494087/plus de votes' is clicked on

2022-07-19 12:14:17 - [TEST_STEP][PASSED] - click(findTestObject("Object Repository/Page_Concours photo  votez pour la plus bel_494087/i_Votes_fa fa-heart")): Object: 'Object Repository/Page_Concours photo  votez pour la plus bel_494087/i_Votes_fa fa-heart' is clicked on

2022-07-19 12:14:18 - [MESSAGE][PASSED] - Object: 'Object Repository/Page_Concours photo  votez pour la plus bel_494087/i_Votes_fa fa-heart' is clicked on

2022-07-19 12:14:18 - [TEST_STEP][PASSED] - delay(1): Delayed 1 second(s)

2022-07-19 12:14:19 - [MESSAGE][PASSED] - Delayed 1 second(s)

2022-07-19 12:14:19 - [TEST_STEP][PASSED] - closeBrowser(): Browser is closed

2022-07-19 12:14:19 - [MESSAGE][PASSED] - Browser is closed]]></system-out>
         <system-err><![CDATA[]]></system-err>
      </testcase>
      <testcase name="Test Cases/Vote" time="36.072" classname="Test Cases/Vote" status="PASSED">
         <system-out><![CDATA[2022-07-19 12:14:19 - [TEST_CASE][PASSED] - Test Cases/Vote: Test Cases/Vote

2022-07-19 12:14:19 - [TEST_STEP][PASSED] - openBrowser(""): Browser is opened with url: ''

2022-07-19 12:14:19 - [MESSAGE][INFO] - Starting 'Chrome' driver

2022-07-19 12:14:19 - [MESSAGE][INFO] - Action delay is set to 0 milliseconds

2022-07-19 12:14:20 - [MESSAGE][PASSED] - Browser is opened with url: ''

2022-07-19 12:14:20 - [TEST_STEP][PASSED] - navigateToUrl("https://lesechosdutouquet.nordlittoral.fr/147787/article/2022-06-30/concours-photo-montrez-nous-la-plus-belle-photo-de-votre-chien-en-promenade-sur#l5lb6r47qsmp9ur58y"): Navigate to 'https://lesechosdutouquet.nordlittoral.fr/147787/article/2022-06-30/concours-photo-montrez-nous-la-plus-belle-photo-de-votre-chien-en-promenade-sur#l5lb6r47qsmp9ur58y' successfully

2022-07-19 12:14:29 - [MESSAGE][PASSED] - Navigate to 'https://lesechosdutouquet.nordlittoral.fr/147787/article/2022-06-30/concours-photo-montrez-nous-la-plus-belle-photo-de-votre-chien-en-promenade-sur#l5lb6r47qsmp9ur58y' successfully

2022-07-19 12:14:29 - [TEST_STEP][PASSED] - setViewPortSize(1920, 1080): Viewport is set to new size with width = 1920 and height = 1080

2022-07-19 12:14:29 - [MESSAGE][PASSED] - Viewport is set to new size with width = 1920 and height = 1080

2022-07-19 12:14:29 - [TEST_STEP][PASSED] - click(findTestObject("Object Repository/Page_Concours photo  votez pour la plus bel_494087/button_Accepter  Fermer")): Object: 'Object Repository/Page_Concours photo  votez pour la plus bel_494087/button_Accepter  Fermer' is clicked on

2022-07-19 12:14:30 - [MESSAGE][PASSED] - Object: 'Object Repository/Page_Concours photo  votez pour la plus bel_494087/button_Accepter  Fermer' is clicked on

2022-07-19 12:14:30 - [TEST_STEP][PASSED] - delay(12): Delayed 12 second(s)

2022-07-19 12:14:42 - [MESSAGE][PASSED] - Delayed 12 second(s)

2022-07-19 12:14:42 - [TEST_STEP][PASSED] - click(findTestObject("Object Repository/Page_Concours photo  votez pour la plus bel_494087/a_X")): Object: 'Object Repository/Page_Concours photo  votez pour la plus bel_494087/a_X' is clicked on

2022-07-19 12:14:43 - [MESSAGE][PASSED] - Object: 'Object Repository/Page_Concours photo  votez pour la plus bel_494087/a_X' is clicked on

2022-07-19 12:14:43 - [TEST_STEP][PASSED] - delay(1): Delayed 1 second(s)

2022-07-19 12:14:44 - [MESSAGE][PASSED] - Delayed 1 second(s)

2022-07-19 12:14:44 - [TEST_STEP][PASSED] - click(findTestObject("Object Repository/Page_Concours photo  votez pour la plus bel_494087/input_concat(Votez pour le plus beau chien de la cte d, , Opale )_jouer")): Object: 'Object Repository/Page_Concours photo  votez pour la plus bel_494087/input_concat(Votez pour le plus beau chien de la cte d, , Opale )_jouer' is clicked on

2022-07-19 12:14:45 - [MESSAGE][PASSED] - Object: 'Object Repository/Page_Concours photo  votez pour la plus bel_494087/input_concat(Votez pour le plus beau chien de la cte d, , Opale )_jouer' is clicked on

2022-07-19 12:14:45 - [TEST_STEP][PASSED] - if (verifyElementPresent(findTestObject("Page_Concours photo  votez pour la plus bel_494087/input_concat(Votez pour le plus beau chien de la cte d, , Opale )_jouer"), 1, OPTIONAL)): null

2022-07-19 12:14:46 - [MESSAGE][PASSED] - Object 'Object Repository/Page_Concours photo  votez pour la plus bel_494087/input_concat(Votez pour le plus beau chien de la cte d, , Opale )_jouer' is present

2022-07-19 12:14:46 - [TEST_STEP][PASSED] - click(findTestObject("Object Repository/Page_Concours photo  votez pour la plus bel_494087/input_concat(Votez pour le plus beau chien de la cte d, , Opale )_jouer")): Object: 'Object Repository/Page_Concours photo  votez pour la plus bel_494087/input_concat(Votez pour le plus beau chien de la cte d, , Opale )_jouer' is clicked on

2022-07-19 12:14:47 - [MESSAGE][PASSED] - Object: 'Object Repository/Page_Concours photo  votez pour la plus bel_494087/input_concat(Votez pour le plus beau chien de la cte d, , Opale )_jouer' is clicked on

2022-07-19 12:14:47 - [TEST_STEP][PASSED] - delay(1): Delayed 1 second(s)

2022-07-19 12:14:48 - [MESSAGE][PASSED] - Delayed 1 second(s)

2022-07-19 12:14:48 - [TEST_STEP][PASSED] - setText(findTestObject("Object Repository/Page_Concours photo  votez pour la plus bel_494087/input_trie par_keyword"), "Gaspard"): Text 'Gaspard' is set on object 'Object Repository/Page_Concours photo  votez pour la plus bel_494087/input_trie par_keyword'

2022-07-19 12:14:50 - [MESSAGE][PASSED] - Text 'Gaspard' is set on object 'Object Repository/Page_Concours photo  votez pour la plus bel_494087/input_trie par_keyword'

2022-07-19 12:14:50 - [TEST_STEP][PASSED] - sendKeys(findTestObject("Page_Concours photo  votez pour la plus bel_494087/input_trie par_keyword"), Keys.chord(ENTER)): Keys 'ENTER + ' sent to object: 'Object Repository/Page_Concours photo  votez pour la plus bel_494087/input_trie par_keyword'

2022-07-19 12:14:50 - [MESSAGE][PASSED] - Keys 'ENTER + ' sent to object: 'Object Repository/Page_Concours photo  votez pour la plus bel_494087/input_trie par_keyword'

2022-07-19 12:14:50 - [TEST_STEP][PASSED] - click(findTestObject("Page_Concours photo  votez pour la plus bel_494087/tri")): Object: 'Object Repository/Page_Concours photo  votez pour la plus bel_494087/tri' is clicked on

2022-07-19 12:14:51 - [MESSAGE][PASSED] - Object: 'Object Repository/Page_Concours photo  votez pour la plus bel_494087/tri' is clicked on

2022-07-19 12:14:51 - [TEST_STEP][PASSED] - click(findTestObject("Page_Concours photo  votez pour la plus bel_494087/plus de votes")): Object: 'Object Repository/Page_Concours photo  votez pour la plus bel_494087/plus de votes' is clicked on

2022-07-19 12:14:52 - [MESSAGE][PASSED] - Object: 'Object Repository/Page_Concours photo  votez pour la plus bel_494087/plus de votes' is clicked on

2022-07-19 12:14:53 - [TEST_STEP][PASSED] - click(findTestObject("Object Repository/Page_Concours photo  votez pour la plus bel_494087/i_Votes_fa fa-heart")): Object: 'Object Repository/Page_Concours photo  votez pour la plus bel_494087/i_Votes_fa fa-heart' is clicked on

2022-07-19 12:14:54 - [MESSAGE][PASSED] - Object: 'Object Repository/Page_Concours photo  votez pour la plus bel_494087/i_Votes_fa fa-heart' is clicked on

2022-07-19 12:14:54 - [TEST_STEP][PASSED] - delay(1): Delayed 1 second(s)

2022-07-19 12:14:55 - [MESSAGE][PASSED] - Delayed 1 second(s)

2022-07-19 12:14:55 - [TEST_STEP][PASSED] - closeBrowser(): Browser is closed

2022-07-19 12:14:55 - [MESSAGE][PASSED] - Browser is closed]]></system-out>
         <system-err><![CDATA[]]></system-err>
      </testcase>
      <testcase name="Test Cases/Vote" time="30.933" classname="Test Cases/Vote" status="PASSED">
         <system-out><![CDATA[2022-07-19 12:14:55 - [TEST_CASE][PASSED] - Test Cases/Vote: Test Cases/Vote

2022-07-19 12:14:55 - [TEST_STEP][PASSED] - openBrowser(""): Browser is opened with url: ''

2022-07-19 12:14:55 - [MESSAGE][INFO] - Starting 'Chrome' driver

2022-07-19 12:14:55 - [MESSAGE][INFO] - Action delay is set to 0 milliseconds

2022-07-19 12:14:56 - [MESSAGE][PASSED] - Browser is opened with url: ''

2022-07-19 12:14:56 - [TEST_STEP][PASSED] - navigateToUrl("https://lesechosdutouquet.nordlittoral.fr/147787/article/2022-06-30/concours-photo-montrez-nous-la-plus-belle-photo-de-votre-chien-en-promenade-sur#l5lb6r47qsmp9ur58y"): Navigate to 'https://lesechosdutouquet.nordlittoral.fr/147787/article/2022-06-30/concours-photo-montrez-nous-la-plus-belle-photo-de-votre-chien-en-promenade-sur#l5lb6r47qsmp9ur58y' successfully

2022-07-19 12:14:59 - [MESSAGE][PASSED] - Navigate to 'https://lesechosdutouquet.nordlittoral.fr/147787/article/2022-06-30/concours-photo-montrez-nous-la-plus-belle-photo-de-votre-chien-en-promenade-sur#l5lb6r47qsmp9ur58y' successfully

2022-07-19 12:14:59 - [TEST_STEP][PASSED] - setViewPortSize(1920, 1080): Viewport is set to new size with width = 1920 and height = 1080

2022-07-19 12:14:59 - [MESSAGE][PASSED] - Viewport is set to new size with width = 1920 and height = 1080

2022-07-19 12:14:59 - [TEST_STEP][PASSED] - click(findTestObject("Object Repository/Page_Concours photo  votez pour la plus bel_494087/button_Accepter  Fermer")): Object: 'Object Repository/Page_Concours photo  votez pour la plus bel_494087/button_Accepter  Fermer' is clicked on

2022-07-19 12:15:00 - [MESSAGE][PASSED] - Object: 'Object Repository/Page_Concours photo  votez pour la plus bel_494087/button_Accepter  Fermer' is clicked on

2022-07-19 12:15:00 - [TEST_STEP][PASSED] - delay(12): Delayed 12 second(s)

2022-07-19 12:15:12 - [MESSAGE][PASSED] - Delayed 12 second(s)

2022-07-19 12:15:12 - [TEST_STEP][PASSED] - click(findTestObject("Object Repository/Page_Concours photo  votez pour la plus bel_494087/a_X")): Object: 'Object Repository/Page_Concours photo  votez pour la plus bel_494087/a_X' is clicked on

2022-07-19 12:15:12 - [MESSAGE][PASSED] - Object: 'Object Repository/Page_Concours photo  votez pour la plus bel_494087/a_X' is clicked on

2022-07-19 12:15:12 - [TEST_STEP][PASSED] - delay(1): Delayed 1 second(s)

2022-07-19 12:15:13 - [MESSAGE][PASSED] - Delayed 1 second(s)

2022-07-19 12:15:13 - [TEST_STEP][PASSED] - click(findTestObject("Object Repository/Page_Concours photo  votez pour la plus bel_494087/input_concat(Votez pour le plus beau chien de la cte d, , Opale )_jouer")): Object: 'Object Repository/Page_Concours photo  votez pour la plus bel_494087/input_concat(Votez pour le plus beau chien de la cte d, , Opale )_jouer' is clicked on

2022-07-19 12:15:14 - [MESSAGE][PASSED] - Object: 'Object Repository/Page_Concours photo  votez pour la plus bel_494087/input_concat(Votez pour le plus beau chien de la cte d, , Opale )_jouer' is clicked on

2022-07-19 12:15:14 - [TEST_STEP][PASSED] - if (verifyElementPresent(findTestObject("Page_Concours photo  votez pour la plus bel_494087/input_concat(Votez pour le plus beau chien de la cte d, , Opale )_jouer"), 1, OPTIONAL)): null

2022-07-19 12:15:16 - [MESSAGE][PASSED] - Object 'Object Repository/Page_Concours photo  votez pour la plus bel_494087/input_concat(Votez pour le plus beau chien de la cte d, , Opale )_jouer' is present

2022-07-19 12:15:16 - [TEST_STEP][PASSED] - click(findTestObject("Object Repository/Page_Concours photo  votez pour la plus bel_494087/input_concat(Votez pour le plus beau chien de la cte d, , Opale )_jouer")): Object: 'Object Repository/Page_Concours photo  votez pour la plus bel_494087/input_concat(Votez pour le plus beau chien de la cte d, , Opale )_jouer' is clicked on

2022-07-19 12:15:16 - [MESSAGE][PASSED] - Object: 'Object Repository/Page_Concours photo  votez pour la plus bel_494087/input_concat(Votez pour le plus beau chien de la cte d, , Opale )_jouer' is clicked on

2022-07-19 12:15:16 - [TEST_STEP][PASSED] - delay(1): Delayed 1 second(s)

2022-07-19 12:15:17 - [MESSAGE][PASSED] - Delayed 1 second(s)

2022-07-19 12:15:17 - [TEST_STEP][PASSED] - setText(findTestObject("Object Repository/Page_Concours photo  votez pour la plus bel_494087/input_trie par_keyword"), "Gaspard"): Text 'Gaspard' is set on object 'Object Repository/Page_Concours photo  votez pour la plus bel_494087/input_trie par_keyword'

2022-07-19 12:15:20 - [MESSAGE][PASSED] - Text 'Gaspard' is set on object 'Object Repository/Page_Concours photo  votez pour la plus bel_494087/input_trie par_keyword'

2022-07-19 12:15:20 - [TEST_STEP][PASSED] - sendKeys(findTestObject("Page_Concours photo  votez pour la plus bel_494087/input_trie par_keyword"), Keys.chord(ENTER)): Keys 'ENTER + ' sent to object: 'Object Repository/Page_Concours photo  votez pour la plus bel_494087/input_trie par_keyword'

2022-07-19 12:15:20 - [MESSAGE][PASSED] - Keys 'ENTER + ' sent to object: 'Object Repository/Page_Concours photo  votez pour la plus bel_494087/input_trie par_keyword'

2022-07-19 12:15:20 - [TEST_STEP][PASSED] - click(findTestObject("Page_Concours photo  votez pour la plus bel_494087/tri")): Object: 'Object Repository/Page_Concours photo  votez pour la plus bel_494087/tri' is clicked on

2022-07-19 12:15:22 - [MESSAGE][PASSED] - Object: 'Object Repository/Page_Concours photo  votez pour la plus bel_494087/tri' is clicked on

2022-07-19 12:15:22 - [TEST_STEP][PASSED] - click(findTestObject("Page_Concours photo  votez pour la plus bel_494087/plus de votes")): Object: 'Object Repository/Page_Concours photo  votez pour la plus bel_494087/plus de votes' is clicked on

2022-07-19 12:15:22 - [MESSAGE][PASSED] - Object: 'Object Repository/Page_Concours photo  votez pour la plus bel_494087/plus de votes' is clicked on

2022-07-19 12:15:24 - [TEST_STEP][PASSED] - click(findTestObject("Object Repository/Page_Concours photo  votez pour la plus bel_494087/i_Votes_fa fa-heart")): Object: 'Object Repository/Page_Concours photo  votez pour la plus bel_494087/i_Votes_fa fa-heart' is clicked on

2022-07-19 12:15:25 - [MESSAGE][PASSED] - Object: 'Object Repository/Page_Concours photo  votez pour la plus bel_494087/i_Votes_fa fa-heart' is clicked on

2022-07-19 12:15:25 - [TEST_STEP][PASSED] - delay(1): Delayed 1 second(s)

2022-07-19 12:15:26 - [MESSAGE][PASSED] - Delayed 1 second(s)

2022-07-19 12:15:26 - [TEST_STEP][PASSED] - closeBrowser(): Browser is closed

2022-07-19 12:15:26 - [MESSAGE][PASSED] - Browser is closed]]></system-out>
         <system-err><![CDATA[]]></system-err>
      </testcase>
      <testcase name="Test Cases/Vote" time="31.339" classname="Test Cases/Vote" status="PASSED">
         <system-out><![CDATA[2022-07-19 12:15:26 - [TEST_CASE][PASSED] - Test Cases/Vote: Test Cases/Vote

2022-07-19 12:15:26 - [TEST_STEP][PASSED] - openBrowser(""): Browser is opened with url: ''

2022-07-19 12:15:26 - [MESSAGE][INFO] - Starting 'Chrome' driver

2022-07-19 12:15:26 - [MESSAGE][INFO] - Action delay is set to 0 milliseconds

2022-07-19 12:15:27 - [MESSAGE][PASSED] - Browser is opened with url: ''

2022-07-19 12:15:27 - [TEST_STEP][PASSED] - navigateToUrl("https://lesechosdutouquet.nordlittoral.fr/147787/article/2022-06-30/concours-photo-montrez-nous-la-plus-belle-photo-de-votre-chien-en-promenade-sur#l5lb6r47qsmp9ur58y"): Navigate to 'https://lesechosdutouquet.nordlittoral.fr/147787/article/2022-06-30/concours-photo-montrez-nous-la-plus-belle-photo-de-votre-chien-en-promenade-sur#l5lb6r47qsmp9ur58y' successfully

2022-07-19 12:15:30 - [MESSAGE][PASSED] - Navigate to 'https://lesechosdutouquet.nordlittoral.fr/147787/article/2022-06-30/concours-photo-montrez-nous-la-plus-belle-photo-de-votre-chien-en-promenade-sur#l5lb6r47qsmp9ur58y' successfully

2022-07-19 12:15:30 - [TEST_STEP][PASSED] - setViewPortSize(1920, 1080): Viewport is set to new size with width = 1920 and height = 1080

2022-07-19 12:15:30 - [MESSAGE][PASSED] - Viewport is set to new size with width = 1920 and height = 1080

2022-07-19 12:15:30 - [TEST_STEP][PASSED] - click(findTestObject("Object Repository/Page_Concours photo  votez pour la plus bel_494087/button_Accepter  Fermer")): Object: 'Object Repository/Page_Concours photo  votez pour la plus bel_494087/button_Accepter  Fermer' is clicked on

2022-07-19 12:15:31 - [MESSAGE][PASSED] - Object: 'Object Repository/Page_Concours photo  votez pour la plus bel_494087/button_Accepter  Fermer' is clicked on

2022-07-19 12:15:31 - [TEST_STEP][PASSED] - delay(12): Delayed 12 second(s)

2022-07-19 12:15:43 - [MESSAGE][PASSED] - Delayed 12 second(s)

2022-07-19 12:15:43 - [TEST_STEP][PASSED] - click(findTestObject("Object Repository/Page_Concours photo  votez pour la plus bel_494087/a_X")): Object: 'Object Repository/Page_Concours photo  votez pour la plus bel_494087/a_X' is clicked on

2022-07-19 12:15:44 - [MESSAGE][PASSED] - Object: 'Object Repository/Page_Concours photo  votez pour la plus bel_494087/a_X' is clicked on

2022-07-19 12:15:44 - [TEST_STEP][PASSED] - delay(1): Delayed 1 second(s)

2022-07-19 12:15:45 - [MESSAGE][PASSED] - Delayed 1 second(s)

2022-07-19 12:15:45 - [TEST_STEP][PASSED] - click(findTestObject("Object Repository/Page_Concours photo  votez pour la plus bel_494087/input_concat(Votez pour le plus beau chien de la cte d, , Opale )_jouer")): Object: 'Object Repository/Page_Concours photo  votez pour la plus bel_494087/input_concat(Votez pour le plus beau chien de la cte d, , Opale )_jouer' is clicked on

2022-07-19 12:15:45 - [MESSAGE][PASSED] - Object: 'Object Repository/Page_Concours photo  votez pour la plus bel_494087/input_concat(Votez pour le plus beau chien de la cte d, , Opale )_jouer' is clicked on

2022-07-19 12:15:45 - [TEST_STEP][PASSED] - if (verifyElementPresent(findTestObject("Page_Concours photo  votez pour la plus bel_494087/input_concat(Votez pour le plus beau chien de la cte d, , Opale )_jouer"), 1, OPTIONAL)): null

2022-07-19 12:15:47 - [MESSAGE][PASSED] - Object 'Object Repository/Page_Concours photo  votez pour la plus bel_494087/input_concat(Votez pour le plus beau chien de la cte d, , Opale )_jouer' is present

2022-07-19 12:15:47 - [TEST_STEP][PASSED] - click(findTestObject("Object Repository/Page_Concours photo  votez pour la plus bel_494087/input_concat(Votez pour le plus beau chien de la cte d, , Opale )_jouer")): Object: 'Object Repository/Page_Concours photo  votez pour la plus bel_494087/input_concat(Votez pour le plus beau chien de la cte d, , Opale )_jouer' is clicked on

2022-07-19 12:15:47 - [MESSAGE][PASSED] - Object: 'Object Repository/Page_Concours photo  votez pour la plus bel_494087/input_concat(Votez pour le plus beau chien de la cte d, , Opale )_jouer' is clicked on

2022-07-19 12:15:47 - [TEST_STEP][PASSED] - delay(1): Delayed 1 second(s)

2022-07-19 12:15:48 - [MESSAGE][PASSED] - Delayed 1 second(s)

2022-07-19 12:15:48 - [TEST_STEP][PASSED] - setText(findTestObject("Object Repository/Page_Concours photo  votez pour la plus bel_494087/input_trie par_keyword"), "Gaspard"): Text 'Gaspard' is set on object 'Object Repository/Page_Concours photo  votez pour la plus bel_494087/input_trie par_keyword'

2022-07-19 12:15:52 - [MESSAGE][PASSED] - Text 'Gaspard' is set on object 'Object Repository/Page_Concours photo  votez pour la plus bel_494087/input_trie par_keyword'

2022-07-19 12:15:52 - [TEST_STEP][PASSED] - sendKeys(findTestObject("Page_Concours photo  votez pour la plus bel_494087/input_trie par_keyword"), Keys.chord(ENTER)): Keys 'ENTER + ' sent to object: 'Object Repository/Page_Concours photo  votez pour la plus bel_494087/input_trie par_keyword'

2022-07-19 12:15:53 - [MESSAGE][PASSED] - Keys 'ENTER + ' sent to object: 'Object Repository/Page_Concours photo  votez pour la plus bel_494087/input_trie par_keyword'

2022-07-19 12:15:53 - [TEST_STEP][PASSED] - click(findTestObject("Page_Concours photo  votez pour la plus bel_494087/tri")): Object: 'Object Repository/Page_Concours photo  votez pour la plus bel_494087/tri' is clicked on

2022-07-19 12:15:54 - [MESSAGE][PASSED] - Object: 'Object Repository/Page_Concours photo  votez pour la plus bel_494087/tri' is clicked on

2022-07-19 12:15:54 - [TEST_STEP][PASSED] - click(findTestObject("Page_Concours photo  votez pour la plus bel_494087/plus de votes")): Object: 'Object Repository/Page_Concours photo  votez pour la plus bel_494087/plus de votes' is clicked on

2022-07-19 12:15:54 - [MESSAGE][PASSED] - Object: 'Object Repository/Page_Concours photo  votez pour la plus bel_494087/plus de votes' is clicked on

2022-07-19 12:15:55 - [TEST_STEP][PASSED] - click(findTestObject("Object Repository/Page_Concours photo  votez pour la plus bel_494087/i_Votes_fa fa-heart")): Object: 'Object Repository/Page_Concours photo  votez pour la plus bel_494087/i_Votes_fa fa-heart' is clicked on

2022-07-19 12:15:56 - [MESSAGE][PASSED] - Object: 'Object Repository/Page_Concours photo  votez pour la plus bel_494087/i_Votes_fa fa-heart' is clicked on

2022-07-19 12:15:56 - [TEST_STEP][PASSED] - delay(1): Delayed 1 second(s)

2022-07-19 12:15:57 - [MESSAGE][PASSED] - Delayed 1 second(s)

2022-07-19 12:15:57 - [TEST_STEP][PASSED] - closeBrowser(): Browser is closed

2022-07-19 12:15:57 - [MESSAGE][PASSED] - Browser is closed]]></system-out>
         <system-err><![CDATA[]]></system-err>
      </testcase>
      <testcase name="Test Cases/Vote" time="28.986" classname="Test Cases/Vote" status="PASSED">
         <system-out><![CDATA[2022-07-19 12:15:57 - [TEST_CASE][PASSED] - Test Cases/Vote: Test Cases/Vote

2022-07-19 12:15:57 - [TEST_STEP][PASSED] - openBrowser(""): Browser is opened with url: ''

2022-07-19 12:15:57 - [MESSAGE][INFO] - Starting 'Chrome' driver

2022-07-19 12:15:57 - [MESSAGE][INFO] - Action delay is set to 0 milliseconds

2022-07-19 12:15:58 - [MESSAGE][PASSED] - Browser is opened with url: ''

2022-07-19 12:15:58 - [TEST_STEP][PASSED] - navigateToUrl("https://lesechosdutouquet.nordlittoral.fr/147787/article/2022-06-30/concours-photo-montrez-nous-la-plus-belle-photo-de-votre-chien-en-promenade-sur#l5lb6r47qsmp9ur58y"): Navigate to 'https://lesechosdutouquet.nordlittoral.fr/147787/article/2022-06-30/concours-photo-montrez-nous-la-plus-belle-photo-de-votre-chien-en-promenade-sur#l5lb6r47qsmp9ur58y' successfully

2022-07-19 12:16:01 - [MESSAGE][PASSED] - Navigate to 'https://lesechosdutouquet.nordlittoral.fr/147787/article/2022-06-30/concours-photo-montrez-nous-la-plus-belle-photo-de-votre-chien-en-promenade-sur#l5lb6r47qsmp9ur58y' successfully

2022-07-19 12:16:01 - [TEST_STEP][PASSED] - setViewPortSize(1920, 1080): Viewport is set to new size with width = 1920 and height = 1080

2022-07-19 12:16:01 - [MESSAGE][PASSED] - Viewport is set to new size with width = 1920 and height = 1080

2022-07-19 12:16:01 - [TEST_STEP][PASSED] - click(findTestObject("Object Repository/Page_Concours photo  votez pour la plus bel_494087/button_Accepter  Fermer")): Object: 'Object Repository/Page_Concours photo  votez pour la plus bel_494087/button_Accepter  Fermer' is clicked on

2022-07-19 12:16:02 - [MESSAGE][PASSED] - Object: 'Object Repository/Page_Concours photo  votez pour la plus bel_494087/button_Accepter  Fermer' is clicked on

2022-07-19 12:16:02 - [TEST_STEP][PASSED] - delay(12): Delayed 12 second(s)

2022-07-19 12:16:14 - [MESSAGE][PASSED] - Delayed 12 second(s)

2022-07-19 12:16:14 - [TEST_STEP][PASSED] - click(findTestObject("Object Repository/Page_Concours photo  votez pour la plus bel_494087/a_X")): Object: 'Object Repository/Page_Concours photo  votez pour la plus bel_494087/a_X' is clicked on

2022-07-19 12:16:15 - [MESSAGE][PASSED] - Object: 'Object Repository/Page_Concours photo  votez pour la plus bel_494087/a_X' is clicked on

2022-07-19 12:16:15 - [TEST_STEP][PASSED] - delay(1): Delayed 1 second(s)

2022-07-19 12:16:16 - [MESSAGE][PASSED] - Delayed 1 second(s)

2022-07-19 12:16:16 - [TEST_STEP][PASSED] - click(findTestObject("Object Repository/Page_Concours photo  votez pour la plus bel_494087/input_concat(Votez pour le plus beau chien de la cte d, , Opale )_jouer")): Object: 'Object Repository/Page_Concours photo  votez pour la plus bel_494087/input_concat(Votez pour le plus beau chien de la cte d, , Opale )_jouer' is clicked on

2022-07-19 12:16:16 - [MESSAGE][PASSED] - Object: 'Object Repository/Page_Concours photo  votez pour la plus bel_494087/input_concat(Votez pour le plus beau chien de la cte d, , Opale )_jouer' is clicked on

2022-07-19 12:16:16 - [TEST_STEP][PASSED] - if (verifyElementPresent(findTestObject("Page_Concours photo  votez pour la plus bel_494087/input_concat(Votez pour le plus beau chien de la cte d, , Opale )_jouer"), 1, OPTIONAL)): null

2022-07-19 12:16:17 - [MESSAGE][PASSED] - Object 'Object Repository/Page_Concours photo  votez pour la plus bel_494087/input_concat(Votez pour le plus beau chien de la cte d, , Opale )_jouer' is present

2022-07-19 12:16:17 - [TEST_STEP][PASSED] - click(findTestObject("Object Repository/Page_Concours photo  votez pour la plus bel_494087/input_concat(Votez pour le plus beau chien de la cte d, , Opale )_jouer")): Object: 'Object Repository/Page_Concours photo  votez pour la plus bel_494087/input_concat(Votez pour le plus beau chien de la cte d, , Opale )_jouer' is clicked on

2022-07-19 12:16:17 - [MESSAGE][PASSED] - Object: 'Object Repository/Page_Concours photo  votez pour la plus bel_494087/input_concat(Votez pour le plus beau chien de la cte d, , Opale )_jouer' is clicked on

2022-07-19 12:16:17 - [TEST_STEP][PASSED] - delay(1): Delayed 1 second(s)

2022-07-19 12:16:18 - [MESSAGE][PASSED] - Delayed 1 second(s)

2022-07-19 12:16:18 - [TEST_STEP][PASSED] - setText(findTestObject("Object Repository/Page_Concours photo  votez pour la plus bel_494087/input_trie par_keyword"), "Gaspard"): Text 'Gaspard' is set on object 'Object Repository/Page_Concours photo  votez pour la plus bel_494087/input_trie par_keyword'

2022-07-19 12:16:20 - [MESSAGE][PASSED] - Text 'Gaspard' is set on object 'Object Repository/Page_Concours photo  votez pour la plus bel_494087/input_trie par_keyword'

2022-07-19 12:16:20 - [TEST_STEP][PASSED] - sendKeys(findTestObject("Page_Concours photo  votez pour la plus bel_494087/input_trie par_keyword"), Keys.chord(ENTER)): Keys 'ENTER + ' sent to object: 'Object Repository/Page_Concours photo  votez pour la plus bel_494087/input_trie par_keyword'

2022-07-19 12:16:21 - [MESSAGE][PASSED] - Keys 'ENTER + ' sent to object: 'Object Repository/Page_Concours photo  votez pour la plus bel_494087/input_trie par_keyword'

2022-07-19 12:16:21 - [TEST_STEP][PASSED] - click(findTestObject("Page_Concours photo  votez pour la plus bel_494087/tri")): Object: 'Object Repository/Page_Concours photo  votez pour la plus bel_494087/tri' is clicked on

2022-07-19 12:16:22 - [MESSAGE][PASSED] - Object: 'Object Repository/Page_Concours photo  votez pour la plus bel_494087/tri' is clicked on

2022-07-19 12:16:22 - [TEST_STEP][PASSED] - click(findTestObject("Page_Concours photo  votez pour la plus bel_494087/plus de votes")): Object: 'Object Repository/Page_Concours photo  votez pour la plus bel_494087/plus de votes' is clicked on

2022-07-19 12:16:23 - [MESSAGE][PASSED] - Object: 'Object Repository/Page_Concours photo  votez pour la plus bel_494087/plus de votes' is clicked on

2022-07-19 12:16:24 - [TEST_STEP][PASSED] - click(findTestObject("Object Repository/Page_Concours photo  votez pour la plus bel_494087/i_Votes_fa fa-heart")): Object: 'Object Repository/Page_Concours photo  votez pour la plus bel_494087/i_Votes_fa fa-heart' is clicked on

2022-07-19 12:16:25 - [MESSAGE][PASSED] - Object: 'Object Repository/Page_Concours photo  votez pour la plus bel_494087/i_Votes_fa fa-heart' is clicked on

2022-07-19 12:16:25 - [TEST_STEP][PASSED] - delay(1): Delayed 1 second(s)

2022-07-19 12:16:26 - [MESSAGE][PASSED] - Delayed 1 second(s)

2022-07-19 12:16:26 - [TEST_STEP][PASSED] - closeBrowser(): Browser is closed

2022-07-19 12:16:26 - [MESSAGE][PASSED] - Browser is closed]]></system-out>
         <system-err><![CDATA[]]></system-err>
      </testcase>
      <testcase name="Test Cases/Vote" time="30.396" classname="Test Cases/Vote" status="PASSED">
         <system-out><![CDATA[2022-07-19 12:16:26 - [TEST_CASE][PASSED] - Test Cases/Vote: Test Cases/Vote

2022-07-19 12:16:26 - [TEST_STEP][PASSED] - openBrowser(""): Browser is opened with url: ''

2022-07-19 12:16:26 - [MESSAGE][INFO] - Starting 'Chrome' driver

2022-07-19 12:16:26 - [MESSAGE][INFO] - Action delay is set to 0 milliseconds

2022-07-19 12:16:27 - [MESSAGE][PASSED] - Browser is opened with url: ''

2022-07-19 12:16:27 - [TEST_STEP][PASSED] - navigateToUrl("https://lesechosdutouquet.nordlittoral.fr/147787/article/2022-06-30/concours-photo-montrez-nous-la-plus-belle-photo-de-votre-chien-en-promenade-sur#l5lb6r47qsmp9ur58y"): Navigate to 'https://lesechosdutouquet.nordlittoral.fr/147787/article/2022-06-30/concours-photo-montrez-nous-la-plus-belle-photo-de-votre-chien-en-promenade-sur#l5lb6r47qsmp9ur58y' successfully

2022-07-19 12:16:30 - [MESSAGE][PASSED] - Navigate to 'https://lesechosdutouquet.nordlittoral.fr/147787/article/2022-06-30/concours-photo-montrez-nous-la-plus-belle-photo-de-votre-chien-en-promenade-sur#l5lb6r47qsmp9ur58y' successfully

2022-07-19 12:16:30 - [TEST_STEP][PASSED] - setViewPortSize(1920, 1080): Viewport is set to new size with width = 1920 and height = 1080

2022-07-19 12:16:30 - [MESSAGE][PASSED] - Viewport is set to new size with width = 1920 and height = 1080

2022-07-19 12:16:30 - [TEST_STEP][PASSED] - click(findTestObject("Object Repository/Page_Concours photo  votez pour la plus bel_494087/button_Accepter  Fermer")): Object: 'Object Repository/Page_Concours photo  votez pour la plus bel_494087/button_Accepter  Fermer' is clicked on

2022-07-19 12:16:31 - [MESSAGE][PASSED] - Object: 'Object Repository/Page_Concours photo  votez pour la plus bel_494087/button_Accepter  Fermer' is clicked on

2022-07-19 12:16:31 - [TEST_STEP][PASSED] - delay(12): Delayed 12 second(s)

2022-07-19 12:16:43 - [MESSAGE][PASSED] - Delayed 12 second(s)

2022-07-19 12:16:43 - [TEST_STEP][PASSED] - click(findTestObject("Object Repository/Page_Concours photo  votez pour la plus bel_494087/a_X")): Object: 'Object Repository/Page_Concours photo  votez pour la plus bel_494087/a_X' is clicked on

2022-07-19 12:16:44 - [MESSAGE][PASSED] - Object: 'Object Repository/Page_Concours photo  votez pour la plus bel_494087/a_X' is clicked on

2022-07-19 12:16:44 - [TEST_STEP][PASSED] - delay(1): Delayed 1 second(s)

2022-07-19 12:16:45 - [MESSAGE][PASSED] - Delayed 1 second(s)

2022-07-19 12:16:45 - [TEST_STEP][PASSED] - click(findTestObject("Object Repository/Page_Concours photo  votez pour la plus bel_494087/input_concat(Votez pour le plus beau chien de la cte d, , Opale )_jouer")): Object: 'Object Repository/Page_Concours photo  votez pour la plus bel_494087/input_concat(Votez pour le plus beau chien de la cte d, , Opale )_jouer' is clicked on

2022-07-19 12:16:45 - [MESSAGE][PASSED] - Object: 'Object Repository/Page_Concours photo  votez pour la plus bel_494087/input_concat(Votez pour le plus beau chien de la cte d, , Opale )_jouer' is clicked on

2022-07-19 12:16:45 - [TEST_STEP][PASSED] - if (verifyElementPresent(findTestObject("Page_Concours photo  votez pour la plus bel_494087/input_concat(Votez pour le plus beau chien de la cte d, , Opale )_jouer"), 1, OPTIONAL)): null

2022-07-19 12:16:47 - [MESSAGE][PASSED] - Object 'Object Repository/Page_Concours photo  votez pour la plus bel_494087/input_concat(Votez pour le plus beau chien de la cte d, , Opale )_jouer' is present

2022-07-19 12:16:47 - [TEST_STEP][PASSED] - click(findTestObject("Object Repository/Page_Concours photo  votez pour la plus bel_494087/input_concat(Votez pour le plus beau chien de la cte d, , Opale )_jouer")): Object: 'Object Repository/Page_Concours photo  votez pour la plus bel_494087/input_concat(Votez pour le plus beau chien de la cte d, , Opale )_jouer' is clicked on

2022-07-19 12:16:47 - [MESSAGE][PASSED] - Object: 'Object Repository/Page_Concours photo  votez pour la plus bel_494087/input_concat(Votez pour le plus beau chien de la cte d, , Opale )_jouer' is clicked on

2022-07-19 12:16:47 - [TEST_STEP][PASSED] - delay(1): Delayed 1 second(s)

2022-07-19 12:16:48 - [MESSAGE][PASSED] - Delayed 1 second(s)

2022-07-19 12:16:48 - [TEST_STEP][PASSED] - setText(findTestObject("Object Repository/Page_Concours photo  votez pour la plus bel_494087/input_trie par_keyword"), "Gaspard"): Text 'Gaspard' is set on object 'Object Repository/Page_Concours photo  votez pour la plus bel_494087/input_trie par_keyword'

2022-07-19 12:16:52 - [MESSAGE][PASSED] - Text 'Gaspard' is set on object 'Object Repository/Page_Concours photo  votez pour la plus bel_494087/input_trie par_keyword'

2022-07-19 12:16:52 - [TEST_STEP][PASSED] - sendKeys(findTestObject("Page_Concours photo  votez pour la plus bel_494087/input_trie par_keyword"), Keys.chord(ENTER)): Keys 'ENTER + ' sent to object: 'Object Repository/Page_Concours photo  votez pour la plus bel_494087/input_trie par_keyword'

2022-07-19 12:16:52 - [MESSAGE][PASSED] - Keys 'ENTER + ' sent to object: 'Object Repository/Page_Concours photo  votez pour la plus bel_494087/input_trie par_keyword'

2022-07-19 12:16:52 - [TEST_STEP][PASSED] - click(findTestObject("Page_Concours photo  votez pour la plus bel_494087/tri")): Object: 'Object Repository/Page_Concours photo  votez pour la plus bel_494087/tri' is clicked on

2022-07-19 12:16:53 - [MESSAGE][PASSED] - Object: 'Object Repository/Page_Concours photo  votez pour la plus bel_494087/tri' is clicked on

2022-07-19 12:16:53 - [TEST_STEP][PASSED] - click(findTestObject("Page_Concours photo  votez pour la plus bel_494087/plus de votes")): Object: 'Object Repository/Page_Concours photo  votez pour la plus bel_494087/plus de votes' is clicked on

2022-07-19 12:16:53 - [MESSAGE][PASSED] - Object: 'Object Repository/Page_Concours photo  votez pour la plus bel_494087/plus de votes' is clicked on

2022-07-19 12:16:55 - [TEST_STEP][PASSED] - click(findTestObject("Object Repository/Page_Concours photo  votez pour la plus bel_494087/i_Votes_fa fa-heart")): Object: 'Object Repository/Page_Concours photo  votez pour la plus bel_494087/i_Votes_fa fa-heart' is clicked on

2022-07-19 12:16:55 - [MESSAGE][PASSED] - Object: 'Object Repository/Page_Concours photo  votez pour la plus bel_494087/i_Votes_fa fa-heart' is clicked on

2022-07-19 12:16:55 - [TEST_STEP][PASSED] - delay(1): Delayed 1 second(s)

2022-07-19 12:16:56 - [MESSAGE][PASSED] - Delayed 1 second(s)

2022-07-19 12:16:56 - [TEST_STEP][PASSED] - closeBrowser(): Browser is closed

2022-07-19 12:16:57 - [MESSAGE][PASSED] - Browser is closed]]></system-out>
         <system-err><![CDATA[]]></system-err>
      </testcase>
      <testcase name="Test Cases/Vote" time="31.405" classname="Test Cases/Vote" status="PASSED">
         <system-out><![CDATA[2022-07-19 12:16:57 - [TEST_CASE][PASSED] - Test Cases/Vote: Test Cases/Vote

2022-07-19 12:16:57 - [TEST_STEP][PASSED] - openBrowser(""): Browser is opened with url: ''

2022-07-19 12:16:57 - [MESSAGE][INFO] - Starting 'Chrome' driver

2022-07-19 12:16:57 - [MESSAGE][INFO] - Action delay is set to 0 milliseconds

2022-07-19 12:16:58 - [MESSAGE][PASSED] - Browser is opened with url: ''

2022-07-19 12:16:58 - [TEST_STEP][PASSED] - navigateToUrl("https://lesechosdutouquet.nordlittoral.fr/147787/article/2022-06-30/concours-photo-montrez-nous-la-plus-belle-photo-de-votre-chien-en-promenade-sur#l5lb6r47qsmp9ur58y"): Navigate to 'https://lesechosdutouquet.nordlittoral.fr/147787/article/2022-06-30/concours-photo-montrez-nous-la-plus-belle-photo-de-votre-chien-en-promenade-sur#l5lb6r47qsmp9ur58y' successfully

2022-07-19 12:17:00 - [MESSAGE][PASSED] - Navigate to 'https://lesechosdutouquet.nordlittoral.fr/147787/article/2022-06-30/concours-photo-montrez-nous-la-plus-belle-photo-de-votre-chien-en-promenade-sur#l5lb6r47qsmp9ur58y' successfully

2022-07-19 12:17:00 - [TEST_STEP][PASSED] - setViewPortSize(1920, 1080): Viewport is set to new size with width = 1920 and height = 1080

2022-07-19 12:17:00 - [MESSAGE][PASSED] - Viewport is set to new size with width = 1920 and height = 1080

2022-07-19 12:17:00 - [TEST_STEP][PASSED] - click(findTestObject("Object Repository/Page_Concours photo  votez pour la plus bel_494087/button_Accepter  Fermer")): Object: 'Object Repository/Page_Concours photo  votez pour la plus bel_494087/button_Accepter  Fermer' is clicked on

2022-07-19 12:17:01 - [MESSAGE][PASSED] - Object: 'Object Repository/Page_Concours photo  votez pour la plus bel_494087/button_Accepter  Fermer' is clicked on

2022-07-19 12:17:01 - [TEST_STEP][PASSED] - delay(12): Delayed 12 second(s)

2022-07-19 12:17:13 - [MESSAGE][PASSED] - Delayed 12 second(s)

2022-07-19 12:17:13 - [TEST_STEP][PASSED] - click(findTestObject("Object Repository/Page_Concours photo  votez pour la plus bel_494087/a_X")): Object: 'Object Repository/Page_Concours photo  votez pour la plus bel_494087/a_X' is clicked on

2022-07-19 12:17:14 - [MESSAGE][PASSED] - Object: 'Object Repository/Page_Concours photo  votez pour la plus bel_494087/a_X' is clicked on

2022-07-19 12:17:14 - [TEST_STEP][PASSED] - delay(1): Delayed 1 second(s)

2022-07-19 12:17:15 - [MESSAGE][PASSED] - Delayed 1 second(s)

2022-07-19 12:17:15 - [TEST_STEP][PASSED] - click(findTestObject("Object Repository/Page_Concours photo  votez pour la plus bel_494087/input_concat(Votez pour le plus beau chien de la cte d, , Opale )_jouer")): Object: 'Object Repository/Page_Concours photo  votez pour la plus bel_494087/input_concat(Votez pour le plus beau chien de la cte d, , Opale )_jouer' is clicked on

2022-07-19 12:17:16 - [MESSAGE][PASSED] - Object: 'Object Repository/Page_Concours photo  votez pour la plus bel_494087/input_concat(Votez pour le plus beau chien de la cte d, , Opale )_jouer' is clicked on

2022-07-19 12:17:16 - [TEST_STEP][PASSED] - if (verifyElementPresent(findTestObject("Page_Concours photo  votez pour la plus bel_494087/input_concat(Votez pour le plus beau chien de la cte d, , Opale )_jouer"), 1, OPTIONAL)): null

2022-07-19 12:17:18 - [MESSAGE][PASSED] - Object 'Object Repository/Page_Concours photo  votez pour la plus bel_494087/input_concat(Votez pour le plus beau chien de la cte d, , Opale )_jouer' is present

2022-07-19 12:17:18 - [TEST_STEP][PASSED] - click(findTestObject("Object Repository/Page_Concours photo  votez pour la plus bel_494087/input_concat(Votez pour le plus beau chien de la cte d, , Opale )_jouer")): Object: 'Object Repository/Page_Concours photo  votez pour la plus bel_494087/input_concat(Votez pour le plus beau chien de la cte d, , Opale )_jouer' is clicked on

2022-07-19 12:17:19 - [MESSAGE][PASSED] - Object: 'Object Repository/Page_Concours photo  votez pour la plus bel_494087/input_concat(Votez pour le plus beau chien de la cte d, , Opale )_jouer' is clicked on

2022-07-19 12:17:19 - [TEST_STEP][PASSED] - delay(1): Delayed 1 second(s)

2022-07-19 12:17:20 - [MESSAGE][PASSED] - Delayed 1 second(s)

2022-07-19 12:17:20 - [TEST_STEP][PASSED] - setText(findTestObject("Object Repository/Page_Concours photo  votez pour la plus bel_494087/input_trie par_keyword"), "Gaspard"): Text 'Gaspard' is set on object 'Object Repository/Page_Concours photo  votez pour la plus bel_494087/input_trie par_keyword'

2022-07-19 12:17:22 - [MESSAGE][PASSED] - Text 'Gaspard' is set on object 'Object Repository/Page_Concours photo  votez pour la plus bel_494087/input_trie par_keyword'

2022-07-19 12:17:22 - [TEST_STEP][PASSED] - sendKeys(findTestObject("Page_Concours photo  votez pour la plus bel_494087/input_trie par_keyword"), Keys.chord(ENTER)): Keys 'ENTER + ' sent to object: 'Object Repository/Page_Concours photo  votez pour la plus bel_494087/input_trie par_keyword'

2022-07-19 12:17:23 - [MESSAGE][PASSED] - Keys 'ENTER + ' sent to object: 'Object Repository/Page_Concours photo  votez pour la plus bel_494087/input_trie par_keyword'

2022-07-19 12:17:23 - [TEST_STEP][PASSED] - click(findTestObject("Page_Concours photo  votez pour la plus bel_494087/tri")): Object: 'Object Repository/Page_Concours photo  votez pour la plus bel_494087/tri' is clicked on

2022-07-19 12:17:24 - [MESSAGE][PASSED] - Object: 'Object Repository/Page_Concours photo  votez pour la plus bel_494087/tri' is clicked on

2022-07-19 12:17:24 - [TEST_STEP][PASSED] - click(findTestObject("Page_Concours photo  votez pour la plus bel_494087/plus de votes")): Object: 'Object Repository/Page_Concours photo  votez pour la plus bel_494087/plus de votes' is clicked on

2022-07-19 12:17:25 - [MESSAGE][PASSED] - Object: 'Object Repository/Page_Concours photo  votez pour la plus bel_494087/plus de votes' is clicked on

2022-07-19 12:17:26 - [TEST_STEP][PASSED] - click(findTestObject("Object Repository/Page_Concours photo  votez pour la plus bel_494087/i_Votes_fa fa-heart")): Object: 'Object Repository/Page_Concours photo  votez pour la plus bel_494087/i_Votes_fa fa-heart' is clicked on

2022-07-19 12:17:27 - [MESSAGE][PASSED] - Object: 'Object Repository/Page_Concours photo  votez pour la plus bel_494087/i_Votes_fa fa-heart' is clicked on

2022-07-19 12:17:27 - [TEST_STEP][PASSED] - delay(1): Delayed 1 second(s)

2022-07-19 12:17:28 - [MESSAGE][PASSED] - Delayed 1 second(s)

2022-07-19 12:17:28 - [TEST_STEP][PASSED] - closeBrowser(): Browser is closed

2022-07-19 12:17:28 - [MESSAGE][PASSED] - Browser is closed]]></system-out>
         <system-err><![CDATA[]]></system-err>
      </testcase>
      <testcase name="Test Cases/Vote" time="28.929" classname="Test Cases/Vote" status="PASSED">
         <system-out><![CDATA[2022-07-19 12:17:28 - [TEST_CASE][PASSED] - Test Cases/Vote: Test Cases/Vote

2022-07-19 12:17:28 - [TEST_STEP][PASSED] - openBrowser(""): Browser is opened with url: ''

2022-07-19 12:17:28 - [MESSAGE][INFO] - Starting 'Chrome' driver

2022-07-19 12:17:28 - [MESSAGE][INFO] - Action delay is set to 0 milliseconds

2022-07-19 12:17:29 - [MESSAGE][PASSED] - Browser is opened with url: ''

2022-07-19 12:17:29 - [TEST_STEP][PASSED] - navigateToUrl("https://lesechosdutouquet.nordlittoral.fr/147787/article/2022-06-30/concours-photo-montrez-nous-la-plus-belle-photo-de-votre-chien-en-promenade-sur#l5lb6r47qsmp9ur58y"): Navigate to 'https://lesechosdutouquet.nordlittoral.fr/147787/article/2022-06-30/concours-photo-montrez-nous-la-plus-belle-photo-de-votre-chien-en-promenade-sur#l5lb6r47qsmp9ur58y' successfully

2022-07-19 12:17:32 - [MESSAGE][PASSED] - Navigate to 'https://lesechosdutouquet.nordlittoral.fr/147787/article/2022-06-30/concours-photo-montrez-nous-la-plus-belle-photo-de-votre-chien-en-promenade-sur#l5lb6r47qsmp9ur58y' successfully

2022-07-19 12:17:32 - [TEST_STEP][PASSED] - setViewPortSize(1920, 1080): Viewport is set to new size with width = 1920 and height = 1080

2022-07-19 12:17:32 - [MESSAGE][PASSED] - Viewport is set to new size with width = 1920 and height = 1080

2022-07-19 12:17:32 - [TEST_STEP][PASSED] - click(findTestObject("Object Repository/Page_Concours photo  votez pour la plus bel_494087/button_Accepter  Fermer")): Object: 'Object Repository/Page_Concours photo  votez pour la plus bel_494087/button_Accepter  Fermer' is clicked on

2022-07-19 12:17:33 - [MESSAGE][PASSED] - Object: 'Object Repository/Page_Concours photo  votez pour la plus bel_494087/button_Accepter  Fermer' is clicked on

2022-07-19 12:17:33 - [TEST_STEP][PASSED] - delay(12): Delayed 12 second(s)

2022-07-19 12:17:45 - [MESSAGE][PASSED] - Delayed 12 second(s)

2022-07-19 12:17:45 - [TEST_STEP][PASSED] - click(findTestObject("Object Repository/Page_Concours photo  votez pour la plus bel_494087/a_X")): Object: 'Object Repository/Page_Concours photo  votez pour la plus bel_494087/a_X' is clicked on

2022-07-19 12:17:45 - [MESSAGE][PASSED] - Object: 'Object Repository/Page_Concours photo  votez pour la plus bel_494087/a_X' is clicked on

2022-07-19 12:17:45 - [TEST_STEP][PASSED] - delay(1): Delayed 1 second(s)

2022-07-19 12:17:46 - [MESSAGE][PASSED] - Delayed 1 second(s)

2022-07-19 12:17:46 - [TEST_STEP][PASSED] - click(findTestObject("Object Repository/Page_Concours photo  votez pour la plus bel_494087/input_concat(Votez pour le plus beau chien de la cte d, , Opale )_jouer")): Object: 'Object Repository/Page_Concours photo  votez pour la plus bel_494087/input_concat(Votez pour le plus beau chien de la cte d, , Opale )_jouer' is clicked on

2022-07-19 12:17:47 - [MESSAGE][PASSED] - Object: 'Object Repository/Page_Concours photo  votez pour la plus bel_494087/input_concat(Votez pour le plus beau chien de la cte d, , Opale )_jouer' is clicked on

2022-07-19 12:17:47 - [TEST_STEP][PASSED] - if (verifyElementPresent(findTestObject("Page_Concours photo  votez pour la plus bel_494087/input_concat(Votez pour le plus beau chien de la cte d, , Opale )_jouer"), 1, OPTIONAL)): null

2022-07-19 12:17:48 - [MESSAGE][PASSED] - Object 'Object Repository/Page_Concours photo  votez pour la plus bel_494087/input_concat(Votez pour le plus beau chien de la cte d, , Opale )_jouer' is present

2022-07-19 12:17:48 - [TEST_STEP][PASSED] - click(findTestObject("Object Repository/Page_Concours photo  votez pour la plus bel_494087/input_concat(Votez pour le plus beau chien de la cte d, , Opale )_jouer")): Object: 'Object Repository/Page_Concours photo  votez pour la plus bel_494087/input_concat(Votez pour le plus beau chien de la cte d, , Opale )_jouer' is clicked on

2022-07-19 12:17:49 - [MESSAGE][PASSED] - Object: 'Object Repository/Page_Concours photo  votez pour la plus bel_494087/input_concat(Votez pour le plus beau chien de la cte d, , Opale )_jouer' is clicked on

2022-07-19 12:17:49 - [TEST_STEP][PASSED] - delay(1): Delayed 1 second(s)

2022-07-19 12:17:50 - [MESSAGE][PASSED] - Delayed 1 second(s)

2022-07-19 12:17:50 - [TEST_STEP][PASSED] - setText(findTestObject("Object Repository/Page_Concours photo  votez pour la plus bel_494087/input_trie par_keyword"), "Gaspard"): Text 'Gaspard' is set on object 'Object Repository/Page_Concours photo  votez pour la plus bel_494087/input_trie par_keyword'

2022-07-19 12:17:51 - [MESSAGE][PASSED] - Text 'Gaspard' is set on object 'Object Repository/Page_Concours photo  votez pour la plus bel_494087/input_trie par_keyword'

2022-07-19 12:17:51 - [TEST_STEP][PASSED] - sendKeys(findTestObject("Page_Concours photo  votez pour la plus bel_494087/input_trie par_keyword"), Keys.chord(ENTER)): Keys 'ENTER + ' sent to object: 'Object Repository/Page_Concours photo  votez pour la plus bel_494087/input_trie par_keyword'

2022-07-19 12:17:53 - [MESSAGE][PASSED] - Keys 'ENTER + ' sent to object: 'Object Repository/Page_Concours photo  votez pour la plus bel_494087/input_trie par_keyword'

2022-07-19 12:17:53 - [TEST_STEP][PASSED] - click(findTestObject("Page_Concours photo  votez pour la plus bel_494087/tri")): Object: 'Object Repository/Page_Concours photo  votez pour la plus bel_494087/tri' is clicked on

2022-07-19 12:17:53 - [MESSAGE][PASSED] - Object: 'Object Repository/Page_Concours photo  votez pour la plus bel_494087/tri' is clicked on

2022-07-19 12:17:53 - [TEST_STEP][PASSED] - click(findTestObject("Page_Concours photo  votez pour la plus bel_494087/plus de votes")): Object: 'Object Repository/Page_Concours photo  votez pour la plus bel_494087/plus de votes' is clicked on

2022-07-19 12:17:54 - [MESSAGE][PASSED] - Object: 'Object Repository/Page_Concours photo  votez pour la plus bel_494087/plus de votes' is clicked on

2022-07-19 12:17:55 - [TEST_STEP][PASSED] - click(findTestObject("Object Repository/Page_Concours photo  votez pour la plus bel_494087/i_Votes_fa fa-heart")): Object: 'Object Repository/Page_Concours photo  votez pour la plus bel_494087/i_Votes_fa fa-heart' is clicked on

2022-07-19 12:17:56 - [MESSAGE][PASSED] - Object: 'Object Repository/Page_Concours photo  votez pour la plus bel_494087/i_Votes_fa fa-heart' is clicked on

2022-07-19 12:17:56 - [TEST_STEP][PASSED] - delay(1): Delayed 1 second(s)

2022-07-19 12:17:57 - [MESSAGE][PASSED] - Delayed 1 second(s)

2022-07-19 12:17:57 - [TEST_STEP][PASSED] - closeBrowser(): Browser is closed

2022-07-19 12:17:57 - [MESSAGE][PASSED] - Browser is closed]]></system-out>
         <system-err><![CDATA[]]></system-err>
      </testcase>
      <system-out><![CDATA[2022-07-19 11:33:42 - [TEST_SUITE][PASSED] - New Test Suite: Test Cases/Vote]]></system-out>
      <system-err><![CDATA[]]></system-err>
   </testsuite>
</testsuites>
