<?xml version="1.0" encoding="UTF-8"?>
<testsuites name="New Test Suite" time="2235.3" tests="83" failures="0" errors="0">
   <testsuite name="New Test Suite" tests="83" failures="0" errors="0" time="2235.3" skipped="0" timestamp="2022-07-19 16:33:36" hostname="anthony - 192.168.0.39" id="Test Suites/New Test Suite">
      <properties>
         <property name="deviceName" value=""/>
         <property name="devicePlatform" value=""/>
         <property name="logFolder" value="/Users/anthony/Downloads/Gasp/Reports/20220719_140536/New Test Suite/20220719_140546"/>
         <property name="logFiles" value="/Users/anthony/Downloads/Gasp/Reports/20220719_140536/New Test Suite/20220719_140546/execution0.log"/>
         <property name="attachments" value=""/>
         <property name="hostName" value="anthony - 192.168.0.39"/>
         <property name="os" value="Mac OS X 64bit"/>
         <property name="katalonVersion" value="8.4.0.208"/>
         <property name="browser" value="Chrome 103.0.5060.114"/>
         <property name="hostAddress" value="192.168.0.39"/>
         <property name="sessionId" value="996d01cd7091bc36436281bddbee0a62"/>
         <property name="seleniumVersion" value="3.141.59"/>
         <property name="proxyInformation" value="ProxyInformation { proxyOption=NO_PROXY, proxyServerType=HTTP, username=, password=********, proxyServerAddress=, proxyServerPort=0, executionList=&quot;&quot;, isApplyToDesiredCapabilities=true }"/>
         <property name="platform" value="Mac OS X"/>
      </properties>
      <testcase name="Test Cases/Vote" time="26.885" classname="Test Cases/Vote" status="PASSED">
         <system-out><![CDATA[2022-07-19 16:33:36 - [TEST_CASE][PASSED] - Test Cases/Vote: Test Cases/Vote

2022-07-19 16:33:37 - [TEST_STEP][PASSED] - openBrowser(""): Browser is opened with url: ''

2022-07-19 16:33:37 - [MESSAGE][INFO] - Starting 'Chrome' driver

2022-07-19 16:33:37 - [MESSAGE][INFO] - Action delay is set to 0 milliseconds

2022-07-19 16:33:39 - [MESSAGE][PASSED] - Browser is opened with url: ''

2022-07-19 16:33:39 - [TEST_STEP][PASSED] - navigateToUrl("https://lesechosdutouquet.nordlittoral.fr/147787/article/2022-06-30/concours-photo-montrez-nous-la-plus-belle-photo-de-votre-chien-en-promenade-sur#l5lb6r47qsmp9ur58y"): Navigate to 'https://lesechosdutouquet.nordlittoral.fr/147787/article/2022-06-30/concours-photo-montrez-nous-la-plus-belle-photo-de-votre-chien-en-promenade-sur#l5lb6r47qsmp9ur58y' successfully

2022-07-19 16:33:42 - [MESSAGE][PASSED] - Navigate to 'https://lesechosdutouquet.nordlittoral.fr/147787/article/2022-06-30/concours-photo-montrez-nous-la-plus-belle-photo-de-votre-chien-en-promenade-sur#l5lb6r47qsmp9ur58y' successfully

2022-07-19 16:33:42 - [TEST_STEP][PASSED] - setViewPortSize(1920, 1080): Viewport is set to new size with width = 1920 and height = 1080

2022-07-19 16:33:42 - [MESSAGE][PASSED] - Viewport is set to new size with width = 1920 and height = 1080

2022-07-19 16:33:42 - [TEST_STEP][PASSED] - click(findTestObject("Object Repository/Page_Concours photo  votez pour la plus bel_494087/button_Accepter  Fermer")): Object: 'Object Repository/Page_Concours photo  votez pour la plus bel_494087/button_Accepter  Fermer' is clicked on

2022-07-19 16:33:43 - [MESSAGE][PASSED] - Object: 'Object Repository/Page_Concours photo  votez pour la plus bel_494087/button_Accepter  Fermer' is clicked on

2022-07-19 16:33:43 - [TEST_STEP][PASSED] - waitForElementVisible(findTestObject("Object Repository/Page_Concours photo  votez pour la plus bel_494087/a_X"), 15): Object 'Object Repository/Page_Concours photo  votez pour la plus bel_494087/a_X' is visible

2022-07-19 16:33:50 - [MESSAGE][PASSED] - Object 'Object Repository/Page_Concours photo  votez pour la plus bel_494087/a_X' is visible

2022-07-19 16:33:50 - [TEST_STEP][PASSED] - click(findTestObject("Object Repository/Page_Concours photo  votez pour la plus bel_494087/a_X")): Object: 'Object Repository/Page_Concours photo  votez pour la plus bel_494087/a_X' is clicked on

2022-07-19 16:33:50 - [MESSAGE][PASSED] - Object: 'Object Repository/Page_Concours photo  votez pour la plus bel_494087/a_X' is clicked on

2022-07-19 16:33:50 - [TEST_STEP][PASSED] - delay(1): Delayed 1 second(s)

2022-07-19 16:33:51 - [MESSAGE][PASSED] - Delayed 1 second(s)

2022-07-19 16:33:51 - [TEST_STEP][PASSED] - click(findTestObject("Object Repository/Page_Concours photo  votez pour la plus bel_494087/input_concat(Votez pour le plus beau chien de la cte d, , Opale )_jouer")): Object: 'Object Repository/Page_Concours photo  votez pour la plus bel_494087/input_concat(Votez pour le plus beau chien de la cte d, , Opale )_jouer' is clicked on

2022-07-19 16:33:52 - [MESSAGE][PASSED] - Object: 'Object Repository/Page_Concours photo  votez pour la plus bel_494087/input_concat(Votez pour le plus beau chien de la cte d, , Opale )_jouer' is clicked on

2022-07-19 16:33:52 - [TEST_STEP][PASSED] - if (verifyElementPresent(findTestObject("Page_Concours photo  votez pour la plus bel_494087/input_concat(Votez pour le plus beau chien de la cte d, , Opale )_jouer"), 1, OPTIONAL)): null

2022-07-19 16:33:54 - [MESSAGE][PASSED] - Object 'Object Repository/Page_Concours photo  votez pour la plus bel_494087/input_concat(Votez pour le plus beau chien de la cte d, , Opale )_jouer' is present

2022-07-19 16:33:54 - [TEST_STEP][PASSED] - click(findTestObject("Object Repository/Page_Concours photo  votez pour la plus bel_494087/input_concat(Votez pour le plus beau chien de la cte d, , Opale )_jouer")): Object: 'Object Repository/Page_Concours photo  votez pour la plus bel_494087/input_concat(Votez pour le plus beau chien de la cte d, , Opale )_jouer' is clicked on

2022-07-19 16:33:54 - [MESSAGE][PASSED] - Object: 'Object Repository/Page_Concours photo  votez pour la plus bel_494087/input_concat(Votez pour le plus beau chien de la cte d, , Opale )_jouer' is clicked on

2022-07-19 16:33:54 - [TEST_STEP][PASSED] - delay(1): Delayed 1 second(s)

2022-07-19 16:33:55 - [MESSAGE][PASSED] - Delayed 1 second(s)

2022-07-19 16:33:55 - [TEST_STEP][PASSED] - setText(findTestObject("Object Repository/Page_Concours photo  votez pour la plus bel_494087/input_trie par_keyword"), "Gaspard"): Text 'Gaspard' is set on object 'Object Repository/Page_Concours photo  votez pour la plus bel_494087/input_trie par_keyword'

2022-07-19 16:33:57 - [MESSAGE][PASSED] - Text 'Gaspard' is set on object 'Object Repository/Page_Concours photo  votez pour la plus bel_494087/input_trie par_keyword'

2022-07-19 16:33:57 - [TEST_STEP][PASSED] - sendKeys(findTestObject("Page_Concours photo  votez pour la plus bel_494087/input_trie par_keyword"), Keys.chord(ENTER)): Keys 'ENTER + ' sent to object: 'Object Repository/Page_Concours photo  votez pour la plus bel_494087/input_trie par_keyword'

2022-07-19 16:33:58 - [MESSAGE][PASSED] - Keys 'ENTER + ' sent to object: 'Object Repository/Page_Concours photo  votez pour la plus bel_494087/input_trie par_keyword'

2022-07-19 16:33:59 - [TEST_STEP][PASSED] - click(findTestObject("Page_Concours photo  votez pour la plus bel_494087/tri")): Object: 'Object Repository/Page_Concours photo  votez pour la plus bel_494087/tri' is clicked on

2022-07-19 16:33:59 - [MESSAGE][PASSED] - Object: 'Object Repository/Page_Concours photo  votez pour la plus bel_494087/tri' is clicked on

2022-07-19 16:33:59 - [TEST_STEP][PASSED] - click(findTestObject("Page_Concours photo  votez pour la plus bel_494087/plus de votes")): Object: 'Object Repository/Page_Concours photo  votez pour la plus bel_494087/plus de votes' is clicked on

2022-07-19 16:34:01 - [MESSAGE][PASSED] - Object: 'Object Repository/Page_Concours photo  votez pour la plus bel_494087/plus de votes' is clicked on

2022-07-19 16:34:01 - [TEST_STEP][PASSED] - click(findTestObject("Object Repository/Page_Concours photo  votez pour la plus bel_494087/i_Votes_fa fa-heart")): Object: 'Object Repository/Page_Concours photo  votez pour la plus bel_494087/i_Votes_fa fa-heart' is clicked on

2022-07-19 16:34:02 - [MESSAGE][PASSED] - Object: 'Object Repository/Page_Concours photo  votez pour la plus bel_494087/i_Votes_fa fa-heart' is clicked on

2022-07-19 16:34:02 - [TEST_STEP][PASSED] - delay(1): Delayed 1 second(s)

2022-07-19 16:34:03 - [MESSAGE][PASSED] - Delayed 1 second(s)

2022-07-19 16:34:03 - [TEST_STEP][PASSED] - closeBrowser(): Browser is closed

2022-07-19 16:34:03 - [MESSAGE][PASSED] - Browser is closed]]></system-out>
         <system-err><![CDATA[]]></system-err>
      </testcase>
      <testcase name="Test Cases/Vote" time="26.051" classname="Test Cases/Vote" status="PASSED">
         <system-out><![CDATA[2022-07-19 16:34:03 - [TEST_CASE][PASSED] - Test Cases/Vote: Test Cases/Vote

2022-07-19 16:34:03 - [TEST_STEP][PASSED] - openBrowser(""): Browser is opened with url: ''

2022-07-19 16:34:03 - [MESSAGE][INFO] - Starting 'Chrome' driver

2022-07-19 16:34:03 - [MESSAGE][INFO] - Action delay is set to 0 milliseconds

2022-07-19 16:34:04 - [MESSAGE][PASSED] - Browser is opened with url: ''

2022-07-19 16:34:04 - [TEST_STEP][PASSED] - navigateToUrl("https://lesechosdutouquet.nordlittoral.fr/147787/article/2022-06-30/concours-photo-montrez-nous-la-plus-belle-photo-de-votre-chien-en-promenade-sur#l5lb6r47qsmp9ur58y"): Navigate to 'https://lesechosdutouquet.nordlittoral.fr/147787/article/2022-06-30/concours-photo-montrez-nous-la-plus-belle-photo-de-votre-chien-en-promenade-sur#l5lb6r47qsmp9ur58y' successfully

2022-07-19 16:34:07 - [MESSAGE][PASSED] - Navigate to 'https://lesechosdutouquet.nordlittoral.fr/147787/article/2022-06-30/concours-photo-montrez-nous-la-plus-belle-photo-de-votre-chien-en-promenade-sur#l5lb6r47qsmp9ur58y' successfully

2022-07-19 16:34:07 - [TEST_STEP][PASSED] - setViewPortSize(1920, 1080): Viewport is set to new size with width = 1920 and height = 1080

2022-07-19 16:34:08 - [MESSAGE][PASSED] - Viewport is set to new size with width = 1920 and height = 1080

2022-07-19 16:34:08 - [TEST_STEP][PASSED] - click(findTestObject("Object Repository/Page_Concours photo  votez pour la plus bel_494087/button_Accepter  Fermer")): Object: 'Object Repository/Page_Concours photo  votez pour la plus bel_494087/button_Accepter  Fermer' is clicked on

2022-07-19 16:34:09 - [MESSAGE][PASSED] - Object: 'Object Repository/Page_Concours photo  votez pour la plus bel_494087/button_Accepter  Fermer' is clicked on

2022-07-19 16:34:09 - [TEST_STEP][PASSED] - waitForElementVisible(findTestObject("Object Repository/Page_Concours photo  votez pour la plus bel_494087/a_X"), 15): Object 'Object Repository/Page_Concours photo  votez pour la plus bel_494087/a_X' is visible

2022-07-19 16:34:16 - [MESSAGE][PASSED] - Object 'Object Repository/Page_Concours photo  votez pour la plus bel_494087/a_X' is visible

2022-07-19 16:34:16 - [TEST_STEP][PASSED] - click(findTestObject("Object Repository/Page_Concours photo  votez pour la plus bel_494087/a_X")): Object: 'Object Repository/Page_Concours photo  votez pour la plus bel_494087/a_X' is clicked on

2022-07-19 16:34:16 - [MESSAGE][PASSED] - Object: 'Object Repository/Page_Concours photo  votez pour la plus bel_494087/a_X' is clicked on

2022-07-19 16:34:16 - [TEST_STEP][PASSED] - delay(1): Delayed 1 second(s)

2022-07-19 16:34:17 - [MESSAGE][PASSED] - Delayed 1 second(s)

2022-07-19 16:34:17 - [TEST_STEP][PASSED] - click(findTestObject("Object Repository/Page_Concours photo  votez pour la plus bel_494087/input_concat(Votez pour le plus beau chien de la cte d, , Opale )_jouer")): Object: 'Object Repository/Page_Concours photo  votez pour la plus bel_494087/input_concat(Votez pour le plus beau chien de la cte d, , Opale )_jouer' is clicked on

2022-07-19 16:34:18 - [MESSAGE][PASSED] - Object: 'Object Repository/Page_Concours photo  votez pour la plus bel_494087/input_concat(Votez pour le plus beau chien de la cte d, , Opale )_jouer' is clicked on

2022-07-19 16:34:18 - [TEST_STEP][PASSED] - if (verifyElementPresent(findTestObject("Page_Concours photo  votez pour la plus bel_494087/input_concat(Votez pour le plus beau chien de la cte d, , Opale )_jouer"), 1, OPTIONAL)): null

2022-07-19 16:34:19 - [MESSAGE][PASSED] - Object 'Object Repository/Page_Concours photo  votez pour la plus bel_494087/input_concat(Votez pour le plus beau chien de la cte d, , Opale )_jouer' is present

2022-07-19 16:34:19 - [TEST_STEP][PASSED] - click(findTestObject("Object Repository/Page_Concours photo  votez pour la plus bel_494087/input_concat(Votez pour le plus beau chien de la cte d, , Opale )_jouer")): Object: 'Object Repository/Page_Concours photo  votez pour la plus bel_494087/input_concat(Votez pour le plus beau chien de la cte d, , Opale )_jouer' is clicked on

2022-07-19 16:34:20 - [MESSAGE][PASSED] - Object: 'Object Repository/Page_Concours photo  votez pour la plus bel_494087/input_concat(Votez pour le plus beau chien de la cte d, , Opale )_jouer' is clicked on

2022-07-19 16:34:20 - [TEST_STEP][PASSED] - delay(1): Delayed 1 second(s)

2022-07-19 16:34:21 - [MESSAGE][PASSED] - Delayed 1 second(s)

2022-07-19 16:34:21 - [TEST_STEP][PASSED] - setText(findTestObject("Object Repository/Page_Concours photo  votez pour la plus bel_494087/input_trie par_keyword"), "Gaspard"): Text 'Gaspard' is set on object 'Object Repository/Page_Concours photo  votez pour la plus bel_494087/input_trie par_keyword'

2022-07-19 16:34:22 - [MESSAGE][PASSED] - Text 'Gaspard' is set on object 'Object Repository/Page_Concours photo  votez pour la plus bel_494087/input_trie par_keyword'

2022-07-19 16:34:22 - [TEST_STEP][PASSED] - sendKeys(findTestObject("Page_Concours photo  votez pour la plus bel_494087/input_trie par_keyword"), Keys.chord(ENTER)): Keys 'ENTER + ' sent to object: 'Object Repository/Page_Concours photo  votez pour la plus bel_494087/input_trie par_keyword'

2022-07-19 16:34:23 - [MESSAGE][PASSED] - Keys 'ENTER + ' sent to object: 'Object Repository/Page_Concours photo  votez pour la plus bel_494087/input_trie par_keyword'

2022-07-19 16:34:24 - [TEST_STEP][PASSED] - click(findTestObject("Page_Concours photo  votez pour la plus bel_494087/tri")): Object: 'Object Repository/Page_Concours photo  votez pour la plus bel_494087/tri' is clicked on

2022-07-19 16:34:25 - [MESSAGE][PASSED] - Object: 'Object Repository/Page_Concours photo  votez pour la plus bel_494087/tri' is clicked on

2022-07-19 16:34:25 - [TEST_STEP][PASSED] - click(findTestObject("Page_Concours photo  votez pour la plus bel_494087/plus de votes")): Object: 'Object Repository/Page_Concours photo  votez pour la plus bel_494087/plus de votes' is clicked on

2022-07-19 16:34:25 - [MESSAGE][PASSED] - Object: 'Object Repository/Page_Concours photo  votez pour la plus bel_494087/plus de votes' is clicked on

2022-07-19 16:34:27 - [TEST_STEP][PASSED] - click(findTestObject("Object Repository/Page_Concours photo  votez pour la plus bel_494087/i_Votes_fa fa-heart")): Object: 'Object Repository/Page_Concours photo  votez pour la plus bel_494087/i_Votes_fa fa-heart' is clicked on

2022-07-19 16:34:28 - [MESSAGE][PASSED] - Object: 'Object Repository/Page_Concours photo  votez pour la plus bel_494087/i_Votes_fa fa-heart' is clicked on

2022-07-19 16:34:28 - [TEST_STEP][PASSED] - delay(1): Delayed 1 second(s)

2022-07-19 16:34:29 - [MESSAGE][PASSED] - Delayed 1 second(s)

2022-07-19 16:34:29 - [TEST_STEP][PASSED] - closeBrowser(): Browser is closed

2022-07-19 16:34:29 - [MESSAGE][PASSED] - Browser is closed]]></system-out>
         <system-err><![CDATA[]]></system-err>
      </testcase>
      <testcase name="Test Cases/Vote" time="23.674" classname="Test Cases/Vote" status="PASSED">
         <system-out><![CDATA[2022-07-19 16:34:29 - [TEST_CASE][PASSED] - Test Cases/Vote: Test Cases/Vote

2022-07-19 16:34:29 - [TEST_STEP][PASSED] - openBrowser(""): Browser is opened with url: ''

2022-07-19 16:34:29 - [MESSAGE][INFO] - Starting 'Chrome' driver

2022-07-19 16:34:29 - [MESSAGE][INFO] - Action delay is set to 0 milliseconds

2022-07-19 16:34:30 - [MESSAGE][PASSED] - Browser is opened with url: ''

2022-07-19 16:34:30 - [TEST_STEP][PASSED] - navigateToUrl("https://lesechosdutouquet.nordlittoral.fr/147787/article/2022-06-30/concours-photo-montrez-nous-la-plus-belle-photo-de-votre-chien-en-promenade-sur#l5lb6r47qsmp9ur58y"): Navigate to 'https://lesechosdutouquet.nordlittoral.fr/147787/article/2022-06-30/concours-photo-montrez-nous-la-plus-belle-photo-de-votre-chien-en-promenade-sur#l5lb6r47qsmp9ur58y' successfully

2022-07-19 16:34:33 - [MESSAGE][PASSED] - Navigate to 'https://lesechosdutouquet.nordlittoral.fr/147787/article/2022-06-30/concours-photo-montrez-nous-la-plus-belle-photo-de-votre-chien-en-promenade-sur#l5lb6r47qsmp9ur58y' successfully

2022-07-19 16:34:33 - [TEST_STEP][PASSED] - setViewPortSize(1920, 1080): Viewport is set to new size with width = 1920 and height = 1080

2022-07-19 16:34:33 - [MESSAGE][PASSED] - Viewport is set to new size with width = 1920 and height = 1080

2022-07-19 16:34:33 - [TEST_STEP][PASSED] - click(findTestObject("Object Repository/Page_Concours photo  votez pour la plus bel_494087/button_Accepter  Fermer")): Object: 'Object Repository/Page_Concours photo  votez pour la plus bel_494087/button_Accepter  Fermer' is clicked on

2022-07-19 16:34:34 - [MESSAGE][PASSED] - Object: 'Object Repository/Page_Concours photo  votez pour la plus bel_494087/button_Accepter  Fermer' is clicked on

2022-07-19 16:34:34 - [TEST_STEP][PASSED] - waitForElementVisible(findTestObject("Object Repository/Page_Concours photo  votez pour la plus bel_494087/a_X"), 15): Object 'Object Repository/Page_Concours photo  votez pour la plus bel_494087/a_X' is visible

2022-07-19 16:34:41 - [MESSAGE][PASSED] - Object 'Object Repository/Page_Concours photo  votez pour la plus bel_494087/a_X' is visible

2022-07-19 16:34:41 - [TEST_STEP][PASSED] - click(findTestObject("Object Repository/Page_Concours photo  votez pour la plus bel_494087/a_X")): Object: 'Object Repository/Page_Concours photo  votez pour la plus bel_494087/a_X' is clicked on

2022-07-19 16:34:41 - [MESSAGE][PASSED] - Object: 'Object Repository/Page_Concours photo  votez pour la plus bel_494087/a_X' is clicked on

2022-07-19 16:34:41 - [TEST_STEP][PASSED] - delay(1): Delayed 1 second(s)

2022-07-19 16:34:42 - [MESSAGE][PASSED] - Delayed 1 second(s)

2022-07-19 16:34:42 - [TEST_STEP][PASSED] - click(findTestObject("Object Repository/Page_Concours photo  votez pour la plus bel_494087/input_concat(Votez pour le plus beau chien de la cte d, , Opale )_jouer")): Object: 'Object Repository/Page_Concours photo  votez pour la plus bel_494087/input_concat(Votez pour le plus beau chien de la cte d, , Opale )_jouer' is clicked on

2022-07-19 16:34:43 - [MESSAGE][PASSED] - Object: 'Object Repository/Page_Concours photo  votez pour la plus bel_494087/input_concat(Votez pour le plus beau chien de la cte d, , Opale )_jouer' is clicked on

2022-07-19 16:34:43 - [TEST_STEP][PASSED] - if (verifyElementPresent(findTestObject("Page_Concours photo  votez pour la plus bel_494087/input_concat(Votez pour le plus beau chien de la cte d, , Opale )_jouer"), 1, OPTIONAL)): null

2022-07-19 16:34:44 - [MESSAGE][PASSED] - Object 'Object Repository/Page_Concours photo  votez pour la plus bel_494087/input_concat(Votez pour le plus beau chien de la cte d, , Opale )_jouer' is present

2022-07-19 16:34:44 - [TEST_STEP][PASSED] - click(findTestObject("Object Repository/Page_Concours photo  votez pour la plus bel_494087/input_concat(Votez pour le plus beau chien de la cte d, , Opale )_jouer")): Object: 'Object Repository/Page_Concours photo  votez pour la plus bel_494087/input_concat(Votez pour le plus beau chien de la cte d, , Opale )_jouer' is clicked on

2022-07-19 16:34:45 - [MESSAGE][PASSED] - Object: 'Object Repository/Page_Concours photo  votez pour la plus bel_494087/input_concat(Votez pour le plus beau chien de la cte d, , Opale )_jouer' is clicked on

2022-07-19 16:34:45 - [TEST_STEP][PASSED] - delay(1): Delayed 1 second(s)

2022-07-19 16:34:46 - [MESSAGE][PASSED] - Delayed 1 second(s)

2022-07-19 16:34:46 - [TEST_STEP][PASSED] - setText(findTestObject("Object Repository/Page_Concours photo  votez pour la plus bel_494087/input_trie par_keyword"), "Gaspard"): Text 'Gaspard' is set on object 'Object Repository/Page_Concours photo  votez pour la plus bel_494087/input_trie par_keyword'

2022-07-19 16:34:47 - [MESSAGE][PASSED] - Text 'Gaspard' is set on object 'Object Repository/Page_Concours photo  votez pour la plus bel_494087/input_trie par_keyword'

2022-07-19 16:34:47 - [TEST_STEP][PASSED] - sendKeys(findTestObject("Page_Concours photo  votez pour la plus bel_494087/input_trie par_keyword"), Keys.chord(ENTER)): Keys 'ENTER + ' sent to object: 'Object Repository/Page_Concours photo  votez pour la plus bel_494087/input_trie par_keyword'

2022-07-19 16:34:49 - [MESSAGE][PASSED] - Keys 'ENTER + ' sent to object: 'Object Repository/Page_Concours photo  votez pour la plus bel_494087/input_trie par_keyword'

2022-07-19 16:34:49 - [TEST_STEP][PASSED] - click(findTestObject("Page_Concours photo  votez pour la plus bel_494087/tri")): Object: 'Object Repository/Page_Concours photo  votez pour la plus bel_494087/tri' is clicked on

2022-07-19 16:34:49 - [MESSAGE][PASSED] - Object: 'Object Repository/Page_Concours photo  votez pour la plus bel_494087/tri' is clicked on

2022-07-19 16:34:49 - [TEST_STEP][PASSED] - click(findTestObject("Page_Concours photo  votez pour la plus bel_494087/plus de votes")): Object: 'Object Repository/Page_Concours photo  votez pour la plus bel_494087/plus de votes' is clicked on

2022-07-19 16:34:50 - [MESSAGE][PASSED] - Object: 'Object Repository/Page_Concours photo  votez pour la plus bel_494087/plus de votes' is clicked on

2022-07-19 16:34:51 - [TEST_STEP][PASSED] - click(findTestObject("Object Repository/Page_Concours photo  votez pour la plus bel_494087/i_Votes_fa fa-heart")): Object: 'Object Repository/Page_Concours photo  votez pour la plus bel_494087/i_Votes_fa fa-heart' is clicked on

2022-07-19 16:34:51 - [MESSAGE][PASSED] - Object: 'Object Repository/Page_Concours photo  votez pour la plus bel_494087/i_Votes_fa fa-heart' is clicked on

2022-07-19 16:34:51 - [TEST_STEP][PASSED] - delay(1): Delayed 1 second(s)

2022-07-19 16:34:52 - [MESSAGE][PASSED] - Delayed 1 second(s)

2022-07-19 16:34:52 - [TEST_STEP][PASSED] - closeBrowser(): Browser is closed

2022-07-19 16:34:53 - [MESSAGE][PASSED] - Browser is closed]]></system-out>
         <system-err><![CDATA[]]></system-err>
      </testcase>
      <testcase name="Test Cases/Vote" time="25.786" classname="Test Cases/Vote" status="PASSED">
         <system-out><![CDATA[2022-07-19 16:34:53 - [TEST_CASE][PASSED] - Test Cases/Vote: Test Cases/Vote

2022-07-19 16:34:53 - [TEST_STEP][PASSED] - openBrowser(""): Browser is opened with url: ''

2022-07-19 16:34:53 - [MESSAGE][INFO] - Starting 'Chrome' driver

2022-07-19 16:34:53 - [MESSAGE][INFO] - Action delay is set to 0 milliseconds

2022-07-19 16:34:54 - [MESSAGE][PASSED] - Browser is opened with url: ''

2022-07-19 16:34:54 - [TEST_STEP][PASSED] - navigateToUrl("https://lesechosdutouquet.nordlittoral.fr/147787/article/2022-06-30/concours-photo-montrez-nous-la-plus-belle-photo-de-votre-chien-en-promenade-sur#l5lb6r47qsmp9ur58y"): Navigate to 'https://lesechosdutouquet.nordlittoral.fr/147787/article/2022-06-30/concours-photo-montrez-nous-la-plus-belle-photo-de-votre-chien-en-promenade-sur#l5lb6r47qsmp9ur58y' successfully

2022-07-19 16:34:57 - [MESSAGE][PASSED] - Navigate to 'https://lesechosdutouquet.nordlittoral.fr/147787/article/2022-06-30/concours-photo-montrez-nous-la-plus-belle-photo-de-votre-chien-en-promenade-sur#l5lb6r47qsmp9ur58y' successfully

2022-07-19 16:34:57 - [TEST_STEP][PASSED] - setViewPortSize(1920, 1080): Viewport is set to new size with width = 1920 and height = 1080

2022-07-19 16:34:57 - [MESSAGE][PASSED] - Viewport is set to new size with width = 1920 and height = 1080

2022-07-19 16:34:57 - [TEST_STEP][PASSED] - click(findTestObject("Object Repository/Page_Concours photo  votez pour la plus bel_494087/button_Accepter  Fermer")): Object: 'Object Repository/Page_Concours photo  votez pour la plus bel_494087/button_Accepter  Fermer' is clicked on

2022-07-19 16:34:58 - [MESSAGE][PASSED] - Object: 'Object Repository/Page_Concours photo  votez pour la plus bel_494087/button_Accepter  Fermer' is clicked on

2022-07-19 16:34:58 - [TEST_STEP][PASSED] - waitForElementVisible(findTestObject("Object Repository/Page_Concours photo  votez pour la plus bel_494087/a_X"), 15): Object 'Object Repository/Page_Concours photo  votez pour la plus bel_494087/a_X' is visible

2022-07-19 16:35:06 - [MESSAGE][PASSED] - Object 'Object Repository/Page_Concours photo  votez pour la plus bel_494087/a_X' is visible

2022-07-19 16:35:06 - [TEST_STEP][PASSED] - click(findTestObject("Object Repository/Page_Concours photo  votez pour la plus bel_494087/a_X")): Object: 'Object Repository/Page_Concours photo  votez pour la plus bel_494087/a_X' is clicked on

2022-07-19 16:35:06 - [MESSAGE][PASSED] - Object: 'Object Repository/Page_Concours photo  votez pour la plus bel_494087/a_X' is clicked on

2022-07-19 16:35:06 - [TEST_STEP][PASSED] - delay(1): Delayed 1 second(s)

2022-07-19 16:35:07 - [MESSAGE][PASSED] - Delayed 1 second(s)

2022-07-19 16:35:07 - [TEST_STEP][PASSED] - click(findTestObject("Object Repository/Page_Concours photo  votez pour la plus bel_494087/input_concat(Votez pour le plus beau chien de la cte d, , Opale )_jouer")): Object: 'Object Repository/Page_Concours photo  votez pour la plus bel_494087/input_concat(Votez pour le plus beau chien de la cte d, , Opale )_jouer' is clicked on

2022-07-19 16:35:08 - [MESSAGE][PASSED] - Object: 'Object Repository/Page_Concours photo  votez pour la plus bel_494087/input_concat(Votez pour le plus beau chien de la cte d, , Opale )_jouer' is clicked on

2022-07-19 16:35:08 - [TEST_STEP][PASSED] - if (verifyElementPresent(findTestObject("Page_Concours photo  votez pour la plus bel_494087/input_concat(Votez pour le plus beau chien de la cte d, , Opale )_jouer"), 1, OPTIONAL)): null

2022-07-19 16:35:09 - [MESSAGE][PASSED] - Object 'Object Repository/Page_Concours photo  votez pour la plus bel_494087/input_concat(Votez pour le plus beau chien de la cte d, , Opale )_jouer' is present

2022-07-19 16:35:09 - [TEST_STEP][PASSED] - click(findTestObject("Object Repository/Page_Concours photo  votez pour la plus bel_494087/input_concat(Votez pour le plus beau chien de la cte d, , Opale )_jouer")): Object: 'Object Repository/Page_Concours photo  votez pour la plus bel_494087/input_concat(Votez pour le plus beau chien de la cte d, , Opale )_jouer' is clicked on

2022-07-19 16:35:10 - [MESSAGE][PASSED] - Object: 'Object Repository/Page_Concours photo  votez pour la plus bel_494087/input_concat(Votez pour le plus beau chien de la cte d, , Opale )_jouer' is clicked on

2022-07-19 16:35:10 - [TEST_STEP][PASSED] - delay(1): Delayed 1 second(s)

2022-07-19 16:35:11 - [MESSAGE][PASSED] - Delayed 1 second(s)

2022-07-19 16:35:11 - [TEST_STEP][PASSED] - setText(findTestObject("Object Repository/Page_Concours photo  votez pour la plus bel_494087/input_trie par_keyword"), "Gaspard"): Text 'Gaspard' is set on object 'Object Repository/Page_Concours photo  votez pour la plus bel_494087/input_trie par_keyword'

2022-07-19 16:35:13 - [MESSAGE][PASSED] - Text 'Gaspard' is set on object 'Object Repository/Page_Concours photo  votez pour la plus bel_494087/input_trie par_keyword'

2022-07-19 16:35:13 - [TEST_STEP][PASSED] - sendKeys(findTestObject("Page_Concours photo  votez pour la plus bel_494087/input_trie par_keyword"), Keys.chord(ENTER)): Keys 'ENTER + ' sent to object: 'Object Repository/Page_Concours photo  votez pour la plus bel_494087/input_trie par_keyword'

2022-07-19 16:35:14 - [MESSAGE][PASSED] - Keys 'ENTER + ' sent to object: 'Object Repository/Page_Concours photo  votez pour la plus bel_494087/input_trie par_keyword'

2022-07-19 16:35:14 - [TEST_STEP][PASSED] - click(findTestObject("Page_Concours photo  votez pour la plus bel_494087/tri")): Object: 'Object Repository/Page_Concours photo  votez pour la plus bel_494087/tri' is clicked on

2022-07-19 16:35:15 - [MESSAGE][PASSED] - Object: 'Object Repository/Page_Concours photo  votez pour la plus bel_494087/tri' is clicked on

2022-07-19 16:35:15 - [TEST_STEP][PASSED] - click(findTestObject("Page_Concours photo  votez pour la plus bel_494087/plus de votes")): Object: 'Object Repository/Page_Concours photo  votez pour la plus bel_494087/plus de votes' is clicked on

2022-07-19 16:35:15 - [MESSAGE][PASSED] - Object: 'Object Repository/Page_Concours photo  votez pour la plus bel_494087/plus de votes' is clicked on

2022-07-19 16:35:17 - [TEST_STEP][PASSED] - click(findTestObject("Object Repository/Page_Concours photo  votez pour la plus bel_494087/i_Votes_fa fa-heart")): Object: 'Object Repository/Page_Concours photo  votez pour la plus bel_494087/i_Votes_fa fa-heart' is clicked on

2022-07-19 16:35:17 - [MESSAGE][PASSED] - Object: 'Object Repository/Page_Concours photo  votez pour la plus bel_494087/i_Votes_fa fa-heart' is clicked on

2022-07-19 16:35:17 - [TEST_STEP][PASSED] - delay(1): Delayed 1 second(s)

2022-07-19 16:35:18 - [MESSAGE][PASSED] - Delayed 1 second(s)

2022-07-19 16:35:18 - [TEST_STEP][PASSED] - closeBrowser(): Browser is closed

2022-07-19 16:35:19 - [MESSAGE][PASSED] - Browser is closed]]></system-out>
         <system-err><![CDATA[]]></system-err>
      </testcase>
      <testcase name="Test Cases/Vote" time="24.646" classname="Test Cases/Vote" status="PASSED">
         <system-out><![CDATA[2022-07-19 16:35:19 - [TEST_CASE][PASSED] - Test Cases/Vote: Test Cases/Vote

2022-07-19 16:35:19 - [TEST_STEP][PASSED] - openBrowser(""): Browser is opened with url: ''

2022-07-19 16:35:19 - [MESSAGE][INFO] - Starting 'Chrome' driver

2022-07-19 16:35:19 - [MESSAGE][INFO] - Action delay is set to 0 milliseconds

2022-07-19 16:35:20 - [MESSAGE][PASSED] - Browser is opened with url: ''

2022-07-19 16:35:20 - [TEST_STEP][PASSED] - navigateToUrl("https://lesechosdutouquet.nordlittoral.fr/147787/article/2022-06-30/concours-photo-montrez-nous-la-plus-belle-photo-de-votre-chien-en-promenade-sur#l5lb6r47qsmp9ur58y"): Navigate to 'https://lesechosdutouquet.nordlittoral.fr/147787/article/2022-06-30/concours-photo-montrez-nous-la-plus-belle-photo-de-votre-chien-en-promenade-sur#l5lb6r47qsmp9ur58y' successfully

2022-07-19 16:35:23 - [MESSAGE][PASSED] - Navigate to 'https://lesechosdutouquet.nordlittoral.fr/147787/article/2022-06-30/concours-photo-montrez-nous-la-plus-belle-photo-de-votre-chien-en-promenade-sur#l5lb6r47qsmp9ur58y' successfully

2022-07-19 16:35:23 - [TEST_STEP][PASSED] - setViewPortSize(1920, 1080): Viewport is set to new size with width = 1920 and height = 1080

2022-07-19 16:35:23 - [MESSAGE][PASSED] - Viewport is set to new size with width = 1920 and height = 1080

2022-07-19 16:35:23 - [TEST_STEP][PASSED] - click(findTestObject("Object Repository/Page_Concours photo  votez pour la plus bel_494087/button_Accepter  Fermer")): Object: 'Object Repository/Page_Concours photo  votez pour la plus bel_494087/button_Accepter  Fermer' is clicked on

2022-07-19 16:35:24 - [MESSAGE][PASSED] - Object: 'Object Repository/Page_Concours photo  votez pour la plus bel_494087/button_Accepter  Fermer' is clicked on

2022-07-19 16:35:24 - [TEST_STEP][PASSED] - waitForElementVisible(findTestObject("Object Repository/Page_Concours photo  votez pour la plus bel_494087/a_X"), 15): Object 'Object Repository/Page_Concours photo  votez pour la plus bel_494087/a_X' is visible

2022-07-19 16:35:31 - [MESSAGE][PASSED] - Object 'Object Repository/Page_Concours photo  votez pour la plus bel_494087/a_X' is visible

2022-07-19 16:35:31 - [TEST_STEP][PASSED] - click(findTestObject("Object Repository/Page_Concours photo  votez pour la plus bel_494087/a_X")): Object: 'Object Repository/Page_Concours photo  votez pour la plus bel_494087/a_X' is clicked on

2022-07-19 16:35:31 - [MESSAGE][PASSED] - Object: 'Object Repository/Page_Concours photo  votez pour la plus bel_494087/a_X' is clicked on

2022-07-19 16:35:31 - [TEST_STEP][PASSED] - delay(1): Delayed 1 second(s)

2022-07-19 16:35:32 - [MESSAGE][PASSED] - Delayed 1 second(s)

2022-07-19 16:35:32 - [TEST_STEP][PASSED] - click(findTestObject("Object Repository/Page_Concours photo  votez pour la plus bel_494087/input_concat(Votez pour le plus beau chien de la cte d, , Opale )_jouer")): Object: 'Object Repository/Page_Concours photo  votez pour la plus bel_494087/input_concat(Votez pour le plus beau chien de la cte d, , Opale )_jouer' is clicked on

2022-07-19 16:35:33 - [MESSAGE][PASSED] - Object: 'Object Repository/Page_Concours photo  votez pour la plus bel_494087/input_concat(Votez pour le plus beau chien de la cte d, , Opale )_jouer' is clicked on

2022-07-19 16:35:33 - [TEST_STEP][PASSED] - if (verifyElementPresent(findTestObject("Page_Concours photo  votez pour la plus bel_494087/input_concat(Votez pour le plus beau chien de la cte d, , Opale )_jouer"), 1, OPTIONAL)): null

2022-07-19 16:35:34 - [MESSAGE][PASSED] - Object 'Object Repository/Page_Concours photo  votez pour la plus bel_494087/input_concat(Votez pour le plus beau chien de la cte d, , Opale )_jouer' is present

2022-07-19 16:35:34 - [TEST_STEP][PASSED] - click(findTestObject("Object Repository/Page_Concours photo  votez pour la plus bel_494087/input_concat(Votez pour le plus beau chien de la cte d, , Opale )_jouer")): Object: 'Object Repository/Page_Concours photo  votez pour la plus bel_494087/input_concat(Votez pour le plus beau chien de la cte d, , Opale )_jouer' is clicked on

2022-07-19 16:35:35 - [MESSAGE][PASSED] - Object: 'Object Repository/Page_Concours photo  votez pour la plus bel_494087/input_concat(Votez pour le plus beau chien de la cte d, , Opale )_jouer' is clicked on

2022-07-19 16:35:35 - [TEST_STEP][PASSED] - delay(1): Delayed 1 second(s)

2022-07-19 16:35:36 - [MESSAGE][PASSED] - Delayed 1 second(s)

2022-07-19 16:35:36 - [TEST_STEP][PASSED] - setText(findTestObject("Object Repository/Page_Concours photo  votez pour la plus bel_494087/input_trie par_keyword"), "Gaspard"): Text 'Gaspard' is set on object 'Object Repository/Page_Concours photo  votez pour la plus bel_494087/input_trie par_keyword'

2022-07-19 16:35:38 - [MESSAGE][PASSED] - Text 'Gaspard' is set on object 'Object Repository/Page_Concours photo  votez pour la plus bel_494087/input_trie par_keyword'

2022-07-19 16:35:38 - [TEST_STEP][PASSED] - sendKeys(findTestObject("Page_Concours photo  votez pour la plus bel_494087/input_trie par_keyword"), Keys.chord(ENTER)): Keys 'ENTER + ' sent to object: 'Object Repository/Page_Concours photo  votez pour la plus bel_494087/input_trie par_keyword'

2022-07-19 16:35:39 - [MESSAGE][PASSED] - Keys 'ENTER + ' sent to object: 'Object Repository/Page_Concours photo  votez pour la plus bel_494087/input_trie par_keyword'

2022-07-19 16:35:39 - [TEST_STEP][PASSED] - click(findTestObject("Page_Concours photo  votez pour la plus bel_494087/tri")): Object: 'Object Repository/Page_Concours photo  votez pour la plus bel_494087/tri' is clicked on

2022-07-19 16:35:40 - [MESSAGE][PASSED] - Object: 'Object Repository/Page_Concours photo  votez pour la plus bel_494087/tri' is clicked on

2022-07-19 16:35:40 - [TEST_STEP][PASSED] - click(findTestObject("Page_Concours photo  votez pour la plus bel_494087/plus de votes")): Object: 'Object Repository/Page_Concours photo  votez pour la plus bel_494087/plus de votes' is clicked on

2022-07-19 16:35:40 - [MESSAGE][PASSED] - Object: 'Object Repository/Page_Concours photo  votez pour la plus bel_494087/plus de votes' is clicked on

2022-07-19 16:35:41 - [TEST_STEP][PASSED] - click(findTestObject("Object Repository/Page_Concours photo  votez pour la plus bel_494087/i_Votes_fa fa-heart")): Object: 'Object Repository/Page_Concours photo  votez pour la plus bel_494087/i_Votes_fa fa-heart' is clicked on

2022-07-19 16:35:42 - [MESSAGE][PASSED] - Object: 'Object Repository/Page_Concours photo  votez pour la plus bel_494087/i_Votes_fa fa-heart' is clicked on

2022-07-19 16:35:42 - [TEST_STEP][PASSED] - delay(1): Delayed 1 second(s)

2022-07-19 16:35:43 - [MESSAGE][PASSED] - Delayed 1 second(s)

2022-07-19 16:35:43 - [TEST_STEP][PASSED] - closeBrowser(): Browser is closed

2022-07-19 16:35:43 - [MESSAGE][PASSED] - Browser is closed]]></system-out>
         <system-err><![CDATA[]]></system-err>
      </testcase>
      <testcase name="Test Cases/Vote" time="25.194" classname="Test Cases/Vote" status="PASSED">
         <system-out><![CDATA[2022-07-19 16:35:43 - [TEST_CASE][PASSED] - Test Cases/Vote: Test Cases/Vote

2022-07-19 16:35:43 - [TEST_STEP][PASSED] - openBrowser(""): Browser is opened with url: ''

2022-07-19 16:35:43 - [MESSAGE][INFO] - Starting 'Chrome' driver

2022-07-19 16:35:43 - [MESSAGE][INFO] - Action delay is set to 0 milliseconds

2022-07-19 16:35:44 - [MESSAGE][PASSED] - Browser is opened with url: ''

2022-07-19 16:35:44 - [TEST_STEP][PASSED] - navigateToUrl("https://lesechosdutouquet.nordlittoral.fr/147787/article/2022-06-30/concours-photo-montrez-nous-la-plus-belle-photo-de-votre-chien-en-promenade-sur#l5lb6r47qsmp9ur58y"): Navigate to 'https://lesechosdutouquet.nordlittoral.fr/147787/article/2022-06-30/concours-photo-montrez-nous-la-plus-belle-photo-de-votre-chien-en-promenade-sur#l5lb6r47qsmp9ur58y' successfully

2022-07-19 16:35:47 - [MESSAGE][PASSED] - Navigate to 'https://lesechosdutouquet.nordlittoral.fr/147787/article/2022-06-30/concours-photo-montrez-nous-la-plus-belle-photo-de-votre-chien-en-promenade-sur#l5lb6r47qsmp9ur58y' successfully

2022-07-19 16:35:47 - [TEST_STEP][PASSED] - setViewPortSize(1920, 1080): Viewport is set to new size with width = 1920 and height = 1080

2022-07-19 16:35:47 - [MESSAGE][PASSED] - Viewport is set to new size with width = 1920 and height = 1080

2022-07-19 16:35:47 - [TEST_STEP][PASSED] - click(findTestObject("Object Repository/Page_Concours photo  votez pour la plus bel_494087/button_Accepter  Fermer")): Object: 'Object Repository/Page_Concours photo  votez pour la plus bel_494087/button_Accepter  Fermer' is clicked on

2022-07-19 16:35:48 - [MESSAGE][PASSED] - Object: 'Object Repository/Page_Concours photo  votez pour la plus bel_494087/button_Accepter  Fermer' is clicked on

2022-07-19 16:35:48 - [TEST_STEP][PASSED] - waitForElementVisible(findTestObject("Object Repository/Page_Concours photo  votez pour la plus bel_494087/a_X"), 15): Object 'Object Repository/Page_Concours photo  votez pour la plus bel_494087/a_X' is visible

2022-07-19 16:35:55 - [MESSAGE][PASSED] - Object 'Object Repository/Page_Concours photo  votez pour la plus bel_494087/a_X' is visible

2022-07-19 16:35:55 - [TEST_STEP][PASSED] - click(findTestObject("Object Repository/Page_Concours photo  votez pour la plus bel_494087/a_X")): Object: 'Object Repository/Page_Concours photo  votez pour la plus bel_494087/a_X' is clicked on

2022-07-19 16:35:56 - [MESSAGE][PASSED] - Object: 'Object Repository/Page_Concours photo  votez pour la plus bel_494087/a_X' is clicked on

2022-07-19 16:35:56 - [TEST_STEP][PASSED] - delay(1): Delayed 1 second(s)

2022-07-19 16:35:57 - [MESSAGE][PASSED] - Delayed 1 second(s)

2022-07-19 16:35:57 - [TEST_STEP][PASSED] - click(findTestObject("Object Repository/Page_Concours photo  votez pour la plus bel_494087/input_concat(Votez pour le plus beau chien de la cte d, , Opale )_jouer")): Object: 'Object Repository/Page_Concours photo  votez pour la plus bel_494087/input_concat(Votez pour le plus beau chien de la cte d, , Opale )_jouer' is clicked on

2022-07-19 16:35:58 - [MESSAGE][PASSED] - Object: 'Object Repository/Page_Concours photo  votez pour la plus bel_494087/input_concat(Votez pour le plus beau chien de la cte d, , Opale )_jouer' is clicked on

2022-07-19 16:35:58 - [TEST_STEP][PASSED] - if (verifyElementPresent(findTestObject("Page_Concours photo  votez pour la plus bel_494087/input_concat(Votez pour le plus beau chien de la cte d, , Opale )_jouer"), 1, OPTIONAL)): null

2022-07-19 16:35:59 - [MESSAGE][PASSED] - Object 'Object Repository/Page_Concours photo  votez pour la plus bel_494087/input_concat(Votez pour le plus beau chien de la cte d, , Opale )_jouer' is present

2022-07-19 16:35:59 - [TEST_STEP][PASSED] - click(findTestObject("Object Repository/Page_Concours photo  votez pour la plus bel_494087/input_concat(Votez pour le plus beau chien de la cte d, , Opale )_jouer")): Object: 'Object Repository/Page_Concours photo  votez pour la plus bel_494087/input_concat(Votez pour le plus beau chien de la cte d, , Opale )_jouer' is clicked on

2022-07-19 16:35:59 - [MESSAGE][PASSED] - Object: 'Object Repository/Page_Concours photo  votez pour la plus bel_494087/input_concat(Votez pour le plus beau chien de la cte d, , Opale )_jouer' is clicked on

2022-07-19 16:35:59 - [TEST_STEP][PASSED] - delay(1): Delayed 1 second(s)

2022-07-19 16:36:01 - [MESSAGE][PASSED] - Delayed 1 second(s)

2022-07-19 16:36:01 - [TEST_STEP][PASSED] - setText(findTestObject("Object Repository/Page_Concours photo  votez pour la plus bel_494087/input_trie par_keyword"), "Gaspard"): Text 'Gaspard' is set on object 'Object Repository/Page_Concours photo  votez pour la plus bel_494087/input_trie par_keyword'

2022-07-19 16:36:02 - [MESSAGE][PASSED] - Text 'Gaspard' is set on object 'Object Repository/Page_Concours photo  votez pour la plus bel_494087/input_trie par_keyword'

2022-07-19 16:36:02 - [TEST_STEP][PASSED] - sendKeys(findTestObject("Page_Concours photo  votez pour la plus bel_494087/input_trie par_keyword"), Keys.chord(ENTER)): Keys 'ENTER + ' sent to object: 'Object Repository/Page_Concours photo  votez pour la plus bel_494087/input_trie par_keyword'

2022-07-19 16:36:04 - [MESSAGE][PASSED] - Keys 'ENTER + ' sent to object: 'Object Repository/Page_Concours photo  votez pour la plus bel_494087/input_trie par_keyword'

2022-07-19 16:36:04 - [TEST_STEP][PASSED] - click(findTestObject("Page_Concours photo  votez pour la plus bel_494087/tri")): Object: 'Object Repository/Page_Concours photo  votez pour la plus bel_494087/tri' is clicked on

2022-07-19 16:36:04 - [MESSAGE][PASSED] - Object: 'Object Repository/Page_Concours photo  votez pour la plus bel_494087/tri' is clicked on

2022-07-19 16:36:04 - [TEST_STEP][PASSED] - click(findTestObject("Page_Concours photo  votez pour la plus bel_494087/plus de votes")): Object: 'Object Repository/Page_Concours photo  votez pour la plus bel_494087/plus de votes' is clicked on

2022-07-19 16:36:05 - [MESSAGE][PASSED] - Object: 'Object Repository/Page_Concours photo  votez pour la plus bel_494087/plus de votes' is clicked on

2022-07-19 16:36:07 - [TEST_STEP][PASSED] - click(findTestObject("Object Repository/Page_Concours photo  votez pour la plus bel_494087/i_Votes_fa fa-heart")): Object: 'Object Repository/Page_Concours photo  votez pour la plus bel_494087/i_Votes_fa fa-heart' is clicked on

2022-07-19 16:36:07 - [MESSAGE][PASSED] - Object: 'Object Repository/Page_Concours photo  votez pour la plus bel_494087/i_Votes_fa fa-heart' is clicked on

2022-07-19 16:36:07 - [TEST_STEP][PASSED] - delay(1): Delayed 1 second(s)

2022-07-19 16:36:08 - [MESSAGE][PASSED] - Delayed 1 second(s)

2022-07-19 16:36:08 - [TEST_STEP][PASSED] - closeBrowser(): Browser is closed

2022-07-19 16:36:08 - [MESSAGE][PASSED] - Browser is closed]]></system-out>
         <system-err><![CDATA[]]></system-err>
      </testcase>
      <testcase name="Test Cases/Vote" time="25.038" classname="Test Cases/Vote" status="PASSED">
         <system-out><![CDATA[2022-07-19 16:36:08 - [TEST_CASE][PASSED] - Test Cases/Vote: Test Cases/Vote

2022-07-19 16:36:08 - [TEST_STEP][PASSED] - openBrowser(""): Browser is opened with url: ''

2022-07-19 16:36:08 - [MESSAGE][INFO] - Starting 'Chrome' driver

2022-07-19 16:36:08 - [MESSAGE][INFO] - Action delay is set to 0 milliseconds

2022-07-19 16:36:10 - [MESSAGE][PASSED] - Browser is opened with url: ''

2022-07-19 16:36:10 - [TEST_STEP][PASSED] - navigateToUrl("https://lesechosdutouquet.nordlittoral.fr/147787/article/2022-06-30/concours-photo-montrez-nous-la-plus-belle-photo-de-votre-chien-en-promenade-sur#l5lb6r47qsmp9ur58y"): Navigate to 'https://lesechosdutouquet.nordlittoral.fr/147787/article/2022-06-30/concours-photo-montrez-nous-la-plus-belle-photo-de-votre-chien-en-promenade-sur#l5lb6r47qsmp9ur58y' successfully

2022-07-19 16:36:13 - [MESSAGE][PASSED] - Navigate to 'https://lesechosdutouquet.nordlittoral.fr/147787/article/2022-06-30/concours-photo-montrez-nous-la-plus-belle-photo-de-votre-chien-en-promenade-sur#l5lb6r47qsmp9ur58y' successfully

2022-07-19 16:36:13 - [TEST_STEP][PASSED] - setViewPortSize(1920, 1080): Viewport is set to new size with width = 1920 and height = 1080

2022-07-19 16:36:13 - [MESSAGE][PASSED] - Viewport is set to new size with width = 1920 and height = 1080

2022-07-19 16:36:13 - [TEST_STEP][PASSED] - click(findTestObject("Object Repository/Page_Concours photo  votez pour la plus bel_494087/button_Accepter  Fermer")): Object: 'Object Repository/Page_Concours photo  votez pour la plus bel_494087/button_Accepter  Fermer' is clicked on

2022-07-19 16:36:14 - [MESSAGE][PASSED] - Object: 'Object Repository/Page_Concours photo  votez pour la plus bel_494087/button_Accepter  Fermer' is clicked on

2022-07-19 16:36:14 - [TEST_STEP][PASSED] - waitForElementVisible(findTestObject("Object Repository/Page_Concours photo  votez pour la plus bel_494087/a_X"), 15): Object 'Object Repository/Page_Concours photo  votez pour la plus bel_494087/a_X' is visible

2022-07-19 16:36:21 - [MESSAGE][PASSED] - Object 'Object Repository/Page_Concours photo  votez pour la plus bel_494087/a_X' is visible

2022-07-19 16:36:21 - [TEST_STEP][PASSED] - click(findTestObject("Object Repository/Page_Concours photo  votez pour la plus bel_494087/a_X")): Object: 'Object Repository/Page_Concours photo  votez pour la plus bel_494087/a_X' is clicked on

2022-07-19 16:36:21 - [MESSAGE][PASSED] - Object: 'Object Repository/Page_Concours photo  votez pour la plus bel_494087/a_X' is clicked on

2022-07-19 16:36:21 - [TEST_STEP][PASSED] - delay(1): Delayed 1 second(s)

2022-07-19 16:36:22 - [MESSAGE][PASSED] - Delayed 1 second(s)

2022-07-19 16:36:22 - [TEST_STEP][PASSED] - click(findTestObject("Object Repository/Page_Concours photo  votez pour la plus bel_494087/input_concat(Votez pour le plus beau chien de la cte d, , Opale )_jouer")): Object: 'Object Repository/Page_Concours photo  votez pour la plus bel_494087/input_concat(Votez pour le plus beau chien de la cte d, , Opale )_jouer' is clicked on

2022-07-19 16:36:23 - [MESSAGE][PASSED] - Object: 'Object Repository/Page_Concours photo  votez pour la plus bel_494087/input_concat(Votez pour le plus beau chien de la cte d, , Opale )_jouer' is clicked on

2022-07-19 16:36:23 - [TEST_STEP][PASSED] - if (verifyElementPresent(findTestObject("Page_Concours photo  votez pour la plus bel_494087/input_concat(Votez pour le plus beau chien de la cte d, , Opale )_jouer"), 1, OPTIONAL)): null

2022-07-19 16:36:24 - [MESSAGE][PASSED] - Object 'Object Repository/Page_Concours photo  votez pour la plus bel_494087/input_concat(Votez pour le plus beau chien de la cte d, , Opale )_jouer' is present

2022-07-19 16:36:24 - [TEST_STEP][PASSED] - click(findTestObject("Object Repository/Page_Concours photo  votez pour la plus bel_494087/input_concat(Votez pour le plus beau chien de la cte d, , Opale )_jouer")): Object: 'Object Repository/Page_Concours photo  votez pour la plus bel_494087/input_concat(Votez pour le plus beau chien de la cte d, , Opale )_jouer' is clicked on

2022-07-19 16:36:25 - [MESSAGE][PASSED] - Object: 'Object Repository/Page_Concours photo  votez pour la plus bel_494087/input_concat(Votez pour le plus beau chien de la cte d, , Opale )_jouer' is clicked on

2022-07-19 16:36:25 - [TEST_STEP][PASSED] - delay(1): Delayed 1 second(s)

2022-07-19 16:36:26 - [MESSAGE][PASSED] - Delayed 1 second(s)

2022-07-19 16:36:26 - [TEST_STEP][PASSED] - setText(findTestObject("Object Repository/Page_Concours photo  votez pour la plus bel_494087/input_trie par_keyword"), "Gaspard"): Text 'Gaspard' is set on object 'Object Repository/Page_Concours photo  votez pour la plus bel_494087/input_trie par_keyword'

2022-07-19 16:36:28 - [MESSAGE][PASSED] - Text 'Gaspard' is set on object 'Object Repository/Page_Concours photo  votez pour la plus bel_494087/input_trie par_keyword'

2022-07-19 16:36:28 - [TEST_STEP][PASSED] - sendKeys(findTestObject("Page_Concours photo  votez pour la plus bel_494087/input_trie par_keyword"), Keys.chord(ENTER)): Keys 'ENTER + ' sent to object: 'Object Repository/Page_Concours photo  votez pour la plus bel_494087/input_trie par_keyword'

2022-07-19 16:36:29 - [MESSAGE][PASSED] - Keys 'ENTER + ' sent to object: 'Object Repository/Page_Concours photo  votez pour la plus bel_494087/input_trie par_keyword'

2022-07-19 16:36:29 - [TEST_STEP][PASSED] - click(findTestObject("Page_Concours photo  votez pour la plus bel_494087/tri")): Object: 'Object Repository/Page_Concours photo  votez pour la plus bel_494087/tri' is clicked on

2022-07-19 16:36:30 - [MESSAGE][PASSED] - Object: 'Object Repository/Page_Concours photo  votez pour la plus bel_494087/tri' is clicked on

2022-07-19 16:36:30 - [TEST_STEP][PASSED] - click(findTestObject("Page_Concours photo  votez pour la plus bel_494087/plus de votes")): Object: 'Object Repository/Page_Concours photo  votez pour la plus bel_494087/plus de votes' is clicked on

2022-07-19 16:36:30 - [MESSAGE][PASSED] - Object: 'Object Repository/Page_Concours photo  votez pour la plus bel_494087/plus de votes' is clicked on

2022-07-19 16:36:32 - [TEST_STEP][PASSED] - click(findTestObject("Object Repository/Page_Concours photo  votez pour la plus bel_494087/i_Votes_fa fa-heart")): Object: 'Object Repository/Page_Concours photo  votez pour la plus bel_494087/i_Votes_fa fa-heart' is clicked on

2022-07-19 16:36:32 - [MESSAGE][PASSED] - Object: 'Object Repository/Page_Concours photo  votez pour la plus bel_494087/i_Votes_fa fa-heart' is clicked on

2022-07-19 16:36:32 - [TEST_STEP][PASSED] - delay(1): Delayed 1 second(s)

2022-07-19 16:36:33 - [MESSAGE][PASSED] - Delayed 1 second(s)

2022-07-19 16:36:33 - [TEST_STEP][PASSED] - closeBrowser(): Browser is closed

2022-07-19 16:36:33 - [MESSAGE][PASSED] - Browser is closed]]></system-out>
         <system-err><![CDATA[]]></system-err>
      </testcase>
      <testcase name="Test Cases/Vote" time="25.77" classname="Test Cases/Vote" status="PASSED">
         <system-out><![CDATA[2022-07-19 16:36:33 - [TEST_CASE][PASSED] - Test Cases/Vote: Test Cases/Vote

2022-07-19 16:36:33 - [TEST_STEP][PASSED] - openBrowser(""): Browser is opened with url: ''

2022-07-19 16:36:33 - [MESSAGE][INFO] - Starting 'Chrome' driver

2022-07-19 16:36:33 - [MESSAGE][INFO] - Action delay is set to 0 milliseconds

2022-07-19 16:36:35 - [MESSAGE][PASSED] - Browser is opened with url: ''

2022-07-19 16:36:35 - [TEST_STEP][PASSED] - navigateToUrl("https://lesechosdutouquet.nordlittoral.fr/147787/article/2022-06-30/concours-photo-montrez-nous-la-plus-belle-photo-de-votre-chien-en-promenade-sur#l5lb6r47qsmp9ur58y"): Navigate to 'https://lesechosdutouquet.nordlittoral.fr/147787/article/2022-06-30/concours-photo-montrez-nous-la-plus-belle-photo-de-votre-chien-en-promenade-sur#l5lb6r47qsmp9ur58y' successfully

2022-07-19 16:36:39 - [MESSAGE][PASSED] - Navigate to 'https://lesechosdutouquet.nordlittoral.fr/147787/article/2022-06-30/concours-photo-montrez-nous-la-plus-belle-photo-de-votre-chien-en-promenade-sur#l5lb6r47qsmp9ur58y' successfully

2022-07-19 16:36:39 - [TEST_STEP][PASSED] - setViewPortSize(1920, 1080): Viewport is set to new size with width = 1920 and height = 1080

2022-07-19 16:36:39 - [MESSAGE][PASSED] - Viewport is set to new size with width = 1920 and height = 1080

2022-07-19 16:36:39 - [TEST_STEP][PASSED] - click(findTestObject("Object Repository/Page_Concours photo  votez pour la plus bel_494087/button_Accepter  Fermer")): Object: 'Object Repository/Page_Concours photo  votez pour la plus bel_494087/button_Accepter  Fermer' is clicked on

2022-07-19 16:36:40 - [MESSAGE][PASSED] - Object: 'Object Repository/Page_Concours photo  votez pour la plus bel_494087/button_Accepter  Fermer' is clicked on

2022-07-19 16:36:40 - [TEST_STEP][PASSED] - waitForElementVisible(findTestObject("Object Repository/Page_Concours photo  votez pour la plus bel_494087/a_X"), 15): Object 'Object Repository/Page_Concours photo  votez pour la plus bel_494087/a_X' is visible

2022-07-19 16:36:47 - [MESSAGE][PASSED] - Object 'Object Repository/Page_Concours photo  votez pour la plus bel_494087/a_X' is visible

2022-07-19 16:36:47 - [TEST_STEP][PASSED] - click(findTestObject("Object Repository/Page_Concours photo  votez pour la plus bel_494087/a_X")): Object: 'Object Repository/Page_Concours photo  votez pour la plus bel_494087/a_X' is clicked on

2022-07-19 16:36:47 - [MESSAGE][PASSED] - Object: 'Object Repository/Page_Concours photo  votez pour la plus bel_494087/a_X' is clicked on

2022-07-19 16:36:47 - [TEST_STEP][PASSED] - delay(1): Delayed 1 second(s)

2022-07-19 16:36:48 - [MESSAGE][PASSED] - Delayed 1 second(s)

2022-07-19 16:36:48 - [TEST_STEP][PASSED] - click(findTestObject("Object Repository/Page_Concours photo  votez pour la plus bel_494087/input_concat(Votez pour le plus beau chien de la cte d, , Opale )_jouer")): Object: 'Object Repository/Page_Concours photo  votez pour la plus bel_494087/input_concat(Votez pour le plus beau chien de la cte d, , Opale )_jouer' is clicked on

2022-07-19 16:36:49 - [MESSAGE][PASSED] - Object: 'Object Repository/Page_Concours photo  votez pour la plus bel_494087/input_concat(Votez pour le plus beau chien de la cte d, , Opale )_jouer' is clicked on

2022-07-19 16:36:49 - [TEST_STEP][PASSED] - if (verifyElementPresent(findTestObject("Page_Concours photo  votez pour la plus bel_494087/input_concat(Votez pour le plus beau chien de la cte d, , Opale )_jouer"), 1, OPTIONAL)): null

2022-07-19 16:36:51 - [MESSAGE][PASSED] - Object 'Object Repository/Page_Concours photo  votez pour la plus bel_494087/input_concat(Votez pour le plus beau chien de la cte d, , Opale )_jouer' is present

2022-07-19 16:36:51 - [TEST_STEP][PASSED] - click(findTestObject("Object Repository/Page_Concours photo  votez pour la plus bel_494087/input_concat(Votez pour le plus beau chien de la cte d, , Opale )_jouer")): Object: 'Object Repository/Page_Concours photo  votez pour la plus bel_494087/input_concat(Votez pour le plus beau chien de la cte d, , Opale )_jouer' is clicked on

2022-07-19 16:36:51 - [MESSAGE][PASSED] - Object: 'Object Repository/Page_Concours photo  votez pour la plus bel_494087/input_concat(Votez pour le plus beau chien de la cte d, , Opale )_jouer' is clicked on

2022-07-19 16:36:51 - [TEST_STEP][PASSED] - delay(1): Delayed 1 second(s)

2022-07-19 16:36:52 - [MESSAGE][PASSED] - Delayed 1 second(s)

2022-07-19 16:36:52 - [TEST_STEP][PASSED] - setText(findTestObject("Object Repository/Page_Concours photo  votez pour la plus bel_494087/input_trie par_keyword"), "Gaspard"): Text 'Gaspard' is set on object 'Object Repository/Page_Concours photo  votez pour la plus bel_494087/input_trie par_keyword'

2022-07-19 16:36:53 - [MESSAGE][PASSED] - Text 'Gaspard' is set on object 'Object Repository/Page_Concours photo  votez pour la plus bel_494087/input_trie par_keyword'

2022-07-19 16:36:53 - [TEST_STEP][PASSED] - sendKeys(findTestObject("Page_Concours photo  votez pour la plus bel_494087/input_trie par_keyword"), Keys.chord(ENTER)): Keys 'ENTER + ' sent to object: 'Object Repository/Page_Concours photo  votez pour la plus bel_494087/input_trie par_keyword'

2022-07-19 16:36:54 - [MESSAGE][PASSED] - Keys 'ENTER + ' sent to object: 'Object Repository/Page_Concours photo  votez pour la plus bel_494087/input_trie par_keyword'

2022-07-19 16:36:54 - [TEST_STEP][PASSED] - click(findTestObject("Page_Concours photo  votez pour la plus bel_494087/tri")): Object: 'Object Repository/Page_Concours photo  votez pour la plus bel_494087/tri' is clicked on

2022-07-19 16:36:55 - [MESSAGE][PASSED] - Object: 'Object Repository/Page_Concours photo  votez pour la plus bel_494087/tri' is clicked on

2022-07-19 16:36:55 - [TEST_STEP][PASSED] - click(findTestObject("Page_Concours photo  votez pour la plus bel_494087/plus de votes")): Object: 'Object Repository/Page_Concours photo  votez pour la plus bel_494087/plus de votes' is clicked on

2022-07-19 16:36:56 - [MESSAGE][PASSED] - Object: 'Object Repository/Page_Concours photo  votez pour la plus bel_494087/plus de votes' is clicked on

2022-07-19 16:36:57 - [TEST_STEP][PASSED] - click(findTestObject("Object Repository/Page_Concours photo  votez pour la plus bel_494087/i_Votes_fa fa-heart")): Object: 'Object Repository/Page_Concours photo  votez pour la plus bel_494087/i_Votes_fa fa-heart' is clicked on

2022-07-19 16:36:58 - [MESSAGE][PASSED] - Object: 'Object Repository/Page_Concours photo  votez pour la plus bel_494087/i_Votes_fa fa-heart' is clicked on

2022-07-19 16:36:58 - [TEST_STEP][PASSED] - delay(1): Delayed 1 second(s)

2022-07-19 16:36:59 - [MESSAGE][PASSED] - Delayed 1 second(s)

2022-07-19 16:36:59 - [TEST_STEP][PASSED] - closeBrowser(): Browser is closed

2022-07-19 16:36:59 - [MESSAGE][PASSED] - Browser is closed]]></system-out>
         <system-err><![CDATA[]]></system-err>
      </testcase>
      <testcase name="Test Cases/Vote" time="26.014" classname="Test Cases/Vote" status="PASSED">
         <system-out><![CDATA[2022-07-19 16:36:59 - [TEST_CASE][PASSED] - Test Cases/Vote: Test Cases/Vote

2022-07-19 16:36:59 - [TEST_STEP][PASSED] - openBrowser(""): Browser is opened with url: ''

2022-07-19 16:36:59 - [MESSAGE][INFO] - Starting 'Chrome' driver

2022-07-19 16:36:59 - [MESSAGE][INFO] - Action delay is set to 0 milliseconds

2022-07-19 16:37:00 - [MESSAGE][PASSED] - Browser is opened with url: ''

2022-07-19 16:37:00 - [TEST_STEP][PASSED] - navigateToUrl("https://lesechosdutouquet.nordlittoral.fr/147787/article/2022-06-30/concours-photo-montrez-nous-la-plus-belle-photo-de-votre-chien-en-promenade-sur#l5lb6r47qsmp9ur58y"): Navigate to 'https://lesechosdutouquet.nordlittoral.fr/147787/article/2022-06-30/concours-photo-montrez-nous-la-plus-belle-photo-de-votre-chien-en-promenade-sur#l5lb6r47qsmp9ur58y' successfully

2022-07-19 16:37:03 - [MESSAGE][PASSED] - Navigate to 'https://lesechosdutouquet.nordlittoral.fr/147787/article/2022-06-30/concours-photo-montrez-nous-la-plus-belle-photo-de-votre-chien-en-promenade-sur#l5lb6r47qsmp9ur58y' successfully

2022-07-19 16:37:03 - [TEST_STEP][PASSED] - setViewPortSize(1920, 1080): Viewport is set to new size with width = 1920 and height = 1080

2022-07-19 16:37:03 - [MESSAGE][PASSED] - Viewport is set to new size with width = 1920 and height = 1080

2022-07-19 16:37:03 - [TEST_STEP][PASSED] - click(findTestObject("Object Repository/Page_Concours photo  votez pour la plus bel_494087/button_Accepter  Fermer")): Object: 'Object Repository/Page_Concours photo  votez pour la plus bel_494087/button_Accepter  Fermer' is clicked on

2022-07-19 16:37:05 - [MESSAGE][PASSED] - Object: 'Object Repository/Page_Concours photo  votez pour la plus bel_494087/button_Accepter  Fermer' is clicked on

2022-07-19 16:37:05 - [TEST_STEP][PASSED] - waitForElementVisible(findTestObject("Object Repository/Page_Concours photo  votez pour la plus bel_494087/a_X"), 15): Object 'Object Repository/Page_Concours photo  votez pour la plus bel_494087/a_X' is visible

2022-07-19 16:37:12 - [MESSAGE][PASSED] - Object 'Object Repository/Page_Concours photo  votez pour la plus bel_494087/a_X' is visible

2022-07-19 16:37:12 - [TEST_STEP][PASSED] - click(findTestObject("Object Repository/Page_Concours photo  votez pour la plus bel_494087/a_X")): Object: 'Object Repository/Page_Concours photo  votez pour la plus bel_494087/a_X' is clicked on

2022-07-19 16:37:12 - [MESSAGE][PASSED] - Object: 'Object Repository/Page_Concours photo  votez pour la plus bel_494087/a_X' is clicked on

2022-07-19 16:37:12 - [TEST_STEP][PASSED] - delay(1): Delayed 1 second(s)

2022-07-19 16:37:13 - [MESSAGE][PASSED] - Delayed 1 second(s)

2022-07-19 16:37:13 - [TEST_STEP][PASSED] - click(findTestObject("Object Repository/Page_Concours photo  votez pour la plus bel_494087/input_concat(Votez pour le plus beau chien de la cte d, , Opale )_jouer")): Object: 'Object Repository/Page_Concours photo  votez pour la plus bel_494087/input_concat(Votez pour le plus beau chien de la cte d, , Opale )_jouer' is clicked on

2022-07-19 16:37:14 - [MESSAGE][PASSED] - Object: 'Object Repository/Page_Concours photo  votez pour la plus bel_494087/input_concat(Votez pour le plus beau chien de la cte d, , Opale )_jouer' is clicked on

2022-07-19 16:37:14 - [TEST_STEP][PASSED] - if (verifyElementPresent(findTestObject("Page_Concours photo  votez pour la plus bel_494087/input_concat(Votez pour le plus beau chien de la cte d, , Opale )_jouer"), 1, OPTIONAL)): null

2022-07-19 16:37:15 - [MESSAGE][PASSED] - Object 'Object Repository/Page_Concours photo  votez pour la plus bel_494087/input_concat(Votez pour le plus beau chien de la cte d, , Opale )_jouer' is present

2022-07-19 16:37:15 - [TEST_STEP][PASSED] - click(findTestObject("Object Repository/Page_Concours photo  votez pour la plus bel_494087/input_concat(Votez pour le plus beau chien de la cte d, , Opale )_jouer")): Object: 'Object Repository/Page_Concours photo  votez pour la plus bel_494087/input_concat(Votez pour le plus beau chien de la cte d, , Opale )_jouer' is clicked on

2022-07-19 16:37:16 - [MESSAGE][PASSED] - Object: 'Object Repository/Page_Concours photo  votez pour la plus bel_494087/input_concat(Votez pour le plus beau chien de la cte d, , Opale )_jouer' is clicked on

2022-07-19 16:37:16 - [TEST_STEP][PASSED] - delay(1): Delayed 1 second(s)

2022-07-19 16:37:17 - [MESSAGE][PASSED] - Delayed 1 second(s)

2022-07-19 16:37:17 - [TEST_STEP][PASSED] - setText(findTestObject("Object Repository/Page_Concours photo  votez pour la plus bel_494087/input_trie par_keyword"), "Gaspard"): Text 'Gaspard' is set on object 'Object Repository/Page_Concours photo  votez pour la plus bel_494087/input_trie par_keyword'

2022-07-19 16:37:20 - [MESSAGE][PASSED] - Text 'Gaspard' is set on object 'Object Repository/Page_Concours photo  votez pour la plus bel_494087/input_trie par_keyword'

2022-07-19 16:37:20 - [TEST_STEP][PASSED] - sendKeys(findTestObject("Page_Concours photo  votez pour la plus bel_494087/input_trie par_keyword"), Keys.chord(ENTER)): Keys 'ENTER + ' sent to object: 'Object Repository/Page_Concours photo  votez pour la plus bel_494087/input_trie par_keyword'

2022-07-19 16:37:21 - [MESSAGE][PASSED] - Keys 'ENTER + ' sent to object: 'Object Repository/Page_Concours photo  votez pour la plus bel_494087/input_trie par_keyword'

2022-07-19 16:37:21 - [TEST_STEP][PASSED] - click(findTestObject("Page_Concours photo  votez pour la plus bel_494087/tri")): Object: 'Object Repository/Page_Concours photo  votez pour la plus bel_494087/tri' is clicked on

2022-07-19 16:37:22 - [MESSAGE][PASSED] - Object: 'Object Repository/Page_Concours photo  votez pour la plus bel_494087/tri' is clicked on

2022-07-19 16:37:22 - [TEST_STEP][PASSED] - click(findTestObject("Page_Concours photo  votez pour la plus bel_494087/plus de votes")): Object: 'Object Repository/Page_Concours photo  votez pour la plus bel_494087/plus de votes' is clicked on

2022-07-19 16:37:22 - [MESSAGE][PASSED] - Object: 'Object Repository/Page_Concours photo  votez pour la plus bel_494087/plus de votes' is clicked on

2022-07-19 16:37:23 - [TEST_STEP][PASSED] - click(findTestObject("Object Repository/Page_Concours photo  votez pour la plus bel_494087/i_Votes_fa fa-heart")): Object: 'Object Repository/Page_Concours photo  votez pour la plus bel_494087/i_Votes_fa fa-heart' is clicked on

2022-07-19 16:37:24 - [MESSAGE][PASSED] - Object: 'Object Repository/Page_Concours photo  votez pour la plus bel_494087/i_Votes_fa fa-heart' is clicked on

2022-07-19 16:37:24 - [TEST_STEP][PASSED] - delay(1): Delayed 1 second(s)

2022-07-19 16:37:25 - [MESSAGE][PASSED] - Delayed 1 second(s)

2022-07-19 16:37:25 - [TEST_STEP][PASSED] - closeBrowser(): Browser is closed

2022-07-19 16:37:25 - [MESSAGE][PASSED] - Browser is closed]]></system-out>
         <system-err><![CDATA[]]></system-err>
      </testcase>
      <testcase name="Test Cases/Vote" time="24.35" classname="Test Cases/Vote" status="PASSED">
         <system-out><![CDATA[2022-07-19 16:37:25 - [TEST_CASE][PASSED] - Test Cases/Vote: Test Cases/Vote

2022-07-19 16:37:25 - [TEST_STEP][PASSED] - openBrowser(""): Browser is opened with url: ''

2022-07-19 16:37:25 - [MESSAGE][INFO] - Starting 'Chrome' driver

2022-07-19 16:37:25 - [MESSAGE][INFO] - Action delay is set to 0 milliseconds

2022-07-19 16:37:26 - [MESSAGE][PASSED] - Browser is opened with url: ''

2022-07-19 16:37:26 - [TEST_STEP][PASSED] - navigateToUrl("https://lesechosdutouquet.nordlittoral.fr/147787/article/2022-06-30/concours-photo-montrez-nous-la-plus-belle-photo-de-votre-chien-en-promenade-sur#l5lb6r47qsmp9ur58y"): Navigate to 'https://lesechosdutouquet.nordlittoral.fr/147787/article/2022-06-30/concours-photo-montrez-nous-la-plus-belle-photo-de-votre-chien-en-promenade-sur#l5lb6r47qsmp9ur58y' successfully

2022-07-19 16:37:30 - [MESSAGE][PASSED] - Navigate to 'https://lesechosdutouquet.nordlittoral.fr/147787/article/2022-06-30/concours-photo-montrez-nous-la-plus-belle-photo-de-votre-chien-en-promenade-sur#l5lb6r47qsmp9ur58y' successfully

2022-07-19 16:37:30 - [TEST_STEP][PASSED] - setViewPortSize(1920, 1080): Viewport is set to new size with width = 1920 and height = 1080

2022-07-19 16:37:30 - [MESSAGE][PASSED] - Viewport is set to new size with width = 1920 and height = 1080

2022-07-19 16:37:30 - [TEST_STEP][PASSED] - click(findTestObject("Object Repository/Page_Concours photo  votez pour la plus bel_494087/button_Accepter  Fermer")): Object: 'Object Repository/Page_Concours photo  votez pour la plus bel_494087/button_Accepter  Fermer' is clicked on

2022-07-19 16:37:31 - [MESSAGE][PASSED] - Object: 'Object Repository/Page_Concours photo  votez pour la plus bel_494087/button_Accepter  Fermer' is clicked on

2022-07-19 16:37:31 - [TEST_STEP][PASSED] - waitForElementVisible(findTestObject("Object Repository/Page_Concours photo  votez pour la plus bel_494087/a_X"), 15): Object 'Object Repository/Page_Concours photo  votez pour la plus bel_494087/a_X' is visible

2022-07-19 16:37:37 - [MESSAGE][PASSED] - Object 'Object Repository/Page_Concours photo  votez pour la plus bel_494087/a_X' is visible

2022-07-19 16:37:37 - [TEST_STEP][PASSED] - click(findTestObject("Object Repository/Page_Concours photo  votez pour la plus bel_494087/a_X")): Object: 'Object Repository/Page_Concours photo  votez pour la plus bel_494087/a_X' is clicked on

2022-07-19 16:37:38 - [MESSAGE][PASSED] - Object: 'Object Repository/Page_Concours photo  votez pour la plus bel_494087/a_X' is clicked on

2022-07-19 16:37:38 - [TEST_STEP][PASSED] - delay(1): Delayed 1 second(s)

2022-07-19 16:37:39 - [MESSAGE][PASSED] - Delayed 1 second(s)

2022-07-19 16:37:39 - [TEST_STEP][PASSED] - click(findTestObject("Object Repository/Page_Concours photo  votez pour la plus bel_494087/input_concat(Votez pour le plus beau chien de la cte d, , Opale )_jouer")): Object: 'Object Repository/Page_Concours photo  votez pour la plus bel_494087/input_concat(Votez pour le plus beau chien de la cte d, , Opale )_jouer' is clicked on

2022-07-19 16:37:39 - [MESSAGE][PASSED] - Object: 'Object Repository/Page_Concours photo  votez pour la plus bel_494087/input_concat(Votez pour le plus beau chien de la cte d, , Opale )_jouer' is clicked on

2022-07-19 16:37:40 - [TEST_STEP][PASSED] - if (verifyElementPresent(findTestObject("Page_Concours photo  votez pour la plus bel_494087/input_concat(Votez pour le plus beau chien de la cte d, , Opale )_jouer"), 1, OPTIONAL)): null

2022-07-19 16:37:41 - [MESSAGE][PASSED] - Object 'Object Repository/Page_Concours photo  votez pour la plus bel_494087/input_concat(Votez pour le plus beau chien de la cte d, , Opale )_jouer' is present

2022-07-19 16:37:41 - [TEST_STEP][PASSED] - click(findTestObject("Object Repository/Page_Concours photo  votez pour la plus bel_494087/input_concat(Votez pour le plus beau chien de la cte d, , Opale )_jouer")): Object: 'Object Repository/Page_Concours photo  votez pour la plus bel_494087/input_concat(Votez pour le plus beau chien de la cte d, , Opale )_jouer' is clicked on

2022-07-19 16:37:41 - [MESSAGE][PASSED] - Object: 'Object Repository/Page_Concours photo  votez pour la plus bel_494087/input_concat(Votez pour le plus beau chien de la cte d, , Opale )_jouer' is clicked on

2022-07-19 16:37:41 - [TEST_STEP][PASSED] - delay(1): Delayed 1 second(s)

2022-07-19 16:37:42 - [MESSAGE][PASSED] - Delayed 1 second(s)

2022-07-19 16:37:42 - [TEST_STEP][PASSED] - setText(findTestObject("Object Repository/Page_Concours photo  votez pour la plus bel_494087/input_trie par_keyword"), "Gaspard"): Text 'Gaspard' is set on object 'Object Repository/Page_Concours photo  votez pour la plus bel_494087/input_trie par_keyword'

2022-07-19 16:37:44 - [MESSAGE][PASSED] - Text 'Gaspard' is set on object 'Object Repository/Page_Concours photo  votez pour la plus bel_494087/input_trie par_keyword'

2022-07-19 16:37:44 - [TEST_STEP][PASSED] - sendKeys(findTestObject("Page_Concours photo  votez pour la plus bel_494087/input_trie par_keyword"), Keys.chord(ENTER)): Keys 'ENTER + ' sent to object: 'Object Repository/Page_Concours photo  votez pour la plus bel_494087/input_trie par_keyword'

2022-07-19 16:37:45 - [MESSAGE][PASSED] - Keys 'ENTER + ' sent to object: 'Object Repository/Page_Concours photo  votez pour la plus bel_494087/input_trie par_keyword'

2022-07-19 16:37:45 - [TEST_STEP][PASSED] - click(findTestObject("Page_Concours photo  votez pour la plus bel_494087/tri")): Object: 'Object Repository/Page_Concours photo  votez pour la plus bel_494087/tri' is clicked on

2022-07-19 16:37:46 - [MESSAGE][PASSED] - Object: 'Object Repository/Page_Concours photo  votez pour la plus bel_494087/tri' is clicked on

2022-07-19 16:37:46 - [TEST_STEP][PASSED] - click(findTestObject("Page_Concours photo  votez pour la plus bel_494087/plus de votes")): Object: 'Object Repository/Page_Concours photo  votez pour la plus bel_494087/plus de votes' is clicked on

2022-07-19 16:37:46 - [MESSAGE][PASSED] - Object: 'Object Repository/Page_Concours photo  votez pour la plus bel_494087/plus de votes' is clicked on

2022-07-19 16:37:48 - [TEST_STEP][PASSED] - click(findTestObject("Object Repository/Page_Concours photo  votez pour la plus bel_494087/i_Votes_fa fa-heart")): Object: 'Object Repository/Page_Concours photo  votez pour la plus bel_494087/i_Votes_fa fa-heart' is clicked on

2022-07-19 16:37:48 - [MESSAGE][PASSED] - Object: 'Object Repository/Page_Concours photo  votez pour la plus bel_494087/i_Votes_fa fa-heart' is clicked on

2022-07-19 16:37:48 - [TEST_STEP][PASSED] - delay(1): Delayed 1 second(s)

2022-07-19 16:37:49 - [MESSAGE][PASSED] - Delayed 1 second(s)

2022-07-19 16:37:49 - [TEST_STEP][PASSED] - closeBrowser(): Browser is closed

2022-07-19 16:37:50 - [MESSAGE][PASSED] - Browser is closed]]></system-out>
         <system-err><![CDATA[]]></system-err>
      </testcase>
      <testcase name="Test Cases/Vote" time="25.008" classname="Test Cases/Vote" status="PASSED">
         <system-out><![CDATA[2022-07-19 16:37:50 - [TEST_CASE][PASSED] - Test Cases/Vote: Test Cases/Vote

2022-07-19 16:37:50 - [TEST_STEP][PASSED] - openBrowser(""): Browser is opened with url: ''

2022-07-19 16:37:50 - [MESSAGE][INFO] - Starting 'Chrome' driver

2022-07-19 16:37:50 - [MESSAGE][INFO] - Action delay is set to 0 milliseconds

2022-07-19 16:37:51 - [MESSAGE][PASSED] - Browser is opened with url: ''

2022-07-19 16:37:51 - [TEST_STEP][PASSED] - navigateToUrl("https://lesechosdutouquet.nordlittoral.fr/147787/article/2022-06-30/concours-photo-montrez-nous-la-plus-belle-photo-de-votre-chien-en-promenade-sur#l5lb6r47qsmp9ur58y"): Navigate to 'https://lesechosdutouquet.nordlittoral.fr/147787/article/2022-06-30/concours-photo-montrez-nous-la-plus-belle-photo-de-votre-chien-en-promenade-sur#l5lb6r47qsmp9ur58y' successfully

2022-07-19 16:37:54 - [MESSAGE][PASSED] - Navigate to 'https://lesechosdutouquet.nordlittoral.fr/147787/article/2022-06-30/concours-photo-montrez-nous-la-plus-belle-photo-de-votre-chien-en-promenade-sur#l5lb6r47qsmp9ur58y' successfully

2022-07-19 16:37:54 - [TEST_STEP][PASSED] - setViewPortSize(1920, 1080): Viewport is set to new size with width = 1920 and height = 1080

2022-07-19 16:37:54 - [MESSAGE][PASSED] - Viewport is set to new size with width = 1920 and height = 1080

2022-07-19 16:37:54 - [TEST_STEP][PASSED] - click(findTestObject("Object Repository/Page_Concours photo  votez pour la plus bel_494087/button_Accepter  Fermer")): Object: 'Object Repository/Page_Concours photo  votez pour la plus bel_494087/button_Accepter  Fermer' is clicked on

2022-07-19 16:37:55 - [MESSAGE][PASSED] - Object: 'Object Repository/Page_Concours photo  votez pour la plus bel_494087/button_Accepter  Fermer' is clicked on

2022-07-19 16:37:55 - [TEST_STEP][PASSED] - waitForElementVisible(findTestObject("Object Repository/Page_Concours photo  votez pour la plus bel_494087/a_X"), 15): Object 'Object Repository/Page_Concours photo  votez pour la plus bel_494087/a_X' is visible

2022-07-19 16:38:02 - [MESSAGE][PASSED] - Object 'Object Repository/Page_Concours photo  votez pour la plus bel_494087/a_X' is visible

2022-07-19 16:38:02 - [TEST_STEP][PASSED] - click(findTestObject("Object Repository/Page_Concours photo  votez pour la plus bel_494087/a_X")): Object: 'Object Repository/Page_Concours photo  votez pour la plus bel_494087/a_X' is clicked on

2022-07-19 16:38:02 - [MESSAGE][PASSED] - Object: 'Object Repository/Page_Concours photo  votez pour la plus bel_494087/a_X' is clicked on

2022-07-19 16:38:02 - [TEST_STEP][PASSED] - delay(1): Delayed 1 second(s)

2022-07-19 16:38:03 - [MESSAGE][PASSED] - Delayed 1 second(s)

2022-07-19 16:38:03 - [TEST_STEP][PASSED] - click(findTestObject("Object Repository/Page_Concours photo  votez pour la plus bel_494087/input_concat(Votez pour le plus beau chien de la cte d, , Opale )_jouer")): Object: 'Object Repository/Page_Concours photo  votez pour la plus bel_494087/input_concat(Votez pour le plus beau chien de la cte d, , Opale )_jouer' is clicked on

2022-07-19 16:38:04 - [MESSAGE][PASSED] - Object: 'Object Repository/Page_Concours photo  votez pour la plus bel_494087/input_concat(Votez pour le plus beau chien de la cte d, , Opale )_jouer' is clicked on

2022-07-19 16:38:04 - [TEST_STEP][PASSED] - if (verifyElementPresent(findTestObject("Page_Concours photo  votez pour la plus bel_494087/input_concat(Votez pour le plus beau chien de la cte d, , Opale )_jouer"), 1, OPTIONAL)): null

2022-07-19 16:38:06 - [MESSAGE][PASSED] - Object 'Object Repository/Page_Concours photo  votez pour la plus bel_494087/input_concat(Votez pour le plus beau chien de la cte d, , Opale )_jouer' is present

2022-07-19 16:38:06 - [TEST_STEP][PASSED] - click(findTestObject("Object Repository/Page_Concours photo  votez pour la plus bel_494087/input_concat(Votez pour le plus beau chien de la cte d, , Opale )_jouer")): Object: 'Object Repository/Page_Concours photo  votez pour la plus bel_494087/input_concat(Votez pour le plus beau chien de la cte d, , Opale )_jouer' is clicked on

2022-07-19 16:38:06 - [MESSAGE][PASSED] - Object: 'Object Repository/Page_Concours photo  votez pour la plus bel_494087/input_concat(Votez pour le plus beau chien de la cte d, , Opale )_jouer' is clicked on

2022-07-19 16:38:06 - [TEST_STEP][PASSED] - delay(1): Delayed 1 second(s)

2022-07-19 16:38:07 - [MESSAGE][PASSED] - Delayed 1 second(s)

2022-07-19 16:38:07 - [TEST_STEP][PASSED] - setText(findTestObject("Object Repository/Page_Concours photo  votez pour la plus bel_494087/input_trie par_keyword"), "Gaspard"): Text 'Gaspard' is set on object 'Object Repository/Page_Concours photo  votez pour la plus bel_494087/input_trie par_keyword'

2022-07-19 16:38:09 - [MESSAGE][PASSED] - Text 'Gaspard' is set on object 'Object Repository/Page_Concours photo  votez pour la plus bel_494087/input_trie par_keyword'

2022-07-19 16:38:09 - [TEST_STEP][PASSED] - sendKeys(findTestObject("Page_Concours photo  votez pour la plus bel_494087/input_trie par_keyword"), Keys.chord(ENTER)): Keys 'ENTER + ' sent to object: 'Object Repository/Page_Concours photo  votez pour la plus bel_494087/input_trie par_keyword'

2022-07-19 16:38:10 - [MESSAGE][PASSED] - Keys 'ENTER + ' sent to object: 'Object Repository/Page_Concours photo  votez pour la plus bel_494087/input_trie par_keyword'

2022-07-19 16:38:10 - [TEST_STEP][PASSED] - click(findTestObject("Page_Concours photo  votez pour la plus bel_494087/tri")): Object: 'Object Repository/Page_Concours photo  votez pour la plus bel_494087/tri' is clicked on

2022-07-19 16:38:11 - [MESSAGE][PASSED] - Object: 'Object Repository/Page_Concours photo  votez pour la plus bel_494087/tri' is clicked on

2022-07-19 16:38:11 - [TEST_STEP][PASSED] - click(findTestObject("Page_Concours photo  votez pour la plus bel_494087/plus de votes")): Object: 'Object Repository/Page_Concours photo  votez pour la plus bel_494087/plus de votes' is clicked on

2022-07-19 16:38:11 - [MESSAGE][PASSED] - Object: 'Object Repository/Page_Concours photo  votez pour la plus bel_494087/plus de votes' is clicked on

2022-07-19 16:38:13 - [TEST_STEP][PASSED] - click(findTestObject("Object Repository/Page_Concours photo  votez pour la plus bel_494087/i_Votes_fa fa-heart")): Object: 'Object Repository/Page_Concours photo  votez pour la plus bel_494087/i_Votes_fa fa-heart' is clicked on

2022-07-19 16:38:13 - [MESSAGE][PASSED] - Object: 'Object Repository/Page_Concours photo  votez pour la plus bel_494087/i_Votes_fa fa-heart' is clicked on

2022-07-19 16:38:13 - [TEST_STEP][PASSED] - delay(1): Delayed 1 second(s)

2022-07-19 16:38:14 - [MESSAGE][PASSED] - Delayed 1 second(s)

2022-07-19 16:38:14 - [TEST_STEP][PASSED] - closeBrowser(): Browser is closed

2022-07-19 16:38:15 - [MESSAGE][PASSED] - Browser is closed]]></system-out>
         <system-err><![CDATA[]]></system-err>
      </testcase>
      <testcase name="Test Cases/Vote" time="23.57" classname="Test Cases/Vote" status="PASSED">
         <system-out><![CDATA[2022-07-19 16:38:15 - [TEST_CASE][PASSED] - Test Cases/Vote: Test Cases/Vote

2022-07-19 16:38:15 - [TEST_STEP][PASSED] - openBrowser(""): Browser is opened with url: ''

2022-07-19 16:38:15 - [MESSAGE][INFO] - Starting 'Chrome' driver

2022-07-19 16:38:15 - [MESSAGE][INFO] - Action delay is set to 0 milliseconds

2022-07-19 16:38:16 - [MESSAGE][PASSED] - Browser is opened with url: ''

2022-07-19 16:38:16 - [TEST_STEP][PASSED] - navigateToUrl("https://lesechosdutouquet.nordlittoral.fr/147787/article/2022-06-30/concours-photo-montrez-nous-la-plus-belle-photo-de-votre-chien-en-promenade-sur#l5lb6r47qsmp9ur58y"): Navigate to 'https://lesechosdutouquet.nordlittoral.fr/147787/article/2022-06-30/concours-photo-montrez-nous-la-plus-belle-photo-de-votre-chien-en-promenade-sur#l5lb6r47qsmp9ur58y' successfully

2022-07-19 16:38:18 - [MESSAGE][PASSED] - Navigate to 'https://lesechosdutouquet.nordlittoral.fr/147787/article/2022-06-30/concours-photo-montrez-nous-la-plus-belle-photo-de-votre-chien-en-promenade-sur#l5lb6r47qsmp9ur58y' successfully

2022-07-19 16:38:18 - [TEST_STEP][PASSED] - setViewPortSize(1920, 1080): Viewport is set to new size with width = 1920 and height = 1080

2022-07-19 16:38:19 - [MESSAGE][PASSED] - Viewport is set to new size with width = 1920 and height = 1080

2022-07-19 16:38:19 - [TEST_STEP][PASSED] - click(findTestObject("Object Repository/Page_Concours photo  votez pour la plus bel_494087/button_Accepter  Fermer")): Object: 'Object Repository/Page_Concours photo  votez pour la plus bel_494087/button_Accepter  Fermer' is clicked on

2022-07-19 16:38:20 - [MESSAGE][PASSED] - Object: 'Object Repository/Page_Concours photo  votez pour la plus bel_494087/button_Accepter  Fermer' is clicked on

2022-07-19 16:38:20 - [TEST_STEP][PASSED] - waitForElementVisible(findTestObject("Object Repository/Page_Concours photo  votez pour la plus bel_494087/a_X"), 15): Object 'Object Repository/Page_Concours photo  votez pour la plus bel_494087/a_X' is visible

2022-07-19 16:38:26 - [MESSAGE][PASSED] - Object 'Object Repository/Page_Concours photo  votez pour la plus bel_494087/a_X' is visible

2022-07-19 16:38:26 - [TEST_STEP][PASSED] - click(findTestObject("Object Repository/Page_Concours photo  votez pour la plus bel_494087/a_X")): Object: 'Object Repository/Page_Concours photo  votez pour la plus bel_494087/a_X' is clicked on

2022-07-19 16:38:27 - [MESSAGE][PASSED] - Object: 'Object Repository/Page_Concours photo  votez pour la plus bel_494087/a_X' is clicked on

2022-07-19 16:38:27 - [TEST_STEP][PASSED] - delay(1): Delayed 1 second(s)

2022-07-19 16:38:28 - [MESSAGE][PASSED] - Delayed 1 second(s)

2022-07-19 16:38:28 - [TEST_STEP][PASSED] - click(findTestObject("Object Repository/Page_Concours photo  votez pour la plus bel_494087/input_concat(Votez pour le plus beau chien de la cte d, , Opale )_jouer")): Object: 'Object Repository/Page_Concours photo  votez pour la plus bel_494087/input_concat(Votez pour le plus beau chien de la cte d, , Opale )_jouer' is clicked on

2022-07-19 16:38:28 - [MESSAGE][PASSED] - Object: 'Object Repository/Page_Concours photo  votez pour la plus bel_494087/input_concat(Votez pour le plus beau chien de la cte d, , Opale )_jouer' is clicked on

2022-07-19 16:38:28 - [TEST_STEP][PASSED] - if (verifyElementPresent(findTestObject("Page_Concours photo  votez pour la plus bel_494087/input_concat(Votez pour le plus beau chien de la cte d, , Opale )_jouer"), 1, OPTIONAL)): null

2022-07-19 16:38:30 - [MESSAGE][PASSED] - Object 'Object Repository/Page_Concours photo  votez pour la plus bel_494087/input_concat(Votez pour le plus beau chien de la cte d, , Opale )_jouer' is present

2022-07-19 16:38:30 - [TEST_STEP][PASSED] - click(findTestObject("Object Repository/Page_Concours photo  votez pour la plus bel_494087/input_concat(Votez pour le plus beau chien de la cte d, , Opale )_jouer")): Object: 'Object Repository/Page_Concours photo  votez pour la plus bel_494087/input_concat(Votez pour le plus beau chien de la cte d, , Opale )_jouer' is clicked on

2022-07-19 16:38:30 - [MESSAGE][PASSED] - Object: 'Object Repository/Page_Concours photo  votez pour la plus bel_494087/input_concat(Votez pour le plus beau chien de la cte d, , Opale )_jouer' is clicked on

2022-07-19 16:38:30 - [TEST_STEP][PASSED] - delay(1): Delayed 1 second(s)

2022-07-19 16:38:31 - [MESSAGE][PASSED] - Delayed 1 second(s)

2022-07-19 16:38:31 - [TEST_STEP][PASSED] - setText(findTestObject("Object Repository/Page_Concours photo  votez pour la plus bel_494087/input_trie par_keyword"), "Gaspard"): Text 'Gaspard' is set on object 'Object Repository/Page_Concours photo  votez pour la plus bel_494087/input_trie par_keyword'

2022-07-19 16:38:33 - [MESSAGE][PASSED] - Text 'Gaspard' is set on object 'Object Repository/Page_Concours photo  votez pour la plus bel_494087/input_trie par_keyword'

2022-07-19 16:38:33 - [TEST_STEP][PASSED] - sendKeys(findTestObject("Page_Concours photo  votez pour la plus bel_494087/input_trie par_keyword"), Keys.chord(ENTER)): Keys 'ENTER + ' sent to object: 'Object Repository/Page_Concours photo  votez pour la plus bel_494087/input_trie par_keyword'

2022-07-19 16:38:34 - [MESSAGE][PASSED] - Keys 'ENTER + ' sent to object: 'Object Repository/Page_Concours photo  votez pour la plus bel_494087/input_trie par_keyword'

2022-07-19 16:38:34 - [TEST_STEP][PASSED] - click(findTestObject("Page_Concours photo  votez pour la plus bel_494087/tri")): Object: 'Object Repository/Page_Concours photo  votez pour la plus bel_494087/tri' is clicked on

2022-07-19 16:38:34 - [MESSAGE][PASSED] - Object: 'Object Repository/Page_Concours photo  votez pour la plus bel_494087/tri' is clicked on

2022-07-19 16:38:34 - [TEST_STEP][PASSED] - click(findTestObject("Page_Concours photo  votez pour la plus bel_494087/plus de votes")): Object: 'Object Repository/Page_Concours photo  votez pour la plus bel_494087/plus de votes' is clicked on

2022-07-19 16:38:35 - [MESSAGE][PASSED] - Object: 'Object Repository/Page_Concours photo  votez pour la plus bel_494087/plus de votes' is clicked on

2022-07-19 16:38:36 - [TEST_STEP][PASSED] - click(findTestObject("Object Repository/Page_Concours photo  votez pour la plus bel_494087/i_Votes_fa fa-heart")): Object: 'Object Repository/Page_Concours photo  votez pour la plus bel_494087/i_Votes_fa fa-heart' is clicked on

2022-07-19 16:38:37 - [MESSAGE][PASSED] - Object: 'Object Repository/Page_Concours photo  votez pour la plus bel_494087/i_Votes_fa fa-heart' is clicked on

2022-07-19 16:38:37 - [TEST_STEP][PASSED] - delay(1): Delayed 1 second(s)

2022-07-19 16:38:38 - [MESSAGE][PASSED] - Delayed 1 second(s)

2022-07-19 16:38:38 - [TEST_STEP][PASSED] - closeBrowser(): Browser is closed

2022-07-19 16:38:38 - [MESSAGE][PASSED] - Browser is closed]]></system-out>
         <system-err><![CDATA[]]></system-err>
      </testcase>
      <testcase name="Test Cases/Vote" time="27.307" classname="Test Cases/Vote" status="PASSED">
         <system-out><![CDATA[2022-07-19 16:38:38 - [TEST_CASE][PASSED] - Test Cases/Vote: Test Cases/Vote

2022-07-19 16:38:38 - [TEST_STEP][PASSED] - openBrowser(""): Browser is opened with url: ''

2022-07-19 16:38:38 - [MESSAGE][INFO] - Starting 'Chrome' driver

2022-07-19 16:38:38 - [MESSAGE][INFO] - Action delay is set to 0 milliseconds

2022-07-19 16:38:39 - [MESSAGE][PASSED] - Browser is opened with url: ''

2022-07-19 16:38:39 - [TEST_STEP][PASSED] - navigateToUrl("https://lesechosdutouquet.nordlittoral.fr/147787/article/2022-06-30/concours-photo-montrez-nous-la-plus-belle-photo-de-votre-chien-en-promenade-sur#l5lb6r47qsmp9ur58y"): Navigate to 'https://lesechosdutouquet.nordlittoral.fr/147787/article/2022-06-30/concours-photo-montrez-nous-la-plus-belle-photo-de-votre-chien-en-promenade-sur#l5lb6r47qsmp9ur58y' successfully

2022-07-19 16:38:42 - [MESSAGE][PASSED] - Navigate to 'https://lesechosdutouquet.nordlittoral.fr/147787/article/2022-06-30/concours-photo-montrez-nous-la-plus-belle-photo-de-votre-chien-en-promenade-sur#l5lb6r47qsmp9ur58y' successfully

2022-07-19 16:38:42 - [TEST_STEP][PASSED] - setViewPortSize(1920, 1080): Viewport is set to new size with width = 1920 and height = 1080

2022-07-19 16:38:42 - [MESSAGE][PASSED] - Viewport is set to new size with width = 1920 and height = 1080

2022-07-19 16:38:42 - [TEST_STEP][PASSED] - click(findTestObject("Object Repository/Page_Concours photo  votez pour la plus bel_494087/button_Accepter  Fermer")): Object: 'Object Repository/Page_Concours photo  votez pour la plus bel_494087/button_Accepter  Fermer' is clicked on

2022-07-19 16:38:43 - [MESSAGE][PASSED] - Object: 'Object Repository/Page_Concours photo  votez pour la plus bel_494087/button_Accepter  Fermer' is clicked on

2022-07-19 16:38:43 - [TEST_STEP][PASSED] - waitForElementVisible(findTestObject("Object Repository/Page_Concours photo  votez pour la plus bel_494087/a_X"), 15): Object 'Object Repository/Page_Concours photo  votez pour la plus bel_494087/a_X' is visible

2022-07-19 16:38:50 - [MESSAGE][PASSED] - Object 'Object Repository/Page_Concours photo  votez pour la plus bel_494087/a_X' is visible

2022-07-19 16:38:50 - [TEST_STEP][PASSED] - click(findTestObject("Object Repository/Page_Concours photo  votez pour la plus bel_494087/a_X")): Object: 'Object Repository/Page_Concours photo  votez pour la plus bel_494087/a_X' is clicked on

2022-07-19 16:38:50 - [MESSAGE][PASSED] - Object: 'Object Repository/Page_Concours photo  votez pour la plus bel_494087/a_X' is clicked on

2022-07-19 16:38:50 - [TEST_STEP][PASSED] - delay(1): Delayed 1 second(s)

2022-07-19 16:38:51 - [MESSAGE][PASSED] - Delayed 1 second(s)

2022-07-19 16:38:51 - [TEST_STEP][PASSED] - click(findTestObject("Object Repository/Page_Concours photo  votez pour la plus bel_494087/input_concat(Votez pour le plus beau chien de la cte d, , Opale )_jouer")): Object: 'Object Repository/Page_Concours photo  votez pour la plus bel_494087/input_concat(Votez pour le plus beau chien de la cte d, , Opale )_jouer' is clicked on

2022-07-19 16:38:52 - [MESSAGE][PASSED] - Object: 'Object Repository/Page_Concours photo  votez pour la plus bel_494087/input_concat(Votez pour le plus beau chien de la cte d, , Opale )_jouer' is clicked on

2022-07-19 16:38:52 - [TEST_STEP][PASSED] - if (verifyElementPresent(findTestObject("Page_Concours photo  votez pour la plus bel_494087/input_concat(Votez pour le plus beau chien de la cte d, , Opale )_jouer"), 1, OPTIONAL)): null

2022-07-19 16:38:54 - [MESSAGE][PASSED] - Object 'Object Repository/Page_Concours photo  votez pour la plus bel_494087/input_concat(Votez pour le plus beau chien de la cte d, , Opale )_jouer' is present

2022-07-19 16:38:54 - [TEST_STEP][PASSED] - click(findTestObject("Object Repository/Page_Concours photo  votez pour la plus bel_494087/input_concat(Votez pour le plus beau chien de la cte d, , Opale )_jouer")): Object: 'Object Repository/Page_Concours photo  votez pour la plus bel_494087/input_concat(Votez pour le plus beau chien de la cte d, , Opale )_jouer' is clicked on

2022-07-19 16:38:54 - [MESSAGE][PASSED] - Object: 'Object Repository/Page_Concours photo  votez pour la plus bel_494087/input_concat(Votez pour le plus beau chien de la cte d, , Opale )_jouer' is clicked on

2022-07-19 16:38:54 - [TEST_STEP][PASSED] - delay(1): Delayed 1 second(s)

2022-07-19 16:38:55 - [MESSAGE][PASSED] - Delayed 1 second(s)

2022-07-19 16:38:55 - [TEST_STEP][PASSED] - setText(findTestObject("Object Repository/Page_Concours photo  votez pour la plus bel_494087/input_trie par_keyword"), "Gaspard"): Text 'Gaspard' is set on object 'Object Repository/Page_Concours photo  votez pour la plus bel_494087/input_trie par_keyword'

2022-07-19 16:39:00 - [MESSAGE][PASSED] - Text 'Gaspard' is set on object 'Object Repository/Page_Concours photo  votez pour la plus bel_494087/input_trie par_keyword'

2022-07-19 16:39:00 - [TEST_STEP][PASSED] - sendKeys(findTestObject("Page_Concours photo  votez pour la plus bel_494087/input_trie par_keyword"), Keys.chord(ENTER)): Keys 'ENTER + ' sent to object: 'Object Repository/Page_Concours photo  votez pour la plus bel_494087/input_trie par_keyword'

2022-07-19 16:39:01 - [MESSAGE][PASSED] - Keys 'ENTER + ' sent to object: 'Object Repository/Page_Concours photo  votez pour la plus bel_494087/input_trie par_keyword'

2022-07-19 16:39:01 - [TEST_STEP][PASSED] - click(findTestObject("Page_Concours photo  votez pour la plus bel_494087/tri")): Object: 'Object Repository/Page_Concours photo  votez pour la plus bel_494087/tri' is clicked on

2022-07-19 16:39:02 - [MESSAGE][PASSED] - Object: 'Object Repository/Page_Concours photo  votez pour la plus bel_494087/tri' is clicked on

2022-07-19 16:39:02 - [TEST_STEP][PASSED] - click(findTestObject("Page_Concours photo  votez pour la plus bel_494087/plus de votes")): Object: 'Object Repository/Page_Concours photo  votez pour la plus bel_494087/plus de votes' is clicked on

2022-07-19 16:39:02 - [MESSAGE][PASSED] - Object: 'Object Repository/Page_Concours photo  votez pour la plus bel_494087/plus de votes' is clicked on

2022-07-19 16:39:04 - [TEST_STEP][PASSED] - click(findTestObject("Object Repository/Page_Concours photo  votez pour la plus bel_494087/i_Votes_fa fa-heart")): Object: 'Object Repository/Page_Concours photo  votez pour la plus bel_494087/i_Votes_fa fa-heart' is clicked on

2022-07-19 16:39:04 - [MESSAGE][PASSED] - Object: 'Object Repository/Page_Concours photo  votez pour la plus bel_494087/i_Votes_fa fa-heart' is clicked on

2022-07-19 16:39:04 - [TEST_STEP][PASSED] - delay(1): Delayed 1 second(s)

2022-07-19 16:39:05 - [MESSAGE][PASSED] - Delayed 1 second(s)

2022-07-19 16:39:05 - [TEST_STEP][PASSED] - closeBrowser(): Browser is closed

2022-07-19 16:39:06 - [MESSAGE][PASSED] - Browser is closed]]></system-out>
         <system-err><![CDATA[]]></system-err>
      </testcase>
      <testcase name="Test Cases/Vote" time="27.587" classname="Test Cases/Vote" status="PASSED">
         <system-out><![CDATA[2022-07-19 16:39:06 - [TEST_CASE][PASSED] - Test Cases/Vote: Test Cases/Vote

2022-07-19 16:39:06 - [TEST_STEP][PASSED] - openBrowser(""): Browser is opened with url: ''

2022-07-19 16:39:06 - [MESSAGE][INFO] - Starting 'Chrome' driver

2022-07-19 16:39:06 - [MESSAGE][INFO] - Action delay is set to 0 milliseconds

2022-07-19 16:39:07 - [MESSAGE][PASSED] - Browser is opened with url: ''

2022-07-19 16:39:07 - [TEST_STEP][PASSED] - navigateToUrl("https://lesechosdutouquet.nordlittoral.fr/147787/article/2022-06-30/concours-photo-montrez-nous-la-plus-belle-photo-de-votre-chien-en-promenade-sur#l5lb6r47qsmp9ur58y"): Navigate to 'https://lesechosdutouquet.nordlittoral.fr/147787/article/2022-06-30/concours-photo-montrez-nous-la-plus-belle-photo-de-votre-chien-en-promenade-sur#l5lb6r47qsmp9ur58y' successfully

2022-07-19 16:39:09 - [MESSAGE][PASSED] - Navigate to 'https://lesechosdutouquet.nordlittoral.fr/147787/article/2022-06-30/concours-photo-montrez-nous-la-plus-belle-photo-de-votre-chien-en-promenade-sur#l5lb6r47qsmp9ur58y' successfully

2022-07-19 16:39:09 - [TEST_STEP][PASSED] - setViewPortSize(1920, 1080): Viewport is set to new size with width = 1920 and height = 1080

2022-07-19 16:39:09 - [MESSAGE][PASSED] - Viewport is set to new size with width = 1920 and height = 1080

2022-07-19 16:39:10 - [TEST_STEP][PASSED] - click(findTestObject("Object Repository/Page_Concours photo  votez pour la plus bel_494087/button_Accepter  Fermer")): Object: 'Object Repository/Page_Concours photo  votez pour la plus bel_494087/button_Accepter  Fermer' is clicked on

2022-07-19 16:39:11 - [MESSAGE][PASSED] - Object: 'Object Repository/Page_Concours photo  votez pour la plus bel_494087/button_Accepter  Fermer' is clicked on

2022-07-19 16:39:11 - [TEST_STEP][PASSED] - waitForElementVisible(findTestObject("Object Repository/Page_Concours photo  votez pour la plus bel_494087/a_X"), 15): Object 'Object Repository/Page_Concours photo  votez pour la plus bel_494087/a_X' is visible

2022-07-19 16:39:18 - [MESSAGE][PASSED] - Object 'Object Repository/Page_Concours photo  votez pour la plus bel_494087/a_X' is visible

2022-07-19 16:39:18 - [TEST_STEP][PASSED] - click(findTestObject("Object Repository/Page_Concours photo  votez pour la plus bel_494087/a_X")): Object: 'Object Repository/Page_Concours photo  votez pour la plus bel_494087/a_X' is clicked on

2022-07-19 16:39:18 - [MESSAGE][PASSED] - Object: 'Object Repository/Page_Concours photo  votez pour la plus bel_494087/a_X' is clicked on

2022-07-19 16:39:18 - [TEST_STEP][PASSED] - delay(1): Delayed 1 second(s)

2022-07-19 16:39:19 - [MESSAGE][PASSED] - Delayed 1 second(s)

2022-07-19 16:39:19 - [TEST_STEP][PASSED] - click(findTestObject("Object Repository/Page_Concours photo  votez pour la plus bel_494087/input_concat(Votez pour le plus beau chien de la cte d, , Opale )_jouer")): Object: 'Object Repository/Page_Concours photo  votez pour la plus bel_494087/input_concat(Votez pour le plus beau chien de la cte d, , Opale )_jouer' is clicked on

2022-07-19 16:39:20 - [MESSAGE][PASSED] - Object: 'Object Repository/Page_Concours photo  votez pour la plus bel_494087/input_concat(Votez pour le plus beau chien de la cte d, , Opale )_jouer' is clicked on

2022-07-19 16:39:20 - [TEST_STEP][PASSED] - if (verifyElementPresent(findTestObject("Page_Concours photo  votez pour la plus bel_494087/input_concat(Votez pour le plus beau chien de la cte d, , Opale )_jouer"), 1, OPTIONAL)): null

2022-07-19 16:39:23 - [MESSAGE][PASSED] - Object 'Object Repository/Page_Concours photo  votez pour la plus bel_494087/input_concat(Votez pour le plus beau chien de la cte d, , Opale )_jouer' is present

2022-07-19 16:39:23 - [TEST_STEP][PASSED] - click(findTestObject("Object Repository/Page_Concours photo  votez pour la plus bel_494087/input_concat(Votez pour le plus beau chien de la cte d, , Opale )_jouer")): Object: 'Object Repository/Page_Concours photo  votez pour la plus bel_494087/input_concat(Votez pour le plus beau chien de la cte d, , Opale )_jouer' is clicked on

2022-07-19 16:39:23 - [MESSAGE][PASSED] - Object: 'Object Repository/Page_Concours photo  votez pour la plus bel_494087/input_concat(Votez pour le plus beau chien de la cte d, , Opale )_jouer' is clicked on

2022-07-19 16:39:23 - [TEST_STEP][PASSED] - delay(1): Delayed 1 second(s)

2022-07-19 16:39:24 - [MESSAGE][PASSED] - Delayed 1 second(s)

2022-07-19 16:39:24 - [TEST_STEP][PASSED] - setText(findTestObject("Object Repository/Page_Concours photo  votez pour la plus bel_494087/input_trie par_keyword"), "Gaspard"): Text 'Gaspard' is set on object 'Object Repository/Page_Concours photo  votez pour la plus bel_494087/input_trie par_keyword'

2022-07-19 16:39:26 - [MESSAGE][PASSED] - Text 'Gaspard' is set on object 'Object Repository/Page_Concours photo  votez pour la plus bel_494087/input_trie par_keyword'

2022-07-19 16:39:26 - [TEST_STEP][PASSED] - sendKeys(findTestObject("Page_Concours photo  votez pour la plus bel_494087/input_trie par_keyword"), Keys.chord(ENTER)): Keys 'ENTER + ' sent to object: 'Object Repository/Page_Concours photo  votez pour la plus bel_494087/input_trie par_keyword'

2022-07-19 16:39:28 - [MESSAGE][PASSED] - Keys 'ENTER + ' sent to object: 'Object Repository/Page_Concours photo  votez pour la plus bel_494087/input_trie par_keyword'

2022-07-19 16:39:28 - [TEST_STEP][PASSED] - click(findTestObject("Page_Concours photo  votez pour la plus bel_494087/tri")): Object: 'Object Repository/Page_Concours photo  votez pour la plus bel_494087/tri' is clicked on

2022-07-19 16:39:28 - [MESSAGE][PASSED] - Object: 'Object Repository/Page_Concours photo  votez pour la plus bel_494087/tri' is clicked on

2022-07-19 16:39:28 - [TEST_STEP][PASSED] - click(findTestObject("Page_Concours photo  votez pour la plus bel_494087/plus de votes")): Object: 'Object Repository/Page_Concours photo  votez pour la plus bel_494087/plus de votes' is clicked on

2022-07-19 16:39:29 - [MESSAGE][PASSED] - Object: 'Object Repository/Page_Concours photo  votez pour la plus bel_494087/plus de votes' is clicked on

2022-07-19 16:39:31 - [TEST_STEP][PASSED] - click(findTestObject("Object Repository/Page_Concours photo  votez pour la plus bel_494087/i_Votes_fa fa-heart")): Object: 'Object Repository/Page_Concours photo  votez pour la plus bel_494087/i_Votes_fa fa-heart' is clicked on

2022-07-19 16:39:32 - [MESSAGE][PASSED] - Object: 'Object Repository/Page_Concours photo  votez pour la plus bel_494087/i_Votes_fa fa-heart' is clicked on

2022-07-19 16:39:32 - [TEST_STEP][PASSED] - delay(1): Delayed 1 second(s)

2022-07-19 16:39:33 - [MESSAGE][PASSED] - Delayed 1 second(s)

2022-07-19 16:39:33 - [TEST_STEP][PASSED] - closeBrowser(): Browser is closed

2022-07-19 16:39:33 - [MESSAGE][PASSED] - Browser is closed]]></system-out>
         <system-err><![CDATA[]]></system-err>
      </testcase>
      <testcase name="Test Cases/Vote" time="42.708" classname="Test Cases/Vote" status="PASSED">
         <system-out><![CDATA[2022-07-19 16:39:33 - [TEST_CASE][PASSED] - Test Cases/Vote: Test Cases/Vote

2022-07-19 16:39:33 - [TEST_STEP][PASSED] - openBrowser(""): Browser is opened with url: ''

2022-07-19 16:39:33 - [MESSAGE][INFO] - Starting 'Chrome' driver

2022-07-19 16:39:33 - [MESSAGE][INFO] - Action delay is set to 0 milliseconds

2022-07-19 16:39:34 - [MESSAGE][PASSED] - Browser is opened with url: ''

2022-07-19 16:39:35 - [TEST_STEP][PASSED] - navigateToUrl("https://lesechosdutouquet.nordlittoral.fr/147787/article/2022-06-30/concours-photo-montrez-nous-la-plus-belle-photo-de-votre-chien-en-promenade-sur#l5lb6r47qsmp9ur58y"): Navigate to 'https://lesechosdutouquet.nordlittoral.fr/147787/article/2022-06-30/concours-photo-montrez-nous-la-plus-belle-photo-de-votre-chien-en-promenade-sur#l5lb6r47qsmp9ur58y' successfully

2022-07-19 16:39:51 - [MESSAGE][PASSED] - Navigate to 'https://lesechosdutouquet.nordlittoral.fr/147787/article/2022-06-30/concours-photo-montrez-nous-la-plus-belle-photo-de-votre-chien-en-promenade-sur#l5lb6r47qsmp9ur58y' successfully

2022-07-19 16:39:51 - [TEST_STEP][PASSED] - setViewPortSize(1920, 1080): Viewport is set to new size with width = 1920 and height = 1080

2022-07-19 16:39:51 - [MESSAGE][PASSED] - Viewport is set to new size with width = 1920 and height = 1080

2022-07-19 16:39:51 - [TEST_STEP][PASSED] - click(findTestObject("Object Repository/Page_Concours photo  votez pour la plus bel_494087/button_Accepter  Fermer")): Object: 'Object Repository/Page_Concours photo  votez pour la plus bel_494087/button_Accepter  Fermer' is clicked on

2022-07-19 16:39:52 - [MESSAGE][PASSED] - Object: 'Object Repository/Page_Concours photo  votez pour la plus bel_494087/button_Accepter  Fermer' is clicked on

2022-07-19 16:39:52 - [TEST_STEP][PASSED] - waitForElementVisible(findTestObject("Object Repository/Page_Concours photo  votez pour la plus bel_494087/a_X"), 15): Object 'Object Repository/Page_Concours photo  votez pour la plus bel_494087/a_X' is visible

2022-07-19 16:39:59 - [MESSAGE][PASSED] - Object 'Object Repository/Page_Concours photo  votez pour la plus bel_494087/a_X' is visible

2022-07-19 16:39:59 - [TEST_STEP][PASSED] - click(findTestObject("Object Repository/Page_Concours photo  votez pour la plus bel_494087/a_X")): Object: 'Object Repository/Page_Concours photo  votez pour la plus bel_494087/a_X' is clicked on

2022-07-19 16:39:59 - [MESSAGE][PASSED] - Object: 'Object Repository/Page_Concours photo  votez pour la plus bel_494087/a_X' is clicked on

2022-07-19 16:39:59 - [TEST_STEP][PASSED] - delay(1): Delayed 1 second(s)

2022-07-19 16:40:00 - [MESSAGE][PASSED] - Delayed 1 second(s)

2022-07-19 16:40:00 - [TEST_STEP][PASSED] - click(findTestObject("Object Repository/Page_Concours photo  votez pour la plus bel_494087/input_concat(Votez pour le plus beau chien de la cte d, , Opale )_jouer")): Object: 'Object Repository/Page_Concours photo  votez pour la plus bel_494087/input_concat(Votez pour le plus beau chien de la cte d, , Opale )_jouer' is clicked on

2022-07-19 16:40:01 - [MESSAGE][PASSED] - Object: 'Object Repository/Page_Concours photo  votez pour la plus bel_494087/input_concat(Votez pour le plus beau chien de la cte d, , Opale )_jouer' is clicked on

2022-07-19 16:40:01 - [TEST_STEP][PASSED] - if (verifyElementPresent(findTestObject("Page_Concours photo  votez pour la plus bel_494087/input_concat(Votez pour le plus beau chien de la cte d, , Opale )_jouer"), 1, OPTIONAL)): null

2022-07-19 16:40:02 - [MESSAGE][PASSED] - Object 'Object Repository/Page_Concours photo  votez pour la plus bel_494087/input_concat(Votez pour le plus beau chien de la cte d, , Opale )_jouer' is present

2022-07-19 16:40:02 - [TEST_STEP][PASSED] - click(findTestObject("Object Repository/Page_Concours photo  votez pour la plus bel_494087/input_concat(Votez pour le plus beau chien de la cte d, , Opale )_jouer")): Object: 'Object Repository/Page_Concours photo  votez pour la plus bel_494087/input_concat(Votez pour le plus beau chien de la cte d, , Opale )_jouer' is clicked on

2022-07-19 16:40:03 - [MESSAGE][PASSED] - Object: 'Object Repository/Page_Concours photo  votez pour la plus bel_494087/input_concat(Votez pour le plus beau chien de la cte d, , Opale )_jouer' is clicked on

2022-07-19 16:40:03 - [TEST_STEP][PASSED] - delay(1): Delayed 1 second(s)

2022-07-19 16:40:04 - [MESSAGE][PASSED] - Delayed 1 second(s)

2022-07-19 16:40:04 - [TEST_STEP][PASSED] - setText(findTestObject("Object Repository/Page_Concours photo  votez pour la plus bel_494087/input_trie par_keyword"), "Gaspard"): Text 'Gaspard' is set on object 'Object Repository/Page_Concours photo  votez pour la plus bel_494087/input_trie par_keyword'

2022-07-19 16:40:10 - [MESSAGE][PASSED] - Text 'Gaspard' is set on object 'Object Repository/Page_Concours photo  votez pour la plus bel_494087/input_trie par_keyword'

2022-07-19 16:40:10 - [TEST_STEP][PASSED] - sendKeys(findTestObject("Page_Concours photo  votez pour la plus bel_494087/input_trie par_keyword"), Keys.chord(ENTER)): Keys 'ENTER + ' sent to object: 'Object Repository/Page_Concours photo  votez pour la plus bel_494087/input_trie par_keyword'

2022-07-19 16:40:12 - [MESSAGE][PASSED] - Keys 'ENTER + ' sent to object: 'Object Repository/Page_Concours photo  votez pour la plus bel_494087/input_trie par_keyword'

2022-07-19 16:40:12 - [TEST_STEP][PASSED] - click(findTestObject("Page_Concours photo  votez pour la plus bel_494087/tri")): Object: 'Object Repository/Page_Concours photo  votez pour la plus bel_494087/tri' is clicked on

2022-07-19 16:40:13 - [MESSAGE][PASSED] - Object: 'Object Repository/Page_Concours photo  votez pour la plus bel_494087/tri' is clicked on

2022-07-19 16:40:13 - [TEST_STEP][PASSED] - click(findTestObject("Page_Concours photo  votez pour la plus bel_494087/plus de votes")): Object: 'Object Repository/Page_Concours photo  votez pour la plus bel_494087/plus de votes' is clicked on

2022-07-19 16:40:13 - [MESSAGE][PASSED] - Object: 'Object Repository/Page_Concours photo  votez pour la plus bel_494087/plus de votes' is clicked on

2022-07-19 16:40:13 - [TEST_STEP][PASSED] - click(findTestObject("Object Repository/Page_Concours photo  votez pour la plus bel_494087/i_Votes_fa fa-heart")): Object: 'Object Repository/Page_Concours photo  votez pour la plus bel_494087/i_Votes_fa fa-heart' is clicked on

2022-07-19 16:40:14 - [MESSAGE][PASSED] - Object: 'Object Repository/Page_Concours photo  votez pour la plus bel_494087/i_Votes_fa fa-heart' is clicked on

2022-07-19 16:40:14 - [TEST_STEP][PASSED] - delay(1): Delayed 1 second(s)

2022-07-19 16:40:15 - [MESSAGE][PASSED] - Delayed 1 second(s)

2022-07-19 16:40:15 - [TEST_STEP][PASSED] - closeBrowser(): Browser is closed

2022-07-19 16:40:16 - [MESSAGE][PASSED] - Browser is closed]]></system-out>
         <system-err><![CDATA[]]></system-err>
      </testcase>
      <testcase name="Test Cases/Vote" time="27.122" classname="Test Cases/Vote" status="PASSED">
         <system-out><![CDATA[2022-07-19 16:40:16 - [TEST_CASE][PASSED] - Test Cases/Vote: Test Cases/Vote

2022-07-19 16:40:16 - [TEST_STEP][PASSED] - openBrowser(""): Browser is opened with url: ''

2022-07-19 16:40:16 - [MESSAGE][INFO] - Starting 'Chrome' driver

2022-07-19 16:40:16 - [MESSAGE][INFO] - Action delay is set to 0 milliseconds

2022-07-19 16:40:17 - [MESSAGE][PASSED] - Browser is opened with url: ''

2022-07-19 16:40:17 - [TEST_STEP][PASSED] - navigateToUrl("https://lesechosdutouquet.nordlittoral.fr/147787/article/2022-06-30/concours-photo-montrez-nous-la-plus-belle-photo-de-votre-chien-en-promenade-sur#l5lb6r47qsmp9ur58y"): Navigate to 'https://lesechosdutouquet.nordlittoral.fr/147787/article/2022-06-30/concours-photo-montrez-nous-la-plus-belle-photo-de-votre-chien-en-promenade-sur#l5lb6r47qsmp9ur58y' successfully

2022-07-19 16:40:20 - [MESSAGE][PASSED] - Navigate to 'https://lesechosdutouquet.nordlittoral.fr/147787/article/2022-06-30/concours-photo-montrez-nous-la-plus-belle-photo-de-votre-chien-en-promenade-sur#l5lb6r47qsmp9ur58y' successfully

2022-07-19 16:40:20 - [TEST_STEP][PASSED] - setViewPortSize(1920, 1080): Viewport is set to new size with width = 1920 and height = 1080

2022-07-19 16:40:20 - [MESSAGE][PASSED] - Viewport is set to new size with width = 1920 and height = 1080

2022-07-19 16:40:20 - [TEST_STEP][PASSED] - click(findTestObject("Object Repository/Page_Concours photo  votez pour la plus bel_494087/button_Accepter  Fermer")): Object: 'Object Repository/Page_Concours photo  votez pour la plus bel_494087/button_Accepter  Fermer' is clicked on

2022-07-19 16:40:21 - [MESSAGE][PASSED] - Object: 'Object Repository/Page_Concours photo  votez pour la plus bel_494087/button_Accepter  Fermer' is clicked on

2022-07-19 16:40:21 - [TEST_STEP][PASSED] - waitForElementVisible(findTestObject("Object Repository/Page_Concours photo  votez pour la plus bel_494087/a_X"), 15): Object 'Object Repository/Page_Concours photo  votez pour la plus bel_494087/a_X' is visible

2022-07-19 16:40:28 - [MESSAGE][PASSED] - Object 'Object Repository/Page_Concours photo  votez pour la plus bel_494087/a_X' is visible

2022-07-19 16:40:28 - [TEST_STEP][PASSED] - click(findTestObject("Object Repository/Page_Concours photo  votez pour la plus bel_494087/a_X")): Object: 'Object Repository/Page_Concours photo  votez pour la plus bel_494087/a_X' is clicked on

2022-07-19 16:40:29 - [MESSAGE][PASSED] - Object: 'Object Repository/Page_Concours photo  votez pour la plus bel_494087/a_X' is clicked on

2022-07-19 16:40:29 - [TEST_STEP][PASSED] - delay(1): Delayed 1 second(s)

2022-07-19 16:40:30 - [MESSAGE][PASSED] - Delayed 1 second(s)

2022-07-19 16:40:30 - [TEST_STEP][PASSED] - click(findTestObject("Object Repository/Page_Concours photo  votez pour la plus bel_494087/input_concat(Votez pour le plus beau chien de la cte d, , Opale )_jouer")): Object: 'Object Repository/Page_Concours photo  votez pour la plus bel_494087/input_concat(Votez pour le plus beau chien de la cte d, , Opale )_jouer' is clicked on

2022-07-19 16:40:30 - [MESSAGE][PASSED] - Object: 'Object Repository/Page_Concours photo  votez pour la plus bel_494087/input_concat(Votez pour le plus beau chien de la cte d, , Opale )_jouer' is clicked on

2022-07-19 16:40:31 - [TEST_STEP][PASSED] - if (verifyElementPresent(findTestObject("Page_Concours photo  votez pour la plus bel_494087/input_concat(Votez pour le plus beau chien de la cte d, , Opale )_jouer"), 1, OPTIONAL)): null

2022-07-19 16:40:32 - [MESSAGE][PASSED] - Object 'Object Repository/Page_Concours photo  votez pour la plus bel_494087/input_concat(Votez pour le plus beau chien de la cte d, , Opale )_jouer' is present

2022-07-19 16:40:32 - [TEST_STEP][PASSED] - click(findTestObject("Object Repository/Page_Concours photo  votez pour la plus bel_494087/input_concat(Votez pour le plus beau chien de la cte d, , Opale )_jouer")): Object: 'Object Repository/Page_Concours photo  votez pour la plus bel_494087/input_concat(Votez pour le plus beau chien de la cte d, , Opale )_jouer' is clicked on

2022-07-19 16:40:32 - [MESSAGE][PASSED] - Object: 'Object Repository/Page_Concours photo  votez pour la plus bel_494087/input_concat(Votez pour le plus beau chien de la cte d, , Opale )_jouer' is clicked on

2022-07-19 16:40:32 - [TEST_STEP][PASSED] - delay(1): Delayed 1 second(s)

2022-07-19 16:40:33 - [MESSAGE][PASSED] - Delayed 1 second(s)

2022-07-19 16:40:33 - [TEST_STEP][PASSED] - setText(findTestObject("Object Repository/Page_Concours photo  votez pour la plus bel_494087/input_trie par_keyword"), "Gaspard"): Text 'Gaspard' is set on object 'Object Repository/Page_Concours photo  votez pour la plus bel_494087/input_trie par_keyword'

2022-07-19 16:40:37 - [MESSAGE][PASSED] - Text 'Gaspard' is set on object 'Object Repository/Page_Concours photo  votez pour la plus bel_494087/input_trie par_keyword'

2022-07-19 16:40:37 - [TEST_STEP][PASSED] - sendKeys(findTestObject("Page_Concours photo  votez pour la plus bel_494087/input_trie par_keyword"), Keys.chord(ENTER)): Keys 'ENTER + ' sent to object: 'Object Repository/Page_Concours photo  votez pour la plus bel_494087/input_trie par_keyword'

2022-07-19 16:40:38 - [MESSAGE][PASSED] - Keys 'ENTER + ' sent to object: 'Object Repository/Page_Concours photo  votez pour la plus bel_494087/input_trie par_keyword'

2022-07-19 16:40:38 - [TEST_STEP][PASSED] - click(findTestObject("Page_Concours photo  votez pour la plus bel_494087/tri")): Object: 'Object Repository/Page_Concours photo  votez pour la plus bel_494087/tri' is clicked on

2022-07-19 16:40:39 - [MESSAGE][PASSED] - Object: 'Object Repository/Page_Concours photo  votez pour la plus bel_494087/tri' is clicked on

2022-07-19 16:40:39 - [TEST_STEP][PASSED] - click(findTestObject("Page_Concours photo  votez pour la plus bel_494087/plus de votes")): Object: 'Object Repository/Page_Concours photo  votez pour la plus bel_494087/plus de votes' is clicked on

2022-07-19 16:40:39 - [MESSAGE][PASSED] - Object: 'Object Repository/Page_Concours photo  votez pour la plus bel_494087/plus de votes' is clicked on

2022-07-19 16:40:41 - [TEST_STEP][PASSED] - click(findTestObject("Object Repository/Page_Concours photo  votez pour la plus bel_494087/i_Votes_fa fa-heart")): Object: 'Object Repository/Page_Concours photo  votez pour la plus bel_494087/i_Votes_fa fa-heart' is clicked on

2022-07-19 16:40:42 - [MESSAGE][PASSED] - Object: 'Object Repository/Page_Concours photo  votez pour la plus bel_494087/i_Votes_fa fa-heart' is clicked on

2022-07-19 16:40:42 - [TEST_STEP][PASSED] - delay(1): Delayed 1 second(s)

2022-07-19 16:40:43 - [MESSAGE][PASSED] - Delayed 1 second(s)

2022-07-19 16:40:43 - [TEST_STEP][PASSED] - closeBrowser(): Browser is closed

2022-07-19 16:40:43 - [MESSAGE][PASSED] - Browser is closed]]></system-out>
         <system-err><![CDATA[]]></system-err>
      </testcase>
      <testcase name="Test Cases/Vote" time="27.671" classname="Test Cases/Vote" status="PASSED">
         <system-out><![CDATA[2022-07-19 16:40:43 - [TEST_CASE][PASSED] - Test Cases/Vote: Test Cases/Vote

2022-07-19 16:40:43 - [TEST_STEP][PASSED] - openBrowser(""): Browser is opened with url: ''

2022-07-19 16:40:43 - [MESSAGE][INFO] - Starting 'Chrome' driver

2022-07-19 16:40:43 - [MESSAGE][INFO] - Action delay is set to 0 milliseconds

2022-07-19 16:40:45 - [MESSAGE][PASSED] - Browser is opened with url: ''

2022-07-19 16:40:45 - [TEST_STEP][PASSED] - navigateToUrl("https://lesechosdutouquet.nordlittoral.fr/147787/article/2022-06-30/concours-photo-montrez-nous-la-plus-belle-photo-de-votre-chien-en-promenade-sur#l5lb6r47qsmp9ur58y"): Navigate to 'https://lesechosdutouquet.nordlittoral.fr/147787/article/2022-06-30/concours-photo-montrez-nous-la-plus-belle-photo-de-votre-chien-en-promenade-sur#l5lb6r47qsmp9ur58y' successfully

2022-07-19 16:40:48 - [MESSAGE][PASSED] - Navigate to 'https://lesechosdutouquet.nordlittoral.fr/147787/article/2022-06-30/concours-photo-montrez-nous-la-plus-belle-photo-de-votre-chien-en-promenade-sur#l5lb6r47qsmp9ur58y' successfully

2022-07-19 16:40:48 - [TEST_STEP][PASSED] - setViewPortSize(1920, 1080): Viewport is set to new size with width = 1920 and height = 1080

2022-07-19 16:40:48 - [MESSAGE][PASSED] - Viewport is set to new size with width = 1920 and height = 1080

2022-07-19 16:40:48 - [TEST_STEP][PASSED] - click(findTestObject("Object Repository/Page_Concours photo  votez pour la plus bel_494087/button_Accepter  Fermer")): Object: 'Object Repository/Page_Concours photo  votez pour la plus bel_494087/button_Accepter  Fermer' is clicked on

2022-07-19 16:40:49 - [MESSAGE][PASSED] - Object: 'Object Repository/Page_Concours photo  votez pour la plus bel_494087/button_Accepter  Fermer' is clicked on

2022-07-19 16:40:50 - [TEST_STEP][PASSED] - waitForElementVisible(findTestObject("Object Repository/Page_Concours photo  votez pour la plus bel_494087/a_X"), 15): Object 'Object Repository/Page_Concours photo  votez pour la plus bel_494087/a_X' is visible

2022-07-19 16:40:57 - [MESSAGE][PASSED] - Object 'Object Repository/Page_Concours photo  votez pour la plus bel_494087/a_X' is visible

2022-07-19 16:40:57 - [TEST_STEP][PASSED] - click(findTestObject("Object Repository/Page_Concours photo  votez pour la plus bel_494087/a_X")): Object: 'Object Repository/Page_Concours photo  votez pour la plus bel_494087/a_X' is clicked on

2022-07-19 16:40:57 - [MESSAGE][PASSED] - Object: 'Object Repository/Page_Concours photo  votez pour la plus bel_494087/a_X' is clicked on

2022-07-19 16:40:57 - [TEST_STEP][PASSED] - delay(1): Delayed 1 second(s)

2022-07-19 16:40:58 - [MESSAGE][PASSED] - Delayed 1 second(s)

2022-07-19 16:40:58 - [TEST_STEP][PASSED] - click(findTestObject("Object Repository/Page_Concours photo  votez pour la plus bel_494087/input_concat(Votez pour le plus beau chien de la cte d, , Opale )_jouer")): Object: 'Object Repository/Page_Concours photo  votez pour la plus bel_494087/input_concat(Votez pour le plus beau chien de la cte d, , Opale )_jouer' is clicked on

2022-07-19 16:40:59 - [MESSAGE][PASSED] - Object: 'Object Repository/Page_Concours photo  votez pour la plus bel_494087/input_concat(Votez pour le plus beau chien de la cte d, , Opale )_jouer' is clicked on

2022-07-19 16:40:59 - [TEST_STEP][PASSED] - if (verifyElementPresent(findTestObject("Page_Concours photo  votez pour la plus bel_494087/input_concat(Votez pour le plus beau chien de la cte d, , Opale )_jouer"), 1, OPTIONAL)): null

2022-07-19 16:41:00 - [MESSAGE][PASSED] - Object 'Object Repository/Page_Concours photo  votez pour la plus bel_494087/input_concat(Votez pour le plus beau chien de la cte d, , Opale )_jouer' is present

2022-07-19 16:41:00 - [TEST_STEP][PASSED] - click(findTestObject("Object Repository/Page_Concours photo  votez pour la plus bel_494087/input_concat(Votez pour le plus beau chien de la cte d, , Opale )_jouer")): Object: 'Object Repository/Page_Concours photo  votez pour la plus bel_494087/input_concat(Votez pour le plus beau chien de la cte d, , Opale )_jouer' is clicked on

2022-07-19 16:41:01 - [MESSAGE][PASSED] - Object: 'Object Repository/Page_Concours photo  votez pour la plus bel_494087/input_concat(Votez pour le plus beau chien de la cte d, , Opale )_jouer' is clicked on

2022-07-19 16:41:01 - [TEST_STEP][PASSED] - delay(1): Delayed 1 second(s)

2022-07-19 16:41:02 - [MESSAGE][PASSED] - Delayed 1 second(s)

2022-07-19 16:41:02 - [TEST_STEP][PASSED] - setText(findTestObject("Object Repository/Page_Concours photo  votez pour la plus bel_494087/input_trie par_keyword"), "Gaspard"): Text 'Gaspard' is set on object 'Object Repository/Page_Concours photo  votez pour la plus bel_494087/input_trie par_keyword'

2022-07-19 16:41:05 - [MESSAGE][PASSED] - Text 'Gaspard' is set on object 'Object Repository/Page_Concours photo  votez pour la plus bel_494087/input_trie par_keyword'

2022-07-19 16:41:05 - [TEST_STEP][PASSED] - sendKeys(findTestObject("Page_Concours photo  votez pour la plus bel_494087/input_trie par_keyword"), Keys.chord(ENTER)): Keys 'ENTER + ' sent to object: 'Object Repository/Page_Concours photo  votez pour la plus bel_494087/input_trie par_keyword'

2022-07-19 16:41:06 - [MESSAGE][PASSED] - Keys 'ENTER + ' sent to object: 'Object Repository/Page_Concours photo  votez pour la plus bel_494087/input_trie par_keyword'

2022-07-19 16:41:07 - [TEST_STEP][PASSED] - click(findTestObject("Page_Concours photo  votez pour la plus bel_494087/tri")): Object: 'Object Repository/Page_Concours photo  votez pour la plus bel_494087/tri' is clicked on

2022-07-19 16:41:07 - [MESSAGE][PASSED] - Object: 'Object Repository/Page_Concours photo  votez pour la plus bel_494087/tri' is clicked on

2022-07-19 16:41:07 - [TEST_STEP][PASSED] - click(findTestObject("Page_Concours photo  votez pour la plus bel_494087/plus de votes")): Object: 'Object Repository/Page_Concours photo  votez pour la plus bel_494087/plus de votes' is clicked on

2022-07-19 16:41:08 - [MESSAGE][PASSED] - Object: 'Object Repository/Page_Concours photo  votez pour la plus bel_494087/plus de votes' is clicked on

2022-07-19 16:41:09 - [TEST_STEP][PASSED] - click(findTestObject("Object Repository/Page_Concours photo  votez pour la plus bel_494087/i_Votes_fa fa-heart")): Object: 'Object Repository/Page_Concours photo  votez pour la plus bel_494087/i_Votes_fa fa-heart' is clicked on

2022-07-19 16:41:09 - [MESSAGE][PASSED] - Object: 'Object Repository/Page_Concours photo  votez pour la plus bel_494087/i_Votes_fa fa-heart' is clicked on

2022-07-19 16:41:09 - [TEST_STEP][PASSED] - delay(1): Delayed 1 second(s)

2022-07-19 16:41:10 - [MESSAGE][PASSED] - Delayed 1 second(s)

2022-07-19 16:41:10 - [TEST_STEP][PASSED] - closeBrowser(): Browser is closed

2022-07-19 16:41:11 - [MESSAGE][PASSED] - Browser is closed]]></system-out>
         <system-err><![CDATA[]]></system-err>
      </testcase>
      <testcase name="Test Cases/Vote" time="32.572" classname="Test Cases/Vote" status="PASSED">
         <system-out><![CDATA[2022-07-19 16:41:11 - [TEST_CASE][PASSED] - Test Cases/Vote: Test Cases/Vote

2022-07-19 16:41:11 - [TEST_STEP][PASSED] - openBrowser(""): Browser is opened with url: ''

2022-07-19 16:41:11 - [MESSAGE][INFO] - Starting 'Chrome' driver

2022-07-19 16:41:11 - [MESSAGE][INFO] - Action delay is set to 0 milliseconds

2022-07-19 16:41:12 - [MESSAGE][PASSED] - Browser is opened with url: ''

2022-07-19 16:41:12 - [TEST_STEP][PASSED] - navigateToUrl("https://lesechosdutouquet.nordlittoral.fr/147787/article/2022-06-30/concours-photo-montrez-nous-la-plus-belle-photo-de-votre-chien-en-promenade-sur#l5lb6r47qsmp9ur58y"): Navigate to 'https://lesechosdutouquet.nordlittoral.fr/147787/article/2022-06-30/concours-photo-montrez-nous-la-plus-belle-photo-de-votre-chien-en-promenade-sur#l5lb6r47qsmp9ur58y' successfully

2022-07-19 16:41:20 - [MESSAGE][PASSED] - Navigate to 'https://lesechosdutouquet.nordlittoral.fr/147787/article/2022-06-30/concours-photo-montrez-nous-la-plus-belle-photo-de-votre-chien-en-promenade-sur#l5lb6r47qsmp9ur58y' successfully

2022-07-19 16:41:20 - [TEST_STEP][PASSED] - setViewPortSize(1920, 1080): Viewport is set to new size with width = 1920 and height = 1080

2022-07-19 16:41:20 - [MESSAGE][PASSED] - Viewport is set to new size with width = 1920 and height = 1080

2022-07-19 16:41:20 - [TEST_STEP][PASSED] - click(findTestObject("Object Repository/Page_Concours photo  votez pour la plus bel_494087/button_Accepter  Fermer")): Object: 'Object Repository/Page_Concours photo  votez pour la plus bel_494087/button_Accepter  Fermer' is clicked on

2022-07-19 16:41:21 - [MESSAGE][PASSED] - Object: 'Object Repository/Page_Concours photo  votez pour la plus bel_494087/button_Accepter  Fermer' is clicked on

2022-07-19 16:41:21 - [TEST_STEP][PASSED] - waitForElementVisible(findTestObject("Object Repository/Page_Concours photo  votez pour la plus bel_494087/a_X"), 15): Object 'Object Repository/Page_Concours photo  votez pour la plus bel_494087/a_X' is visible

2022-07-19 16:41:27 - [MESSAGE][PASSED] - Object 'Object Repository/Page_Concours photo  votez pour la plus bel_494087/a_X' is visible

2022-07-19 16:41:27 - [TEST_STEP][PASSED] - click(findTestObject("Object Repository/Page_Concours photo  votez pour la plus bel_494087/a_X")): Object: 'Object Repository/Page_Concours photo  votez pour la plus bel_494087/a_X' is clicked on

2022-07-19 16:41:28 - [MESSAGE][PASSED] - Object: 'Object Repository/Page_Concours photo  votez pour la plus bel_494087/a_X' is clicked on

2022-07-19 16:41:28 - [TEST_STEP][PASSED] - delay(1): Delayed 1 second(s)

2022-07-19 16:41:29 - [MESSAGE][PASSED] - Delayed 1 second(s)

2022-07-19 16:41:29 - [TEST_STEP][PASSED] - click(findTestObject("Object Repository/Page_Concours photo  votez pour la plus bel_494087/input_concat(Votez pour le plus beau chien de la cte d, , Opale )_jouer")): Object: 'Object Repository/Page_Concours photo  votez pour la plus bel_494087/input_concat(Votez pour le plus beau chien de la cte d, , Opale )_jouer' is clicked on

2022-07-19 16:41:29 - [MESSAGE][PASSED] - Object: 'Object Repository/Page_Concours photo  votez pour la plus bel_494087/input_concat(Votez pour le plus beau chien de la cte d, , Opale )_jouer' is clicked on

2022-07-19 16:41:29 - [TEST_STEP][PASSED] - if (verifyElementPresent(findTestObject("Page_Concours photo  votez pour la plus bel_494087/input_concat(Votez pour le plus beau chien de la cte d, , Opale )_jouer"), 1, OPTIONAL)): null

2022-07-19 16:41:31 - [MESSAGE][PASSED] - Object 'Object Repository/Page_Concours photo  votez pour la plus bel_494087/input_concat(Votez pour le plus beau chien de la cte d, , Opale )_jouer' is present

2022-07-19 16:41:31 - [TEST_STEP][PASSED] - click(findTestObject("Object Repository/Page_Concours photo  votez pour la plus bel_494087/input_concat(Votez pour le plus beau chien de la cte d, , Opale )_jouer")): Object: 'Object Repository/Page_Concours photo  votez pour la plus bel_494087/input_concat(Votez pour le plus beau chien de la cte d, , Opale )_jouer' is clicked on

2022-07-19 16:41:32 - [MESSAGE][PASSED] - Object: 'Object Repository/Page_Concours photo  votez pour la plus bel_494087/input_concat(Votez pour le plus beau chien de la cte d, , Opale )_jouer' is clicked on

2022-07-19 16:41:32 - [TEST_STEP][PASSED] - delay(1): Delayed 1 second(s)

2022-07-19 16:41:33 - [MESSAGE][PASSED] - Delayed 1 second(s)

2022-07-19 16:41:33 - [TEST_STEP][PASSED] - setText(findTestObject("Object Repository/Page_Concours photo  votez pour la plus bel_494087/input_trie par_keyword"), "Gaspard"): Text 'Gaspard' is set on object 'Object Repository/Page_Concours photo  votez pour la plus bel_494087/input_trie par_keyword'

2022-07-19 16:41:36 - [MESSAGE][PASSED] - Text 'Gaspard' is set on object 'Object Repository/Page_Concours photo  votez pour la plus bel_494087/input_trie par_keyword'

2022-07-19 16:41:36 - [TEST_STEP][PASSED] - sendKeys(findTestObject("Page_Concours photo  votez pour la plus bel_494087/input_trie par_keyword"), Keys.chord(ENTER)): Keys 'ENTER + ' sent to object: 'Object Repository/Page_Concours photo  votez pour la plus bel_494087/input_trie par_keyword'

2022-07-19 16:41:39 - [MESSAGE][PASSED] - Keys 'ENTER + ' sent to object: 'Object Repository/Page_Concours photo  votez pour la plus bel_494087/input_trie par_keyword'

2022-07-19 16:41:39 - [TEST_STEP][PASSED] - click(findTestObject("Page_Concours photo  votez pour la plus bel_494087/tri")): Object: 'Object Repository/Page_Concours photo  votez pour la plus bel_494087/tri' is clicked on

2022-07-19 16:41:39 - [MESSAGE][PASSED] - Object: 'Object Repository/Page_Concours photo  votez pour la plus bel_494087/tri' is clicked on

2022-07-19 16:41:39 - [TEST_STEP][PASSED] - click(findTestObject("Page_Concours photo  votez pour la plus bel_494087/plus de votes")): Object: 'Object Repository/Page_Concours photo  votez pour la plus bel_494087/plus de votes' is clicked on

2022-07-19 16:41:40 - [MESSAGE][PASSED] - Object: 'Object Repository/Page_Concours photo  votez pour la plus bel_494087/plus de votes' is clicked on

2022-07-19 16:41:41 - [TEST_STEP][PASSED] - click(findTestObject("Object Repository/Page_Concours photo  votez pour la plus bel_494087/i_Votes_fa fa-heart")): Object: 'Object Repository/Page_Concours photo  votez pour la plus bel_494087/i_Votes_fa fa-heart' is clicked on

2022-07-19 16:41:42 - [MESSAGE][PASSED] - Object: 'Object Repository/Page_Concours photo  votez pour la plus bel_494087/i_Votes_fa fa-heart' is clicked on

2022-07-19 16:41:42 - [TEST_STEP][PASSED] - delay(1): Delayed 1 second(s)

2022-07-19 16:41:43 - [MESSAGE][PASSED] - Delayed 1 second(s)

2022-07-19 16:41:43 - [TEST_STEP][PASSED] - closeBrowser(): Browser is closed

2022-07-19 16:41:43 - [MESSAGE][PASSED] - Browser is closed]]></system-out>
         <system-err><![CDATA[]]></system-err>
      </testcase>
      <testcase name="Test Cases/Vote" time="25.864" classname="Test Cases/Vote" status="PASSED">
         <system-out><![CDATA[2022-07-19 16:41:43 - [TEST_CASE][PASSED] - Test Cases/Vote: Test Cases/Vote

2022-07-19 16:41:43 - [TEST_STEP][PASSED] - openBrowser(""): Browser is opened with url: ''

2022-07-19 16:41:43 - [MESSAGE][INFO] - Starting 'Chrome' driver

2022-07-19 16:41:43 - [MESSAGE][INFO] - Action delay is set to 0 milliseconds

2022-07-19 16:41:45 - [MESSAGE][PASSED] - Browser is opened with url: ''

2022-07-19 16:41:45 - [TEST_STEP][PASSED] - navigateToUrl("https://lesechosdutouquet.nordlittoral.fr/147787/article/2022-06-30/concours-photo-montrez-nous-la-plus-belle-photo-de-votre-chien-en-promenade-sur#l5lb6r47qsmp9ur58y"): Navigate to 'https://lesechosdutouquet.nordlittoral.fr/147787/article/2022-06-30/concours-photo-montrez-nous-la-plus-belle-photo-de-votre-chien-en-promenade-sur#l5lb6r47qsmp9ur58y' successfully

2022-07-19 16:41:48 - [MESSAGE][PASSED] - Navigate to 'https://lesechosdutouquet.nordlittoral.fr/147787/article/2022-06-30/concours-photo-montrez-nous-la-plus-belle-photo-de-votre-chien-en-promenade-sur#l5lb6r47qsmp9ur58y' successfully

2022-07-19 16:41:48 - [TEST_STEP][PASSED] - setViewPortSize(1920, 1080): Viewport is set to new size with width = 1920 and height = 1080

2022-07-19 16:41:48 - [MESSAGE][PASSED] - Viewport is set to new size with width = 1920 and height = 1080

2022-07-19 16:41:48 - [TEST_STEP][PASSED] - click(findTestObject("Object Repository/Page_Concours photo  votez pour la plus bel_494087/button_Accepter  Fermer")): Object: 'Object Repository/Page_Concours photo  votez pour la plus bel_494087/button_Accepter  Fermer' is clicked on

2022-07-19 16:41:49 - [MESSAGE][PASSED] - Object: 'Object Repository/Page_Concours photo  votez pour la plus bel_494087/button_Accepter  Fermer' is clicked on

2022-07-19 16:41:49 - [TEST_STEP][PASSED] - waitForElementVisible(findTestObject("Object Repository/Page_Concours photo  votez pour la plus bel_494087/a_X"), 15): Object 'Object Repository/Page_Concours photo  votez pour la plus bel_494087/a_X' is visible

2022-07-19 16:41:56 - [MESSAGE][PASSED] - Object 'Object Repository/Page_Concours photo  votez pour la plus bel_494087/a_X' is visible

2022-07-19 16:41:56 - [TEST_STEP][PASSED] - click(findTestObject("Object Repository/Page_Concours photo  votez pour la plus bel_494087/a_X")): Object: 'Object Repository/Page_Concours photo  votez pour la plus bel_494087/a_X' is clicked on

2022-07-19 16:41:56 - [MESSAGE][PASSED] - Object: 'Object Repository/Page_Concours photo  votez pour la plus bel_494087/a_X' is clicked on

2022-07-19 16:41:56 - [TEST_STEP][PASSED] - delay(1): Delayed 1 second(s)

2022-07-19 16:41:57 - [MESSAGE][PASSED] - Delayed 1 second(s)

2022-07-19 16:41:57 - [TEST_STEP][PASSED] - click(findTestObject("Object Repository/Page_Concours photo  votez pour la plus bel_494087/input_concat(Votez pour le plus beau chien de la cte d, , Opale )_jouer")): Object: 'Object Repository/Page_Concours photo  votez pour la plus bel_494087/input_concat(Votez pour le plus beau chien de la cte d, , Opale )_jouer' is clicked on

2022-07-19 16:41:58 - [MESSAGE][PASSED] - Object: 'Object Repository/Page_Concours photo  votez pour la plus bel_494087/input_concat(Votez pour le plus beau chien de la cte d, , Opale )_jouer' is clicked on

2022-07-19 16:41:58 - [TEST_STEP][PASSED] - if (verifyElementPresent(findTestObject("Page_Concours photo  votez pour la plus bel_494087/input_concat(Votez pour le plus beau chien de la cte d, , Opale )_jouer"), 1, OPTIONAL)): null

2022-07-19 16:42:00 - [MESSAGE][PASSED] - Object 'Object Repository/Page_Concours photo  votez pour la plus bel_494087/input_concat(Votez pour le plus beau chien de la cte d, , Opale )_jouer' is present

2022-07-19 16:42:00 - [TEST_STEP][PASSED] - click(findTestObject("Object Repository/Page_Concours photo  votez pour la plus bel_494087/input_concat(Votez pour le plus beau chien de la cte d, , Opale )_jouer")): Object: 'Object Repository/Page_Concours photo  votez pour la plus bel_494087/input_concat(Votez pour le plus beau chien de la cte d, , Opale )_jouer' is clicked on

2022-07-19 16:42:00 - [MESSAGE][PASSED] - Object: 'Object Repository/Page_Concours photo  votez pour la plus bel_494087/input_concat(Votez pour le plus beau chien de la cte d, , Opale )_jouer' is clicked on

2022-07-19 16:42:00 - [TEST_STEP][PASSED] - delay(1): Delayed 1 second(s)

2022-07-19 16:42:01 - [MESSAGE][PASSED] - Delayed 1 second(s)

2022-07-19 16:42:01 - [TEST_STEP][PASSED] - setText(findTestObject("Object Repository/Page_Concours photo  votez pour la plus bel_494087/input_trie par_keyword"), "Gaspard"): Text 'Gaspard' is set on object 'Object Repository/Page_Concours photo  votez pour la plus bel_494087/input_trie par_keyword'

2022-07-19 16:42:03 - [MESSAGE][PASSED] - Text 'Gaspard' is set on object 'Object Repository/Page_Concours photo  votez pour la plus bel_494087/input_trie par_keyword'

2022-07-19 16:42:03 - [TEST_STEP][PASSED] - sendKeys(findTestObject("Page_Concours photo  votez pour la plus bel_494087/input_trie par_keyword"), Keys.chord(ENTER)): Keys 'ENTER + ' sent to object: 'Object Repository/Page_Concours photo  votez pour la plus bel_494087/input_trie par_keyword'

2022-07-19 16:42:04 - [MESSAGE][PASSED] - Keys 'ENTER + ' sent to object: 'Object Repository/Page_Concours photo  votez pour la plus bel_494087/input_trie par_keyword'

2022-07-19 16:42:04 - [TEST_STEP][PASSED] - click(findTestObject("Page_Concours photo  votez pour la plus bel_494087/tri")): Object: 'Object Repository/Page_Concours photo  votez pour la plus bel_494087/tri' is clicked on

2022-07-19 16:42:05 - [MESSAGE][PASSED] - Object: 'Object Repository/Page_Concours photo  votez pour la plus bel_494087/tri' is clicked on

2022-07-19 16:42:05 - [TEST_STEP][PASSED] - click(findTestObject("Page_Concours photo  votez pour la plus bel_494087/plus de votes")): Object: 'Object Repository/Page_Concours photo  votez pour la plus bel_494087/plus de votes' is clicked on

2022-07-19 16:42:05 - [MESSAGE][PASSED] - Object: 'Object Repository/Page_Concours photo  votez pour la plus bel_494087/plus de votes' is clicked on

2022-07-19 16:42:07 - [TEST_STEP][PASSED] - click(findTestObject("Object Repository/Page_Concours photo  votez pour la plus bel_494087/i_Votes_fa fa-heart")): Object: 'Object Repository/Page_Concours photo  votez pour la plus bel_494087/i_Votes_fa fa-heart' is clicked on

2022-07-19 16:42:08 - [MESSAGE][PASSED] - Object: 'Object Repository/Page_Concours photo  votez pour la plus bel_494087/i_Votes_fa fa-heart' is clicked on

2022-07-19 16:42:08 - [TEST_STEP][PASSED] - delay(1): Delayed 1 second(s)

2022-07-19 16:42:09 - [MESSAGE][PASSED] - Delayed 1 second(s)

2022-07-19 16:42:09 - [TEST_STEP][PASSED] - closeBrowser(): Browser is closed

2022-07-19 16:42:09 - [MESSAGE][PASSED] - Browser is closed]]></system-out>
         <system-err><![CDATA[]]></system-err>
      </testcase>
      <testcase name="Test Cases/Vote" time="25.361" classname="Test Cases/Vote" status="PASSED">
         <system-out><![CDATA[2022-07-19 16:42:09 - [TEST_CASE][PASSED] - Test Cases/Vote: Test Cases/Vote

2022-07-19 16:42:09 - [TEST_STEP][PASSED] - openBrowser(""): Browser is opened with url: ''

2022-07-19 16:42:09 - [MESSAGE][INFO] - Starting 'Chrome' driver

2022-07-19 16:42:09 - [MESSAGE][INFO] - Action delay is set to 0 milliseconds

2022-07-19 16:42:10 - [MESSAGE][PASSED] - Browser is opened with url: ''

2022-07-19 16:42:10 - [TEST_STEP][PASSED] - navigateToUrl("https://lesechosdutouquet.nordlittoral.fr/147787/article/2022-06-30/concours-photo-montrez-nous-la-plus-belle-photo-de-votre-chien-en-promenade-sur#l5lb6r47qsmp9ur58y"): Navigate to 'https://lesechosdutouquet.nordlittoral.fr/147787/article/2022-06-30/concours-photo-montrez-nous-la-plus-belle-photo-de-votre-chien-en-promenade-sur#l5lb6r47qsmp9ur58y' successfully

2022-07-19 16:42:14 - [MESSAGE][PASSED] - Navigate to 'https://lesechosdutouquet.nordlittoral.fr/147787/article/2022-06-30/concours-photo-montrez-nous-la-plus-belle-photo-de-votre-chien-en-promenade-sur#l5lb6r47qsmp9ur58y' successfully

2022-07-19 16:42:14 - [TEST_STEP][PASSED] - setViewPortSize(1920, 1080): Viewport is set to new size with width = 1920 and height = 1080

2022-07-19 16:42:14 - [MESSAGE][PASSED] - Viewport is set to new size with width = 1920 and height = 1080

2022-07-19 16:42:14 - [TEST_STEP][PASSED] - click(findTestObject("Object Repository/Page_Concours photo  votez pour la plus bel_494087/button_Accepter  Fermer")): Object: 'Object Repository/Page_Concours photo  votez pour la plus bel_494087/button_Accepter  Fermer' is clicked on

2022-07-19 16:42:15 - [MESSAGE][PASSED] - Object: 'Object Repository/Page_Concours photo  votez pour la plus bel_494087/button_Accepter  Fermer' is clicked on

2022-07-19 16:42:15 - [TEST_STEP][PASSED] - waitForElementVisible(findTestObject("Object Repository/Page_Concours photo  votez pour la plus bel_494087/a_X"), 15): Object 'Object Repository/Page_Concours photo  votez pour la plus bel_494087/a_X' is visible

2022-07-19 16:42:22 - [MESSAGE][PASSED] - Object 'Object Repository/Page_Concours photo  votez pour la plus bel_494087/a_X' is visible

2022-07-19 16:42:22 - [TEST_STEP][PASSED] - click(findTestObject("Object Repository/Page_Concours photo  votez pour la plus bel_494087/a_X")): Object: 'Object Repository/Page_Concours photo  votez pour la plus bel_494087/a_X' is clicked on

2022-07-19 16:42:23 - [MESSAGE][PASSED] - Object: 'Object Repository/Page_Concours photo  votez pour la plus bel_494087/a_X' is clicked on

2022-07-19 16:42:23 - [TEST_STEP][PASSED] - delay(1): Delayed 1 second(s)

2022-07-19 16:42:24 - [MESSAGE][PASSED] - Delayed 1 second(s)

2022-07-19 16:42:24 - [TEST_STEP][PASSED] - click(findTestObject("Object Repository/Page_Concours photo  votez pour la plus bel_494087/input_concat(Votez pour le plus beau chien de la cte d, , Opale )_jouer")): Object: 'Object Repository/Page_Concours photo  votez pour la plus bel_494087/input_concat(Votez pour le plus beau chien de la cte d, , Opale )_jouer' is clicked on

2022-07-19 16:42:25 - [MESSAGE][PASSED] - Object: 'Object Repository/Page_Concours photo  votez pour la plus bel_494087/input_concat(Votez pour le plus beau chien de la cte d, , Opale )_jouer' is clicked on

2022-07-19 16:42:25 - [TEST_STEP][PASSED] - if (verifyElementPresent(findTestObject("Page_Concours photo  votez pour la plus bel_494087/input_concat(Votez pour le plus beau chien de la cte d, , Opale )_jouer"), 1, OPTIONAL)): null

2022-07-19 16:42:26 - [MESSAGE][PASSED] - Object 'Object Repository/Page_Concours photo  votez pour la plus bel_494087/input_concat(Votez pour le plus beau chien de la cte d, , Opale )_jouer' is present

2022-07-19 16:42:26 - [TEST_STEP][PASSED] - click(findTestObject("Object Repository/Page_Concours photo  votez pour la plus bel_494087/input_concat(Votez pour le plus beau chien de la cte d, , Opale )_jouer")): Object: 'Object Repository/Page_Concours photo  votez pour la plus bel_494087/input_concat(Votez pour le plus beau chien de la cte d, , Opale )_jouer' is clicked on

2022-07-19 16:42:26 - [MESSAGE][PASSED] - Object: 'Object Repository/Page_Concours photo  votez pour la plus bel_494087/input_concat(Votez pour le plus beau chien de la cte d, , Opale )_jouer' is clicked on

2022-07-19 16:42:26 - [TEST_STEP][PASSED] - delay(1): Delayed 1 second(s)

2022-07-19 16:42:27 - [MESSAGE][PASSED] - Delayed 1 second(s)

2022-07-19 16:42:27 - [TEST_STEP][PASSED] - setText(findTestObject("Object Repository/Page_Concours photo  votez pour la plus bel_494087/input_trie par_keyword"), "Gaspard"): Text 'Gaspard' is set on object 'Object Repository/Page_Concours photo  votez pour la plus bel_494087/input_trie par_keyword'

2022-07-19 16:42:29 - [MESSAGE][PASSED] - Text 'Gaspard' is set on object 'Object Repository/Page_Concours photo  votez pour la plus bel_494087/input_trie par_keyword'

2022-07-19 16:42:29 - [TEST_STEP][PASSED] - sendKeys(findTestObject("Page_Concours photo  votez pour la plus bel_494087/input_trie par_keyword"), Keys.chord(ENTER)): Keys 'ENTER + ' sent to object: 'Object Repository/Page_Concours photo  votez pour la plus bel_494087/input_trie par_keyword'

2022-07-19 16:42:30 - [MESSAGE][PASSED] - Keys 'ENTER + ' sent to object: 'Object Repository/Page_Concours photo  votez pour la plus bel_494087/input_trie par_keyword'

2022-07-19 16:42:30 - [TEST_STEP][PASSED] - click(findTestObject("Page_Concours photo  votez pour la plus bel_494087/tri")): Object: 'Object Repository/Page_Concours photo  votez pour la plus bel_494087/tri' is clicked on

2022-07-19 16:42:31 - [MESSAGE][PASSED] - Object: 'Object Repository/Page_Concours photo  votez pour la plus bel_494087/tri' is clicked on

2022-07-19 16:42:31 - [TEST_STEP][PASSED] - click(findTestObject("Page_Concours photo  votez pour la plus bel_494087/plus de votes")): Object: 'Object Repository/Page_Concours photo  votez pour la plus bel_494087/plus de votes' is clicked on

2022-07-19 16:42:31 - [MESSAGE][PASSED] - Object: 'Object Repository/Page_Concours photo  votez pour la plus bel_494087/plus de votes' is clicked on

2022-07-19 16:42:32 - [TEST_STEP][PASSED] - click(findTestObject("Object Repository/Page_Concours photo  votez pour la plus bel_494087/i_Votes_fa fa-heart")): Object: 'Object Repository/Page_Concours photo  votez pour la plus bel_494087/i_Votes_fa fa-heart' is clicked on

2022-07-19 16:42:33 - [MESSAGE][PASSED] - Object: 'Object Repository/Page_Concours photo  votez pour la plus bel_494087/i_Votes_fa fa-heart' is clicked on

2022-07-19 16:42:33 - [TEST_STEP][PASSED] - delay(1): Delayed 1 second(s)

2022-07-19 16:42:34 - [MESSAGE][PASSED] - Delayed 1 second(s)

2022-07-19 16:42:34 - [TEST_STEP][PASSED] - closeBrowser(): Browser is closed

2022-07-19 16:42:34 - [MESSAGE][PASSED] - Browser is closed]]></system-out>
         <system-err><![CDATA[]]></system-err>
      </testcase>
      <testcase name="Test Cases/Vote" time="24.931" classname="Test Cases/Vote" status="PASSED">
         <system-out><![CDATA[2022-07-19 16:42:34 - [TEST_CASE][PASSED] - Test Cases/Vote: Test Cases/Vote

2022-07-19 16:42:34 - [TEST_STEP][PASSED] - openBrowser(""): Browser is opened with url: ''

2022-07-19 16:42:34 - [MESSAGE][INFO] - Starting 'Chrome' driver

2022-07-19 16:42:34 - [MESSAGE][INFO] - Action delay is set to 0 milliseconds

2022-07-19 16:42:36 - [MESSAGE][PASSED] - Browser is opened with url: ''

2022-07-19 16:42:36 - [TEST_STEP][PASSED] - navigateToUrl("https://lesechosdutouquet.nordlittoral.fr/147787/article/2022-06-30/concours-photo-montrez-nous-la-plus-belle-photo-de-votre-chien-en-promenade-sur#l5lb6r47qsmp9ur58y"): Navigate to 'https://lesechosdutouquet.nordlittoral.fr/147787/article/2022-06-30/concours-photo-montrez-nous-la-plus-belle-photo-de-votre-chien-en-promenade-sur#l5lb6r47qsmp9ur58y' successfully

2022-07-19 16:42:38 - [MESSAGE][PASSED] - Navigate to 'https://lesechosdutouquet.nordlittoral.fr/147787/article/2022-06-30/concours-photo-montrez-nous-la-plus-belle-photo-de-votre-chien-en-promenade-sur#l5lb6r47qsmp9ur58y' successfully

2022-07-19 16:42:38 - [TEST_STEP][PASSED] - setViewPortSize(1920, 1080): Viewport is set to new size with width = 1920 and height = 1080

2022-07-19 16:42:38 - [MESSAGE][PASSED] - Viewport is set to new size with width = 1920 and height = 1080

2022-07-19 16:42:38 - [TEST_STEP][PASSED] - click(findTestObject("Object Repository/Page_Concours photo  votez pour la plus bel_494087/button_Accepter  Fermer")): Object: 'Object Repository/Page_Concours photo  votez pour la plus bel_494087/button_Accepter  Fermer' is clicked on

2022-07-19 16:42:40 - [MESSAGE][PASSED] - Object: 'Object Repository/Page_Concours photo  votez pour la plus bel_494087/button_Accepter  Fermer' is clicked on

2022-07-19 16:42:40 - [TEST_STEP][PASSED] - waitForElementVisible(findTestObject("Object Repository/Page_Concours photo  votez pour la plus bel_494087/a_X"), 15): Object 'Object Repository/Page_Concours photo  votez pour la plus bel_494087/a_X' is visible

2022-07-19 16:42:46 - [MESSAGE][PASSED] - Object 'Object Repository/Page_Concours photo  votez pour la plus bel_494087/a_X' is visible

2022-07-19 16:42:46 - [TEST_STEP][PASSED] - click(findTestObject("Object Repository/Page_Concours photo  votez pour la plus bel_494087/a_X")): Object: 'Object Repository/Page_Concours photo  votez pour la plus bel_494087/a_X' is clicked on

2022-07-19 16:42:46 - [MESSAGE][PASSED] - Object: 'Object Repository/Page_Concours photo  votez pour la plus bel_494087/a_X' is clicked on

2022-07-19 16:42:46 - [TEST_STEP][PASSED] - delay(1): Delayed 1 second(s)

2022-07-19 16:42:47 - [MESSAGE][PASSED] - Delayed 1 second(s)

2022-07-19 16:42:47 - [TEST_STEP][PASSED] - click(findTestObject("Object Repository/Page_Concours photo  votez pour la plus bel_494087/input_concat(Votez pour le plus beau chien de la cte d, , Opale )_jouer")): Object: 'Object Repository/Page_Concours photo  votez pour la plus bel_494087/input_concat(Votez pour le plus beau chien de la cte d, , Opale )_jouer' is clicked on

2022-07-19 16:42:48 - [MESSAGE][PASSED] - Object: 'Object Repository/Page_Concours photo  votez pour la plus bel_494087/input_concat(Votez pour le plus beau chien de la cte d, , Opale )_jouer' is clicked on

2022-07-19 16:42:48 - [TEST_STEP][PASSED] - if (verifyElementPresent(findTestObject("Page_Concours photo  votez pour la plus bel_494087/input_concat(Votez pour le plus beau chien de la cte d, , Opale )_jouer"), 1, OPTIONAL)): null

2022-07-19 16:42:50 - [MESSAGE][PASSED] - Object 'Object Repository/Page_Concours photo  votez pour la plus bel_494087/input_concat(Votez pour le plus beau chien de la cte d, , Opale )_jouer' is present

2022-07-19 16:42:50 - [TEST_STEP][PASSED] - click(findTestObject("Object Repository/Page_Concours photo  votez pour la plus bel_494087/input_concat(Votez pour le plus beau chien de la cte d, , Opale )_jouer")): Object: 'Object Repository/Page_Concours photo  votez pour la plus bel_494087/input_concat(Votez pour le plus beau chien de la cte d, , Opale )_jouer' is clicked on

2022-07-19 16:42:50 - [MESSAGE][PASSED] - Object: 'Object Repository/Page_Concours photo  votez pour la plus bel_494087/input_concat(Votez pour le plus beau chien de la cte d, , Opale )_jouer' is clicked on

2022-07-19 16:42:50 - [TEST_STEP][PASSED] - delay(1): Delayed 1 second(s)

2022-07-19 16:42:51 - [MESSAGE][PASSED] - Delayed 1 second(s)

2022-07-19 16:42:51 - [TEST_STEP][PASSED] - setText(findTestObject("Object Repository/Page_Concours photo  votez pour la plus bel_494087/input_trie par_keyword"), "Gaspard"): Text 'Gaspard' is set on object 'Object Repository/Page_Concours photo  votez pour la plus bel_494087/input_trie par_keyword'

2022-07-19 16:42:54 - [MESSAGE][PASSED] - Text 'Gaspard' is set on object 'Object Repository/Page_Concours photo  votez pour la plus bel_494087/input_trie par_keyword'

2022-07-19 16:42:54 - [TEST_STEP][PASSED] - sendKeys(findTestObject("Page_Concours photo  votez pour la plus bel_494087/input_trie par_keyword"), Keys.chord(ENTER)): Keys 'ENTER + ' sent to object: 'Object Repository/Page_Concours photo  votez pour la plus bel_494087/input_trie par_keyword'

2022-07-19 16:42:55 - [MESSAGE][PASSED] - Keys 'ENTER + ' sent to object: 'Object Repository/Page_Concours photo  votez pour la plus bel_494087/input_trie par_keyword'

2022-07-19 16:42:55 - [TEST_STEP][PASSED] - click(findTestObject("Page_Concours photo  votez pour la plus bel_494087/tri")): Object: 'Object Repository/Page_Concours photo  votez pour la plus bel_494087/tri' is clicked on

2022-07-19 16:42:56 - [MESSAGE][PASSED] - Object: 'Object Repository/Page_Concours photo  votez pour la plus bel_494087/tri' is clicked on

2022-07-19 16:42:56 - [TEST_STEP][PASSED] - click(findTestObject("Page_Concours photo  votez pour la plus bel_494087/plus de votes")): Object: 'Object Repository/Page_Concours photo  votez pour la plus bel_494087/plus de votes' is clicked on

2022-07-19 16:42:56 - [MESSAGE][PASSED] - Object: 'Object Repository/Page_Concours photo  votez pour la plus bel_494087/plus de votes' is clicked on

2022-07-19 16:42:57 - [TEST_STEP][PASSED] - click(findTestObject("Object Repository/Page_Concours photo  votez pour la plus bel_494087/i_Votes_fa fa-heart")): Object: 'Object Repository/Page_Concours photo  votez pour la plus bel_494087/i_Votes_fa fa-heart' is clicked on

2022-07-19 16:42:58 - [MESSAGE][PASSED] - Object: 'Object Repository/Page_Concours photo  votez pour la plus bel_494087/i_Votes_fa fa-heart' is clicked on

2022-07-19 16:42:58 - [TEST_STEP][PASSED] - delay(1): Delayed 1 second(s)

2022-07-19 16:42:59 - [MESSAGE][PASSED] - Delayed 1 second(s)

2022-07-19 16:42:59 - [TEST_STEP][PASSED] - closeBrowser(): Browser is closed

2022-07-19 16:42:59 - [MESSAGE][PASSED] - Browser is closed]]></system-out>
         <system-err><![CDATA[]]></system-err>
      </testcase>
      <testcase name="Test Cases/Vote" time="25.509" classname="Test Cases/Vote" status="PASSED">
         <system-out><![CDATA[2022-07-19 16:42:59 - [TEST_CASE][PASSED] - Test Cases/Vote: Test Cases/Vote

2022-07-19 16:42:59 - [TEST_STEP][PASSED] - openBrowser(""): Browser is opened with url: ''

2022-07-19 16:42:59 - [MESSAGE][INFO] - Starting 'Chrome' driver

2022-07-19 16:42:59 - [MESSAGE][INFO] - Action delay is set to 0 milliseconds

2022-07-19 16:43:01 - [MESSAGE][PASSED] - Browser is opened with url: ''

2022-07-19 16:43:01 - [TEST_STEP][PASSED] - navigateToUrl("https://lesechosdutouquet.nordlittoral.fr/147787/article/2022-06-30/concours-photo-montrez-nous-la-plus-belle-photo-de-votre-chien-en-promenade-sur#l5lb6r47qsmp9ur58y"): Navigate to 'https://lesechosdutouquet.nordlittoral.fr/147787/article/2022-06-30/concours-photo-montrez-nous-la-plus-belle-photo-de-votre-chien-en-promenade-sur#l5lb6r47qsmp9ur58y' successfully

2022-07-19 16:43:03 - [MESSAGE][PASSED] - Navigate to 'https://lesechosdutouquet.nordlittoral.fr/147787/article/2022-06-30/concours-photo-montrez-nous-la-plus-belle-photo-de-votre-chien-en-promenade-sur#l5lb6r47qsmp9ur58y' successfully

2022-07-19 16:43:03 - [TEST_STEP][PASSED] - setViewPortSize(1920, 1080): Viewport is set to new size with width = 1920 and height = 1080

2022-07-19 16:43:03 - [MESSAGE][PASSED] - Viewport is set to new size with width = 1920 and height = 1080

2022-07-19 16:43:03 - [TEST_STEP][PASSED] - click(findTestObject("Object Repository/Page_Concours photo  votez pour la plus bel_494087/button_Accepter  Fermer")): Object: 'Object Repository/Page_Concours photo  votez pour la plus bel_494087/button_Accepter  Fermer' is clicked on

2022-07-19 16:43:04 - [MESSAGE][PASSED] - Object: 'Object Repository/Page_Concours photo  votez pour la plus bel_494087/button_Accepter  Fermer' is clicked on

2022-07-19 16:43:04 - [TEST_STEP][PASSED] - waitForElementVisible(findTestObject("Object Repository/Page_Concours photo  votez pour la plus bel_494087/a_X"), 15): Object 'Object Repository/Page_Concours photo  votez pour la plus bel_494087/a_X' is visible

2022-07-19 16:43:11 - [MESSAGE][PASSED] - Object 'Object Repository/Page_Concours photo  votez pour la plus bel_494087/a_X' is visible

2022-07-19 16:43:11 - [TEST_STEP][PASSED] - click(findTestObject("Object Repository/Page_Concours photo  votez pour la plus bel_494087/a_X")): Object: 'Object Repository/Page_Concours photo  votez pour la plus bel_494087/a_X' is clicked on

2022-07-19 16:43:11 - [MESSAGE][PASSED] - Object: 'Object Repository/Page_Concours photo  votez pour la plus bel_494087/a_X' is clicked on

2022-07-19 16:43:11 - [TEST_STEP][PASSED] - delay(1): Delayed 1 second(s)

2022-07-19 16:43:13 - [MESSAGE][PASSED] - Delayed 1 second(s)

2022-07-19 16:43:13 - [TEST_STEP][PASSED] - click(findTestObject("Object Repository/Page_Concours photo  votez pour la plus bel_494087/input_concat(Votez pour le plus beau chien de la cte d, , Opale )_jouer")): Object: 'Object Repository/Page_Concours photo  votez pour la plus bel_494087/input_concat(Votez pour le plus beau chien de la cte d, , Opale )_jouer' is clicked on

2022-07-19 16:43:13 - [MESSAGE][PASSED] - Object: 'Object Repository/Page_Concours photo  votez pour la plus bel_494087/input_concat(Votez pour le plus beau chien de la cte d, , Opale )_jouer' is clicked on

2022-07-19 16:43:13 - [TEST_STEP][PASSED] - if (verifyElementPresent(findTestObject("Page_Concours photo  votez pour la plus bel_494087/input_concat(Votez pour le plus beau chien de la cte d, , Opale )_jouer"), 1, OPTIONAL)): null

2022-07-19 16:43:15 - [MESSAGE][PASSED] - Object 'Object Repository/Page_Concours photo  votez pour la plus bel_494087/input_concat(Votez pour le plus beau chien de la cte d, , Opale )_jouer' is present

2022-07-19 16:43:15 - [TEST_STEP][PASSED] - click(findTestObject("Object Repository/Page_Concours photo  votez pour la plus bel_494087/input_concat(Votez pour le plus beau chien de la cte d, , Opale )_jouer")): Object: 'Object Repository/Page_Concours photo  votez pour la plus bel_494087/input_concat(Votez pour le plus beau chien de la cte d, , Opale )_jouer' is clicked on

2022-07-19 16:43:15 - [MESSAGE][PASSED] - Object: 'Object Repository/Page_Concours photo  votez pour la plus bel_494087/input_concat(Votez pour le plus beau chien de la cte d, , Opale )_jouer' is clicked on

2022-07-19 16:43:15 - [TEST_STEP][PASSED] - delay(1): Delayed 1 second(s)

2022-07-19 16:43:16 - [MESSAGE][PASSED] - Delayed 1 second(s)

2022-07-19 16:43:16 - [TEST_STEP][PASSED] - setText(findTestObject("Object Repository/Page_Concours photo  votez pour la plus bel_494087/input_trie par_keyword"), "Gaspard"): Text 'Gaspard' is set on object 'Object Repository/Page_Concours photo  votez pour la plus bel_494087/input_trie par_keyword'

2022-07-19 16:43:19 - [MESSAGE][PASSED] - Text 'Gaspard' is set on object 'Object Repository/Page_Concours photo  votez pour la plus bel_494087/input_trie par_keyword'

2022-07-19 16:43:19 - [TEST_STEP][PASSED] - sendKeys(findTestObject("Page_Concours photo  votez pour la plus bel_494087/input_trie par_keyword"), Keys.chord(ENTER)): Keys 'ENTER + ' sent to object: 'Object Repository/Page_Concours photo  votez pour la plus bel_494087/input_trie par_keyword'

2022-07-19 16:43:20 - [MESSAGE][PASSED] - Keys 'ENTER + ' sent to object: 'Object Repository/Page_Concours photo  votez pour la plus bel_494087/input_trie par_keyword'

2022-07-19 16:43:20 - [TEST_STEP][PASSED] - click(findTestObject("Page_Concours photo  votez pour la plus bel_494087/tri")): Object: 'Object Repository/Page_Concours photo  votez pour la plus bel_494087/tri' is clicked on

2022-07-19 16:43:21 - [MESSAGE][PASSED] - Object: 'Object Repository/Page_Concours photo  votez pour la plus bel_494087/tri' is clicked on

2022-07-19 16:43:21 - [TEST_STEP][PASSED] - click(findTestObject("Page_Concours photo  votez pour la plus bel_494087/plus de votes")): Object: 'Object Repository/Page_Concours photo  votez pour la plus bel_494087/plus de votes' is clicked on

2022-07-19 16:43:21 - [MESSAGE][PASSED] - Object: 'Object Repository/Page_Concours photo  votez pour la plus bel_494087/plus de votes' is clicked on

2022-07-19 16:43:23 - [TEST_STEP][PASSED] - click(findTestObject("Object Repository/Page_Concours photo  votez pour la plus bel_494087/i_Votes_fa fa-heart")): Object: 'Object Repository/Page_Concours photo  votez pour la plus bel_494087/i_Votes_fa fa-heart' is clicked on

2022-07-19 16:43:24 - [MESSAGE][PASSED] - Object: 'Object Repository/Page_Concours photo  votez pour la plus bel_494087/i_Votes_fa fa-heart' is clicked on

2022-07-19 16:43:24 - [TEST_STEP][PASSED] - delay(1): Delayed 1 second(s)

2022-07-19 16:43:25 - [MESSAGE][PASSED] - Delayed 1 second(s)

2022-07-19 16:43:25 - [TEST_STEP][PASSED] - closeBrowser(): Browser is closed

2022-07-19 16:43:25 - [MESSAGE][PASSED] - Browser is closed]]></system-out>
         <system-err><![CDATA[]]></system-err>
      </testcase>
      <testcase name="Test Cases/Vote" time="23.701" classname="Test Cases/Vote" status="PASSED">
         <system-out><![CDATA[2022-07-19 16:43:25 - [TEST_CASE][PASSED] - Test Cases/Vote: Test Cases/Vote

2022-07-19 16:43:25 - [TEST_STEP][PASSED] - openBrowser(""): Browser is opened with url: ''

2022-07-19 16:43:25 - [MESSAGE][INFO] - Starting 'Chrome' driver

2022-07-19 16:43:25 - [MESSAGE][INFO] - Action delay is set to 0 milliseconds

2022-07-19 16:43:26 - [MESSAGE][PASSED] - Browser is opened with url: ''

2022-07-19 16:43:26 - [TEST_STEP][PASSED] - navigateToUrl("https://lesechosdutouquet.nordlittoral.fr/147787/article/2022-06-30/concours-photo-montrez-nous-la-plus-belle-photo-de-votre-chien-en-promenade-sur#l5lb6r47qsmp9ur58y"): Navigate to 'https://lesechosdutouquet.nordlittoral.fr/147787/article/2022-06-30/concours-photo-montrez-nous-la-plus-belle-photo-de-votre-chien-en-promenade-sur#l5lb6r47qsmp9ur58y' successfully

2022-07-19 16:43:29 - [MESSAGE][PASSED] - Navigate to 'https://lesechosdutouquet.nordlittoral.fr/147787/article/2022-06-30/concours-photo-montrez-nous-la-plus-belle-photo-de-votre-chien-en-promenade-sur#l5lb6r47qsmp9ur58y' successfully

2022-07-19 16:43:29 - [TEST_STEP][PASSED] - setViewPortSize(1920, 1080): Viewport is set to new size with width = 1920 and height = 1080

2022-07-19 16:43:29 - [MESSAGE][PASSED] - Viewport is set to new size with width = 1920 and height = 1080

2022-07-19 16:43:29 - [TEST_STEP][PASSED] - click(findTestObject("Object Repository/Page_Concours photo  votez pour la plus bel_494087/button_Accepter  Fermer")): Object: 'Object Repository/Page_Concours photo  votez pour la plus bel_494087/button_Accepter  Fermer' is clicked on

2022-07-19 16:43:30 - [MESSAGE][PASSED] - Object: 'Object Repository/Page_Concours photo  votez pour la plus bel_494087/button_Accepter  Fermer' is clicked on

2022-07-19 16:43:30 - [TEST_STEP][PASSED] - waitForElementVisible(findTestObject("Object Repository/Page_Concours photo  votez pour la plus bel_494087/a_X"), 15): Object 'Object Repository/Page_Concours photo  votez pour la plus bel_494087/a_X' is visible

2022-07-19 16:43:37 - [MESSAGE][PASSED] - Object 'Object Repository/Page_Concours photo  votez pour la plus bel_494087/a_X' is visible

2022-07-19 16:43:37 - [TEST_STEP][PASSED] - click(findTestObject("Object Repository/Page_Concours photo  votez pour la plus bel_494087/a_X")): Object: 'Object Repository/Page_Concours photo  votez pour la plus bel_494087/a_X' is clicked on

2022-07-19 16:43:37 - [MESSAGE][PASSED] - Object: 'Object Repository/Page_Concours photo  votez pour la plus bel_494087/a_X' is clicked on

2022-07-19 16:43:37 - [TEST_STEP][PASSED] - delay(1): Delayed 1 second(s)

2022-07-19 16:43:38 - [MESSAGE][PASSED] - Delayed 1 second(s)

2022-07-19 16:43:38 - [TEST_STEP][PASSED] - click(findTestObject("Object Repository/Page_Concours photo  votez pour la plus bel_494087/input_concat(Votez pour le plus beau chien de la cte d, , Opale )_jouer")): Object: 'Object Repository/Page_Concours photo  votez pour la plus bel_494087/input_concat(Votez pour le plus beau chien de la cte d, , Opale )_jouer' is clicked on

2022-07-19 16:43:39 - [MESSAGE][PASSED] - Object: 'Object Repository/Page_Concours photo  votez pour la plus bel_494087/input_concat(Votez pour le plus beau chien de la cte d, , Opale )_jouer' is clicked on

2022-07-19 16:43:39 - [TEST_STEP][PASSED] - if (verifyElementPresent(findTestObject("Page_Concours photo  votez pour la plus bel_494087/input_concat(Votez pour le plus beau chien de la cte d, , Opale )_jouer"), 1, OPTIONAL)): null

2022-07-19 16:43:40 - [MESSAGE][PASSED] - Object 'Object Repository/Page_Concours photo  votez pour la plus bel_494087/input_concat(Votez pour le plus beau chien de la cte d, , Opale )_jouer' is present

2022-07-19 16:43:40 - [TEST_STEP][PASSED] - click(findTestObject("Object Repository/Page_Concours photo  votez pour la plus bel_494087/input_concat(Votez pour le plus beau chien de la cte d, , Opale )_jouer")): Object: 'Object Repository/Page_Concours photo  votez pour la plus bel_494087/input_concat(Votez pour le plus beau chien de la cte d, , Opale )_jouer' is clicked on

2022-07-19 16:43:41 - [MESSAGE][PASSED] - Object: 'Object Repository/Page_Concours photo  votez pour la plus bel_494087/input_concat(Votez pour le plus beau chien de la cte d, , Opale )_jouer' is clicked on

2022-07-19 16:43:41 - [TEST_STEP][PASSED] - delay(1): Delayed 1 second(s)

2022-07-19 16:43:42 - [MESSAGE][PASSED] - Delayed 1 second(s)

2022-07-19 16:43:42 - [TEST_STEP][PASSED] - setText(findTestObject("Object Repository/Page_Concours photo  votez pour la plus bel_494087/input_trie par_keyword"), "Gaspard"): Text 'Gaspard' is set on object 'Object Repository/Page_Concours photo  votez pour la plus bel_494087/input_trie par_keyword'

2022-07-19 16:43:43 - [MESSAGE][PASSED] - Text 'Gaspard' is set on object 'Object Repository/Page_Concours photo  votez pour la plus bel_494087/input_trie par_keyword'

2022-07-19 16:43:43 - [TEST_STEP][PASSED] - sendKeys(findTestObject("Page_Concours photo  votez pour la plus bel_494087/input_trie par_keyword"), Keys.chord(ENTER)): Keys 'ENTER + ' sent to object: 'Object Repository/Page_Concours photo  votez pour la plus bel_494087/input_trie par_keyword'

2022-07-19 16:43:44 - [MESSAGE][PASSED] - Keys 'ENTER + ' sent to object: 'Object Repository/Page_Concours photo  votez pour la plus bel_494087/input_trie par_keyword'

2022-07-19 16:43:45 - [TEST_STEP][PASSED] - click(findTestObject("Page_Concours photo  votez pour la plus bel_494087/tri")): Object: 'Object Repository/Page_Concours photo  votez pour la plus bel_494087/tri' is clicked on

2022-07-19 16:43:45 - [MESSAGE][PASSED] - Object: 'Object Repository/Page_Concours photo  votez pour la plus bel_494087/tri' is clicked on

2022-07-19 16:43:45 - [TEST_STEP][PASSED] - click(findTestObject("Page_Concours photo  votez pour la plus bel_494087/plus de votes")): Object: 'Object Repository/Page_Concours photo  votez pour la plus bel_494087/plus de votes' is clicked on

2022-07-19 16:43:45 - [MESSAGE][PASSED] - Object: 'Object Repository/Page_Concours photo  votez pour la plus bel_494087/plus de votes' is clicked on

2022-07-19 16:43:47 - [TEST_STEP][PASSED] - click(findTestObject("Object Repository/Page_Concours photo  votez pour la plus bel_494087/i_Votes_fa fa-heart")): Object: 'Object Repository/Page_Concours photo  votez pour la plus bel_494087/i_Votes_fa fa-heart' is clicked on

2022-07-19 16:43:47 - [MESSAGE][PASSED] - Object: 'Object Repository/Page_Concours photo  votez pour la plus bel_494087/i_Votes_fa fa-heart' is clicked on

2022-07-19 16:43:47 - [TEST_STEP][PASSED] - delay(1): Delayed 1 second(s)

2022-07-19 16:43:48 - [MESSAGE][PASSED] - Delayed 1 second(s)

2022-07-19 16:43:48 - [TEST_STEP][PASSED] - closeBrowser(): Browser is closed

2022-07-19 16:43:49 - [MESSAGE][PASSED] - Browser is closed]]></system-out>
         <system-err><![CDATA[]]></system-err>
      </testcase>
      <testcase name="Test Cases/Vote" time="30.289" classname="Test Cases/Vote" status="PASSED">
         <system-out><![CDATA[2022-07-19 16:43:49 - [TEST_CASE][PASSED] - Test Cases/Vote: Test Cases/Vote

2022-07-19 16:43:49 - [TEST_STEP][PASSED] - openBrowser(""): Browser is opened with url: ''

2022-07-19 16:43:49 - [MESSAGE][INFO] - Starting 'Chrome' driver

2022-07-19 16:43:49 - [MESSAGE][INFO] - Action delay is set to 0 milliseconds

2022-07-19 16:43:50 - [MESSAGE][PASSED] - Browser is opened with url: ''

2022-07-19 16:43:50 - [TEST_STEP][PASSED] - navigateToUrl("https://lesechosdutouquet.nordlittoral.fr/147787/article/2022-06-30/concours-photo-montrez-nous-la-plus-belle-photo-de-votre-chien-en-promenade-sur#l5lb6r47qsmp9ur58y"): Navigate to 'https://lesechosdutouquet.nordlittoral.fr/147787/article/2022-06-30/concours-photo-montrez-nous-la-plus-belle-photo-de-votre-chien-en-promenade-sur#l5lb6r47qsmp9ur58y' successfully

2022-07-19 16:43:57 - [MESSAGE][PASSED] - Navigate to 'https://lesechosdutouquet.nordlittoral.fr/147787/article/2022-06-30/concours-photo-montrez-nous-la-plus-belle-photo-de-votre-chien-en-promenade-sur#l5lb6r47qsmp9ur58y' successfully

2022-07-19 16:43:57 - [TEST_STEP][PASSED] - setViewPortSize(1920, 1080): Viewport is set to new size with width = 1920 and height = 1080

2022-07-19 16:43:57 - [MESSAGE][PASSED] - Viewport is set to new size with width = 1920 and height = 1080

2022-07-19 16:43:57 - [TEST_STEP][PASSED] - click(findTestObject("Object Repository/Page_Concours photo  votez pour la plus bel_494087/button_Accepter  Fermer")): Object: 'Object Repository/Page_Concours photo  votez pour la plus bel_494087/button_Accepter  Fermer' is clicked on

2022-07-19 16:43:58 - [MESSAGE][PASSED] - Object: 'Object Repository/Page_Concours photo  votez pour la plus bel_494087/button_Accepter  Fermer' is clicked on

2022-07-19 16:43:58 - [TEST_STEP][PASSED] - waitForElementVisible(findTestObject("Object Repository/Page_Concours photo  votez pour la plus bel_494087/a_X"), 15): Object 'Object Repository/Page_Concours photo  votez pour la plus bel_494087/a_X' is visible

2022-07-19 16:44:05 - [MESSAGE][PASSED] - Object 'Object Repository/Page_Concours photo  votez pour la plus bel_494087/a_X' is visible

2022-07-19 16:44:05 - [TEST_STEP][PASSED] - click(findTestObject("Object Repository/Page_Concours photo  votez pour la plus bel_494087/a_X")): Object: 'Object Repository/Page_Concours photo  votez pour la plus bel_494087/a_X' is clicked on

2022-07-19 16:44:06 - [MESSAGE][PASSED] - Object: 'Object Repository/Page_Concours photo  votez pour la plus bel_494087/a_X' is clicked on

2022-07-19 16:44:06 - [TEST_STEP][PASSED] - delay(1): Delayed 1 second(s)

2022-07-19 16:44:07 - [MESSAGE][PASSED] - Delayed 1 second(s)

2022-07-19 16:44:07 - [TEST_STEP][PASSED] - click(findTestObject("Object Repository/Page_Concours photo  votez pour la plus bel_494087/input_concat(Votez pour le plus beau chien de la cte d, , Opale )_jouer")): Object: 'Object Repository/Page_Concours photo  votez pour la plus bel_494087/input_concat(Votez pour le plus beau chien de la cte d, , Opale )_jouer' is clicked on

2022-07-19 16:44:08 - [MESSAGE][PASSED] - Object: 'Object Repository/Page_Concours photo  votez pour la plus bel_494087/input_concat(Votez pour le plus beau chien de la cte d, , Opale )_jouer' is clicked on

2022-07-19 16:44:08 - [TEST_STEP][PASSED] - if (verifyElementPresent(findTestObject("Page_Concours photo  votez pour la plus bel_494087/input_concat(Votez pour le plus beau chien de la cte d, , Opale )_jouer"), 1, OPTIONAL)): null

2022-07-19 16:44:09 - [MESSAGE][PASSED] - Object 'Object Repository/Page_Concours photo  votez pour la plus bel_494087/input_concat(Votez pour le plus beau chien de la cte d, , Opale )_jouer' is present

2022-07-19 16:44:09 - [TEST_STEP][PASSED] - click(findTestObject("Object Repository/Page_Concours photo  votez pour la plus bel_494087/input_concat(Votez pour le plus beau chien de la cte d, , Opale )_jouer")): Object: 'Object Repository/Page_Concours photo  votez pour la plus bel_494087/input_concat(Votez pour le plus beau chien de la cte d, , Opale )_jouer' is clicked on

2022-07-19 16:44:10 - [MESSAGE][PASSED] - Object: 'Object Repository/Page_Concours photo  votez pour la plus bel_494087/input_concat(Votez pour le plus beau chien de la cte d, , Opale )_jouer' is clicked on

2022-07-19 16:44:10 - [TEST_STEP][PASSED] - delay(1): Delayed 1 second(s)

2022-07-19 16:44:11 - [MESSAGE][PASSED] - Delayed 1 second(s)

2022-07-19 16:44:11 - [TEST_STEP][PASSED] - setText(findTestObject("Object Repository/Page_Concours photo  votez pour la plus bel_494087/input_trie par_keyword"), "Gaspard"): Text 'Gaspard' is set on object 'Object Repository/Page_Concours photo  votez pour la plus bel_494087/input_trie par_keyword'

2022-07-19 16:44:13 - [MESSAGE][PASSED] - Text 'Gaspard' is set on object 'Object Repository/Page_Concours photo  votez pour la plus bel_494087/input_trie par_keyword'

2022-07-19 16:44:13 - [TEST_STEP][PASSED] - sendKeys(findTestObject("Page_Concours photo  votez pour la plus bel_494087/input_trie par_keyword"), Keys.chord(ENTER)): Keys 'ENTER + ' sent to object: 'Object Repository/Page_Concours photo  votez pour la plus bel_494087/input_trie par_keyword'

2022-07-19 16:44:14 - [MESSAGE][PASSED] - Keys 'ENTER + ' sent to object: 'Object Repository/Page_Concours photo  votez pour la plus bel_494087/input_trie par_keyword'

2022-07-19 16:44:14 - [TEST_STEP][PASSED] - click(findTestObject("Page_Concours photo  votez pour la plus bel_494087/tri")): Object: 'Object Repository/Page_Concours photo  votez pour la plus bel_494087/tri' is clicked on

2022-07-19 16:44:15 - [MESSAGE][PASSED] - Object: 'Object Repository/Page_Concours photo  votez pour la plus bel_494087/tri' is clicked on

2022-07-19 16:44:15 - [TEST_STEP][PASSED] - click(findTestObject("Page_Concours photo  votez pour la plus bel_494087/plus de votes")): Object: 'Object Repository/Page_Concours photo  votez pour la plus bel_494087/plus de votes' is clicked on

2022-07-19 16:44:15 - [MESSAGE][PASSED] - Object: 'Object Repository/Page_Concours photo  votez pour la plus bel_494087/plus de votes' is clicked on

2022-07-19 16:44:17 - [TEST_STEP][PASSED] - click(findTestObject("Object Repository/Page_Concours photo  votez pour la plus bel_494087/i_Votes_fa fa-heart")): Object: 'Object Repository/Page_Concours photo  votez pour la plus bel_494087/i_Votes_fa fa-heart' is clicked on

2022-07-19 16:44:18 - [MESSAGE][PASSED] - Object: 'Object Repository/Page_Concours photo  votez pour la plus bel_494087/i_Votes_fa fa-heart' is clicked on

2022-07-19 16:44:18 - [TEST_STEP][PASSED] - delay(1): Delayed 1 second(s)

2022-07-19 16:44:19 - [MESSAGE][PASSED] - Delayed 1 second(s)

2022-07-19 16:44:19 - [TEST_STEP][PASSED] - closeBrowser(): Browser is closed

2022-07-19 16:44:19 - [MESSAGE][PASSED] - Browser is closed]]></system-out>
         <system-err><![CDATA[]]></system-err>
      </testcase>
      <testcase name="Test Cases/Vote" time="25.734" classname="Test Cases/Vote" status="PASSED">
         <system-out><![CDATA[2022-07-19 16:44:19 - [TEST_CASE][PASSED] - Test Cases/Vote: Test Cases/Vote

2022-07-19 16:44:19 - [TEST_STEP][PASSED] - openBrowser(""): Browser is opened with url: ''

2022-07-19 16:44:19 - [MESSAGE][INFO] - Starting 'Chrome' driver

2022-07-19 16:44:19 - [MESSAGE][INFO] - Action delay is set to 0 milliseconds

2022-07-19 16:44:20 - [MESSAGE][PASSED] - Browser is opened with url: ''

2022-07-19 16:44:20 - [TEST_STEP][PASSED] - navigateToUrl("https://lesechosdutouquet.nordlittoral.fr/147787/article/2022-06-30/concours-photo-montrez-nous-la-plus-belle-photo-de-votre-chien-en-promenade-sur#l5lb6r47qsmp9ur58y"): Navigate to 'https://lesechosdutouquet.nordlittoral.fr/147787/article/2022-06-30/concours-photo-montrez-nous-la-plus-belle-photo-de-votre-chien-en-promenade-sur#l5lb6r47qsmp9ur58y' successfully

2022-07-19 16:44:24 - [MESSAGE][PASSED] - Navigate to 'https://lesechosdutouquet.nordlittoral.fr/147787/article/2022-06-30/concours-photo-montrez-nous-la-plus-belle-photo-de-votre-chien-en-promenade-sur#l5lb6r47qsmp9ur58y' successfully

2022-07-19 16:44:24 - [TEST_STEP][PASSED] - setViewPortSize(1920, 1080): Viewport is set to new size with width = 1920 and height = 1080

2022-07-19 16:44:24 - [MESSAGE][PASSED] - Viewport is set to new size with width = 1920 and height = 1080

2022-07-19 16:44:24 - [TEST_STEP][PASSED] - click(findTestObject("Object Repository/Page_Concours photo  votez pour la plus bel_494087/button_Accepter  Fermer")): Object: 'Object Repository/Page_Concours photo  votez pour la plus bel_494087/button_Accepter  Fermer' is clicked on

2022-07-19 16:44:25 - [MESSAGE][PASSED] - Object: 'Object Repository/Page_Concours photo  votez pour la plus bel_494087/button_Accepter  Fermer' is clicked on

2022-07-19 16:44:25 - [TEST_STEP][PASSED] - waitForElementVisible(findTestObject("Object Repository/Page_Concours photo  votez pour la plus bel_494087/a_X"), 15): Object 'Object Repository/Page_Concours photo  votez pour la plus bel_494087/a_X' is visible

2022-07-19 16:44:32 - [MESSAGE][PASSED] - Object 'Object Repository/Page_Concours photo  votez pour la plus bel_494087/a_X' is visible

2022-07-19 16:44:32 - [TEST_STEP][PASSED] - click(findTestObject("Object Repository/Page_Concours photo  votez pour la plus bel_494087/a_X")): Object: 'Object Repository/Page_Concours photo  votez pour la plus bel_494087/a_X' is clicked on

2022-07-19 16:44:33 - [MESSAGE][PASSED] - Object: 'Object Repository/Page_Concours photo  votez pour la plus bel_494087/a_X' is clicked on

2022-07-19 16:44:33 - [TEST_STEP][PASSED] - delay(1): Delayed 1 second(s)

2022-07-19 16:44:34 - [MESSAGE][PASSED] - Delayed 1 second(s)

2022-07-19 16:44:34 - [TEST_STEP][PASSED] - click(findTestObject("Object Repository/Page_Concours photo  votez pour la plus bel_494087/input_concat(Votez pour le plus beau chien de la cte d, , Opale )_jouer")): Object: 'Object Repository/Page_Concours photo  votez pour la plus bel_494087/input_concat(Votez pour le plus beau chien de la cte d, , Opale )_jouer' is clicked on

2022-07-19 16:44:34 - [MESSAGE][PASSED] - Object: 'Object Repository/Page_Concours photo  votez pour la plus bel_494087/input_concat(Votez pour le plus beau chien de la cte d, , Opale )_jouer' is clicked on

2022-07-19 16:44:35 - [TEST_STEP][PASSED] - if (verifyElementPresent(findTestObject("Page_Concours photo  votez pour la plus bel_494087/input_concat(Votez pour le plus beau chien de la cte d, , Opale )_jouer"), 1, OPTIONAL)): null

2022-07-19 16:44:36 - [MESSAGE][PASSED] - Object 'Object Repository/Page_Concours photo  votez pour la plus bel_494087/input_concat(Votez pour le plus beau chien de la cte d, , Opale )_jouer' is present

2022-07-19 16:44:36 - [TEST_STEP][PASSED] - click(findTestObject("Object Repository/Page_Concours photo  votez pour la plus bel_494087/input_concat(Votez pour le plus beau chien de la cte d, , Opale )_jouer")): Object: 'Object Repository/Page_Concours photo  votez pour la plus bel_494087/input_concat(Votez pour le plus beau chien de la cte d, , Opale )_jouer' is clicked on

2022-07-19 16:44:36 - [MESSAGE][PASSED] - Object: 'Object Repository/Page_Concours photo  votez pour la plus bel_494087/input_concat(Votez pour le plus beau chien de la cte d, , Opale )_jouer' is clicked on

2022-07-19 16:44:36 - [TEST_STEP][PASSED] - delay(1): Delayed 1 second(s)

2022-07-19 16:44:37 - [MESSAGE][PASSED] - Delayed 1 second(s)

2022-07-19 16:44:37 - [TEST_STEP][PASSED] - setText(findTestObject("Object Repository/Page_Concours photo  votez pour la plus bel_494087/input_trie par_keyword"), "Gaspard"): Text 'Gaspard' is set on object 'Object Repository/Page_Concours photo  votez pour la plus bel_494087/input_trie par_keyword'

2022-07-19 16:44:38 - [MESSAGE][PASSED] - Text 'Gaspard' is set on object 'Object Repository/Page_Concours photo  votez pour la plus bel_494087/input_trie par_keyword'

2022-07-19 16:44:38 - [TEST_STEP][PASSED] - sendKeys(findTestObject("Page_Concours photo  votez pour la plus bel_494087/input_trie par_keyword"), Keys.chord(ENTER)): Keys 'ENTER + ' sent to object: 'Object Repository/Page_Concours photo  votez pour la plus bel_494087/input_trie par_keyword'

2022-07-19 16:44:40 - [MESSAGE][PASSED] - Keys 'ENTER + ' sent to object: 'Object Repository/Page_Concours photo  votez pour la plus bel_494087/input_trie par_keyword'

2022-07-19 16:44:40 - [TEST_STEP][PASSED] - click(findTestObject("Page_Concours photo  votez pour la plus bel_494087/tri")): Object: 'Object Repository/Page_Concours photo  votez pour la plus bel_494087/tri' is clicked on

2022-07-19 16:44:40 - [MESSAGE][PASSED] - Object: 'Object Repository/Page_Concours photo  votez pour la plus bel_494087/tri' is clicked on

2022-07-19 16:44:40 - [TEST_STEP][PASSED] - click(findTestObject("Page_Concours photo  votez pour la plus bel_494087/plus de votes")): Object: 'Object Repository/Page_Concours photo  votez pour la plus bel_494087/plus de votes' is clicked on

2022-07-19 16:44:41 - [MESSAGE][PASSED] - Object: 'Object Repository/Page_Concours photo  votez pour la plus bel_494087/plus de votes' is clicked on

2022-07-19 16:44:43 - [TEST_STEP][PASSED] - click(findTestObject("Object Repository/Page_Concours photo  votez pour la plus bel_494087/i_Votes_fa fa-heart")): Object: 'Object Repository/Page_Concours photo  votez pour la plus bel_494087/i_Votes_fa fa-heart' is clicked on

2022-07-19 16:44:43 - [MESSAGE][PASSED] - Object: 'Object Repository/Page_Concours photo  votez pour la plus bel_494087/i_Votes_fa fa-heart' is clicked on

2022-07-19 16:44:43 - [TEST_STEP][PASSED] - delay(1): Delayed 1 second(s)

2022-07-19 16:44:44 - [MESSAGE][PASSED] - Delayed 1 second(s)

2022-07-19 16:44:44 - [TEST_STEP][PASSED] - closeBrowser(): Browser is closed

2022-07-19 16:44:45 - [MESSAGE][PASSED] - Browser is closed]]></system-out>
         <system-err><![CDATA[]]></system-err>
      </testcase>
      <testcase name="Test Cases/Vote" time="28.556" classname="Test Cases/Vote" status="PASSED">
         <system-out><![CDATA[2022-07-19 16:44:45 - [TEST_CASE][PASSED] - Test Cases/Vote: Test Cases/Vote

2022-07-19 16:44:45 - [TEST_STEP][PASSED] - openBrowser(""): Browser is opened with url: ''

2022-07-19 16:44:45 - [MESSAGE][INFO] - Starting 'Chrome' driver

2022-07-19 16:44:45 - [MESSAGE][INFO] - Action delay is set to 0 milliseconds

2022-07-19 16:44:46 - [MESSAGE][PASSED] - Browser is opened with url: ''

2022-07-19 16:44:46 - [TEST_STEP][PASSED] - navigateToUrl("https://lesechosdutouquet.nordlittoral.fr/147787/article/2022-06-30/concours-photo-montrez-nous-la-plus-belle-photo-de-votre-chien-en-promenade-sur#l5lb6r47qsmp9ur58y"): Navigate to 'https://lesechosdutouquet.nordlittoral.fr/147787/article/2022-06-30/concours-photo-montrez-nous-la-plus-belle-photo-de-votre-chien-en-promenade-sur#l5lb6r47qsmp9ur58y' successfully

2022-07-19 16:44:50 - [MESSAGE][PASSED] - Navigate to 'https://lesechosdutouquet.nordlittoral.fr/147787/article/2022-06-30/concours-photo-montrez-nous-la-plus-belle-photo-de-votre-chien-en-promenade-sur#l5lb6r47qsmp9ur58y' successfully

2022-07-19 16:44:50 - [TEST_STEP][PASSED] - setViewPortSize(1920, 1080): Viewport is set to new size with width = 1920 and height = 1080

2022-07-19 16:44:50 - [MESSAGE][PASSED] - Viewport is set to new size with width = 1920 and height = 1080

2022-07-19 16:44:50 - [TEST_STEP][PASSED] - click(findTestObject("Object Repository/Page_Concours photo  votez pour la plus bel_494087/button_Accepter  Fermer")): Object: 'Object Repository/Page_Concours photo  votez pour la plus bel_494087/button_Accepter  Fermer' is clicked on

2022-07-19 16:44:51 - [MESSAGE][PASSED] - Object: 'Object Repository/Page_Concours photo  votez pour la plus bel_494087/button_Accepter  Fermer' is clicked on

2022-07-19 16:44:51 - [TEST_STEP][PASSED] - waitForElementVisible(findTestObject("Object Repository/Page_Concours photo  votez pour la plus bel_494087/a_X"), 15): Object 'Object Repository/Page_Concours photo  votez pour la plus bel_494087/a_X' is visible

2022-07-19 16:44:58 - [MESSAGE][PASSED] - Object 'Object Repository/Page_Concours photo  votez pour la plus bel_494087/a_X' is visible

2022-07-19 16:44:58 - [TEST_STEP][PASSED] - click(findTestObject("Object Repository/Page_Concours photo  votez pour la plus bel_494087/a_X")): Object: 'Object Repository/Page_Concours photo  votez pour la plus bel_494087/a_X' is clicked on

2022-07-19 16:44:58 - [MESSAGE][PASSED] - Object: 'Object Repository/Page_Concours photo  votez pour la plus bel_494087/a_X' is clicked on

2022-07-19 16:44:58 - [TEST_STEP][PASSED] - delay(1): Delayed 1 second(s)

2022-07-19 16:44:59 - [MESSAGE][PASSED] - Delayed 1 second(s)

2022-07-19 16:44:59 - [TEST_STEP][PASSED] - click(findTestObject("Object Repository/Page_Concours photo  votez pour la plus bel_494087/input_concat(Votez pour le plus beau chien de la cte d, , Opale )_jouer")): Object: 'Object Repository/Page_Concours photo  votez pour la plus bel_494087/input_concat(Votez pour le plus beau chien de la cte d, , Opale )_jouer' is clicked on

2022-07-19 16:45:00 - [MESSAGE][PASSED] - Object: 'Object Repository/Page_Concours photo  votez pour la plus bel_494087/input_concat(Votez pour le plus beau chien de la cte d, , Opale )_jouer' is clicked on

2022-07-19 16:45:00 - [TEST_STEP][PASSED] - if (verifyElementPresent(findTestObject("Page_Concours photo  votez pour la plus bel_494087/input_concat(Votez pour le plus beau chien de la cte d, , Opale )_jouer"), 1, OPTIONAL)): null

2022-07-19 16:45:01 - [MESSAGE][PASSED] - Object 'Object Repository/Page_Concours photo  votez pour la plus bel_494087/input_concat(Votez pour le plus beau chien de la cte d, , Opale )_jouer' is present

2022-07-19 16:45:01 - [TEST_STEP][PASSED] - click(findTestObject("Object Repository/Page_Concours photo  votez pour la plus bel_494087/input_concat(Votez pour le plus beau chien de la cte d, , Opale )_jouer")): Object: 'Object Repository/Page_Concours photo  votez pour la plus bel_494087/input_concat(Votez pour le plus beau chien de la cte d, , Opale )_jouer' is clicked on

2022-07-19 16:45:02 - [MESSAGE][PASSED] - Object: 'Object Repository/Page_Concours photo  votez pour la plus bel_494087/input_concat(Votez pour le plus beau chien de la cte d, , Opale )_jouer' is clicked on

2022-07-19 16:45:02 - [TEST_STEP][PASSED] - delay(1): Delayed 1 second(s)

2022-07-19 16:45:03 - [MESSAGE][PASSED] - Delayed 1 second(s)

2022-07-19 16:45:03 - [TEST_STEP][PASSED] - setText(findTestObject("Object Repository/Page_Concours photo  votez pour la plus bel_494087/input_trie par_keyword"), "Gaspard"): Text 'Gaspard' is set on object 'Object Repository/Page_Concours photo  votez pour la plus bel_494087/input_trie par_keyword'

2022-07-19 16:45:07 - [MESSAGE][PASSED] - Text 'Gaspard' is set on object 'Object Repository/Page_Concours photo  votez pour la plus bel_494087/input_trie par_keyword'

2022-07-19 16:45:07 - [TEST_STEP][PASSED] - sendKeys(findTestObject("Page_Concours photo  votez pour la plus bel_494087/input_trie par_keyword"), Keys.chord(ENTER)): Keys 'ENTER + ' sent to object: 'Object Repository/Page_Concours photo  votez pour la plus bel_494087/input_trie par_keyword'

2022-07-19 16:45:08 - [MESSAGE][PASSED] - Keys 'ENTER + ' sent to object: 'Object Repository/Page_Concours photo  votez pour la plus bel_494087/input_trie par_keyword'

2022-07-19 16:45:08 - [TEST_STEP][PASSED] - click(findTestObject("Page_Concours photo  votez pour la plus bel_494087/tri")): Object: 'Object Repository/Page_Concours photo  votez pour la plus bel_494087/tri' is clicked on

2022-07-19 16:45:09 - [MESSAGE][PASSED] - Object: 'Object Repository/Page_Concours photo  votez pour la plus bel_494087/tri' is clicked on

2022-07-19 16:45:09 - [TEST_STEP][PASSED] - click(findTestObject("Page_Concours photo  votez pour la plus bel_494087/plus de votes")): Object: 'Object Repository/Page_Concours photo  votez pour la plus bel_494087/plus de votes' is clicked on

2022-07-19 16:45:10 - [MESSAGE][PASSED] - Object: 'Object Repository/Page_Concours photo  votez pour la plus bel_494087/plus de votes' is clicked on

2022-07-19 16:45:11 - [TEST_STEP][PASSED] - click(findTestObject("Object Repository/Page_Concours photo  votez pour la plus bel_494087/i_Votes_fa fa-heart")): Object: 'Object Repository/Page_Concours photo  votez pour la plus bel_494087/i_Votes_fa fa-heart' is clicked on

2022-07-19 16:45:12 - [MESSAGE][PASSED] - Object: 'Object Repository/Page_Concours photo  votez pour la plus bel_494087/i_Votes_fa fa-heart' is clicked on

2022-07-19 16:45:12 - [TEST_STEP][PASSED] - delay(1): Delayed 1 second(s)

2022-07-19 16:45:13 - [MESSAGE][PASSED] - Delayed 1 second(s)

2022-07-19 16:45:13 - [TEST_STEP][PASSED] - closeBrowser(): Browser is closed

2022-07-19 16:45:13 - [MESSAGE][PASSED] - Browser is closed]]></system-out>
         <system-err><![CDATA[]]></system-err>
      </testcase>
      <testcase name="Test Cases/Vote" time="24.01" classname="Test Cases/Vote" status="PASSED">
         <system-out><![CDATA[2022-07-19 16:45:13 - [TEST_CASE][PASSED] - Test Cases/Vote: Test Cases/Vote

2022-07-19 16:45:13 - [TEST_STEP][PASSED] - openBrowser(""): Browser is opened with url: ''

2022-07-19 16:45:13 - [MESSAGE][INFO] - Starting 'Chrome' driver

2022-07-19 16:45:13 - [MESSAGE][INFO] - Action delay is set to 0 milliseconds

2022-07-19 16:45:14 - [MESSAGE][PASSED] - Browser is opened with url: ''

2022-07-19 16:45:14 - [TEST_STEP][PASSED] - navigateToUrl("https://lesechosdutouquet.nordlittoral.fr/147787/article/2022-06-30/concours-photo-montrez-nous-la-plus-belle-photo-de-votre-chien-en-promenade-sur#l5lb6r47qsmp9ur58y"): Navigate to 'https://lesechosdutouquet.nordlittoral.fr/147787/article/2022-06-30/concours-photo-montrez-nous-la-plus-belle-photo-de-votre-chien-en-promenade-sur#l5lb6r47qsmp9ur58y' successfully

2022-07-19 16:45:17 - [MESSAGE][PASSED] - Navigate to 'https://lesechosdutouquet.nordlittoral.fr/147787/article/2022-06-30/concours-photo-montrez-nous-la-plus-belle-photo-de-votre-chien-en-promenade-sur#l5lb6r47qsmp9ur58y' successfully

2022-07-19 16:45:17 - [TEST_STEP][PASSED] - setViewPortSize(1920, 1080): Viewport is set to new size with width = 1920 and height = 1080

2022-07-19 16:45:17 - [MESSAGE][PASSED] - Viewport is set to new size with width = 1920 and height = 1080

2022-07-19 16:45:17 - [TEST_STEP][PASSED] - click(findTestObject("Object Repository/Page_Concours photo  votez pour la plus bel_494087/button_Accepter  Fermer")): Object: 'Object Repository/Page_Concours photo  votez pour la plus bel_494087/button_Accepter  Fermer' is clicked on

2022-07-19 16:45:18 - [MESSAGE][PASSED] - Object: 'Object Repository/Page_Concours photo  votez pour la plus bel_494087/button_Accepter  Fermer' is clicked on

2022-07-19 16:45:18 - [TEST_STEP][PASSED] - waitForElementVisible(findTestObject("Object Repository/Page_Concours photo  votez pour la plus bel_494087/a_X"), 15): Object 'Object Repository/Page_Concours photo  votez pour la plus bel_494087/a_X' is visible

2022-07-19 16:45:26 - [MESSAGE][PASSED] - Object 'Object Repository/Page_Concours photo  votez pour la plus bel_494087/a_X' is visible

2022-07-19 16:45:26 - [TEST_STEP][PASSED] - click(findTestObject("Object Repository/Page_Concours photo  votez pour la plus bel_494087/a_X")): Object: 'Object Repository/Page_Concours photo  votez pour la plus bel_494087/a_X' is clicked on

2022-07-19 16:45:26 - [MESSAGE][PASSED] - Object: 'Object Repository/Page_Concours photo  votez pour la plus bel_494087/a_X' is clicked on

2022-07-19 16:45:26 - [TEST_STEP][PASSED] - delay(1): Delayed 1 second(s)

2022-07-19 16:45:27 - [MESSAGE][PASSED] - Delayed 1 second(s)

2022-07-19 16:45:27 - [TEST_STEP][PASSED] - click(findTestObject("Object Repository/Page_Concours photo  votez pour la plus bel_494087/input_concat(Votez pour le plus beau chien de la cte d, , Opale )_jouer")): Object: 'Object Repository/Page_Concours photo  votez pour la plus bel_494087/input_concat(Votez pour le plus beau chien de la cte d, , Opale )_jouer' is clicked on

2022-07-19 16:45:28 - [MESSAGE][PASSED] - Object: 'Object Repository/Page_Concours photo  votez pour la plus bel_494087/input_concat(Votez pour le plus beau chien de la cte d, , Opale )_jouer' is clicked on

2022-07-19 16:45:28 - [TEST_STEP][PASSED] - if (verifyElementPresent(findTestObject("Page_Concours photo  votez pour la plus bel_494087/input_concat(Votez pour le plus beau chien de la cte d, , Opale )_jouer"), 1, OPTIONAL)): null

2022-07-19 16:45:29 - [MESSAGE][PASSED] - Object 'Object Repository/Page_Concours photo  votez pour la plus bel_494087/input_concat(Votez pour le plus beau chien de la cte d, , Opale )_jouer' is present

2022-07-19 16:45:29 - [TEST_STEP][PASSED] - click(findTestObject("Object Repository/Page_Concours photo  votez pour la plus bel_494087/input_concat(Votez pour le plus beau chien de la cte d, , Opale )_jouer")): Object: 'Object Repository/Page_Concours photo  votez pour la plus bel_494087/input_concat(Votez pour le plus beau chien de la cte d, , Opale )_jouer' is clicked on

2022-07-19 16:45:30 - [MESSAGE][PASSED] - Object: 'Object Repository/Page_Concours photo  votez pour la plus bel_494087/input_concat(Votez pour le plus beau chien de la cte d, , Opale )_jouer' is clicked on

2022-07-19 16:45:30 - [TEST_STEP][PASSED] - delay(1): Delayed 1 second(s)

2022-07-19 16:45:31 - [MESSAGE][PASSED] - Delayed 1 second(s)

2022-07-19 16:45:31 - [TEST_STEP][PASSED] - setText(findTestObject("Object Repository/Page_Concours photo  votez pour la plus bel_494087/input_trie par_keyword"), "Gaspard"): Text 'Gaspard' is set on object 'Object Repository/Page_Concours photo  votez pour la plus bel_494087/input_trie par_keyword'

2022-07-19 16:45:32 - [MESSAGE][PASSED] - Text 'Gaspard' is set on object 'Object Repository/Page_Concours photo  votez pour la plus bel_494087/input_trie par_keyword'

2022-07-19 16:45:32 - [TEST_STEP][PASSED] - sendKeys(findTestObject("Page_Concours photo  votez pour la plus bel_494087/input_trie par_keyword"), Keys.chord(ENTER)): Keys 'ENTER + ' sent to object: 'Object Repository/Page_Concours photo  votez pour la plus bel_494087/input_trie par_keyword'

2022-07-19 16:45:33 - [MESSAGE][PASSED] - Keys 'ENTER + ' sent to object: 'Object Repository/Page_Concours photo  votez pour la plus bel_494087/input_trie par_keyword'

2022-07-19 16:45:33 - [TEST_STEP][PASSED] - click(findTestObject("Page_Concours photo  votez pour la plus bel_494087/tri")): Object: 'Object Repository/Page_Concours photo  votez pour la plus bel_494087/tri' is clicked on

2022-07-19 16:45:33 - [MESSAGE][PASSED] - Object: 'Object Repository/Page_Concours photo  votez pour la plus bel_494087/tri' is clicked on

2022-07-19 16:45:33 - [TEST_STEP][PASSED] - click(findTestObject("Page_Concours photo  votez pour la plus bel_494087/plus de votes")): Object: 'Object Repository/Page_Concours photo  votez pour la plus bel_494087/plus de votes' is clicked on

2022-07-19 16:45:34 - [MESSAGE][PASSED] - Object: 'Object Repository/Page_Concours photo  votez pour la plus bel_494087/plus de votes' is clicked on

2022-07-19 16:45:35 - [TEST_STEP][PASSED] - click(findTestObject("Object Repository/Page_Concours photo  votez pour la plus bel_494087/i_Votes_fa fa-heart")): Object: 'Object Repository/Page_Concours photo  votez pour la plus bel_494087/i_Votes_fa fa-heart' is clicked on

2022-07-19 16:45:36 - [MESSAGE][PASSED] - Object: 'Object Repository/Page_Concours photo  votez pour la plus bel_494087/i_Votes_fa fa-heart' is clicked on

2022-07-19 16:45:36 - [TEST_STEP][PASSED] - delay(1): Delayed 1 second(s)

2022-07-19 16:45:37 - [MESSAGE][PASSED] - Delayed 1 second(s)

2022-07-19 16:45:37 - [TEST_STEP][PASSED] - closeBrowser(): Browser is closed

2022-07-19 16:45:37 - [MESSAGE][PASSED] - Browser is closed]]></system-out>
         <system-err><![CDATA[]]></system-err>
      </testcase>
      <testcase name="Test Cases/Vote" time="28.73" classname="Test Cases/Vote" status="PASSED">
         <system-out><![CDATA[2022-07-19 16:45:37 - [TEST_CASE][PASSED] - Test Cases/Vote: Test Cases/Vote

2022-07-19 16:45:37 - [TEST_STEP][PASSED] - openBrowser(""): Browser is opened with url: ''

2022-07-19 16:45:37 - [MESSAGE][INFO] - Starting 'Chrome' driver

2022-07-19 16:45:37 - [MESSAGE][INFO] - Action delay is set to 0 milliseconds

2022-07-19 16:45:38 - [MESSAGE][PASSED] - Browser is opened with url: ''

2022-07-19 16:45:38 - [TEST_STEP][PASSED] - navigateToUrl("https://lesechosdutouquet.nordlittoral.fr/147787/article/2022-06-30/concours-photo-montrez-nous-la-plus-belle-photo-de-votre-chien-en-promenade-sur#l5lb6r47qsmp9ur58y"): Navigate to 'https://lesechosdutouquet.nordlittoral.fr/147787/article/2022-06-30/concours-photo-montrez-nous-la-plus-belle-photo-de-votre-chien-en-promenade-sur#l5lb6r47qsmp9ur58y' successfully

2022-07-19 16:45:45 - [MESSAGE][PASSED] - Navigate to 'https://lesechosdutouquet.nordlittoral.fr/147787/article/2022-06-30/concours-photo-montrez-nous-la-plus-belle-photo-de-votre-chien-en-promenade-sur#l5lb6r47qsmp9ur58y' successfully

2022-07-19 16:45:45 - [TEST_STEP][PASSED] - setViewPortSize(1920, 1080): Viewport is set to new size with width = 1920 and height = 1080

2022-07-19 16:45:46 - [MESSAGE][PASSED] - Viewport is set to new size with width = 1920 and height = 1080

2022-07-19 16:45:46 - [TEST_STEP][PASSED] - click(findTestObject("Object Repository/Page_Concours photo  votez pour la plus bel_494087/button_Accepter  Fermer")): Object: 'Object Repository/Page_Concours photo  votez pour la plus bel_494087/button_Accepter  Fermer' is clicked on

2022-07-19 16:45:47 - [MESSAGE][PASSED] - Object: 'Object Repository/Page_Concours photo  votez pour la plus bel_494087/button_Accepter  Fermer' is clicked on

2022-07-19 16:45:47 - [TEST_STEP][PASSED] - waitForElementVisible(findTestObject("Object Repository/Page_Concours photo  votez pour la plus bel_494087/a_X"), 15): Object 'Object Repository/Page_Concours photo  votez pour la plus bel_494087/a_X' is visible

2022-07-19 16:45:53 - [MESSAGE][PASSED] - Object 'Object Repository/Page_Concours photo  votez pour la plus bel_494087/a_X' is visible

2022-07-19 16:45:53 - [TEST_STEP][PASSED] - click(findTestObject("Object Repository/Page_Concours photo  votez pour la plus bel_494087/a_X")): Object: 'Object Repository/Page_Concours photo  votez pour la plus bel_494087/a_X' is clicked on

2022-07-19 16:45:53 - [MESSAGE][PASSED] - Object: 'Object Repository/Page_Concours photo  votez pour la plus bel_494087/a_X' is clicked on

2022-07-19 16:45:53 - [TEST_STEP][PASSED] - delay(1): Delayed 1 second(s)

2022-07-19 16:45:54 - [MESSAGE][PASSED] - Delayed 1 second(s)

2022-07-19 16:45:54 - [TEST_STEP][PASSED] - click(findTestObject("Object Repository/Page_Concours photo  votez pour la plus bel_494087/input_concat(Votez pour le plus beau chien de la cte d, , Opale )_jouer")): Object: 'Object Repository/Page_Concours photo  votez pour la plus bel_494087/input_concat(Votez pour le plus beau chien de la cte d, , Opale )_jouer' is clicked on

2022-07-19 16:45:55 - [MESSAGE][PASSED] - Object: 'Object Repository/Page_Concours photo  votez pour la plus bel_494087/input_concat(Votez pour le plus beau chien de la cte d, , Opale )_jouer' is clicked on

2022-07-19 16:45:55 - [TEST_STEP][PASSED] - if (verifyElementPresent(findTestObject("Page_Concours photo  votez pour la plus bel_494087/input_concat(Votez pour le plus beau chien de la cte d, , Opale )_jouer"), 1, OPTIONAL)): null

2022-07-19 16:45:57 - [MESSAGE][PASSED] - Object 'Object Repository/Page_Concours photo  votez pour la plus bel_494087/input_concat(Votez pour le plus beau chien de la cte d, , Opale )_jouer' is present

2022-07-19 16:45:57 - [TEST_STEP][PASSED] - click(findTestObject("Object Repository/Page_Concours photo  votez pour la plus bel_494087/input_concat(Votez pour le plus beau chien de la cte d, , Opale )_jouer")): Object: 'Object Repository/Page_Concours photo  votez pour la plus bel_494087/input_concat(Votez pour le plus beau chien de la cte d, , Opale )_jouer' is clicked on

2022-07-19 16:45:57 - [MESSAGE][PASSED] - Object: 'Object Repository/Page_Concours photo  votez pour la plus bel_494087/input_concat(Votez pour le plus beau chien de la cte d, , Opale )_jouer' is clicked on

2022-07-19 16:45:57 - [TEST_STEP][PASSED] - delay(1): Delayed 1 second(s)

2022-07-19 16:45:58 - [MESSAGE][PASSED] - Delayed 1 second(s)

2022-07-19 16:45:58 - [TEST_STEP][PASSED] - setText(findTestObject("Object Repository/Page_Concours photo  votez pour la plus bel_494087/input_trie par_keyword"), "Gaspard"): Text 'Gaspard' is set on object 'Object Repository/Page_Concours photo  votez pour la plus bel_494087/input_trie par_keyword'

2022-07-19 16:46:00 - [MESSAGE][PASSED] - Text 'Gaspard' is set on object 'Object Repository/Page_Concours photo  votez pour la plus bel_494087/input_trie par_keyword'

2022-07-19 16:46:00 - [TEST_STEP][PASSED] - sendKeys(findTestObject("Page_Concours photo  votez pour la plus bel_494087/input_trie par_keyword"), Keys.chord(ENTER)): Keys 'ENTER + ' sent to object: 'Object Repository/Page_Concours photo  votez pour la plus bel_494087/input_trie par_keyword'

2022-07-19 16:46:01 - [MESSAGE][PASSED] - Keys 'ENTER + ' sent to object: 'Object Repository/Page_Concours photo  votez pour la plus bel_494087/input_trie par_keyword'

2022-07-19 16:46:01 - [TEST_STEP][PASSED] - click(findTestObject("Page_Concours photo  votez pour la plus bel_494087/tri")): Object: 'Object Repository/Page_Concours photo  votez pour la plus bel_494087/tri' is clicked on

2022-07-19 16:46:02 - [MESSAGE][PASSED] - Object: 'Object Repository/Page_Concours photo  votez pour la plus bel_494087/tri' is clicked on

2022-07-19 16:46:02 - [TEST_STEP][PASSED] - click(findTestObject("Page_Concours photo  votez pour la plus bel_494087/plus de votes")): Object: 'Object Repository/Page_Concours photo  votez pour la plus bel_494087/plus de votes' is clicked on

2022-07-19 16:46:02 - [MESSAGE][PASSED] - Object: 'Object Repository/Page_Concours photo  votez pour la plus bel_494087/plus de votes' is clicked on

2022-07-19 16:46:04 - [TEST_STEP][PASSED] - click(findTestObject("Object Repository/Page_Concours photo  votez pour la plus bel_494087/i_Votes_fa fa-heart")): Object: 'Object Repository/Page_Concours photo  votez pour la plus bel_494087/i_Votes_fa fa-heart' is clicked on

2022-07-19 16:46:05 - [MESSAGE][PASSED] - Object: 'Object Repository/Page_Concours photo  votez pour la plus bel_494087/i_Votes_fa fa-heart' is clicked on

2022-07-19 16:46:05 - [TEST_STEP][PASSED] - delay(1): Delayed 1 second(s)

2022-07-19 16:46:06 - [MESSAGE][PASSED] - Delayed 1 second(s)

2022-07-19 16:46:06 - [TEST_STEP][PASSED] - closeBrowser(): Browser is closed

2022-07-19 16:46:06 - [MESSAGE][PASSED] - Browser is closed]]></system-out>
         <system-err><![CDATA[]]></system-err>
      </testcase>
      <testcase name="Test Cases/Vote" time="26.357" classname="Test Cases/Vote" status="PASSED">
         <system-out><![CDATA[2022-07-19 16:46:06 - [TEST_CASE][PASSED] - Test Cases/Vote: Test Cases/Vote

2022-07-19 16:46:06 - [TEST_STEP][PASSED] - openBrowser(""): Browser is opened with url: ''

2022-07-19 16:46:06 - [MESSAGE][INFO] - Starting 'Chrome' driver

2022-07-19 16:46:06 - [MESSAGE][INFO] - Action delay is set to 0 milliseconds

2022-07-19 16:46:07 - [MESSAGE][PASSED] - Browser is opened with url: ''

2022-07-19 16:46:07 - [TEST_STEP][PASSED] - navigateToUrl("https://lesechosdutouquet.nordlittoral.fr/147787/article/2022-06-30/concours-photo-montrez-nous-la-plus-belle-photo-de-votre-chien-en-promenade-sur#l5lb6r47qsmp9ur58y"): Navigate to 'https://lesechosdutouquet.nordlittoral.fr/147787/article/2022-06-30/concours-photo-montrez-nous-la-plus-belle-photo-de-votre-chien-en-promenade-sur#l5lb6r47qsmp9ur58y' successfully

2022-07-19 16:46:11 - [MESSAGE][PASSED] - Navigate to 'https://lesechosdutouquet.nordlittoral.fr/147787/article/2022-06-30/concours-photo-montrez-nous-la-plus-belle-photo-de-votre-chien-en-promenade-sur#l5lb6r47qsmp9ur58y' successfully

2022-07-19 16:46:11 - [TEST_STEP][PASSED] - setViewPortSize(1920, 1080): Viewport is set to new size with width = 1920 and height = 1080

2022-07-19 16:46:11 - [MESSAGE][PASSED] - Viewport is set to new size with width = 1920 and height = 1080

2022-07-19 16:46:11 - [TEST_STEP][PASSED] - click(findTestObject("Object Repository/Page_Concours photo  votez pour la plus bel_494087/button_Accepter  Fermer")): Object: 'Object Repository/Page_Concours photo  votez pour la plus bel_494087/button_Accepter  Fermer' is clicked on

2022-07-19 16:46:13 - [MESSAGE][PASSED] - Object: 'Object Repository/Page_Concours photo  votez pour la plus bel_494087/button_Accepter  Fermer' is clicked on

2022-07-19 16:46:13 - [TEST_STEP][PASSED] - waitForElementVisible(findTestObject("Object Repository/Page_Concours photo  votez pour la plus bel_494087/a_X"), 15): Object 'Object Repository/Page_Concours photo  votez pour la plus bel_494087/a_X' is visible

2022-07-19 16:46:19 - [MESSAGE][PASSED] - Object 'Object Repository/Page_Concours photo  votez pour la plus bel_494087/a_X' is visible

2022-07-19 16:46:19 - [TEST_STEP][PASSED] - click(findTestObject("Object Repository/Page_Concours photo  votez pour la plus bel_494087/a_X")): Object: 'Object Repository/Page_Concours photo  votez pour la plus bel_494087/a_X' is clicked on

2022-07-19 16:46:19 - [MESSAGE][PASSED] - Object: 'Object Repository/Page_Concours photo  votez pour la plus bel_494087/a_X' is clicked on

2022-07-19 16:46:19 - [TEST_STEP][PASSED] - delay(1): Delayed 1 second(s)

2022-07-19 16:46:20 - [MESSAGE][PASSED] - Delayed 1 second(s)

2022-07-19 16:46:20 - [TEST_STEP][PASSED] - click(findTestObject("Object Repository/Page_Concours photo  votez pour la plus bel_494087/input_concat(Votez pour le plus beau chien de la cte d, , Opale )_jouer")): Object: 'Object Repository/Page_Concours photo  votez pour la plus bel_494087/input_concat(Votez pour le plus beau chien de la cte d, , Opale )_jouer' is clicked on

2022-07-19 16:46:21 - [MESSAGE][PASSED] - Object: 'Object Repository/Page_Concours photo  votez pour la plus bel_494087/input_concat(Votez pour le plus beau chien de la cte d, , Opale )_jouer' is clicked on

2022-07-19 16:46:21 - [TEST_STEP][PASSED] - if (verifyElementPresent(findTestObject("Page_Concours photo  votez pour la plus bel_494087/input_concat(Votez pour le plus beau chien de la cte d, , Opale )_jouer"), 1, OPTIONAL)): null

2022-07-19 16:46:23 - [MESSAGE][PASSED] - Object 'Object Repository/Page_Concours photo  votez pour la plus bel_494087/input_concat(Votez pour le plus beau chien de la cte d, , Opale )_jouer' is present

2022-07-19 16:46:23 - [TEST_STEP][PASSED] - click(findTestObject("Object Repository/Page_Concours photo  votez pour la plus bel_494087/input_concat(Votez pour le plus beau chien de la cte d, , Opale )_jouer")): Object: 'Object Repository/Page_Concours photo  votez pour la plus bel_494087/input_concat(Votez pour le plus beau chien de la cte d, , Opale )_jouer' is clicked on

2022-07-19 16:46:23 - [MESSAGE][PASSED] - Object: 'Object Repository/Page_Concours photo  votez pour la plus bel_494087/input_concat(Votez pour le plus beau chien de la cte d, , Opale )_jouer' is clicked on

2022-07-19 16:46:23 - [TEST_STEP][PASSED] - delay(1): Delayed 1 second(s)

2022-07-19 16:46:24 - [MESSAGE][PASSED] - Delayed 1 second(s)

2022-07-19 16:46:24 - [TEST_STEP][PASSED] - setText(findTestObject("Object Repository/Page_Concours photo  votez pour la plus bel_494087/input_trie par_keyword"), "Gaspard"): Text 'Gaspard' is set on object 'Object Repository/Page_Concours photo  votez pour la plus bel_494087/input_trie par_keyword'

2022-07-19 16:46:26 - [MESSAGE][PASSED] - Text 'Gaspard' is set on object 'Object Repository/Page_Concours photo  votez pour la plus bel_494087/input_trie par_keyword'

2022-07-19 16:46:26 - [TEST_STEP][PASSED] - sendKeys(findTestObject("Page_Concours photo  votez pour la plus bel_494087/input_trie par_keyword"), Keys.chord(ENTER)): Keys 'ENTER + ' sent to object: 'Object Repository/Page_Concours photo  votez pour la plus bel_494087/input_trie par_keyword'

2022-07-19 16:46:28 - [MESSAGE][PASSED] - Keys 'ENTER + ' sent to object: 'Object Repository/Page_Concours photo  votez pour la plus bel_494087/input_trie par_keyword'

2022-07-19 16:46:28 - [TEST_STEP][PASSED] - click(findTestObject("Page_Concours photo  votez pour la plus bel_494087/tri")): Object: 'Object Repository/Page_Concours photo  votez pour la plus bel_494087/tri' is clicked on

2022-07-19 16:46:28 - [MESSAGE][PASSED] - Object: 'Object Repository/Page_Concours photo  votez pour la plus bel_494087/tri' is clicked on

2022-07-19 16:46:28 - [TEST_STEP][PASSED] - click(findTestObject("Page_Concours photo  votez pour la plus bel_494087/plus de votes")): Object: 'Object Repository/Page_Concours photo  votez pour la plus bel_494087/plus de votes' is clicked on

2022-07-19 16:46:29 - [MESSAGE][PASSED] - Object: 'Object Repository/Page_Concours photo  votez pour la plus bel_494087/plus de votes' is clicked on

2022-07-19 16:46:30 - [TEST_STEP][PASSED] - click(findTestObject("Object Repository/Page_Concours photo  votez pour la plus bel_494087/i_Votes_fa fa-heart")): Object: 'Object Repository/Page_Concours photo  votez pour la plus bel_494087/i_Votes_fa fa-heart' is clicked on

2022-07-19 16:46:31 - [MESSAGE][PASSED] - Object: 'Object Repository/Page_Concours photo  votez pour la plus bel_494087/i_Votes_fa fa-heart' is clicked on

2022-07-19 16:46:31 - [TEST_STEP][PASSED] - delay(1): Delayed 1 second(s)

2022-07-19 16:46:32 - [MESSAGE][PASSED] - Delayed 1 second(s)

2022-07-19 16:46:32 - [TEST_STEP][PASSED] - closeBrowser(): Browser is closed

2022-07-19 16:46:32 - [MESSAGE][PASSED] - Browser is closed]]></system-out>
         <system-err><![CDATA[]]></system-err>
      </testcase>
      <testcase name="Test Cases/Vote" time="25.063" classname="Test Cases/Vote" status="PASSED">
         <system-out><![CDATA[2022-07-19 16:46:32 - [TEST_CASE][PASSED] - Test Cases/Vote: Test Cases/Vote

2022-07-19 16:46:32 - [TEST_STEP][PASSED] - openBrowser(""): Browser is opened with url: ''

2022-07-19 16:46:32 - [MESSAGE][INFO] - Starting 'Chrome' driver

2022-07-19 16:46:32 - [MESSAGE][INFO] - Action delay is set to 0 milliseconds

2022-07-19 16:46:33 - [MESSAGE][PASSED] - Browser is opened with url: ''

2022-07-19 16:46:33 - [TEST_STEP][PASSED] - navigateToUrl("https://lesechosdutouquet.nordlittoral.fr/147787/article/2022-06-30/concours-photo-montrez-nous-la-plus-belle-photo-de-votre-chien-en-promenade-sur#l5lb6r47qsmp9ur58y"): Navigate to 'https://lesechosdutouquet.nordlittoral.fr/147787/article/2022-06-30/concours-photo-montrez-nous-la-plus-belle-photo-de-votre-chien-en-promenade-sur#l5lb6r47qsmp9ur58y' successfully

2022-07-19 16:46:36 - [MESSAGE][PASSED] - Navigate to 'https://lesechosdutouquet.nordlittoral.fr/147787/article/2022-06-30/concours-photo-montrez-nous-la-plus-belle-photo-de-votre-chien-en-promenade-sur#l5lb6r47qsmp9ur58y' successfully

2022-07-19 16:46:36 - [TEST_STEP][PASSED] - setViewPortSize(1920, 1080): Viewport is set to new size with width = 1920 and height = 1080

2022-07-19 16:46:36 - [MESSAGE][PASSED] - Viewport is set to new size with width = 1920 and height = 1080

2022-07-19 16:46:36 - [TEST_STEP][PASSED] - click(findTestObject("Object Repository/Page_Concours photo  votez pour la plus bel_494087/button_Accepter  Fermer")): Object: 'Object Repository/Page_Concours photo  votez pour la plus bel_494087/button_Accepter  Fermer' is clicked on

2022-07-19 16:46:38 - [MESSAGE][PASSED] - Object: 'Object Repository/Page_Concours photo  votez pour la plus bel_494087/button_Accepter  Fermer' is clicked on

2022-07-19 16:46:38 - [TEST_STEP][PASSED] - waitForElementVisible(findTestObject("Object Repository/Page_Concours photo  votez pour la plus bel_494087/a_X"), 15): Object 'Object Repository/Page_Concours photo  votez pour la plus bel_494087/a_X' is visible

2022-07-19 16:46:44 - [MESSAGE][PASSED] - Object 'Object Repository/Page_Concours photo  votez pour la plus bel_494087/a_X' is visible

2022-07-19 16:46:44 - [TEST_STEP][PASSED] - click(findTestObject("Object Repository/Page_Concours photo  votez pour la plus bel_494087/a_X")): Object: 'Object Repository/Page_Concours photo  votez pour la plus bel_494087/a_X' is clicked on

2022-07-19 16:46:45 - [MESSAGE][PASSED] - Object: 'Object Repository/Page_Concours photo  votez pour la plus bel_494087/a_X' is clicked on

2022-07-19 16:46:45 - [TEST_STEP][PASSED] - delay(1): Delayed 1 second(s)

2022-07-19 16:46:46 - [MESSAGE][PASSED] - Delayed 1 second(s)

2022-07-19 16:46:46 - [TEST_STEP][PASSED] - click(findTestObject("Object Repository/Page_Concours photo  votez pour la plus bel_494087/input_concat(Votez pour le plus beau chien de la cte d, , Opale )_jouer")): Object: 'Object Repository/Page_Concours photo  votez pour la plus bel_494087/input_concat(Votez pour le plus beau chien de la cte d, , Opale )_jouer' is clicked on

2022-07-19 16:46:46 - [MESSAGE][PASSED] - Object: 'Object Repository/Page_Concours photo  votez pour la plus bel_494087/input_concat(Votez pour le plus beau chien de la cte d, , Opale )_jouer' is clicked on

2022-07-19 16:46:47 - [TEST_STEP][PASSED] - if (verifyElementPresent(findTestObject("Page_Concours photo  votez pour la plus bel_494087/input_concat(Votez pour le plus beau chien de la cte d, , Opale )_jouer"), 1, OPTIONAL)): null

2022-07-19 16:46:48 - [MESSAGE][PASSED] - Object 'Object Repository/Page_Concours photo  votez pour la plus bel_494087/input_concat(Votez pour le plus beau chien de la cte d, , Opale )_jouer' is present

2022-07-19 16:46:48 - [TEST_STEP][PASSED] - click(findTestObject("Object Repository/Page_Concours photo  votez pour la plus bel_494087/input_concat(Votez pour le plus beau chien de la cte d, , Opale )_jouer")): Object: 'Object Repository/Page_Concours photo  votez pour la plus bel_494087/input_concat(Votez pour le plus beau chien de la cte d, , Opale )_jouer' is clicked on

2022-07-19 16:46:48 - [MESSAGE][PASSED] - Object: 'Object Repository/Page_Concours photo  votez pour la plus bel_494087/input_concat(Votez pour le plus beau chien de la cte d, , Opale )_jouer' is clicked on

2022-07-19 16:46:48 - [TEST_STEP][PASSED] - delay(1): Delayed 1 second(s)

2022-07-19 16:46:49 - [MESSAGE][PASSED] - Delayed 1 second(s)

2022-07-19 16:46:49 - [TEST_STEP][PASSED] - setText(findTestObject("Object Repository/Page_Concours photo  votez pour la plus bel_494087/input_trie par_keyword"), "Gaspard"): Text 'Gaspard' is set on object 'Object Repository/Page_Concours photo  votez pour la plus bel_494087/input_trie par_keyword'

2022-07-19 16:46:51 - [MESSAGE][PASSED] - Text 'Gaspard' is set on object 'Object Repository/Page_Concours photo  votez pour la plus bel_494087/input_trie par_keyword'

2022-07-19 16:46:51 - [TEST_STEP][PASSED] - sendKeys(findTestObject("Page_Concours photo  votez pour la plus bel_494087/input_trie par_keyword"), Keys.chord(ENTER)): Keys 'ENTER + ' sent to object: 'Object Repository/Page_Concours photo  votez pour la plus bel_494087/input_trie par_keyword'

2022-07-19 16:46:53 - [MESSAGE][PASSED] - Keys 'ENTER + ' sent to object: 'Object Repository/Page_Concours photo  votez pour la plus bel_494087/input_trie par_keyword'

2022-07-19 16:46:53 - [TEST_STEP][PASSED] - click(findTestObject("Page_Concours photo  votez pour la plus bel_494087/tri")): Object: 'Object Repository/Page_Concours photo  votez pour la plus bel_494087/tri' is clicked on

2022-07-19 16:46:53 - [MESSAGE][PASSED] - Object: 'Object Repository/Page_Concours photo  votez pour la plus bel_494087/tri' is clicked on

2022-07-19 16:46:53 - [TEST_STEP][PASSED] - click(findTestObject("Page_Concours photo  votez pour la plus bel_494087/plus de votes")): Object: 'Object Repository/Page_Concours photo  votez pour la plus bel_494087/plus de votes' is clicked on

2022-07-19 16:46:54 - [MESSAGE][PASSED] - Object: 'Object Repository/Page_Concours photo  votez pour la plus bel_494087/plus de votes' is clicked on

2022-07-19 16:46:55 - [TEST_STEP][PASSED] - click(findTestObject("Object Repository/Page_Concours photo  votez pour la plus bel_494087/i_Votes_fa fa-heart")): Object: 'Object Repository/Page_Concours photo  votez pour la plus bel_494087/i_Votes_fa fa-heart' is clicked on

2022-07-19 16:46:56 - [MESSAGE][PASSED] - Object: 'Object Repository/Page_Concours photo  votez pour la plus bel_494087/i_Votes_fa fa-heart' is clicked on

2022-07-19 16:46:56 - [TEST_STEP][PASSED] - delay(1): Delayed 1 second(s)

2022-07-19 16:46:57 - [MESSAGE][PASSED] - Delayed 1 second(s)

2022-07-19 16:46:57 - [TEST_STEP][PASSED] - closeBrowser(): Browser is closed

2022-07-19 16:46:57 - [MESSAGE][PASSED] - Browser is closed]]></system-out>
         <system-err><![CDATA[]]></system-err>
      </testcase>
      <testcase name="Test Cases/Vote" time="28.282" classname="Test Cases/Vote" status="PASSED">
         <system-out><![CDATA[2022-07-19 16:46:57 - [TEST_CASE][PASSED] - Test Cases/Vote: Test Cases/Vote

2022-07-19 16:46:57 - [TEST_STEP][PASSED] - openBrowser(""): Browser is opened with url: ''

2022-07-19 16:46:57 - [MESSAGE][INFO] - Starting 'Chrome' driver

2022-07-19 16:46:57 - [MESSAGE][INFO] - Action delay is set to 0 milliseconds

2022-07-19 16:46:58 - [MESSAGE][PASSED] - Browser is opened with url: ''

2022-07-19 16:46:58 - [TEST_STEP][PASSED] - navigateToUrl("https://lesechosdutouquet.nordlittoral.fr/147787/article/2022-06-30/concours-photo-montrez-nous-la-plus-belle-photo-de-votre-chien-en-promenade-sur#l5lb6r47qsmp9ur58y"): Navigate to 'https://lesechosdutouquet.nordlittoral.fr/147787/article/2022-06-30/concours-photo-montrez-nous-la-plus-belle-photo-de-votre-chien-en-promenade-sur#l5lb6r47qsmp9ur58y' successfully

2022-07-19 16:47:01 - [MESSAGE][PASSED] - Navigate to 'https://lesechosdutouquet.nordlittoral.fr/147787/article/2022-06-30/concours-photo-montrez-nous-la-plus-belle-photo-de-votre-chien-en-promenade-sur#l5lb6r47qsmp9ur58y' successfully

2022-07-19 16:47:01 - [TEST_STEP][PASSED] - setViewPortSize(1920, 1080): Viewport is set to new size with width = 1920 and height = 1080

2022-07-19 16:47:01 - [MESSAGE][PASSED] - Viewport is set to new size with width = 1920 and height = 1080

2022-07-19 16:47:01 - [TEST_STEP][PASSED] - click(findTestObject("Object Repository/Page_Concours photo  votez pour la plus bel_494087/button_Accepter  Fermer")): Object: 'Object Repository/Page_Concours photo  votez pour la plus bel_494087/button_Accepter  Fermer' is clicked on

2022-07-19 16:47:02 - [MESSAGE][PASSED] - Object: 'Object Repository/Page_Concours photo  votez pour la plus bel_494087/button_Accepter  Fermer' is clicked on

2022-07-19 16:47:02 - [TEST_STEP][PASSED] - waitForElementVisible(findTestObject("Object Repository/Page_Concours photo  votez pour la plus bel_494087/a_X"), 15): Object 'Object Repository/Page_Concours photo  votez pour la plus bel_494087/a_X' is visible

2022-07-19 16:47:09 - [MESSAGE][PASSED] - Object 'Object Repository/Page_Concours photo  votez pour la plus bel_494087/a_X' is visible

2022-07-19 16:47:09 - [TEST_STEP][PASSED] - click(findTestObject("Object Repository/Page_Concours photo  votez pour la plus bel_494087/a_X")): Object: 'Object Repository/Page_Concours photo  votez pour la plus bel_494087/a_X' is clicked on

2022-07-19 16:47:10 - [MESSAGE][PASSED] - Object: 'Object Repository/Page_Concours photo  votez pour la plus bel_494087/a_X' is clicked on

2022-07-19 16:47:10 - [TEST_STEP][PASSED] - delay(1): Delayed 1 second(s)

2022-07-19 16:47:11 - [MESSAGE][PASSED] - Delayed 1 second(s)

2022-07-19 16:47:11 - [TEST_STEP][PASSED] - click(findTestObject("Object Repository/Page_Concours photo  votez pour la plus bel_494087/input_concat(Votez pour le plus beau chien de la cte d, , Opale )_jouer")): Object: 'Object Repository/Page_Concours photo  votez pour la plus bel_494087/input_concat(Votez pour le plus beau chien de la cte d, , Opale )_jouer' is clicked on

2022-07-19 16:47:12 - [MESSAGE][PASSED] - Object: 'Object Repository/Page_Concours photo  votez pour la plus bel_494087/input_concat(Votez pour le plus beau chien de la cte d, , Opale )_jouer' is clicked on

2022-07-19 16:47:12 - [TEST_STEP][PASSED] - if (verifyElementPresent(findTestObject("Page_Concours photo  votez pour la plus bel_494087/input_concat(Votez pour le plus beau chien de la cte d, , Opale )_jouer"), 1, OPTIONAL)): null

2022-07-19 16:47:14 - [MESSAGE][PASSED] - Object 'Object Repository/Page_Concours photo  votez pour la plus bel_494087/input_concat(Votez pour le plus beau chien de la cte d, , Opale )_jouer' is present

2022-07-19 16:47:14 - [TEST_STEP][PASSED] - click(findTestObject("Object Repository/Page_Concours photo  votez pour la plus bel_494087/input_concat(Votez pour le plus beau chien de la cte d, , Opale )_jouer")): Object: 'Object Repository/Page_Concours photo  votez pour la plus bel_494087/input_concat(Votez pour le plus beau chien de la cte d, , Opale )_jouer' is clicked on

2022-07-19 16:47:14 - [MESSAGE][PASSED] - Object: 'Object Repository/Page_Concours photo  votez pour la plus bel_494087/input_concat(Votez pour le plus beau chien de la cte d, , Opale )_jouer' is clicked on

2022-07-19 16:47:14 - [TEST_STEP][PASSED] - delay(1): Delayed 1 second(s)

2022-07-19 16:47:15 - [MESSAGE][PASSED] - Delayed 1 second(s)

2022-07-19 16:47:15 - [TEST_STEP][PASSED] - setText(findTestObject("Object Repository/Page_Concours photo  votez pour la plus bel_494087/input_trie par_keyword"), "Gaspard"): Text 'Gaspard' is set on object 'Object Repository/Page_Concours photo  votez pour la plus bel_494087/input_trie par_keyword'

2022-07-19 16:47:19 - [MESSAGE][PASSED] - Text 'Gaspard' is set on object 'Object Repository/Page_Concours photo  votez pour la plus bel_494087/input_trie par_keyword'

2022-07-19 16:47:19 - [TEST_STEP][PASSED] - sendKeys(findTestObject("Page_Concours photo  votez pour la plus bel_494087/input_trie par_keyword"), Keys.chord(ENTER)): Keys 'ENTER + ' sent to object: 'Object Repository/Page_Concours photo  votez pour la plus bel_494087/input_trie par_keyword'

2022-07-19 16:47:21 - [MESSAGE][PASSED] - Keys 'ENTER + ' sent to object: 'Object Repository/Page_Concours photo  votez pour la plus bel_494087/input_trie par_keyword'

2022-07-19 16:47:21 - [TEST_STEP][PASSED] - click(findTestObject("Page_Concours photo  votez pour la plus bel_494087/tri")): Object: 'Object Repository/Page_Concours photo  votez pour la plus bel_494087/tri' is clicked on

2022-07-19 16:47:21 - [MESSAGE][PASSED] - Object: 'Object Repository/Page_Concours photo  votez pour la plus bel_494087/tri' is clicked on

2022-07-19 16:47:21 - [TEST_STEP][PASSED] - click(findTestObject("Page_Concours photo  votez pour la plus bel_494087/plus de votes")): Object: 'Object Repository/Page_Concours photo  votez pour la plus bel_494087/plus de votes' is clicked on

2022-07-19 16:47:22 - [MESSAGE][PASSED] - Object: 'Object Repository/Page_Concours photo  votez pour la plus bel_494087/plus de votes' is clicked on

2022-07-19 16:47:23 - [TEST_STEP][PASSED] - click(findTestObject("Object Repository/Page_Concours photo  votez pour la plus bel_494087/i_Votes_fa fa-heart")): Object: 'Object Repository/Page_Concours photo  votez pour la plus bel_494087/i_Votes_fa fa-heart' is clicked on

2022-07-19 16:47:24 - [MESSAGE][PASSED] - Object: 'Object Repository/Page_Concours photo  votez pour la plus bel_494087/i_Votes_fa fa-heart' is clicked on

2022-07-19 16:47:24 - [TEST_STEP][PASSED] - delay(1): Delayed 1 second(s)

2022-07-19 16:47:25 - [MESSAGE][PASSED] - Delayed 1 second(s)

2022-07-19 16:47:25 - [TEST_STEP][PASSED] - closeBrowser(): Browser is closed

2022-07-19 16:47:26 - [MESSAGE][PASSED] - Browser is closed]]></system-out>
         <system-err><![CDATA[]]></system-err>
      </testcase>
      <testcase name="Test Cases/Vote" time="27.632" classname="Test Cases/Vote" status="PASSED">
         <system-out><![CDATA[2022-07-19 16:47:26 - [TEST_CASE][PASSED] - Test Cases/Vote: Test Cases/Vote

2022-07-19 16:47:26 - [TEST_STEP][PASSED] - openBrowser(""): Browser is opened with url: ''

2022-07-19 16:47:26 - [MESSAGE][INFO] - Starting 'Chrome' driver

2022-07-19 16:47:26 - [MESSAGE][INFO] - Action delay is set to 0 milliseconds

2022-07-19 16:47:27 - [MESSAGE][PASSED] - Browser is opened with url: ''

2022-07-19 16:47:27 - [TEST_STEP][PASSED] - navigateToUrl("https://lesechosdutouquet.nordlittoral.fr/147787/article/2022-06-30/concours-photo-montrez-nous-la-plus-belle-photo-de-votre-chien-en-promenade-sur#l5lb6r47qsmp9ur58y"): Navigate to 'https://lesechosdutouquet.nordlittoral.fr/147787/article/2022-06-30/concours-photo-montrez-nous-la-plus-belle-photo-de-votre-chien-en-promenade-sur#l5lb6r47qsmp9ur58y' successfully

2022-07-19 16:47:30 - [MESSAGE][PASSED] - Navigate to 'https://lesechosdutouquet.nordlittoral.fr/147787/article/2022-06-30/concours-photo-montrez-nous-la-plus-belle-photo-de-votre-chien-en-promenade-sur#l5lb6r47qsmp9ur58y' successfully

2022-07-19 16:47:30 - [TEST_STEP][PASSED] - setViewPortSize(1920, 1080): Viewport is set to new size with width = 1920 and height = 1080

2022-07-19 16:47:30 - [MESSAGE][PASSED] - Viewport is set to new size with width = 1920 and height = 1080

2022-07-19 16:47:30 - [TEST_STEP][PASSED] - click(findTestObject("Object Repository/Page_Concours photo  votez pour la plus bel_494087/button_Accepter  Fermer")): Object: 'Object Repository/Page_Concours photo  votez pour la plus bel_494087/button_Accepter  Fermer' is clicked on

2022-07-19 16:47:31 - [MESSAGE][PASSED] - Object: 'Object Repository/Page_Concours photo  votez pour la plus bel_494087/button_Accepter  Fermer' is clicked on

2022-07-19 16:47:31 - [TEST_STEP][PASSED] - waitForElementVisible(findTestObject("Object Repository/Page_Concours photo  votez pour la plus bel_494087/a_X"), 15): Object 'Object Repository/Page_Concours photo  votez pour la plus bel_494087/a_X' is visible

2022-07-19 16:47:38 - [MESSAGE][PASSED] - Object 'Object Repository/Page_Concours photo  votez pour la plus bel_494087/a_X' is visible

2022-07-19 16:47:38 - [TEST_STEP][PASSED] - click(findTestObject("Object Repository/Page_Concours photo  votez pour la plus bel_494087/a_X")): Object: 'Object Repository/Page_Concours photo  votez pour la plus bel_494087/a_X' is clicked on

2022-07-19 16:47:38 - [MESSAGE][PASSED] - Object: 'Object Repository/Page_Concours photo  votez pour la plus bel_494087/a_X' is clicked on

2022-07-19 16:47:38 - [TEST_STEP][PASSED] - delay(1): Delayed 1 second(s)

2022-07-19 16:47:39 - [MESSAGE][PASSED] - Delayed 1 second(s)

2022-07-19 16:47:39 - [TEST_STEP][PASSED] - click(findTestObject("Object Repository/Page_Concours photo  votez pour la plus bel_494087/input_concat(Votez pour le plus beau chien de la cte d, , Opale )_jouer")): Object: 'Object Repository/Page_Concours photo  votez pour la plus bel_494087/input_concat(Votez pour le plus beau chien de la cte d, , Opale )_jouer' is clicked on

2022-07-19 16:47:40 - [MESSAGE][PASSED] - Object: 'Object Repository/Page_Concours photo  votez pour la plus bel_494087/input_concat(Votez pour le plus beau chien de la cte d, , Opale )_jouer' is clicked on

2022-07-19 16:47:40 - [TEST_STEP][PASSED] - if (verifyElementPresent(findTestObject("Page_Concours photo  votez pour la plus bel_494087/input_concat(Votez pour le plus beau chien de la cte d, , Opale )_jouer"), 1, OPTIONAL)): null

2022-07-19 16:47:41 - [MESSAGE][PASSED] - Object 'Object Repository/Page_Concours photo  votez pour la plus bel_494087/input_concat(Votez pour le plus beau chien de la cte d, , Opale )_jouer' is present

2022-07-19 16:47:41 - [TEST_STEP][PASSED] - click(findTestObject("Object Repository/Page_Concours photo  votez pour la plus bel_494087/input_concat(Votez pour le plus beau chien de la cte d, , Opale )_jouer")): Object: 'Object Repository/Page_Concours photo  votez pour la plus bel_494087/input_concat(Votez pour le plus beau chien de la cte d, , Opale )_jouer' is clicked on

2022-07-19 16:47:42 - [MESSAGE][PASSED] - Object: 'Object Repository/Page_Concours photo  votez pour la plus bel_494087/input_concat(Votez pour le plus beau chien de la cte d, , Opale )_jouer' is clicked on

2022-07-19 16:47:42 - [TEST_STEP][PASSED] - delay(1): Delayed 1 second(s)

2022-07-19 16:47:43 - [MESSAGE][PASSED] - Delayed 1 second(s)

2022-07-19 16:47:43 - [TEST_STEP][PASSED] - setText(findTestObject("Object Repository/Page_Concours photo  votez pour la plus bel_494087/input_trie par_keyword"), "Gaspard"): Text 'Gaspard' is set on object 'Object Repository/Page_Concours photo  votez pour la plus bel_494087/input_trie par_keyword'

2022-07-19 16:47:48 - [MESSAGE][PASSED] - Text 'Gaspard' is set on object 'Object Repository/Page_Concours photo  votez pour la plus bel_494087/input_trie par_keyword'

2022-07-19 16:47:48 - [TEST_STEP][PASSED] - sendKeys(findTestObject("Page_Concours photo  votez pour la plus bel_494087/input_trie par_keyword"), Keys.chord(ENTER)): Keys 'ENTER + ' sent to object: 'Object Repository/Page_Concours photo  votez pour la plus bel_494087/input_trie par_keyword'

2022-07-19 16:47:49 - [MESSAGE][PASSED] - Keys 'ENTER + ' sent to object: 'Object Repository/Page_Concours photo  votez pour la plus bel_494087/input_trie par_keyword'

2022-07-19 16:47:49 - [TEST_STEP][PASSED] - click(findTestObject("Page_Concours photo  votez pour la plus bel_494087/tri")): Object: 'Object Repository/Page_Concours photo  votez pour la plus bel_494087/tri' is clicked on

2022-07-19 16:47:50 - [MESSAGE][PASSED] - Object: 'Object Repository/Page_Concours photo  votez pour la plus bel_494087/tri' is clicked on

2022-07-19 16:47:50 - [TEST_STEP][PASSED] - click(findTestObject("Page_Concours photo  votez pour la plus bel_494087/plus de votes")): Object: 'Object Repository/Page_Concours photo  votez pour la plus bel_494087/plus de votes' is clicked on

2022-07-19 16:47:50 - [MESSAGE][PASSED] - Object: 'Object Repository/Page_Concours photo  votez pour la plus bel_494087/plus de votes' is clicked on

2022-07-19 16:47:51 - [TEST_STEP][PASSED] - click(findTestObject("Object Repository/Page_Concours photo  votez pour la plus bel_494087/i_Votes_fa fa-heart")): Object: 'Object Repository/Page_Concours photo  votez pour la plus bel_494087/i_Votes_fa fa-heart' is clicked on

2022-07-19 16:47:52 - [MESSAGE][PASSED] - Object: 'Object Repository/Page_Concours photo  votez pour la plus bel_494087/i_Votes_fa fa-heart' is clicked on

2022-07-19 16:47:52 - [TEST_STEP][PASSED] - delay(1): Delayed 1 second(s)

2022-07-19 16:47:53 - [MESSAGE][PASSED] - Delayed 1 second(s)

2022-07-19 16:47:53 - [TEST_STEP][PASSED] - closeBrowser(): Browser is closed

2022-07-19 16:47:53 - [MESSAGE][PASSED] - Browser is closed]]></system-out>
         <system-err><![CDATA[]]></system-err>
      </testcase>
      <testcase name="Test Cases/Vote" time="23.486" classname="Test Cases/Vote" status="PASSED">
         <system-out><![CDATA[2022-07-19 16:47:53 - [TEST_CASE][PASSED] - Test Cases/Vote: Test Cases/Vote

2022-07-19 16:47:53 - [TEST_STEP][PASSED] - openBrowser(""): Browser is opened with url: ''

2022-07-19 16:47:53 - [MESSAGE][INFO] - Starting 'Chrome' driver

2022-07-19 16:47:53 - [MESSAGE][INFO] - Action delay is set to 0 milliseconds

2022-07-19 16:47:54 - [MESSAGE][PASSED] - Browser is opened with url: ''

2022-07-19 16:47:54 - [TEST_STEP][PASSED] - navigateToUrl("https://lesechosdutouquet.nordlittoral.fr/147787/article/2022-06-30/concours-photo-montrez-nous-la-plus-belle-photo-de-votre-chien-en-promenade-sur#l5lb6r47qsmp9ur58y"): Navigate to 'https://lesechosdutouquet.nordlittoral.fr/147787/article/2022-06-30/concours-photo-montrez-nous-la-plus-belle-photo-de-votre-chien-en-promenade-sur#l5lb6r47qsmp9ur58y' successfully

2022-07-19 16:47:57 - [MESSAGE][PASSED] - Navigate to 'https://lesechosdutouquet.nordlittoral.fr/147787/article/2022-06-30/concours-photo-montrez-nous-la-plus-belle-photo-de-votre-chien-en-promenade-sur#l5lb6r47qsmp9ur58y' successfully

2022-07-19 16:47:57 - [TEST_STEP][PASSED] - setViewPortSize(1920, 1080): Viewport is set to new size with width = 1920 and height = 1080

2022-07-19 16:47:57 - [MESSAGE][PASSED] - Viewport is set to new size with width = 1920 and height = 1080

2022-07-19 16:47:57 - [TEST_STEP][PASSED] - click(findTestObject("Object Repository/Page_Concours photo  votez pour la plus bel_494087/button_Accepter  Fermer")): Object: 'Object Repository/Page_Concours photo  votez pour la plus bel_494087/button_Accepter  Fermer' is clicked on

2022-07-19 16:47:58 - [MESSAGE][PASSED] - Object: 'Object Repository/Page_Concours photo  votez pour la plus bel_494087/button_Accepter  Fermer' is clicked on

2022-07-19 16:47:58 - [TEST_STEP][PASSED] - waitForElementVisible(findTestObject("Object Repository/Page_Concours photo  votez pour la plus bel_494087/a_X"), 15): Object 'Object Repository/Page_Concours photo  votez pour la plus bel_494087/a_X' is visible

2022-07-19 16:48:05 - [MESSAGE][PASSED] - Object 'Object Repository/Page_Concours photo  votez pour la plus bel_494087/a_X' is visible

2022-07-19 16:48:05 - [TEST_STEP][PASSED] - click(findTestObject("Object Repository/Page_Concours photo  votez pour la plus bel_494087/a_X")): Object: 'Object Repository/Page_Concours photo  votez pour la plus bel_494087/a_X' is clicked on

2022-07-19 16:48:05 - [MESSAGE][PASSED] - Object: 'Object Repository/Page_Concours photo  votez pour la plus bel_494087/a_X' is clicked on

2022-07-19 16:48:05 - [TEST_STEP][PASSED] - delay(1): Delayed 1 second(s)

2022-07-19 16:48:06 - [MESSAGE][PASSED] - Delayed 1 second(s)

2022-07-19 16:48:06 - [TEST_STEP][PASSED] - click(findTestObject("Object Repository/Page_Concours photo  votez pour la plus bel_494087/input_concat(Votez pour le plus beau chien de la cte d, , Opale )_jouer")): Object: 'Object Repository/Page_Concours photo  votez pour la plus bel_494087/input_concat(Votez pour le plus beau chien de la cte d, , Opale )_jouer' is clicked on

2022-07-19 16:48:07 - [MESSAGE][PASSED] - Object: 'Object Repository/Page_Concours photo  votez pour la plus bel_494087/input_concat(Votez pour le plus beau chien de la cte d, , Opale )_jouer' is clicked on

2022-07-19 16:48:07 - [TEST_STEP][PASSED] - if (verifyElementPresent(findTestObject("Page_Concours photo  votez pour la plus bel_494087/input_concat(Votez pour le plus beau chien de la cte d, , Opale )_jouer"), 1, OPTIONAL)): null

2022-07-19 16:48:08 - [MESSAGE][PASSED] - Object 'Object Repository/Page_Concours photo  votez pour la plus bel_494087/input_concat(Votez pour le plus beau chien de la cte d, , Opale )_jouer' is present

2022-07-19 16:48:08 - [TEST_STEP][PASSED] - click(findTestObject("Object Repository/Page_Concours photo  votez pour la plus bel_494087/input_concat(Votez pour le plus beau chien de la cte d, , Opale )_jouer")): Object: 'Object Repository/Page_Concours photo  votez pour la plus bel_494087/input_concat(Votez pour le plus beau chien de la cte d, , Opale )_jouer' is clicked on

2022-07-19 16:48:09 - [MESSAGE][PASSED] - Object: 'Object Repository/Page_Concours photo  votez pour la plus bel_494087/input_concat(Votez pour le plus beau chien de la cte d, , Opale )_jouer' is clicked on

2022-07-19 16:48:09 - [TEST_STEP][PASSED] - delay(1): Delayed 1 second(s)

2022-07-19 16:48:10 - [MESSAGE][PASSED] - Delayed 1 second(s)

2022-07-19 16:48:10 - [TEST_STEP][PASSED] - setText(findTestObject("Object Repository/Page_Concours photo  votez pour la plus bel_494087/input_trie par_keyword"), "Gaspard"): Text 'Gaspard' is set on object 'Object Repository/Page_Concours photo  votez pour la plus bel_494087/input_trie par_keyword'

2022-07-19 16:48:11 - [MESSAGE][PASSED] - Text 'Gaspard' is set on object 'Object Repository/Page_Concours photo  votez pour la plus bel_494087/input_trie par_keyword'

2022-07-19 16:48:11 - [TEST_STEP][PASSED] - sendKeys(findTestObject("Page_Concours photo  votez pour la plus bel_494087/input_trie par_keyword"), Keys.chord(ENTER)): Keys 'ENTER + ' sent to object: 'Object Repository/Page_Concours photo  votez pour la plus bel_494087/input_trie par_keyword'

2022-07-19 16:48:12 - [MESSAGE][PASSED] - Keys 'ENTER + ' sent to object: 'Object Repository/Page_Concours photo  votez pour la plus bel_494087/input_trie par_keyword'

2022-07-19 16:48:12 - [TEST_STEP][PASSED] - click(findTestObject("Page_Concours photo  votez pour la plus bel_494087/tri")): Object: 'Object Repository/Page_Concours photo  votez pour la plus bel_494087/tri' is clicked on

2022-07-19 16:48:13 - [MESSAGE][PASSED] - Object: 'Object Repository/Page_Concours photo  votez pour la plus bel_494087/tri' is clicked on

2022-07-19 16:48:13 - [TEST_STEP][PASSED] - click(findTestObject("Page_Concours photo  votez pour la plus bel_494087/plus de votes")): Object: 'Object Repository/Page_Concours photo  votez pour la plus bel_494087/plus de votes' is clicked on

2022-07-19 16:48:14 - [MESSAGE][PASSED] - Object: 'Object Repository/Page_Concours photo  votez pour la plus bel_494087/plus de votes' is clicked on

2022-07-19 16:48:15 - [TEST_STEP][PASSED] - click(findTestObject("Object Repository/Page_Concours photo  votez pour la plus bel_494087/i_Votes_fa fa-heart")): Object: 'Object Repository/Page_Concours photo  votez pour la plus bel_494087/i_Votes_fa fa-heart' is clicked on

2022-07-19 16:48:15 - [MESSAGE][PASSED] - Object: 'Object Repository/Page_Concours photo  votez pour la plus bel_494087/i_Votes_fa fa-heart' is clicked on

2022-07-19 16:48:15 - [TEST_STEP][PASSED] - delay(1): Delayed 1 second(s)

2022-07-19 16:48:16 - [MESSAGE][PASSED] - Delayed 1 second(s)

2022-07-19 16:48:16 - [TEST_STEP][PASSED] - closeBrowser(): Browser is closed

2022-07-19 16:48:17 - [MESSAGE][PASSED] - Browser is closed]]></system-out>
         <system-err><![CDATA[]]></system-err>
      </testcase>
      <testcase name="Test Cases/Vote" time="30.437" classname="Test Cases/Vote" status="PASSED">
         <system-out><![CDATA[2022-07-19 16:48:17 - [TEST_CASE][PASSED] - Test Cases/Vote: Test Cases/Vote

2022-07-19 16:48:17 - [TEST_STEP][PASSED] - openBrowser(""): Browser is opened with url: ''

2022-07-19 16:48:17 - [MESSAGE][INFO] - Starting 'Chrome' driver

2022-07-19 16:48:17 - [MESSAGE][INFO] - Action delay is set to 0 milliseconds

2022-07-19 16:48:18 - [MESSAGE][PASSED] - Browser is opened with url: ''

2022-07-19 16:48:18 - [TEST_STEP][PASSED] - navigateToUrl("https://lesechosdutouquet.nordlittoral.fr/147787/article/2022-06-30/concours-photo-montrez-nous-la-plus-belle-photo-de-votre-chien-en-promenade-sur#l5lb6r47qsmp9ur58y"): Navigate to 'https://lesechosdutouquet.nordlittoral.fr/147787/article/2022-06-30/concours-photo-montrez-nous-la-plus-belle-photo-de-votre-chien-en-promenade-sur#l5lb6r47qsmp9ur58y' successfully

2022-07-19 16:48:25 - [MESSAGE][PASSED] - Navigate to 'https://lesechosdutouquet.nordlittoral.fr/147787/article/2022-06-30/concours-photo-montrez-nous-la-plus-belle-photo-de-votre-chien-en-promenade-sur#l5lb6r47qsmp9ur58y' successfully

2022-07-19 16:48:25 - [TEST_STEP][PASSED] - setViewPortSize(1920, 1080): Viewport is set to new size with width = 1920 and height = 1080

2022-07-19 16:48:25 - [MESSAGE][PASSED] - Viewport is set to new size with width = 1920 and height = 1080

2022-07-19 16:48:25 - [TEST_STEP][PASSED] - click(findTestObject("Object Repository/Page_Concours photo  votez pour la plus bel_494087/button_Accepter  Fermer")): Object: 'Object Repository/Page_Concours photo  votez pour la plus bel_494087/button_Accepter  Fermer' is clicked on

2022-07-19 16:48:26 - [MESSAGE][PASSED] - Object: 'Object Repository/Page_Concours photo  votez pour la plus bel_494087/button_Accepter  Fermer' is clicked on

2022-07-19 16:48:26 - [TEST_STEP][PASSED] - waitForElementVisible(findTestObject("Object Repository/Page_Concours photo  votez pour la plus bel_494087/a_X"), 15): Object 'Object Repository/Page_Concours photo  votez pour la plus bel_494087/a_X' is visible

2022-07-19 16:48:33 - [MESSAGE][PASSED] - Object 'Object Repository/Page_Concours photo  votez pour la plus bel_494087/a_X' is visible

2022-07-19 16:48:33 - [TEST_STEP][PASSED] - click(findTestObject("Object Repository/Page_Concours photo  votez pour la plus bel_494087/a_X")): Object: 'Object Repository/Page_Concours photo  votez pour la plus bel_494087/a_X' is clicked on

2022-07-19 16:48:34 - [MESSAGE][PASSED] - Object: 'Object Repository/Page_Concours photo  votez pour la plus bel_494087/a_X' is clicked on

2022-07-19 16:48:34 - [TEST_STEP][PASSED] - delay(1): Delayed 1 second(s)

2022-07-19 16:48:35 - [MESSAGE][PASSED] - Delayed 1 second(s)

2022-07-19 16:48:35 - [TEST_STEP][PASSED] - click(findTestObject("Object Repository/Page_Concours photo  votez pour la plus bel_494087/input_concat(Votez pour le plus beau chien de la cte d, , Opale )_jouer")): Object: 'Object Repository/Page_Concours photo  votez pour la plus bel_494087/input_concat(Votez pour le plus beau chien de la cte d, , Opale )_jouer' is clicked on

2022-07-19 16:48:35 - [MESSAGE][PASSED] - Object: 'Object Repository/Page_Concours photo  votez pour la plus bel_494087/input_concat(Votez pour le plus beau chien de la cte d, , Opale )_jouer' is clicked on

2022-07-19 16:48:36 - [TEST_STEP][PASSED] - if (verifyElementPresent(findTestObject("Page_Concours photo  votez pour la plus bel_494087/input_concat(Votez pour le plus beau chien de la cte d, , Opale )_jouer"), 1, OPTIONAL)): null

2022-07-19 16:48:37 - [MESSAGE][PASSED] - Object 'Object Repository/Page_Concours photo  votez pour la plus bel_494087/input_concat(Votez pour le plus beau chien de la cte d, , Opale )_jouer' is present

2022-07-19 16:48:37 - [TEST_STEP][PASSED] - click(findTestObject("Object Repository/Page_Concours photo  votez pour la plus bel_494087/input_concat(Votez pour le plus beau chien de la cte d, , Opale )_jouer")): Object: 'Object Repository/Page_Concours photo  votez pour la plus bel_494087/input_concat(Votez pour le plus beau chien de la cte d, , Opale )_jouer' is clicked on

2022-07-19 16:48:37 - [MESSAGE][PASSED] - Object: 'Object Repository/Page_Concours photo  votez pour la plus bel_494087/input_concat(Votez pour le plus beau chien de la cte d, , Opale )_jouer' is clicked on

2022-07-19 16:48:37 - [TEST_STEP][PASSED] - delay(1): Delayed 1 second(s)

2022-07-19 16:48:38 - [MESSAGE][PASSED] - Delayed 1 second(s)

2022-07-19 16:48:38 - [TEST_STEP][PASSED] - setText(findTestObject("Object Repository/Page_Concours photo  votez pour la plus bel_494087/input_trie par_keyword"), "Gaspard"): Text 'Gaspard' is set on object 'Object Repository/Page_Concours photo  votez pour la plus bel_494087/input_trie par_keyword'

2022-07-19 16:48:40 - [MESSAGE][PASSED] - Text 'Gaspard' is set on object 'Object Repository/Page_Concours photo  votez pour la plus bel_494087/input_trie par_keyword'

2022-07-19 16:48:40 - [TEST_STEP][PASSED] - sendKeys(findTestObject("Page_Concours photo  votez pour la plus bel_494087/input_trie par_keyword"), Keys.chord(ENTER)): Keys 'ENTER + ' sent to object: 'Object Repository/Page_Concours photo  votez pour la plus bel_494087/input_trie par_keyword'

2022-07-19 16:48:42 - [MESSAGE][PASSED] - Keys 'ENTER + ' sent to object: 'Object Repository/Page_Concours photo  votez pour la plus bel_494087/input_trie par_keyword'

2022-07-19 16:48:42 - [TEST_STEP][PASSED] - click(findTestObject("Page_Concours photo  votez pour la plus bel_494087/tri")): Object: 'Object Repository/Page_Concours photo  votez pour la plus bel_494087/tri' is clicked on

2022-07-19 16:48:42 - [MESSAGE][PASSED] - Object: 'Object Repository/Page_Concours photo  votez pour la plus bel_494087/tri' is clicked on

2022-07-19 16:48:42 - [TEST_STEP][PASSED] - click(findTestObject("Page_Concours photo  votez pour la plus bel_494087/plus de votes")): Object: 'Object Repository/Page_Concours photo  votez pour la plus bel_494087/plus de votes' is clicked on

2022-07-19 16:48:43 - [MESSAGE][PASSED] - Object: 'Object Repository/Page_Concours photo  votez pour la plus bel_494087/plus de votes' is clicked on

2022-07-19 16:48:45 - [TEST_STEP][PASSED] - click(findTestObject("Object Repository/Page_Concours photo  votez pour la plus bel_494087/i_Votes_fa fa-heart")): Object: 'Object Repository/Page_Concours photo  votez pour la plus bel_494087/i_Votes_fa fa-heart' is clicked on

2022-07-19 16:48:46 - [MESSAGE][PASSED] - Object: 'Object Repository/Page_Concours photo  votez pour la plus bel_494087/i_Votes_fa fa-heart' is clicked on

2022-07-19 16:48:46 - [TEST_STEP][PASSED] - delay(1): Delayed 1 second(s)

2022-07-19 16:48:47 - [MESSAGE][PASSED] - Delayed 1 second(s)

2022-07-19 16:48:47 - [TEST_STEP][PASSED] - closeBrowser(): Browser is closed

2022-07-19 16:48:47 - [MESSAGE][PASSED] - Browser is closed]]></system-out>
         <system-err><![CDATA[]]></system-err>
      </testcase>
      <testcase name="Test Cases/Vote" time="23.628" classname="Test Cases/Vote" status="PASSED">
         <system-out><![CDATA[2022-07-19 16:48:47 - [TEST_CASE][PASSED] - Test Cases/Vote: Test Cases/Vote

2022-07-19 16:48:47 - [TEST_STEP][PASSED] - openBrowser(""): Browser is opened with url: ''

2022-07-19 16:48:47 - [MESSAGE][INFO] - Starting 'Chrome' driver

2022-07-19 16:48:47 - [MESSAGE][INFO] - Action delay is set to 0 milliseconds

2022-07-19 16:48:48 - [MESSAGE][PASSED] - Browser is opened with url: ''

2022-07-19 16:48:48 - [TEST_STEP][PASSED] - navigateToUrl("https://lesechosdutouquet.nordlittoral.fr/147787/article/2022-06-30/concours-photo-montrez-nous-la-plus-belle-photo-de-votre-chien-en-promenade-sur#l5lb6r47qsmp9ur58y"): Navigate to 'https://lesechosdutouquet.nordlittoral.fr/147787/article/2022-06-30/concours-photo-montrez-nous-la-plus-belle-photo-de-votre-chien-en-promenade-sur#l5lb6r47qsmp9ur58y' successfully

2022-07-19 16:48:51 - [MESSAGE][PASSED] - Navigate to 'https://lesechosdutouquet.nordlittoral.fr/147787/article/2022-06-30/concours-photo-montrez-nous-la-plus-belle-photo-de-votre-chien-en-promenade-sur#l5lb6r47qsmp9ur58y' successfully

2022-07-19 16:48:51 - [TEST_STEP][PASSED] - setViewPortSize(1920, 1080): Viewport is set to new size with width = 1920 and height = 1080

2022-07-19 16:48:51 - [MESSAGE][PASSED] - Viewport is set to new size with width = 1920 and height = 1080

2022-07-19 16:48:51 - [TEST_STEP][PASSED] - click(findTestObject("Object Repository/Page_Concours photo  votez pour la plus bel_494087/button_Accepter  Fermer")): Object: 'Object Repository/Page_Concours photo  votez pour la plus bel_494087/button_Accepter  Fermer' is clicked on

2022-07-19 16:48:52 - [MESSAGE][PASSED] - Object: 'Object Repository/Page_Concours photo  votez pour la plus bel_494087/button_Accepter  Fermer' is clicked on

2022-07-19 16:48:52 - [TEST_STEP][PASSED] - waitForElementVisible(findTestObject("Object Repository/Page_Concours photo  votez pour la plus bel_494087/a_X"), 15): Object 'Object Repository/Page_Concours photo  votez pour la plus bel_494087/a_X' is visible

2022-07-19 16:48:59 - [MESSAGE][PASSED] - Object 'Object Repository/Page_Concours photo  votez pour la plus bel_494087/a_X' is visible

2022-07-19 16:48:59 - [TEST_STEP][PASSED] - click(findTestObject("Object Repository/Page_Concours photo  votez pour la plus bel_494087/a_X")): Object: 'Object Repository/Page_Concours photo  votez pour la plus bel_494087/a_X' is clicked on

2022-07-19 16:48:59 - [MESSAGE][PASSED] - Object: 'Object Repository/Page_Concours photo  votez pour la plus bel_494087/a_X' is clicked on

2022-07-19 16:48:59 - [TEST_STEP][PASSED] - delay(1): Delayed 1 second(s)

2022-07-19 16:49:00 - [MESSAGE][PASSED] - Delayed 1 second(s)

2022-07-19 16:49:00 - [TEST_STEP][PASSED] - click(findTestObject("Object Repository/Page_Concours photo  votez pour la plus bel_494087/input_concat(Votez pour le plus beau chien de la cte d, , Opale )_jouer")): Object: 'Object Repository/Page_Concours photo  votez pour la plus bel_494087/input_concat(Votez pour le plus beau chien de la cte d, , Opale )_jouer' is clicked on

2022-07-19 16:49:01 - [MESSAGE][PASSED] - Object: 'Object Repository/Page_Concours photo  votez pour la plus bel_494087/input_concat(Votez pour le plus beau chien de la cte d, , Opale )_jouer' is clicked on

2022-07-19 16:49:01 - [TEST_STEP][PASSED] - if (verifyElementPresent(findTestObject("Page_Concours photo  votez pour la plus bel_494087/input_concat(Votez pour le plus beau chien de la cte d, , Opale )_jouer"), 1, OPTIONAL)): null

2022-07-19 16:49:02 - [MESSAGE][PASSED] - Object 'Object Repository/Page_Concours photo  votez pour la plus bel_494087/input_concat(Votez pour le plus beau chien de la cte d, , Opale )_jouer' is present

2022-07-19 16:49:02 - [TEST_STEP][PASSED] - click(findTestObject("Object Repository/Page_Concours photo  votez pour la plus bel_494087/input_concat(Votez pour le plus beau chien de la cte d, , Opale )_jouer")): Object: 'Object Repository/Page_Concours photo  votez pour la plus bel_494087/input_concat(Votez pour le plus beau chien de la cte d, , Opale )_jouer' is clicked on

2022-07-19 16:49:03 - [MESSAGE][PASSED] - Object: 'Object Repository/Page_Concours photo  votez pour la plus bel_494087/input_concat(Votez pour le plus beau chien de la cte d, , Opale )_jouer' is clicked on

2022-07-19 16:49:03 - [TEST_STEP][PASSED] - delay(1): Delayed 1 second(s)

2022-07-19 16:49:04 - [MESSAGE][PASSED] - Delayed 1 second(s)

2022-07-19 16:49:04 - [TEST_STEP][PASSED] - setText(findTestObject("Object Repository/Page_Concours photo  votez pour la plus bel_494087/input_trie par_keyword"), "Gaspard"): Text 'Gaspard' is set on object 'Object Repository/Page_Concours photo  votez pour la plus bel_494087/input_trie par_keyword'

2022-07-19 16:49:05 - [MESSAGE][PASSED] - Text 'Gaspard' is set on object 'Object Repository/Page_Concours photo  votez pour la plus bel_494087/input_trie par_keyword'

2022-07-19 16:49:05 - [TEST_STEP][PASSED] - sendKeys(findTestObject("Page_Concours photo  votez pour la plus bel_494087/input_trie par_keyword"), Keys.chord(ENTER)): Keys 'ENTER + ' sent to object: 'Object Repository/Page_Concours photo  votez pour la plus bel_494087/input_trie par_keyword'

2022-07-19 16:49:06 - [MESSAGE][PASSED] - Keys 'ENTER + ' sent to object: 'Object Repository/Page_Concours photo  votez pour la plus bel_494087/input_trie par_keyword'

2022-07-19 16:49:06 - [TEST_STEP][PASSED] - click(findTestObject("Page_Concours photo  votez pour la plus bel_494087/tri")): Object: 'Object Repository/Page_Concours photo  votez pour la plus bel_494087/tri' is clicked on

2022-07-19 16:49:07 - [MESSAGE][PASSED] - Object: 'Object Repository/Page_Concours photo  votez pour la plus bel_494087/tri' is clicked on

2022-07-19 16:49:07 - [TEST_STEP][PASSED] - click(findTestObject("Page_Concours photo  votez pour la plus bel_494087/plus de votes")): Object: 'Object Repository/Page_Concours photo  votez pour la plus bel_494087/plus de votes' is clicked on

2022-07-19 16:49:07 - [MESSAGE][PASSED] - Object: 'Object Repository/Page_Concours photo  votez pour la plus bel_494087/plus de votes' is clicked on

2022-07-19 16:49:09 - [TEST_STEP][PASSED] - click(findTestObject("Object Repository/Page_Concours photo  votez pour la plus bel_494087/i_Votes_fa fa-heart")): Object: 'Object Repository/Page_Concours photo  votez pour la plus bel_494087/i_Votes_fa fa-heart' is clicked on

2022-07-19 16:49:09 - [MESSAGE][PASSED] - Object: 'Object Repository/Page_Concours photo  votez pour la plus bel_494087/i_Votes_fa fa-heart' is clicked on

2022-07-19 16:49:09 - [TEST_STEP][PASSED] - delay(1): Delayed 1 second(s)

2022-07-19 16:49:10 - [MESSAGE][PASSED] - Delayed 1 second(s)

2022-07-19 16:49:10 - [TEST_STEP][PASSED] - closeBrowser(): Browser is closed

2022-07-19 16:49:11 - [MESSAGE][PASSED] - Browser is closed]]></system-out>
         <system-err><![CDATA[]]></system-err>
      </testcase>
      <testcase name="Test Cases/Vote" time="35.308" classname="Test Cases/Vote" status="PASSED">
         <system-out><![CDATA[2022-07-19 16:49:11 - [TEST_CASE][PASSED] - Test Cases/Vote: Test Cases/Vote

2022-07-19 16:49:11 - [TEST_STEP][PASSED] - openBrowser(""): Browser is opened with url: ''

2022-07-19 16:49:11 - [MESSAGE][INFO] - Starting 'Chrome' driver

2022-07-19 16:49:11 - [MESSAGE][INFO] - Action delay is set to 0 milliseconds

2022-07-19 16:49:12 - [MESSAGE][PASSED] - Browser is opened with url: ''

2022-07-19 16:49:12 - [TEST_STEP][PASSED] - navigateToUrl("https://lesechosdutouquet.nordlittoral.fr/147787/article/2022-06-30/concours-photo-montrez-nous-la-plus-belle-photo-de-votre-chien-en-promenade-sur#l5lb6r47qsmp9ur58y"): Navigate to 'https://lesechosdutouquet.nordlittoral.fr/147787/article/2022-06-30/concours-photo-montrez-nous-la-plus-belle-photo-de-votre-chien-en-promenade-sur#l5lb6r47qsmp9ur58y' successfully

2022-07-19 16:49:24 - [MESSAGE][PASSED] - Navigate to 'https://lesechosdutouquet.nordlittoral.fr/147787/article/2022-06-30/concours-photo-montrez-nous-la-plus-belle-photo-de-votre-chien-en-promenade-sur#l5lb6r47qsmp9ur58y' successfully

2022-07-19 16:49:24 - [TEST_STEP][PASSED] - setViewPortSize(1920, 1080): Viewport is set to new size with width = 1920 and height = 1080

2022-07-19 16:49:24 - [MESSAGE][PASSED] - Viewport is set to new size with width = 1920 and height = 1080

2022-07-19 16:49:24 - [TEST_STEP][PASSED] - click(findTestObject("Object Repository/Page_Concours photo  votez pour la plus bel_494087/button_Accepter  Fermer")): Object: 'Object Repository/Page_Concours photo  votez pour la plus bel_494087/button_Accepter  Fermer' is clicked on

2022-07-19 16:49:25 - [MESSAGE][PASSED] - Object: 'Object Repository/Page_Concours photo  votez pour la plus bel_494087/button_Accepter  Fermer' is clicked on

2022-07-19 16:49:25 - [TEST_STEP][PASSED] - waitForElementVisible(findTestObject("Object Repository/Page_Concours photo  votez pour la plus bel_494087/a_X"), 15): Object 'Object Repository/Page_Concours photo  votez pour la plus bel_494087/a_X' is visible

2022-07-19 16:49:33 - [MESSAGE][PASSED] - Object 'Object Repository/Page_Concours photo  votez pour la plus bel_494087/a_X' is visible

2022-07-19 16:49:33 - [TEST_STEP][PASSED] - click(findTestObject("Object Repository/Page_Concours photo  votez pour la plus bel_494087/a_X")): Object: 'Object Repository/Page_Concours photo  votez pour la plus bel_494087/a_X' is clicked on

2022-07-19 16:49:33 - [MESSAGE][PASSED] - Object: 'Object Repository/Page_Concours photo  votez pour la plus bel_494087/a_X' is clicked on

2022-07-19 16:49:33 - [TEST_STEP][PASSED] - delay(1): Delayed 1 second(s)

2022-07-19 16:49:34 - [MESSAGE][PASSED] - Delayed 1 second(s)

2022-07-19 16:49:34 - [TEST_STEP][PASSED] - click(findTestObject("Object Repository/Page_Concours photo  votez pour la plus bel_494087/input_concat(Votez pour le plus beau chien de la cte d, , Opale )_jouer")): Object: 'Object Repository/Page_Concours photo  votez pour la plus bel_494087/input_concat(Votez pour le plus beau chien de la cte d, , Opale )_jouer' is clicked on

2022-07-19 16:49:35 - [MESSAGE][PASSED] - Object: 'Object Repository/Page_Concours photo  votez pour la plus bel_494087/input_concat(Votez pour le plus beau chien de la cte d, , Opale )_jouer' is clicked on

2022-07-19 16:49:35 - [TEST_STEP][PASSED] - if (verifyElementPresent(findTestObject("Page_Concours photo  votez pour la plus bel_494087/input_concat(Votez pour le plus beau chien de la cte d, , Opale )_jouer"), 1, OPTIONAL)): null

2022-07-19 16:49:36 - [MESSAGE][PASSED] - Object 'Object Repository/Page_Concours photo  votez pour la plus bel_494087/input_concat(Votez pour le plus beau chien de la cte d, , Opale )_jouer' is present

2022-07-19 16:49:36 - [TEST_STEP][PASSED] - click(findTestObject("Object Repository/Page_Concours photo  votez pour la plus bel_494087/input_concat(Votez pour le plus beau chien de la cte d, , Opale )_jouer")): Object: 'Object Repository/Page_Concours photo  votez pour la plus bel_494087/input_concat(Votez pour le plus beau chien de la cte d, , Opale )_jouer' is clicked on

2022-07-19 16:49:37 - [MESSAGE][PASSED] - Object: 'Object Repository/Page_Concours photo  votez pour la plus bel_494087/input_concat(Votez pour le plus beau chien de la cte d, , Opale )_jouer' is clicked on

2022-07-19 16:49:37 - [TEST_STEP][PASSED] - delay(1): Delayed 1 second(s)

2022-07-19 16:49:38 - [MESSAGE][PASSED] - Delayed 1 second(s)

2022-07-19 16:49:38 - [TEST_STEP][PASSED] - setText(findTestObject("Object Repository/Page_Concours photo  votez pour la plus bel_494087/input_trie par_keyword"), "Gaspard"): Text 'Gaspard' is set on object 'Object Repository/Page_Concours photo  votez pour la plus bel_494087/input_trie par_keyword'

2022-07-19 16:49:39 - [MESSAGE][PASSED] - Text 'Gaspard' is set on object 'Object Repository/Page_Concours photo  votez pour la plus bel_494087/input_trie par_keyword'

2022-07-19 16:49:39 - [TEST_STEP][PASSED] - sendKeys(findTestObject("Page_Concours photo  votez pour la plus bel_494087/input_trie par_keyword"), Keys.chord(ENTER)): Keys 'ENTER + ' sent to object: 'Object Repository/Page_Concours photo  votez pour la plus bel_494087/input_trie par_keyword'

2022-07-19 16:49:41 - [MESSAGE][PASSED] - Keys 'ENTER + ' sent to object: 'Object Repository/Page_Concours photo  votez pour la plus bel_494087/input_trie par_keyword'

2022-07-19 16:49:41 - [TEST_STEP][PASSED] - click(findTestObject("Page_Concours photo  votez pour la plus bel_494087/tri")): Object: 'Object Repository/Page_Concours photo  votez pour la plus bel_494087/tri' is clicked on

2022-07-19 16:49:42 - [MESSAGE][PASSED] - Object: 'Object Repository/Page_Concours photo  votez pour la plus bel_494087/tri' is clicked on

2022-07-19 16:49:42 - [TEST_STEP][PASSED] - click(findTestObject("Page_Concours photo  votez pour la plus bel_494087/plus de votes")): Object: 'Object Repository/Page_Concours photo  votez pour la plus bel_494087/plus de votes' is clicked on

2022-07-19 16:49:42 - [MESSAGE][PASSED] - Object: 'Object Repository/Page_Concours photo  votez pour la plus bel_494087/plus de votes' is clicked on

2022-07-19 16:49:44 - [TEST_STEP][PASSED] - click(findTestObject("Object Repository/Page_Concours photo  votez pour la plus bel_494087/i_Votes_fa fa-heart")): Object: 'Object Repository/Page_Concours photo  votez pour la plus bel_494087/i_Votes_fa fa-heart' is clicked on

2022-07-19 16:49:45 - [MESSAGE][PASSED] - Object: 'Object Repository/Page_Concours photo  votez pour la plus bel_494087/i_Votes_fa fa-heart' is clicked on

2022-07-19 16:49:45 - [TEST_STEP][PASSED] - delay(1): Delayed 1 second(s)

2022-07-19 16:49:46 - [MESSAGE][PASSED] - Delayed 1 second(s)

2022-07-19 16:49:46 - [TEST_STEP][PASSED] - closeBrowser(): Browser is closed

2022-07-19 16:49:46 - [MESSAGE][PASSED] - Browser is closed]]></system-out>
         <system-err><![CDATA[]]></system-err>
      </testcase>
      <testcase name="Test Cases/Vote" time="25.938" classname="Test Cases/Vote" status="PASSED">
         <system-out><![CDATA[2022-07-19 16:49:46 - [TEST_CASE][PASSED] - Test Cases/Vote: Test Cases/Vote

2022-07-19 16:49:46 - [TEST_STEP][PASSED] - openBrowser(""): Browser is opened with url: ''

2022-07-19 16:49:46 - [MESSAGE][INFO] - Starting 'Chrome' driver

2022-07-19 16:49:46 - [MESSAGE][INFO] - Action delay is set to 0 milliseconds

2022-07-19 16:49:47 - [MESSAGE][PASSED] - Browser is opened with url: ''

2022-07-19 16:49:47 - [TEST_STEP][PASSED] - navigateToUrl("https://lesechosdutouquet.nordlittoral.fr/147787/article/2022-06-30/concours-photo-montrez-nous-la-plus-belle-photo-de-votre-chien-en-promenade-sur#l5lb6r47qsmp9ur58y"): Navigate to 'https://lesechosdutouquet.nordlittoral.fr/147787/article/2022-06-30/concours-photo-montrez-nous-la-plus-belle-photo-de-votre-chien-en-promenade-sur#l5lb6r47qsmp9ur58y' successfully

2022-07-19 16:49:51 - [MESSAGE][PASSED] - Navigate to 'https://lesechosdutouquet.nordlittoral.fr/147787/article/2022-06-30/concours-photo-montrez-nous-la-plus-belle-photo-de-votre-chien-en-promenade-sur#l5lb6r47qsmp9ur58y' successfully

2022-07-19 16:49:51 - [TEST_STEP][PASSED] - setViewPortSize(1920, 1080): Viewport is set to new size with width = 1920 and height = 1080

2022-07-19 16:49:51 - [MESSAGE][PASSED] - Viewport is set to new size with width = 1920 and height = 1080

2022-07-19 16:49:51 - [TEST_STEP][PASSED] - click(findTestObject("Object Repository/Page_Concours photo  votez pour la plus bel_494087/button_Accepter  Fermer")): Object: 'Object Repository/Page_Concours photo  votez pour la plus bel_494087/button_Accepter  Fermer' is clicked on

2022-07-19 16:49:52 - [MESSAGE][PASSED] - Object: 'Object Repository/Page_Concours photo  votez pour la plus bel_494087/button_Accepter  Fermer' is clicked on

2022-07-19 16:49:52 - [TEST_STEP][PASSED] - waitForElementVisible(findTestObject("Object Repository/Page_Concours photo  votez pour la plus bel_494087/a_X"), 15): Object 'Object Repository/Page_Concours photo  votez pour la plus bel_494087/a_X' is visible

2022-07-19 16:49:59 - [MESSAGE][PASSED] - Object 'Object Repository/Page_Concours photo  votez pour la plus bel_494087/a_X' is visible

2022-07-19 16:49:59 - [TEST_STEP][PASSED] - click(findTestObject("Object Repository/Page_Concours photo  votez pour la plus bel_494087/a_X")): Object: 'Object Repository/Page_Concours photo  votez pour la plus bel_494087/a_X' is clicked on

2022-07-19 16:49:59 - [MESSAGE][PASSED] - Object: 'Object Repository/Page_Concours photo  votez pour la plus bel_494087/a_X' is clicked on

2022-07-19 16:49:59 - [TEST_STEP][PASSED] - delay(1): Delayed 1 second(s)

2022-07-19 16:50:00 - [MESSAGE][PASSED] - Delayed 1 second(s)

2022-07-19 16:50:00 - [TEST_STEP][PASSED] - click(findTestObject("Object Repository/Page_Concours photo  votez pour la plus bel_494087/input_concat(Votez pour le plus beau chien de la cte d, , Opale )_jouer")): Object: 'Object Repository/Page_Concours photo  votez pour la plus bel_494087/input_concat(Votez pour le plus beau chien de la cte d, , Opale )_jouer' is clicked on

2022-07-19 16:50:01 - [MESSAGE][PASSED] - Object: 'Object Repository/Page_Concours photo  votez pour la plus bel_494087/input_concat(Votez pour le plus beau chien de la cte d, , Opale )_jouer' is clicked on

2022-07-19 16:50:01 - [TEST_STEP][PASSED] - if (verifyElementPresent(findTestObject("Page_Concours photo  votez pour la plus bel_494087/input_concat(Votez pour le plus beau chien de la cte d, , Opale )_jouer"), 1, OPTIONAL)): null

2022-07-19 16:50:02 - [MESSAGE][PASSED] - Object 'Object Repository/Page_Concours photo  votez pour la plus bel_494087/input_concat(Votez pour le plus beau chien de la cte d, , Opale )_jouer' is present

2022-07-19 16:50:02 - [TEST_STEP][PASSED] - click(findTestObject("Object Repository/Page_Concours photo  votez pour la plus bel_494087/input_concat(Votez pour le plus beau chien de la cte d, , Opale )_jouer")): Object: 'Object Repository/Page_Concours photo  votez pour la plus bel_494087/input_concat(Votez pour le plus beau chien de la cte d, , Opale )_jouer' is clicked on

2022-07-19 16:50:03 - [MESSAGE][PASSED] - Object: 'Object Repository/Page_Concours photo  votez pour la plus bel_494087/input_concat(Votez pour le plus beau chien de la cte d, , Opale )_jouer' is clicked on

2022-07-19 16:50:03 - [TEST_STEP][PASSED] - delay(1): Delayed 1 second(s)

2022-07-19 16:50:04 - [MESSAGE][PASSED] - Delayed 1 second(s)

2022-07-19 16:50:04 - [TEST_STEP][PASSED] - setText(findTestObject("Object Repository/Page_Concours photo  votez pour la plus bel_494087/input_trie par_keyword"), "Gaspard"): Text 'Gaspard' is set on object 'Object Repository/Page_Concours photo  votez pour la plus bel_494087/input_trie par_keyword'

2022-07-19 16:50:06 - [MESSAGE][PASSED] - Text 'Gaspard' is set on object 'Object Repository/Page_Concours photo  votez pour la plus bel_494087/input_trie par_keyword'

2022-07-19 16:50:06 - [TEST_STEP][PASSED] - sendKeys(findTestObject("Page_Concours photo  votez pour la plus bel_494087/input_trie par_keyword"), Keys.chord(ENTER)): Keys 'ENTER + ' sent to object: 'Object Repository/Page_Concours photo  votez pour la plus bel_494087/input_trie par_keyword'

2022-07-19 16:50:08 - [MESSAGE][PASSED] - Keys 'ENTER + ' sent to object: 'Object Repository/Page_Concours photo  votez pour la plus bel_494087/input_trie par_keyword'

2022-07-19 16:50:08 - [TEST_STEP][PASSED] - click(findTestObject("Page_Concours photo  votez pour la plus bel_494087/tri")): Object: 'Object Repository/Page_Concours photo  votez pour la plus bel_494087/tri' is clicked on

2022-07-19 16:50:08 - [MESSAGE][PASSED] - Object: 'Object Repository/Page_Concours photo  votez pour la plus bel_494087/tri' is clicked on

2022-07-19 16:50:08 - [TEST_STEP][PASSED] - click(findTestObject("Page_Concours photo  votez pour la plus bel_494087/plus de votes")): Object: 'Object Repository/Page_Concours photo  votez pour la plus bel_494087/plus de votes' is clicked on

2022-07-19 16:50:09 - [MESSAGE][PASSED] - Object: 'Object Repository/Page_Concours photo  votez pour la plus bel_494087/plus de votes' is clicked on

2022-07-19 16:50:10 - [TEST_STEP][PASSED] - click(findTestObject("Object Repository/Page_Concours photo  votez pour la plus bel_494087/i_Votes_fa fa-heart")): Object: 'Object Repository/Page_Concours photo  votez pour la plus bel_494087/i_Votes_fa fa-heart' is clicked on

2022-07-19 16:50:11 - [MESSAGE][PASSED] - Object: 'Object Repository/Page_Concours photo  votez pour la plus bel_494087/i_Votes_fa fa-heart' is clicked on

2022-07-19 16:50:11 - [TEST_STEP][PASSED] - delay(1): Delayed 1 second(s)

2022-07-19 16:50:12 - [MESSAGE][PASSED] - Delayed 1 second(s)

2022-07-19 16:50:12 - [TEST_STEP][PASSED] - closeBrowser(): Browser is closed

2022-07-19 16:50:12 - [MESSAGE][PASSED] - Browser is closed]]></system-out>
         <system-err><![CDATA[]]></system-err>
      </testcase>
      <testcase name="Test Cases/Vote" time="25.096" classname="Test Cases/Vote" status="PASSED">
         <system-out><![CDATA[2022-07-19 16:50:12 - [TEST_CASE][PASSED] - Test Cases/Vote: Test Cases/Vote

2022-07-19 16:50:12 - [TEST_STEP][PASSED] - openBrowser(""): Browser is opened with url: ''

2022-07-19 16:50:12 - [MESSAGE][INFO] - Starting 'Chrome' driver

2022-07-19 16:50:12 - [MESSAGE][INFO] - Action delay is set to 0 milliseconds

2022-07-19 16:50:13 - [MESSAGE][PASSED] - Browser is opened with url: ''

2022-07-19 16:50:13 - [TEST_STEP][PASSED] - navigateToUrl("https://lesechosdutouquet.nordlittoral.fr/147787/article/2022-06-30/concours-photo-montrez-nous-la-plus-belle-photo-de-votre-chien-en-promenade-sur#l5lb6r47qsmp9ur58y"): Navigate to 'https://lesechosdutouquet.nordlittoral.fr/147787/article/2022-06-30/concours-photo-montrez-nous-la-plus-belle-photo-de-votre-chien-en-promenade-sur#l5lb6r47qsmp9ur58y' successfully

2022-07-19 16:50:16 - [MESSAGE][PASSED] - Navigate to 'https://lesechosdutouquet.nordlittoral.fr/147787/article/2022-06-30/concours-photo-montrez-nous-la-plus-belle-photo-de-votre-chien-en-promenade-sur#l5lb6r47qsmp9ur58y' successfully

2022-07-19 16:50:16 - [TEST_STEP][PASSED] - setViewPortSize(1920, 1080): Viewport is set to new size with width = 1920 and height = 1080

2022-07-19 16:50:16 - [MESSAGE][PASSED] - Viewport is set to new size with width = 1920 and height = 1080

2022-07-19 16:50:16 - [TEST_STEP][PASSED] - click(findTestObject("Object Repository/Page_Concours photo  votez pour la plus bel_494087/button_Accepter  Fermer")): Object: 'Object Repository/Page_Concours photo  votez pour la plus bel_494087/button_Accepter  Fermer' is clicked on

2022-07-19 16:50:17 - [MESSAGE][PASSED] - Object: 'Object Repository/Page_Concours photo  votez pour la plus bel_494087/button_Accepter  Fermer' is clicked on

2022-07-19 16:50:17 - [TEST_STEP][PASSED] - waitForElementVisible(findTestObject("Object Repository/Page_Concours photo  votez pour la plus bel_494087/a_X"), 15): Object 'Object Repository/Page_Concours photo  votez pour la plus bel_494087/a_X' is visible

2022-07-19 16:50:23 - [MESSAGE][PASSED] - Object 'Object Repository/Page_Concours photo  votez pour la plus bel_494087/a_X' is visible

2022-07-19 16:50:23 - [TEST_STEP][PASSED] - click(findTestObject("Object Repository/Page_Concours photo  votez pour la plus bel_494087/a_X")): Object: 'Object Repository/Page_Concours photo  votez pour la plus bel_494087/a_X' is clicked on

2022-07-19 16:50:24 - [MESSAGE][PASSED] - Object: 'Object Repository/Page_Concours photo  votez pour la plus bel_494087/a_X' is clicked on

2022-07-19 16:50:24 - [TEST_STEP][PASSED] - delay(1): Delayed 1 second(s)

2022-07-19 16:50:25 - [MESSAGE][PASSED] - Delayed 1 second(s)

2022-07-19 16:50:25 - [TEST_STEP][PASSED] - click(findTestObject("Object Repository/Page_Concours photo  votez pour la plus bel_494087/input_concat(Votez pour le plus beau chien de la cte d, , Opale )_jouer")): Object: 'Object Repository/Page_Concours photo  votez pour la plus bel_494087/input_concat(Votez pour le plus beau chien de la cte d, , Opale )_jouer' is clicked on

2022-07-19 16:50:26 - [MESSAGE][PASSED] - Object: 'Object Repository/Page_Concours photo  votez pour la plus bel_494087/input_concat(Votez pour le plus beau chien de la cte d, , Opale )_jouer' is clicked on

2022-07-19 16:50:26 - [TEST_STEP][PASSED] - if (verifyElementPresent(findTestObject("Page_Concours photo  votez pour la plus bel_494087/input_concat(Votez pour le plus beau chien de la cte d, , Opale )_jouer"), 1, OPTIONAL)): null

2022-07-19 16:50:28 - [MESSAGE][PASSED] - Object 'Object Repository/Page_Concours photo  votez pour la plus bel_494087/input_concat(Votez pour le plus beau chien de la cte d, , Opale )_jouer' is present

2022-07-19 16:50:28 - [TEST_STEP][PASSED] - click(findTestObject("Object Repository/Page_Concours photo  votez pour la plus bel_494087/input_concat(Votez pour le plus beau chien de la cte d, , Opale )_jouer")): Object: 'Object Repository/Page_Concours photo  votez pour la plus bel_494087/input_concat(Votez pour le plus beau chien de la cte d, , Opale )_jouer' is clicked on

2022-07-19 16:50:28 - [MESSAGE][PASSED] - Object: 'Object Repository/Page_Concours photo  votez pour la plus bel_494087/input_concat(Votez pour le plus beau chien de la cte d, , Opale )_jouer' is clicked on

2022-07-19 16:50:28 - [TEST_STEP][PASSED] - delay(1): Delayed 1 second(s)

2022-07-19 16:50:29 - [MESSAGE][PASSED] - Delayed 1 second(s)

2022-07-19 16:50:29 - [TEST_STEP][PASSED] - setText(findTestObject("Object Repository/Page_Concours photo  votez pour la plus bel_494087/input_trie par_keyword"), "Gaspard"): Text 'Gaspard' is set on object 'Object Repository/Page_Concours photo  votez pour la plus bel_494087/input_trie par_keyword'

2022-07-19 16:50:31 - [MESSAGE][PASSED] - Text 'Gaspard' is set on object 'Object Repository/Page_Concours photo  votez pour la plus bel_494087/input_trie par_keyword'

2022-07-19 16:50:31 - [TEST_STEP][PASSED] - sendKeys(findTestObject("Page_Concours photo  votez pour la plus bel_494087/input_trie par_keyword"), Keys.chord(ENTER)): Keys 'ENTER + ' sent to object: 'Object Repository/Page_Concours photo  votez pour la plus bel_494087/input_trie par_keyword'

2022-07-19 16:50:33 - [MESSAGE][PASSED] - Keys 'ENTER + ' sent to object: 'Object Repository/Page_Concours photo  votez pour la plus bel_494087/input_trie par_keyword'

2022-07-19 16:50:33 - [TEST_STEP][PASSED] - click(findTestObject("Page_Concours photo  votez pour la plus bel_494087/tri")): Object: 'Object Repository/Page_Concours photo  votez pour la plus bel_494087/tri' is clicked on

2022-07-19 16:50:33 - [MESSAGE][PASSED] - Object: 'Object Repository/Page_Concours photo  votez pour la plus bel_494087/tri' is clicked on

2022-07-19 16:50:33 - [TEST_STEP][PASSED] - click(findTestObject("Page_Concours photo  votez pour la plus bel_494087/plus de votes")): Object: 'Object Repository/Page_Concours photo  votez pour la plus bel_494087/plus de votes' is clicked on

2022-07-19 16:50:34 - [MESSAGE][PASSED] - Object: 'Object Repository/Page_Concours photo  votez pour la plus bel_494087/plus de votes' is clicked on

2022-07-19 16:50:35 - [TEST_STEP][PASSED] - click(findTestObject("Object Repository/Page_Concours photo  votez pour la plus bel_494087/i_Votes_fa fa-heart")): Object: 'Object Repository/Page_Concours photo  votez pour la plus bel_494087/i_Votes_fa fa-heart' is clicked on

2022-07-19 16:50:36 - [MESSAGE][PASSED] - Object: 'Object Repository/Page_Concours photo  votez pour la plus bel_494087/i_Votes_fa fa-heart' is clicked on

2022-07-19 16:50:36 - [TEST_STEP][PASSED] - delay(1): Delayed 1 second(s)

2022-07-19 16:50:37 - [MESSAGE][PASSED] - Delayed 1 second(s)

2022-07-19 16:50:37 - [TEST_STEP][PASSED] - closeBrowser(): Browser is closed

2022-07-19 16:50:37 - [MESSAGE][PASSED] - Browser is closed]]></system-out>
         <system-err><![CDATA[]]></system-err>
      </testcase>
      <testcase name="Test Cases/Vote" time="25.103" classname="Test Cases/Vote" status="PASSED">
         <system-out><![CDATA[2022-07-19 16:50:37 - [TEST_CASE][PASSED] - Test Cases/Vote: Test Cases/Vote

2022-07-19 16:50:37 - [TEST_STEP][PASSED] - openBrowser(""): Browser is opened with url: ''

2022-07-19 16:50:37 - [MESSAGE][INFO] - Starting 'Chrome' driver

2022-07-19 16:50:37 - [MESSAGE][INFO] - Action delay is set to 0 milliseconds

2022-07-19 16:50:38 - [MESSAGE][PASSED] - Browser is opened with url: ''

2022-07-19 16:50:38 - [TEST_STEP][PASSED] - navigateToUrl("https://lesechosdutouquet.nordlittoral.fr/147787/article/2022-06-30/concours-photo-montrez-nous-la-plus-belle-photo-de-votre-chien-en-promenade-sur#l5lb6r47qsmp9ur58y"): Navigate to 'https://lesechosdutouquet.nordlittoral.fr/147787/article/2022-06-30/concours-photo-montrez-nous-la-plus-belle-photo-de-votre-chien-en-promenade-sur#l5lb6r47qsmp9ur58y' successfully

2022-07-19 16:50:41 - [MESSAGE][PASSED] - Navigate to 'https://lesechosdutouquet.nordlittoral.fr/147787/article/2022-06-30/concours-photo-montrez-nous-la-plus-belle-photo-de-votre-chien-en-promenade-sur#l5lb6r47qsmp9ur58y' successfully

2022-07-19 16:50:41 - [TEST_STEP][PASSED] - setViewPortSize(1920, 1080): Viewport is set to new size with width = 1920 and height = 1080

2022-07-19 16:50:41 - [MESSAGE][PASSED] - Viewport is set to new size with width = 1920 and height = 1080

2022-07-19 16:50:41 - [TEST_STEP][PASSED] - click(findTestObject("Object Repository/Page_Concours photo  votez pour la plus bel_494087/button_Accepter  Fermer")): Object: 'Object Repository/Page_Concours photo  votez pour la plus bel_494087/button_Accepter  Fermer' is clicked on

2022-07-19 16:50:42 - [MESSAGE][PASSED] - Object: 'Object Repository/Page_Concours photo  votez pour la plus bel_494087/button_Accepter  Fermer' is clicked on

2022-07-19 16:50:42 - [TEST_STEP][PASSED] - waitForElementVisible(findTestObject("Object Repository/Page_Concours photo  votez pour la plus bel_494087/a_X"), 15): Object 'Object Repository/Page_Concours photo  votez pour la plus bel_494087/a_X' is visible

2022-07-19 16:50:49 - [MESSAGE][PASSED] - Object 'Object Repository/Page_Concours photo  votez pour la plus bel_494087/a_X' is visible

2022-07-19 16:50:49 - [TEST_STEP][PASSED] - click(findTestObject("Object Repository/Page_Concours photo  votez pour la plus bel_494087/a_X")): Object: 'Object Repository/Page_Concours photo  votez pour la plus bel_494087/a_X' is clicked on

2022-07-19 16:50:50 - [MESSAGE][PASSED] - Object: 'Object Repository/Page_Concours photo  votez pour la plus bel_494087/a_X' is clicked on

2022-07-19 16:50:50 - [TEST_STEP][PASSED] - delay(1): Delayed 1 second(s)

2022-07-19 16:50:51 - [MESSAGE][PASSED] - Delayed 1 second(s)

2022-07-19 16:50:51 - [TEST_STEP][PASSED] - click(findTestObject("Object Repository/Page_Concours photo  votez pour la plus bel_494087/input_concat(Votez pour le plus beau chien de la cte d, , Opale )_jouer")): Object: 'Object Repository/Page_Concours photo  votez pour la plus bel_494087/input_concat(Votez pour le plus beau chien de la cte d, , Opale )_jouer' is clicked on

2022-07-19 16:50:51 - [MESSAGE][PASSED] - Object: 'Object Repository/Page_Concours photo  votez pour la plus bel_494087/input_concat(Votez pour le plus beau chien de la cte d, , Opale )_jouer' is clicked on

2022-07-19 16:50:51 - [TEST_STEP][PASSED] - if (verifyElementPresent(findTestObject("Page_Concours photo  votez pour la plus bel_494087/input_concat(Votez pour le plus beau chien de la cte d, , Opale )_jouer"), 1, OPTIONAL)): null

2022-07-19 16:50:53 - [MESSAGE][PASSED] - Object 'Object Repository/Page_Concours photo  votez pour la plus bel_494087/input_concat(Votez pour le plus beau chien de la cte d, , Opale )_jouer' is present

2022-07-19 16:50:53 - [TEST_STEP][PASSED] - click(findTestObject("Object Repository/Page_Concours photo  votez pour la plus bel_494087/input_concat(Votez pour le plus beau chien de la cte d, , Opale )_jouer")): Object: 'Object Repository/Page_Concours photo  votez pour la plus bel_494087/input_concat(Votez pour le plus beau chien de la cte d, , Opale )_jouer' is clicked on

2022-07-19 16:50:53 - [MESSAGE][PASSED] - Object: 'Object Repository/Page_Concours photo  votez pour la plus bel_494087/input_concat(Votez pour le plus beau chien de la cte d, , Opale )_jouer' is clicked on

2022-07-19 16:50:53 - [TEST_STEP][PASSED] - delay(1): Delayed 1 second(s)

2022-07-19 16:50:54 - [MESSAGE][PASSED] - Delayed 1 second(s)

2022-07-19 16:50:54 - [TEST_STEP][PASSED] - setText(findTestObject("Object Repository/Page_Concours photo  votez pour la plus bel_494087/input_trie par_keyword"), "Gaspard"): Text 'Gaspard' is set on object 'Object Repository/Page_Concours photo  votez pour la plus bel_494087/input_trie par_keyword'

2022-07-19 16:50:56 - [MESSAGE][PASSED] - Text 'Gaspard' is set on object 'Object Repository/Page_Concours photo  votez pour la plus bel_494087/input_trie par_keyword'

2022-07-19 16:50:56 - [TEST_STEP][PASSED] - sendKeys(findTestObject("Page_Concours photo  votez pour la plus bel_494087/input_trie par_keyword"), Keys.chord(ENTER)): Keys 'ENTER + ' sent to object: 'Object Repository/Page_Concours photo  votez pour la plus bel_494087/input_trie par_keyword'

2022-07-19 16:50:58 - [MESSAGE][PASSED] - Keys 'ENTER + ' sent to object: 'Object Repository/Page_Concours photo  votez pour la plus bel_494087/input_trie par_keyword'

2022-07-19 16:50:58 - [TEST_STEP][PASSED] - click(findTestObject("Page_Concours photo  votez pour la plus bel_494087/tri")): Object: 'Object Repository/Page_Concours photo  votez pour la plus bel_494087/tri' is clicked on

2022-07-19 16:50:58 - [MESSAGE][PASSED] - Object: 'Object Repository/Page_Concours photo  votez pour la plus bel_494087/tri' is clicked on

2022-07-19 16:50:58 - [TEST_STEP][PASSED] - click(findTestObject("Page_Concours photo  votez pour la plus bel_494087/plus de votes")): Object: 'Object Repository/Page_Concours photo  votez pour la plus bel_494087/plus de votes' is clicked on

2022-07-19 16:50:59 - [MESSAGE][PASSED] - Object: 'Object Repository/Page_Concours photo  votez pour la plus bel_494087/plus de votes' is clicked on

2022-07-19 16:51:00 - [TEST_STEP][PASSED] - click(findTestObject("Object Repository/Page_Concours photo  votez pour la plus bel_494087/i_Votes_fa fa-heart")): Object: 'Object Repository/Page_Concours photo  votez pour la plus bel_494087/i_Votes_fa fa-heart' is clicked on

2022-07-19 16:51:01 - [MESSAGE][PASSED] - Object: 'Object Repository/Page_Concours photo  votez pour la plus bel_494087/i_Votes_fa fa-heart' is clicked on

2022-07-19 16:51:01 - [TEST_STEP][PASSED] - delay(1): Delayed 1 second(s)

2022-07-19 16:51:02 - [MESSAGE][PASSED] - Delayed 1 second(s)

2022-07-19 16:51:02 - [TEST_STEP][PASSED] - closeBrowser(): Browser is closed

2022-07-19 16:51:02 - [MESSAGE][PASSED] - Browser is closed]]></system-out>
         <system-err><![CDATA[]]></system-err>
      </testcase>
      <testcase name="Test Cases/Vote" time="25.067" classname="Test Cases/Vote" status="PASSED">
         <system-out><![CDATA[2022-07-19 16:51:02 - [TEST_CASE][PASSED] - Test Cases/Vote: Test Cases/Vote

2022-07-19 16:51:02 - [TEST_STEP][PASSED] - openBrowser(""): Browser is opened with url: ''

2022-07-19 16:51:02 - [MESSAGE][INFO] - Starting 'Chrome' driver

2022-07-19 16:51:02 - [MESSAGE][INFO] - Action delay is set to 0 milliseconds

2022-07-19 16:51:03 - [MESSAGE][PASSED] - Browser is opened with url: ''

2022-07-19 16:51:03 - [TEST_STEP][PASSED] - navigateToUrl("https://lesechosdutouquet.nordlittoral.fr/147787/article/2022-06-30/concours-photo-montrez-nous-la-plus-belle-photo-de-votre-chien-en-promenade-sur#l5lb6r47qsmp9ur58y"): Navigate to 'https://lesechosdutouquet.nordlittoral.fr/147787/article/2022-06-30/concours-photo-montrez-nous-la-plus-belle-photo-de-votre-chien-en-promenade-sur#l5lb6r47qsmp9ur58y' successfully

2022-07-19 16:51:06 - [MESSAGE][PASSED] - Navigate to 'https://lesechosdutouquet.nordlittoral.fr/147787/article/2022-06-30/concours-photo-montrez-nous-la-plus-belle-photo-de-votre-chien-en-promenade-sur#l5lb6r47qsmp9ur58y' successfully

2022-07-19 16:51:06 - [TEST_STEP][PASSED] - setViewPortSize(1920, 1080): Viewport is set to new size with width = 1920 and height = 1080

2022-07-19 16:51:07 - [MESSAGE][PASSED] - Viewport is set to new size with width = 1920 and height = 1080

2022-07-19 16:51:07 - [TEST_STEP][PASSED] - click(findTestObject("Object Repository/Page_Concours photo  votez pour la plus bel_494087/button_Accepter  Fermer")): Object: 'Object Repository/Page_Concours photo  votez pour la plus bel_494087/button_Accepter  Fermer' is clicked on

2022-07-19 16:51:08 - [MESSAGE][PASSED] - Object: 'Object Repository/Page_Concours photo  votez pour la plus bel_494087/button_Accepter  Fermer' is clicked on

2022-07-19 16:51:08 - [TEST_STEP][PASSED] - waitForElementVisible(findTestObject("Object Repository/Page_Concours photo  votez pour la plus bel_494087/a_X"), 15): Object 'Object Repository/Page_Concours photo  votez pour la plus bel_494087/a_X' is visible

2022-07-19 16:51:15 - [MESSAGE][PASSED] - Object 'Object Repository/Page_Concours photo  votez pour la plus bel_494087/a_X' is visible

2022-07-19 16:51:15 - [TEST_STEP][PASSED] - click(findTestObject("Object Repository/Page_Concours photo  votez pour la plus bel_494087/a_X")): Object: 'Object Repository/Page_Concours photo  votez pour la plus bel_494087/a_X' is clicked on

2022-07-19 16:51:15 - [MESSAGE][PASSED] - Object: 'Object Repository/Page_Concours photo  votez pour la plus bel_494087/a_X' is clicked on

2022-07-19 16:51:15 - [TEST_STEP][PASSED] - delay(1): Delayed 1 second(s)

2022-07-19 16:51:16 - [MESSAGE][PASSED] - Delayed 1 second(s)

2022-07-19 16:51:16 - [TEST_STEP][PASSED] - click(findTestObject("Object Repository/Page_Concours photo  votez pour la plus bel_494087/input_concat(Votez pour le plus beau chien de la cte d, , Opale )_jouer")): Object: 'Object Repository/Page_Concours photo  votez pour la plus bel_494087/input_concat(Votez pour le plus beau chien de la cte d, , Opale )_jouer' is clicked on

2022-07-19 16:51:17 - [MESSAGE][PASSED] - Object: 'Object Repository/Page_Concours photo  votez pour la plus bel_494087/input_concat(Votez pour le plus beau chien de la cte d, , Opale )_jouer' is clicked on

2022-07-19 16:51:17 - [TEST_STEP][PASSED] - if (verifyElementPresent(findTestObject("Page_Concours photo  votez pour la plus bel_494087/input_concat(Votez pour le plus beau chien de la cte d, , Opale )_jouer"), 1, OPTIONAL)): null

2022-07-19 16:51:18 - [MESSAGE][PASSED] - Object 'Object Repository/Page_Concours photo  votez pour la plus bel_494087/input_concat(Votez pour le plus beau chien de la cte d, , Opale )_jouer' is present

2022-07-19 16:51:18 - [TEST_STEP][PASSED] - click(findTestObject("Object Repository/Page_Concours photo  votez pour la plus bel_494087/input_concat(Votez pour le plus beau chien de la cte d, , Opale )_jouer")): Object: 'Object Repository/Page_Concours photo  votez pour la plus bel_494087/input_concat(Votez pour le plus beau chien de la cte d, , Opale )_jouer' is clicked on

2022-07-19 16:51:19 - [MESSAGE][PASSED] - Object: 'Object Repository/Page_Concours photo  votez pour la plus bel_494087/input_concat(Votez pour le plus beau chien de la cte d, , Opale )_jouer' is clicked on

2022-07-19 16:51:19 - [TEST_STEP][PASSED] - delay(1): Delayed 1 second(s)

2022-07-19 16:51:20 - [MESSAGE][PASSED] - Delayed 1 second(s)

2022-07-19 16:51:20 - [TEST_STEP][PASSED] - setText(findTestObject("Object Repository/Page_Concours photo  votez pour la plus bel_494087/input_trie par_keyword"), "Gaspard"): Text 'Gaspard' is set on object 'Object Repository/Page_Concours photo  votez pour la plus bel_494087/input_trie par_keyword'

2022-07-19 16:51:21 - [MESSAGE][PASSED] - Text 'Gaspard' is set on object 'Object Repository/Page_Concours photo  votez pour la plus bel_494087/input_trie par_keyword'

2022-07-19 16:51:21 - [TEST_STEP][PASSED] - sendKeys(findTestObject("Page_Concours photo  votez pour la plus bel_494087/input_trie par_keyword"), Keys.chord(ENTER)): Keys 'ENTER + ' sent to object: 'Object Repository/Page_Concours photo  votez pour la plus bel_494087/input_trie par_keyword'

2022-07-19 16:51:23 - [MESSAGE][PASSED] - Keys 'ENTER + ' sent to object: 'Object Repository/Page_Concours photo  votez pour la plus bel_494087/input_trie par_keyword'

2022-07-19 16:51:23 - [TEST_STEP][PASSED] - click(findTestObject("Page_Concours photo  votez pour la plus bel_494087/tri")): Object: 'Object Repository/Page_Concours photo  votez pour la plus bel_494087/tri' is clicked on

2022-07-19 16:51:23 - [MESSAGE][PASSED] - Object: 'Object Repository/Page_Concours photo  votez pour la plus bel_494087/tri' is clicked on

2022-07-19 16:51:23 - [TEST_STEP][PASSED] - click(findTestObject("Page_Concours photo  votez pour la plus bel_494087/plus de votes")): Object: 'Object Repository/Page_Concours photo  votez pour la plus bel_494087/plus de votes' is clicked on

2022-07-19 16:51:24 - [MESSAGE][PASSED] - Object: 'Object Repository/Page_Concours photo  votez pour la plus bel_494087/plus de votes' is clicked on

2022-07-19 16:51:25 - [TEST_STEP][PASSED] - click(findTestObject("Object Repository/Page_Concours photo  votez pour la plus bel_494087/i_Votes_fa fa-heart")): Object: 'Object Repository/Page_Concours photo  votez pour la plus bel_494087/i_Votes_fa fa-heart' is clicked on

2022-07-19 16:51:26 - [MESSAGE][PASSED] - Object: 'Object Repository/Page_Concours photo  votez pour la plus bel_494087/i_Votes_fa fa-heart' is clicked on

2022-07-19 16:51:26 - [TEST_STEP][PASSED] - delay(1): Delayed 1 second(s)

2022-07-19 16:51:27 - [MESSAGE][PASSED] - Delayed 1 second(s)

2022-07-19 16:51:27 - [TEST_STEP][PASSED] - closeBrowser(): Browser is closed

2022-07-19 16:51:27 - [MESSAGE][PASSED] - Browser is closed]]></system-out>
         <system-err><![CDATA[]]></system-err>
      </testcase>
      <testcase name="Test Cases/Vote" time="25.321" classname="Test Cases/Vote" status="PASSED">
         <system-out><![CDATA[2022-07-19 16:51:27 - [TEST_CASE][PASSED] - Test Cases/Vote: Test Cases/Vote

2022-07-19 16:51:27 - [TEST_STEP][PASSED] - openBrowser(""): Browser is opened with url: ''

2022-07-19 16:51:27 - [MESSAGE][INFO] - Starting 'Chrome' driver

2022-07-19 16:51:27 - [MESSAGE][INFO] - Action delay is set to 0 milliseconds

2022-07-19 16:51:28 - [MESSAGE][PASSED] - Browser is opened with url: ''

2022-07-19 16:51:28 - [TEST_STEP][PASSED] - navigateToUrl("https://lesechosdutouquet.nordlittoral.fr/147787/article/2022-06-30/concours-photo-montrez-nous-la-plus-belle-photo-de-votre-chien-en-promenade-sur#l5lb6r47qsmp9ur58y"): Navigate to 'https://lesechosdutouquet.nordlittoral.fr/147787/article/2022-06-30/concours-photo-montrez-nous-la-plus-belle-photo-de-votre-chien-en-promenade-sur#l5lb6r47qsmp9ur58y' successfully

2022-07-19 16:51:31 - [MESSAGE][PASSED] - Navigate to 'https://lesechosdutouquet.nordlittoral.fr/147787/article/2022-06-30/concours-photo-montrez-nous-la-plus-belle-photo-de-votre-chien-en-promenade-sur#l5lb6r47qsmp9ur58y' successfully

2022-07-19 16:51:31 - [TEST_STEP][PASSED] - setViewPortSize(1920, 1080): Viewport is set to new size with width = 1920 and height = 1080

2022-07-19 16:51:31 - [MESSAGE][PASSED] - Viewport is set to new size with width = 1920 and height = 1080

2022-07-19 16:51:31 - [TEST_STEP][PASSED] - click(findTestObject("Object Repository/Page_Concours photo  votez pour la plus bel_494087/button_Accepter  Fermer")): Object: 'Object Repository/Page_Concours photo  votez pour la plus bel_494087/button_Accepter  Fermer' is clicked on

2022-07-19 16:51:32 - [MESSAGE][PASSED] - Object: 'Object Repository/Page_Concours photo  votez pour la plus bel_494087/button_Accepter  Fermer' is clicked on

2022-07-19 16:51:32 - [TEST_STEP][PASSED] - waitForElementVisible(findTestObject("Object Repository/Page_Concours photo  votez pour la plus bel_494087/a_X"), 15): Object 'Object Repository/Page_Concours photo  votez pour la plus bel_494087/a_X' is visible

2022-07-19 16:51:39 - [MESSAGE][PASSED] - Object 'Object Repository/Page_Concours photo  votez pour la plus bel_494087/a_X' is visible

2022-07-19 16:51:39 - [TEST_STEP][PASSED] - click(findTestObject("Object Repository/Page_Concours photo  votez pour la plus bel_494087/a_X")): Object: 'Object Repository/Page_Concours photo  votez pour la plus bel_494087/a_X' is clicked on

2022-07-19 16:51:40 - [MESSAGE][PASSED] - Object: 'Object Repository/Page_Concours photo  votez pour la plus bel_494087/a_X' is clicked on

2022-07-19 16:51:40 - [TEST_STEP][PASSED] - delay(1): Delayed 1 second(s)

2022-07-19 16:51:41 - [MESSAGE][PASSED] - Delayed 1 second(s)

2022-07-19 16:51:41 - [TEST_STEP][PASSED] - click(findTestObject("Object Repository/Page_Concours photo  votez pour la plus bel_494087/input_concat(Votez pour le plus beau chien de la cte d, , Opale )_jouer")): Object: 'Object Repository/Page_Concours photo  votez pour la plus bel_494087/input_concat(Votez pour le plus beau chien de la cte d, , Opale )_jouer' is clicked on

2022-07-19 16:51:41 - [MESSAGE][PASSED] - Object: 'Object Repository/Page_Concours photo  votez pour la plus bel_494087/input_concat(Votez pour le plus beau chien de la cte d, , Opale )_jouer' is clicked on

2022-07-19 16:51:42 - [TEST_STEP][PASSED] - if (verifyElementPresent(findTestObject("Page_Concours photo  votez pour la plus bel_494087/input_concat(Votez pour le plus beau chien de la cte d, , Opale )_jouer"), 1, OPTIONAL)): null

2022-07-19 16:51:43 - [MESSAGE][PASSED] - Object 'Object Repository/Page_Concours photo  votez pour la plus bel_494087/input_concat(Votez pour le plus beau chien de la cte d, , Opale )_jouer' is present

2022-07-19 16:51:43 - [TEST_STEP][PASSED] - click(findTestObject("Object Repository/Page_Concours photo  votez pour la plus bel_494087/input_concat(Votez pour le plus beau chien de la cte d, , Opale )_jouer")): Object: 'Object Repository/Page_Concours photo  votez pour la plus bel_494087/input_concat(Votez pour le plus beau chien de la cte d, , Opale )_jouer' is clicked on

2022-07-19 16:51:44 - [MESSAGE][PASSED] - Object: 'Object Repository/Page_Concours photo  votez pour la plus bel_494087/input_concat(Votez pour le plus beau chien de la cte d, , Opale )_jouer' is clicked on

2022-07-19 16:51:44 - [TEST_STEP][PASSED] - delay(1): Delayed 1 second(s)

2022-07-19 16:51:45 - [MESSAGE][PASSED] - Delayed 1 second(s)

2022-07-19 16:51:45 - [TEST_STEP][PASSED] - setText(findTestObject("Object Repository/Page_Concours photo  votez pour la plus bel_494087/input_trie par_keyword"), "Gaspard"): Text 'Gaspard' is set on object 'Object Repository/Page_Concours photo  votez pour la plus bel_494087/input_trie par_keyword'

2022-07-19 16:51:46 - [MESSAGE][PASSED] - Text 'Gaspard' is set on object 'Object Repository/Page_Concours photo  votez pour la plus bel_494087/input_trie par_keyword'

2022-07-19 16:51:46 - [TEST_STEP][PASSED] - sendKeys(findTestObject("Page_Concours photo  votez pour la plus bel_494087/input_trie par_keyword"), Keys.chord(ENTER)): Keys 'ENTER + ' sent to object: 'Object Repository/Page_Concours photo  votez pour la plus bel_494087/input_trie par_keyword'

2022-07-19 16:51:48 - [MESSAGE][PASSED] - Keys 'ENTER + ' sent to object: 'Object Repository/Page_Concours photo  votez pour la plus bel_494087/input_trie par_keyword'

2022-07-19 16:51:48 - [TEST_STEP][PASSED] - click(findTestObject("Page_Concours photo  votez pour la plus bel_494087/tri")): Object: 'Object Repository/Page_Concours photo  votez pour la plus bel_494087/tri' is clicked on

2022-07-19 16:51:48 - [MESSAGE][PASSED] - Object: 'Object Repository/Page_Concours photo  votez pour la plus bel_494087/tri' is clicked on

2022-07-19 16:51:48 - [TEST_STEP][PASSED] - click(findTestObject("Page_Concours photo  votez pour la plus bel_494087/plus de votes")): Object: 'Object Repository/Page_Concours photo  votez pour la plus bel_494087/plus de votes' is clicked on

2022-07-19 16:51:49 - [MESSAGE][PASSED] - Object: 'Object Repository/Page_Concours photo  votez pour la plus bel_494087/plus de votes' is clicked on

2022-07-19 16:51:51 - [TEST_STEP][PASSED] - click(findTestObject("Object Repository/Page_Concours photo  votez pour la plus bel_494087/i_Votes_fa fa-heart")): Object: 'Object Repository/Page_Concours photo  votez pour la plus bel_494087/i_Votes_fa fa-heart' is clicked on

2022-07-19 16:51:51 - [MESSAGE][PASSED] - Object: 'Object Repository/Page_Concours photo  votez pour la plus bel_494087/i_Votes_fa fa-heart' is clicked on

2022-07-19 16:51:51 - [TEST_STEP][PASSED] - delay(1): Delayed 1 second(s)

2022-07-19 16:51:52 - [MESSAGE][PASSED] - Delayed 1 second(s)

2022-07-19 16:51:52 - [TEST_STEP][PASSED] - closeBrowser(): Browser is closed

2022-07-19 16:51:53 - [MESSAGE][PASSED] - Browser is closed]]></system-out>
         <system-err><![CDATA[]]></system-err>
      </testcase>
      <testcase name="Test Cases/Vote" time="60.097" classname="Test Cases/Vote" status="PASSED">
         <system-out><![CDATA[2022-07-19 16:51:53 - [TEST_CASE][PASSED] - Test Cases/Vote: Test Cases/Vote

2022-07-19 16:51:53 - [TEST_STEP][PASSED] - openBrowser(""): Browser is opened with url: ''

2022-07-19 16:51:53 - [MESSAGE][INFO] - Starting 'Chrome' driver

2022-07-19 16:51:53 - [MESSAGE][INFO] - Action delay is set to 0 milliseconds

2022-07-19 16:51:54 - [MESSAGE][PASSED] - Browser is opened with url: ''

2022-07-19 16:51:54 - [TEST_STEP][PASSED] - navigateToUrl("https://lesechosdutouquet.nordlittoral.fr/147787/article/2022-06-30/concours-photo-montrez-nous-la-plus-belle-photo-de-votre-chien-en-promenade-sur#l5lb6r47qsmp9ur58y"): Navigate to 'https://lesechosdutouquet.nordlittoral.fr/147787/article/2022-06-30/concours-photo-montrez-nous-la-plus-belle-photo-de-votre-chien-en-promenade-sur#l5lb6r47qsmp9ur58y' successfully

2022-07-19 16:52:32 - [MESSAGE][PASSED] - Navigate to 'https://lesechosdutouquet.nordlittoral.fr/147787/article/2022-06-30/concours-photo-montrez-nous-la-plus-belle-photo-de-votre-chien-en-promenade-sur#l5lb6r47qsmp9ur58y' successfully

2022-07-19 16:52:32 - [TEST_STEP][PASSED] - setViewPortSize(1920, 1080): Viewport is set to new size with width = 1920 and height = 1080

2022-07-19 16:52:32 - [MESSAGE][PASSED] - Viewport is set to new size with width = 1920 and height = 1080

2022-07-19 16:52:32 - [TEST_STEP][PASSED] - click(findTestObject("Object Repository/Page_Concours photo  votez pour la plus bel_494087/button_Accepter  Fermer")): Object: 'Object Repository/Page_Concours photo  votez pour la plus bel_494087/button_Accepter  Fermer' is clicked on

2022-07-19 16:52:33 - [MESSAGE][PASSED] - Object: 'Object Repository/Page_Concours photo  votez pour la plus bel_494087/button_Accepter  Fermer' is clicked on

2022-07-19 16:52:33 - [TEST_STEP][PASSED] - waitForElementVisible(findTestObject("Object Repository/Page_Concours photo  votez pour la plus bel_494087/a_X"), 15): Object 'Object Repository/Page_Concours photo  votez pour la plus bel_494087/a_X' is visible

2022-07-19 16:52:40 - [MESSAGE][PASSED] - Object 'Object Repository/Page_Concours photo  votez pour la plus bel_494087/a_X' is visible

2022-07-19 16:52:40 - [TEST_STEP][PASSED] - click(findTestObject("Object Repository/Page_Concours photo  votez pour la plus bel_494087/a_X")): Object: 'Object Repository/Page_Concours photo  votez pour la plus bel_494087/a_X' is clicked on

2022-07-19 16:52:41 - [MESSAGE][PASSED] - Object: 'Object Repository/Page_Concours photo  votez pour la plus bel_494087/a_X' is clicked on

2022-07-19 16:52:41 - [TEST_STEP][PASSED] - delay(1): Delayed 1 second(s)

2022-07-19 16:52:42 - [MESSAGE][PASSED] - Delayed 1 second(s)

2022-07-19 16:52:42 - [TEST_STEP][PASSED] - click(findTestObject("Object Repository/Page_Concours photo  votez pour la plus bel_494087/input_concat(Votez pour le plus beau chien de la cte d, , Opale )_jouer")): Object: 'Object Repository/Page_Concours photo  votez pour la plus bel_494087/input_concat(Votez pour le plus beau chien de la cte d, , Opale )_jouer' is clicked on

2022-07-19 16:52:42 - [MESSAGE][PASSED] - Object: 'Object Repository/Page_Concours photo  votez pour la plus bel_494087/input_concat(Votez pour le plus beau chien de la cte d, , Opale )_jouer' is clicked on

2022-07-19 16:52:42 - [TEST_STEP][PASSED] - if (verifyElementPresent(findTestObject("Page_Concours photo  votez pour la plus bel_494087/input_concat(Votez pour le plus beau chien de la cte d, , Opale )_jouer"), 1, OPTIONAL)): null

2022-07-19 16:52:44 - [MESSAGE][PASSED] - Object 'Object Repository/Page_Concours photo  votez pour la plus bel_494087/input_concat(Votez pour le plus beau chien de la cte d, , Opale )_jouer' is present

2022-07-19 16:52:44 - [TEST_STEP][PASSED] - click(findTestObject("Object Repository/Page_Concours photo  votez pour la plus bel_494087/input_concat(Votez pour le plus beau chien de la cte d, , Opale )_jouer")): Object: 'Object Repository/Page_Concours photo  votez pour la plus bel_494087/input_concat(Votez pour le plus beau chien de la cte d, , Opale )_jouer' is clicked on

2022-07-19 16:52:44 - [MESSAGE][PASSED] - Object: 'Object Repository/Page_Concours photo  votez pour la plus bel_494087/input_concat(Votez pour le plus beau chien de la cte d, , Opale )_jouer' is clicked on

2022-07-19 16:52:44 - [TEST_STEP][PASSED] - delay(1): Delayed 1 second(s)

2022-07-19 16:52:45 - [MESSAGE][PASSED] - Delayed 1 second(s)

2022-07-19 16:52:45 - [TEST_STEP][PASSED] - setText(findTestObject("Object Repository/Page_Concours photo  votez pour la plus bel_494087/input_trie par_keyword"), "Gaspard"): Text 'Gaspard' is set on object 'Object Repository/Page_Concours photo  votez pour la plus bel_494087/input_trie par_keyword'

2022-07-19 16:52:47 - [MESSAGE][PASSED] - Text 'Gaspard' is set on object 'Object Repository/Page_Concours photo  votez pour la plus bel_494087/input_trie par_keyword'

2022-07-19 16:52:47 - [TEST_STEP][PASSED] - sendKeys(findTestObject("Page_Concours photo  votez pour la plus bel_494087/input_trie par_keyword"), Keys.chord(ENTER)): Keys 'ENTER + ' sent to object: 'Object Repository/Page_Concours photo  votez pour la plus bel_494087/input_trie par_keyword'

2022-07-19 16:52:49 - [MESSAGE][PASSED] - Keys 'ENTER + ' sent to object: 'Object Repository/Page_Concours photo  votez pour la plus bel_494087/input_trie par_keyword'

2022-07-19 16:52:49 - [TEST_STEP][PASSED] - click(findTestObject("Page_Concours photo  votez pour la plus bel_494087/tri")): Object: 'Object Repository/Page_Concours photo  votez pour la plus bel_494087/tri' is clicked on

2022-07-19 16:52:49 - [MESSAGE][PASSED] - Object: 'Object Repository/Page_Concours photo  votez pour la plus bel_494087/tri' is clicked on

2022-07-19 16:52:49 - [TEST_STEP][PASSED] - click(findTestObject("Page_Concours photo  votez pour la plus bel_494087/plus de votes")): Object: 'Object Repository/Page_Concours photo  votez pour la plus bel_494087/plus de votes' is clicked on

2022-07-19 16:52:50 - [MESSAGE][PASSED] - Object: 'Object Repository/Page_Concours photo  votez pour la plus bel_494087/plus de votes' is clicked on

2022-07-19 16:52:51 - [TEST_STEP][PASSED] - click(findTestObject("Object Repository/Page_Concours photo  votez pour la plus bel_494087/i_Votes_fa fa-heart")): Object: 'Object Repository/Page_Concours photo  votez pour la plus bel_494087/i_Votes_fa fa-heart' is clicked on

2022-07-19 16:52:51 - [MESSAGE][PASSED] - Object: 'Object Repository/Page_Concours photo  votez pour la plus bel_494087/i_Votes_fa fa-heart' is clicked on

2022-07-19 16:52:51 - [TEST_STEP][PASSED] - delay(1): Delayed 1 second(s)

2022-07-19 16:52:52 - [MESSAGE][PASSED] - Delayed 1 second(s)

2022-07-19 16:52:52 - [TEST_STEP][PASSED] - closeBrowser(): Browser is closed

2022-07-19 16:52:53 - [MESSAGE][PASSED] - Browser is closed]]></system-out>
         <system-err><![CDATA[]]></system-err>
      </testcase>
      <testcase name="Test Cases/Vote" time="23.877" classname="Test Cases/Vote" status="PASSED">
         <system-out><![CDATA[2022-07-19 16:52:53 - [TEST_CASE][PASSED] - Test Cases/Vote: Test Cases/Vote

2022-07-19 16:52:53 - [TEST_STEP][PASSED] - openBrowser(""): Browser is opened with url: ''

2022-07-19 16:52:53 - [MESSAGE][INFO] - Starting 'Chrome' driver

2022-07-19 16:52:53 - [MESSAGE][INFO] - Action delay is set to 0 milliseconds

2022-07-19 16:52:54 - [MESSAGE][PASSED] - Browser is opened with url: ''

2022-07-19 16:52:54 - [TEST_STEP][PASSED] - navigateToUrl("https://lesechosdutouquet.nordlittoral.fr/147787/article/2022-06-30/concours-photo-montrez-nous-la-plus-belle-photo-de-votre-chien-en-promenade-sur#l5lb6r47qsmp9ur58y"): Navigate to 'https://lesechosdutouquet.nordlittoral.fr/147787/article/2022-06-30/concours-photo-montrez-nous-la-plus-belle-photo-de-votre-chien-en-promenade-sur#l5lb6r47qsmp9ur58y' successfully

2022-07-19 16:52:57 - [MESSAGE][PASSED] - Navigate to 'https://lesechosdutouquet.nordlittoral.fr/147787/article/2022-06-30/concours-photo-montrez-nous-la-plus-belle-photo-de-votre-chien-en-promenade-sur#l5lb6r47qsmp9ur58y' successfully

2022-07-19 16:52:57 - [TEST_STEP][PASSED] - setViewPortSize(1920, 1080): Viewport is set to new size with width = 1920 and height = 1080

2022-07-19 16:52:57 - [MESSAGE][PASSED] - Viewport is set to new size with width = 1920 and height = 1080

2022-07-19 16:52:57 - [TEST_STEP][PASSED] - click(findTestObject("Object Repository/Page_Concours photo  votez pour la plus bel_494087/button_Accepter  Fermer")): Object: 'Object Repository/Page_Concours photo  votez pour la plus bel_494087/button_Accepter  Fermer' is clicked on

2022-07-19 16:52:58 - [MESSAGE][PASSED] - Object: 'Object Repository/Page_Concours photo  votez pour la plus bel_494087/button_Accepter  Fermer' is clicked on

2022-07-19 16:52:58 - [TEST_STEP][PASSED] - waitForElementVisible(findTestObject("Object Repository/Page_Concours photo  votez pour la plus bel_494087/a_X"), 15): Object 'Object Repository/Page_Concours photo  votez pour la plus bel_494087/a_X' is visible

2022-07-19 16:53:05 - [MESSAGE][PASSED] - Object 'Object Repository/Page_Concours photo  votez pour la plus bel_494087/a_X' is visible

2022-07-19 16:53:05 - [TEST_STEP][PASSED] - click(findTestObject("Object Repository/Page_Concours photo  votez pour la plus bel_494087/a_X")): Object: 'Object Repository/Page_Concours photo  votez pour la plus bel_494087/a_X' is clicked on

2022-07-19 16:53:05 - [MESSAGE][PASSED] - Object: 'Object Repository/Page_Concours photo  votez pour la plus bel_494087/a_X' is clicked on

2022-07-19 16:53:05 - [TEST_STEP][PASSED] - delay(1): Delayed 1 second(s)

2022-07-19 16:53:06 - [MESSAGE][PASSED] - Delayed 1 second(s)

2022-07-19 16:53:06 - [TEST_STEP][PASSED] - click(findTestObject("Object Repository/Page_Concours photo  votez pour la plus bel_494087/input_concat(Votez pour le plus beau chien de la cte d, , Opale )_jouer")): Object: 'Object Repository/Page_Concours photo  votez pour la plus bel_494087/input_concat(Votez pour le plus beau chien de la cte d, , Opale )_jouer' is clicked on

2022-07-19 16:53:07 - [MESSAGE][PASSED] - Object: 'Object Repository/Page_Concours photo  votez pour la plus bel_494087/input_concat(Votez pour le plus beau chien de la cte d, , Opale )_jouer' is clicked on

2022-07-19 16:53:07 - [TEST_STEP][PASSED] - if (verifyElementPresent(findTestObject("Page_Concours photo  votez pour la plus bel_494087/input_concat(Votez pour le plus beau chien de la cte d, , Opale )_jouer"), 1, OPTIONAL)): null

2022-07-19 16:53:08 - [MESSAGE][PASSED] - Object 'Object Repository/Page_Concours photo  votez pour la plus bel_494087/input_concat(Votez pour le plus beau chien de la cte d, , Opale )_jouer' is present

2022-07-19 16:53:08 - [TEST_STEP][PASSED] - click(findTestObject("Object Repository/Page_Concours photo  votez pour la plus bel_494087/input_concat(Votez pour le plus beau chien de la cte d, , Opale )_jouer")): Object: 'Object Repository/Page_Concours photo  votez pour la plus bel_494087/input_concat(Votez pour le plus beau chien de la cte d, , Opale )_jouer' is clicked on

2022-07-19 16:53:09 - [MESSAGE][PASSED] - Object: 'Object Repository/Page_Concours photo  votez pour la plus bel_494087/input_concat(Votez pour le plus beau chien de la cte d, , Opale )_jouer' is clicked on

2022-07-19 16:53:09 - [TEST_STEP][PASSED] - delay(1): Delayed 1 second(s)

2022-07-19 16:53:10 - [MESSAGE][PASSED] - Delayed 1 second(s)

2022-07-19 16:53:10 - [TEST_STEP][PASSED] - setText(findTestObject("Object Repository/Page_Concours photo  votez pour la plus bel_494087/input_trie par_keyword"), "Gaspard"): Text 'Gaspard' is set on object 'Object Repository/Page_Concours photo  votez pour la plus bel_494087/input_trie par_keyword'

2022-07-19 16:53:11 - [MESSAGE][PASSED] - Text 'Gaspard' is set on object 'Object Repository/Page_Concours photo  votez pour la plus bel_494087/input_trie par_keyword'

2022-07-19 16:53:11 - [TEST_STEP][PASSED] - sendKeys(findTestObject("Page_Concours photo  votez pour la plus bel_494087/input_trie par_keyword"), Keys.chord(ENTER)): Keys 'ENTER + ' sent to object: 'Object Repository/Page_Concours photo  votez pour la plus bel_494087/input_trie par_keyword'

2022-07-19 16:53:13 - [MESSAGE][PASSED] - Keys 'ENTER + ' sent to object: 'Object Repository/Page_Concours photo  votez pour la plus bel_494087/input_trie par_keyword'

2022-07-19 16:53:13 - [TEST_STEP][PASSED] - click(findTestObject("Page_Concours photo  votez pour la plus bel_494087/tri")): Object: 'Object Repository/Page_Concours photo  votez pour la plus bel_494087/tri' is clicked on

2022-07-19 16:53:13 - [MESSAGE][PASSED] - Object: 'Object Repository/Page_Concours photo  votez pour la plus bel_494087/tri' is clicked on

2022-07-19 16:53:13 - [TEST_STEP][PASSED] - click(findTestObject("Page_Concours photo  votez pour la plus bel_494087/plus de votes")): Object: 'Object Repository/Page_Concours photo  votez pour la plus bel_494087/plus de votes' is clicked on

2022-07-19 16:53:14 - [MESSAGE][PASSED] - Object: 'Object Repository/Page_Concours photo  votez pour la plus bel_494087/plus de votes' is clicked on

2022-07-19 16:53:15 - [TEST_STEP][PASSED] - click(findTestObject("Object Repository/Page_Concours photo  votez pour la plus bel_494087/i_Votes_fa fa-heart")): Object: 'Object Repository/Page_Concours photo  votez pour la plus bel_494087/i_Votes_fa fa-heart' is clicked on

2022-07-19 16:53:15 - [MESSAGE][PASSED] - Object: 'Object Repository/Page_Concours photo  votez pour la plus bel_494087/i_Votes_fa fa-heart' is clicked on

2022-07-19 16:53:15 - [TEST_STEP][PASSED] - delay(1): Delayed 1 second(s)

2022-07-19 16:53:16 - [MESSAGE][PASSED] - Delayed 1 second(s)

2022-07-19 16:53:16 - [TEST_STEP][PASSED] - closeBrowser(): Browser is closed

2022-07-19 16:53:17 - [MESSAGE][PASSED] - Browser is closed]]></system-out>
         <system-err><![CDATA[]]></system-err>
      </testcase>
      <testcase name="Test Cases/Vote" time="22.615" classname="Test Cases/Vote" status="PASSED">
         <system-out><![CDATA[2022-07-19 16:53:17 - [TEST_CASE][PASSED] - Test Cases/Vote: Test Cases/Vote

2022-07-19 16:53:17 - [TEST_STEP][PASSED] - openBrowser(""): Browser is opened with url: ''

2022-07-19 16:53:17 - [MESSAGE][INFO] - Starting 'Chrome' driver

2022-07-19 16:53:17 - [MESSAGE][INFO] - Action delay is set to 0 milliseconds

2022-07-19 16:53:18 - [MESSAGE][PASSED] - Browser is opened with url: ''

2022-07-19 16:53:18 - [TEST_STEP][PASSED] - navigateToUrl("https://lesechosdutouquet.nordlittoral.fr/147787/article/2022-06-30/concours-photo-montrez-nous-la-plus-belle-photo-de-votre-chien-en-promenade-sur#l5lb6r47qsmp9ur58y"): Navigate to 'https://lesechosdutouquet.nordlittoral.fr/147787/article/2022-06-30/concours-photo-montrez-nous-la-plus-belle-photo-de-votre-chien-en-promenade-sur#l5lb6r47qsmp9ur58y' successfully

2022-07-19 16:53:21 - [MESSAGE][PASSED] - Navigate to 'https://lesechosdutouquet.nordlittoral.fr/147787/article/2022-06-30/concours-photo-montrez-nous-la-plus-belle-photo-de-votre-chien-en-promenade-sur#l5lb6r47qsmp9ur58y' successfully

2022-07-19 16:53:21 - [TEST_STEP][PASSED] - setViewPortSize(1920, 1080): Viewport is set to new size with width = 1920 and height = 1080

2022-07-19 16:53:21 - [MESSAGE][PASSED] - Viewport is set to new size with width = 1920 and height = 1080

2022-07-19 16:53:21 - [TEST_STEP][PASSED] - click(findTestObject("Object Repository/Page_Concours photo  votez pour la plus bel_494087/button_Accepter  Fermer")): Object: 'Object Repository/Page_Concours photo  votez pour la plus bel_494087/button_Accepter  Fermer' is clicked on

2022-07-19 16:53:22 - [MESSAGE][PASSED] - Object: 'Object Repository/Page_Concours photo  votez pour la plus bel_494087/button_Accepter  Fermer' is clicked on

2022-07-19 16:53:22 - [TEST_STEP][PASSED] - waitForElementVisible(findTestObject("Object Repository/Page_Concours photo  votez pour la plus bel_494087/a_X"), 15): Object 'Object Repository/Page_Concours photo  votez pour la plus bel_494087/a_X' is visible

2022-07-19 16:53:29 - [MESSAGE][PASSED] - Object 'Object Repository/Page_Concours photo  votez pour la plus bel_494087/a_X' is visible

2022-07-19 16:53:29 - [TEST_STEP][PASSED] - click(findTestObject("Object Repository/Page_Concours photo  votez pour la plus bel_494087/a_X")): Object: 'Object Repository/Page_Concours photo  votez pour la plus bel_494087/a_X' is clicked on

2022-07-19 16:53:29 - [MESSAGE][PASSED] - Object: 'Object Repository/Page_Concours photo  votez pour la plus bel_494087/a_X' is clicked on

2022-07-19 16:53:29 - [TEST_STEP][PASSED] - delay(1): Delayed 1 second(s)

2022-07-19 16:53:30 - [MESSAGE][PASSED] - Delayed 1 second(s)

2022-07-19 16:53:30 - [TEST_STEP][PASSED] - click(findTestObject("Object Repository/Page_Concours photo  votez pour la plus bel_494087/input_concat(Votez pour le plus beau chien de la cte d, , Opale )_jouer")): Object: 'Object Repository/Page_Concours photo  votez pour la plus bel_494087/input_concat(Votez pour le plus beau chien de la cte d, , Opale )_jouer' is clicked on

2022-07-19 16:53:30 - [MESSAGE][PASSED] - Object: 'Object Repository/Page_Concours photo  votez pour la plus bel_494087/input_concat(Votez pour le plus beau chien de la cte d, , Opale )_jouer' is clicked on

2022-07-19 16:53:30 - [TEST_STEP][PASSED] - if (verifyElementPresent(findTestObject("Page_Concours photo  votez pour la plus bel_494087/input_concat(Votez pour le plus beau chien de la cte d, , Opale )_jouer"), 1, OPTIONAL)): null

2022-07-19 16:53:31 - [MESSAGE][PASSED] - Object 'Object Repository/Page_Concours photo  votez pour la plus bel_494087/input_concat(Votez pour le plus beau chien de la cte d, , Opale )_jouer' is present

2022-07-19 16:53:31 - [TEST_STEP][PASSED] - click(findTestObject("Object Repository/Page_Concours photo  votez pour la plus bel_494087/input_concat(Votez pour le plus beau chien de la cte d, , Opale )_jouer")): Object: 'Object Repository/Page_Concours photo  votez pour la plus bel_494087/input_concat(Votez pour le plus beau chien de la cte d, , Opale )_jouer' is clicked on

2022-07-19 16:53:31 - [MESSAGE][PASSED] - Object: 'Object Repository/Page_Concours photo  votez pour la plus bel_494087/input_concat(Votez pour le plus beau chien de la cte d, , Opale )_jouer' is clicked on

2022-07-19 16:53:31 - [TEST_STEP][PASSED] - delay(1): Delayed 1 second(s)

2022-07-19 16:53:32 - [MESSAGE][PASSED] - Delayed 1 second(s)

2022-07-19 16:53:32 - [TEST_STEP][PASSED] - setText(findTestObject("Object Repository/Page_Concours photo  votez pour la plus bel_494087/input_trie par_keyword"), "Gaspard"): Text 'Gaspard' is set on object 'Object Repository/Page_Concours photo  votez pour la plus bel_494087/input_trie par_keyword'

2022-07-19 16:53:34 - [MESSAGE][PASSED] - Text 'Gaspard' is set on object 'Object Repository/Page_Concours photo  votez pour la plus bel_494087/input_trie par_keyword'

2022-07-19 16:53:34 - [TEST_STEP][PASSED] - sendKeys(findTestObject("Page_Concours photo  votez pour la plus bel_494087/input_trie par_keyword"), Keys.chord(ENTER)): Keys 'ENTER + ' sent to object: 'Object Repository/Page_Concours photo  votez pour la plus bel_494087/input_trie par_keyword'

2022-07-19 16:53:35 - [MESSAGE][PASSED] - Keys 'ENTER + ' sent to object: 'Object Repository/Page_Concours photo  votez pour la plus bel_494087/input_trie par_keyword'

2022-07-19 16:53:35 - [TEST_STEP][PASSED] - click(findTestObject("Page_Concours photo  votez pour la plus bel_494087/tri")): Object: 'Object Repository/Page_Concours photo  votez pour la plus bel_494087/tri' is clicked on

2022-07-19 16:53:36 - [MESSAGE][PASSED] - Object: 'Object Repository/Page_Concours photo  votez pour la plus bel_494087/tri' is clicked on

2022-07-19 16:53:36 - [TEST_STEP][PASSED] - click(findTestObject("Page_Concours photo  votez pour la plus bel_494087/plus de votes")): Object: 'Object Repository/Page_Concours photo  votez pour la plus bel_494087/plus de votes' is clicked on

2022-07-19 16:53:36 - [MESSAGE][PASSED] - Object: 'Object Repository/Page_Concours photo  votez pour la plus bel_494087/plus de votes' is clicked on

2022-07-19 16:53:38 - [TEST_STEP][PASSED] - click(findTestObject("Object Repository/Page_Concours photo  votez pour la plus bel_494087/i_Votes_fa fa-heart")): Object: 'Object Repository/Page_Concours photo  votez pour la plus bel_494087/i_Votes_fa fa-heart' is clicked on

2022-07-19 16:53:38 - [MESSAGE][PASSED] - Object: 'Object Repository/Page_Concours photo  votez pour la plus bel_494087/i_Votes_fa fa-heart' is clicked on

2022-07-19 16:53:38 - [TEST_STEP][PASSED] - delay(1): Delayed 1 second(s)

2022-07-19 16:53:39 - [MESSAGE][PASSED] - Delayed 1 second(s)

2022-07-19 16:53:39 - [TEST_STEP][PASSED] - closeBrowser(): Browser is closed

2022-07-19 16:53:39 - [MESSAGE][PASSED] - Browser is closed]]></system-out>
         <system-err><![CDATA[]]></system-err>
      </testcase>
      <testcase name="Test Cases/Vote" time="25.977" classname="Test Cases/Vote" status="PASSED">
         <system-out><![CDATA[2022-07-19 16:53:39 - [TEST_CASE][PASSED] - Test Cases/Vote: Test Cases/Vote

2022-07-19 16:53:39 - [TEST_STEP][PASSED] - openBrowser(""): Browser is opened with url: ''

2022-07-19 16:53:39 - [MESSAGE][INFO] - Starting 'Chrome' driver

2022-07-19 16:53:39 - [MESSAGE][INFO] - Action delay is set to 0 milliseconds

2022-07-19 16:53:40 - [MESSAGE][PASSED] - Browser is opened with url: ''

2022-07-19 16:53:40 - [TEST_STEP][PASSED] - navigateToUrl("https://lesechosdutouquet.nordlittoral.fr/147787/article/2022-06-30/concours-photo-montrez-nous-la-plus-belle-photo-de-votre-chien-en-promenade-sur#l5lb6r47qsmp9ur58y"): Navigate to 'https://lesechosdutouquet.nordlittoral.fr/147787/article/2022-06-30/concours-photo-montrez-nous-la-plus-belle-photo-de-votre-chien-en-promenade-sur#l5lb6r47qsmp9ur58y' successfully

2022-07-19 16:53:44 - [MESSAGE][PASSED] - Navigate to 'https://lesechosdutouquet.nordlittoral.fr/147787/article/2022-06-30/concours-photo-montrez-nous-la-plus-belle-photo-de-votre-chien-en-promenade-sur#l5lb6r47qsmp9ur58y' successfully

2022-07-19 16:53:44 - [TEST_STEP][PASSED] - setViewPortSize(1920, 1080): Viewport is set to new size with width = 1920 and height = 1080

2022-07-19 16:53:44 - [MESSAGE][PASSED] - Viewport is set to new size with width = 1920 and height = 1080

2022-07-19 16:53:44 - [TEST_STEP][PASSED] - click(findTestObject("Object Repository/Page_Concours photo  votez pour la plus bel_494087/button_Accepter  Fermer")): Object: 'Object Repository/Page_Concours photo  votez pour la plus bel_494087/button_Accepter  Fermer' is clicked on

2022-07-19 16:53:45 - [MESSAGE][PASSED] - Object: 'Object Repository/Page_Concours photo  votez pour la plus bel_494087/button_Accepter  Fermer' is clicked on

2022-07-19 16:53:45 - [TEST_STEP][PASSED] - waitForElementVisible(findTestObject("Object Repository/Page_Concours photo  votez pour la plus bel_494087/a_X"), 15): Object 'Object Repository/Page_Concours photo  votez pour la plus bel_494087/a_X' is visible

2022-07-19 16:53:50 - [MESSAGE][PASSED] - Object 'Object Repository/Page_Concours photo  votez pour la plus bel_494087/a_X' is visible

2022-07-19 16:53:50 - [TEST_STEP][PASSED] - click(findTestObject("Object Repository/Page_Concours photo  votez pour la plus bel_494087/a_X")): Object: 'Object Repository/Page_Concours photo  votez pour la plus bel_494087/a_X' is clicked on

2022-07-19 16:53:51 - [MESSAGE][PASSED] - Object: 'Object Repository/Page_Concours photo  votez pour la plus bel_494087/a_X' is clicked on

2022-07-19 16:53:51 - [TEST_STEP][PASSED] - delay(1): Delayed 1 second(s)

2022-07-19 16:53:52 - [MESSAGE][PASSED] - Delayed 1 second(s)

2022-07-19 16:53:52 - [TEST_STEP][PASSED] - click(findTestObject("Object Repository/Page_Concours photo  votez pour la plus bel_494087/input_concat(Votez pour le plus beau chien de la cte d, , Opale )_jouer")): Object: 'Object Repository/Page_Concours photo  votez pour la plus bel_494087/input_concat(Votez pour le plus beau chien de la cte d, , Opale )_jouer' is clicked on

2022-07-19 16:53:53 - [MESSAGE][PASSED] - Object: 'Object Repository/Page_Concours photo  votez pour la plus bel_494087/input_concat(Votez pour le plus beau chien de la cte d, , Opale )_jouer' is clicked on

2022-07-19 16:53:53 - [TEST_STEP][PASSED] - if (verifyElementPresent(findTestObject("Page_Concours photo  votez pour la plus bel_494087/input_concat(Votez pour le plus beau chien de la cte d, , Opale )_jouer"), 1, OPTIONAL)): null

2022-07-19 16:53:54 - [MESSAGE][PASSED] - Object 'Object Repository/Page_Concours photo  votez pour la plus bel_494087/input_concat(Votez pour le plus beau chien de la cte d, , Opale )_jouer' is present

2022-07-19 16:53:54 - [TEST_STEP][PASSED] - click(findTestObject("Object Repository/Page_Concours photo  votez pour la plus bel_494087/input_concat(Votez pour le plus beau chien de la cte d, , Opale )_jouer")): Object: 'Object Repository/Page_Concours photo  votez pour la plus bel_494087/input_concat(Votez pour le plus beau chien de la cte d, , Opale )_jouer' is clicked on

2022-07-19 16:53:55 - [MESSAGE][PASSED] - Object: 'Object Repository/Page_Concours photo  votez pour la plus bel_494087/input_concat(Votez pour le plus beau chien de la cte d, , Opale )_jouer' is clicked on

2022-07-19 16:53:55 - [TEST_STEP][PASSED] - delay(1): Delayed 1 second(s)

2022-07-19 16:53:56 - [MESSAGE][PASSED] - Delayed 1 second(s)

2022-07-19 16:53:56 - [TEST_STEP][PASSED] - setText(findTestObject("Object Repository/Page_Concours photo  votez pour la plus bel_494087/input_trie par_keyword"), "Gaspard"): Text 'Gaspard' is set on object 'Object Repository/Page_Concours photo  votez pour la plus bel_494087/input_trie par_keyword'

2022-07-19 16:54:00 - [MESSAGE][PASSED] - Text 'Gaspard' is set on object 'Object Repository/Page_Concours photo  votez pour la plus bel_494087/input_trie par_keyword'

2022-07-19 16:54:00 - [TEST_STEP][PASSED] - sendKeys(findTestObject("Page_Concours photo  votez pour la plus bel_494087/input_trie par_keyword"), Keys.chord(ENTER)): Keys 'ENTER + ' sent to object: 'Object Repository/Page_Concours photo  votez pour la plus bel_494087/input_trie par_keyword'

2022-07-19 16:54:01 - [MESSAGE][PASSED] - Keys 'ENTER + ' sent to object: 'Object Repository/Page_Concours photo  votez pour la plus bel_494087/input_trie par_keyword'

2022-07-19 16:54:01 - [TEST_STEP][PASSED] - click(findTestObject("Page_Concours photo  votez pour la plus bel_494087/tri")): Object: 'Object Repository/Page_Concours photo  votez pour la plus bel_494087/tri' is clicked on

2022-07-19 16:54:02 - [MESSAGE][PASSED] - Object: 'Object Repository/Page_Concours photo  votez pour la plus bel_494087/tri' is clicked on

2022-07-19 16:54:02 - [TEST_STEP][PASSED] - click(findTestObject("Page_Concours photo  votez pour la plus bel_494087/plus de votes")): Object: 'Object Repository/Page_Concours photo  votez pour la plus bel_494087/plus de votes' is clicked on

2022-07-19 16:54:02 - [MESSAGE][PASSED] - Object: 'Object Repository/Page_Concours photo  votez pour la plus bel_494087/plus de votes' is clicked on

2022-07-19 16:54:03 - [TEST_STEP][PASSED] - click(findTestObject("Object Repository/Page_Concours photo  votez pour la plus bel_494087/i_Votes_fa fa-heart")): Object: 'Object Repository/Page_Concours photo  votez pour la plus bel_494087/i_Votes_fa fa-heart' is clicked on

2022-07-19 16:54:04 - [MESSAGE][PASSED] - Object: 'Object Repository/Page_Concours photo  votez pour la plus bel_494087/i_Votes_fa fa-heart' is clicked on

2022-07-19 16:54:04 - [TEST_STEP][PASSED] - delay(1): Delayed 1 second(s)

2022-07-19 16:54:05 - [MESSAGE][PASSED] - Delayed 1 second(s)

2022-07-19 16:54:05 - [TEST_STEP][PASSED] - closeBrowser(): Browser is closed

2022-07-19 16:54:05 - [MESSAGE][PASSED] - Browser is closed]]></system-out>
         <system-err><![CDATA[]]></system-err>
      </testcase>
      <testcase name="Test Cases/Vote" time="25.847" classname="Test Cases/Vote" status="PASSED">
         <system-out><![CDATA[2022-07-19 16:54:05 - [TEST_CASE][PASSED] - Test Cases/Vote: Test Cases/Vote

2022-07-19 16:54:05 - [TEST_STEP][PASSED] - openBrowser(""): Browser is opened with url: ''

2022-07-19 16:54:05 - [MESSAGE][INFO] - Starting 'Chrome' driver

2022-07-19 16:54:05 - [MESSAGE][INFO] - Action delay is set to 0 milliseconds

2022-07-19 16:54:06 - [MESSAGE][PASSED] - Browser is opened with url: ''

2022-07-19 16:54:06 - [TEST_STEP][PASSED] - navigateToUrl("https://lesechosdutouquet.nordlittoral.fr/147787/article/2022-06-30/concours-photo-montrez-nous-la-plus-belle-photo-de-votre-chien-en-promenade-sur#l5lb6r47qsmp9ur58y"): Navigate to 'https://lesechosdutouquet.nordlittoral.fr/147787/article/2022-06-30/concours-photo-montrez-nous-la-plus-belle-photo-de-votre-chien-en-promenade-sur#l5lb6r47qsmp9ur58y' successfully

2022-07-19 16:54:09 - [MESSAGE][PASSED] - Navigate to 'https://lesechosdutouquet.nordlittoral.fr/147787/article/2022-06-30/concours-photo-montrez-nous-la-plus-belle-photo-de-votre-chien-en-promenade-sur#l5lb6r47qsmp9ur58y' successfully

2022-07-19 16:54:09 - [TEST_STEP][PASSED] - setViewPortSize(1920, 1080): Viewport is set to new size with width = 1920 and height = 1080

2022-07-19 16:54:09 - [MESSAGE][PASSED] - Viewport is set to new size with width = 1920 and height = 1080

2022-07-19 16:54:09 - [TEST_STEP][PASSED] - click(findTestObject("Object Repository/Page_Concours photo  votez pour la plus bel_494087/button_Accepter  Fermer")): Object: 'Object Repository/Page_Concours photo  votez pour la plus bel_494087/button_Accepter  Fermer' is clicked on

2022-07-19 16:54:10 - [MESSAGE][PASSED] - Object: 'Object Repository/Page_Concours photo  votez pour la plus bel_494087/button_Accepter  Fermer' is clicked on

2022-07-19 16:54:10 - [TEST_STEP][PASSED] - waitForElementVisible(findTestObject("Object Repository/Page_Concours photo  votez pour la plus bel_494087/a_X"), 15): Object 'Object Repository/Page_Concours photo  votez pour la plus bel_494087/a_X' is visible

2022-07-19 16:54:17 - [MESSAGE][PASSED] - Object 'Object Repository/Page_Concours photo  votez pour la plus bel_494087/a_X' is visible

2022-07-19 16:54:17 - [TEST_STEP][PASSED] - click(findTestObject("Object Repository/Page_Concours photo  votez pour la plus bel_494087/a_X")): Object: 'Object Repository/Page_Concours photo  votez pour la plus bel_494087/a_X' is clicked on

2022-07-19 16:54:18 - [MESSAGE][PASSED] - Object: 'Object Repository/Page_Concours photo  votez pour la plus bel_494087/a_X' is clicked on

2022-07-19 16:54:18 - [TEST_STEP][PASSED] - delay(1): Delayed 1 second(s)

2022-07-19 16:54:19 - [MESSAGE][PASSED] - Delayed 1 second(s)

2022-07-19 16:54:19 - [TEST_STEP][PASSED] - click(findTestObject("Object Repository/Page_Concours photo  votez pour la plus bel_494087/input_concat(Votez pour le plus beau chien de la cte d, , Opale )_jouer")): Object: 'Object Repository/Page_Concours photo  votez pour la plus bel_494087/input_concat(Votez pour le plus beau chien de la cte d, , Opale )_jouer' is clicked on

2022-07-19 16:54:19 - [MESSAGE][PASSED] - Object: 'Object Repository/Page_Concours photo  votez pour la plus bel_494087/input_concat(Votez pour le plus beau chien de la cte d, , Opale )_jouer' is clicked on

2022-07-19 16:54:20 - [TEST_STEP][PASSED] - if (verifyElementPresent(findTestObject("Page_Concours photo  votez pour la plus bel_494087/input_concat(Votez pour le plus beau chien de la cte d, , Opale )_jouer"), 1, OPTIONAL)): null

2022-07-19 16:54:21 - [MESSAGE][PASSED] - Object 'Object Repository/Page_Concours photo  votez pour la plus bel_494087/input_concat(Votez pour le plus beau chien de la cte d, , Opale )_jouer' is present

2022-07-19 16:54:21 - [TEST_STEP][PASSED] - click(findTestObject("Object Repository/Page_Concours photo  votez pour la plus bel_494087/input_concat(Votez pour le plus beau chien de la cte d, , Opale )_jouer")): Object: 'Object Repository/Page_Concours photo  votez pour la plus bel_494087/input_concat(Votez pour le plus beau chien de la cte d, , Opale )_jouer' is clicked on

2022-07-19 16:54:22 - [MESSAGE][PASSED] - Object: 'Object Repository/Page_Concours photo  votez pour la plus bel_494087/input_concat(Votez pour le plus beau chien de la cte d, , Opale )_jouer' is clicked on

2022-07-19 16:54:22 - [TEST_STEP][PASSED] - delay(1): Delayed 1 second(s)

2022-07-19 16:54:23 - [MESSAGE][PASSED] - Delayed 1 second(s)

2022-07-19 16:54:23 - [TEST_STEP][PASSED] - setText(findTestObject("Object Repository/Page_Concours photo  votez pour la plus bel_494087/input_trie par_keyword"), "Gaspard"): Text 'Gaspard' is set on object 'Object Repository/Page_Concours photo  votez pour la plus bel_494087/input_trie par_keyword'

2022-07-19 16:54:25 - [MESSAGE][PASSED] - Text 'Gaspard' is set on object 'Object Repository/Page_Concours photo  votez pour la plus bel_494087/input_trie par_keyword'

2022-07-19 16:54:25 - [TEST_STEP][PASSED] - sendKeys(findTestObject("Page_Concours photo  votez pour la plus bel_494087/input_trie par_keyword"), Keys.chord(ENTER)): Keys 'ENTER + ' sent to object: 'Object Repository/Page_Concours photo  votez pour la plus bel_494087/input_trie par_keyword'

2022-07-19 16:54:27 - [MESSAGE][PASSED] - Keys 'ENTER + ' sent to object: 'Object Repository/Page_Concours photo  votez pour la plus bel_494087/input_trie par_keyword'

2022-07-19 16:54:27 - [TEST_STEP][PASSED] - click(findTestObject("Page_Concours photo  votez pour la plus bel_494087/tri")): Object: 'Object Repository/Page_Concours photo  votez pour la plus bel_494087/tri' is clicked on

2022-07-19 16:54:27 - [MESSAGE][PASSED] - Object: 'Object Repository/Page_Concours photo  votez pour la plus bel_494087/tri' is clicked on

2022-07-19 16:54:27 - [TEST_STEP][PASSED] - click(findTestObject("Page_Concours photo  votez pour la plus bel_494087/plus de votes")): Object: 'Object Repository/Page_Concours photo  votez pour la plus bel_494087/plus de votes' is clicked on

2022-07-19 16:54:28 - [MESSAGE][PASSED] - Object: 'Object Repository/Page_Concours photo  votez pour la plus bel_494087/plus de votes' is clicked on

2022-07-19 16:54:29 - [TEST_STEP][PASSED] - click(findTestObject("Object Repository/Page_Concours photo  votez pour la plus bel_494087/i_Votes_fa fa-heart")): Object: 'Object Repository/Page_Concours photo  votez pour la plus bel_494087/i_Votes_fa fa-heart' is clicked on

2022-07-19 16:54:30 - [MESSAGE][PASSED] - Object: 'Object Repository/Page_Concours photo  votez pour la plus bel_494087/i_Votes_fa fa-heart' is clicked on

2022-07-19 16:54:30 - [TEST_STEP][PASSED] - delay(1): Delayed 1 second(s)

2022-07-19 16:54:31 - [MESSAGE][PASSED] - Delayed 1 second(s)

2022-07-19 16:54:31 - [TEST_STEP][PASSED] - closeBrowser(): Browser is closed

2022-07-19 16:54:31 - [MESSAGE][PASSED] - Browser is closed]]></system-out>
         <system-err><![CDATA[]]></system-err>
      </testcase>
      <testcase name="Test Cases/Vote" time="25.053" classname="Test Cases/Vote" status="PASSED">
         <system-out><![CDATA[2022-07-19 16:54:31 - [TEST_CASE][PASSED] - Test Cases/Vote: Test Cases/Vote

2022-07-19 16:54:31 - [TEST_STEP][PASSED] - openBrowser(""): Browser is opened with url: ''

2022-07-19 16:54:31 - [MESSAGE][INFO] - Starting 'Chrome' driver

2022-07-19 16:54:31 - [MESSAGE][INFO] - Action delay is set to 0 milliseconds

2022-07-19 16:54:32 - [MESSAGE][PASSED] - Browser is opened with url: ''

2022-07-19 16:54:33 - [TEST_STEP][PASSED] - navigateToUrl("https://lesechosdutouquet.nordlittoral.fr/147787/article/2022-06-30/concours-photo-montrez-nous-la-plus-belle-photo-de-votre-chien-en-promenade-sur#l5lb6r47qsmp9ur58y"): Navigate to 'https://lesechosdutouquet.nordlittoral.fr/147787/article/2022-06-30/concours-photo-montrez-nous-la-plus-belle-photo-de-votre-chien-en-promenade-sur#l5lb6r47qsmp9ur58y' successfully

2022-07-19 16:54:36 - [MESSAGE][PASSED] - Navigate to 'https://lesechosdutouquet.nordlittoral.fr/147787/article/2022-06-30/concours-photo-montrez-nous-la-plus-belle-photo-de-votre-chien-en-promenade-sur#l5lb6r47qsmp9ur58y' successfully

2022-07-19 16:54:36 - [TEST_STEP][PASSED] - setViewPortSize(1920, 1080): Viewport is set to new size with width = 1920 and height = 1080

2022-07-19 16:54:36 - [MESSAGE][PASSED] - Viewport is set to new size with width = 1920 and height = 1080

2022-07-19 16:54:36 - [TEST_STEP][PASSED] - click(findTestObject("Object Repository/Page_Concours photo  votez pour la plus bel_494087/button_Accepter  Fermer")): Object: 'Object Repository/Page_Concours photo  votez pour la plus bel_494087/button_Accepter  Fermer' is clicked on

2022-07-19 16:54:37 - [MESSAGE][PASSED] - Object: 'Object Repository/Page_Concours photo  votez pour la plus bel_494087/button_Accepter  Fermer' is clicked on

2022-07-19 16:54:37 - [TEST_STEP][PASSED] - waitForElementVisible(findTestObject("Object Repository/Page_Concours photo  votez pour la plus bel_494087/a_X"), 15): Object 'Object Repository/Page_Concours photo  votez pour la plus bel_494087/a_X' is visible

2022-07-19 16:54:43 - [MESSAGE][PASSED] - Object 'Object Repository/Page_Concours photo  votez pour la plus bel_494087/a_X' is visible

2022-07-19 16:54:44 - [TEST_STEP][PASSED] - click(findTestObject("Object Repository/Page_Concours photo  votez pour la plus bel_494087/a_X")): Object: 'Object Repository/Page_Concours photo  votez pour la plus bel_494087/a_X' is clicked on

2022-07-19 16:54:44 - [MESSAGE][PASSED] - Object: 'Object Repository/Page_Concours photo  votez pour la plus bel_494087/a_X' is clicked on

2022-07-19 16:54:44 - [TEST_STEP][PASSED] - delay(1): Delayed 1 second(s)

2022-07-19 16:54:45 - [MESSAGE][PASSED] - Delayed 1 second(s)

2022-07-19 16:54:45 - [TEST_STEP][PASSED] - click(findTestObject("Object Repository/Page_Concours photo  votez pour la plus bel_494087/input_concat(Votez pour le plus beau chien de la cte d, , Opale )_jouer")): Object: 'Object Repository/Page_Concours photo  votez pour la plus bel_494087/input_concat(Votez pour le plus beau chien de la cte d, , Opale )_jouer' is clicked on

2022-07-19 16:54:46 - [MESSAGE][PASSED] - Object: 'Object Repository/Page_Concours photo  votez pour la plus bel_494087/input_concat(Votez pour le plus beau chien de la cte d, , Opale )_jouer' is clicked on

2022-07-19 16:54:46 - [TEST_STEP][PASSED] - if (verifyElementPresent(findTestObject("Page_Concours photo  votez pour la plus bel_494087/input_concat(Votez pour le plus beau chien de la cte d, , Opale )_jouer"), 1, OPTIONAL)): null

2022-07-19 16:54:48 - [MESSAGE][PASSED] - Object 'Object Repository/Page_Concours photo  votez pour la plus bel_494087/input_concat(Votez pour le plus beau chien de la cte d, , Opale )_jouer' is present

2022-07-19 16:54:48 - [TEST_STEP][PASSED] - click(findTestObject("Object Repository/Page_Concours photo  votez pour la plus bel_494087/input_concat(Votez pour le plus beau chien de la cte d, , Opale )_jouer")): Object: 'Object Repository/Page_Concours photo  votez pour la plus bel_494087/input_concat(Votez pour le plus beau chien de la cte d, , Opale )_jouer' is clicked on

2022-07-19 16:54:48 - [MESSAGE][PASSED] - Object: 'Object Repository/Page_Concours photo  votez pour la plus bel_494087/input_concat(Votez pour le plus beau chien de la cte d, , Opale )_jouer' is clicked on

2022-07-19 16:54:48 - [TEST_STEP][PASSED] - delay(1): Delayed 1 second(s)

2022-07-19 16:54:49 - [MESSAGE][PASSED] - Delayed 1 second(s)

2022-07-19 16:54:49 - [TEST_STEP][PASSED] - setText(findTestObject("Object Repository/Page_Concours photo  votez pour la plus bel_494087/input_trie par_keyword"), "Gaspard"): Text 'Gaspard' is set on object 'Object Repository/Page_Concours photo  votez pour la plus bel_494087/input_trie par_keyword'

2022-07-19 16:54:50 - [MESSAGE][PASSED] - Text 'Gaspard' is set on object 'Object Repository/Page_Concours photo  votez pour la plus bel_494087/input_trie par_keyword'

2022-07-19 16:54:50 - [TEST_STEP][PASSED] - sendKeys(findTestObject("Page_Concours photo  votez pour la plus bel_494087/input_trie par_keyword"), Keys.chord(ENTER)): Keys 'ENTER + ' sent to object: 'Object Repository/Page_Concours photo  votez pour la plus bel_494087/input_trie par_keyword'

2022-07-19 16:54:52 - [MESSAGE][PASSED] - Keys 'ENTER + ' sent to object: 'Object Repository/Page_Concours photo  votez pour la plus bel_494087/input_trie par_keyword'

2022-07-19 16:54:52 - [TEST_STEP][PASSED] - click(findTestObject("Page_Concours photo  votez pour la plus bel_494087/tri")): Object: 'Object Repository/Page_Concours photo  votez pour la plus bel_494087/tri' is clicked on

2022-07-19 16:54:52 - [MESSAGE][PASSED] - Object: 'Object Repository/Page_Concours photo  votez pour la plus bel_494087/tri' is clicked on

2022-07-19 16:54:52 - [TEST_STEP][PASSED] - click(findTestObject("Page_Concours photo  votez pour la plus bel_494087/plus de votes")): Object: 'Object Repository/Page_Concours photo  votez pour la plus bel_494087/plus de votes' is clicked on

2022-07-19 16:54:53 - [MESSAGE][PASSED] - Object: 'Object Repository/Page_Concours photo  votez pour la plus bel_494087/plus de votes' is clicked on

2022-07-19 16:54:54 - [TEST_STEP][PASSED] - click(findTestObject("Object Repository/Page_Concours photo  votez pour la plus bel_494087/i_Votes_fa fa-heart")): Object: 'Object Repository/Page_Concours photo  votez pour la plus bel_494087/i_Votes_fa fa-heart' is clicked on

2022-07-19 16:54:55 - [MESSAGE][PASSED] - Object: 'Object Repository/Page_Concours photo  votez pour la plus bel_494087/i_Votes_fa fa-heart' is clicked on

2022-07-19 16:54:55 - [TEST_STEP][PASSED] - delay(1): Delayed 1 second(s)

2022-07-19 16:54:56 - [MESSAGE][PASSED] - Delayed 1 second(s)

2022-07-19 16:54:56 - [TEST_STEP][PASSED] - closeBrowser(): Browser is closed

2022-07-19 16:54:56 - [MESSAGE][PASSED] - Browser is closed]]></system-out>
         <system-err><![CDATA[]]></system-err>
      </testcase>
      <testcase name="Test Cases/Vote" time="23.099" classname="Test Cases/Vote" status="PASSED">
         <system-out><![CDATA[2022-07-19 16:54:56 - [TEST_CASE][PASSED] - Test Cases/Vote: Test Cases/Vote

2022-07-19 16:54:56 - [TEST_STEP][PASSED] - openBrowser(""): Browser is opened with url: ''

2022-07-19 16:54:56 - [MESSAGE][INFO] - Starting 'Chrome' driver

2022-07-19 16:54:56 - [MESSAGE][INFO] - Action delay is set to 0 milliseconds

2022-07-19 16:54:57 - [MESSAGE][PASSED] - Browser is opened with url: ''

2022-07-19 16:54:57 - [TEST_STEP][PASSED] - navigateToUrl("https://lesechosdutouquet.nordlittoral.fr/147787/article/2022-06-30/concours-photo-montrez-nous-la-plus-belle-photo-de-votre-chien-en-promenade-sur#l5lb6r47qsmp9ur58y"): Navigate to 'https://lesechosdutouquet.nordlittoral.fr/147787/article/2022-06-30/concours-photo-montrez-nous-la-plus-belle-photo-de-votre-chien-en-promenade-sur#l5lb6r47qsmp9ur58y' successfully

2022-07-19 16:55:00 - [MESSAGE][PASSED] - Navigate to 'https://lesechosdutouquet.nordlittoral.fr/147787/article/2022-06-30/concours-photo-montrez-nous-la-plus-belle-photo-de-votre-chien-en-promenade-sur#l5lb6r47qsmp9ur58y' successfully

2022-07-19 16:55:00 - [TEST_STEP][PASSED] - setViewPortSize(1920, 1080): Viewport is set to new size with width = 1920 and height = 1080

2022-07-19 16:55:00 - [MESSAGE][PASSED] - Viewport is set to new size with width = 1920 and height = 1080

2022-07-19 16:55:00 - [TEST_STEP][PASSED] - click(findTestObject("Object Repository/Page_Concours photo  votez pour la plus bel_494087/button_Accepter  Fermer")): Object: 'Object Repository/Page_Concours photo  votez pour la plus bel_494087/button_Accepter  Fermer' is clicked on

2022-07-19 16:55:01 - [MESSAGE][PASSED] - Object: 'Object Repository/Page_Concours photo  votez pour la plus bel_494087/button_Accepter  Fermer' is clicked on

2022-07-19 16:55:01 - [TEST_STEP][PASSED] - waitForElementVisible(findTestObject("Object Repository/Page_Concours photo  votez pour la plus bel_494087/a_X"), 15): Object 'Object Repository/Page_Concours photo  votez pour la plus bel_494087/a_X' is visible

2022-07-19 16:55:07 - [MESSAGE][PASSED] - Object 'Object Repository/Page_Concours photo  votez pour la plus bel_494087/a_X' is visible

2022-07-19 16:55:07 - [TEST_STEP][PASSED] - click(findTestObject("Object Repository/Page_Concours photo  votez pour la plus bel_494087/a_X")): Object: 'Object Repository/Page_Concours photo  votez pour la plus bel_494087/a_X' is clicked on

2022-07-19 16:55:08 - [MESSAGE][PASSED] - Object: 'Object Repository/Page_Concours photo  votez pour la plus bel_494087/a_X' is clicked on

2022-07-19 16:55:08 - [TEST_STEP][PASSED] - delay(1): Delayed 1 second(s)

2022-07-19 16:55:09 - [MESSAGE][PASSED] - Delayed 1 second(s)

2022-07-19 16:55:09 - [TEST_STEP][PASSED] - click(findTestObject("Object Repository/Page_Concours photo  votez pour la plus bel_494087/input_concat(Votez pour le plus beau chien de la cte d, , Opale )_jouer")): Object: 'Object Repository/Page_Concours photo  votez pour la plus bel_494087/input_concat(Votez pour le plus beau chien de la cte d, , Opale )_jouer' is clicked on

2022-07-19 16:55:09 - [MESSAGE][PASSED] - Object: 'Object Repository/Page_Concours photo  votez pour la plus bel_494087/input_concat(Votez pour le plus beau chien de la cte d, , Opale )_jouer' is clicked on

2022-07-19 16:55:10 - [TEST_STEP][PASSED] - if (verifyElementPresent(findTestObject("Page_Concours photo  votez pour la plus bel_494087/input_concat(Votez pour le plus beau chien de la cte d, , Opale )_jouer"), 1, OPTIONAL)): null

2022-07-19 16:55:11 - [MESSAGE][PASSED] - Object 'Object Repository/Page_Concours photo  votez pour la plus bel_494087/input_concat(Votez pour le plus beau chien de la cte d, , Opale )_jouer' is present

2022-07-19 16:55:11 - [TEST_STEP][PASSED] - click(findTestObject("Object Repository/Page_Concours photo  votez pour la plus bel_494087/input_concat(Votez pour le plus beau chien de la cte d, , Opale )_jouer")): Object: 'Object Repository/Page_Concours photo  votez pour la plus bel_494087/input_concat(Votez pour le plus beau chien de la cte d, , Opale )_jouer' is clicked on

2022-07-19 16:55:11 - [MESSAGE][PASSED] - Object: 'Object Repository/Page_Concours photo  votez pour la plus bel_494087/input_concat(Votez pour le plus beau chien de la cte d, , Opale )_jouer' is clicked on

2022-07-19 16:55:11 - [TEST_STEP][PASSED] - delay(1): Delayed 1 second(s)

2022-07-19 16:55:12 - [MESSAGE][PASSED] - Delayed 1 second(s)

2022-07-19 16:55:12 - [TEST_STEP][PASSED] - setText(findTestObject("Object Repository/Page_Concours photo  votez pour la plus bel_494087/input_trie par_keyword"), "Gaspard"): Text 'Gaspard' is set on object 'Object Repository/Page_Concours photo  votez pour la plus bel_494087/input_trie par_keyword'

2022-07-19 16:55:14 - [MESSAGE][PASSED] - Text 'Gaspard' is set on object 'Object Repository/Page_Concours photo  votez pour la plus bel_494087/input_trie par_keyword'

2022-07-19 16:55:14 - [TEST_STEP][PASSED] - sendKeys(findTestObject("Page_Concours photo  votez pour la plus bel_494087/input_trie par_keyword"), Keys.chord(ENTER)): Keys 'ENTER + ' sent to object: 'Object Repository/Page_Concours photo  votez pour la plus bel_494087/input_trie par_keyword'

2022-07-19 16:55:15 - [MESSAGE][PASSED] - Keys 'ENTER + ' sent to object: 'Object Repository/Page_Concours photo  votez pour la plus bel_494087/input_trie par_keyword'

2022-07-19 16:55:15 - [TEST_STEP][PASSED] - click(findTestObject("Page_Concours photo  votez pour la plus bel_494087/tri")): Object: 'Object Repository/Page_Concours photo  votez pour la plus bel_494087/tri' is clicked on

2022-07-19 16:55:16 - [MESSAGE][PASSED] - Object: 'Object Repository/Page_Concours photo  votez pour la plus bel_494087/tri' is clicked on

2022-07-19 16:55:16 - [TEST_STEP][PASSED] - click(findTestObject("Page_Concours photo  votez pour la plus bel_494087/plus de votes")): Object: 'Object Repository/Page_Concours photo  votez pour la plus bel_494087/plus de votes' is clicked on

2022-07-19 16:55:16 - [MESSAGE][PASSED] - Object: 'Object Repository/Page_Concours photo  votez pour la plus bel_494087/plus de votes' is clicked on

2022-07-19 16:55:17 - [TEST_STEP][PASSED] - click(findTestObject("Object Repository/Page_Concours photo  votez pour la plus bel_494087/i_Votes_fa fa-heart")): Object: 'Object Repository/Page_Concours photo  votez pour la plus bel_494087/i_Votes_fa fa-heart' is clicked on

2022-07-19 16:55:18 - [MESSAGE][PASSED] - Object: 'Object Repository/Page_Concours photo  votez pour la plus bel_494087/i_Votes_fa fa-heart' is clicked on

2022-07-19 16:55:18 - [TEST_STEP][PASSED] - delay(1): Delayed 1 second(s)

2022-07-19 16:55:19 - [MESSAGE][PASSED] - Delayed 1 second(s)

2022-07-19 16:55:19 - [TEST_STEP][PASSED] - closeBrowser(): Browser is closed

2022-07-19 16:55:19 - [MESSAGE][PASSED] - Browser is closed]]></system-out>
         <system-err><![CDATA[]]></system-err>
      </testcase>
      <testcase name="Test Cases/Vote" time="24.179" classname="Test Cases/Vote" status="PASSED">
         <system-out><![CDATA[2022-07-19 16:55:19 - [TEST_CASE][PASSED] - Test Cases/Vote: Test Cases/Vote

2022-07-19 16:55:19 - [TEST_STEP][PASSED] - openBrowser(""): Browser is opened with url: ''

2022-07-19 16:55:19 - [MESSAGE][INFO] - Starting 'Chrome' driver

2022-07-19 16:55:19 - [MESSAGE][INFO] - Action delay is set to 0 milliseconds

2022-07-19 16:55:21 - [MESSAGE][PASSED] - Browser is opened with url: ''

2022-07-19 16:55:21 - [TEST_STEP][PASSED] - navigateToUrl("https://lesechosdutouquet.nordlittoral.fr/147787/article/2022-06-30/concours-photo-montrez-nous-la-plus-belle-photo-de-votre-chien-en-promenade-sur#l5lb6r47qsmp9ur58y"): Navigate to 'https://lesechosdutouquet.nordlittoral.fr/147787/article/2022-06-30/concours-photo-montrez-nous-la-plus-belle-photo-de-votre-chien-en-promenade-sur#l5lb6r47qsmp9ur58y' successfully

2022-07-19 16:55:24 - [MESSAGE][PASSED] - Navigate to 'https://lesechosdutouquet.nordlittoral.fr/147787/article/2022-06-30/concours-photo-montrez-nous-la-plus-belle-photo-de-votre-chien-en-promenade-sur#l5lb6r47qsmp9ur58y' successfully

2022-07-19 16:55:24 - [TEST_STEP][PASSED] - setViewPortSize(1920, 1080): Viewport is set to new size with width = 1920 and height = 1080

2022-07-19 16:55:24 - [MESSAGE][PASSED] - Viewport is set to new size with width = 1920 and height = 1080

2022-07-19 16:55:24 - [TEST_STEP][PASSED] - click(findTestObject("Object Repository/Page_Concours photo  votez pour la plus bel_494087/button_Accepter  Fermer")): Object: 'Object Repository/Page_Concours photo  votez pour la plus bel_494087/button_Accepter  Fermer' is clicked on

2022-07-19 16:55:25 - [MESSAGE][PASSED] - Object: 'Object Repository/Page_Concours photo  votez pour la plus bel_494087/button_Accepter  Fermer' is clicked on

2022-07-19 16:55:25 - [TEST_STEP][PASSED] - waitForElementVisible(findTestObject("Object Repository/Page_Concours photo  votez pour la plus bel_494087/a_X"), 15): Object 'Object Repository/Page_Concours photo  votez pour la plus bel_494087/a_X' is visible

2022-07-19 16:55:31 - [MESSAGE][PASSED] - Object 'Object Repository/Page_Concours photo  votez pour la plus bel_494087/a_X' is visible

2022-07-19 16:55:31 - [TEST_STEP][PASSED] - click(findTestObject("Object Repository/Page_Concours photo  votez pour la plus bel_494087/a_X")): Object: 'Object Repository/Page_Concours photo  votez pour la plus bel_494087/a_X' is clicked on

2022-07-19 16:55:31 - [MESSAGE][PASSED] - Object: 'Object Repository/Page_Concours photo  votez pour la plus bel_494087/a_X' is clicked on

2022-07-19 16:55:31 - [TEST_STEP][PASSED] - delay(1): Delayed 1 second(s)

2022-07-19 16:55:32 - [MESSAGE][PASSED] - Delayed 1 second(s)

2022-07-19 16:55:32 - [TEST_STEP][PASSED] - click(findTestObject("Object Repository/Page_Concours photo  votez pour la plus bel_494087/input_concat(Votez pour le plus beau chien de la cte d, , Opale )_jouer")): Object: 'Object Repository/Page_Concours photo  votez pour la plus bel_494087/input_concat(Votez pour le plus beau chien de la cte d, , Opale )_jouer' is clicked on

2022-07-19 16:55:33 - [MESSAGE][PASSED] - Object: 'Object Repository/Page_Concours photo  votez pour la plus bel_494087/input_concat(Votez pour le plus beau chien de la cte d, , Opale )_jouer' is clicked on

2022-07-19 16:55:33 - [TEST_STEP][PASSED] - if (verifyElementPresent(findTestObject("Page_Concours photo  votez pour la plus bel_494087/input_concat(Votez pour le plus beau chien de la cte d, , Opale )_jouer"), 1, OPTIONAL)): null

2022-07-19 16:55:35 - [MESSAGE][PASSED] - Object 'Object Repository/Page_Concours photo  votez pour la plus bel_494087/input_concat(Votez pour le plus beau chien de la cte d, , Opale )_jouer' is present

2022-07-19 16:55:35 - [TEST_STEP][PASSED] - click(findTestObject("Object Repository/Page_Concours photo  votez pour la plus bel_494087/input_concat(Votez pour le plus beau chien de la cte d, , Opale )_jouer")): Object: 'Object Repository/Page_Concours photo  votez pour la plus bel_494087/input_concat(Votez pour le plus beau chien de la cte d, , Opale )_jouer' is clicked on

2022-07-19 16:55:35 - [MESSAGE][PASSED] - Object: 'Object Repository/Page_Concours photo  votez pour la plus bel_494087/input_concat(Votez pour le plus beau chien de la cte d, , Opale )_jouer' is clicked on

2022-07-19 16:55:35 - [TEST_STEP][PASSED] - delay(1): Delayed 1 second(s)

2022-07-19 16:55:36 - [MESSAGE][PASSED] - Delayed 1 second(s)

2022-07-19 16:55:36 - [TEST_STEP][PASSED] - setText(findTestObject("Object Repository/Page_Concours photo  votez pour la plus bel_494087/input_trie par_keyword"), "Gaspard"): Text 'Gaspard' is set on object 'Object Repository/Page_Concours photo  votez pour la plus bel_494087/input_trie par_keyword'

2022-07-19 16:55:37 - [MESSAGE][PASSED] - Text 'Gaspard' is set on object 'Object Repository/Page_Concours photo  votez pour la plus bel_494087/input_trie par_keyword'

2022-07-19 16:55:37 - [TEST_STEP][PASSED] - sendKeys(findTestObject("Page_Concours photo  votez pour la plus bel_494087/input_trie par_keyword"), Keys.chord(ENTER)): Keys 'ENTER + ' sent to object: 'Object Repository/Page_Concours photo  votez pour la plus bel_494087/input_trie par_keyword'

2022-07-19 16:55:38 - [MESSAGE][PASSED] - Keys 'ENTER + ' sent to object: 'Object Repository/Page_Concours photo  votez pour la plus bel_494087/input_trie par_keyword'

2022-07-19 16:55:38 - [TEST_STEP][PASSED] - click(findTestObject("Page_Concours photo  votez pour la plus bel_494087/tri")): Object: 'Object Repository/Page_Concours photo  votez pour la plus bel_494087/tri' is clicked on

2022-07-19 16:55:39 - [MESSAGE][PASSED] - Object: 'Object Repository/Page_Concours photo  votez pour la plus bel_494087/tri' is clicked on

2022-07-19 16:55:39 - [TEST_STEP][PASSED] - click(findTestObject("Page_Concours photo  votez pour la plus bel_494087/plus de votes")): Object: 'Object Repository/Page_Concours photo  votez pour la plus bel_494087/plus de votes' is clicked on

2022-07-19 16:55:40 - [MESSAGE][PASSED] - Object: 'Object Repository/Page_Concours photo  votez pour la plus bel_494087/plus de votes' is clicked on

2022-07-19 16:55:41 - [TEST_STEP][PASSED] - click(findTestObject("Object Repository/Page_Concours photo  votez pour la plus bel_494087/i_Votes_fa fa-heart")): Object: 'Object Repository/Page_Concours photo  votez pour la plus bel_494087/i_Votes_fa fa-heart' is clicked on

2022-07-19 16:55:42 - [MESSAGE][PASSED] - Object: 'Object Repository/Page_Concours photo  votez pour la plus bel_494087/i_Votes_fa fa-heart' is clicked on

2022-07-19 16:55:42 - [TEST_STEP][PASSED] - delay(1): Delayed 1 second(s)

2022-07-19 16:55:43 - [MESSAGE][PASSED] - Delayed 1 second(s)

2022-07-19 16:55:43 - [TEST_STEP][PASSED] - closeBrowser(): Browser is closed

2022-07-19 16:55:43 - [MESSAGE][PASSED] - Browser is closed]]></system-out>
         <system-err><![CDATA[]]></system-err>
      </testcase>
      <testcase name="Test Cases/Vote" time="27.018" classname="Test Cases/Vote" status="PASSED">
         <system-out><![CDATA[2022-07-19 16:55:43 - [TEST_CASE][PASSED] - Test Cases/Vote: Test Cases/Vote

2022-07-19 16:55:43 - [TEST_STEP][PASSED] - openBrowser(""): Browser is opened with url: ''

2022-07-19 16:55:43 - [MESSAGE][INFO] - Starting 'Chrome' driver

2022-07-19 16:55:43 - [MESSAGE][INFO] - Action delay is set to 0 milliseconds

2022-07-19 16:55:45 - [MESSAGE][PASSED] - Browser is opened with url: ''

2022-07-19 16:55:45 - [TEST_STEP][PASSED] - navigateToUrl("https://lesechosdutouquet.nordlittoral.fr/147787/article/2022-06-30/concours-photo-montrez-nous-la-plus-belle-photo-de-votre-chien-en-promenade-sur#l5lb6r47qsmp9ur58y"): Navigate to 'https://lesechosdutouquet.nordlittoral.fr/147787/article/2022-06-30/concours-photo-montrez-nous-la-plus-belle-photo-de-votre-chien-en-promenade-sur#l5lb6r47qsmp9ur58y' successfully

2022-07-19 16:55:49 - [MESSAGE][PASSED] - Navigate to 'https://lesechosdutouquet.nordlittoral.fr/147787/article/2022-06-30/concours-photo-montrez-nous-la-plus-belle-photo-de-votre-chien-en-promenade-sur#l5lb6r47qsmp9ur58y' successfully

2022-07-19 16:55:49 - [TEST_STEP][PASSED] - setViewPortSize(1920, 1080): Viewport is set to new size with width = 1920 and height = 1080

2022-07-19 16:55:49 - [MESSAGE][PASSED] - Viewport is set to new size with width = 1920 and height = 1080

2022-07-19 16:55:49 - [TEST_STEP][PASSED] - click(findTestObject("Object Repository/Page_Concours photo  votez pour la plus bel_494087/button_Accepter  Fermer")): Object: 'Object Repository/Page_Concours photo  votez pour la plus bel_494087/button_Accepter  Fermer' is clicked on

2022-07-19 16:55:50 - [MESSAGE][PASSED] - Object: 'Object Repository/Page_Concours photo  votez pour la plus bel_494087/button_Accepter  Fermer' is clicked on

2022-07-19 16:55:50 - [TEST_STEP][PASSED] - waitForElementVisible(findTestObject("Object Repository/Page_Concours photo  votez pour la plus bel_494087/a_X"), 15): Object 'Object Repository/Page_Concours photo  votez pour la plus bel_494087/a_X' is visible

2022-07-19 16:55:57 - [MESSAGE][PASSED] - Object 'Object Repository/Page_Concours photo  votez pour la plus bel_494087/a_X' is visible

2022-07-19 16:55:57 - [TEST_STEP][PASSED] - click(findTestObject("Object Repository/Page_Concours photo  votez pour la plus bel_494087/a_X")): Object: 'Object Repository/Page_Concours photo  votez pour la plus bel_494087/a_X' is clicked on

2022-07-19 16:55:58 - [MESSAGE][PASSED] - Object: 'Object Repository/Page_Concours photo  votez pour la plus bel_494087/a_X' is clicked on

2022-07-19 16:55:58 - [TEST_STEP][PASSED] - delay(1): Delayed 1 second(s)

2022-07-19 16:55:59 - [MESSAGE][PASSED] - Delayed 1 second(s)

2022-07-19 16:55:59 - [TEST_STEP][PASSED] - click(findTestObject("Object Repository/Page_Concours photo  votez pour la plus bel_494087/input_concat(Votez pour le plus beau chien de la cte d, , Opale )_jouer")): Object: 'Object Repository/Page_Concours photo  votez pour la plus bel_494087/input_concat(Votez pour le plus beau chien de la cte d, , Opale )_jouer' is clicked on

2022-07-19 16:56:00 - [MESSAGE][PASSED] - Object: 'Object Repository/Page_Concours photo  votez pour la plus bel_494087/input_concat(Votez pour le plus beau chien de la cte d, , Opale )_jouer' is clicked on

2022-07-19 16:56:00 - [TEST_STEP][PASSED] - if (verifyElementPresent(findTestObject("Page_Concours photo  votez pour la plus bel_494087/input_concat(Votez pour le plus beau chien de la cte d, , Opale )_jouer"), 1, OPTIONAL)): null

2022-07-19 16:56:01 - [MESSAGE][PASSED] - Object 'Object Repository/Page_Concours photo  votez pour la plus bel_494087/input_concat(Votez pour le plus beau chien de la cte d, , Opale )_jouer' is present

2022-07-19 16:56:01 - [TEST_STEP][PASSED] - click(findTestObject("Object Repository/Page_Concours photo  votez pour la plus bel_494087/input_concat(Votez pour le plus beau chien de la cte d, , Opale )_jouer")): Object: 'Object Repository/Page_Concours photo  votez pour la plus bel_494087/input_concat(Votez pour le plus beau chien de la cte d, , Opale )_jouer' is clicked on

2022-07-19 16:56:02 - [MESSAGE][PASSED] - Object: 'Object Repository/Page_Concours photo  votez pour la plus bel_494087/input_concat(Votez pour le plus beau chien de la cte d, , Opale )_jouer' is clicked on

2022-07-19 16:56:02 - [TEST_STEP][PASSED] - delay(1): Delayed 1 second(s)

2022-07-19 16:56:03 - [MESSAGE][PASSED] - Delayed 1 second(s)

2022-07-19 16:56:03 - [TEST_STEP][PASSED] - setText(findTestObject("Object Repository/Page_Concours photo  votez pour la plus bel_494087/input_trie par_keyword"), "Gaspard"): Text 'Gaspard' is set on object 'Object Repository/Page_Concours photo  votez pour la plus bel_494087/input_trie par_keyword'

2022-07-19 16:56:05 - [MESSAGE][PASSED] - Text 'Gaspard' is set on object 'Object Repository/Page_Concours photo  votez pour la plus bel_494087/input_trie par_keyword'

2022-07-19 16:56:05 - [TEST_STEP][PASSED] - sendKeys(findTestObject("Page_Concours photo  votez pour la plus bel_494087/input_trie par_keyword"), Keys.chord(ENTER)): Keys 'ENTER + ' sent to object: 'Object Repository/Page_Concours photo  votez pour la plus bel_494087/input_trie par_keyword'

2022-07-19 16:56:06 - [MESSAGE][PASSED] - Keys 'ENTER + ' sent to object: 'Object Repository/Page_Concours photo  votez pour la plus bel_494087/input_trie par_keyword'

2022-07-19 16:56:06 - [TEST_STEP][PASSED] - click(findTestObject("Page_Concours photo  votez pour la plus bel_494087/tri")): Object: 'Object Repository/Page_Concours photo  votez pour la plus bel_494087/tri' is clicked on

2022-07-19 16:56:06 - [MESSAGE][PASSED] - Object: 'Object Repository/Page_Concours photo  votez pour la plus bel_494087/tri' is clicked on

2022-07-19 16:56:06 - [TEST_STEP][PASSED] - click(findTestObject("Page_Concours photo  votez pour la plus bel_494087/plus de votes")): Object: 'Object Repository/Page_Concours photo  votez pour la plus bel_494087/plus de votes' is clicked on

2022-07-19 16:56:07 - [MESSAGE][PASSED] - Object: 'Object Repository/Page_Concours photo  votez pour la plus bel_494087/plus de votes' is clicked on

2022-07-19 16:56:08 - [TEST_STEP][PASSED] - click(findTestObject("Object Repository/Page_Concours photo  votez pour la plus bel_494087/i_Votes_fa fa-heart")): Object: 'Object Repository/Page_Concours photo  votez pour la plus bel_494087/i_Votes_fa fa-heart' is clicked on

2022-07-19 16:56:09 - [MESSAGE][PASSED] - Object: 'Object Repository/Page_Concours photo  votez pour la plus bel_494087/i_Votes_fa fa-heart' is clicked on

2022-07-19 16:56:09 - [TEST_STEP][PASSED] - delay(1): Delayed 1 second(s)

2022-07-19 16:56:10 - [MESSAGE][PASSED] - Delayed 1 second(s)

2022-07-19 16:56:10 - [TEST_STEP][PASSED] - closeBrowser(): Browser is closed

2022-07-19 16:56:10 - [MESSAGE][PASSED] - Browser is closed]]></system-out>
         <system-err><![CDATA[]]></system-err>
      </testcase>
      <testcase name="Test Cases/Vote" time="26.979" classname="Test Cases/Vote" status="PASSED">
         <system-out><![CDATA[2022-07-19 16:56:10 - [TEST_CASE][PASSED] - Test Cases/Vote: Test Cases/Vote

2022-07-19 16:56:10 - [TEST_STEP][PASSED] - openBrowser(""): Browser is opened with url: ''

2022-07-19 16:56:10 - [MESSAGE][INFO] - Starting 'Chrome' driver

2022-07-19 16:56:10 - [MESSAGE][INFO] - Action delay is set to 0 milliseconds

2022-07-19 16:56:12 - [MESSAGE][PASSED] - Browser is opened with url: ''

2022-07-19 16:56:12 - [TEST_STEP][PASSED] - navigateToUrl("https://lesechosdutouquet.nordlittoral.fr/147787/article/2022-06-30/concours-photo-montrez-nous-la-plus-belle-photo-de-votre-chien-en-promenade-sur#l5lb6r47qsmp9ur58y"): Navigate to 'https://lesechosdutouquet.nordlittoral.fr/147787/article/2022-06-30/concours-photo-montrez-nous-la-plus-belle-photo-de-votre-chien-en-promenade-sur#l5lb6r47qsmp9ur58y' successfully

2022-07-19 16:56:16 - [MESSAGE][PASSED] - Navigate to 'https://lesechosdutouquet.nordlittoral.fr/147787/article/2022-06-30/concours-photo-montrez-nous-la-plus-belle-photo-de-votre-chien-en-promenade-sur#l5lb6r47qsmp9ur58y' successfully

2022-07-19 16:56:16 - [TEST_STEP][PASSED] - setViewPortSize(1920, 1080): Viewport is set to new size with width = 1920 and height = 1080

2022-07-19 16:56:16 - [MESSAGE][PASSED] - Viewport is set to new size with width = 1920 and height = 1080

2022-07-19 16:56:16 - [TEST_STEP][PASSED] - click(findTestObject("Object Repository/Page_Concours photo  votez pour la plus bel_494087/button_Accepter  Fermer")): Object: 'Object Repository/Page_Concours photo  votez pour la plus bel_494087/button_Accepter  Fermer' is clicked on

2022-07-19 16:56:17 - [MESSAGE][PASSED] - Object: 'Object Repository/Page_Concours photo  votez pour la plus bel_494087/button_Accepter  Fermer' is clicked on

2022-07-19 16:56:17 - [TEST_STEP][PASSED] - waitForElementVisible(findTestObject("Object Repository/Page_Concours photo  votez pour la plus bel_494087/a_X"), 15): Object 'Object Repository/Page_Concours photo  votez pour la plus bel_494087/a_X' is visible

2022-07-19 16:56:24 - [MESSAGE][PASSED] - Object 'Object Repository/Page_Concours photo  votez pour la plus bel_494087/a_X' is visible

2022-07-19 16:56:24 - [TEST_STEP][PASSED] - click(findTestObject("Object Repository/Page_Concours photo  votez pour la plus bel_494087/a_X")): Object: 'Object Repository/Page_Concours photo  votez pour la plus bel_494087/a_X' is clicked on

2022-07-19 16:56:25 - [MESSAGE][PASSED] - Object: 'Object Repository/Page_Concours photo  votez pour la plus bel_494087/a_X' is clicked on

2022-07-19 16:56:25 - [TEST_STEP][PASSED] - delay(1): Delayed 1 second(s)

2022-07-19 16:56:26 - [MESSAGE][PASSED] - Delayed 1 second(s)

2022-07-19 16:56:26 - [TEST_STEP][PASSED] - click(findTestObject("Object Repository/Page_Concours photo  votez pour la plus bel_494087/input_concat(Votez pour le plus beau chien de la cte d, , Opale )_jouer")): Object: 'Object Repository/Page_Concours photo  votez pour la plus bel_494087/input_concat(Votez pour le plus beau chien de la cte d, , Opale )_jouer' is clicked on

2022-07-19 16:56:27 - [MESSAGE][PASSED] - Object: 'Object Repository/Page_Concours photo  votez pour la plus bel_494087/input_concat(Votez pour le plus beau chien de la cte d, , Opale )_jouer' is clicked on

2022-07-19 16:56:27 - [TEST_STEP][PASSED] - if (verifyElementPresent(findTestObject("Page_Concours photo  votez pour la plus bel_494087/input_concat(Votez pour le plus beau chien de la cte d, , Opale )_jouer"), 1, OPTIONAL)): null

2022-07-19 16:56:28 - [MESSAGE][PASSED] - Object 'Object Repository/Page_Concours photo  votez pour la plus bel_494087/input_concat(Votez pour le plus beau chien de la cte d, , Opale )_jouer' is present

2022-07-19 16:56:28 - [TEST_STEP][PASSED] - click(findTestObject("Object Repository/Page_Concours photo  votez pour la plus bel_494087/input_concat(Votez pour le plus beau chien de la cte d, , Opale )_jouer")): Object: 'Object Repository/Page_Concours photo  votez pour la plus bel_494087/input_concat(Votez pour le plus beau chien de la cte d, , Opale )_jouer' is clicked on

2022-07-19 16:56:29 - [MESSAGE][PASSED] - Object: 'Object Repository/Page_Concours photo  votez pour la plus bel_494087/input_concat(Votez pour le plus beau chien de la cte d, , Opale )_jouer' is clicked on

2022-07-19 16:56:29 - [TEST_STEP][PASSED] - delay(1): Delayed 1 second(s)

2022-07-19 16:56:30 - [MESSAGE][PASSED] - Delayed 1 second(s)

2022-07-19 16:56:30 - [TEST_STEP][PASSED] - setText(findTestObject("Object Repository/Page_Concours photo  votez pour la plus bel_494087/input_trie par_keyword"), "Gaspard"): Text 'Gaspard' is set on object 'Object Repository/Page_Concours photo  votez pour la plus bel_494087/input_trie par_keyword'

2022-07-19 16:56:31 - [MESSAGE][PASSED] - Text 'Gaspard' is set on object 'Object Repository/Page_Concours photo  votez pour la plus bel_494087/input_trie par_keyword'

2022-07-19 16:56:31 - [TEST_STEP][PASSED] - sendKeys(findTestObject("Page_Concours photo  votez pour la plus bel_494087/input_trie par_keyword"), Keys.chord(ENTER)): Keys 'ENTER + ' sent to object: 'Object Repository/Page_Concours photo  votez pour la plus bel_494087/input_trie par_keyword'

2022-07-19 16:56:33 - [MESSAGE][PASSED] - Keys 'ENTER + ' sent to object: 'Object Repository/Page_Concours photo  votez pour la plus bel_494087/input_trie par_keyword'

2022-07-19 16:56:33 - [TEST_STEP][PASSED] - click(findTestObject("Page_Concours photo  votez pour la plus bel_494087/tri")): Object: 'Object Repository/Page_Concours photo  votez pour la plus bel_494087/tri' is clicked on

2022-07-19 16:56:33 - [MESSAGE][PASSED] - Object: 'Object Repository/Page_Concours photo  votez pour la plus bel_494087/tri' is clicked on

2022-07-19 16:56:33 - [TEST_STEP][PASSED] - click(findTestObject("Page_Concours photo  votez pour la plus bel_494087/plus de votes")): Object: 'Object Repository/Page_Concours photo  votez pour la plus bel_494087/plus de votes' is clicked on

2022-07-19 16:56:34 - [MESSAGE][PASSED] - Object: 'Object Repository/Page_Concours photo  votez pour la plus bel_494087/plus de votes' is clicked on

2022-07-19 16:56:35 - [TEST_STEP][PASSED] - click(findTestObject("Object Repository/Page_Concours photo  votez pour la plus bel_494087/i_Votes_fa fa-heart")): Object: 'Object Repository/Page_Concours photo  votez pour la plus bel_494087/i_Votes_fa fa-heart' is clicked on

2022-07-19 16:56:36 - [MESSAGE][PASSED] - Object: 'Object Repository/Page_Concours photo  votez pour la plus bel_494087/i_Votes_fa fa-heart' is clicked on

2022-07-19 16:56:36 - [TEST_STEP][PASSED] - delay(1): Delayed 1 second(s)

2022-07-19 16:56:37 - [MESSAGE][PASSED] - Delayed 1 second(s)

2022-07-19 16:56:37 - [TEST_STEP][PASSED] - closeBrowser(): Browser is closed

2022-07-19 16:56:37 - [MESSAGE][PASSED] - Browser is closed]]></system-out>
         <system-err><![CDATA[]]></system-err>
      </testcase>
      <testcase name="Test Cases/Vote" time="30.289" classname="Test Cases/Vote" status="PASSED">
         <system-out><![CDATA[2022-07-19 16:56:37 - [TEST_CASE][PASSED] - Test Cases/Vote: Test Cases/Vote

2022-07-19 16:56:37 - [TEST_STEP][PASSED] - openBrowser(""): Browser is opened with url: ''

2022-07-19 16:56:37 - [MESSAGE][INFO] - Starting 'Chrome' driver

2022-07-19 16:56:37 - [MESSAGE][INFO] - Action delay is set to 0 milliseconds

2022-07-19 16:56:39 - [MESSAGE][PASSED] - Browser is opened with url: ''

2022-07-19 16:56:39 - [TEST_STEP][PASSED] - navigateToUrl("https://lesechosdutouquet.nordlittoral.fr/147787/article/2022-06-30/concours-photo-montrez-nous-la-plus-belle-photo-de-votre-chien-en-promenade-sur#l5lb6r47qsmp9ur58y"): Navigate to 'https://lesechosdutouquet.nordlittoral.fr/147787/article/2022-06-30/concours-photo-montrez-nous-la-plus-belle-photo-de-votre-chien-en-promenade-sur#l5lb6r47qsmp9ur58y' successfully

2022-07-19 16:56:44 - [MESSAGE][PASSED] - Navigate to 'https://lesechosdutouquet.nordlittoral.fr/147787/article/2022-06-30/concours-photo-montrez-nous-la-plus-belle-photo-de-votre-chien-en-promenade-sur#l5lb6r47qsmp9ur58y' successfully

2022-07-19 16:56:44 - [TEST_STEP][PASSED] - setViewPortSize(1920, 1080): Viewport is set to new size with width = 1920 and height = 1080

2022-07-19 16:56:44 - [MESSAGE][PASSED] - Viewport is set to new size with width = 1920 and height = 1080

2022-07-19 16:56:44 - [TEST_STEP][PASSED] - click(findTestObject("Object Repository/Page_Concours photo  votez pour la plus bel_494087/button_Accepter  Fermer")): Object: 'Object Repository/Page_Concours photo  votez pour la plus bel_494087/button_Accepter  Fermer' is clicked on

2022-07-19 16:56:45 - [MESSAGE][PASSED] - Object: 'Object Repository/Page_Concours photo  votez pour la plus bel_494087/button_Accepter  Fermer' is clicked on

2022-07-19 16:56:45 - [TEST_STEP][PASSED] - waitForElementVisible(findTestObject("Object Repository/Page_Concours photo  votez pour la plus bel_494087/a_X"), 15): Object 'Object Repository/Page_Concours photo  votez pour la plus bel_494087/a_X' is visible

2022-07-19 16:56:53 - [MESSAGE][PASSED] - Object 'Object Repository/Page_Concours photo  votez pour la plus bel_494087/a_X' is visible

2022-07-19 16:56:53 - [TEST_STEP][PASSED] - click(findTestObject("Object Repository/Page_Concours photo  votez pour la plus bel_494087/a_X")): Object: 'Object Repository/Page_Concours photo  votez pour la plus bel_494087/a_X' is clicked on

2022-07-19 16:56:53 - [MESSAGE][PASSED] - Object: 'Object Repository/Page_Concours photo  votez pour la plus bel_494087/a_X' is clicked on

2022-07-19 16:56:53 - [TEST_STEP][PASSED] - delay(1): Delayed 1 second(s)

2022-07-19 16:56:54 - [MESSAGE][PASSED] - Delayed 1 second(s)

2022-07-19 16:56:54 - [TEST_STEP][PASSED] - click(findTestObject("Object Repository/Page_Concours photo  votez pour la plus bel_494087/input_concat(Votez pour le plus beau chien de la cte d, , Opale )_jouer")): Object: 'Object Repository/Page_Concours photo  votez pour la plus bel_494087/input_concat(Votez pour le plus beau chien de la cte d, , Opale )_jouer' is clicked on

2022-07-19 16:56:55 - [MESSAGE][PASSED] - Object: 'Object Repository/Page_Concours photo  votez pour la plus bel_494087/input_concat(Votez pour le plus beau chien de la cte d, , Opale )_jouer' is clicked on

2022-07-19 16:56:55 - [TEST_STEP][PASSED] - if (verifyElementPresent(findTestObject("Page_Concours photo  votez pour la plus bel_494087/input_concat(Votez pour le plus beau chien de la cte d, , Opale )_jouer"), 1, OPTIONAL)): null

2022-07-19 16:56:56 - [MESSAGE][PASSED] - Object 'Object Repository/Page_Concours photo  votez pour la plus bel_494087/input_concat(Votez pour le plus beau chien de la cte d, , Opale )_jouer' is present

2022-07-19 16:56:56 - [TEST_STEP][PASSED] - click(findTestObject("Object Repository/Page_Concours photo  votez pour la plus bel_494087/input_concat(Votez pour le plus beau chien de la cte d, , Opale )_jouer")): Object: 'Object Repository/Page_Concours photo  votez pour la plus bel_494087/input_concat(Votez pour le plus beau chien de la cte d, , Opale )_jouer' is clicked on

2022-07-19 16:56:57 - [MESSAGE][PASSED] - Object: 'Object Repository/Page_Concours photo  votez pour la plus bel_494087/input_concat(Votez pour le plus beau chien de la cte d, , Opale )_jouer' is clicked on

2022-07-19 16:56:57 - [TEST_STEP][PASSED] - delay(1): Delayed 1 second(s)

2022-07-19 16:56:58 - [MESSAGE][PASSED] - Delayed 1 second(s)

2022-07-19 16:56:58 - [TEST_STEP][PASSED] - setText(findTestObject("Object Repository/Page_Concours photo  votez pour la plus bel_494087/input_trie par_keyword"), "Gaspard"): Text 'Gaspard' is set on object 'Object Repository/Page_Concours photo  votez pour la plus bel_494087/input_trie par_keyword'

2022-07-19 16:57:02 - [MESSAGE][PASSED] - Text 'Gaspard' is set on object 'Object Repository/Page_Concours photo  votez pour la plus bel_494087/input_trie par_keyword'

2022-07-19 16:57:02 - [TEST_STEP][PASSED] - sendKeys(findTestObject("Page_Concours photo  votez pour la plus bel_494087/input_trie par_keyword"), Keys.chord(ENTER)): Keys 'ENTER + ' sent to object: 'Object Repository/Page_Concours photo  votez pour la plus bel_494087/input_trie par_keyword'

2022-07-19 16:57:04 - [MESSAGE][PASSED] - Keys 'ENTER + ' sent to object: 'Object Repository/Page_Concours photo  votez pour la plus bel_494087/input_trie par_keyword'

2022-07-19 16:57:04 - [TEST_STEP][PASSED] - click(findTestObject("Page_Concours photo  votez pour la plus bel_494087/tri")): Object: 'Object Repository/Page_Concours photo  votez pour la plus bel_494087/tri' is clicked on

2022-07-19 16:57:04 - [MESSAGE][PASSED] - Object: 'Object Repository/Page_Concours photo  votez pour la plus bel_494087/tri' is clicked on

2022-07-19 16:57:04 - [TEST_STEP][PASSED] - click(findTestObject("Page_Concours photo  votez pour la plus bel_494087/plus de votes")): Object: 'Object Repository/Page_Concours photo  votez pour la plus bel_494087/plus de votes' is clicked on

2022-07-19 16:57:05 - [MESSAGE][PASSED] - Object: 'Object Repository/Page_Concours photo  votez pour la plus bel_494087/plus de votes' is clicked on

2022-07-19 16:57:06 - [TEST_STEP][PASSED] - click(findTestObject("Object Repository/Page_Concours photo  votez pour la plus bel_494087/i_Votes_fa fa-heart")): Object: 'Object Repository/Page_Concours photo  votez pour la plus bel_494087/i_Votes_fa fa-heart' is clicked on

2022-07-19 16:57:06 - [MESSAGE][PASSED] - Object: 'Object Repository/Page_Concours photo  votez pour la plus bel_494087/i_Votes_fa fa-heart' is clicked on

2022-07-19 16:57:06 - [TEST_STEP][PASSED] - delay(1): Delayed 1 second(s)

2022-07-19 16:57:07 - [MESSAGE][PASSED] - Delayed 1 second(s)

2022-07-19 16:57:07 - [TEST_STEP][PASSED] - closeBrowser(): Browser is closed

2022-07-19 16:57:08 - [MESSAGE][PASSED] - Browser is closed]]></system-out>
         <system-err><![CDATA[]]></system-err>
      </testcase>
      <testcase name="Test Cases/Vote" time="26.448" classname="Test Cases/Vote" status="PASSED">
         <system-out><![CDATA[2022-07-19 16:57:08 - [TEST_CASE][PASSED] - Test Cases/Vote: Test Cases/Vote

2022-07-19 16:57:08 - [TEST_STEP][PASSED] - openBrowser(""): Browser is opened with url: ''

2022-07-19 16:57:08 - [MESSAGE][INFO] - Starting 'Chrome' driver

2022-07-19 16:57:08 - [MESSAGE][INFO] - Action delay is set to 0 milliseconds

2022-07-19 16:57:09 - [MESSAGE][PASSED] - Browser is opened with url: ''

2022-07-19 16:57:09 - [TEST_STEP][PASSED] - navigateToUrl("https://lesechosdutouquet.nordlittoral.fr/147787/article/2022-06-30/concours-photo-montrez-nous-la-plus-belle-photo-de-votre-chien-en-promenade-sur#l5lb6r47qsmp9ur58y"): Navigate to 'https://lesechosdutouquet.nordlittoral.fr/147787/article/2022-06-30/concours-photo-montrez-nous-la-plus-belle-photo-de-votre-chien-en-promenade-sur#l5lb6r47qsmp9ur58y' successfully

2022-07-19 16:57:13 - [MESSAGE][PASSED] - Navigate to 'https://lesechosdutouquet.nordlittoral.fr/147787/article/2022-06-30/concours-photo-montrez-nous-la-plus-belle-photo-de-votre-chien-en-promenade-sur#l5lb6r47qsmp9ur58y' successfully

2022-07-19 16:57:13 - [TEST_STEP][PASSED] - setViewPortSize(1920, 1080): Viewport is set to new size with width = 1920 and height = 1080

2022-07-19 16:57:13 - [MESSAGE][PASSED] - Viewport is set to new size with width = 1920 and height = 1080

2022-07-19 16:57:13 - [TEST_STEP][PASSED] - click(findTestObject("Object Repository/Page_Concours photo  votez pour la plus bel_494087/button_Accepter  Fermer")): Object: 'Object Repository/Page_Concours photo  votez pour la plus bel_494087/button_Accepter  Fermer' is clicked on

2022-07-19 16:57:14 - [MESSAGE][PASSED] - Object: 'Object Repository/Page_Concours photo  votez pour la plus bel_494087/button_Accepter  Fermer' is clicked on

2022-07-19 16:57:14 - [TEST_STEP][PASSED] - waitForElementVisible(findTestObject("Object Repository/Page_Concours photo  votez pour la plus bel_494087/a_X"), 15): Object 'Object Repository/Page_Concours photo  votez pour la plus bel_494087/a_X' is visible

2022-07-19 16:57:21 - [MESSAGE][PASSED] - Object 'Object Repository/Page_Concours photo  votez pour la plus bel_494087/a_X' is visible

2022-07-19 16:57:21 - [TEST_STEP][PASSED] - click(findTestObject("Object Repository/Page_Concours photo  votez pour la plus bel_494087/a_X")): Object: 'Object Repository/Page_Concours photo  votez pour la plus bel_494087/a_X' is clicked on

2022-07-19 16:57:21 - [MESSAGE][PASSED] - Object: 'Object Repository/Page_Concours photo  votez pour la plus bel_494087/a_X' is clicked on

2022-07-19 16:57:21 - [TEST_STEP][PASSED] - delay(1): Delayed 1 second(s)

2022-07-19 16:57:22 - [MESSAGE][PASSED] - Delayed 1 second(s)

2022-07-19 16:57:22 - [TEST_STEP][PASSED] - click(findTestObject("Object Repository/Page_Concours photo  votez pour la plus bel_494087/input_concat(Votez pour le plus beau chien de la cte d, , Opale )_jouer")): Object: 'Object Repository/Page_Concours photo  votez pour la plus bel_494087/input_concat(Votez pour le plus beau chien de la cte d, , Opale )_jouer' is clicked on

2022-07-19 16:57:23 - [MESSAGE][PASSED] - Object: 'Object Repository/Page_Concours photo  votez pour la plus bel_494087/input_concat(Votez pour le plus beau chien de la cte d, , Opale )_jouer' is clicked on

2022-07-19 16:57:23 - [TEST_STEP][PASSED] - if (verifyElementPresent(findTestObject("Page_Concours photo  votez pour la plus bel_494087/input_concat(Votez pour le plus beau chien de la cte d, , Opale )_jouer"), 1, OPTIONAL)): null

2022-07-19 16:57:25 - [MESSAGE][PASSED] - Object 'Object Repository/Page_Concours photo  votez pour la plus bel_494087/input_concat(Votez pour le plus beau chien de la cte d, , Opale )_jouer' is present

2022-07-19 16:57:25 - [TEST_STEP][PASSED] - click(findTestObject("Object Repository/Page_Concours photo  votez pour la plus bel_494087/input_concat(Votez pour le plus beau chien de la cte d, , Opale )_jouer")): Object: 'Object Repository/Page_Concours photo  votez pour la plus bel_494087/input_concat(Votez pour le plus beau chien de la cte d, , Opale )_jouer' is clicked on

2022-07-19 16:57:25 - [MESSAGE][PASSED] - Object: 'Object Repository/Page_Concours photo  votez pour la plus bel_494087/input_concat(Votez pour le plus beau chien de la cte d, , Opale )_jouer' is clicked on

2022-07-19 16:57:25 - [TEST_STEP][PASSED] - delay(1): Delayed 1 second(s)

2022-07-19 16:57:26 - [MESSAGE][PASSED] - Delayed 1 second(s)

2022-07-19 16:57:26 - [TEST_STEP][PASSED] - setText(findTestObject("Object Repository/Page_Concours photo  votez pour la plus bel_494087/input_trie par_keyword"), "Gaspard"): Text 'Gaspard' is set on object 'Object Repository/Page_Concours photo  votez pour la plus bel_494087/input_trie par_keyword'

2022-07-19 16:57:28 - [MESSAGE][PASSED] - Text 'Gaspard' is set on object 'Object Repository/Page_Concours photo  votez pour la plus bel_494087/input_trie par_keyword'

2022-07-19 16:57:28 - [TEST_STEP][PASSED] - sendKeys(findTestObject("Page_Concours photo  votez pour la plus bel_494087/input_trie par_keyword"), Keys.chord(ENTER)): Keys 'ENTER + ' sent to object: 'Object Repository/Page_Concours photo  votez pour la plus bel_494087/input_trie par_keyword'

2022-07-19 16:57:30 - [MESSAGE][PASSED] - Keys 'ENTER + ' sent to object: 'Object Repository/Page_Concours photo  votez pour la plus bel_494087/input_trie par_keyword'

2022-07-19 16:57:30 - [TEST_STEP][PASSED] - click(findTestObject("Page_Concours photo  votez pour la plus bel_494087/tri")): Object: 'Object Repository/Page_Concours photo  votez pour la plus bel_494087/tri' is clicked on

2022-07-19 16:57:30 - [MESSAGE][PASSED] - Object: 'Object Repository/Page_Concours photo  votez pour la plus bel_494087/tri' is clicked on

2022-07-19 16:57:30 - [TEST_STEP][PASSED] - click(findTestObject("Page_Concours photo  votez pour la plus bel_494087/plus de votes")): Object: 'Object Repository/Page_Concours photo  votez pour la plus bel_494087/plus de votes' is clicked on

2022-07-19 16:57:31 - [MESSAGE][PASSED] - Object: 'Object Repository/Page_Concours photo  votez pour la plus bel_494087/plus de votes' is clicked on

2022-07-19 16:57:32 - [TEST_STEP][PASSED] - click(findTestObject("Object Repository/Page_Concours photo  votez pour la plus bel_494087/i_Votes_fa fa-heart")): Object: 'Object Repository/Page_Concours photo  votez pour la plus bel_494087/i_Votes_fa fa-heart' is clicked on

2022-07-19 16:57:33 - [MESSAGE][PASSED] - Object: 'Object Repository/Page_Concours photo  votez pour la plus bel_494087/i_Votes_fa fa-heart' is clicked on

2022-07-19 16:57:33 - [TEST_STEP][PASSED] - delay(1): Delayed 1 second(s)

2022-07-19 16:57:34 - [MESSAGE][PASSED] - Delayed 1 second(s)

2022-07-19 16:57:34 - [TEST_STEP][PASSED] - closeBrowser(): Browser is closed

2022-07-19 16:57:34 - [MESSAGE][PASSED] - Browser is closed]]></system-out>
         <system-err><![CDATA[]]></system-err>
      </testcase>
      <testcase name="Test Cases/Vote" time="32.923" classname="Test Cases/Vote" status="PASSED">
         <system-out><![CDATA[2022-07-19 16:57:34 - [TEST_CASE][PASSED] - Test Cases/Vote: Test Cases/Vote

2022-07-19 16:57:34 - [TEST_STEP][PASSED] - openBrowser(""): Browser is opened with url: ''

2022-07-19 16:57:34 - [MESSAGE][INFO] - Starting 'Chrome' driver

2022-07-19 16:57:34 - [MESSAGE][INFO] - Action delay is set to 0 milliseconds

2022-07-19 16:57:36 - [MESSAGE][PASSED] - Browser is opened with url: ''

2022-07-19 16:57:36 - [TEST_STEP][PASSED] - navigateToUrl("https://lesechosdutouquet.nordlittoral.fr/147787/article/2022-06-30/concours-photo-montrez-nous-la-plus-belle-photo-de-votre-chien-en-promenade-sur#l5lb6r47qsmp9ur58y"): Navigate to 'https://lesechosdutouquet.nordlittoral.fr/147787/article/2022-06-30/concours-photo-montrez-nous-la-plus-belle-photo-de-votre-chien-en-promenade-sur#l5lb6r47qsmp9ur58y' successfully

2022-07-19 16:57:44 - [MESSAGE][PASSED] - Navigate to 'https://lesechosdutouquet.nordlittoral.fr/147787/article/2022-06-30/concours-photo-montrez-nous-la-plus-belle-photo-de-votre-chien-en-promenade-sur#l5lb6r47qsmp9ur58y' successfully

2022-07-19 16:57:44 - [TEST_STEP][PASSED] - setViewPortSize(1920, 1080): Viewport is set to new size with width = 1920 and height = 1080

2022-07-19 16:57:45 - [MESSAGE][PASSED] - Viewport is set to new size with width = 1920 and height = 1080

2022-07-19 16:57:45 - [TEST_STEP][PASSED] - click(findTestObject("Object Repository/Page_Concours photo  votez pour la plus bel_494087/button_Accepter  Fermer")): Object: 'Object Repository/Page_Concours photo  votez pour la plus bel_494087/button_Accepter  Fermer' is clicked on

2022-07-19 16:57:46 - [MESSAGE][PASSED] - Object: 'Object Repository/Page_Concours photo  votez pour la plus bel_494087/button_Accepter  Fermer' is clicked on

2022-07-19 16:57:46 - [TEST_STEP][PASSED] - waitForElementVisible(findTestObject("Object Repository/Page_Concours photo  votez pour la plus bel_494087/a_X"), 15): Object 'Object Repository/Page_Concours photo  votez pour la plus bel_494087/a_X' is visible

2022-07-19 16:57:53 - [MESSAGE][PASSED] - Object 'Object Repository/Page_Concours photo  votez pour la plus bel_494087/a_X' is visible

2022-07-19 16:57:53 - [TEST_STEP][PASSED] - click(findTestObject("Object Repository/Page_Concours photo  votez pour la plus bel_494087/a_X")): Object: 'Object Repository/Page_Concours photo  votez pour la plus bel_494087/a_X' is clicked on

2022-07-19 16:57:53 - [MESSAGE][PASSED] - Object: 'Object Repository/Page_Concours photo  votez pour la plus bel_494087/a_X' is clicked on

2022-07-19 16:57:53 - [TEST_STEP][PASSED] - delay(1): Delayed 1 second(s)

2022-07-19 16:57:54 - [MESSAGE][PASSED] - Delayed 1 second(s)

2022-07-19 16:57:54 - [TEST_STEP][PASSED] - click(findTestObject("Object Repository/Page_Concours photo  votez pour la plus bel_494087/input_concat(Votez pour le plus beau chien de la cte d, , Opale )_jouer")): Object: 'Object Repository/Page_Concours photo  votez pour la plus bel_494087/input_concat(Votez pour le plus beau chien de la cte d, , Opale )_jouer' is clicked on

2022-07-19 16:57:55 - [MESSAGE][PASSED] - Object: 'Object Repository/Page_Concours photo  votez pour la plus bel_494087/input_concat(Votez pour le plus beau chien de la cte d, , Opale )_jouer' is clicked on

2022-07-19 16:57:55 - [TEST_STEP][PASSED] - if (verifyElementPresent(findTestObject("Page_Concours photo  votez pour la plus bel_494087/input_concat(Votez pour le plus beau chien de la cte d, , Opale )_jouer"), 1, OPTIONAL)): null

2022-07-19 16:57:56 - [MESSAGE][PASSED] - Object 'Object Repository/Page_Concours photo  votez pour la plus bel_494087/input_concat(Votez pour le plus beau chien de la cte d, , Opale )_jouer' is present

2022-07-19 16:57:56 - [TEST_STEP][PASSED] - click(findTestObject("Object Repository/Page_Concours photo  votez pour la plus bel_494087/input_concat(Votez pour le plus beau chien de la cte d, , Opale )_jouer")): Object: 'Object Repository/Page_Concours photo  votez pour la plus bel_494087/input_concat(Votez pour le plus beau chien de la cte d, , Opale )_jouer' is clicked on

2022-07-19 16:57:57 - [MESSAGE][PASSED] - Object: 'Object Repository/Page_Concours photo  votez pour la plus bel_494087/input_concat(Votez pour le plus beau chien de la cte d, , Opale )_jouer' is clicked on

2022-07-19 16:57:57 - [TEST_STEP][PASSED] - delay(1): Delayed 1 second(s)

2022-07-19 16:57:58 - [MESSAGE][PASSED] - Delayed 1 second(s)

2022-07-19 16:57:58 - [TEST_STEP][PASSED] - setText(findTestObject("Object Repository/Page_Concours photo  votez pour la plus bel_494087/input_trie par_keyword"), "Gaspard"): Text 'Gaspard' is set on object 'Object Repository/Page_Concours photo  votez pour la plus bel_494087/input_trie par_keyword'

2022-07-19 16:58:01 - [MESSAGE][PASSED] - Text 'Gaspard' is set on object 'Object Repository/Page_Concours photo  votez pour la plus bel_494087/input_trie par_keyword'

2022-07-19 16:58:01 - [TEST_STEP][PASSED] - sendKeys(findTestObject("Page_Concours photo  votez pour la plus bel_494087/input_trie par_keyword"), Keys.chord(ENTER)): Keys 'ENTER + ' sent to object: 'Object Repository/Page_Concours photo  votez pour la plus bel_494087/input_trie par_keyword'

2022-07-19 16:58:02 - [MESSAGE][PASSED] - Keys 'ENTER + ' sent to object: 'Object Repository/Page_Concours photo  votez pour la plus bel_494087/input_trie par_keyword'

2022-07-19 16:58:02 - [TEST_STEP][PASSED] - click(findTestObject("Page_Concours photo  votez pour la plus bel_494087/tri")): Object: 'Object Repository/Page_Concours photo  votez pour la plus bel_494087/tri' is clicked on

2022-07-19 16:58:03 - [MESSAGE][PASSED] - Object: 'Object Repository/Page_Concours photo  votez pour la plus bel_494087/tri' is clicked on

2022-07-19 16:58:03 - [TEST_STEP][PASSED] - click(findTestObject("Page_Concours photo  votez pour la plus bel_494087/plus de votes")): Object: 'Object Repository/Page_Concours photo  votez pour la plus bel_494087/plus de votes' is clicked on

2022-07-19 16:58:03 - [MESSAGE][PASSED] - Object: 'Object Repository/Page_Concours photo  votez pour la plus bel_494087/plus de votes' is clicked on

2022-07-19 16:58:05 - [TEST_STEP][PASSED] - click(findTestObject("Object Repository/Page_Concours photo  votez pour la plus bel_494087/i_Votes_fa fa-heart")): Object: 'Object Repository/Page_Concours photo  votez pour la plus bel_494087/i_Votes_fa fa-heart' is clicked on

2022-07-19 16:58:06 - [MESSAGE][PASSED] - Object: 'Object Repository/Page_Concours photo  votez pour la plus bel_494087/i_Votes_fa fa-heart' is clicked on

2022-07-19 16:58:06 - [TEST_STEP][PASSED] - delay(1): Delayed 1 second(s)

2022-07-19 16:58:07 - [MESSAGE][PASSED] - Delayed 1 second(s)

2022-07-19 16:58:07 - [TEST_STEP][PASSED] - closeBrowser(): Browser is closed

2022-07-19 16:58:07 - [MESSAGE][PASSED] - Browser is closed]]></system-out>
         <system-err><![CDATA[]]></system-err>
      </testcase>
      <testcase name="Test Cases/Vote" time="24.912" classname="Test Cases/Vote" status="PASSED">
         <system-out><![CDATA[2022-07-19 16:58:07 - [TEST_CASE][PASSED] - Test Cases/Vote: Test Cases/Vote

2022-07-19 16:58:07 - [TEST_STEP][PASSED] - openBrowser(""): Browser is opened with url: ''

2022-07-19 16:58:07 - [MESSAGE][INFO] - Starting 'Chrome' driver

2022-07-19 16:58:07 - [MESSAGE][INFO] - Action delay is set to 0 milliseconds

2022-07-19 16:58:09 - [MESSAGE][PASSED] - Browser is opened with url: ''

2022-07-19 16:58:09 - [TEST_STEP][PASSED] - navigateToUrl("https://lesechosdutouquet.nordlittoral.fr/147787/article/2022-06-30/concours-photo-montrez-nous-la-plus-belle-photo-de-votre-chien-en-promenade-sur#l5lb6r47qsmp9ur58y"): Navigate to 'https://lesechosdutouquet.nordlittoral.fr/147787/article/2022-06-30/concours-photo-montrez-nous-la-plus-belle-photo-de-votre-chien-en-promenade-sur#l5lb6r47qsmp9ur58y' successfully

2022-07-19 16:58:12 - [MESSAGE][PASSED] - Navigate to 'https://lesechosdutouquet.nordlittoral.fr/147787/article/2022-06-30/concours-photo-montrez-nous-la-plus-belle-photo-de-votre-chien-en-promenade-sur#l5lb6r47qsmp9ur58y' successfully

2022-07-19 16:58:12 - [TEST_STEP][PASSED] - setViewPortSize(1920, 1080): Viewport is set to new size with width = 1920 and height = 1080

2022-07-19 16:58:12 - [MESSAGE][PASSED] - Viewport is set to new size with width = 1920 and height = 1080

2022-07-19 16:58:12 - [TEST_STEP][PASSED] - click(findTestObject("Object Repository/Page_Concours photo  votez pour la plus bel_494087/button_Accepter  Fermer")): Object: 'Object Repository/Page_Concours photo  votez pour la plus bel_494087/button_Accepter  Fermer' is clicked on

2022-07-19 16:58:13 - [MESSAGE][PASSED] - Object: 'Object Repository/Page_Concours photo  votez pour la plus bel_494087/button_Accepter  Fermer' is clicked on

2022-07-19 16:58:13 - [TEST_STEP][PASSED] - waitForElementVisible(findTestObject("Object Repository/Page_Concours photo  votez pour la plus bel_494087/a_X"), 15): Object 'Object Repository/Page_Concours photo  votez pour la plus bel_494087/a_X' is visible

2022-07-19 16:58:20 - [MESSAGE][PASSED] - Object 'Object Repository/Page_Concours photo  votez pour la plus bel_494087/a_X' is visible

2022-07-19 16:58:20 - [TEST_STEP][PASSED] - click(findTestObject("Object Repository/Page_Concours photo  votez pour la plus bel_494087/a_X")): Object: 'Object Repository/Page_Concours photo  votez pour la plus bel_494087/a_X' is clicked on

2022-07-19 16:58:20 - [MESSAGE][PASSED] - Object: 'Object Repository/Page_Concours photo  votez pour la plus bel_494087/a_X' is clicked on

2022-07-19 16:58:20 - [TEST_STEP][PASSED] - delay(1): Delayed 1 second(s)

2022-07-19 16:58:21 - [MESSAGE][PASSED] - Delayed 1 second(s)

2022-07-19 16:58:21 - [TEST_STEP][PASSED] - click(findTestObject("Object Repository/Page_Concours photo  votez pour la plus bel_494087/input_concat(Votez pour le plus beau chien de la cte d, , Opale )_jouer")): Object: 'Object Repository/Page_Concours photo  votez pour la plus bel_494087/input_concat(Votez pour le plus beau chien de la cte d, , Opale )_jouer' is clicked on

2022-07-19 16:58:22 - [MESSAGE][PASSED] - Object: 'Object Repository/Page_Concours photo  votez pour la plus bel_494087/input_concat(Votez pour le plus beau chien de la cte d, , Opale )_jouer' is clicked on

2022-07-19 16:58:22 - [TEST_STEP][PASSED] - if (verifyElementPresent(findTestObject("Page_Concours photo  votez pour la plus bel_494087/input_concat(Votez pour le plus beau chien de la cte d, , Opale )_jouer"), 1, OPTIONAL)): null

2022-07-19 16:58:23 - [MESSAGE][PASSED] - Object 'Object Repository/Page_Concours photo  votez pour la plus bel_494087/input_concat(Votez pour le plus beau chien de la cte d, , Opale )_jouer' is present

2022-07-19 16:58:24 - [TEST_STEP][PASSED] - click(findTestObject("Object Repository/Page_Concours photo  votez pour la plus bel_494087/input_concat(Votez pour le plus beau chien de la cte d, , Opale )_jouer")): Object: 'Object Repository/Page_Concours photo  votez pour la plus bel_494087/input_concat(Votez pour le plus beau chien de la cte d, , Opale )_jouer' is clicked on

2022-07-19 16:58:24 - [MESSAGE][PASSED] - Object: 'Object Repository/Page_Concours photo  votez pour la plus bel_494087/input_concat(Votez pour le plus beau chien de la cte d, , Opale )_jouer' is clicked on

2022-07-19 16:58:24 - [TEST_STEP][PASSED] - delay(1): Delayed 1 second(s)

2022-07-19 16:58:25 - [MESSAGE][PASSED] - Delayed 1 second(s)

2022-07-19 16:58:25 - [TEST_STEP][PASSED] - setText(findTestObject("Object Repository/Page_Concours photo  votez pour la plus bel_494087/input_trie par_keyword"), "Gaspard"): Text 'Gaspard' is set on object 'Object Repository/Page_Concours photo  votez pour la plus bel_494087/input_trie par_keyword'

2022-07-19 16:58:26 - [MESSAGE][PASSED] - Text 'Gaspard' is set on object 'Object Repository/Page_Concours photo  votez pour la plus bel_494087/input_trie par_keyword'

2022-07-19 16:58:26 - [TEST_STEP][PASSED] - sendKeys(findTestObject("Page_Concours photo  votez pour la plus bel_494087/input_trie par_keyword"), Keys.chord(ENTER)): Keys 'ENTER + ' sent to object: 'Object Repository/Page_Concours photo  votez pour la plus bel_494087/input_trie par_keyword'

2022-07-19 16:58:27 - [MESSAGE][PASSED] - Keys 'ENTER + ' sent to object: 'Object Repository/Page_Concours photo  votez pour la plus bel_494087/input_trie par_keyword'

2022-07-19 16:58:27 - [TEST_STEP][PASSED] - click(findTestObject("Page_Concours photo  votez pour la plus bel_494087/tri")): Object: 'Object Repository/Page_Concours photo  votez pour la plus bel_494087/tri' is clicked on

2022-07-19 16:58:28 - [MESSAGE][PASSED] - Object: 'Object Repository/Page_Concours photo  votez pour la plus bel_494087/tri' is clicked on

2022-07-19 16:58:28 - [TEST_STEP][PASSED] - click(findTestObject("Page_Concours photo  votez pour la plus bel_494087/plus de votes")): Object: 'Object Repository/Page_Concours photo  votez pour la plus bel_494087/plus de votes' is clicked on

2022-07-19 16:58:29 - [MESSAGE][PASSED] - Object: 'Object Repository/Page_Concours photo  votez pour la plus bel_494087/plus de votes' is clicked on

2022-07-19 16:58:30 - [TEST_STEP][PASSED] - click(findTestObject("Object Repository/Page_Concours photo  votez pour la plus bel_494087/i_Votes_fa fa-heart")): Object: 'Object Repository/Page_Concours photo  votez pour la plus bel_494087/i_Votes_fa fa-heart' is clicked on

2022-07-19 16:58:31 - [MESSAGE][PASSED] - Object: 'Object Repository/Page_Concours photo  votez pour la plus bel_494087/i_Votes_fa fa-heart' is clicked on

2022-07-19 16:58:31 - [TEST_STEP][PASSED] - delay(1): Delayed 1 second(s)

2022-07-19 16:58:32 - [MESSAGE][PASSED] - Delayed 1 second(s)

2022-07-19 16:58:32 - [TEST_STEP][PASSED] - closeBrowser(): Browser is closed

2022-07-19 16:58:32 - [MESSAGE][PASSED] - Browser is closed]]></system-out>
         <system-err><![CDATA[]]></system-err>
      </testcase>
      <testcase name="Test Cases/Vote" time="24.019" classname="Test Cases/Vote" status="PASSED">
         <system-out><![CDATA[2022-07-19 16:58:32 - [TEST_CASE][PASSED] - Test Cases/Vote: Test Cases/Vote

2022-07-19 16:58:32 - [TEST_STEP][PASSED] - openBrowser(""): Browser is opened with url: ''

2022-07-19 16:58:32 - [MESSAGE][INFO] - Starting 'Chrome' driver

2022-07-19 16:58:32 - [MESSAGE][INFO] - Action delay is set to 0 milliseconds

2022-07-19 16:58:33 - [MESSAGE][PASSED] - Browser is opened with url: ''

2022-07-19 16:58:33 - [TEST_STEP][PASSED] - navigateToUrl("https://lesechosdutouquet.nordlittoral.fr/147787/article/2022-06-30/concours-photo-montrez-nous-la-plus-belle-photo-de-votre-chien-en-promenade-sur#l5lb6r47qsmp9ur58y"): Navigate to 'https://lesechosdutouquet.nordlittoral.fr/147787/article/2022-06-30/concours-photo-montrez-nous-la-plus-belle-photo-de-votre-chien-en-promenade-sur#l5lb6r47qsmp9ur58y' successfully

2022-07-19 16:58:36 - [MESSAGE][PASSED] - Navigate to 'https://lesechosdutouquet.nordlittoral.fr/147787/article/2022-06-30/concours-photo-montrez-nous-la-plus-belle-photo-de-votre-chien-en-promenade-sur#l5lb6r47qsmp9ur58y' successfully

2022-07-19 16:58:36 - [TEST_STEP][PASSED] - setViewPortSize(1920, 1080): Viewport is set to new size with width = 1920 and height = 1080

2022-07-19 16:58:36 - [MESSAGE][PASSED] - Viewport is set to new size with width = 1920 and height = 1080

2022-07-19 16:58:36 - [TEST_STEP][PASSED] - click(findTestObject("Object Repository/Page_Concours photo  votez pour la plus bel_494087/button_Accepter  Fermer")): Object: 'Object Repository/Page_Concours photo  votez pour la plus bel_494087/button_Accepter  Fermer' is clicked on

2022-07-19 16:58:37 - [MESSAGE][PASSED] - Object: 'Object Repository/Page_Concours photo  votez pour la plus bel_494087/button_Accepter  Fermer' is clicked on

2022-07-19 16:58:37 - [TEST_STEP][PASSED] - waitForElementVisible(findTestObject("Object Repository/Page_Concours photo  votez pour la plus bel_494087/a_X"), 15): Object 'Object Repository/Page_Concours photo  votez pour la plus bel_494087/a_X' is visible

2022-07-19 16:58:44 - [MESSAGE][PASSED] - Object 'Object Repository/Page_Concours photo  votez pour la plus bel_494087/a_X' is visible

2022-07-19 16:58:44 - [TEST_STEP][PASSED] - click(findTestObject("Object Repository/Page_Concours photo  votez pour la plus bel_494087/a_X")): Object: 'Object Repository/Page_Concours photo  votez pour la plus bel_494087/a_X' is clicked on

2022-07-19 16:58:44 - [MESSAGE][PASSED] - Object: 'Object Repository/Page_Concours photo  votez pour la plus bel_494087/a_X' is clicked on

2022-07-19 16:58:44 - [TEST_STEP][PASSED] - delay(1): Delayed 1 second(s)

2022-07-19 16:58:45 - [MESSAGE][PASSED] - Delayed 1 second(s)

2022-07-19 16:58:45 - [TEST_STEP][PASSED] - click(findTestObject("Object Repository/Page_Concours photo  votez pour la plus bel_494087/input_concat(Votez pour le plus beau chien de la cte d, , Opale )_jouer")): Object: 'Object Repository/Page_Concours photo  votez pour la plus bel_494087/input_concat(Votez pour le plus beau chien de la cte d, , Opale )_jouer' is clicked on

2022-07-19 16:58:46 - [MESSAGE][PASSED] - Object: 'Object Repository/Page_Concours photo  votez pour la plus bel_494087/input_concat(Votez pour le plus beau chien de la cte d, , Opale )_jouer' is clicked on

2022-07-19 16:58:46 - [TEST_STEP][PASSED] - if (verifyElementPresent(findTestObject("Page_Concours photo  votez pour la plus bel_494087/input_concat(Votez pour le plus beau chien de la cte d, , Opale )_jouer"), 1, OPTIONAL)): null

2022-07-19 16:58:47 - [MESSAGE][PASSED] - Object 'Object Repository/Page_Concours photo  votez pour la plus bel_494087/input_concat(Votez pour le plus beau chien de la cte d, , Opale )_jouer' is present

2022-07-19 16:58:47 - [TEST_STEP][PASSED] - click(findTestObject("Object Repository/Page_Concours photo  votez pour la plus bel_494087/input_concat(Votez pour le plus beau chien de la cte d, , Opale )_jouer")): Object: 'Object Repository/Page_Concours photo  votez pour la plus bel_494087/input_concat(Votez pour le plus beau chien de la cte d, , Opale )_jouer' is clicked on

2022-07-19 16:58:48 - [MESSAGE][PASSED] - Object: 'Object Repository/Page_Concours photo  votez pour la plus bel_494087/input_concat(Votez pour le plus beau chien de la cte d, , Opale )_jouer' is clicked on

2022-07-19 16:58:48 - [TEST_STEP][PASSED] - delay(1): Delayed 1 second(s)

2022-07-19 16:58:49 - [MESSAGE][PASSED] - Delayed 1 second(s)

2022-07-19 16:58:49 - [TEST_STEP][PASSED] - setText(findTestObject("Object Repository/Page_Concours photo  votez pour la plus bel_494087/input_trie par_keyword"), "Gaspard"): Text 'Gaspard' is set on object 'Object Repository/Page_Concours photo  votez pour la plus bel_494087/input_trie par_keyword'

2022-07-19 16:58:51 - [MESSAGE][PASSED] - Text 'Gaspard' is set on object 'Object Repository/Page_Concours photo  votez pour la plus bel_494087/input_trie par_keyword'

2022-07-19 16:58:51 - [TEST_STEP][PASSED] - sendKeys(findTestObject("Page_Concours photo  votez pour la plus bel_494087/input_trie par_keyword"), Keys.chord(ENTER)): Keys 'ENTER + ' sent to object: 'Object Repository/Page_Concours photo  votez pour la plus bel_494087/input_trie par_keyword'

2022-07-19 16:58:52 - [MESSAGE][PASSED] - Keys 'ENTER + ' sent to object: 'Object Repository/Page_Concours photo  votez pour la plus bel_494087/input_trie par_keyword'

2022-07-19 16:58:52 - [TEST_STEP][PASSED] - click(findTestObject("Page_Concours photo  votez pour la plus bel_494087/tri")): Object: 'Object Repository/Page_Concours photo  votez pour la plus bel_494087/tri' is clicked on

2022-07-19 16:58:52 - [MESSAGE][PASSED] - Object: 'Object Repository/Page_Concours photo  votez pour la plus bel_494087/tri' is clicked on

2022-07-19 16:58:52 - [TEST_STEP][PASSED] - click(findTestObject("Page_Concours photo  votez pour la plus bel_494087/plus de votes")): Object: 'Object Repository/Page_Concours photo  votez pour la plus bel_494087/plus de votes' is clicked on

2022-07-19 16:58:53 - [MESSAGE][PASSED] - Object: 'Object Repository/Page_Concours photo  votez pour la plus bel_494087/plus de votes' is clicked on

2022-07-19 16:58:54 - [TEST_STEP][PASSED] - click(findTestObject("Object Repository/Page_Concours photo  votez pour la plus bel_494087/i_Votes_fa fa-heart")): Object: 'Object Repository/Page_Concours photo  votez pour la plus bel_494087/i_Votes_fa fa-heart' is clicked on

2022-07-19 16:58:55 - [MESSAGE][PASSED] - Object: 'Object Repository/Page_Concours photo  votez pour la plus bel_494087/i_Votes_fa fa-heart' is clicked on

2022-07-19 16:58:55 - [TEST_STEP][PASSED] - delay(1): Delayed 1 second(s)

2022-07-19 16:58:56 - [MESSAGE][PASSED] - Delayed 1 second(s)

2022-07-19 16:58:56 - [TEST_STEP][PASSED] - closeBrowser(): Browser is closed

2022-07-19 16:58:56 - [MESSAGE][PASSED] - Browser is closed]]></system-out>
         <system-err><![CDATA[]]></system-err>
      </testcase>
      <testcase name="Test Cases/Vote" time="24.507" classname="Test Cases/Vote" status="PASSED">
         <system-out><![CDATA[2022-07-19 16:58:56 - [TEST_CASE][PASSED] - Test Cases/Vote: Test Cases/Vote

2022-07-19 16:58:56 - [TEST_STEP][PASSED] - openBrowser(""): Browser is opened with url: ''

2022-07-19 16:58:56 - [MESSAGE][INFO] - Starting 'Chrome' driver

2022-07-19 16:58:56 - [MESSAGE][INFO] - Action delay is set to 0 milliseconds

2022-07-19 16:58:57 - [MESSAGE][PASSED] - Browser is opened with url: ''

2022-07-19 16:58:57 - [TEST_STEP][PASSED] - navigateToUrl("https://lesechosdutouquet.nordlittoral.fr/147787/article/2022-06-30/concours-photo-montrez-nous-la-plus-belle-photo-de-votre-chien-en-promenade-sur#l5lb6r47qsmp9ur58y"): Navigate to 'https://lesechosdutouquet.nordlittoral.fr/147787/article/2022-06-30/concours-photo-montrez-nous-la-plus-belle-photo-de-votre-chien-en-promenade-sur#l5lb6r47qsmp9ur58y' successfully

2022-07-19 16:59:00 - [MESSAGE][PASSED] - Navigate to 'https://lesechosdutouquet.nordlittoral.fr/147787/article/2022-06-30/concours-photo-montrez-nous-la-plus-belle-photo-de-votre-chien-en-promenade-sur#l5lb6r47qsmp9ur58y' successfully

2022-07-19 16:59:00 - [TEST_STEP][PASSED] - setViewPortSize(1920, 1080): Viewport is set to new size with width = 1920 and height = 1080

2022-07-19 16:59:00 - [MESSAGE][PASSED] - Viewport is set to new size with width = 1920 and height = 1080

2022-07-19 16:59:00 - [TEST_STEP][PASSED] - click(findTestObject("Object Repository/Page_Concours photo  votez pour la plus bel_494087/button_Accepter  Fermer")): Object: 'Object Repository/Page_Concours photo  votez pour la plus bel_494087/button_Accepter  Fermer' is clicked on

2022-07-19 16:59:01 - [MESSAGE][PASSED] - Object: 'Object Repository/Page_Concours photo  votez pour la plus bel_494087/button_Accepter  Fermer' is clicked on

2022-07-19 16:59:01 - [TEST_STEP][PASSED] - waitForElementVisible(findTestObject("Object Repository/Page_Concours photo  votez pour la plus bel_494087/a_X"), 15): Object 'Object Repository/Page_Concours photo  votez pour la plus bel_494087/a_X' is visible

2022-07-19 16:59:07 - [MESSAGE][PASSED] - Object 'Object Repository/Page_Concours photo  votez pour la plus bel_494087/a_X' is visible

2022-07-19 16:59:07 - [TEST_STEP][PASSED] - click(findTestObject("Object Repository/Page_Concours photo  votez pour la plus bel_494087/a_X")): Object: 'Object Repository/Page_Concours photo  votez pour la plus bel_494087/a_X' is clicked on

2022-07-19 16:59:08 - [MESSAGE][PASSED] - Object: 'Object Repository/Page_Concours photo  votez pour la plus bel_494087/a_X' is clicked on

2022-07-19 16:59:08 - [TEST_STEP][PASSED] - delay(1): Delayed 1 second(s)

2022-07-19 16:59:09 - [MESSAGE][PASSED] - Delayed 1 second(s)

2022-07-19 16:59:09 - [TEST_STEP][PASSED] - click(findTestObject("Object Repository/Page_Concours photo  votez pour la plus bel_494087/input_concat(Votez pour le plus beau chien de la cte d, , Opale )_jouer")): Object: 'Object Repository/Page_Concours photo  votez pour la plus bel_494087/input_concat(Votez pour le plus beau chien de la cte d, , Opale )_jouer' is clicked on

2022-07-19 16:59:09 - [MESSAGE][PASSED] - Object: 'Object Repository/Page_Concours photo  votez pour la plus bel_494087/input_concat(Votez pour le plus beau chien de la cte d, , Opale )_jouer' is clicked on

2022-07-19 16:59:10 - [TEST_STEP][PASSED] - if (verifyElementPresent(findTestObject("Page_Concours photo  votez pour la plus bel_494087/input_concat(Votez pour le plus beau chien de la cte d, , Opale )_jouer"), 1, OPTIONAL)): null

2022-07-19 16:59:11 - [MESSAGE][PASSED] - Object 'Object Repository/Page_Concours photo  votez pour la plus bel_494087/input_concat(Votez pour le plus beau chien de la cte d, , Opale )_jouer' is present

2022-07-19 16:59:11 - [TEST_STEP][PASSED] - click(findTestObject("Object Repository/Page_Concours photo  votez pour la plus bel_494087/input_concat(Votez pour le plus beau chien de la cte d, , Opale )_jouer")): Object: 'Object Repository/Page_Concours photo  votez pour la plus bel_494087/input_concat(Votez pour le plus beau chien de la cte d, , Opale )_jouer' is clicked on

2022-07-19 16:59:12 - [MESSAGE][PASSED] - Object: 'Object Repository/Page_Concours photo  votez pour la plus bel_494087/input_concat(Votez pour le plus beau chien de la cte d, , Opale )_jouer' is clicked on

2022-07-19 16:59:12 - [TEST_STEP][PASSED] - delay(1): Delayed 1 second(s)

2022-07-19 16:59:13 - [MESSAGE][PASSED] - Delayed 1 second(s)

2022-07-19 16:59:13 - [TEST_STEP][PASSED] - setText(findTestObject("Object Repository/Page_Concours photo  votez pour la plus bel_494087/input_trie par_keyword"), "Gaspard"): Text 'Gaspard' is set on object 'Object Repository/Page_Concours photo  votez pour la plus bel_494087/input_trie par_keyword'

2022-07-19 16:59:15 - [MESSAGE][PASSED] - Text 'Gaspard' is set on object 'Object Repository/Page_Concours photo  votez pour la plus bel_494087/input_trie par_keyword'

2022-07-19 16:59:15 - [TEST_STEP][PASSED] - sendKeys(findTestObject("Page_Concours photo  votez pour la plus bel_494087/input_trie par_keyword"), Keys.chord(ENTER)): Keys 'ENTER + ' sent to object: 'Object Repository/Page_Concours photo  votez pour la plus bel_494087/input_trie par_keyword'

2022-07-19 16:59:16 - [MESSAGE][PASSED] - Keys 'ENTER + ' sent to object: 'Object Repository/Page_Concours photo  votez pour la plus bel_494087/input_trie par_keyword'

2022-07-19 16:59:16 - [TEST_STEP][PASSED] - click(findTestObject("Page_Concours photo  votez pour la plus bel_494087/tri")): Object: 'Object Repository/Page_Concours photo  votez pour la plus bel_494087/tri' is clicked on

2022-07-19 16:59:17 - [MESSAGE][PASSED] - Object: 'Object Repository/Page_Concours photo  votez pour la plus bel_494087/tri' is clicked on

2022-07-19 16:59:17 - [TEST_STEP][PASSED] - click(findTestObject("Page_Concours photo  votez pour la plus bel_494087/plus de votes")): Object: 'Object Repository/Page_Concours photo  votez pour la plus bel_494087/plus de votes' is clicked on

2022-07-19 16:59:17 - [MESSAGE][PASSED] - Object: 'Object Repository/Page_Concours photo  votez pour la plus bel_494087/plus de votes' is clicked on

2022-07-19 16:59:19 - [TEST_STEP][PASSED] - click(findTestObject("Object Repository/Page_Concours photo  votez pour la plus bel_494087/i_Votes_fa fa-heart")): Object: 'Object Repository/Page_Concours photo  votez pour la plus bel_494087/i_Votes_fa fa-heart' is clicked on

2022-07-19 16:59:19 - [MESSAGE][PASSED] - Object: 'Object Repository/Page_Concours photo  votez pour la plus bel_494087/i_Votes_fa fa-heart' is clicked on

2022-07-19 16:59:19 - [TEST_STEP][PASSED] - delay(1): Delayed 1 second(s)

2022-07-19 16:59:20 - [MESSAGE][PASSED] - Delayed 1 second(s)

2022-07-19 16:59:20 - [TEST_STEP][PASSED] - closeBrowser(): Browser is closed

2022-07-19 16:59:21 - [MESSAGE][PASSED] - Browser is closed]]></system-out>
         <system-err><![CDATA[]]></system-err>
      </testcase>
      <testcase name="Test Cases/Vote" time="25.193" classname="Test Cases/Vote" status="PASSED">
         <system-out><![CDATA[2022-07-19 16:59:21 - [TEST_CASE][PASSED] - Test Cases/Vote: Test Cases/Vote

2022-07-19 16:59:21 - [TEST_STEP][PASSED] - openBrowser(""): Browser is opened with url: ''

2022-07-19 16:59:21 - [MESSAGE][INFO] - Starting 'Chrome' driver

2022-07-19 16:59:21 - [MESSAGE][INFO] - Action delay is set to 0 milliseconds

2022-07-19 16:59:22 - [MESSAGE][PASSED] - Browser is opened with url: ''

2022-07-19 16:59:22 - [TEST_STEP][PASSED] - navigateToUrl("https://lesechosdutouquet.nordlittoral.fr/147787/article/2022-06-30/concours-photo-montrez-nous-la-plus-belle-photo-de-votre-chien-en-promenade-sur#l5lb6r47qsmp9ur58y"): Navigate to 'https://lesechosdutouquet.nordlittoral.fr/147787/article/2022-06-30/concours-photo-montrez-nous-la-plus-belle-photo-de-votre-chien-en-promenade-sur#l5lb6r47qsmp9ur58y' successfully

2022-07-19 16:59:24 - [MESSAGE][PASSED] - Navigate to 'https://lesechosdutouquet.nordlittoral.fr/147787/article/2022-06-30/concours-photo-montrez-nous-la-plus-belle-photo-de-votre-chien-en-promenade-sur#l5lb6r47qsmp9ur58y' successfully

2022-07-19 16:59:24 - [TEST_STEP][PASSED] - setViewPortSize(1920, 1080): Viewport is set to new size with width = 1920 and height = 1080

2022-07-19 16:59:24 - [MESSAGE][PASSED] - Viewport is set to new size with width = 1920 and height = 1080

2022-07-19 16:59:24 - [TEST_STEP][PASSED] - click(findTestObject("Object Repository/Page_Concours photo  votez pour la plus bel_494087/button_Accepter  Fermer")): Object: 'Object Repository/Page_Concours photo  votez pour la plus bel_494087/button_Accepter  Fermer' is clicked on

2022-07-19 16:59:26 - [MESSAGE][PASSED] - Object: 'Object Repository/Page_Concours photo  votez pour la plus bel_494087/button_Accepter  Fermer' is clicked on

2022-07-19 16:59:26 - [TEST_STEP][PASSED] - waitForElementVisible(findTestObject("Object Repository/Page_Concours photo  votez pour la plus bel_494087/a_X"), 15): Object 'Object Repository/Page_Concours photo  votez pour la plus bel_494087/a_X' is visible

2022-07-19 16:59:33 - [MESSAGE][PASSED] - Object 'Object Repository/Page_Concours photo  votez pour la plus bel_494087/a_X' is visible

2022-07-19 16:59:33 - [TEST_STEP][PASSED] - click(findTestObject("Object Repository/Page_Concours photo  votez pour la plus bel_494087/a_X")): Object: 'Object Repository/Page_Concours photo  votez pour la plus bel_494087/a_X' is clicked on

2022-07-19 16:59:33 - [MESSAGE][PASSED] - Object: 'Object Repository/Page_Concours photo  votez pour la plus bel_494087/a_X' is clicked on

2022-07-19 16:59:33 - [TEST_STEP][PASSED] - delay(1): Delayed 1 second(s)

2022-07-19 16:59:34 - [MESSAGE][PASSED] - Delayed 1 second(s)

2022-07-19 16:59:34 - [TEST_STEP][PASSED] - click(findTestObject("Object Repository/Page_Concours photo  votez pour la plus bel_494087/input_concat(Votez pour le plus beau chien de la cte d, , Opale )_jouer")): Object: 'Object Repository/Page_Concours photo  votez pour la plus bel_494087/input_concat(Votez pour le plus beau chien de la cte d, , Opale )_jouer' is clicked on

2022-07-19 16:59:35 - [MESSAGE][PASSED] - Object: 'Object Repository/Page_Concours photo  votez pour la plus bel_494087/input_concat(Votez pour le plus beau chien de la cte d, , Opale )_jouer' is clicked on

2022-07-19 16:59:35 - [TEST_STEP][PASSED] - if (verifyElementPresent(findTestObject("Page_Concours photo  votez pour la plus bel_494087/input_concat(Votez pour le plus beau chien de la cte d, , Opale )_jouer"), 1, OPTIONAL)): null

2022-07-19 16:59:37 - [MESSAGE][PASSED] - Object 'Object Repository/Page_Concours photo  votez pour la plus bel_494087/input_concat(Votez pour le plus beau chien de la cte d, , Opale )_jouer' is present

2022-07-19 16:59:37 - [TEST_STEP][PASSED] - click(findTestObject("Object Repository/Page_Concours photo  votez pour la plus bel_494087/input_concat(Votez pour le plus beau chien de la cte d, , Opale )_jouer")): Object: 'Object Repository/Page_Concours photo  votez pour la plus bel_494087/input_concat(Votez pour le plus beau chien de la cte d, , Opale )_jouer' is clicked on

2022-07-19 16:59:37 - [MESSAGE][PASSED] - Object: 'Object Repository/Page_Concours photo  votez pour la plus bel_494087/input_concat(Votez pour le plus beau chien de la cte d, , Opale )_jouer' is clicked on

2022-07-19 16:59:37 - [TEST_STEP][PASSED] - delay(1): Delayed 1 second(s)

2022-07-19 16:59:38 - [MESSAGE][PASSED] - Delayed 1 second(s)

2022-07-19 16:59:38 - [TEST_STEP][PASSED] - setText(findTestObject("Object Repository/Page_Concours photo  votez pour la plus bel_494087/input_trie par_keyword"), "Gaspard"): Text 'Gaspard' is set on object 'Object Repository/Page_Concours photo  votez pour la plus bel_494087/input_trie par_keyword'

2022-07-19 16:59:40 - [MESSAGE][PASSED] - Text 'Gaspard' is set on object 'Object Repository/Page_Concours photo  votez pour la plus bel_494087/input_trie par_keyword'

2022-07-19 16:59:40 - [TEST_STEP][PASSED] - sendKeys(findTestObject("Page_Concours photo  votez pour la plus bel_494087/input_trie par_keyword"), Keys.chord(ENTER)): Keys 'ENTER + ' sent to object: 'Object Repository/Page_Concours photo  votez pour la plus bel_494087/input_trie par_keyword'

2022-07-19 16:59:41 - [MESSAGE][PASSED] - Keys 'ENTER + ' sent to object: 'Object Repository/Page_Concours photo  votez pour la plus bel_494087/input_trie par_keyword'

2022-07-19 16:59:41 - [TEST_STEP][PASSED] - click(findTestObject("Page_Concours photo  votez pour la plus bel_494087/tri")): Object: 'Object Repository/Page_Concours photo  votez pour la plus bel_494087/tri' is clicked on

2022-07-19 16:59:42 - [MESSAGE][PASSED] - Object: 'Object Repository/Page_Concours photo  votez pour la plus bel_494087/tri' is clicked on

2022-07-19 16:59:42 - [TEST_STEP][PASSED] - click(findTestObject("Page_Concours photo  votez pour la plus bel_494087/plus de votes")): Object: 'Object Repository/Page_Concours photo  votez pour la plus bel_494087/plus de votes' is clicked on

2022-07-19 16:59:43 - [MESSAGE][PASSED] - Object: 'Object Repository/Page_Concours photo  votez pour la plus bel_494087/plus de votes' is clicked on

2022-07-19 16:59:44 - [TEST_STEP][PASSED] - click(findTestObject("Object Repository/Page_Concours photo  votez pour la plus bel_494087/i_Votes_fa fa-heart")): Object: 'Object Repository/Page_Concours photo  votez pour la plus bel_494087/i_Votes_fa fa-heart' is clicked on

2022-07-19 16:59:44 - [MESSAGE][PASSED] - Object: 'Object Repository/Page_Concours photo  votez pour la plus bel_494087/i_Votes_fa fa-heart' is clicked on

2022-07-19 16:59:44 - [TEST_STEP][PASSED] - delay(1): Delayed 1 second(s)

2022-07-19 16:59:45 - [MESSAGE][PASSED] - Delayed 1 second(s)

2022-07-19 16:59:45 - [TEST_STEP][PASSED] - closeBrowser(): Browser is closed

2022-07-19 16:59:46 - [MESSAGE][PASSED] - Browser is closed]]></system-out>
         <system-err><![CDATA[]]></system-err>
      </testcase>
      <testcase name="Test Cases/Vote" time="32.852" classname="Test Cases/Vote" status="PASSED">
         <system-out><![CDATA[2022-07-19 16:59:46 - [TEST_CASE][PASSED] - Test Cases/Vote: Test Cases/Vote

2022-07-19 16:59:46 - [TEST_STEP][PASSED] - openBrowser(""): Browser is opened with url: ''

2022-07-19 16:59:46 - [MESSAGE][INFO] - Starting 'Chrome' driver

2022-07-19 16:59:46 - [MESSAGE][INFO] - Action delay is set to 0 milliseconds

2022-07-19 16:59:47 - [MESSAGE][PASSED] - Browser is opened with url: ''

2022-07-19 16:59:47 - [TEST_STEP][PASSED] - navigateToUrl("https://lesechosdutouquet.nordlittoral.fr/147787/article/2022-06-30/concours-photo-montrez-nous-la-plus-belle-photo-de-votre-chien-en-promenade-sur#l5lb6r47qsmp9ur58y"): Navigate to 'https://lesechosdutouquet.nordlittoral.fr/147787/article/2022-06-30/concours-photo-montrez-nous-la-plus-belle-photo-de-votre-chien-en-promenade-sur#l5lb6r47qsmp9ur58y' successfully

2022-07-19 16:59:55 - [MESSAGE][PASSED] - Navigate to 'https://lesechosdutouquet.nordlittoral.fr/147787/article/2022-06-30/concours-photo-montrez-nous-la-plus-belle-photo-de-votre-chien-en-promenade-sur#l5lb6r47qsmp9ur58y' successfully

2022-07-19 16:59:55 - [TEST_STEP][PASSED] - setViewPortSize(1920, 1080): Viewport is set to new size with width = 1920 and height = 1080

2022-07-19 16:59:56 - [MESSAGE][PASSED] - Viewport is set to new size with width = 1920 and height = 1080

2022-07-19 16:59:56 - [TEST_STEP][PASSED] - click(findTestObject("Object Repository/Page_Concours photo  votez pour la plus bel_494087/button_Accepter  Fermer")): Object: 'Object Repository/Page_Concours photo  votez pour la plus bel_494087/button_Accepter  Fermer' is clicked on

2022-07-19 16:59:57 - [MESSAGE][PASSED] - Object: 'Object Repository/Page_Concours photo  votez pour la plus bel_494087/button_Accepter  Fermer' is clicked on

2022-07-19 16:59:57 - [TEST_STEP][PASSED] - waitForElementVisible(findTestObject("Object Repository/Page_Concours photo  votez pour la plus bel_494087/a_X"), 15): Object 'Object Repository/Page_Concours photo  votez pour la plus bel_494087/a_X' is visible

2022-07-19 17:00:03 - [MESSAGE][PASSED] - Object 'Object Repository/Page_Concours photo  votez pour la plus bel_494087/a_X' is visible

2022-07-19 17:00:03 - [TEST_STEP][PASSED] - click(findTestObject("Object Repository/Page_Concours photo  votez pour la plus bel_494087/a_X")): Object: 'Object Repository/Page_Concours photo  votez pour la plus bel_494087/a_X' is clicked on

2022-07-19 17:00:04 - [MESSAGE][PASSED] - Object: 'Object Repository/Page_Concours photo  votez pour la plus bel_494087/a_X' is clicked on

2022-07-19 17:00:04 - [TEST_STEP][PASSED] - delay(1): Delayed 1 second(s)

2022-07-19 17:00:05 - [MESSAGE][PASSED] - Delayed 1 second(s)

2022-07-19 17:00:05 - [TEST_STEP][PASSED] - click(findTestObject("Object Repository/Page_Concours photo  votez pour la plus bel_494087/input_concat(Votez pour le plus beau chien de la cte d, , Opale )_jouer")): Object: 'Object Repository/Page_Concours photo  votez pour la plus bel_494087/input_concat(Votez pour le plus beau chien de la cte d, , Opale )_jouer' is clicked on

2022-07-19 17:00:05 - [MESSAGE][PASSED] - Object: 'Object Repository/Page_Concours photo  votez pour la plus bel_494087/input_concat(Votez pour le plus beau chien de la cte d, , Opale )_jouer' is clicked on

2022-07-19 17:00:06 - [TEST_STEP][PASSED] - if (verifyElementPresent(findTestObject("Page_Concours photo  votez pour la plus bel_494087/input_concat(Votez pour le plus beau chien de la cte d, , Opale )_jouer"), 1, OPTIONAL)): null

2022-07-19 17:00:07 - [MESSAGE][PASSED] - Object 'Object Repository/Page_Concours photo  votez pour la plus bel_494087/input_concat(Votez pour le plus beau chien de la cte d, , Opale )_jouer' is present

2022-07-19 17:00:07 - [TEST_STEP][PASSED] - click(findTestObject("Object Repository/Page_Concours photo  votez pour la plus bel_494087/input_concat(Votez pour le plus beau chien de la cte d, , Opale )_jouer")): Object: 'Object Repository/Page_Concours photo  votez pour la plus bel_494087/input_concat(Votez pour le plus beau chien de la cte d, , Opale )_jouer' is clicked on

2022-07-19 17:00:07 - [MESSAGE][PASSED] - Object: 'Object Repository/Page_Concours photo  votez pour la plus bel_494087/input_concat(Votez pour le plus beau chien de la cte d, , Opale )_jouer' is clicked on

2022-07-19 17:00:07 - [TEST_STEP][PASSED] - delay(1): Delayed 1 second(s)

2022-07-19 17:00:08 - [MESSAGE][PASSED] - Delayed 1 second(s)

2022-07-19 17:00:08 - [TEST_STEP][PASSED] - setText(findTestObject("Object Repository/Page_Concours photo  votez pour la plus bel_494087/input_trie par_keyword"), "Gaspard"): Text 'Gaspard' is set on object 'Object Repository/Page_Concours photo  votez pour la plus bel_494087/input_trie par_keyword'

2022-07-19 17:00:12 - [MESSAGE][PASSED] - Text 'Gaspard' is set on object 'Object Repository/Page_Concours photo  votez pour la plus bel_494087/input_trie par_keyword'

2022-07-19 17:00:12 - [TEST_STEP][PASSED] - sendKeys(findTestObject("Page_Concours photo  votez pour la plus bel_494087/input_trie par_keyword"), Keys.chord(ENTER)): Keys 'ENTER + ' sent to object: 'Object Repository/Page_Concours photo  votez pour la plus bel_494087/input_trie par_keyword'

2022-07-19 17:00:14 - [MESSAGE][PASSED] - Keys 'ENTER + ' sent to object: 'Object Repository/Page_Concours photo  votez pour la plus bel_494087/input_trie par_keyword'

2022-07-19 17:00:14 - [TEST_STEP][PASSED] - click(findTestObject("Page_Concours photo  votez pour la plus bel_494087/tri")): Object: 'Object Repository/Page_Concours photo  votez pour la plus bel_494087/tri' is clicked on

2022-07-19 17:00:15 - [MESSAGE][PASSED] - Object: 'Object Repository/Page_Concours photo  votez pour la plus bel_494087/tri' is clicked on

2022-07-19 17:00:15 - [TEST_STEP][PASSED] - click(findTestObject("Page_Concours photo  votez pour la plus bel_494087/plus de votes")): Object: 'Object Repository/Page_Concours photo  votez pour la plus bel_494087/plus de votes' is clicked on

2022-07-19 17:00:15 - [MESSAGE][PASSED] - Object: 'Object Repository/Page_Concours photo  votez pour la plus bel_494087/plus de votes' is clicked on

2022-07-19 17:00:17 - [TEST_STEP][PASSED] - click(findTestObject("Object Repository/Page_Concours photo  votez pour la plus bel_494087/i_Votes_fa fa-heart")): Object: 'Object Repository/Page_Concours photo  votez pour la plus bel_494087/i_Votes_fa fa-heart' is clicked on

2022-07-19 17:00:17 - [MESSAGE][PASSED] - Object: 'Object Repository/Page_Concours photo  votez pour la plus bel_494087/i_Votes_fa fa-heart' is clicked on

2022-07-19 17:00:17 - [TEST_STEP][PASSED] - delay(1): Delayed 1 second(s)

2022-07-19 17:00:18 - [MESSAGE][PASSED] - Delayed 1 second(s)

2022-07-19 17:00:18 - [TEST_STEP][PASSED] - closeBrowser(): Browser is closed

2022-07-19 17:00:19 - [MESSAGE][PASSED] - Browser is closed]]></system-out>
         <system-err><![CDATA[]]></system-err>
      </testcase>
      <testcase name="Test Cases/Vote" time="25.342" classname="Test Cases/Vote" status="PASSED">
         <system-out><![CDATA[2022-07-19 17:00:19 - [TEST_CASE][PASSED] - Test Cases/Vote: Test Cases/Vote

2022-07-19 17:00:19 - [TEST_STEP][PASSED] - openBrowser(""): Browser is opened with url: ''

2022-07-19 17:00:19 - [MESSAGE][INFO] - Starting 'Chrome' driver

2022-07-19 17:00:19 - [MESSAGE][INFO] - Action delay is set to 0 milliseconds

2022-07-19 17:00:20 - [MESSAGE][PASSED] - Browser is opened with url: ''

2022-07-19 17:00:20 - [TEST_STEP][PASSED] - navigateToUrl("https://lesechosdutouquet.nordlittoral.fr/147787/article/2022-06-30/concours-photo-montrez-nous-la-plus-belle-photo-de-votre-chien-en-promenade-sur#l5lb6r47qsmp9ur58y"): Navigate to 'https://lesechosdutouquet.nordlittoral.fr/147787/article/2022-06-30/concours-photo-montrez-nous-la-plus-belle-photo-de-votre-chien-en-promenade-sur#l5lb6r47qsmp9ur58y' successfully

2022-07-19 17:00:23 - [MESSAGE][PASSED] - Navigate to 'https://lesechosdutouquet.nordlittoral.fr/147787/article/2022-06-30/concours-photo-montrez-nous-la-plus-belle-photo-de-votre-chien-en-promenade-sur#l5lb6r47qsmp9ur58y' successfully

2022-07-19 17:00:23 - [TEST_STEP][PASSED] - setViewPortSize(1920, 1080): Viewport is set to new size with width = 1920 and height = 1080

2022-07-19 17:00:23 - [MESSAGE][PASSED] - Viewport is set to new size with width = 1920 and height = 1080

2022-07-19 17:00:23 - [TEST_STEP][PASSED] - click(findTestObject("Object Repository/Page_Concours photo  votez pour la plus bel_494087/button_Accepter  Fermer")): Object: 'Object Repository/Page_Concours photo  votez pour la plus bel_494087/button_Accepter  Fermer' is clicked on

2022-07-19 17:00:24 - [MESSAGE][PASSED] - Object: 'Object Repository/Page_Concours photo  votez pour la plus bel_494087/button_Accepter  Fermer' is clicked on

2022-07-19 17:00:24 - [TEST_STEP][PASSED] - waitForElementVisible(findTestObject("Object Repository/Page_Concours photo  votez pour la plus bel_494087/a_X"), 15): Object 'Object Repository/Page_Concours photo  votez pour la plus bel_494087/a_X' is visible

2022-07-19 17:00:31 - [MESSAGE][PASSED] - Object 'Object Repository/Page_Concours photo  votez pour la plus bel_494087/a_X' is visible

2022-07-19 17:00:31 - [TEST_STEP][PASSED] - click(findTestObject("Object Repository/Page_Concours photo  votez pour la plus bel_494087/a_X")): Object: 'Object Repository/Page_Concours photo  votez pour la plus bel_494087/a_X' is clicked on

2022-07-19 17:00:32 - [MESSAGE][PASSED] - Object: 'Object Repository/Page_Concours photo  votez pour la plus bel_494087/a_X' is clicked on

2022-07-19 17:00:32 - [TEST_STEP][PASSED] - delay(1): Delayed 1 second(s)

2022-07-19 17:00:33 - [MESSAGE][PASSED] - Delayed 1 second(s)

2022-07-19 17:00:33 - [TEST_STEP][PASSED] - click(findTestObject("Object Repository/Page_Concours photo  votez pour la plus bel_494087/input_concat(Votez pour le plus beau chien de la cte d, , Opale )_jouer")): Object: 'Object Repository/Page_Concours photo  votez pour la plus bel_494087/input_concat(Votez pour le plus beau chien de la cte d, , Opale )_jouer' is clicked on

2022-07-19 17:00:33 - [MESSAGE][PASSED] - Object: 'Object Repository/Page_Concours photo  votez pour la plus bel_494087/input_concat(Votez pour le plus beau chien de la cte d, , Opale )_jouer' is clicked on

2022-07-19 17:00:34 - [TEST_STEP][PASSED] - if (verifyElementPresent(findTestObject("Page_Concours photo  votez pour la plus bel_494087/input_concat(Votez pour le plus beau chien de la cte d, , Opale )_jouer"), 1, OPTIONAL)): null

2022-07-19 17:00:35 - [MESSAGE][PASSED] - Object 'Object Repository/Page_Concours photo  votez pour la plus bel_494087/input_concat(Votez pour le plus beau chien de la cte d, , Opale )_jouer' is present

2022-07-19 17:00:35 - [TEST_STEP][PASSED] - click(findTestObject("Object Repository/Page_Concours photo  votez pour la plus bel_494087/input_concat(Votez pour le plus beau chien de la cte d, , Opale )_jouer")): Object: 'Object Repository/Page_Concours photo  votez pour la plus bel_494087/input_concat(Votez pour le plus beau chien de la cte d, , Opale )_jouer' is clicked on

2022-07-19 17:00:36 - [MESSAGE][PASSED] - Object: 'Object Repository/Page_Concours photo  votez pour la plus bel_494087/input_concat(Votez pour le plus beau chien de la cte d, , Opale )_jouer' is clicked on

2022-07-19 17:00:36 - [TEST_STEP][PASSED] - delay(1): Delayed 1 second(s)

2022-07-19 17:00:37 - [MESSAGE][PASSED] - Delayed 1 second(s)

2022-07-19 17:00:37 - [TEST_STEP][PASSED] - setText(findTestObject("Object Repository/Page_Concours photo  votez pour la plus bel_494087/input_trie par_keyword"), "Gaspard"): Text 'Gaspard' is set on object 'Object Repository/Page_Concours photo  votez pour la plus bel_494087/input_trie par_keyword'

2022-07-19 17:00:38 - [MESSAGE][PASSED] - Text 'Gaspard' is set on object 'Object Repository/Page_Concours photo  votez pour la plus bel_494087/input_trie par_keyword'

2022-07-19 17:00:38 - [TEST_STEP][PASSED] - sendKeys(findTestObject("Page_Concours photo  votez pour la plus bel_494087/input_trie par_keyword"), Keys.chord(ENTER)): Keys 'ENTER + ' sent to object: 'Object Repository/Page_Concours photo  votez pour la plus bel_494087/input_trie par_keyword'

2022-07-19 17:00:40 - [MESSAGE][PASSED] - Keys 'ENTER + ' sent to object: 'Object Repository/Page_Concours photo  votez pour la plus bel_494087/input_trie par_keyword'

2022-07-19 17:00:40 - [TEST_STEP][PASSED] - click(findTestObject("Page_Concours photo  votez pour la plus bel_494087/tri")): Object: 'Object Repository/Page_Concours photo  votez pour la plus bel_494087/tri' is clicked on

2022-07-19 17:00:40 - [MESSAGE][PASSED] - Object: 'Object Repository/Page_Concours photo  votez pour la plus bel_494087/tri' is clicked on

2022-07-19 17:00:40 - [TEST_STEP][PASSED] - click(findTestObject("Page_Concours photo  votez pour la plus bel_494087/plus de votes")): Object: 'Object Repository/Page_Concours photo  votez pour la plus bel_494087/plus de votes' is clicked on

2022-07-19 17:00:41 - [MESSAGE][PASSED] - Object: 'Object Repository/Page_Concours photo  votez pour la plus bel_494087/plus de votes' is clicked on

2022-07-19 17:00:42 - [TEST_STEP][PASSED] - click(findTestObject("Object Repository/Page_Concours photo  votez pour la plus bel_494087/i_Votes_fa fa-heart")): Object: 'Object Repository/Page_Concours photo  votez pour la plus bel_494087/i_Votes_fa fa-heart' is clicked on

2022-07-19 17:00:43 - [MESSAGE][PASSED] - Object: 'Object Repository/Page_Concours photo  votez pour la plus bel_494087/i_Votes_fa fa-heart' is clicked on

2022-07-19 17:00:43 - [TEST_STEP][PASSED] - delay(1): Delayed 1 second(s)

2022-07-19 17:00:44 - [MESSAGE][PASSED] - Delayed 1 second(s)

2022-07-19 17:00:44 - [TEST_STEP][PASSED] - closeBrowser(): Browser is closed

2022-07-19 17:00:44 - [MESSAGE][PASSED] - Browser is closed]]></system-out>
         <system-err><![CDATA[]]></system-err>
      </testcase>
      <testcase name="Test Cases/Vote" time="25.235" classname="Test Cases/Vote" status="PASSED">
         <system-out><![CDATA[2022-07-19 17:00:44 - [TEST_CASE][PASSED] - Test Cases/Vote: Test Cases/Vote

2022-07-19 17:00:44 - [TEST_STEP][PASSED] - openBrowser(""): Browser is opened with url: ''

2022-07-19 17:00:44 - [MESSAGE][INFO] - Starting 'Chrome' driver

2022-07-19 17:00:44 - [MESSAGE][INFO] - Action delay is set to 0 milliseconds

2022-07-19 17:00:45 - [MESSAGE][PASSED] - Browser is opened with url: ''

2022-07-19 17:00:45 - [TEST_STEP][PASSED] - navigateToUrl("https://lesechosdutouquet.nordlittoral.fr/147787/article/2022-06-30/concours-photo-montrez-nous-la-plus-belle-photo-de-votre-chien-en-promenade-sur#l5lb6r47qsmp9ur58y"): Navigate to 'https://lesechosdutouquet.nordlittoral.fr/147787/article/2022-06-30/concours-photo-montrez-nous-la-plus-belle-photo-de-votre-chien-en-promenade-sur#l5lb6r47qsmp9ur58y' successfully

2022-07-19 17:00:49 - [MESSAGE][PASSED] - Navigate to 'https://lesechosdutouquet.nordlittoral.fr/147787/article/2022-06-30/concours-photo-montrez-nous-la-plus-belle-photo-de-votre-chien-en-promenade-sur#l5lb6r47qsmp9ur58y' successfully

2022-07-19 17:00:49 - [TEST_STEP][PASSED] - setViewPortSize(1920, 1080): Viewport is set to new size with width = 1920 and height = 1080

2022-07-19 17:00:49 - [MESSAGE][PASSED] - Viewport is set to new size with width = 1920 and height = 1080

2022-07-19 17:00:49 - [TEST_STEP][PASSED] - click(findTestObject("Object Repository/Page_Concours photo  votez pour la plus bel_494087/button_Accepter  Fermer")): Object: 'Object Repository/Page_Concours photo  votez pour la plus bel_494087/button_Accepter  Fermer' is clicked on

2022-07-19 17:00:50 - [MESSAGE][PASSED] - Object: 'Object Repository/Page_Concours photo  votez pour la plus bel_494087/button_Accepter  Fermer' is clicked on

2022-07-19 17:00:50 - [TEST_STEP][PASSED] - waitForElementVisible(findTestObject("Object Repository/Page_Concours photo  votez pour la plus bel_494087/a_X"), 15): Object 'Object Repository/Page_Concours photo  votez pour la plus bel_494087/a_X' is visible

2022-07-19 17:00:56 - [MESSAGE][PASSED] - Object 'Object Repository/Page_Concours photo  votez pour la plus bel_494087/a_X' is visible

2022-07-19 17:00:56 - [TEST_STEP][PASSED] - click(findTestObject("Object Repository/Page_Concours photo  votez pour la plus bel_494087/a_X")): Object: 'Object Repository/Page_Concours photo  votez pour la plus bel_494087/a_X' is clicked on

2022-07-19 17:00:57 - [MESSAGE][PASSED] - Object: 'Object Repository/Page_Concours photo  votez pour la plus bel_494087/a_X' is clicked on

2022-07-19 17:00:57 - [TEST_STEP][PASSED] - delay(1): Delayed 1 second(s)

2022-07-19 17:00:58 - [MESSAGE][PASSED] - Delayed 1 second(s)

2022-07-19 17:00:58 - [TEST_STEP][PASSED] - click(findTestObject("Object Repository/Page_Concours photo  votez pour la plus bel_494087/input_concat(Votez pour le plus beau chien de la cte d, , Opale )_jouer")): Object: 'Object Repository/Page_Concours photo  votez pour la plus bel_494087/input_concat(Votez pour le plus beau chien de la cte d, , Opale )_jouer' is clicked on

2022-07-19 17:00:59 - [MESSAGE][PASSED] - Object: 'Object Repository/Page_Concours photo  votez pour la plus bel_494087/input_concat(Votez pour le plus beau chien de la cte d, , Opale )_jouer' is clicked on

2022-07-19 17:00:59 - [TEST_STEP][PASSED] - if (verifyElementPresent(findTestObject("Page_Concours photo  votez pour la plus bel_494087/input_concat(Votez pour le plus beau chien de la cte d, , Opale )_jouer"), 1, OPTIONAL)): null

2022-07-19 17:01:00 - [MESSAGE][PASSED] - Object 'Object Repository/Page_Concours photo  votez pour la plus bel_494087/input_concat(Votez pour le plus beau chien de la cte d, , Opale )_jouer' is present

2022-07-19 17:01:00 - [TEST_STEP][PASSED] - click(findTestObject("Object Repository/Page_Concours photo  votez pour la plus bel_494087/input_concat(Votez pour le plus beau chien de la cte d, , Opale )_jouer")): Object: 'Object Repository/Page_Concours photo  votez pour la plus bel_494087/input_concat(Votez pour le plus beau chien de la cte d, , Opale )_jouer' is clicked on

2022-07-19 17:01:01 - [MESSAGE][PASSED] - Object: 'Object Repository/Page_Concours photo  votez pour la plus bel_494087/input_concat(Votez pour le plus beau chien de la cte d, , Opale )_jouer' is clicked on

2022-07-19 17:01:01 - [TEST_STEP][PASSED] - delay(1): Delayed 1 second(s)

2022-07-19 17:01:02 - [MESSAGE][PASSED] - Delayed 1 second(s)

2022-07-19 17:01:02 - [TEST_STEP][PASSED] - setText(findTestObject("Object Repository/Page_Concours photo  votez pour la plus bel_494087/input_trie par_keyword"), "Gaspard"): Text 'Gaspard' is set on object 'Object Repository/Page_Concours photo  votez pour la plus bel_494087/input_trie par_keyword'

2022-07-19 17:01:03 - [MESSAGE][PASSED] - Text 'Gaspard' is set on object 'Object Repository/Page_Concours photo  votez pour la plus bel_494087/input_trie par_keyword'

2022-07-19 17:01:03 - [TEST_STEP][PASSED] - sendKeys(findTestObject("Page_Concours photo  votez pour la plus bel_494087/input_trie par_keyword"), Keys.chord(ENTER)): Keys 'ENTER + ' sent to object: 'Object Repository/Page_Concours photo  votez pour la plus bel_494087/input_trie par_keyword'

2022-07-19 17:01:05 - [MESSAGE][PASSED] - Keys 'ENTER + ' sent to object: 'Object Repository/Page_Concours photo  votez pour la plus bel_494087/input_trie par_keyword'

2022-07-19 17:01:05 - [TEST_STEP][PASSED] - click(findTestObject("Page_Concours photo  votez pour la plus bel_494087/tri")): Object: 'Object Repository/Page_Concours photo  votez pour la plus bel_494087/tri' is clicked on

2022-07-19 17:01:05 - [MESSAGE][PASSED] - Object: 'Object Repository/Page_Concours photo  votez pour la plus bel_494087/tri' is clicked on

2022-07-19 17:01:05 - [TEST_STEP][PASSED] - click(findTestObject("Page_Concours photo  votez pour la plus bel_494087/plus de votes")): Object: 'Object Repository/Page_Concours photo  votez pour la plus bel_494087/plus de votes' is clicked on

2022-07-19 17:01:06 - [MESSAGE][PASSED] - Object: 'Object Repository/Page_Concours photo  votez pour la plus bel_494087/plus de votes' is clicked on

2022-07-19 17:01:07 - [TEST_STEP][PASSED] - click(findTestObject("Object Repository/Page_Concours photo  votez pour la plus bel_494087/i_Votes_fa fa-heart")): Object: 'Object Repository/Page_Concours photo  votez pour la plus bel_494087/i_Votes_fa fa-heart' is clicked on

2022-07-19 17:01:08 - [MESSAGE][PASSED] - Object: 'Object Repository/Page_Concours photo  votez pour la plus bel_494087/i_Votes_fa fa-heart' is clicked on

2022-07-19 17:01:08 - [TEST_STEP][PASSED] - delay(1): Delayed 1 second(s)

2022-07-19 17:01:09 - [MESSAGE][PASSED] - Delayed 1 second(s)

2022-07-19 17:01:09 - [TEST_STEP][PASSED] - closeBrowser(): Browser is closed

2022-07-19 17:01:09 - [MESSAGE][PASSED] - Browser is closed]]></system-out>
         <system-err><![CDATA[]]></system-err>
      </testcase>
      <testcase name="Test Cases/Vote" time="25.931" classname="Test Cases/Vote" status="PASSED">
         <system-out><![CDATA[2022-07-19 17:01:09 - [TEST_CASE][PASSED] - Test Cases/Vote: Test Cases/Vote

2022-07-19 17:01:09 - [TEST_STEP][PASSED] - openBrowser(""): Browser is opened with url: ''

2022-07-19 17:01:09 - [MESSAGE][INFO] - Starting 'Chrome' driver

2022-07-19 17:01:09 - [MESSAGE][INFO] - Action delay is set to 0 milliseconds

2022-07-19 17:01:10 - [MESSAGE][PASSED] - Browser is opened with url: ''

2022-07-19 17:01:10 - [TEST_STEP][PASSED] - navigateToUrl("https://lesechosdutouquet.nordlittoral.fr/147787/article/2022-06-30/concours-photo-montrez-nous-la-plus-belle-photo-de-votre-chien-en-promenade-sur#l5lb6r47qsmp9ur58y"): Navigate to 'https://lesechosdutouquet.nordlittoral.fr/147787/article/2022-06-30/concours-photo-montrez-nous-la-plus-belle-photo-de-votre-chien-en-promenade-sur#l5lb6r47qsmp9ur58y' successfully

2022-07-19 17:01:13 - [MESSAGE][PASSED] - Navigate to 'https://lesechosdutouquet.nordlittoral.fr/147787/article/2022-06-30/concours-photo-montrez-nous-la-plus-belle-photo-de-votre-chien-en-promenade-sur#l5lb6r47qsmp9ur58y' successfully

2022-07-19 17:01:13 - [TEST_STEP][PASSED] - setViewPortSize(1920, 1080): Viewport is set to new size with width = 1920 and height = 1080

2022-07-19 17:01:13 - [MESSAGE][PASSED] - Viewport is set to new size with width = 1920 and height = 1080

2022-07-19 17:01:13 - [TEST_STEP][PASSED] - click(findTestObject("Object Repository/Page_Concours photo  votez pour la plus bel_494087/button_Accepter  Fermer")): Object: 'Object Repository/Page_Concours photo  votez pour la plus bel_494087/button_Accepter  Fermer' is clicked on

2022-07-19 17:01:14 - [MESSAGE][PASSED] - Object: 'Object Repository/Page_Concours photo  votez pour la plus bel_494087/button_Accepter  Fermer' is clicked on

2022-07-19 17:01:14 - [TEST_STEP][PASSED] - waitForElementVisible(findTestObject("Object Repository/Page_Concours photo  votez pour la plus bel_494087/a_X"), 15): Object 'Object Repository/Page_Concours photo  votez pour la plus bel_494087/a_X' is visible

2022-07-19 17:01:20 - [MESSAGE][PASSED] - Object 'Object Repository/Page_Concours photo  votez pour la plus bel_494087/a_X' is visible

2022-07-19 17:01:20 - [TEST_STEP][PASSED] - click(findTestObject("Object Repository/Page_Concours photo  votez pour la plus bel_494087/a_X")): Object: 'Object Repository/Page_Concours photo  votez pour la plus bel_494087/a_X' is clicked on

2022-07-19 17:01:21 - [MESSAGE][PASSED] - Object: 'Object Repository/Page_Concours photo  votez pour la plus bel_494087/a_X' is clicked on

2022-07-19 17:01:21 - [TEST_STEP][PASSED] - delay(1): Delayed 1 second(s)

2022-07-19 17:01:22 - [MESSAGE][PASSED] - Delayed 1 second(s)

2022-07-19 17:01:22 - [TEST_STEP][PASSED] - click(findTestObject("Object Repository/Page_Concours photo  votez pour la plus bel_494087/input_concat(Votez pour le plus beau chien de la cte d, , Opale )_jouer")): Object: 'Object Repository/Page_Concours photo  votez pour la plus bel_494087/input_concat(Votez pour le plus beau chien de la cte d, , Opale )_jouer' is clicked on

2022-07-19 17:01:23 - [MESSAGE][PASSED] - Object: 'Object Repository/Page_Concours photo  votez pour la plus bel_494087/input_concat(Votez pour le plus beau chien de la cte d, , Opale )_jouer' is clicked on

2022-07-19 17:01:23 - [TEST_STEP][PASSED] - if (verifyElementPresent(findTestObject("Page_Concours photo  votez pour la plus bel_494087/input_concat(Votez pour le plus beau chien de la cte d, , Opale )_jouer"), 1, OPTIONAL)): null

2022-07-19 17:01:24 - [MESSAGE][PASSED] - Object 'Object Repository/Page_Concours photo  votez pour la plus bel_494087/input_concat(Votez pour le plus beau chien de la cte d, , Opale )_jouer' is present

2022-07-19 17:01:24 - [TEST_STEP][PASSED] - click(findTestObject("Object Repository/Page_Concours photo  votez pour la plus bel_494087/input_concat(Votez pour le plus beau chien de la cte d, , Opale )_jouer")): Object: 'Object Repository/Page_Concours photo  votez pour la plus bel_494087/input_concat(Votez pour le plus beau chien de la cte d, , Opale )_jouer' is clicked on

2022-07-19 17:01:25 - [MESSAGE][PASSED] - Object: 'Object Repository/Page_Concours photo  votez pour la plus bel_494087/input_concat(Votez pour le plus beau chien de la cte d, , Opale )_jouer' is clicked on

2022-07-19 17:01:25 - [TEST_STEP][PASSED] - delay(1): Delayed 1 second(s)

2022-07-19 17:01:26 - [MESSAGE][PASSED] - Delayed 1 second(s)

2022-07-19 17:01:26 - [TEST_STEP][PASSED] - setText(findTestObject("Object Repository/Page_Concours photo  votez pour la plus bel_494087/input_trie par_keyword"), "Gaspard"): Text 'Gaspard' is set on object 'Object Repository/Page_Concours photo  votez pour la plus bel_494087/input_trie par_keyword'

2022-07-19 17:01:28 - [MESSAGE][PASSED] - Text 'Gaspard' is set on object 'Object Repository/Page_Concours photo  votez pour la plus bel_494087/input_trie par_keyword'

2022-07-19 17:01:28 - [TEST_STEP][PASSED] - sendKeys(findTestObject("Page_Concours photo  votez pour la plus bel_494087/input_trie par_keyword"), Keys.chord(ENTER)): Keys 'ENTER + ' sent to object: 'Object Repository/Page_Concours photo  votez pour la plus bel_494087/input_trie par_keyword'

2022-07-19 17:01:30 - [MESSAGE][PASSED] - Keys 'ENTER + ' sent to object: 'Object Repository/Page_Concours photo  votez pour la plus bel_494087/input_trie par_keyword'

2022-07-19 17:01:30 - [TEST_STEP][PASSED] - click(findTestObject("Page_Concours photo  votez pour la plus bel_494087/tri")): Object: 'Object Repository/Page_Concours photo  votez pour la plus bel_494087/tri' is clicked on

2022-07-19 17:01:31 - [MESSAGE][PASSED] - Object: 'Object Repository/Page_Concours photo  votez pour la plus bel_494087/tri' is clicked on

2022-07-19 17:01:31 - [TEST_STEP][PASSED] - click(findTestObject("Page_Concours photo  votez pour la plus bel_494087/plus de votes")): Object: 'Object Repository/Page_Concours photo  votez pour la plus bel_494087/plus de votes' is clicked on

2022-07-19 17:01:31 - [MESSAGE][PASSED] - Object: 'Object Repository/Page_Concours photo  votez pour la plus bel_494087/plus de votes' is clicked on

2022-07-19 17:01:33 - [TEST_STEP][PASSED] - click(findTestObject("Object Repository/Page_Concours photo  votez pour la plus bel_494087/i_Votes_fa fa-heart")): Object: 'Object Repository/Page_Concours photo  votez pour la plus bel_494087/i_Votes_fa fa-heart' is clicked on

2022-07-19 17:01:34 - [MESSAGE][PASSED] - Object: 'Object Repository/Page_Concours photo  votez pour la plus bel_494087/i_Votes_fa fa-heart' is clicked on

2022-07-19 17:01:34 - [TEST_STEP][PASSED] - delay(1): Delayed 1 second(s)

2022-07-19 17:01:35 - [MESSAGE][PASSED] - Delayed 1 second(s)

2022-07-19 17:01:35 - [TEST_STEP][PASSED] - closeBrowser(): Browser is closed

2022-07-19 17:01:35 - [MESSAGE][PASSED] - Browser is closed]]></system-out>
         <system-err><![CDATA[]]></system-err>
      </testcase>
      <testcase name="Test Cases/Vote" time="26.211" classname="Test Cases/Vote" status="PASSED">
         <system-out><![CDATA[2022-07-19 17:01:35 - [TEST_CASE][PASSED] - Test Cases/Vote: Test Cases/Vote

2022-07-19 17:01:35 - [TEST_STEP][PASSED] - openBrowser(""): Browser is opened with url: ''

2022-07-19 17:01:35 - [MESSAGE][INFO] - Starting 'Chrome' driver

2022-07-19 17:01:35 - [MESSAGE][INFO] - Action delay is set to 0 milliseconds

2022-07-19 17:01:36 - [MESSAGE][PASSED] - Browser is opened with url: ''

2022-07-19 17:01:36 - [TEST_STEP][PASSED] - navigateToUrl("https://lesechosdutouquet.nordlittoral.fr/147787/article/2022-06-30/concours-photo-montrez-nous-la-plus-belle-photo-de-votre-chien-en-promenade-sur#l5lb6r47qsmp9ur58y"): Navigate to 'https://lesechosdutouquet.nordlittoral.fr/147787/article/2022-06-30/concours-photo-montrez-nous-la-plus-belle-photo-de-votre-chien-en-promenade-sur#l5lb6r47qsmp9ur58y' successfully

2022-07-19 17:01:39 - [MESSAGE][PASSED] - Navigate to 'https://lesechosdutouquet.nordlittoral.fr/147787/article/2022-06-30/concours-photo-montrez-nous-la-plus-belle-photo-de-votre-chien-en-promenade-sur#l5lb6r47qsmp9ur58y' successfully

2022-07-19 17:01:39 - [TEST_STEP][PASSED] - setViewPortSize(1920, 1080): Viewport is set to new size with width = 1920 and height = 1080

2022-07-19 17:01:39 - [MESSAGE][PASSED] - Viewport is set to new size with width = 1920 and height = 1080

2022-07-19 17:01:39 - [TEST_STEP][PASSED] - click(findTestObject("Object Repository/Page_Concours photo  votez pour la plus bel_494087/button_Accepter  Fermer")): Object: 'Object Repository/Page_Concours photo  votez pour la plus bel_494087/button_Accepter  Fermer' is clicked on

2022-07-19 17:01:40 - [MESSAGE][PASSED] - Object: 'Object Repository/Page_Concours photo  votez pour la plus bel_494087/button_Accepter  Fermer' is clicked on

2022-07-19 17:01:40 - [TEST_STEP][PASSED] - waitForElementVisible(findTestObject("Object Repository/Page_Concours photo  votez pour la plus bel_494087/a_X"), 15): Object 'Object Repository/Page_Concours photo  votez pour la plus bel_494087/a_X' is visible

2022-07-19 17:01:48 - [MESSAGE][PASSED] - Object 'Object Repository/Page_Concours photo  votez pour la plus bel_494087/a_X' is visible

2022-07-19 17:01:48 - [TEST_STEP][PASSED] - click(findTestObject("Object Repository/Page_Concours photo  votez pour la plus bel_494087/a_X")): Object: 'Object Repository/Page_Concours photo  votez pour la plus bel_494087/a_X' is clicked on

2022-07-19 17:01:48 - [MESSAGE][PASSED] - Object: 'Object Repository/Page_Concours photo  votez pour la plus bel_494087/a_X' is clicked on

2022-07-19 17:01:48 - [TEST_STEP][PASSED] - delay(1): Delayed 1 second(s)

2022-07-19 17:01:49 - [MESSAGE][PASSED] - Delayed 1 second(s)

2022-07-19 17:01:49 - [TEST_STEP][PASSED] - click(findTestObject("Object Repository/Page_Concours photo  votez pour la plus bel_494087/input_concat(Votez pour le plus beau chien de la cte d, , Opale )_jouer")): Object: 'Object Repository/Page_Concours photo  votez pour la plus bel_494087/input_concat(Votez pour le plus beau chien de la cte d, , Opale )_jouer' is clicked on

2022-07-19 17:01:50 - [MESSAGE][PASSED] - Object: 'Object Repository/Page_Concours photo  votez pour la plus bel_494087/input_concat(Votez pour le plus beau chien de la cte d, , Opale )_jouer' is clicked on

2022-07-19 17:01:50 - [TEST_STEP][PASSED] - if (verifyElementPresent(findTestObject("Page_Concours photo  votez pour la plus bel_494087/input_concat(Votez pour le plus beau chien de la cte d, , Opale )_jouer"), 1, OPTIONAL)): null

2022-07-19 17:01:52 - [MESSAGE][PASSED] - Object 'Object Repository/Page_Concours photo  votez pour la plus bel_494087/input_concat(Votez pour le plus beau chien de la cte d, , Opale )_jouer' is present

2022-07-19 17:01:52 - [TEST_STEP][PASSED] - click(findTestObject("Object Repository/Page_Concours photo  votez pour la plus bel_494087/input_concat(Votez pour le plus beau chien de la cte d, , Opale )_jouer")): Object: 'Object Repository/Page_Concours photo  votez pour la plus bel_494087/input_concat(Votez pour le plus beau chien de la cte d, , Opale )_jouer' is clicked on

2022-07-19 17:01:52 - [MESSAGE][PASSED] - Object: 'Object Repository/Page_Concours photo  votez pour la plus bel_494087/input_concat(Votez pour le plus beau chien de la cte d, , Opale )_jouer' is clicked on

2022-07-19 17:01:52 - [TEST_STEP][PASSED] - delay(1): Delayed 1 second(s)

2022-07-19 17:01:53 - [MESSAGE][PASSED] - Delayed 1 second(s)

2022-07-19 17:01:53 - [TEST_STEP][PASSED] - setText(findTestObject("Object Repository/Page_Concours photo  votez pour la plus bel_494087/input_trie par_keyword"), "Gaspard"): Text 'Gaspard' is set on object 'Object Repository/Page_Concours photo  votez pour la plus bel_494087/input_trie par_keyword'

2022-07-19 17:01:55 - [MESSAGE][PASSED] - Text 'Gaspard' is set on object 'Object Repository/Page_Concours photo  votez pour la plus bel_494087/input_trie par_keyword'

2022-07-19 17:01:55 - [TEST_STEP][PASSED] - sendKeys(findTestObject("Page_Concours photo  votez pour la plus bel_494087/input_trie par_keyword"), Keys.chord(ENTER)): Keys 'ENTER + ' sent to object: 'Object Repository/Page_Concours photo  votez pour la plus bel_494087/input_trie par_keyword'

2022-07-19 17:01:57 - [MESSAGE][PASSED] - Keys 'ENTER + ' sent to object: 'Object Repository/Page_Concours photo  votez pour la plus bel_494087/input_trie par_keyword'

2022-07-19 17:01:57 - [TEST_STEP][PASSED] - click(findTestObject("Page_Concours photo  votez pour la plus bel_494087/tri")): Object: 'Object Repository/Page_Concours photo  votez pour la plus bel_494087/tri' is clicked on

2022-07-19 17:01:57 - [MESSAGE][PASSED] - Object: 'Object Repository/Page_Concours photo  votez pour la plus bel_494087/tri' is clicked on

2022-07-19 17:01:57 - [TEST_STEP][PASSED] - click(findTestObject("Page_Concours photo  votez pour la plus bel_494087/plus de votes")): Object: 'Object Repository/Page_Concours photo  votez pour la plus bel_494087/plus de votes' is clicked on

2022-07-19 17:01:58 - [MESSAGE][PASSED] - Object: 'Object Repository/Page_Concours photo  votez pour la plus bel_494087/plus de votes' is clicked on

2022-07-19 17:01:59 - [TEST_STEP][PASSED] - click(findTestObject("Object Repository/Page_Concours photo  votez pour la plus bel_494087/i_Votes_fa fa-heart")): Object: 'Object Repository/Page_Concours photo  votez pour la plus bel_494087/i_Votes_fa fa-heart' is clicked on

2022-07-19 17:02:00 - [MESSAGE][PASSED] - Object: 'Object Repository/Page_Concours photo  votez pour la plus bel_494087/i_Votes_fa fa-heart' is clicked on

2022-07-19 17:02:00 - [TEST_STEP][PASSED] - delay(1): Delayed 1 second(s)

2022-07-19 17:02:01 - [MESSAGE][PASSED] - Delayed 1 second(s)

2022-07-19 17:02:01 - [TEST_STEP][PASSED] - closeBrowser(): Browser is closed

2022-07-19 17:02:01 - [MESSAGE][PASSED] - Browser is closed]]></system-out>
         <system-err><![CDATA[]]></system-err>
      </testcase>
      <testcase name="Test Cases/Vote" time="23.286" classname="Test Cases/Vote" status="PASSED">
         <system-out><![CDATA[2022-07-19 17:02:01 - [TEST_CASE][PASSED] - Test Cases/Vote: Test Cases/Vote

2022-07-19 17:02:01 - [TEST_STEP][PASSED] - openBrowser(""): Browser is opened with url: ''

2022-07-19 17:02:01 - [MESSAGE][INFO] - Starting 'Chrome' driver

2022-07-19 17:02:01 - [MESSAGE][INFO] - Action delay is set to 0 milliseconds

2022-07-19 17:02:02 - [MESSAGE][PASSED] - Browser is opened with url: ''

2022-07-19 17:02:02 - [TEST_STEP][PASSED] - navigateToUrl("https://lesechosdutouquet.nordlittoral.fr/147787/article/2022-06-30/concours-photo-montrez-nous-la-plus-belle-photo-de-votre-chien-en-promenade-sur#l5lb6r47qsmp9ur58y"): Navigate to 'https://lesechosdutouquet.nordlittoral.fr/147787/article/2022-06-30/concours-photo-montrez-nous-la-plus-belle-photo-de-votre-chien-en-promenade-sur#l5lb6r47qsmp9ur58y' successfully

2022-07-19 17:02:05 - [MESSAGE][PASSED] - Navigate to 'https://lesechosdutouquet.nordlittoral.fr/147787/article/2022-06-30/concours-photo-montrez-nous-la-plus-belle-photo-de-votre-chien-en-promenade-sur#l5lb6r47qsmp9ur58y' successfully

2022-07-19 17:02:05 - [TEST_STEP][PASSED] - setViewPortSize(1920, 1080): Viewport is set to new size with width = 1920 and height = 1080

2022-07-19 17:02:05 - [MESSAGE][PASSED] - Viewport is set to new size with width = 1920 and height = 1080

2022-07-19 17:02:05 - [TEST_STEP][PASSED] - click(findTestObject("Object Repository/Page_Concours photo  votez pour la plus bel_494087/button_Accepter  Fermer")): Object: 'Object Repository/Page_Concours photo  votez pour la plus bel_494087/button_Accepter  Fermer' is clicked on

2022-07-19 17:02:06 - [MESSAGE][PASSED] - Object: 'Object Repository/Page_Concours photo  votez pour la plus bel_494087/button_Accepter  Fermer' is clicked on

2022-07-19 17:02:06 - [TEST_STEP][PASSED] - waitForElementVisible(findTestObject("Object Repository/Page_Concours photo  votez pour la plus bel_494087/a_X"), 15): Object 'Object Repository/Page_Concours photo  votez pour la plus bel_494087/a_X' is visible

2022-07-19 17:02:12 - [MESSAGE][PASSED] - Object 'Object Repository/Page_Concours photo  votez pour la plus bel_494087/a_X' is visible

2022-07-19 17:02:12 - [TEST_STEP][PASSED] - click(findTestObject("Object Repository/Page_Concours photo  votez pour la plus bel_494087/a_X")): Object: 'Object Repository/Page_Concours photo  votez pour la plus bel_494087/a_X' is clicked on

2022-07-19 17:02:13 - [MESSAGE][PASSED] - Object: 'Object Repository/Page_Concours photo  votez pour la plus bel_494087/a_X' is clicked on

2022-07-19 17:02:13 - [TEST_STEP][PASSED] - delay(1): Delayed 1 second(s)

2022-07-19 17:02:14 - [MESSAGE][PASSED] - Delayed 1 second(s)

2022-07-19 17:02:14 - [TEST_STEP][PASSED] - click(findTestObject("Object Repository/Page_Concours photo  votez pour la plus bel_494087/input_concat(Votez pour le plus beau chien de la cte d, , Opale )_jouer")): Object: 'Object Repository/Page_Concours photo  votez pour la plus bel_494087/input_concat(Votez pour le plus beau chien de la cte d, , Opale )_jouer' is clicked on

2022-07-19 17:02:15 - [MESSAGE][PASSED] - Object: 'Object Repository/Page_Concours photo  votez pour la plus bel_494087/input_concat(Votez pour le plus beau chien de la cte d, , Opale )_jouer' is clicked on

2022-07-19 17:02:15 - [TEST_STEP][PASSED] - if (verifyElementPresent(findTestObject("Page_Concours photo  votez pour la plus bel_494087/input_concat(Votez pour le plus beau chien de la cte d, , Opale )_jouer"), 1, OPTIONAL)): null

2022-07-19 17:02:16 - [MESSAGE][PASSED] - Object 'Object Repository/Page_Concours photo  votez pour la plus bel_494087/input_concat(Votez pour le plus beau chien de la cte d, , Opale )_jouer' is present

2022-07-19 17:02:16 - [TEST_STEP][PASSED] - click(findTestObject("Object Repository/Page_Concours photo  votez pour la plus bel_494087/input_concat(Votez pour le plus beau chien de la cte d, , Opale )_jouer")): Object: 'Object Repository/Page_Concours photo  votez pour la plus bel_494087/input_concat(Votez pour le plus beau chien de la cte d, , Opale )_jouer' is clicked on

2022-07-19 17:02:16 - [MESSAGE][PASSED] - Object: 'Object Repository/Page_Concours photo  votez pour la plus bel_494087/input_concat(Votez pour le plus beau chien de la cte d, , Opale )_jouer' is clicked on

2022-07-19 17:02:16 - [TEST_STEP][PASSED] - delay(1): Delayed 1 second(s)

2022-07-19 17:02:17 - [MESSAGE][PASSED] - Delayed 1 second(s)

2022-07-19 17:02:17 - [TEST_STEP][PASSED] - setText(findTestObject("Object Repository/Page_Concours photo  votez pour la plus bel_494087/input_trie par_keyword"), "Gaspard"): Text 'Gaspard' is set on object 'Object Repository/Page_Concours photo  votez pour la plus bel_494087/input_trie par_keyword'

2022-07-19 17:02:19 - [MESSAGE][PASSED] - Text 'Gaspard' is set on object 'Object Repository/Page_Concours photo  votez pour la plus bel_494087/input_trie par_keyword'

2022-07-19 17:02:19 - [TEST_STEP][PASSED] - sendKeys(findTestObject("Page_Concours photo  votez pour la plus bel_494087/input_trie par_keyword"), Keys.chord(ENTER)): Keys 'ENTER + ' sent to object: 'Object Repository/Page_Concours photo  votez pour la plus bel_494087/input_trie par_keyword'

2022-07-19 17:02:20 - [MESSAGE][PASSED] - Keys 'ENTER + ' sent to object: 'Object Repository/Page_Concours photo  votez pour la plus bel_494087/input_trie par_keyword'

2022-07-19 17:02:20 - [TEST_STEP][PASSED] - click(findTestObject("Page_Concours photo  votez pour la plus bel_494087/tri")): Object: 'Object Repository/Page_Concours photo  votez pour la plus bel_494087/tri' is clicked on

2022-07-19 17:02:21 - [MESSAGE][PASSED] - Object: 'Object Repository/Page_Concours photo  votez pour la plus bel_494087/tri' is clicked on

2022-07-19 17:02:21 - [TEST_STEP][PASSED] - click(findTestObject("Page_Concours photo  votez pour la plus bel_494087/plus de votes")): Object: 'Object Repository/Page_Concours photo  votez pour la plus bel_494087/plus de votes' is clicked on

2022-07-19 17:02:22 - [MESSAGE][PASSED] - Object: 'Object Repository/Page_Concours photo  votez pour la plus bel_494087/plus de votes' is clicked on

2022-07-19 17:02:22 - [TEST_STEP][PASSED] - click(findTestObject("Object Repository/Page_Concours photo  votez pour la plus bel_494087/i_Votes_fa fa-heart")): Object: 'Object Repository/Page_Concours photo  votez pour la plus bel_494087/i_Votes_fa fa-heart' is clicked on

2022-07-19 17:02:23 - [MESSAGE][PASSED] - Object: 'Object Repository/Page_Concours photo  votez pour la plus bel_494087/i_Votes_fa fa-heart' is clicked on

2022-07-19 17:02:23 - [TEST_STEP][PASSED] - delay(1): Delayed 1 second(s)

2022-07-19 17:02:24 - [MESSAGE][PASSED] - Delayed 1 second(s)

2022-07-19 17:02:24 - [TEST_STEP][PASSED] - closeBrowser(): Browser is closed

2022-07-19 17:02:25 - [MESSAGE][PASSED] - Browser is closed]]></system-out>
         <system-err><![CDATA[]]></system-err>
      </testcase>
      <testcase name="Test Cases/Vote" time="27.959" classname="Test Cases/Vote" status="PASSED">
         <system-out><![CDATA[2022-07-19 17:02:25 - [TEST_CASE][PASSED] - Test Cases/Vote: Test Cases/Vote

2022-07-19 17:02:25 - [TEST_STEP][PASSED] - openBrowser(""): Browser is opened with url: ''

2022-07-19 17:02:25 - [MESSAGE][INFO] - Starting 'Chrome' driver

2022-07-19 17:02:25 - [MESSAGE][INFO] - Action delay is set to 0 milliseconds

2022-07-19 17:02:26 - [MESSAGE][PASSED] - Browser is opened with url: ''

2022-07-19 17:02:26 - [TEST_STEP][PASSED] - navigateToUrl("https://lesechosdutouquet.nordlittoral.fr/147787/article/2022-06-30/concours-photo-montrez-nous-la-plus-belle-photo-de-votre-chien-en-promenade-sur#l5lb6r47qsmp9ur58y"): Navigate to 'https://lesechosdutouquet.nordlittoral.fr/147787/article/2022-06-30/concours-photo-montrez-nous-la-plus-belle-photo-de-votre-chien-en-promenade-sur#l5lb6r47qsmp9ur58y' successfully

2022-07-19 17:02:32 - [MESSAGE][PASSED] - Navigate to 'https://lesechosdutouquet.nordlittoral.fr/147787/article/2022-06-30/concours-photo-montrez-nous-la-plus-belle-photo-de-votre-chien-en-promenade-sur#l5lb6r47qsmp9ur58y' successfully

2022-07-19 17:02:32 - [TEST_STEP][PASSED] - setViewPortSize(1920, 1080): Viewport is set to new size with width = 1920 and height = 1080

2022-07-19 17:02:32 - [MESSAGE][PASSED] - Viewport is set to new size with width = 1920 and height = 1080

2022-07-19 17:02:32 - [TEST_STEP][PASSED] - click(findTestObject("Object Repository/Page_Concours photo  votez pour la plus bel_494087/button_Accepter  Fermer")): Object: 'Object Repository/Page_Concours photo  votez pour la plus bel_494087/button_Accepter  Fermer' is clicked on

2022-07-19 17:02:33 - [MESSAGE][PASSED] - Object: 'Object Repository/Page_Concours photo  votez pour la plus bel_494087/button_Accepter  Fermer' is clicked on

2022-07-19 17:02:33 - [TEST_STEP][PASSED] - waitForElementVisible(findTestObject("Object Repository/Page_Concours photo  votez pour la plus bel_494087/a_X"), 15): Object 'Object Repository/Page_Concours photo  votez pour la plus bel_494087/a_X' is visible

2022-07-19 17:02:40 - [MESSAGE][PASSED] - Object 'Object Repository/Page_Concours photo  votez pour la plus bel_494087/a_X' is visible

2022-07-19 17:02:40 - [TEST_STEP][PASSED] - click(findTestObject("Object Repository/Page_Concours photo  votez pour la plus bel_494087/a_X")): Object: 'Object Repository/Page_Concours photo  votez pour la plus bel_494087/a_X' is clicked on

2022-07-19 17:02:40 - [MESSAGE][PASSED] - Object: 'Object Repository/Page_Concours photo  votez pour la plus bel_494087/a_X' is clicked on

2022-07-19 17:02:40 - [TEST_STEP][PASSED] - delay(1): Delayed 1 second(s)

2022-07-19 17:02:41 - [MESSAGE][PASSED] - Delayed 1 second(s)

2022-07-19 17:02:41 - [TEST_STEP][PASSED] - click(findTestObject("Object Repository/Page_Concours photo  votez pour la plus bel_494087/input_concat(Votez pour le plus beau chien de la cte d, , Opale )_jouer")): Object: 'Object Repository/Page_Concours photo  votez pour la plus bel_494087/input_concat(Votez pour le plus beau chien de la cte d, , Opale )_jouer' is clicked on

2022-07-19 17:02:42 - [MESSAGE][PASSED] - Object: 'Object Repository/Page_Concours photo  votez pour la plus bel_494087/input_concat(Votez pour le plus beau chien de la cte d, , Opale )_jouer' is clicked on

2022-07-19 17:02:42 - [TEST_STEP][PASSED] - if (verifyElementPresent(findTestObject("Page_Concours photo  votez pour la plus bel_494087/input_concat(Votez pour le plus beau chien de la cte d, , Opale )_jouer"), 1, OPTIONAL)): null

2022-07-19 17:02:43 - [MESSAGE][PASSED] - Object 'Object Repository/Page_Concours photo  votez pour la plus bel_494087/input_concat(Votez pour le plus beau chien de la cte d, , Opale )_jouer' is present

2022-07-19 17:02:43 - [TEST_STEP][PASSED] - click(findTestObject("Object Repository/Page_Concours photo  votez pour la plus bel_494087/input_concat(Votez pour le plus beau chien de la cte d, , Opale )_jouer")): Object: 'Object Repository/Page_Concours photo  votez pour la plus bel_494087/input_concat(Votez pour le plus beau chien de la cte d, , Opale )_jouer' is clicked on

2022-07-19 17:02:44 - [MESSAGE][PASSED] - Object: 'Object Repository/Page_Concours photo  votez pour la plus bel_494087/input_concat(Votez pour le plus beau chien de la cte d, , Opale )_jouer' is clicked on

2022-07-19 17:02:44 - [TEST_STEP][PASSED] - delay(1): Delayed 1 second(s)

2022-07-19 17:02:45 - [MESSAGE][PASSED] - Delayed 1 second(s)

2022-07-19 17:02:45 - [TEST_STEP][PASSED] - setText(findTestObject("Object Repository/Page_Concours photo  votez pour la plus bel_494087/input_trie par_keyword"), "Gaspard"): Text 'Gaspard' is set on object 'Object Repository/Page_Concours photo  votez pour la plus bel_494087/input_trie par_keyword'

2022-07-19 17:02:46 - [MESSAGE][PASSED] - Text 'Gaspard' is set on object 'Object Repository/Page_Concours photo  votez pour la plus bel_494087/input_trie par_keyword'

2022-07-19 17:02:46 - [TEST_STEP][PASSED] - sendKeys(findTestObject("Page_Concours photo  votez pour la plus bel_494087/input_trie par_keyword"), Keys.chord(ENTER)): Keys 'ENTER + ' sent to object: 'Object Repository/Page_Concours photo  votez pour la plus bel_494087/input_trie par_keyword'

2022-07-19 17:02:48 - [MESSAGE][PASSED] - Keys 'ENTER + ' sent to object: 'Object Repository/Page_Concours photo  votez pour la plus bel_494087/input_trie par_keyword'

2022-07-19 17:02:48 - [TEST_STEP][PASSED] - click(findTestObject("Page_Concours photo  votez pour la plus bel_494087/tri")): Object: 'Object Repository/Page_Concours photo  votez pour la plus bel_494087/tri' is clicked on

2022-07-19 17:02:49 - [MESSAGE][PASSED] - Object: 'Object Repository/Page_Concours photo  votez pour la plus bel_494087/tri' is clicked on

2022-07-19 17:02:49 - [TEST_STEP][PASSED] - click(findTestObject("Page_Concours photo  votez pour la plus bel_494087/plus de votes")): Object: 'Object Repository/Page_Concours photo  votez pour la plus bel_494087/plus de votes' is clicked on

2022-07-19 17:02:49 - [MESSAGE][PASSED] - Object: 'Object Repository/Page_Concours photo  votez pour la plus bel_494087/plus de votes' is clicked on

2022-07-19 17:02:51 - [TEST_STEP][PASSED] - click(findTestObject("Object Repository/Page_Concours photo  votez pour la plus bel_494087/i_Votes_fa fa-heart")): Object: 'Object Repository/Page_Concours photo  votez pour la plus bel_494087/i_Votes_fa fa-heart' is clicked on

2022-07-19 17:02:51 - [MESSAGE][PASSED] - Object: 'Object Repository/Page_Concours photo  votez pour la plus bel_494087/i_Votes_fa fa-heart' is clicked on

2022-07-19 17:02:51 - [TEST_STEP][PASSED] - delay(1): Delayed 1 second(s)

2022-07-19 17:02:52 - [MESSAGE][PASSED] - Delayed 1 second(s)

2022-07-19 17:02:52 - [TEST_STEP][PASSED] - closeBrowser(): Browser is closed

2022-07-19 17:02:53 - [MESSAGE][PASSED] - Browser is closed]]></system-out>
         <system-err><![CDATA[]]></system-err>
      </testcase>
      <testcase name="Test Cases/Vote" time="24.436" classname="Test Cases/Vote" status="PASSED">
         <system-out><![CDATA[2022-07-19 17:02:53 - [TEST_CASE][PASSED] - Test Cases/Vote: Test Cases/Vote

2022-07-19 17:02:53 - [TEST_STEP][PASSED] - openBrowser(""): Browser is opened with url: ''

2022-07-19 17:02:53 - [MESSAGE][INFO] - Starting 'Chrome' driver

2022-07-19 17:02:53 - [MESSAGE][INFO] - Action delay is set to 0 milliseconds

2022-07-19 17:02:54 - [MESSAGE][PASSED] - Browser is opened with url: ''

2022-07-19 17:02:54 - [TEST_STEP][PASSED] - navigateToUrl("https://lesechosdutouquet.nordlittoral.fr/147787/article/2022-06-30/concours-photo-montrez-nous-la-plus-belle-photo-de-votre-chien-en-promenade-sur#l5lb6r47qsmp9ur58y"): Navigate to 'https://lesechosdutouquet.nordlittoral.fr/147787/article/2022-06-30/concours-photo-montrez-nous-la-plus-belle-photo-de-votre-chien-en-promenade-sur#l5lb6r47qsmp9ur58y' successfully

2022-07-19 17:02:57 - [MESSAGE][PASSED] - Navigate to 'https://lesechosdutouquet.nordlittoral.fr/147787/article/2022-06-30/concours-photo-montrez-nous-la-plus-belle-photo-de-votre-chien-en-promenade-sur#l5lb6r47qsmp9ur58y' successfully

2022-07-19 17:02:57 - [TEST_STEP][PASSED] - setViewPortSize(1920, 1080): Viewport is set to new size with width = 1920 and height = 1080

2022-07-19 17:02:57 - [MESSAGE][PASSED] - Viewport is set to new size with width = 1920 and height = 1080

2022-07-19 17:02:57 - [TEST_STEP][PASSED] - click(findTestObject("Object Repository/Page_Concours photo  votez pour la plus bel_494087/button_Accepter  Fermer")): Object: 'Object Repository/Page_Concours photo  votez pour la plus bel_494087/button_Accepter  Fermer' is clicked on

2022-07-19 17:02:58 - [MESSAGE][PASSED] - Object: 'Object Repository/Page_Concours photo  votez pour la plus bel_494087/button_Accepter  Fermer' is clicked on

2022-07-19 17:02:58 - [TEST_STEP][PASSED] - waitForElementVisible(findTestObject("Object Repository/Page_Concours photo  votez pour la plus bel_494087/a_X"), 15): Object 'Object Repository/Page_Concours photo  votez pour la plus bel_494087/a_X' is visible

2022-07-19 17:03:05 - [MESSAGE][PASSED] - Object 'Object Repository/Page_Concours photo  votez pour la plus bel_494087/a_X' is visible

2022-07-19 17:03:05 - [TEST_STEP][PASSED] - click(findTestObject("Object Repository/Page_Concours photo  votez pour la plus bel_494087/a_X")): Object: 'Object Repository/Page_Concours photo  votez pour la plus bel_494087/a_X' is clicked on

2022-07-19 17:03:05 - [MESSAGE][PASSED] - Object: 'Object Repository/Page_Concours photo  votez pour la plus bel_494087/a_X' is clicked on

2022-07-19 17:03:05 - [TEST_STEP][PASSED] - delay(1): Delayed 1 second(s)

2022-07-19 17:03:06 - [MESSAGE][PASSED] - Delayed 1 second(s)

2022-07-19 17:03:06 - [TEST_STEP][PASSED] - click(findTestObject("Object Repository/Page_Concours photo  votez pour la plus bel_494087/input_concat(Votez pour le plus beau chien de la cte d, , Opale )_jouer")): Object: 'Object Repository/Page_Concours photo  votez pour la plus bel_494087/input_concat(Votez pour le plus beau chien de la cte d, , Opale )_jouer' is clicked on

2022-07-19 17:03:07 - [MESSAGE][PASSED] - Object: 'Object Repository/Page_Concours photo  votez pour la plus bel_494087/input_concat(Votez pour le plus beau chien de la cte d, , Opale )_jouer' is clicked on

2022-07-19 17:03:07 - [TEST_STEP][PASSED] - if (verifyElementPresent(findTestObject("Page_Concours photo  votez pour la plus bel_494087/input_concat(Votez pour le plus beau chien de la cte d, , Opale )_jouer"), 1, OPTIONAL)): null

2022-07-19 17:03:08 - [MESSAGE][PASSED] - Object 'Object Repository/Page_Concours photo  votez pour la plus bel_494087/input_concat(Votez pour le plus beau chien de la cte d, , Opale )_jouer' is present

2022-07-19 17:03:08 - [TEST_STEP][PASSED] - click(findTestObject("Object Repository/Page_Concours photo  votez pour la plus bel_494087/input_concat(Votez pour le plus beau chien de la cte d, , Opale )_jouer")): Object: 'Object Repository/Page_Concours photo  votez pour la plus bel_494087/input_concat(Votez pour le plus beau chien de la cte d, , Opale )_jouer' is clicked on

2022-07-19 17:03:09 - [MESSAGE][PASSED] - Object: 'Object Repository/Page_Concours photo  votez pour la plus bel_494087/input_concat(Votez pour le plus beau chien de la cte d, , Opale )_jouer' is clicked on

2022-07-19 17:03:09 - [TEST_STEP][PASSED] - delay(1): Delayed 1 second(s)

2022-07-19 17:03:10 - [MESSAGE][PASSED] - Delayed 1 second(s)

2022-07-19 17:03:10 - [TEST_STEP][PASSED] - setText(findTestObject("Object Repository/Page_Concours photo  votez pour la plus bel_494087/input_trie par_keyword"), "Gaspard"): Text 'Gaspard' is set on object 'Object Repository/Page_Concours photo  votez pour la plus bel_494087/input_trie par_keyword'

2022-07-19 17:03:11 - [MESSAGE][PASSED] - Text 'Gaspard' is set on object 'Object Repository/Page_Concours photo  votez pour la plus bel_494087/input_trie par_keyword'

2022-07-19 17:03:11 - [TEST_STEP][PASSED] - sendKeys(findTestObject("Page_Concours photo  votez pour la plus bel_494087/input_trie par_keyword"), Keys.chord(ENTER)): Keys 'ENTER + ' sent to object: 'Object Repository/Page_Concours photo  votez pour la plus bel_494087/input_trie par_keyword'

2022-07-19 17:03:13 - [MESSAGE][PASSED] - Keys 'ENTER + ' sent to object: 'Object Repository/Page_Concours photo  votez pour la plus bel_494087/input_trie par_keyword'

2022-07-19 17:03:13 - [TEST_STEP][PASSED] - click(findTestObject("Page_Concours photo  votez pour la plus bel_494087/tri")): Object: 'Object Repository/Page_Concours photo  votez pour la plus bel_494087/tri' is clicked on

2022-07-19 17:03:13 - [MESSAGE][PASSED] - Object: 'Object Repository/Page_Concours photo  votez pour la plus bel_494087/tri' is clicked on

2022-07-19 17:03:13 - [TEST_STEP][PASSED] - click(findTestObject("Page_Concours photo  votez pour la plus bel_494087/plus de votes")): Object: 'Object Repository/Page_Concours photo  votez pour la plus bel_494087/plus de votes' is clicked on

2022-07-19 17:03:14 - [MESSAGE][PASSED] - Object: 'Object Repository/Page_Concours photo  votez pour la plus bel_494087/plus de votes' is clicked on

2022-07-19 17:03:15 - [TEST_STEP][PASSED] - click(findTestObject("Object Repository/Page_Concours photo  votez pour la plus bel_494087/i_Votes_fa fa-heart")): Object: 'Object Repository/Page_Concours photo  votez pour la plus bel_494087/i_Votes_fa fa-heart' is clicked on

2022-07-19 17:03:16 - [MESSAGE][PASSED] - Object: 'Object Repository/Page_Concours photo  votez pour la plus bel_494087/i_Votes_fa fa-heart' is clicked on

2022-07-19 17:03:16 - [TEST_STEP][PASSED] - delay(1): Delayed 1 second(s)

2022-07-19 17:03:17 - [MESSAGE][PASSED] - Delayed 1 second(s)

2022-07-19 17:03:17 - [TEST_STEP][PASSED] - closeBrowser(): Browser is closed

2022-07-19 17:03:17 - [MESSAGE][PASSED] - Browser is closed]]></system-out>
         <system-err><![CDATA[]]></system-err>
      </testcase>
      <testcase name="Test Cases/Vote" time="25.644" classname="Test Cases/Vote" status="PASSED">
         <system-out><![CDATA[2022-07-19 17:03:17 - [TEST_CASE][PASSED] - Test Cases/Vote: Test Cases/Vote

2022-07-19 17:03:17 - [TEST_STEP][PASSED] - openBrowser(""): Browser is opened with url: ''

2022-07-19 17:03:17 - [MESSAGE][INFO] - Starting 'Chrome' driver

2022-07-19 17:03:17 - [MESSAGE][INFO] - Action delay is set to 0 milliseconds

2022-07-19 17:03:18 - [MESSAGE][PASSED] - Browser is opened with url: ''

2022-07-19 17:03:18 - [TEST_STEP][PASSED] - navigateToUrl("https://lesechosdutouquet.nordlittoral.fr/147787/article/2022-06-30/concours-photo-montrez-nous-la-plus-belle-photo-de-votre-chien-en-promenade-sur#l5lb6r47qsmp9ur58y"): Navigate to 'https://lesechosdutouquet.nordlittoral.fr/147787/article/2022-06-30/concours-photo-montrez-nous-la-plus-belle-photo-de-votre-chien-en-promenade-sur#l5lb6r47qsmp9ur58y' successfully

2022-07-19 17:03:22 - [MESSAGE][PASSED] - Navigate to 'https://lesechosdutouquet.nordlittoral.fr/147787/article/2022-06-30/concours-photo-montrez-nous-la-plus-belle-photo-de-votre-chien-en-promenade-sur#l5lb6r47qsmp9ur58y' successfully

2022-07-19 17:03:22 - [TEST_STEP][PASSED] - setViewPortSize(1920, 1080): Viewport is set to new size with width = 1920 and height = 1080

2022-07-19 17:03:22 - [MESSAGE][PASSED] - Viewport is set to new size with width = 1920 and height = 1080

2022-07-19 17:03:22 - [TEST_STEP][PASSED] - click(findTestObject("Object Repository/Page_Concours photo  votez pour la plus bel_494087/button_Accepter  Fermer")): Object: 'Object Repository/Page_Concours photo  votez pour la plus bel_494087/button_Accepter  Fermer' is clicked on

2022-07-19 17:03:23 - [MESSAGE][PASSED] - Object: 'Object Repository/Page_Concours photo  votez pour la plus bel_494087/button_Accepter  Fermer' is clicked on

2022-07-19 17:03:23 - [TEST_STEP][PASSED] - waitForElementVisible(findTestObject("Object Repository/Page_Concours photo  votez pour la plus bel_494087/a_X"), 15): Object 'Object Repository/Page_Concours photo  votez pour la plus bel_494087/a_X' is visible

2022-07-19 17:03:30 - [MESSAGE][PASSED] - Object 'Object Repository/Page_Concours photo  votez pour la plus bel_494087/a_X' is visible

2022-07-19 17:03:30 - [TEST_STEP][PASSED] - click(findTestObject("Object Repository/Page_Concours photo  votez pour la plus bel_494087/a_X")): Object: 'Object Repository/Page_Concours photo  votez pour la plus bel_494087/a_X' is clicked on

2022-07-19 17:03:30 - [MESSAGE][PASSED] - Object: 'Object Repository/Page_Concours photo  votez pour la plus bel_494087/a_X' is clicked on

2022-07-19 17:03:30 - [TEST_STEP][PASSED] - delay(1): Delayed 1 second(s)

2022-07-19 17:03:31 - [MESSAGE][PASSED] - Delayed 1 second(s)

2022-07-19 17:03:31 - [TEST_STEP][PASSED] - click(findTestObject("Object Repository/Page_Concours photo  votez pour la plus bel_494087/input_concat(Votez pour le plus beau chien de la cte d, , Opale )_jouer")): Object: 'Object Repository/Page_Concours photo  votez pour la plus bel_494087/input_concat(Votez pour le plus beau chien de la cte d, , Opale )_jouer' is clicked on

2022-07-19 17:03:32 - [MESSAGE][PASSED] - Object: 'Object Repository/Page_Concours photo  votez pour la plus bel_494087/input_concat(Votez pour le plus beau chien de la cte d, , Opale )_jouer' is clicked on

2022-07-19 17:03:32 - [TEST_STEP][PASSED] - if (verifyElementPresent(findTestObject("Page_Concours photo  votez pour la plus bel_494087/input_concat(Votez pour le plus beau chien de la cte d, , Opale )_jouer"), 1, OPTIONAL)): null

2022-07-19 17:03:33 - [MESSAGE][PASSED] - Object 'Object Repository/Page_Concours photo  votez pour la plus bel_494087/input_concat(Votez pour le plus beau chien de la cte d, , Opale )_jouer' is present

2022-07-19 17:03:33 - [TEST_STEP][PASSED] - click(findTestObject("Object Repository/Page_Concours photo  votez pour la plus bel_494087/input_concat(Votez pour le plus beau chien de la cte d, , Opale )_jouer")): Object: 'Object Repository/Page_Concours photo  votez pour la plus bel_494087/input_concat(Votez pour le plus beau chien de la cte d, , Opale )_jouer' is clicked on

2022-07-19 17:03:34 - [MESSAGE][PASSED] - Object: 'Object Repository/Page_Concours photo  votez pour la plus bel_494087/input_concat(Votez pour le plus beau chien de la cte d, , Opale )_jouer' is clicked on

2022-07-19 17:03:34 - [TEST_STEP][PASSED] - delay(1): Delayed 1 second(s)

2022-07-19 17:03:35 - [MESSAGE][PASSED] - Delayed 1 second(s)

2022-07-19 17:03:35 - [TEST_STEP][PASSED] - setText(findTestObject("Object Repository/Page_Concours photo  votez pour la plus bel_494087/input_trie par_keyword"), "Gaspard"): Text 'Gaspard' is set on object 'Object Repository/Page_Concours photo  votez pour la plus bel_494087/input_trie par_keyword'

2022-07-19 17:03:37 - [MESSAGE][PASSED] - Text 'Gaspard' is set on object 'Object Repository/Page_Concours photo  votez pour la plus bel_494087/input_trie par_keyword'

2022-07-19 17:03:37 - [TEST_STEP][PASSED] - sendKeys(findTestObject("Page_Concours photo  votez pour la plus bel_494087/input_trie par_keyword"), Keys.chord(ENTER)): Keys 'ENTER + ' sent to object: 'Object Repository/Page_Concours photo  votez pour la plus bel_494087/input_trie par_keyword'

2022-07-19 17:03:39 - [MESSAGE][PASSED] - Keys 'ENTER + ' sent to object: 'Object Repository/Page_Concours photo  votez pour la plus bel_494087/input_trie par_keyword'

2022-07-19 17:03:39 - [TEST_STEP][PASSED] - click(findTestObject("Page_Concours photo  votez pour la plus bel_494087/tri")): Object: 'Object Repository/Page_Concours photo  votez pour la plus bel_494087/tri' is clicked on

2022-07-19 17:03:39 - [MESSAGE][PASSED] - Object: 'Object Repository/Page_Concours photo  votez pour la plus bel_494087/tri' is clicked on

2022-07-19 17:03:39 - [TEST_STEP][PASSED] - click(findTestObject("Page_Concours photo  votez pour la plus bel_494087/plus de votes")): Object: 'Object Repository/Page_Concours photo  votez pour la plus bel_494087/plus de votes' is clicked on

2022-07-19 17:03:40 - [MESSAGE][PASSED] - Object: 'Object Repository/Page_Concours photo  votez pour la plus bel_494087/plus de votes' is clicked on

2022-07-19 17:03:41 - [TEST_STEP][PASSED] - click(findTestObject("Object Repository/Page_Concours photo  votez pour la plus bel_494087/i_Votes_fa fa-heart")): Object: 'Object Repository/Page_Concours photo  votez pour la plus bel_494087/i_Votes_fa fa-heart' is clicked on

2022-07-19 17:03:41 - [MESSAGE][PASSED] - Object: 'Object Repository/Page_Concours photo  votez pour la plus bel_494087/i_Votes_fa fa-heart' is clicked on

2022-07-19 17:03:41 - [TEST_STEP][PASSED] - delay(1): Delayed 1 second(s)

2022-07-19 17:03:42 - [MESSAGE][PASSED] - Delayed 1 second(s)

2022-07-19 17:03:42 - [TEST_STEP][PASSED] - closeBrowser(): Browser is closed

2022-07-19 17:03:43 - [MESSAGE][PASSED] - Browser is closed]]></system-out>
         <system-err><![CDATA[]]></system-err>
      </testcase>
      <testcase name="Test Cases/Vote" time="24.615" classname="Test Cases/Vote" status="PASSED">
         <system-out><![CDATA[2022-07-19 17:03:43 - [TEST_CASE][PASSED] - Test Cases/Vote: Test Cases/Vote

2022-07-19 17:03:43 - [TEST_STEP][PASSED] - openBrowser(""): Browser is opened with url: ''

2022-07-19 17:03:43 - [MESSAGE][INFO] - Starting 'Chrome' driver

2022-07-19 17:03:43 - [MESSAGE][INFO] - Action delay is set to 0 milliseconds

2022-07-19 17:03:44 - [MESSAGE][PASSED] - Browser is opened with url: ''

2022-07-19 17:03:44 - [TEST_STEP][PASSED] - navigateToUrl("https://lesechosdutouquet.nordlittoral.fr/147787/article/2022-06-30/concours-photo-montrez-nous-la-plus-belle-photo-de-votre-chien-en-promenade-sur#l5lb6r47qsmp9ur58y"): Navigate to 'https://lesechosdutouquet.nordlittoral.fr/147787/article/2022-06-30/concours-photo-montrez-nous-la-plus-belle-photo-de-votre-chien-en-promenade-sur#l5lb6r47qsmp9ur58y' successfully

2022-07-19 17:03:46 - [MESSAGE][PASSED] - Navigate to 'https://lesechosdutouquet.nordlittoral.fr/147787/article/2022-06-30/concours-photo-montrez-nous-la-plus-belle-photo-de-votre-chien-en-promenade-sur#l5lb6r47qsmp9ur58y' successfully

2022-07-19 17:03:46 - [TEST_STEP][PASSED] - setViewPortSize(1920, 1080): Viewport is set to new size with width = 1920 and height = 1080

2022-07-19 17:03:46 - [MESSAGE][PASSED] - Viewport is set to new size with width = 1920 and height = 1080

2022-07-19 17:03:46 - [TEST_STEP][PASSED] - click(findTestObject("Object Repository/Page_Concours photo  votez pour la plus bel_494087/button_Accepter  Fermer")): Object: 'Object Repository/Page_Concours photo  votez pour la plus bel_494087/button_Accepter  Fermer' is clicked on

2022-07-19 17:03:48 - [MESSAGE][PASSED] - Object: 'Object Repository/Page_Concours photo  votez pour la plus bel_494087/button_Accepter  Fermer' is clicked on

2022-07-19 17:03:48 - [TEST_STEP][PASSED] - waitForElementVisible(findTestObject("Object Repository/Page_Concours photo  votez pour la plus bel_494087/a_X"), 15): Object 'Object Repository/Page_Concours photo  votez pour la plus bel_494087/a_X' is visible

2022-07-19 17:03:54 - [MESSAGE][PASSED] - Object 'Object Repository/Page_Concours photo  votez pour la plus bel_494087/a_X' is visible

2022-07-19 17:03:54 - [TEST_STEP][PASSED] - click(findTestObject("Object Repository/Page_Concours photo  votez pour la plus bel_494087/a_X")): Object: 'Object Repository/Page_Concours photo  votez pour la plus bel_494087/a_X' is clicked on

2022-07-19 17:03:55 - [MESSAGE][PASSED] - Object: 'Object Repository/Page_Concours photo  votez pour la plus bel_494087/a_X' is clicked on

2022-07-19 17:03:55 - [TEST_STEP][PASSED] - delay(1): Delayed 1 second(s)

2022-07-19 17:03:56 - [MESSAGE][PASSED] - Delayed 1 second(s)

2022-07-19 17:03:56 - [TEST_STEP][PASSED] - click(findTestObject("Object Repository/Page_Concours photo  votez pour la plus bel_494087/input_concat(Votez pour le plus beau chien de la cte d, , Opale )_jouer")): Object: 'Object Repository/Page_Concours photo  votez pour la plus bel_494087/input_concat(Votez pour le plus beau chien de la cte d, , Opale )_jouer' is clicked on

2022-07-19 17:03:57 - [MESSAGE][PASSED] - Object: 'Object Repository/Page_Concours photo  votez pour la plus bel_494087/input_concat(Votez pour le plus beau chien de la cte d, , Opale )_jouer' is clicked on

2022-07-19 17:03:57 - [TEST_STEP][PASSED] - if (verifyElementPresent(findTestObject("Page_Concours photo  votez pour la plus bel_494087/input_concat(Votez pour le plus beau chien de la cte d, , Opale )_jouer"), 1, OPTIONAL)): null

2022-07-19 17:03:58 - [MESSAGE][PASSED] - Object 'Object Repository/Page_Concours photo  votez pour la plus bel_494087/input_concat(Votez pour le plus beau chien de la cte d, , Opale )_jouer' is present

2022-07-19 17:03:58 - [TEST_STEP][PASSED] - click(findTestObject("Object Repository/Page_Concours photo  votez pour la plus bel_494087/input_concat(Votez pour le plus beau chien de la cte d, , Opale )_jouer")): Object: 'Object Repository/Page_Concours photo  votez pour la plus bel_494087/input_concat(Votez pour le plus beau chien de la cte d, , Opale )_jouer' is clicked on

2022-07-19 17:03:59 - [MESSAGE][PASSED] - Object: 'Object Repository/Page_Concours photo  votez pour la plus bel_494087/input_concat(Votez pour le plus beau chien de la cte d, , Opale )_jouer' is clicked on

2022-07-19 17:03:59 - [TEST_STEP][PASSED] - delay(1): Delayed 1 second(s)

2022-07-19 17:04:00 - [MESSAGE][PASSED] - Delayed 1 second(s)

2022-07-19 17:04:00 - [TEST_STEP][PASSED] - setText(findTestObject("Object Repository/Page_Concours photo  votez pour la plus bel_494087/input_trie par_keyword"), "Gaspard"): Text 'Gaspard' is set on object 'Object Repository/Page_Concours photo  votez pour la plus bel_494087/input_trie par_keyword'

2022-07-19 17:04:01 - [MESSAGE][PASSED] - Text 'Gaspard' is set on object 'Object Repository/Page_Concours photo  votez pour la plus bel_494087/input_trie par_keyword'

2022-07-19 17:04:01 - [TEST_STEP][PASSED] - sendKeys(findTestObject("Page_Concours photo  votez pour la plus bel_494087/input_trie par_keyword"), Keys.chord(ENTER)): Keys 'ENTER + ' sent to object: 'Object Repository/Page_Concours photo  votez pour la plus bel_494087/input_trie par_keyword'

2022-07-19 17:04:03 - [MESSAGE][PASSED] - Keys 'ENTER + ' sent to object: 'Object Repository/Page_Concours photo  votez pour la plus bel_494087/input_trie par_keyword'

2022-07-19 17:04:03 - [TEST_STEP][PASSED] - click(findTestObject("Page_Concours photo  votez pour la plus bel_494087/tri")): Object: 'Object Repository/Page_Concours photo  votez pour la plus bel_494087/tri' is clicked on

2022-07-19 17:04:03 - [MESSAGE][PASSED] - Object: 'Object Repository/Page_Concours photo  votez pour la plus bel_494087/tri' is clicked on

2022-07-19 17:04:03 - [TEST_STEP][PASSED] - click(findTestObject("Page_Concours photo  votez pour la plus bel_494087/plus de votes")): Object: 'Object Repository/Page_Concours photo  votez pour la plus bel_494087/plus de votes' is clicked on

2022-07-19 17:04:05 - [MESSAGE][PASSED] - Object: 'Object Repository/Page_Concours photo  votez pour la plus bel_494087/plus de votes' is clicked on

2022-07-19 17:04:05 - [TEST_STEP][PASSED] - click(findTestObject("Object Repository/Page_Concours photo  votez pour la plus bel_494087/i_Votes_fa fa-heart")): Object: 'Object Repository/Page_Concours photo  votez pour la plus bel_494087/i_Votes_fa fa-heart' is clicked on

2022-07-19 17:04:06 - [MESSAGE][PASSED] - Object: 'Object Repository/Page_Concours photo  votez pour la plus bel_494087/i_Votes_fa fa-heart' is clicked on

2022-07-19 17:04:06 - [TEST_STEP][PASSED] - delay(1): Delayed 1 second(s)

2022-07-19 17:04:07 - [MESSAGE][PASSED] - Delayed 1 second(s)

2022-07-19 17:04:07 - [TEST_STEP][PASSED] - closeBrowser(): Browser is closed

2022-07-19 17:04:07 - [MESSAGE][PASSED] - Browser is closed]]></system-out>
         <system-err><![CDATA[]]></system-err>
      </testcase>
      <testcase name="Test Cases/Vote" time="25.111" classname="Test Cases/Vote" status="PASSED">
         <system-out><![CDATA[2022-07-19 17:04:07 - [TEST_CASE][PASSED] - Test Cases/Vote: Test Cases/Vote

2022-07-19 17:04:07 - [TEST_STEP][PASSED] - openBrowser(""): Browser is opened with url: ''

2022-07-19 17:04:07 - [MESSAGE][INFO] - Starting 'Chrome' driver

2022-07-19 17:04:07 - [MESSAGE][INFO] - Action delay is set to 0 milliseconds

2022-07-19 17:04:08 - [MESSAGE][PASSED] - Browser is opened with url: ''

2022-07-19 17:04:08 - [TEST_STEP][PASSED] - navigateToUrl("https://lesechosdutouquet.nordlittoral.fr/147787/article/2022-06-30/concours-photo-montrez-nous-la-plus-belle-photo-de-votre-chien-en-promenade-sur#l5lb6r47qsmp9ur58y"): Navigate to 'https://lesechosdutouquet.nordlittoral.fr/147787/article/2022-06-30/concours-photo-montrez-nous-la-plus-belle-photo-de-votre-chien-en-promenade-sur#l5lb6r47qsmp9ur58y' successfully

2022-07-19 17:04:12 - [MESSAGE][PASSED] - Navigate to 'https://lesechosdutouquet.nordlittoral.fr/147787/article/2022-06-30/concours-photo-montrez-nous-la-plus-belle-photo-de-votre-chien-en-promenade-sur#l5lb6r47qsmp9ur58y' successfully

2022-07-19 17:04:12 - [TEST_STEP][PASSED] - setViewPortSize(1920, 1080): Viewport is set to new size with width = 1920 and height = 1080

2022-07-19 17:04:12 - [MESSAGE][PASSED] - Viewport is set to new size with width = 1920 and height = 1080

2022-07-19 17:04:12 - [TEST_STEP][PASSED] - click(findTestObject("Object Repository/Page_Concours photo  votez pour la plus bel_494087/button_Accepter  Fermer")): Object: 'Object Repository/Page_Concours photo  votez pour la plus bel_494087/button_Accepter  Fermer' is clicked on

2022-07-19 17:04:13 - [MESSAGE][PASSED] - Object: 'Object Repository/Page_Concours photo  votez pour la plus bel_494087/button_Accepter  Fermer' is clicked on

2022-07-19 17:04:13 - [TEST_STEP][PASSED] - waitForElementVisible(findTestObject("Object Repository/Page_Concours photo  votez pour la plus bel_494087/a_X"), 15): Object 'Object Repository/Page_Concours photo  votez pour la plus bel_494087/a_X' is visible

2022-07-19 17:04:20 - [MESSAGE][PASSED] - Object 'Object Repository/Page_Concours photo  votez pour la plus bel_494087/a_X' is visible

2022-07-19 17:04:20 - [TEST_STEP][PASSED] - click(findTestObject("Object Repository/Page_Concours photo  votez pour la plus bel_494087/a_X")): Object: 'Object Repository/Page_Concours photo  votez pour la plus bel_494087/a_X' is clicked on

2022-07-19 17:04:20 - [MESSAGE][PASSED] - Object: 'Object Repository/Page_Concours photo  votez pour la plus bel_494087/a_X' is clicked on

2022-07-19 17:04:20 - [TEST_STEP][PASSED] - delay(1): Delayed 1 second(s)

2022-07-19 17:04:21 - [MESSAGE][PASSED] - Delayed 1 second(s)

2022-07-19 17:04:21 - [TEST_STEP][PASSED] - click(findTestObject("Object Repository/Page_Concours photo  votez pour la plus bel_494087/input_concat(Votez pour le plus beau chien de la cte d, , Opale )_jouer")): Object: 'Object Repository/Page_Concours photo  votez pour la plus bel_494087/input_concat(Votez pour le plus beau chien de la cte d, , Opale )_jouer' is clicked on

2022-07-19 17:04:22 - [MESSAGE][PASSED] - Object: 'Object Repository/Page_Concours photo  votez pour la plus bel_494087/input_concat(Votez pour le plus beau chien de la cte d, , Opale )_jouer' is clicked on

2022-07-19 17:04:22 - [TEST_STEP][PASSED] - if (verifyElementPresent(findTestObject("Page_Concours photo  votez pour la plus bel_494087/input_concat(Votez pour le plus beau chien de la cte d, , Opale )_jouer"), 1, OPTIONAL)): null

2022-07-19 17:04:23 - [MESSAGE][PASSED] - Object 'Object Repository/Page_Concours photo  votez pour la plus bel_494087/input_concat(Votez pour le plus beau chien de la cte d, , Opale )_jouer' is present

2022-07-19 17:04:23 - [TEST_STEP][PASSED] - click(findTestObject("Object Repository/Page_Concours photo  votez pour la plus bel_494087/input_concat(Votez pour le plus beau chien de la cte d, , Opale )_jouer")): Object: 'Object Repository/Page_Concours photo  votez pour la plus bel_494087/input_concat(Votez pour le plus beau chien de la cte d, , Opale )_jouer' is clicked on

2022-07-19 17:04:24 - [MESSAGE][PASSED] - Object: 'Object Repository/Page_Concours photo  votez pour la plus bel_494087/input_concat(Votez pour le plus beau chien de la cte d, , Opale )_jouer' is clicked on

2022-07-19 17:04:24 - [TEST_STEP][PASSED] - delay(1): Delayed 1 second(s)

2022-07-19 17:04:25 - [MESSAGE][PASSED] - Delayed 1 second(s)

2022-07-19 17:04:25 - [TEST_STEP][PASSED] - setText(findTestObject("Object Repository/Page_Concours photo  votez pour la plus bel_494087/input_trie par_keyword"), "Gaspard"): Text 'Gaspard' is set on object 'Object Repository/Page_Concours photo  votez pour la plus bel_494087/input_trie par_keyword'

2022-07-19 17:04:27 - [MESSAGE][PASSED] - Text 'Gaspard' is set on object 'Object Repository/Page_Concours photo  votez pour la plus bel_494087/input_trie par_keyword'

2022-07-19 17:04:27 - [TEST_STEP][PASSED] - sendKeys(findTestObject("Page_Concours photo  votez pour la plus bel_494087/input_trie par_keyword"), Keys.chord(ENTER)): Keys 'ENTER + ' sent to object: 'Object Repository/Page_Concours photo  votez pour la plus bel_494087/input_trie par_keyword'

2022-07-19 17:04:28 - [MESSAGE][PASSED] - Keys 'ENTER + ' sent to object: 'Object Repository/Page_Concours photo  votez pour la plus bel_494087/input_trie par_keyword'

2022-07-19 17:04:28 - [TEST_STEP][PASSED] - click(findTestObject("Page_Concours photo  votez pour la plus bel_494087/tri")): Object: 'Object Repository/Page_Concours photo  votez pour la plus bel_494087/tri' is clicked on

2022-07-19 17:04:29 - [MESSAGE][PASSED] - Object: 'Object Repository/Page_Concours photo  votez pour la plus bel_494087/tri' is clicked on

2022-07-19 17:04:29 - [TEST_STEP][PASSED] - click(findTestObject("Page_Concours photo  votez pour la plus bel_494087/plus de votes")): Object: 'Object Repository/Page_Concours photo  votez pour la plus bel_494087/plus de votes' is clicked on

2022-07-19 17:04:29 - [MESSAGE][PASSED] - Object: 'Object Repository/Page_Concours photo  votez pour la plus bel_494087/plus de votes' is clicked on

2022-07-19 17:04:31 - [TEST_STEP][PASSED] - click(findTestObject("Object Repository/Page_Concours photo  votez pour la plus bel_494087/i_Votes_fa fa-heart")): Object: 'Object Repository/Page_Concours photo  votez pour la plus bel_494087/i_Votes_fa fa-heart' is clicked on

2022-07-19 17:04:31 - [MESSAGE][PASSED] - Object: 'Object Repository/Page_Concours photo  votez pour la plus bel_494087/i_Votes_fa fa-heart' is clicked on

2022-07-19 17:04:31 - [TEST_STEP][PASSED] - delay(1): Delayed 1 second(s)

2022-07-19 17:04:32 - [MESSAGE][PASSED] - Delayed 1 second(s)

2022-07-19 17:04:32 - [TEST_STEP][PASSED] - closeBrowser(): Browser is closed

2022-07-19 17:04:32 - [MESSAGE][PASSED] - Browser is closed]]></system-out>
         <system-err><![CDATA[]]></system-err>
      </testcase>
      <testcase name="Test Cases/Vote" time="27.736" classname="Test Cases/Vote" status="PASSED">
         <system-out><![CDATA[2022-07-19 17:04:32 - [TEST_CASE][PASSED] - Test Cases/Vote: Test Cases/Vote

2022-07-19 17:04:32 - [TEST_STEP][PASSED] - openBrowser(""): Browser is opened with url: ''

2022-07-19 17:04:32 - [MESSAGE][INFO] - Starting 'Chrome' driver

2022-07-19 17:04:32 - [MESSAGE][INFO] - Action delay is set to 0 milliseconds

2022-07-19 17:04:33 - [MESSAGE][PASSED] - Browser is opened with url: ''

2022-07-19 17:04:33 - [TEST_STEP][PASSED] - navigateToUrl("https://lesechosdutouquet.nordlittoral.fr/147787/article/2022-06-30/concours-photo-montrez-nous-la-plus-belle-photo-de-votre-chien-en-promenade-sur#l5lb6r47qsmp9ur58y"): Navigate to 'https://lesechosdutouquet.nordlittoral.fr/147787/article/2022-06-30/concours-photo-montrez-nous-la-plus-belle-photo-de-votre-chien-en-promenade-sur#l5lb6r47qsmp9ur58y' successfully

2022-07-19 17:04:37 - [MESSAGE][PASSED] - Navigate to 'https://lesechosdutouquet.nordlittoral.fr/147787/article/2022-06-30/concours-photo-montrez-nous-la-plus-belle-photo-de-votre-chien-en-promenade-sur#l5lb6r47qsmp9ur58y' successfully

2022-07-19 17:04:37 - [TEST_STEP][PASSED] - setViewPortSize(1920, 1080): Viewport is set to new size with width = 1920 and height = 1080

2022-07-19 17:04:37 - [MESSAGE][PASSED] - Viewport is set to new size with width = 1920 and height = 1080

2022-07-19 17:04:37 - [TEST_STEP][PASSED] - click(findTestObject("Object Repository/Page_Concours photo  votez pour la plus bel_494087/button_Accepter  Fermer")): Object: 'Object Repository/Page_Concours photo  votez pour la plus bel_494087/button_Accepter  Fermer' is clicked on

2022-07-19 17:04:38 - [MESSAGE][PASSED] - Object: 'Object Repository/Page_Concours photo  votez pour la plus bel_494087/button_Accepter  Fermer' is clicked on

2022-07-19 17:04:38 - [TEST_STEP][PASSED] - waitForElementVisible(findTestObject("Object Repository/Page_Concours photo  votez pour la plus bel_494087/a_X"), 15): Object 'Object Repository/Page_Concours photo  votez pour la plus bel_494087/a_X' is visible

2022-07-19 17:04:45 - [MESSAGE][PASSED] - Object 'Object Repository/Page_Concours photo  votez pour la plus bel_494087/a_X' is visible

2022-07-19 17:04:45 - [TEST_STEP][PASSED] - click(findTestObject("Object Repository/Page_Concours photo  votez pour la plus bel_494087/a_X")): Object: 'Object Repository/Page_Concours photo  votez pour la plus bel_494087/a_X' is clicked on

2022-07-19 17:04:45 - [MESSAGE][PASSED] - Object: 'Object Repository/Page_Concours photo  votez pour la plus bel_494087/a_X' is clicked on

2022-07-19 17:04:45 - [TEST_STEP][PASSED] - delay(1): Delayed 1 second(s)

2022-07-19 17:04:46 - [MESSAGE][PASSED] - Delayed 1 second(s)

2022-07-19 17:04:46 - [TEST_STEP][PASSED] - click(findTestObject("Object Repository/Page_Concours photo  votez pour la plus bel_494087/input_concat(Votez pour le plus beau chien de la cte d, , Opale )_jouer")): Object: 'Object Repository/Page_Concours photo  votez pour la plus bel_494087/input_concat(Votez pour le plus beau chien de la cte d, , Opale )_jouer' is clicked on

2022-07-19 17:04:47 - [MESSAGE][PASSED] - Object: 'Object Repository/Page_Concours photo  votez pour la plus bel_494087/input_concat(Votez pour le plus beau chien de la cte d, , Opale )_jouer' is clicked on

2022-07-19 17:04:47 - [TEST_STEP][PASSED] - if (verifyElementPresent(findTestObject("Page_Concours photo  votez pour la plus bel_494087/input_concat(Votez pour le plus beau chien de la cte d, , Opale )_jouer"), 1, OPTIONAL)): null

2022-07-19 17:04:48 - [MESSAGE][PASSED] - Object 'Object Repository/Page_Concours photo  votez pour la plus bel_494087/input_concat(Votez pour le plus beau chien de la cte d, , Opale )_jouer' is present

2022-07-19 17:04:48 - [TEST_STEP][PASSED] - click(findTestObject("Object Repository/Page_Concours photo  votez pour la plus bel_494087/input_concat(Votez pour le plus beau chien de la cte d, , Opale )_jouer")): Object: 'Object Repository/Page_Concours photo  votez pour la plus bel_494087/input_concat(Votez pour le plus beau chien de la cte d, , Opale )_jouer' is clicked on

2022-07-19 17:04:49 - [MESSAGE][PASSED] - Object: 'Object Repository/Page_Concours photo  votez pour la plus bel_494087/input_concat(Votez pour le plus beau chien de la cte d, , Opale )_jouer' is clicked on

2022-07-19 17:04:49 - [TEST_STEP][PASSED] - delay(1): Delayed 1 second(s)

2022-07-19 17:04:50 - [MESSAGE][PASSED] - Delayed 1 second(s)

2022-07-19 17:04:50 - [TEST_STEP][PASSED] - setText(findTestObject("Object Repository/Page_Concours photo  votez pour la plus bel_494087/input_trie par_keyword"), "Gaspard"): Text 'Gaspard' is set on object 'Object Repository/Page_Concours photo  votez pour la plus bel_494087/input_trie par_keyword'

2022-07-19 17:04:55 - [MESSAGE][PASSED] - Text 'Gaspard' is set on object 'Object Repository/Page_Concours photo  votez pour la plus bel_494087/input_trie par_keyword'

2022-07-19 17:04:55 - [TEST_STEP][PASSED] - sendKeys(findTestObject("Page_Concours photo  votez pour la plus bel_494087/input_trie par_keyword"), Keys.chord(ENTER)): Keys 'ENTER + ' sent to object: 'Object Repository/Page_Concours photo  votez pour la plus bel_494087/input_trie par_keyword'

2022-07-19 17:04:56 - [MESSAGE][PASSED] - Keys 'ENTER + ' sent to object: 'Object Repository/Page_Concours photo  votez pour la plus bel_494087/input_trie par_keyword'

2022-07-19 17:04:56 - [TEST_STEP][PASSED] - click(findTestObject("Page_Concours photo  votez pour la plus bel_494087/tri")): Object: 'Object Repository/Page_Concours photo  votez pour la plus bel_494087/tri' is clicked on

2022-07-19 17:04:57 - [MESSAGE][PASSED] - Object: 'Object Repository/Page_Concours photo  votez pour la plus bel_494087/tri' is clicked on

2022-07-19 17:04:57 - [TEST_STEP][PASSED] - click(findTestObject("Page_Concours photo  votez pour la plus bel_494087/plus de votes")): Object: 'Object Repository/Page_Concours photo  votez pour la plus bel_494087/plus de votes' is clicked on

2022-07-19 17:04:57 - [MESSAGE][PASSED] - Object: 'Object Repository/Page_Concours photo  votez pour la plus bel_494087/plus de votes' is clicked on

2022-07-19 17:04:58 - [TEST_STEP][PASSED] - click(findTestObject("Object Repository/Page_Concours photo  votez pour la plus bel_494087/i_Votes_fa fa-heart")): Object: 'Object Repository/Page_Concours photo  votez pour la plus bel_494087/i_Votes_fa fa-heart' is clicked on

2022-07-19 17:04:59 - [MESSAGE][PASSED] - Object: 'Object Repository/Page_Concours photo  votez pour la plus bel_494087/i_Votes_fa fa-heart' is clicked on

2022-07-19 17:04:59 - [TEST_STEP][PASSED] - delay(1): Delayed 1 second(s)

2022-07-19 17:05:00 - [MESSAGE][PASSED] - Delayed 1 second(s)

2022-07-19 17:05:00 - [TEST_STEP][PASSED] - closeBrowser(): Browser is closed

2022-07-19 17:05:00 - [MESSAGE][PASSED] - Browser is closed]]></system-out>
         <system-err><![CDATA[]]></system-err>
      </testcase>
      <testcase name="Test Cases/Vote" time="27.009" classname="Test Cases/Vote" status="PASSED">
         <system-out><![CDATA[2022-07-19 17:05:00 - [TEST_CASE][PASSED] - Test Cases/Vote: Test Cases/Vote

2022-07-19 17:05:00 - [TEST_STEP][PASSED] - openBrowser(""): Browser is opened with url: ''

2022-07-19 17:05:00 - [MESSAGE][INFO] - Starting 'Chrome' driver

2022-07-19 17:05:00 - [MESSAGE][INFO] - Action delay is set to 0 milliseconds

2022-07-19 17:05:01 - [MESSAGE][PASSED] - Browser is opened with url: ''

2022-07-19 17:05:01 - [TEST_STEP][PASSED] - navigateToUrl("https://lesechosdutouquet.nordlittoral.fr/147787/article/2022-06-30/concours-photo-montrez-nous-la-plus-belle-photo-de-votre-chien-en-promenade-sur#l5lb6r47qsmp9ur58y"): Navigate to 'https://lesechosdutouquet.nordlittoral.fr/147787/article/2022-06-30/concours-photo-montrez-nous-la-plus-belle-photo-de-votre-chien-en-promenade-sur#l5lb6r47qsmp9ur58y' successfully

2022-07-19 17:05:04 - [MESSAGE][PASSED] - Navigate to 'https://lesechosdutouquet.nordlittoral.fr/147787/article/2022-06-30/concours-photo-montrez-nous-la-plus-belle-photo-de-votre-chien-en-promenade-sur#l5lb6r47qsmp9ur58y' successfully

2022-07-19 17:05:04 - [TEST_STEP][PASSED] - setViewPortSize(1920, 1080): Viewport is set to new size with width = 1920 and height = 1080

2022-07-19 17:05:05 - [MESSAGE][PASSED] - Viewport is set to new size with width = 1920 and height = 1080

2022-07-19 17:05:05 - [TEST_STEP][PASSED] - click(findTestObject("Object Repository/Page_Concours photo  votez pour la plus bel_494087/button_Accepter  Fermer")): Object: 'Object Repository/Page_Concours photo  votez pour la plus bel_494087/button_Accepter  Fermer' is clicked on

2022-07-19 17:05:06 - [MESSAGE][PASSED] - Object: 'Object Repository/Page_Concours photo  votez pour la plus bel_494087/button_Accepter  Fermer' is clicked on

2022-07-19 17:05:06 - [TEST_STEP][PASSED] - waitForElementVisible(findTestObject("Object Repository/Page_Concours photo  votez pour la plus bel_494087/a_X"), 15): Object 'Object Repository/Page_Concours photo  votez pour la plus bel_494087/a_X' is visible

2022-07-19 17:05:13 - [MESSAGE][PASSED] - Object 'Object Repository/Page_Concours photo  votez pour la plus bel_494087/a_X' is visible

2022-07-19 17:05:13 - [TEST_STEP][PASSED] - click(findTestObject("Object Repository/Page_Concours photo  votez pour la plus bel_494087/a_X")): Object: 'Object Repository/Page_Concours photo  votez pour la plus bel_494087/a_X' is clicked on

2022-07-19 17:05:13 - [MESSAGE][PASSED] - Object: 'Object Repository/Page_Concours photo  votez pour la plus bel_494087/a_X' is clicked on

2022-07-19 17:05:13 - [TEST_STEP][PASSED] - delay(1): Delayed 1 second(s)

2022-07-19 17:05:14 - [MESSAGE][PASSED] - Delayed 1 second(s)

2022-07-19 17:05:14 - [TEST_STEP][PASSED] - click(findTestObject("Object Repository/Page_Concours photo  votez pour la plus bel_494087/input_concat(Votez pour le plus beau chien de la cte d, , Opale )_jouer")): Object: 'Object Repository/Page_Concours photo  votez pour la plus bel_494087/input_concat(Votez pour le plus beau chien de la cte d, , Opale )_jouer' is clicked on

2022-07-19 17:05:15 - [MESSAGE][PASSED] - Object: 'Object Repository/Page_Concours photo  votez pour la plus bel_494087/input_concat(Votez pour le plus beau chien de la cte d, , Opale )_jouer' is clicked on

2022-07-19 17:05:15 - [TEST_STEP][PASSED] - if (verifyElementPresent(findTestObject("Page_Concours photo  votez pour la plus bel_494087/input_concat(Votez pour le plus beau chien de la cte d, , Opale )_jouer"), 1, OPTIONAL)): null

2022-07-19 17:05:17 - [MESSAGE][PASSED] - Object 'Object Repository/Page_Concours photo  votez pour la plus bel_494087/input_concat(Votez pour le plus beau chien de la cte d, , Opale )_jouer' is present

2022-07-19 17:05:17 - [TEST_STEP][PASSED] - click(findTestObject("Object Repository/Page_Concours photo  votez pour la plus bel_494087/input_concat(Votez pour le plus beau chien de la cte d, , Opale )_jouer")): Object: 'Object Repository/Page_Concours photo  votez pour la plus bel_494087/input_concat(Votez pour le plus beau chien de la cte d, , Opale )_jouer' is clicked on

2022-07-19 17:05:17 - [MESSAGE][PASSED] - Object: 'Object Repository/Page_Concours photo  votez pour la plus bel_494087/input_concat(Votez pour le plus beau chien de la cte d, , Opale )_jouer' is clicked on

2022-07-19 17:05:17 - [TEST_STEP][PASSED] - delay(1): Delayed 1 second(s)

2022-07-19 17:05:18 - [MESSAGE][PASSED] - Delayed 1 second(s)

2022-07-19 17:05:18 - [TEST_STEP][PASSED] - setText(findTestObject("Object Repository/Page_Concours photo  votez pour la plus bel_494087/input_trie par_keyword"), "Gaspard"): Text 'Gaspard' is set on object 'Object Repository/Page_Concours photo  votez pour la plus bel_494087/input_trie par_keyword'

2022-07-19 17:05:20 - [MESSAGE][PASSED] - Text 'Gaspard' is set on object 'Object Repository/Page_Concours photo  votez pour la plus bel_494087/input_trie par_keyword'

2022-07-19 17:05:20 - [TEST_STEP][PASSED] - sendKeys(findTestObject("Page_Concours photo  votez pour la plus bel_494087/input_trie par_keyword"), Keys.chord(ENTER)): Keys 'ENTER + ' sent to object: 'Object Repository/Page_Concours photo  votez pour la plus bel_494087/input_trie par_keyword'

2022-07-19 17:05:22 - [MESSAGE][PASSED] - Keys 'ENTER + ' sent to object: 'Object Repository/Page_Concours photo  votez pour la plus bel_494087/input_trie par_keyword'

2022-07-19 17:05:22 - [TEST_STEP][PASSED] - click(findTestObject("Page_Concours photo  votez pour la plus bel_494087/tri")): Object: 'Object Repository/Page_Concours photo  votez pour la plus bel_494087/tri' is clicked on

2022-07-19 17:05:23 - [MESSAGE][PASSED] - Object: 'Object Repository/Page_Concours photo  votez pour la plus bel_494087/tri' is clicked on

2022-07-19 17:05:23 - [TEST_STEP][PASSED] - click(findTestObject("Page_Concours photo  votez pour la plus bel_494087/plus de votes")): Object: 'Object Repository/Page_Concours photo  votez pour la plus bel_494087/plus de votes' is clicked on

2022-07-19 17:05:24 - [MESSAGE][PASSED] - Object: 'Object Repository/Page_Concours photo  votez pour la plus bel_494087/plus de votes' is clicked on

2022-07-19 17:05:25 - [TEST_STEP][PASSED] - click(findTestObject("Object Repository/Page_Concours photo  votez pour la plus bel_494087/i_Votes_fa fa-heart")): Object: 'Object Repository/Page_Concours photo  votez pour la plus bel_494087/i_Votes_fa fa-heart' is clicked on

2022-07-19 17:05:26 - [MESSAGE][PASSED] - Object: 'Object Repository/Page_Concours photo  votez pour la plus bel_494087/i_Votes_fa fa-heart' is clicked on

2022-07-19 17:05:26 - [TEST_STEP][PASSED] - delay(1): Delayed 1 second(s)

2022-07-19 17:05:27 - [MESSAGE][PASSED] - Delayed 1 second(s)

2022-07-19 17:05:27 - [TEST_STEP][PASSED] - closeBrowser(): Browser is closed

2022-07-19 17:05:27 - [MESSAGE][PASSED] - Browser is closed]]></system-out>
         <system-err><![CDATA[]]></system-err>
      </testcase>
      <testcase name="Test Cases/Vote" time="23.996" classname="Test Cases/Vote" status="PASSED">
         <system-out><![CDATA[2022-07-19 17:05:27 - [TEST_CASE][PASSED] - Test Cases/Vote: Test Cases/Vote

2022-07-19 17:05:27 - [TEST_STEP][PASSED] - openBrowser(""): Browser is opened with url: ''

2022-07-19 17:05:27 - [MESSAGE][INFO] - Starting 'Chrome' driver

2022-07-19 17:05:27 - [MESSAGE][INFO] - Action delay is set to 0 milliseconds

2022-07-19 17:05:28 - [MESSAGE][PASSED] - Browser is opened with url: ''

2022-07-19 17:05:28 - [TEST_STEP][PASSED] - navigateToUrl("https://lesechosdutouquet.nordlittoral.fr/147787/article/2022-06-30/concours-photo-montrez-nous-la-plus-belle-photo-de-votre-chien-en-promenade-sur#l5lb6r47qsmp9ur58y"): Navigate to 'https://lesechosdutouquet.nordlittoral.fr/147787/article/2022-06-30/concours-photo-montrez-nous-la-plus-belle-photo-de-votre-chien-en-promenade-sur#l5lb6r47qsmp9ur58y' successfully

2022-07-19 17:05:31 - [MESSAGE][PASSED] - Navigate to 'https://lesechosdutouquet.nordlittoral.fr/147787/article/2022-06-30/concours-photo-montrez-nous-la-plus-belle-photo-de-votre-chien-en-promenade-sur#l5lb6r47qsmp9ur58y' successfully

2022-07-19 17:05:31 - [TEST_STEP][PASSED] - setViewPortSize(1920, 1080): Viewport is set to new size with width = 1920 and height = 1080

2022-07-19 17:05:31 - [MESSAGE][PASSED] - Viewport is set to new size with width = 1920 and height = 1080

2022-07-19 17:05:31 - [TEST_STEP][PASSED] - click(findTestObject("Object Repository/Page_Concours photo  votez pour la plus bel_494087/button_Accepter  Fermer")): Object: 'Object Repository/Page_Concours photo  votez pour la plus bel_494087/button_Accepter  Fermer' is clicked on

2022-07-19 17:05:32 - [MESSAGE][PASSED] - Object: 'Object Repository/Page_Concours photo  votez pour la plus bel_494087/button_Accepter  Fermer' is clicked on

2022-07-19 17:05:32 - [TEST_STEP][PASSED] - waitForElementVisible(findTestObject("Object Repository/Page_Concours photo  votez pour la plus bel_494087/a_X"), 15): Object 'Object Repository/Page_Concours photo  votez pour la plus bel_494087/a_X' is visible

2022-07-19 17:05:39 - [MESSAGE][PASSED] - Object 'Object Repository/Page_Concours photo  votez pour la plus bel_494087/a_X' is visible

2022-07-19 17:05:39 - [TEST_STEP][PASSED] - click(findTestObject("Object Repository/Page_Concours photo  votez pour la plus bel_494087/a_X")): Object: 'Object Repository/Page_Concours photo  votez pour la plus bel_494087/a_X' is clicked on

2022-07-19 17:05:39 - [MESSAGE][PASSED] - Object: 'Object Repository/Page_Concours photo  votez pour la plus bel_494087/a_X' is clicked on

2022-07-19 17:05:39 - [TEST_STEP][PASSED] - delay(1): Delayed 1 second(s)

2022-07-19 17:05:40 - [MESSAGE][PASSED] - Delayed 1 second(s)

2022-07-19 17:05:40 - [TEST_STEP][PASSED] - click(findTestObject("Object Repository/Page_Concours photo  votez pour la plus bel_494087/input_concat(Votez pour le plus beau chien de la cte d, , Opale )_jouer")): Object: 'Object Repository/Page_Concours photo  votez pour la plus bel_494087/input_concat(Votez pour le plus beau chien de la cte d, , Opale )_jouer' is clicked on

2022-07-19 17:05:41 - [MESSAGE][PASSED] - Object: 'Object Repository/Page_Concours photo  votez pour la plus bel_494087/input_concat(Votez pour le plus beau chien de la cte d, , Opale )_jouer' is clicked on

2022-07-19 17:05:41 - [TEST_STEP][PASSED] - if (verifyElementPresent(findTestObject("Page_Concours photo  votez pour la plus bel_494087/input_concat(Votez pour le plus beau chien de la cte d, , Opale )_jouer"), 1, OPTIONAL)): null

2022-07-19 17:05:43 - [MESSAGE][PASSED] - Object 'Object Repository/Page_Concours photo  votez pour la plus bel_494087/input_concat(Votez pour le plus beau chien de la cte d, , Opale )_jouer' is present

2022-07-19 17:05:43 - [TEST_STEP][PASSED] - click(findTestObject("Object Repository/Page_Concours photo  votez pour la plus bel_494087/input_concat(Votez pour le plus beau chien de la cte d, , Opale )_jouer")): Object: 'Object Repository/Page_Concours photo  votez pour la plus bel_494087/input_concat(Votez pour le plus beau chien de la cte d, , Opale )_jouer' is clicked on

2022-07-19 17:05:43 - [MESSAGE][PASSED] - Object: 'Object Repository/Page_Concours photo  votez pour la plus bel_494087/input_concat(Votez pour le plus beau chien de la cte d, , Opale )_jouer' is clicked on

2022-07-19 17:05:43 - [TEST_STEP][PASSED] - delay(1): Delayed 1 second(s)

2022-07-19 17:05:44 - [MESSAGE][PASSED] - Delayed 1 second(s)

2022-07-19 17:05:44 - [TEST_STEP][PASSED] - setText(findTestObject("Object Repository/Page_Concours photo  votez pour la plus bel_494087/input_trie par_keyword"), "Gaspard"): Text 'Gaspard' is set on object 'Object Repository/Page_Concours photo  votez pour la plus bel_494087/input_trie par_keyword'

2022-07-19 17:05:46 - [MESSAGE][PASSED] - Text 'Gaspard' is set on object 'Object Repository/Page_Concours photo  votez pour la plus bel_494087/input_trie par_keyword'

2022-07-19 17:05:46 - [TEST_STEP][PASSED] - sendKeys(findTestObject("Page_Concours photo  votez pour la plus bel_494087/input_trie par_keyword"), Keys.chord(ENTER)): Keys 'ENTER + ' sent to object: 'Object Repository/Page_Concours photo  votez pour la plus bel_494087/input_trie par_keyword'

2022-07-19 17:05:47 - [MESSAGE][PASSED] - Keys 'ENTER + ' sent to object: 'Object Repository/Page_Concours photo  votez pour la plus bel_494087/input_trie par_keyword'

2022-07-19 17:05:47 - [TEST_STEP][PASSED] - click(findTestObject("Page_Concours photo  votez pour la plus bel_494087/tri")): Object: 'Object Repository/Page_Concours photo  votez pour la plus bel_494087/tri' is clicked on

2022-07-19 17:05:47 - [MESSAGE][PASSED] - Object: 'Object Repository/Page_Concours photo  votez pour la plus bel_494087/tri' is clicked on

2022-07-19 17:05:47 - [TEST_STEP][PASSED] - click(findTestObject("Page_Concours photo  votez pour la plus bel_494087/plus de votes")): Object: 'Object Repository/Page_Concours photo  votez pour la plus bel_494087/plus de votes' is clicked on

2022-07-19 17:05:48 - [MESSAGE][PASSED] - Object: 'Object Repository/Page_Concours photo  votez pour la plus bel_494087/plus de votes' is clicked on

2022-07-19 17:05:49 - [TEST_STEP][PASSED] - click(findTestObject("Object Repository/Page_Concours photo  votez pour la plus bel_494087/i_Votes_fa fa-heart")): Object: 'Object Repository/Page_Concours photo  votez pour la plus bel_494087/i_Votes_fa fa-heart' is clicked on

2022-07-19 17:05:50 - [MESSAGE][PASSED] - Object: 'Object Repository/Page_Concours photo  votez pour la plus bel_494087/i_Votes_fa fa-heart' is clicked on

2022-07-19 17:05:50 - [TEST_STEP][PASSED] - delay(1): Delayed 1 second(s)

2022-07-19 17:05:51 - [MESSAGE][PASSED] - Delayed 1 second(s)

2022-07-19 17:05:51 - [TEST_STEP][PASSED] - closeBrowser(): Browser is closed

2022-07-19 17:05:51 - [MESSAGE][PASSED] - Browser is closed]]></system-out>
         <system-err><![CDATA[]]></system-err>
      </testcase>
      <testcase name="Test Cases/Vote" time="24.789" classname="Test Cases/Vote" status="PASSED">
         <system-out><![CDATA[2022-07-19 17:05:51 - [TEST_CASE][PASSED] - Test Cases/Vote: Test Cases/Vote

2022-07-19 17:05:51 - [TEST_STEP][PASSED] - openBrowser(""): Browser is opened with url: ''

2022-07-19 17:05:51 - [MESSAGE][INFO] - Starting 'Chrome' driver

2022-07-19 17:05:51 - [MESSAGE][INFO] - Action delay is set to 0 milliseconds

2022-07-19 17:05:52 - [MESSAGE][PASSED] - Browser is opened with url: ''

2022-07-19 17:05:52 - [TEST_STEP][PASSED] - navigateToUrl("https://lesechosdutouquet.nordlittoral.fr/147787/article/2022-06-30/concours-photo-montrez-nous-la-plus-belle-photo-de-votre-chien-en-promenade-sur#l5lb6r47qsmp9ur58y"): Navigate to 'https://lesechosdutouquet.nordlittoral.fr/147787/article/2022-06-30/concours-photo-montrez-nous-la-plus-belle-photo-de-votre-chien-en-promenade-sur#l5lb6r47qsmp9ur58y' successfully

2022-07-19 17:05:55 - [MESSAGE][PASSED] - Navigate to 'https://lesechosdutouquet.nordlittoral.fr/147787/article/2022-06-30/concours-photo-montrez-nous-la-plus-belle-photo-de-votre-chien-en-promenade-sur#l5lb6r47qsmp9ur58y' successfully

2022-07-19 17:05:55 - [TEST_STEP][PASSED] - setViewPortSize(1920, 1080): Viewport is set to new size with width = 1920 and height = 1080

2022-07-19 17:05:55 - [MESSAGE][PASSED] - Viewport is set to new size with width = 1920 and height = 1080

2022-07-19 17:05:55 - [TEST_STEP][PASSED] - click(findTestObject("Object Repository/Page_Concours photo  votez pour la plus bel_494087/button_Accepter  Fermer")): Object: 'Object Repository/Page_Concours photo  votez pour la plus bel_494087/button_Accepter  Fermer' is clicked on

2022-07-19 17:05:56 - [MESSAGE][PASSED] - Object: 'Object Repository/Page_Concours photo  votez pour la plus bel_494087/button_Accepter  Fermer' is clicked on

2022-07-19 17:05:56 - [TEST_STEP][PASSED] - waitForElementVisible(findTestObject("Object Repository/Page_Concours photo  votez pour la plus bel_494087/a_X"), 15): Object 'Object Repository/Page_Concours photo  votez pour la plus bel_494087/a_X' is visible

2022-07-19 17:06:03 - [MESSAGE][PASSED] - Object 'Object Repository/Page_Concours photo  votez pour la plus bel_494087/a_X' is visible

2022-07-19 17:06:03 - [TEST_STEP][PASSED] - click(findTestObject("Object Repository/Page_Concours photo  votez pour la plus bel_494087/a_X")): Object: 'Object Repository/Page_Concours photo  votez pour la plus bel_494087/a_X' is clicked on

2022-07-19 17:06:04 - [MESSAGE][PASSED] - Object: 'Object Repository/Page_Concours photo  votez pour la plus bel_494087/a_X' is clicked on

2022-07-19 17:06:04 - [TEST_STEP][PASSED] - delay(1): Delayed 1 second(s)

2022-07-19 17:06:05 - [MESSAGE][PASSED] - Delayed 1 second(s)

2022-07-19 17:06:05 - [TEST_STEP][PASSED] - click(findTestObject("Object Repository/Page_Concours photo  votez pour la plus bel_494087/input_concat(Votez pour le plus beau chien de la cte d, , Opale )_jouer")): Object: 'Object Repository/Page_Concours photo  votez pour la plus bel_494087/input_concat(Votez pour le plus beau chien de la cte d, , Opale )_jouer' is clicked on

2022-07-19 17:06:06 - [MESSAGE][PASSED] - Object: 'Object Repository/Page_Concours photo  votez pour la plus bel_494087/input_concat(Votez pour le plus beau chien de la cte d, , Opale )_jouer' is clicked on

2022-07-19 17:06:06 - [TEST_STEP][PASSED] - if (verifyElementPresent(findTestObject("Page_Concours photo  votez pour la plus bel_494087/input_concat(Votez pour le plus beau chien de la cte d, , Opale )_jouer"), 1, OPTIONAL)): null

2022-07-19 17:06:07 - [MESSAGE][PASSED] - Object 'Object Repository/Page_Concours photo  votez pour la plus bel_494087/input_concat(Votez pour le plus beau chien de la cte d, , Opale )_jouer' is present

2022-07-19 17:06:07 - [TEST_STEP][PASSED] - click(findTestObject("Object Repository/Page_Concours photo  votez pour la plus bel_494087/input_concat(Votez pour le plus beau chien de la cte d, , Opale )_jouer")): Object: 'Object Repository/Page_Concours photo  votez pour la plus bel_494087/input_concat(Votez pour le plus beau chien de la cte d, , Opale )_jouer' is clicked on

2022-07-19 17:06:08 - [MESSAGE][PASSED] - Object: 'Object Repository/Page_Concours photo  votez pour la plus bel_494087/input_concat(Votez pour le plus beau chien de la cte d, , Opale )_jouer' is clicked on

2022-07-19 17:06:08 - [TEST_STEP][PASSED] - delay(1): Delayed 1 second(s)

2022-07-19 17:06:09 - [MESSAGE][PASSED] - Delayed 1 second(s)

2022-07-19 17:06:09 - [TEST_STEP][PASSED] - setText(findTestObject("Object Repository/Page_Concours photo  votez pour la plus bel_494087/input_trie par_keyword"), "Gaspard"): Text 'Gaspard' is set on object 'Object Repository/Page_Concours photo  votez pour la plus bel_494087/input_trie par_keyword'

2022-07-19 17:06:10 - [MESSAGE][PASSED] - Text 'Gaspard' is set on object 'Object Repository/Page_Concours photo  votez pour la plus bel_494087/input_trie par_keyword'

2022-07-19 17:06:10 - [TEST_STEP][PASSED] - sendKeys(findTestObject("Page_Concours photo  votez pour la plus bel_494087/input_trie par_keyword"), Keys.chord(ENTER)): Keys 'ENTER + ' sent to object: 'Object Repository/Page_Concours photo  votez pour la plus bel_494087/input_trie par_keyword'

2022-07-19 17:06:10 - [MESSAGE][PASSED] - Keys 'ENTER + ' sent to object: 'Object Repository/Page_Concours photo  votez pour la plus bel_494087/input_trie par_keyword'

2022-07-19 17:06:11 - [TEST_STEP][PASSED] - click(findTestObject("Page_Concours photo  votez pour la plus bel_494087/tri")): Object: 'Object Repository/Page_Concours photo  votez pour la plus bel_494087/tri' is clicked on

2022-07-19 17:06:12 - [MESSAGE][PASSED] - Object: 'Object Repository/Page_Concours photo  votez pour la plus bel_494087/tri' is clicked on

2022-07-19 17:06:12 - [TEST_STEP][PASSED] - click(findTestObject("Page_Concours photo  votez pour la plus bel_494087/plus de votes")): Object: 'Object Repository/Page_Concours photo  votez pour la plus bel_494087/plus de votes' is clicked on

2022-07-19 17:06:12 - [MESSAGE][PASSED] - Object: 'Object Repository/Page_Concours photo  votez pour la plus bel_494087/plus de votes' is clicked on

2022-07-19 17:06:14 - [TEST_STEP][PASSED] - click(findTestObject("Object Repository/Page_Concours photo  votez pour la plus bel_494087/i_Votes_fa fa-heart")): Object: 'Object Repository/Page_Concours photo  votez pour la plus bel_494087/i_Votes_fa fa-heart' is clicked on

2022-07-19 17:06:15 - [MESSAGE][PASSED] - Object: 'Object Repository/Page_Concours photo  votez pour la plus bel_494087/i_Votes_fa fa-heart' is clicked on

2022-07-19 17:06:15 - [TEST_STEP][PASSED] - delay(1): Delayed 1 second(s)

2022-07-19 17:06:16 - [MESSAGE][PASSED] - Delayed 1 second(s)

2022-07-19 17:06:16 - [TEST_STEP][PASSED] - closeBrowser(): Browser is closed

2022-07-19 17:06:16 - [MESSAGE][PASSED] - Browser is closed]]></system-out>
         <system-err><![CDATA[]]></system-err>
      </testcase>
      <testcase name="Test Cases/Vote" time="25.115" classname="Test Cases/Vote" status="PASSED">
         <system-out><![CDATA[2022-07-19 17:06:16 - [TEST_CASE][PASSED] - Test Cases/Vote: Test Cases/Vote

2022-07-19 17:06:16 - [TEST_STEP][PASSED] - openBrowser(""): Browser is opened with url: ''

2022-07-19 17:06:16 - [MESSAGE][INFO] - Starting 'Chrome' driver

2022-07-19 17:06:16 - [MESSAGE][INFO] - Action delay is set to 0 milliseconds

2022-07-19 17:06:17 - [MESSAGE][PASSED] - Browser is opened with url: ''

2022-07-19 17:06:17 - [TEST_STEP][PASSED] - navigateToUrl("https://lesechosdutouquet.nordlittoral.fr/147787/article/2022-06-30/concours-photo-montrez-nous-la-plus-belle-photo-de-votre-chien-en-promenade-sur#l5lb6r47qsmp9ur58y"): Navigate to 'https://lesechosdutouquet.nordlittoral.fr/147787/article/2022-06-30/concours-photo-montrez-nous-la-plus-belle-photo-de-votre-chien-en-promenade-sur#l5lb6r47qsmp9ur58y' successfully

2022-07-19 17:06:21 - [MESSAGE][PASSED] - Navigate to 'https://lesechosdutouquet.nordlittoral.fr/147787/article/2022-06-30/concours-photo-montrez-nous-la-plus-belle-photo-de-votre-chien-en-promenade-sur#l5lb6r47qsmp9ur58y' successfully

2022-07-19 17:06:21 - [TEST_STEP][PASSED] - setViewPortSize(1920, 1080): Viewport is set to new size with width = 1920 and height = 1080

2022-07-19 17:06:21 - [MESSAGE][PASSED] - Viewport is set to new size with width = 1920 and height = 1080

2022-07-19 17:06:21 - [TEST_STEP][PASSED] - click(findTestObject("Object Repository/Page_Concours photo  votez pour la plus bel_494087/button_Accepter  Fermer")): Object: 'Object Repository/Page_Concours photo  votez pour la plus bel_494087/button_Accepter  Fermer' is clicked on

2022-07-19 17:06:23 - [MESSAGE][PASSED] - Object: 'Object Repository/Page_Concours photo  votez pour la plus bel_494087/button_Accepter  Fermer' is clicked on

2022-07-19 17:06:23 - [TEST_STEP][PASSED] - waitForElementVisible(findTestObject("Object Repository/Page_Concours photo  votez pour la plus bel_494087/a_X"), 15): Object 'Object Repository/Page_Concours photo  votez pour la plus bel_494087/a_X' is visible

2022-07-19 17:06:29 - [MESSAGE][PASSED] - Object 'Object Repository/Page_Concours photo  votez pour la plus bel_494087/a_X' is visible

2022-07-19 17:06:29 - [TEST_STEP][PASSED] - click(findTestObject("Object Repository/Page_Concours photo  votez pour la plus bel_494087/a_X")): Object: 'Object Repository/Page_Concours photo  votez pour la plus bel_494087/a_X' is clicked on

2022-07-19 17:06:29 - [MESSAGE][PASSED] - Object: 'Object Repository/Page_Concours photo  votez pour la plus bel_494087/a_X' is clicked on

2022-07-19 17:06:29 - [TEST_STEP][PASSED] - delay(1): Delayed 1 second(s)

2022-07-19 17:06:30 - [MESSAGE][PASSED] - Delayed 1 second(s)

2022-07-19 17:06:30 - [TEST_STEP][PASSED] - click(findTestObject("Object Repository/Page_Concours photo  votez pour la plus bel_494087/input_concat(Votez pour le plus beau chien de la cte d, , Opale )_jouer")): Object: 'Object Repository/Page_Concours photo  votez pour la plus bel_494087/input_concat(Votez pour le plus beau chien de la cte d, , Opale )_jouer' is clicked on

2022-07-19 17:06:31 - [MESSAGE][PASSED] - Object: 'Object Repository/Page_Concours photo  votez pour la plus bel_494087/input_concat(Votez pour le plus beau chien de la cte d, , Opale )_jouer' is clicked on

2022-07-19 17:06:31 - [TEST_STEP][PASSED] - if (verifyElementPresent(findTestObject("Page_Concours photo  votez pour la plus bel_494087/input_concat(Votez pour le plus beau chien de la cte d, , Opale )_jouer"), 1, OPTIONAL)): null

2022-07-19 17:06:33 - [MESSAGE][PASSED] - Object 'Object Repository/Page_Concours photo  votez pour la plus bel_494087/input_concat(Votez pour le plus beau chien de la cte d, , Opale )_jouer' is present

2022-07-19 17:06:33 - [TEST_STEP][PASSED] - click(findTestObject("Object Repository/Page_Concours photo  votez pour la plus bel_494087/input_concat(Votez pour le plus beau chien de la cte d, , Opale )_jouer")): Object: 'Object Repository/Page_Concours photo  votez pour la plus bel_494087/input_concat(Votez pour le plus beau chien de la cte d, , Opale )_jouer' is clicked on

2022-07-19 17:06:33 - [MESSAGE][PASSED] - Object: 'Object Repository/Page_Concours photo  votez pour la plus bel_494087/input_concat(Votez pour le plus beau chien de la cte d, , Opale )_jouer' is clicked on

2022-07-19 17:06:33 - [TEST_STEP][PASSED] - delay(1): Delayed 1 second(s)

2022-07-19 17:06:34 - [MESSAGE][PASSED] - Delayed 1 second(s)

2022-07-19 17:06:34 - [TEST_STEP][PASSED] - setText(findTestObject("Object Repository/Page_Concours photo  votez pour la plus bel_494087/input_trie par_keyword"), "Gaspard"): Text 'Gaspard' is set on object 'Object Repository/Page_Concours photo  votez pour la plus bel_494087/input_trie par_keyword'

2022-07-19 17:06:35 - [MESSAGE][PASSED] - Text 'Gaspard' is set on object 'Object Repository/Page_Concours photo  votez pour la plus bel_494087/input_trie par_keyword'

2022-07-19 17:06:35 - [TEST_STEP][PASSED] - sendKeys(findTestObject("Page_Concours photo  votez pour la plus bel_494087/input_trie par_keyword"), Keys.chord(ENTER)): Keys 'ENTER + ' sent to object: 'Object Repository/Page_Concours photo  votez pour la plus bel_494087/input_trie par_keyword'

2022-07-19 17:06:37 - [MESSAGE][PASSED] - Keys 'ENTER + ' sent to object: 'Object Repository/Page_Concours photo  votez pour la plus bel_494087/input_trie par_keyword'

2022-07-19 17:06:37 - [TEST_STEP][PASSED] - click(findTestObject("Page_Concours photo  votez pour la plus bel_494087/tri")): Object: 'Object Repository/Page_Concours photo  votez pour la plus bel_494087/tri' is clicked on

2022-07-19 17:06:37 - [MESSAGE][PASSED] - Object: 'Object Repository/Page_Concours photo  votez pour la plus bel_494087/tri' is clicked on

2022-07-19 17:06:37 - [TEST_STEP][PASSED] - click(findTestObject("Page_Concours photo  votez pour la plus bel_494087/plus de votes")): Object: 'Object Repository/Page_Concours photo  votez pour la plus bel_494087/plus de votes' is clicked on

2022-07-19 17:06:38 - [MESSAGE][PASSED] - Object: 'Object Repository/Page_Concours photo  votez pour la plus bel_494087/plus de votes' is clicked on

2022-07-19 17:06:39 - [TEST_STEP][PASSED] - click(findTestObject("Object Repository/Page_Concours photo  votez pour la plus bel_494087/i_Votes_fa fa-heart")): Object: 'Object Repository/Page_Concours photo  votez pour la plus bel_494087/i_Votes_fa fa-heart' is clicked on

2022-07-19 17:06:40 - [MESSAGE][PASSED] - Object: 'Object Repository/Page_Concours photo  votez pour la plus bel_494087/i_Votes_fa fa-heart' is clicked on

2022-07-19 17:06:40 - [TEST_STEP][PASSED] - delay(1): Delayed 1 second(s)

2022-07-19 17:06:41 - [MESSAGE][PASSED] - Delayed 1 second(s)

2022-07-19 17:06:41 - [TEST_STEP][PASSED] - closeBrowser(): Browser is closed

2022-07-19 17:06:41 - [MESSAGE][PASSED] - Browser is closed]]></system-out>
         <system-err><![CDATA[]]></system-err>
      </testcase>
      <testcase name="Test Cases/Vote" time="25.208" classname="Test Cases/Vote" status="PASSED">
         <system-out><![CDATA[2022-07-19 17:06:41 - [TEST_CASE][PASSED] - Test Cases/Vote: Test Cases/Vote

2022-07-19 17:06:41 - [TEST_STEP][PASSED] - openBrowser(""): Browser is opened with url: ''

2022-07-19 17:06:41 - [MESSAGE][INFO] - Starting 'Chrome' driver

2022-07-19 17:06:41 - [MESSAGE][INFO] - Action delay is set to 0 milliseconds

2022-07-19 17:06:42 - [MESSAGE][PASSED] - Browser is opened with url: ''

2022-07-19 17:06:42 - [TEST_STEP][PASSED] - navigateToUrl("https://lesechosdutouquet.nordlittoral.fr/147787/article/2022-06-30/concours-photo-montrez-nous-la-plus-belle-photo-de-votre-chien-en-promenade-sur#l5lb6r47qsmp9ur58y"): Navigate to 'https://lesechosdutouquet.nordlittoral.fr/147787/article/2022-06-30/concours-photo-montrez-nous-la-plus-belle-photo-de-votre-chien-en-promenade-sur#l5lb6r47qsmp9ur58y' successfully

2022-07-19 17:06:45 - [MESSAGE][PASSED] - Navigate to 'https://lesechosdutouquet.nordlittoral.fr/147787/article/2022-06-30/concours-photo-montrez-nous-la-plus-belle-photo-de-votre-chien-en-promenade-sur#l5lb6r47qsmp9ur58y' successfully

2022-07-19 17:06:45 - [TEST_STEP][PASSED] - setViewPortSize(1920, 1080): Viewport is set to new size with width = 1920 and height = 1080

2022-07-19 17:06:45 - [MESSAGE][PASSED] - Viewport is set to new size with width = 1920 and height = 1080

2022-07-19 17:06:45 - [TEST_STEP][PASSED] - click(findTestObject("Object Repository/Page_Concours photo  votez pour la plus bel_494087/button_Accepter  Fermer")): Object: 'Object Repository/Page_Concours photo  votez pour la plus bel_494087/button_Accepter  Fermer' is clicked on

2022-07-19 17:06:46 - [MESSAGE][PASSED] - Object: 'Object Repository/Page_Concours photo  votez pour la plus bel_494087/button_Accepter  Fermer' is clicked on

2022-07-19 17:06:46 - [TEST_STEP][PASSED] - waitForElementVisible(findTestObject("Object Repository/Page_Concours photo  votez pour la plus bel_494087/a_X"), 15): Object 'Object Repository/Page_Concours photo  votez pour la plus bel_494087/a_X' is visible

2022-07-19 17:06:53 - [MESSAGE][PASSED] - Object 'Object Repository/Page_Concours photo  votez pour la plus bel_494087/a_X' is visible

2022-07-19 17:06:53 - [TEST_STEP][PASSED] - click(findTestObject("Object Repository/Page_Concours photo  votez pour la plus bel_494087/a_X")): Object: 'Object Repository/Page_Concours photo  votez pour la plus bel_494087/a_X' is clicked on

2022-07-19 17:06:54 - [MESSAGE][PASSED] - Object: 'Object Repository/Page_Concours photo  votez pour la plus bel_494087/a_X' is clicked on

2022-07-19 17:06:54 - [TEST_STEP][PASSED] - delay(1): Delayed 1 second(s)

2022-07-19 17:06:55 - [MESSAGE][PASSED] - Delayed 1 second(s)

2022-07-19 17:06:55 - [TEST_STEP][PASSED] - click(findTestObject("Object Repository/Page_Concours photo  votez pour la plus bel_494087/input_concat(Votez pour le plus beau chien de la cte d, , Opale )_jouer")): Object: 'Object Repository/Page_Concours photo  votez pour la plus bel_494087/input_concat(Votez pour le plus beau chien de la cte d, , Opale )_jouer' is clicked on

2022-07-19 17:06:55 - [MESSAGE][PASSED] - Object: 'Object Repository/Page_Concours photo  votez pour la plus bel_494087/input_concat(Votez pour le plus beau chien de la cte d, , Opale )_jouer' is clicked on

2022-07-19 17:06:55 - [TEST_STEP][PASSED] - if (verifyElementPresent(findTestObject("Page_Concours photo  votez pour la plus bel_494087/input_concat(Votez pour le plus beau chien de la cte d, , Opale )_jouer"), 1, OPTIONAL)): null

2022-07-19 17:06:57 - [MESSAGE][PASSED] - Object 'Object Repository/Page_Concours photo  votez pour la plus bel_494087/input_concat(Votez pour le plus beau chien de la cte d, , Opale )_jouer' is present

2022-07-19 17:06:57 - [TEST_STEP][PASSED] - click(findTestObject("Object Repository/Page_Concours photo  votez pour la plus bel_494087/input_concat(Votez pour le plus beau chien de la cte d, , Opale )_jouer")): Object: 'Object Repository/Page_Concours photo  votez pour la plus bel_494087/input_concat(Votez pour le plus beau chien de la cte d, , Opale )_jouer' is clicked on

2022-07-19 17:06:57 - [MESSAGE][PASSED] - Object: 'Object Repository/Page_Concours photo  votez pour la plus bel_494087/input_concat(Votez pour le plus beau chien de la cte d, , Opale )_jouer' is clicked on

2022-07-19 17:06:57 - [TEST_STEP][PASSED] - delay(1): Delayed 1 second(s)

2022-07-19 17:06:58 - [MESSAGE][PASSED] - Delayed 1 second(s)

2022-07-19 17:06:58 - [TEST_STEP][PASSED] - setText(findTestObject("Object Repository/Page_Concours photo  votez pour la plus bel_494087/input_trie par_keyword"), "Gaspard"): Text 'Gaspard' is set on object 'Object Repository/Page_Concours photo  votez pour la plus bel_494087/input_trie par_keyword'

2022-07-19 17:07:00 - [MESSAGE][PASSED] - Text 'Gaspard' is set on object 'Object Repository/Page_Concours photo  votez pour la plus bel_494087/input_trie par_keyword'

2022-07-19 17:07:00 - [TEST_STEP][PASSED] - sendKeys(findTestObject("Page_Concours photo  votez pour la plus bel_494087/input_trie par_keyword"), Keys.chord(ENTER)): Keys 'ENTER + ' sent to object: 'Object Repository/Page_Concours photo  votez pour la plus bel_494087/input_trie par_keyword'

2022-07-19 17:07:02 - [MESSAGE][PASSED] - Keys 'ENTER + ' sent to object: 'Object Repository/Page_Concours photo  votez pour la plus bel_494087/input_trie par_keyword'

2022-07-19 17:07:02 - [TEST_STEP][PASSED] - click(findTestObject("Page_Concours photo  votez pour la plus bel_494087/tri")): Object: 'Object Repository/Page_Concours photo  votez pour la plus bel_494087/tri' is clicked on

2022-07-19 17:07:02 - [MESSAGE][PASSED] - Object: 'Object Repository/Page_Concours photo  votez pour la plus bel_494087/tri' is clicked on

2022-07-19 17:07:02 - [TEST_STEP][PASSED] - click(findTestObject("Page_Concours photo  votez pour la plus bel_494087/plus de votes")): Object: 'Object Repository/Page_Concours photo  votez pour la plus bel_494087/plus de votes' is clicked on

2022-07-19 17:07:03 - [MESSAGE][PASSED] - Object: 'Object Repository/Page_Concours photo  votez pour la plus bel_494087/plus de votes' is clicked on

2022-07-19 17:07:05 - [TEST_STEP][PASSED] - click(findTestObject("Object Repository/Page_Concours photo  votez pour la plus bel_494087/i_Votes_fa fa-heart")): Object: 'Object Repository/Page_Concours photo  votez pour la plus bel_494087/i_Votes_fa fa-heart' is clicked on

2022-07-19 17:07:05 - [MESSAGE][PASSED] - Object: 'Object Repository/Page_Concours photo  votez pour la plus bel_494087/i_Votes_fa fa-heart' is clicked on

2022-07-19 17:07:05 - [TEST_STEP][PASSED] - delay(1): Delayed 1 second(s)

2022-07-19 17:07:06 - [MESSAGE][PASSED] - Delayed 1 second(s)

2022-07-19 17:07:06 - [TEST_STEP][PASSED] - closeBrowser(): Browser is closed

2022-07-19 17:07:06 - [MESSAGE][PASSED] - Browser is closed]]></system-out>
         <system-err><![CDATA[]]></system-err>
      </testcase>
      <testcase name="Test Cases/Vote" time="25.628" classname="Test Cases/Vote" status="PASSED">
         <system-out><![CDATA[2022-07-19 17:07:06 - [TEST_CASE][PASSED] - Test Cases/Vote: Test Cases/Vote

2022-07-19 17:07:06 - [TEST_STEP][PASSED] - openBrowser(""): Browser is opened with url: ''

2022-07-19 17:07:06 - [MESSAGE][INFO] - Starting 'Chrome' driver

2022-07-19 17:07:06 - [MESSAGE][INFO] - Action delay is set to 0 milliseconds

2022-07-19 17:07:07 - [MESSAGE][PASSED] - Browser is opened with url: ''

2022-07-19 17:07:07 - [TEST_STEP][PASSED] - navigateToUrl("https://lesechosdutouquet.nordlittoral.fr/147787/article/2022-06-30/concours-photo-montrez-nous-la-plus-belle-photo-de-votre-chien-en-promenade-sur#l5lb6r47qsmp9ur58y"): Navigate to 'https://lesechosdutouquet.nordlittoral.fr/147787/article/2022-06-30/concours-photo-montrez-nous-la-plus-belle-photo-de-votre-chien-en-promenade-sur#l5lb6r47qsmp9ur58y' successfully

2022-07-19 17:07:10 - [MESSAGE][PASSED] - Navigate to 'https://lesechosdutouquet.nordlittoral.fr/147787/article/2022-06-30/concours-photo-montrez-nous-la-plus-belle-photo-de-votre-chien-en-promenade-sur#l5lb6r47qsmp9ur58y' successfully

2022-07-19 17:07:10 - [TEST_STEP][PASSED] - setViewPortSize(1920, 1080): Viewport is set to new size with width = 1920 and height = 1080

2022-07-19 17:07:10 - [MESSAGE][PASSED] - Viewport is set to new size with width = 1920 and height = 1080

2022-07-19 17:07:10 - [TEST_STEP][PASSED] - click(findTestObject("Object Repository/Page_Concours photo  votez pour la plus bel_494087/button_Accepter  Fermer")): Object: 'Object Repository/Page_Concours photo  votez pour la plus bel_494087/button_Accepter  Fermer' is clicked on

2022-07-19 17:07:11 - [MESSAGE][PASSED] - Object: 'Object Repository/Page_Concours photo  votez pour la plus bel_494087/button_Accepter  Fermer' is clicked on

2022-07-19 17:07:11 - [TEST_STEP][PASSED] - waitForElementVisible(findTestObject("Object Repository/Page_Concours photo  votez pour la plus bel_494087/a_X"), 15): Object 'Object Repository/Page_Concours photo  votez pour la plus bel_494087/a_X' is visible

2022-07-19 17:07:18 - [MESSAGE][PASSED] - Object 'Object Repository/Page_Concours photo  votez pour la plus bel_494087/a_X' is visible

2022-07-19 17:07:18 - [TEST_STEP][PASSED] - click(findTestObject("Object Repository/Page_Concours photo  votez pour la plus bel_494087/a_X")): Object: 'Object Repository/Page_Concours photo  votez pour la plus bel_494087/a_X' is clicked on

2022-07-19 17:07:19 - [MESSAGE][PASSED] - Object: 'Object Repository/Page_Concours photo  votez pour la plus bel_494087/a_X' is clicked on

2022-07-19 17:07:19 - [TEST_STEP][PASSED] - delay(1): Delayed 1 second(s)

2022-07-19 17:07:20 - [MESSAGE][PASSED] - Delayed 1 second(s)

2022-07-19 17:07:20 - [TEST_STEP][PASSED] - click(findTestObject("Object Repository/Page_Concours photo  votez pour la plus bel_494087/input_concat(Votez pour le plus beau chien de la cte d, , Opale )_jouer")): Object: 'Object Repository/Page_Concours photo  votez pour la plus bel_494087/input_concat(Votez pour le plus beau chien de la cte d, , Opale )_jouer' is clicked on

2022-07-19 17:07:20 - [MESSAGE][PASSED] - Object: 'Object Repository/Page_Concours photo  votez pour la plus bel_494087/input_concat(Votez pour le plus beau chien de la cte d, , Opale )_jouer' is clicked on

2022-07-19 17:07:21 - [TEST_STEP][PASSED] - if (verifyElementPresent(findTestObject("Page_Concours photo  votez pour la plus bel_494087/input_concat(Votez pour le plus beau chien de la cte d, , Opale )_jouer"), 1, OPTIONAL)): null

2022-07-19 17:07:22 - [MESSAGE][PASSED] - Object 'Object Repository/Page_Concours photo  votez pour la plus bel_494087/input_concat(Votez pour le plus beau chien de la cte d, , Opale )_jouer' is present

2022-07-19 17:07:22 - [TEST_STEP][PASSED] - click(findTestObject("Object Repository/Page_Concours photo  votez pour la plus bel_494087/input_concat(Votez pour le plus beau chien de la cte d, , Opale )_jouer")): Object: 'Object Repository/Page_Concours photo  votez pour la plus bel_494087/input_concat(Votez pour le plus beau chien de la cte d, , Opale )_jouer' is clicked on

2022-07-19 17:07:23 - [MESSAGE][PASSED] - Object: 'Object Repository/Page_Concours photo  votez pour la plus bel_494087/input_concat(Votez pour le plus beau chien de la cte d, , Opale )_jouer' is clicked on

2022-07-19 17:07:23 - [TEST_STEP][PASSED] - delay(1): Delayed 1 second(s)

2022-07-19 17:07:24 - [MESSAGE][PASSED] - Delayed 1 second(s)

2022-07-19 17:07:24 - [TEST_STEP][PASSED] - setText(findTestObject("Object Repository/Page_Concours photo  votez pour la plus bel_494087/input_trie par_keyword"), "Gaspard"): Text 'Gaspard' is set on object 'Object Repository/Page_Concours photo  votez pour la plus bel_494087/input_trie par_keyword'

2022-07-19 17:07:25 - [MESSAGE][PASSED] - Text 'Gaspard' is set on object 'Object Repository/Page_Concours photo  votez pour la plus bel_494087/input_trie par_keyword'

2022-07-19 17:07:25 - [TEST_STEP][PASSED] - sendKeys(findTestObject("Page_Concours photo  votez pour la plus bel_494087/input_trie par_keyword"), Keys.chord(ENTER)): Keys 'ENTER + ' sent to object: 'Object Repository/Page_Concours photo  votez pour la plus bel_494087/input_trie par_keyword'

2022-07-19 17:07:27 - [MESSAGE][PASSED] - Keys 'ENTER + ' sent to object: 'Object Repository/Page_Concours photo  votez pour la plus bel_494087/input_trie par_keyword'

2022-07-19 17:07:27 - [TEST_STEP][PASSED] - click(findTestObject("Page_Concours photo  votez pour la plus bel_494087/tri")): Object: 'Object Repository/Page_Concours photo  votez pour la plus bel_494087/tri' is clicked on

2022-07-19 17:07:27 - [MESSAGE][PASSED] - Object: 'Object Repository/Page_Concours photo  votez pour la plus bel_494087/tri' is clicked on

2022-07-19 17:07:27 - [TEST_STEP][PASSED] - click(findTestObject("Page_Concours photo  votez pour la plus bel_494087/plus de votes")): Object: 'Object Repository/Page_Concours photo  votez pour la plus bel_494087/plus de votes' is clicked on

2022-07-19 17:07:28 - [MESSAGE][PASSED] - Object: 'Object Repository/Page_Concours photo  votez pour la plus bel_494087/plus de votes' is clicked on

2022-07-19 17:07:30 - [TEST_STEP][PASSED] - click(findTestObject("Object Repository/Page_Concours photo  votez pour la plus bel_494087/i_Votes_fa fa-heart")): Object: 'Object Repository/Page_Concours photo  votez pour la plus bel_494087/i_Votes_fa fa-heart' is clicked on

2022-07-19 17:07:31 - [MESSAGE][PASSED] - Object: 'Object Repository/Page_Concours photo  votez pour la plus bel_494087/i_Votes_fa fa-heart' is clicked on

2022-07-19 17:07:31 - [TEST_STEP][PASSED] - delay(1): Delayed 1 second(s)

2022-07-19 17:07:32 - [MESSAGE][PASSED] - Delayed 1 second(s)

2022-07-19 17:07:32 - [TEST_STEP][PASSED] - closeBrowser(): Browser is closed

2022-07-19 17:07:32 - [MESSAGE][PASSED] - Browser is closed]]></system-out>
         <system-err><![CDATA[]]></system-err>
      </testcase>
      <testcase name="Test Cases/Vote" time="26.061" classname="Test Cases/Vote" status="PASSED">
         <system-out><![CDATA[2022-07-19 17:07:32 - [TEST_CASE][PASSED] - Test Cases/Vote: Test Cases/Vote

2022-07-19 17:07:32 - [TEST_STEP][PASSED] - openBrowser(""): Browser is opened with url: ''

2022-07-19 17:07:32 - [MESSAGE][INFO] - Starting 'Chrome' driver

2022-07-19 17:07:32 - [MESSAGE][INFO] - Action delay is set to 0 milliseconds

2022-07-19 17:07:33 - [MESSAGE][PASSED] - Browser is opened with url: ''

2022-07-19 17:07:33 - [TEST_STEP][PASSED] - navigateToUrl("https://lesechosdutouquet.nordlittoral.fr/147787/article/2022-06-30/concours-photo-montrez-nous-la-plus-belle-photo-de-votre-chien-en-promenade-sur#l5lb6r47qsmp9ur58y"): Navigate to 'https://lesechosdutouquet.nordlittoral.fr/147787/article/2022-06-30/concours-photo-montrez-nous-la-plus-belle-photo-de-votre-chien-en-promenade-sur#l5lb6r47qsmp9ur58y' successfully

2022-07-19 17:07:36 - [MESSAGE][PASSED] - Navigate to 'https://lesechosdutouquet.nordlittoral.fr/147787/article/2022-06-30/concours-photo-montrez-nous-la-plus-belle-photo-de-votre-chien-en-promenade-sur#l5lb6r47qsmp9ur58y' successfully

2022-07-19 17:07:36 - [TEST_STEP][PASSED] - setViewPortSize(1920, 1080): Viewport is set to new size with width = 1920 and height = 1080

2022-07-19 17:07:36 - [MESSAGE][PASSED] - Viewport is set to new size with width = 1920 and height = 1080

2022-07-19 17:07:36 - [TEST_STEP][PASSED] - click(findTestObject("Object Repository/Page_Concours photo  votez pour la plus bel_494087/button_Accepter  Fermer")): Object: 'Object Repository/Page_Concours photo  votez pour la plus bel_494087/button_Accepter  Fermer' is clicked on

2022-07-19 17:07:37 - [MESSAGE][PASSED] - Object: 'Object Repository/Page_Concours photo  votez pour la plus bel_494087/button_Accepter  Fermer' is clicked on

2022-07-19 17:07:37 - [TEST_STEP][PASSED] - waitForElementVisible(findTestObject("Object Repository/Page_Concours photo  votez pour la plus bel_494087/a_X"), 15): Object 'Object Repository/Page_Concours photo  votez pour la plus bel_494087/a_X' is visible

2022-07-19 17:07:44 - [MESSAGE][PASSED] - Object 'Object Repository/Page_Concours photo  votez pour la plus bel_494087/a_X' is visible

2022-07-19 17:07:44 - [TEST_STEP][PASSED] - click(findTestObject("Object Repository/Page_Concours photo  votez pour la plus bel_494087/a_X")): Object: 'Object Repository/Page_Concours photo  votez pour la plus bel_494087/a_X' is clicked on

2022-07-19 17:07:44 - [MESSAGE][PASSED] - Object: 'Object Repository/Page_Concours photo  votez pour la plus bel_494087/a_X' is clicked on

2022-07-19 17:07:44 - [TEST_STEP][PASSED] - delay(1): Delayed 1 second(s)

2022-07-19 17:07:45 - [MESSAGE][PASSED] - Delayed 1 second(s)

2022-07-19 17:07:45 - [TEST_STEP][PASSED] - click(findTestObject("Object Repository/Page_Concours photo  votez pour la plus bel_494087/input_concat(Votez pour le plus beau chien de la cte d, , Opale )_jouer")): Object: 'Object Repository/Page_Concours photo  votez pour la plus bel_494087/input_concat(Votez pour le plus beau chien de la cte d, , Opale )_jouer' is clicked on

2022-07-19 17:07:46 - [MESSAGE][PASSED] - Object: 'Object Repository/Page_Concours photo  votez pour la plus bel_494087/input_concat(Votez pour le plus beau chien de la cte d, , Opale )_jouer' is clicked on

2022-07-19 17:07:46 - [TEST_STEP][PASSED] - if (verifyElementPresent(findTestObject("Page_Concours photo  votez pour la plus bel_494087/input_concat(Votez pour le plus beau chien de la cte d, , Opale )_jouer"), 1, OPTIONAL)): null

2022-07-19 17:07:47 - [MESSAGE][PASSED] - Object 'Object Repository/Page_Concours photo  votez pour la plus bel_494087/input_concat(Votez pour le plus beau chien de la cte d, , Opale )_jouer' is present

2022-07-19 17:07:47 - [TEST_STEP][PASSED] - click(findTestObject("Object Repository/Page_Concours photo  votez pour la plus bel_494087/input_concat(Votez pour le plus beau chien de la cte d, , Opale )_jouer")): Object: 'Object Repository/Page_Concours photo  votez pour la plus bel_494087/input_concat(Votez pour le plus beau chien de la cte d, , Opale )_jouer' is clicked on

2022-07-19 17:07:48 - [MESSAGE][PASSED] - Object: 'Object Repository/Page_Concours photo  votez pour la plus bel_494087/input_concat(Votez pour le plus beau chien de la cte d, , Opale )_jouer' is clicked on

2022-07-19 17:07:48 - [TEST_STEP][PASSED] - delay(1): Delayed 1 second(s)

2022-07-19 17:07:49 - [MESSAGE][PASSED] - Delayed 1 second(s)

2022-07-19 17:07:49 - [TEST_STEP][PASSED] - setText(findTestObject("Object Repository/Page_Concours photo  votez pour la plus bel_494087/input_trie par_keyword"), "Gaspard"): Text 'Gaspard' is set on object 'Object Repository/Page_Concours photo  votez pour la plus bel_494087/input_trie par_keyword'

2022-07-19 17:07:52 - [MESSAGE][PASSED] - Text 'Gaspard' is set on object 'Object Repository/Page_Concours photo  votez pour la plus bel_494087/input_trie par_keyword'

2022-07-19 17:07:52 - [TEST_STEP][PASSED] - sendKeys(findTestObject("Page_Concours photo  votez pour la plus bel_494087/input_trie par_keyword"), Keys.chord(ENTER)): Keys 'ENTER + ' sent to object: 'Object Repository/Page_Concours photo  votez pour la plus bel_494087/input_trie par_keyword'

2022-07-19 17:07:54 - [MESSAGE][PASSED] - Keys 'ENTER + ' sent to object: 'Object Repository/Page_Concours photo  votez pour la plus bel_494087/input_trie par_keyword'

2022-07-19 17:07:54 - [TEST_STEP][PASSED] - click(findTestObject("Page_Concours photo  votez pour la plus bel_494087/tri")): Object: 'Object Repository/Page_Concours photo  votez pour la plus bel_494087/tri' is clicked on

2022-07-19 17:07:54 - [MESSAGE][PASSED] - Object: 'Object Repository/Page_Concours photo  votez pour la plus bel_494087/tri' is clicked on

2022-07-19 17:07:54 - [TEST_STEP][PASSED] - click(findTestObject("Page_Concours photo  votez pour la plus bel_494087/plus de votes")): Object: 'Object Repository/Page_Concours photo  votez pour la plus bel_494087/plus de votes' is clicked on

2022-07-19 17:07:55 - [MESSAGE][PASSED] - Object: 'Object Repository/Page_Concours photo  votez pour la plus bel_494087/plus de votes' is clicked on

2022-07-19 17:07:56 - [TEST_STEP][PASSED] - click(findTestObject("Object Repository/Page_Concours photo  votez pour la plus bel_494087/i_Votes_fa fa-heart")): Object: 'Object Repository/Page_Concours photo  votez pour la plus bel_494087/i_Votes_fa fa-heart' is clicked on

2022-07-19 17:07:57 - [MESSAGE][PASSED] - Object: 'Object Repository/Page_Concours photo  votez pour la plus bel_494087/i_Votes_fa fa-heart' is clicked on

2022-07-19 17:07:57 - [TEST_STEP][PASSED] - delay(1): Delayed 1 second(s)

2022-07-19 17:07:58 - [MESSAGE][PASSED] - Delayed 1 second(s)

2022-07-19 17:07:58 - [TEST_STEP][PASSED] - closeBrowser(): Browser is closed

2022-07-19 17:07:58 - [MESSAGE][PASSED] - Browser is closed]]></system-out>
         <system-err><![CDATA[]]></system-err>
      </testcase>
      <testcase name="Test Cases/Vote" time="38.523" classname="Test Cases/Vote" status="PASSED">
         <system-out><![CDATA[2022-07-19 17:07:58 - [TEST_CASE][PASSED] - Test Cases/Vote: Test Cases/Vote

2022-07-19 17:07:58 - [TEST_STEP][PASSED] - openBrowser(""): Browser is opened with url: ''

2022-07-19 17:07:58 - [MESSAGE][INFO] - Starting 'Chrome' driver

2022-07-19 17:07:58 - [MESSAGE][INFO] - Action delay is set to 0 milliseconds

2022-07-19 17:07:59 - [MESSAGE][PASSED] - Browser is opened with url: ''

2022-07-19 17:07:59 - [TEST_STEP][PASSED] - navigateToUrl("https://lesechosdutouquet.nordlittoral.fr/147787/article/2022-06-30/concours-photo-montrez-nous-la-plus-belle-photo-de-votre-chien-en-promenade-sur#l5lb6r47qsmp9ur58y"): Navigate to 'https://lesechosdutouquet.nordlittoral.fr/147787/article/2022-06-30/concours-photo-montrez-nous-la-plus-belle-photo-de-votre-chien-en-promenade-sur#l5lb6r47qsmp9ur58y' successfully

2022-07-19 17:08:14 - [MESSAGE][PASSED] - Navigate to 'https://lesechosdutouquet.nordlittoral.fr/147787/article/2022-06-30/concours-photo-montrez-nous-la-plus-belle-photo-de-votre-chien-en-promenade-sur#l5lb6r47qsmp9ur58y' successfully

2022-07-19 17:08:14 - [TEST_STEP][PASSED] - setViewPortSize(1920, 1080): Viewport is set to new size with width = 1920 and height = 1080

2022-07-19 17:08:14 - [MESSAGE][PASSED] - Viewport is set to new size with width = 1920 and height = 1080

2022-07-19 17:08:14 - [TEST_STEP][PASSED] - click(findTestObject("Object Repository/Page_Concours photo  votez pour la plus bel_494087/button_Accepter  Fermer")): Object: 'Object Repository/Page_Concours photo  votez pour la plus bel_494087/button_Accepter  Fermer' is clicked on

2022-07-19 17:08:16 - [MESSAGE][PASSED] - Object: 'Object Repository/Page_Concours photo  votez pour la plus bel_494087/button_Accepter  Fermer' is clicked on

2022-07-19 17:08:16 - [TEST_STEP][PASSED] - waitForElementVisible(findTestObject("Object Repository/Page_Concours photo  votez pour la plus bel_494087/a_X"), 15): Object 'Object Repository/Page_Concours photo  votez pour la plus bel_494087/a_X' is visible

2022-07-19 17:08:23 - [MESSAGE][PASSED] - Object 'Object Repository/Page_Concours photo  votez pour la plus bel_494087/a_X' is visible

2022-07-19 17:08:23 - [TEST_STEP][PASSED] - click(findTestObject("Object Repository/Page_Concours photo  votez pour la plus bel_494087/a_X")): Object: 'Object Repository/Page_Concours photo  votez pour la plus bel_494087/a_X' is clicked on

2022-07-19 17:08:23 - [MESSAGE][PASSED] - Object: 'Object Repository/Page_Concours photo  votez pour la plus bel_494087/a_X' is clicked on

2022-07-19 17:08:23 - [TEST_STEP][PASSED] - delay(1): Delayed 1 second(s)

2022-07-19 17:08:24 - [MESSAGE][PASSED] - Delayed 1 second(s)

2022-07-19 17:08:24 - [TEST_STEP][PASSED] - click(findTestObject("Object Repository/Page_Concours photo  votez pour la plus bel_494087/input_concat(Votez pour le plus beau chien de la cte d, , Opale )_jouer")): Object: 'Object Repository/Page_Concours photo  votez pour la plus bel_494087/input_concat(Votez pour le plus beau chien de la cte d, , Opale )_jouer' is clicked on

2022-07-19 17:08:25 - [MESSAGE][PASSED] - Object: 'Object Repository/Page_Concours photo  votez pour la plus bel_494087/input_concat(Votez pour le plus beau chien de la cte d, , Opale )_jouer' is clicked on

2022-07-19 17:08:25 - [TEST_STEP][PASSED] - if (verifyElementPresent(findTestObject("Page_Concours photo  votez pour la plus bel_494087/input_concat(Votez pour le plus beau chien de la cte d, , Opale )_jouer"), 1, OPTIONAL)): null

2022-07-19 17:08:26 - [MESSAGE][PASSED] - Object 'Object Repository/Page_Concours photo  votez pour la plus bel_494087/input_concat(Votez pour le plus beau chien de la cte d, , Opale )_jouer' is present

2022-07-19 17:08:26 - [TEST_STEP][PASSED] - click(findTestObject("Object Repository/Page_Concours photo  votez pour la plus bel_494087/input_concat(Votez pour le plus beau chien de la cte d, , Opale )_jouer")): Object: 'Object Repository/Page_Concours photo  votez pour la plus bel_494087/input_concat(Votez pour le plus beau chien de la cte d, , Opale )_jouer' is clicked on

2022-07-19 17:08:27 - [MESSAGE][PASSED] - Object: 'Object Repository/Page_Concours photo  votez pour la plus bel_494087/input_concat(Votez pour le plus beau chien de la cte d, , Opale )_jouer' is clicked on

2022-07-19 17:08:27 - [TEST_STEP][PASSED] - delay(1): Delayed 1 second(s)

2022-07-19 17:08:28 - [MESSAGE][PASSED] - Delayed 1 second(s)

2022-07-19 17:08:28 - [TEST_STEP][PASSED] - setText(findTestObject("Object Repository/Page_Concours photo  votez pour la plus bel_494087/input_trie par_keyword"), "Gaspard"): Text 'Gaspard' is set on object 'Object Repository/Page_Concours photo  votez pour la plus bel_494087/input_trie par_keyword'

2022-07-19 17:08:31 - [MESSAGE][PASSED] - Text 'Gaspard' is set on object 'Object Repository/Page_Concours photo  votez pour la plus bel_494087/input_trie par_keyword'

2022-07-19 17:08:31 - [TEST_STEP][PASSED] - sendKeys(findTestObject("Page_Concours photo  votez pour la plus bel_494087/input_trie par_keyword"), Keys.chord(ENTER)): Keys 'ENTER + ' sent to object: 'Object Repository/Page_Concours photo  votez pour la plus bel_494087/input_trie par_keyword'

2022-07-19 17:08:32 - [MESSAGE][PASSED] - Keys 'ENTER + ' sent to object: 'Object Repository/Page_Concours photo  votez pour la plus bel_494087/input_trie par_keyword'

2022-07-19 17:08:32 - [TEST_STEP][PASSED] - click(findTestObject("Page_Concours photo  votez pour la plus bel_494087/tri")): Object: 'Object Repository/Page_Concours photo  votez pour la plus bel_494087/tri' is clicked on

2022-07-19 17:08:33 - [MESSAGE][PASSED] - Object: 'Object Repository/Page_Concours photo  votez pour la plus bel_494087/tri' is clicked on

2022-07-19 17:08:33 - [TEST_STEP][PASSED] - click(findTestObject("Page_Concours photo  votez pour la plus bel_494087/plus de votes")): Object: 'Object Repository/Page_Concours photo  votez pour la plus bel_494087/plus de votes' is clicked on

2022-07-19 17:08:33 - [MESSAGE][PASSED] - Object: 'Object Repository/Page_Concours photo  votez pour la plus bel_494087/plus de votes' is clicked on

2022-07-19 17:08:35 - [TEST_STEP][PASSED] - click(findTestObject("Object Repository/Page_Concours photo  votez pour la plus bel_494087/i_Votes_fa fa-heart")): Object: 'Object Repository/Page_Concours photo  votez pour la plus bel_494087/i_Votes_fa fa-heart' is clicked on

2022-07-19 17:08:35 - [MESSAGE][PASSED] - Object: 'Object Repository/Page_Concours photo  votez pour la plus bel_494087/i_Votes_fa fa-heart' is clicked on

2022-07-19 17:08:35 - [TEST_STEP][PASSED] - delay(1): Delayed 1 second(s)

2022-07-19 17:08:36 - [MESSAGE][PASSED] - Delayed 1 second(s)

2022-07-19 17:08:36 - [TEST_STEP][PASSED] - closeBrowser(): Browser is closed

2022-07-19 17:08:36 - [MESSAGE][PASSED] - Browser is closed]]></system-out>
         <system-err><![CDATA[]]></system-err>
      </testcase>
      <testcase name="Test Cases/Vote" time="25.333" classname="Test Cases/Vote" status="PASSED">
         <system-out><![CDATA[2022-07-19 17:08:36 - [TEST_CASE][PASSED] - Test Cases/Vote: Test Cases/Vote

2022-07-19 17:08:36 - [TEST_STEP][PASSED] - openBrowser(""): Browser is opened with url: ''

2022-07-19 17:08:36 - [MESSAGE][INFO] - Starting 'Chrome' driver

2022-07-19 17:08:36 - [MESSAGE][INFO] - Action delay is set to 0 milliseconds

2022-07-19 17:08:38 - [MESSAGE][PASSED] - Browser is opened with url: ''

2022-07-19 17:08:38 - [TEST_STEP][PASSED] - navigateToUrl("https://lesechosdutouquet.nordlittoral.fr/147787/article/2022-06-30/concours-photo-montrez-nous-la-plus-belle-photo-de-votre-chien-en-promenade-sur#l5lb6r47qsmp9ur58y"): Navigate to 'https://lesechosdutouquet.nordlittoral.fr/147787/article/2022-06-30/concours-photo-montrez-nous-la-plus-belle-photo-de-votre-chien-en-promenade-sur#l5lb6r47qsmp9ur58y' successfully

2022-07-19 17:08:41 - [MESSAGE][PASSED] - Navigate to 'https://lesechosdutouquet.nordlittoral.fr/147787/article/2022-06-30/concours-photo-montrez-nous-la-plus-belle-photo-de-votre-chien-en-promenade-sur#l5lb6r47qsmp9ur58y' successfully

2022-07-19 17:08:41 - [TEST_STEP][PASSED] - setViewPortSize(1920, 1080): Viewport is set to new size with width = 1920 and height = 1080

2022-07-19 17:08:41 - [MESSAGE][PASSED] - Viewport is set to new size with width = 1920 and height = 1080

2022-07-19 17:08:41 - [TEST_STEP][PASSED] - click(findTestObject("Object Repository/Page_Concours photo  votez pour la plus bel_494087/button_Accepter  Fermer")): Object: 'Object Repository/Page_Concours photo  votez pour la plus bel_494087/button_Accepter  Fermer' is clicked on

2022-07-19 17:08:42 - [MESSAGE][PASSED] - Object: 'Object Repository/Page_Concours photo  votez pour la plus bel_494087/button_Accepter  Fermer' is clicked on

2022-07-19 17:08:42 - [TEST_STEP][PASSED] - waitForElementVisible(findTestObject("Object Repository/Page_Concours photo  votez pour la plus bel_494087/a_X"), 15): Object 'Object Repository/Page_Concours photo  votez pour la plus bel_494087/a_X' is visible

2022-07-19 17:08:49 - [MESSAGE][PASSED] - Object 'Object Repository/Page_Concours photo  votez pour la plus bel_494087/a_X' is visible

2022-07-19 17:08:49 - [TEST_STEP][PASSED] - click(findTestObject("Object Repository/Page_Concours photo  votez pour la plus bel_494087/a_X")): Object: 'Object Repository/Page_Concours photo  votez pour la plus bel_494087/a_X' is clicked on

2022-07-19 17:08:49 - [MESSAGE][PASSED] - Object: 'Object Repository/Page_Concours photo  votez pour la plus bel_494087/a_X' is clicked on

2022-07-19 17:08:49 - [TEST_STEP][PASSED] - delay(1): Delayed 1 second(s)

2022-07-19 17:08:50 - [MESSAGE][PASSED] - Delayed 1 second(s)

2022-07-19 17:08:50 - [TEST_STEP][PASSED] - click(findTestObject("Object Repository/Page_Concours photo  votez pour la plus bel_494087/input_concat(Votez pour le plus beau chien de la cte d, , Opale )_jouer")): Object: 'Object Repository/Page_Concours photo  votez pour la plus bel_494087/input_concat(Votez pour le plus beau chien de la cte d, , Opale )_jouer' is clicked on

2022-07-19 17:08:51 - [MESSAGE][PASSED] - Object: 'Object Repository/Page_Concours photo  votez pour la plus bel_494087/input_concat(Votez pour le plus beau chien de la cte d, , Opale )_jouer' is clicked on

2022-07-19 17:08:51 - [TEST_STEP][PASSED] - if (verifyElementPresent(findTestObject("Page_Concours photo  votez pour la plus bel_494087/input_concat(Votez pour le plus beau chien de la cte d, , Opale )_jouer"), 1, OPTIONAL)): null

2022-07-19 17:08:52 - [MESSAGE][PASSED] - Object 'Object Repository/Page_Concours photo  votez pour la plus bel_494087/input_concat(Votez pour le plus beau chien de la cte d, , Opale )_jouer' is present

2022-07-19 17:08:52 - [TEST_STEP][PASSED] - click(findTestObject("Object Repository/Page_Concours photo  votez pour la plus bel_494087/input_concat(Votez pour le plus beau chien de la cte d, , Opale )_jouer")): Object: 'Object Repository/Page_Concours photo  votez pour la plus bel_494087/input_concat(Votez pour le plus beau chien de la cte d, , Opale )_jouer' is clicked on

2022-07-19 17:08:53 - [MESSAGE][PASSED] - Object: 'Object Repository/Page_Concours photo  votez pour la plus bel_494087/input_concat(Votez pour le plus beau chien de la cte d, , Opale )_jouer' is clicked on

2022-07-19 17:08:53 - [TEST_STEP][PASSED] - delay(1): Delayed 1 second(s)

2022-07-19 17:08:54 - [MESSAGE][PASSED] - Delayed 1 second(s)

2022-07-19 17:08:54 - [TEST_STEP][PASSED] - setText(findTestObject("Object Repository/Page_Concours photo  votez pour la plus bel_494087/input_trie par_keyword"), "Gaspard"): Text 'Gaspard' is set on object 'Object Repository/Page_Concours photo  votez pour la plus bel_494087/input_trie par_keyword'

2022-07-19 17:08:56 - [MESSAGE][PASSED] - Text 'Gaspard' is set on object 'Object Repository/Page_Concours photo  votez pour la plus bel_494087/input_trie par_keyword'

2022-07-19 17:08:56 - [TEST_STEP][PASSED] - sendKeys(findTestObject("Page_Concours photo  votez pour la plus bel_494087/input_trie par_keyword"), Keys.chord(ENTER)): Keys 'ENTER + ' sent to object: 'Object Repository/Page_Concours photo  votez pour la plus bel_494087/input_trie par_keyword'

2022-07-19 17:08:57 - [MESSAGE][PASSED] - Keys 'ENTER + ' sent to object: 'Object Repository/Page_Concours photo  votez pour la plus bel_494087/input_trie par_keyword'

2022-07-19 17:08:57 - [TEST_STEP][PASSED] - click(findTestObject("Page_Concours photo  votez pour la plus bel_494087/tri")): Object: 'Object Repository/Page_Concours photo  votez pour la plus bel_494087/tri' is clicked on

2022-07-19 17:08:58 - [MESSAGE][PASSED] - Object: 'Object Repository/Page_Concours photo  votez pour la plus bel_494087/tri' is clicked on

2022-07-19 17:08:58 - [TEST_STEP][PASSED] - click(findTestObject("Page_Concours photo  votez pour la plus bel_494087/plus de votes")): Object: 'Object Repository/Page_Concours photo  votez pour la plus bel_494087/plus de votes' is clicked on

2022-07-19 17:08:58 - [MESSAGE][PASSED] - Object: 'Object Repository/Page_Concours photo  votez pour la plus bel_494087/plus de votes' is clicked on

2022-07-19 17:09:00 - [TEST_STEP][PASSED] - click(findTestObject("Object Repository/Page_Concours photo  votez pour la plus bel_494087/i_Votes_fa fa-heart")): Object: 'Object Repository/Page_Concours photo  votez pour la plus bel_494087/i_Votes_fa fa-heart' is clicked on

2022-07-19 17:09:00 - [MESSAGE][PASSED] - Object: 'Object Repository/Page_Concours photo  votez pour la plus bel_494087/i_Votes_fa fa-heart' is clicked on

2022-07-19 17:09:00 - [TEST_STEP][PASSED] - delay(1): Delayed 1 second(s)

2022-07-19 17:09:01 - [MESSAGE][PASSED] - Delayed 1 second(s)

2022-07-19 17:09:01 - [TEST_STEP][PASSED] - closeBrowser(): Browser is closed

2022-07-19 17:09:02 - [MESSAGE][PASSED] - Browser is closed]]></system-out>
         <system-err><![CDATA[]]></system-err>
      </testcase>
      <testcase name="Test Cases/Vote" time="23.78" classname="Test Cases/Vote" status="PASSED">
         <system-out><![CDATA[2022-07-19 17:09:02 - [TEST_CASE][PASSED] - Test Cases/Vote: Test Cases/Vote

2022-07-19 17:09:02 - [TEST_STEP][PASSED] - openBrowser(""): Browser is opened with url: ''

2022-07-19 17:09:02 - [MESSAGE][INFO] - Starting 'Chrome' driver

2022-07-19 17:09:02 - [MESSAGE][INFO] - Action delay is set to 0 milliseconds

2022-07-19 17:09:03 - [MESSAGE][PASSED] - Browser is opened with url: ''

2022-07-19 17:09:03 - [TEST_STEP][PASSED] - navigateToUrl("https://lesechosdutouquet.nordlittoral.fr/147787/article/2022-06-30/concours-photo-montrez-nous-la-plus-belle-photo-de-votre-chien-en-promenade-sur#l5lb6r47qsmp9ur58y"): Navigate to 'https://lesechosdutouquet.nordlittoral.fr/147787/article/2022-06-30/concours-photo-montrez-nous-la-plus-belle-photo-de-votre-chien-en-promenade-sur#l5lb6r47qsmp9ur58y' successfully

2022-07-19 17:09:07 - [MESSAGE][PASSED] - Navigate to 'https://lesechosdutouquet.nordlittoral.fr/147787/article/2022-06-30/concours-photo-montrez-nous-la-plus-belle-photo-de-votre-chien-en-promenade-sur#l5lb6r47qsmp9ur58y' successfully

2022-07-19 17:09:07 - [TEST_STEP][PASSED] - setViewPortSize(1920, 1080): Viewport is set to new size with width = 1920 and height = 1080

2022-07-19 17:09:07 - [MESSAGE][PASSED] - Viewport is set to new size with width = 1920 and height = 1080

2022-07-19 17:09:07 - [TEST_STEP][PASSED] - click(findTestObject("Object Repository/Page_Concours photo  votez pour la plus bel_494087/button_Accepter  Fermer")): Object: 'Object Repository/Page_Concours photo  votez pour la plus bel_494087/button_Accepter  Fermer' is clicked on

2022-07-19 17:09:08 - [MESSAGE][PASSED] - Object: 'Object Repository/Page_Concours photo  votez pour la plus bel_494087/button_Accepter  Fermer' is clicked on

2022-07-19 17:09:08 - [TEST_STEP][PASSED] - waitForElementVisible(findTestObject("Object Repository/Page_Concours photo  votez pour la plus bel_494087/a_X"), 15): Object 'Object Repository/Page_Concours photo  votez pour la plus bel_494087/a_X' is visible

2022-07-19 17:09:14 - [MESSAGE][PASSED] - Object 'Object Repository/Page_Concours photo  votez pour la plus bel_494087/a_X' is visible

2022-07-19 17:09:14 - [TEST_STEP][PASSED] - click(findTestObject("Object Repository/Page_Concours photo  votez pour la plus bel_494087/a_X")): Object: 'Object Repository/Page_Concours photo  votez pour la plus bel_494087/a_X' is clicked on

2022-07-19 17:09:14 - [MESSAGE][PASSED] - Object: 'Object Repository/Page_Concours photo  votez pour la plus bel_494087/a_X' is clicked on

2022-07-19 17:09:14 - [TEST_STEP][PASSED] - delay(1): Delayed 1 second(s)

2022-07-19 17:09:15 - [MESSAGE][PASSED] - Delayed 1 second(s)

2022-07-19 17:09:15 - [TEST_STEP][PASSED] - click(findTestObject("Object Repository/Page_Concours photo  votez pour la plus bel_494087/input_concat(Votez pour le plus beau chien de la cte d, , Opale )_jouer")): Object: 'Object Repository/Page_Concours photo  votez pour la plus bel_494087/input_concat(Votez pour le plus beau chien de la cte d, , Opale )_jouer' is clicked on

2022-07-19 17:09:16 - [MESSAGE][PASSED] - Object: 'Object Repository/Page_Concours photo  votez pour la plus bel_494087/input_concat(Votez pour le plus beau chien de la cte d, , Opale )_jouer' is clicked on

2022-07-19 17:09:16 - [TEST_STEP][PASSED] - if (verifyElementPresent(findTestObject("Page_Concours photo  votez pour la plus bel_494087/input_concat(Votez pour le plus beau chien de la cte d, , Opale )_jouer"), 1, OPTIONAL)): null

2022-07-19 17:09:17 - [MESSAGE][PASSED] - Object 'Object Repository/Page_Concours photo  votez pour la plus bel_494087/input_concat(Votez pour le plus beau chien de la cte d, , Opale )_jouer' is present

2022-07-19 17:09:17 - [TEST_STEP][PASSED] - click(findTestObject("Object Repository/Page_Concours photo  votez pour la plus bel_494087/input_concat(Votez pour le plus beau chien de la cte d, , Opale )_jouer")): Object: 'Object Repository/Page_Concours photo  votez pour la plus bel_494087/input_concat(Votez pour le plus beau chien de la cte d, , Opale )_jouer' is clicked on

2022-07-19 17:09:18 - [MESSAGE][PASSED] - Object: 'Object Repository/Page_Concours photo  votez pour la plus bel_494087/input_concat(Votez pour le plus beau chien de la cte d, , Opale )_jouer' is clicked on

2022-07-19 17:09:18 - [TEST_STEP][PASSED] - delay(1): Delayed 1 second(s)

2022-07-19 17:09:19 - [MESSAGE][PASSED] - Delayed 1 second(s)

2022-07-19 17:09:19 - [TEST_STEP][PASSED] - setText(findTestObject("Object Repository/Page_Concours photo  votez pour la plus bel_494087/input_trie par_keyword"), "Gaspard"): Text 'Gaspard' is set on object 'Object Repository/Page_Concours photo  votez pour la plus bel_494087/input_trie par_keyword'

2022-07-19 17:09:20 - [MESSAGE][PASSED] - Text 'Gaspard' is set on object 'Object Repository/Page_Concours photo  votez pour la plus bel_494087/input_trie par_keyword'

2022-07-19 17:09:20 - [TEST_STEP][PASSED] - sendKeys(findTestObject("Page_Concours photo  votez pour la plus bel_494087/input_trie par_keyword"), Keys.chord(ENTER)): Keys 'ENTER + ' sent to object: 'Object Repository/Page_Concours photo  votez pour la plus bel_494087/input_trie par_keyword'

2022-07-19 17:09:22 - [MESSAGE][PASSED] - Keys 'ENTER + ' sent to object: 'Object Repository/Page_Concours photo  votez pour la plus bel_494087/input_trie par_keyword'

2022-07-19 17:09:22 - [TEST_STEP][PASSED] - click(findTestObject("Page_Concours photo  votez pour la plus bel_494087/tri")): Object: 'Object Repository/Page_Concours photo  votez pour la plus bel_494087/tri' is clicked on

2022-07-19 17:09:22 - [MESSAGE][PASSED] - Object: 'Object Repository/Page_Concours photo  votez pour la plus bel_494087/tri' is clicked on

2022-07-19 17:09:22 - [TEST_STEP][PASSED] - click(findTestObject("Page_Concours photo  votez pour la plus bel_494087/plus de votes")): Object: 'Object Repository/Page_Concours photo  votez pour la plus bel_494087/plus de votes' is clicked on

2022-07-19 17:09:23 - [MESSAGE][PASSED] - Object: 'Object Repository/Page_Concours photo  votez pour la plus bel_494087/plus de votes' is clicked on

2022-07-19 17:09:24 - [TEST_STEP][PASSED] - click(findTestObject("Object Repository/Page_Concours photo  votez pour la plus bel_494087/i_Votes_fa fa-heart")): Object: 'Object Repository/Page_Concours photo  votez pour la plus bel_494087/i_Votes_fa fa-heart' is clicked on

2022-07-19 17:09:24 - [MESSAGE][PASSED] - Object: 'Object Repository/Page_Concours photo  votez pour la plus bel_494087/i_Votes_fa fa-heart' is clicked on

2022-07-19 17:09:24 - [TEST_STEP][PASSED] - delay(1): Delayed 1 second(s)

2022-07-19 17:09:25 - [MESSAGE][PASSED] - Delayed 1 second(s)

2022-07-19 17:09:25 - [TEST_STEP][PASSED] - closeBrowser(): Browser is closed

2022-07-19 17:09:26 - [MESSAGE][PASSED] - Browser is closed]]></system-out>
         <system-err><![CDATA[]]></system-err>
      </testcase>
      <testcase name="Test Cases/Vote" time="28.543" classname="Test Cases/Vote" status="PASSED">
         <system-out><![CDATA[2022-07-19 17:09:26 - [TEST_CASE][PASSED] - Test Cases/Vote: Test Cases/Vote

2022-07-19 17:09:26 - [TEST_STEP][PASSED] - openBrowser(""): Browser is opened with url: ''

2022-07-19 17:09:26 - [MESSAGE][INFO] - Starting 'Chrome' driver

2022-07-19 17:09:26 - [MESSAGE][INFO] - Action delay is set to 0 milliseconds

2022-07-19 17:09:27 - [MESSAGE][PASSED] - Browser is opened with url: ''

2022-07-19 17:09:27 - [TEST_STEP][PASSED] - navigateToUrl("https://lesechosdutouquet.nordlittoral.fr/147787/article/2022-06-30/concours-photo-montrez-nous-la-plus-belle-photo-de-votre-chien-en-promenade-sur#l5lb6r47qsmp9ur58y"): Navigate to 'https://lesechosdutouquet.nordlittoral.fr/147787/article/2022-06-30/concours-photo-montrez-nous-la-plus-belle-photo-de-votre-chien-en-promenade-sur#l5lb6r47qsmp9ur58y' successfully

2022-07-19 17:09:31 - [MESSAGE][PASSED] - Navigate to 'https://lesechosdutouquet.nordlittoral.fr/147787/article/2022-06-30/concours-photo-montrez-nous-la-plus-belle-photo-de-votre-chien-en-promenade-sur#l5lb6r47qsmp9ur58y' successfully

2022-07-19 17:09:31 - [TEST_STEP][PASSED] - setViewPortSize(1920, 1080): Viewport is set to new size with width = 1920 and height = 1080

2022-07-19 17:09:31 - [MESSAGE][PASSED] - Viewport is set to new size with width = 1920 and height = 1080

2022-07-19 17:09:31 - [TEST_STEP][PASSED] - click(findTestObject("Object Repository/Page_Concours photo  votez pour la plus bel_494087/button_Accepter  Fermer")): Object: 'Object Repository/Page_Concours photo  votez pour la plus bel_494087/button_Accepter  Fermer' is clicked on

2022-07-19 17:09:32 - [MESSAGE][PASSED] - Object: 'Object Repository/Page_Concours photo  votez pour la plus bel_494087/button_Accepter  Fermer' is clicked on

2022-07-19 17:09:32 - [TEST_STEP][PASSED] - waitForElementVisible(findTestObject("Object Repository/Page_Concours photo  votez pour la plus bel_494087/a_X"), 15): Object 'Object Repository/Page_Concours photo  votez pour la plus bel_494087/a_X' is visible

2022-07-19 17:09:39 - [MESSAGE][PASSED] - Object 'Object Repository/Page_Concours photo  votez pour la plus bel_494087/a_X' is visible

2022-07-19 17:09:39 - [TEST_STEP][PASSED] - click(findTestObject("Object Repository/Page_Concours photo  votez pour la plus bel_494087/a_X")): Object: 'Object Repository/Page_Concours photo  votez pour la plus bel_494087/a_X' is clicked on

2022-07-19 17:09:39 - [MESSAGE][PASSED] - Object: 'Object Repository/Page_Concours photo  votez pour la plus bel_494087/a_X' is clicked on

2022-07-19 17:09:39 - [TEST_STEP][PASSED] - delay(1): Delayed 1 second(s)

2022-07-19 17:09:40 - [MESSAGE][PASSED] - Delayed 1 second(s)

2022-07-19 17:09:40 - [TEST_STEP][PASSED] - click(findTestObject("Object Repository/Page_Concours photo  votez pour la plus bel_494087/input_concat(Votez pour le plus beau chien de la cte d, , Opale )_jouer")): Object: 'Object Repository/Page_Concours photo  votez pour la plus bel_494087/input_concat(Votez pour le plus beau chien de la cte d, , Opale )_jouer' is clicked on

2022-07-19 17:09:41 - [MESSAGE][PASSED] - Object: 'Object Repository/Page_Concours photo  votez pour la plus bel_494087/input_concat(Votez pour le plus beau chien de la cte d, , Opale )_jouer' is clicked on

2022-07-19 17:09:41 - [TEST_STEP][PASSED] - if (verifyElementPresent(findTestObject("Page_Concours photo  votez pour la plus bel_494087/input_concat(Votez pour le plus beau chien de la cte d, , Opale )_jouer"), 1, OPTIONAL)): null

2022-07-19 17:09:43 - [MESSAGE][PASSED] - Object 'Object Repository/Page_Concours photo  votez pour la plus bel_494087/input_concat(Votez pour le plus beau chien de la cte d, , Opale )_jouer' is present

2022-07-19 17:09:43 - [TEST_STEP][PASSED] - click(findTestObject("Object Repository/Page_Concours photo  votez pour la plus bel_494087/input_concat(Votez pour le plus beau chien de la cte d, , Opale )_jouer")): Object: 'Object Repository/Page_Concours photo  votez pour la plus bel_494087/input_concat(Votez pour le plus beau chien de la cte d, , Opale )_jouer' is clicked on

2022-07-19 17:09:43 - [MESSAGE][PASSED] - Object: 'Object Repository/Page_Concours photo  votez pour la plus bel_494087/input_concat(Votez pour le plus beau chien de la cte d, , Opale )_jouer' is clicked on

2022-07-19 17:09:43 - [TEST_STEP][PASSED] - delay(1): Delayed 1 second(s)

2022-07-19 17:09:44 - [MESSAGE][PASSED] - Delayed 1 second(s)

2022-07-19 17:09:44 - [TEST_STEP][PASSED] - setText(findTestObject("Object Repository/Page_Concours photo  votez pour la plus bel_494087/input_trie par_keyword"), "Gaspard"): Text 'Gaspard' is set on object 'Object Repository/Page_Concours photo  votez pour la plus bel_494087/input_trie par_keyword'

2022-07-19 17:09:49 - [MESSAGE][PASSED] - Text 'Gaspard' is set on object 'Object Repository/Page_Concours photo  votez pour la plus bel_494087/input_trie par_keyword'

2022-07-19 17:09:49 - [TEST_STEP][PASSED] - sendKeys(findTestObject("Page_Concours photo  votez pour la plus bel_494087/input_trie par_keyword"), Keys.chord(ENTER)): Keys 'ENTER + ' sent to object: 'Object Repository/Page_Concours photo  votez pour la plus bel_494087/input_trie par_keyword'

2022-07-19 17:09:50 - [MESSAGE][PASSED] - Keys 'ENTER + ' sent to object: 'Object Repository/Page_Concours photo  votez pour la plus bel_494087/input_trie par_keyword'

2022-07-19 17:09:50 - [TEST_STEP][PASSED] - click(findTestObject("Page_Concours photo  votez pour la plus bel_494087/tri")): Object: 'Object Repository/Page_Concours photo  votez pour la plus bel_494087/tri' is clicked on

2022-07-19 17:09:51 - [MESSAGE][PASSED] - Object: 'Object Repository/Page_Concours photo  votez pour la plus bel_494087/tri' is clicked on

2022-07-19 17:09:51 - [TEST_STEP][PASSED] - click(findTestObject("Page_Concours photo  votez pour la plus bel_494087/plus de votes")): Object: 'Object Repository/Page_Concours photo  votez pour la plus bel_494087/plus de votes' is clicked on

2022-07-19 17:09:51 - [MESSAGE][PASSED] - Object: 'Object Repository/Page_Concours photo  votez pour la plus bel_494087/plus de votes' is clicked on

2022-07-19 17:09:52 - [TEST_STEP][PASSED] - click(findTestObject("Object Repository/Page_Concours photo  votez pour la plus bel_494087/i_Votes_fa fa-heart")): Object: 'Object Repository/Page_Concours photo  votez pour la plus bel_494087/i_Votes_fa fa-heart' is clicked on

2022-07-19 17:09:53 - [MESSAGE][PASSED] - Object: 'Object Repository/Page_Concours photo  votez pour la plus bel_494087/i_Votes_fa fa-heart' is clicked on

2022-07-19 17:09:53 - [TEST_STEP][PASSED] - delay(1): Delayed 1 second(s)

2022-07-19 17:09:54 - [MESSAGE][PASSED] - Delayed 1 second(s)

2022-07-19 17:09:54 - [TEST_STEP][PASSED] - closeBrowser(): Browser is closed

2022-07-19 17:09:54 - [MESSAGE][PASSED] - Browser is closed]]></system-out>
         <system-err><![CDATA[]]></system-err>
      </testcase>
      <testcase name="Test Cases/Vote" time="25.546" classname="Test Cases/Vote" status="PASSED">
         <system-out><![CDATA[2022-07-19 17:09:54 - [TEST_CASE][PASSED] - Test Cases/Vote: Test Cases/Vote

2022-07-19 17:09:54 - [TEST_STEP][PASSED] - openBrowser(""): Browser is opened with url: ''

2022-07-19 17:09:54 - [MESSAGE][INFO] - Starting 'Chrome' driver

2022-07-19 17:09:54 - [MESSAGE][INFO] - Action delay is set to 0 milliseconds

2022-07-19 17:09:55 - [MESSAGE][PASSED] - Browser is opened with url: ''

2022-07-19 17:09:55 - [TEST_STEP][PASSED] - navigateToUrl("https://lesechosdutouquet.nordlittoral.fr/147787/article/2022-06-30/concours-photo-montrez-nous-la-plus-belle-photo-de-votre-chien-en-promenade-sur#l5lb6r47qsmp9ur58y"): Navigate to 'https://lesechosdutouquet.nordlittoral.fr/147787/article/2022-06-30/concours-photo-montrez-nous-la-plus-belle-photo-de-votre-chien-en-promenade-sur#l5lb6r47qsmp9ur58y' successfully

2022-07-19 17:09:58 - [MESSAGE][PASSED] - Navigate to 'https://lesechosdutouquet.nordlittoral.fr/147787/article/2022-06-30/concours-photo-montrez-nous-la-plus-belle-photo-de-votre-chien-en-promenade-sur#l5lb6r47qsmp9ur58y' successfully

2022-07-19 17:09:58 - [TEST_STEP][PASSED] - setViewPortSize(1920, 1080): Viewport is set to new size with width = 1920 and height = 1080

2022-07-19 17:09:58 - [MESSAGE][PASSED] - Viewport is set to new size with width = 1920 and height = 1080

2022-07-19 17:09:58 - [TEST_STEP][PASSED] - click(findTestObject("Object Repository/Page_Concours photo  votez pour la plus bel_494087/button_Accepter  Fermer")): Object: 'Object Repository/Page_Concours photo  votez pour la plus bel_494087/button_Accepter  Fermer' is clicked on

2022-07-19 17:09:59 - [MESSAGE][PASSED] - Object: 'Object Repository/Page_Concours photo  votez pour la plus bel_494087/button_Accepter  Fermer' is clicked on

2022-07-19 17:09:59 - [TEST_STEP][PASSED] - waitForElementVisible(findTestObject("Object Repository/Page_Concours photo  votez pour la plus bel_494087/a_X"), 15): Object 'Object Repository/Page_Concours photo  votez pour la plus bel_494087/a_X' is visible

2022-07-19 17:10:06 - [MESSAGE][PASSED] - Object 'Object Repository/Page_Concours photo  votez pour la plus bel_494087/a_X' is visible

2022-07-19 17:10:06 - [TEST_STEP][PASSED] - click(findTestObject("Object Repository/Page_Concours photo  votez pour la plus bel_494087/a_X")): Object: 'Object Repository/Page_Concours photo  votez pour la plus bel_494087/a_X' is clicked on

2022-07-19 17:10:07 - [MESSAGE][PASSED] - Object: 'Object Repository/Page_Concours photo  votez pour la plus bel_494087/a_X' is clicked on

2022-07-19 17:10:07 - [TEST_STEP][PASSED] - delay(1): Delayed 1 second(s)

2022-07-19 17:10:08 - [MESSAGE][PASSED] - Delayed 1 second(s)

2022-07-19 17:10:08 - [TEST_STEP][PASSED] - click(findTestObject("Object Repository/Page_Concours photo  votez pour la plus bel_494087/input_concat(Votez pour le plus beau chien de la cte d, , Opale )_jouer")): Object: 'Object Repository/Page_Concours photo  votez pour la plus bel_494087/input_concat(Votez pour le plus beau chien de la cte d, , Opale )_jouer' is clicked on

2022-07-19 17:10:08 - [MESSAGE][PASSED] - Object: 'Object Repository/Page_Concours photo  votez pour la plus bel_494087/input_concat(Votez pour le plus beau chien de la cte d, , Opale )_jouer' is clicked on

2022-07-19 17:10:09 - [TEST_STEP][PASSED] - if (verifyElementPresent(findTestObject("Page_Concours photo  votez pour la plus bel_494087/input_concat(Votez pour le plus beau chien de la cte d, , Opale )_jouer"), 1, OPTIONAL)): null

2022-07-19 17:10:10 - [MESSAGE][PASSED] - Object 'Object Repository/Page_Concours photo  votez pour la plus bel_494087/input_concat(Votez pour le plus beau chien de la cte d, , Opale )_jouer' is present

2022-07-19 17:10:10 - [TEST_STEP][PASSED] - click(findTestObject("Object Repository/Page_Concours photo  votez pour la plus bel_494087/input_concat(Votez pour le plus beau chien de la cte d, , Opale )_jouer")): Object: 'Object Repository/Page_Concours photo  votez pour la plus bel_494087/input_concat(Votez pour le plus beau chien de la cte d, , Opale )_jouer' is clicked on

2022-07-19 17:10:10 - [MESSAGE][PASSED] - Object: 'Object Repository/Page_Concours photo  votez pour la plus bel_494087/input_concat(Votez pour le plus beau chien de la cte d, , Opale )_jouer' is clicked on

2022-07-19 17:10:10 - [TEST_STEP][PASSED] - delay(1): Delayed 1 second(s)

2022-07-19 17:10:11 - [MESSAGE][PASSED] - Delayed 1 second(s)

2022-07-19 17:10:11 - [TEST_STEP][PASSED] - setText(findTestObject("Object Repository/Page_Concours photo  votez pour la plus bel_494087/input_trie par_keyword"), "Gaspard"): Text 'Gaspard' is set on object 'Object Repository/Page_Concours photo  votez pour la plus bel_494087/input_trie par_keyword'

2022-07-19 17:10:13 - [MESSAGE][PASSED] - Text 'Gaspard' is set on object 'Object Repository/Page_Concours photo  votez pour la plus bel_494087/input_trie par_keyword'

2022-07-19 17:10:13 - [TEST_STEP][PASSED] - sendKeys(findTestObject("Page_Concours photo  votez pour la plus bel_494087/input_trie par_keyword"), Keys.chord(ENTER)): Keys 'ENTER + ' sent to object: 'Object Repository/Page_Concours photo  votez pour la plus bel_494087/input_trie par_keyword'

2022-07-19 17:10:15 - [MESSAGE][PASSED] - Keys 'ENTER + ' sent to object: 'Object Repository/Page_Concours photo  votez pour la plus bel_494087/input_trie par_keyword'

2022-07-19 17:10:15 - [TEST_STEP][PASSED] - click(findTestObject("Page_Concours photo  votez pour la plus bel_494087/tri")): Object: 'Object Repository/Page_Concours photo  votez pour la plus bel_494087/tri' is clicked on

2022-07-19 17:10:15 - [MESSAGE][PASSED] - Object: 'Object Repository/Page_Concours photo  votez pour la plus bel_494087/tri' is clicked on

2022-07-19 17:10:15 - [TEST_STEP][PASSED] - click(findTestObject("Page_Concours photo  votez pour la plus bel_494087/plus de votes")): Object: 'Object Repository/Page_Concours photo  votez pour la plus bel_494087/plus de votes' is clicked on

2022-07-19 17:10:16 - [MESSAGE][PASSED] - Object: 'Object Repository/Page_Concours photo  votez pour la plus bel_494087/plus de votes' is clicked on

2022-07-19 17:10:18 - [TEST_STEP][PASSED] - click(findTestObject("Object Repository/Page_Concours photo  votez pour la plus bel_494087/i_Votes_fa fa-heart")): Object: 'Object Repository/Page_Concours photo  votez pour la plus bel_494087/i_Votes_fa fa-heart' is clicked on

2022-07-19 17:10:18 - [MESSAGE][PASSED] - Object: 'Object Repository/Page_Concours photo  votez pour la plus bel_494087/i_Votes_fa fa-heart' is clicked on

2022-07-19 17:10:18 - [TEST_STEP][PASSED] - delay(1): Delayed 1 second(s)

2022-07-19 17:10:19 - [MESSAGE][PASSED] - Delayed 1 second(s)

2022-07-19 17:10:19 - [TEST_STEP][PASSED] - closeBrowser(): Browser is closed

2022-07-19 17:10:20 - [MESSAGE][PASSED] - Browser is closed]]></system-out>
         <system-err><![CDATA[]]></system-err>
      </testcase>
      <testcase name="Test Cases/Vote" time="31.414" classname="Test Cases/Vote" status="PASSED">
         <system-out><![CDATA[2022-07-19 17:10:20 - [TEST_CASE][PASSED] - Test Cases/Vote: Test Cases/Vote

2022-07-19 17:10:20 - [TEST_STEP][PASSED] - openBrowser(""): Browser is opened with url: ''

2022-07-19 17:10:20 - [MESSAGE][INFO] - Starting 'Chrome' driver

2022-07-19 17:10:20 - [MESSAGE][INFO] - Action delay is set to 0 milliseconds

2022-07-19 17:10:21 - [MESSAGE][PASSED] - Browser is opened with url: ''

2022-07-19 17:10:21 - [TEST_STEP][PASSED] - navigateToUrl("https://lesechosdutouquet.nordlittoral.fr/147787/article/2022-06-30/concours-photo-montrez-nous-la-plus-belle-photo-de-votre-chien-en-promenade-sur#l5lb6r47qsmp9ur58y"): Navigate to 'https://lesechosdutouquet.nordlittoral.fr/147787/article/2022-06-30/concours-photo-montrez-nous-la-plus-belle-photo-de-votre-chien-en-promenade-sur#l5lb6r47qsmp9ur58y' successfully

2022-07-19 17:10:28 - [MESSAGE][PASSED] - Navigate to 'https://lesechosdutouquet.nordlittoral.fr/147787/article/2022-06-30/concours-photo-montrez-nous-la-plus-belle-photo-de-votre-chien-en-promenade-sur#l5lb6r47qsmp9ur58y' successfully

2022-07-19 17:10:28 - [TEST_STEP][PASSED] - setViewPortSize(1920, 1080): Viewport is set to new size with width = 1920 and height = 1080

2022-07-19 17:10:28 - [MESSAGE][PASSED] - Viewport is set to new size with width = 1920 and height = 1080

2022-07-19 17:10:28 - [TEST_STEP][PASSED] - click(findTestObject("Object Repository/Page_Concours photo  votez pour la plus bel_494087/button_Accepter  Fermer")): Object: 'Object Repository/Page_Concours photo  votez pour la plus bel_494087/button_Accepter  Fermer' is clicked on

2022-07-19 17:10:29 - [MESSAGE][PASSED] - Object: 'Object Repository/Page_Concours photo  votez pour la plus bel_494087/button_Accepter  Fermer' is clicked on

2022-07-19 17:10:29 - [TEST_STEP][PASSED] - waitForElementVisible(findTestObject("Object Repository/Page_Concours photo  votez pour la plus bel_494087/a_X"), 15): Object 'Object Repository/Page_Concours photo  votez pour la plus bel_494087/a_X' is visible

2022-07-19 17:10:36 - [MESSAGE][PASSED] - Object 'Object Repository/Page_Concours photo  votez pour la plus bel_494087/a_X' is visible

2022-07-19 17:10:36 - [TEST_STEP][PASSED] - click(findTestObject("Object Repository/Page_Concours photo  votez pour la plus bel_494087/a_X")): Object: 'Object Repository/Page_Concours photo  votez pour la plus bel_494087/a_X' is clicked on

2022-07-19 17:10:36 - [MESSAGE][PASSED] - Object: 'Object Repository/Page_Concours photo  votez pour la plus bel_494087/a_X' is clicked on

2022-07-19 17:10:36 - [TEST_STEP][PASSED] - delay(1): Delayed 1 second(s)

2022-07-19 17:10:37 - [MESSAGE][PASSED] - Delayed 1 second(s)

2022-07-19 17:10:37 - [TEST_STEP][PASSED] - click(findTestObject("Object Repository/Page_Concours photo  votez pour la plus bel_494087/input_concat(Votez pour le plus beau chien de la cte d, , Opale )_jouer")): Object: 'Object Repository/Page_Concours photo  votez pour la plus bel_494087/input_concat(Votez pour le plus beau chien de la cte d, , Opale )_jouer' is clicked on

2022-07-19 17:10:38 - [MESSAGE][PASSED] - Object: 'Object Repository/Page_Concours photo  votez pour la plus bel_494087/input_concat(Votez pour le plus beau chien de la cte d, , Opale )_jouer' is clicked on

2022-07-19 17:10:38 - [TEST_STEP][PASSED] - if (verifyElementPresent(findTestObject("Page_Concours photo  votez pour la plus bel_494087/input_concat(Votez pour le plus beau chien de la cte d, , Opale )_jouer"), 1, OPTIONAL)): null

2022-07-19 17:10:40 - [MESSAGE][PASSED] - Object 'Object Repository/Page_Concours photo  votez pour la plus bel_494087/input_concat(Votez pour le plus beau chien de la cte d, , Opale )_jouer' is present

2022-07-19 17:10:40 - [TEST_STEP][PASSED] - click(findTestObject("Object Repository/Page_Concours photo  votez pour la plus bel_494087/input_concat(Votez pour le plus beau chien de la cte d, , Opale )_jouer")): Object: 'Object Repository/Page_Concours photo  votez pour la plus bel_494087/input_concat(Votez pour le plus beau chien de la cte d, , Opale )_jouer' is clicked on

2022-07-19 17:10:40 - [MESSAGE][PASSED] - Object: 'Object Repository/Page_Concours photo  votez pour la plus bel_494087/input_concat(Votez pour le plus beau chien de la cte d, , Opale )_jouer' is clicked on

2022-07-19 17:10:40 - [TEST_STEP][PASSED] - delay(1): Delayed 1 second(s)

2022-07-19 17:10:41 - [MESSAGE][PASSED] - Delayed 1 second(s)

2022-07-19 17:10:41 - [TEST_STEP][PASSED] - setText(findTestObject("Object Repository/Page_Concours photo  votez pour la plus bel_494087/input_trie par_keyword"), "Gaspard"): Text 'Gaspard' is set on object 'Object Repository/Page_Concours photo  votez pour la plus bel_494087/input_trie par_keyword'

2022-07-19 17:10:45 - [MESSAGE][PASSED] - Text 'Gaspard' is set on object 'Object Repository/Page_Concours photo  votez pour la plus bel_494087/input_trie par_keyword'

2022-07-19 17:10:45 - [TEST_STEP][PASSED] - sendKeys(findTestObject("Page_Concours photo  votez pour la plus bel_494087/input_trie par_keyword"), Keys.chord(ENTER)): Keys 'ENTER + ' sent to object: 'Object Repository/Page_Concours photo  votez pour la plus bel_494087/input_trie par_keyword'

2022-07-19 17:10:47 - [MESSAGE][PASSED] - Keys 'ENTER + ' sent to object: 'Object Repository/Page_Concours photo  votez pour la plus bel_494087/input_trie par_keyword'

2022-07-19 17:10:47 - [TEST_STEP][PASSED] - click(findTestObject("Page_Concours photo  votez pour la plus bel_494087/tri")): Object: 'Object Repository/Page_Concours photo  votez pour la plus bel_494087/tri' is clicked on

2022-07-19 17:10:47 - [MESSAGE][PASSED] - Object: 'Object Repository/Page_Concours photo  votez pour la plus bel_494087/tri' is clicked on

2022-07-19 17:10:47 - [TEST_STEP][PASSED] - click(findTestObject("Page_Concours photo  votez pour la plus bel_494087/plus de votes")): Object: 'Object Repository/Page_Concours photo  votez pour la plus bel_494087/plus de votes' is clicked on

2022-07-19 17:10:48 - [MESSAGE][PASSED] - Object: 'Object Repository/Page_Concours photo  votez pour la plus bel_494087/plus de votes' is clicked on

2022-07-19 17:10:49 - [TEST_STEP][PASSED] - click(findTestObject("Object Repository/Page_Concours photo  votez pour la plus bel_494087/i_Votes_fa fa-heart")): Object: 'Object Repository/Page_Concours photo  votez pour la plus bel_494087/i_Votes_fa fa-heart' is clicked on

2022-07-19 17:10:50 - [MESSAGE][PASSED] - Object: 'Object Repository/Page_Concours photo  votez pour la plus bel_494087/i_Votes_fa fa-heart' is clicked on

2022-07-19 17:10:50 - [TEST_STEP][PASSED] - delay(1): Delayed 1 second(s)

2022-07-19 17:10:51 - [MESSAGE][PASSED] - Delayed 1 second(s)

2022-07-19 17:10:51 - [TEST_STEP][PASSED] - closeBrowser(): Browser is closed

2022-07-19 17:10:51 - [MESSAGE][PASSED] - Browser is closed]]></system-out>
         <system-err><![CDATA[]]></system-err>
      </testcase>
      <system-out><![CDATA[2022-07-19 16:33:36 - [TEST_SUITE][PASSED] - New Test Suite: Test Cases/Vote]]></system-out>
      <system-err><![CDATA[]]></system-err>
   </testsuite>
</testsuites>
