<?xml version="1.0" encoding="UTF-8"?>
<testsuites name="Delay 1800" time="3601.046" tests="1" failures="0" errors="0">
   <testsuite name="Delay 1800" tests="1" failures="0" errors="0" time="3601.046" skipped="0" timestamp="2022-07-18 22:23:40" hostname="anthony - 192.168.0.39" id="Test Suites/Delay 1800">
      <properties>
         <property name="deviceName" value=""/>
         <property name="devicePlatform" value=""/>
         <property name="logFolder" value="/Users/anthony/Downloads/Gasp/Reports/20220718_191330/Delay 1800/20220718_191338"/>
         <property name="logFiles" value="/Users/anthony/Downloads/Gasp/Reports/20220718_191330/Delay 1800/20220718_191338/execution0.log"/>
         <property name="attachments" value=""/>
         <property name="hostName" value="anthony - 192.168.0.39"/>
         <property name="hostAddress" value="192.168.0.39"/>
         <property name="os" value="Mac OS X 64bit"/>
         <property name="katalonVersion" value="8.4.0.208"/>
      </properties>
      <testcase name="Test Cases/Delay 1800" time="3600.669" classname="Test Cases/Delay 1800" status="PASSED">
         <system-out><![CDATA[2022-07-18 22:23:40 - [TEST_CASE][PASSED] - Test Cases/Delay 1800: Test Cases/Delay 1800

2022-07-18 22:23:40 - [TEST_STEP][PASSED] - delay(3600): Delayed 3 600 second(s)

2022-07-18 23:23:41 - [MESSAGE][PASSED] - Delayed 3 600 second(s)]]></system-out>
         <system-err><![CDATA[]]></system-err>
      </testcase>
      <system-out><![CDATA[2022-07-18 22:23:40 - [TEST_SUITE][PASSED] - Delay 1800: Test Cases/Delay 1800]]></system-out>
      <system-err><![CDATA[]]></system-err>
   </testsuite>
</testsuites>
