<?xml version="1.0" encoding="UTF-8"?>
<testsuites name="New Test Suite" time="1699.547" tests="52" failures="0" errors="0">
   <testsuite name="New Test Suite" tests="52" failures="0" errors="0" time="1699.547" skipped="0" timestamp="2022-07-18 10:56:29" hostname="anthony - 192.168.0.7" id="Test Suites/New Test Suite">
      <properties>
         <property name="deviceName" value=""/>
         <property name="devicePlatform" value=""/>
         <property name="logFolder" value="/Users/anthony/Downloads/Gasp/Reports/20220718_083434/New Test Suite/20220718_083446"/>
         <property name="logFiles" value="/Users/anthony/Downloads/Gasp/Reports/20220718_083434/New Test Suite/20220718_083446/execution0.log"/>
         <property name="attachments" value=""/>
         <property name="hostName" value="anthony - 192.168.0.7"/>
         <property name="os" value="Mac OS X 64bit"/>
         <property name="katalonVersion" value="8.4.0.208"/>
         <property name="browser" value="Chrome 103.0.5060.114"/>
         <property name="hostAddress" value="192.168.0.7"/>
         <property name="sessionId" value="3de1a32ce720552ece88bc3e8e88eedc"/>
         <property name="seleniumVersion" value="3.141.59"/>
         <property name="proxyInformation" value="ProxyInformation { proxyOption=NO_PROXY, proxyServerType=HTTP, username=, password=********, proxyServerAddress=, proxyServerPort=0, executionList=&quot;&quot;, isApplyToDesiredCapabilities=true }"/>
         <property name="platform" value="Mac OS X"/>
      </properties>
      <testcase name="Test Cases/Vote" time="32.961" classname="Test Cases/Vote" status="PASSED">
         <system-out><![CDATA[2022-07-18 10:56:29 - [TEST_CASE][PASSED] - Test Cases/Vote: Test Cases/Vote

2022-07-18 10:56:30 - [TEST_STEP][PASSED] - openBrowser(""): Browser is opened with url: ''

2022-07-18 10:56:30 - [MESSAGE][INFO] - Starting 'Chrome' driver

2022-07-18 10:56:30 - [MESSAGE][INFO] - Action delay is set to 0 milliseconds

2022-07-18 10:56:32 - [MESSAGE][PASSED] - Browser is opened with url: ''

2022-07-18 10:56:32 - [TEST_STEP][PASSED] - navigateToUrl("https://lesechosdutouquet.nordlittoral.fr/147787/article/2022-06-30/concours-photo-montrez-nous-la-plus-belle-photo-de-votre-chien-en-promenade-sur#l5lb6r47qsmp9ur58y"): Navigate to 'https://lesechosdutouquet.nordlittoral.fr/147787/article/2022-06-30/concours-photo-montrez-nous-la-plus-belle-photo-de-votre-chien-en-promenade-sur#l5lb6r47qsmp9ur58y' successfully

2022-07-18 10:56:36 - [MESSAGE][PASSED] - Navigate to 'https://lesechosdutouquet.nordlittoral.fr/147787/article/2022-06-30/concours-photo-montrez-nous-la-plus-belle-photo-de-votre-chien-en-promenade-sur#l5lb6r47qsmp9ur58y' successfully

2022-07-18 10:56:36 - [TEST_STEP][PASSED] - setViewPortSize(1920, 1080): Viewport is set to new size with width = 1920 and height = 1080

2022-07-18 10:56:36 - [MESSAGE][PASSED] - Viewport is set to new size with width = 1920 and height = 1080

2022-07-18 10:56:36 - [TEST_STEP][PASSED] - click(findTestObject("Object Repository/Page_Concours photo  votez pour la plus bel_494087/button_Accepter  Fermer")): Object: 'Object Repository/Page_Concours photo  votez pour la plus bel_494087/button_Accepter  Fermer' is clicked on

2022-07-18 10:56:37 - [MESSAGE][PASSED] - Object: 'Object Repository/Page_Concours photo  votez pour la plus bel_494087/button_Accepter  Fermer' is clicked on

2022-07-18 10:56:37 - [TEST_STEP][PASSED] - delay(12): Delayed 12 second(s)

2022-07-18 10:56:49 - [MESSAGE][PASSED] - Delayed 12 second(s)

2022-07-18 10:56:49 - [TEST_STEP][PASSED] - click(findTestObject("Object Repository/Page_Concours photo  votez pour la plus bel_494087/a_X")): Object: 'Object Repository/Page_Concours photo  votez pour la plus bel_494087/a_X' is clicked on

2022-07-18 10:56:50 - [MESSAGE][PASSED] - Object: 'Object Repository/Page_Concours photo  votez pour la plus bel_494087/a_X' is clicked on

2022-07-18 10:56:50 - [TEST_STEP][PASSED] - delay(1): Delayed 1 second(s)

2022-07-18 10:56:51 - [MESSAGE][PASSED] - Delayed 1 second(s)

2022-07-18 10:56:51 - [TEST_STEP][PASSED] - click(findTestObject("Object Repository/Page_Concours photo  votez pour la plus bel_494087/input_concat(Votez pour le plus beau chien de la cte d, , Opale )_jouer")): Object: 'Object Repository/Page_Concours photo  votez pour la plus bel_494087/input_concat(Votez pour le plus beau chien de la cte d, , Opale )_jouer' is clicked on

2022-07-18 10:56:52 - [MESSAGE][PASSED] - Object: 'Object Repository/Page_Concours photo  votez pour la plus bel_494087/input_concat(Votez pour le plus beau chien de la cte d, , Opale )_jouer' is clicked on

2022-07-18 10:56:52 - [TEST_STEP][PASSED] - if (verifyElementPresent(findTestObject("Page_Concours photo  votez pour la plus bel_494087/input_concat(Votez pour le plus beau chien de la cte d, , Opale )_jouer"), 1, OPTIONAL)): null

2022-07-18 10:56:53 - [MESSAGE][PASSED] - Object 'Object Repository/Page_Concours photo  votez pour la plus bel_494087/input_concat(Votez pour le plus beau chien de la cte d, , Opale )_jouer' is present

2022-07-18 10:56:53 - [TEST_STEP][PASSED] - click(findTestObject("Object Repository/Page_Concours photo  votez pour la plus bel_494087/input_concat(Votez pour le plus beau chien de la cte d, , Opale )_jouer")): Object: 'Object Repository/Page_Concours photo  votez pour la plus bel_494087/input_concat(Votez pour le plus beau chien de la cte d, , Opale )_jouer' is clicked on

2022-07-18 10:56:54 - [MESSAGE][PASSED] - Object: 'Object Repository/Page_Concours photo  votez pour la plus bel_494087/input_concat(Votez pour le plus beau chien de la cte d, , Opale )_jouer' is clicked on

2022-07-18 10:56:54 - [TEST_STEP][PASSED] - delay(1): Delayed 1 second(s)

2022-07-18 10:56:55 - [MESSAGE][PASSED] - Delayed 1 second(s)

2022-07-18 10:56:55 - [TEST_STEP][PASSED] - setText(findTestObject("Object Repository/Page_Concours photo  votez pour la plus bel_494087/input_trie par_keyword"), "Gaspard"): Text 'Gaspard' is set on object 'Object Repository/Page_Concours photo  votez pour la plus bel_494087/input_trie par_keyword'

2022-07-18 10:56:56 - [MESSAGE][PASSED] - Text 'Gaspard' is set on object 'Object Repository/Page_Concours photo  votez pour la plus bel_494087/input_trie par_keyword'

2022-07-18 10:56:56 - [TEST_STEP][PASSED] - sendKeys(findTestObject("Page_Concours photo  votez pour la plus bel_494087/input_trie par_keyword"), Keys.chord(ENTER)): Keys 'ENTER + ' sent to object: 'Object Repository/Page_Concours photo  votez pour la plus bel_494087/input_trie par_keyword'

2022-07-18 10:56:58 - [MESSAGE][PASSED] - Keys 'ENTER + ' sent to object: 'Object Repository/Page_Concours photo  votez pour la plus bel_494087/input_trie par_keyword'

2022-07-18 10:56:58 - [TEST_STEP][PASSED] - click(findTestObject("Page_Concours photo  votez pour la plus bel_494087/tri")): Object: 'Object Repository/Page_Concours photo  votez pour la plus bel_494087/tri' is clicked on

2022-07-18 10:56:59 - [MESSAGE][PASSED] - Object: 'Object Repository/Page_Concours photo  votez pour la plus bel_494087/tri' is clicked on

2022-07-18 10:56:59 - [TEST_STEP][PASSED] - click(findTestObject("Page_Concours photo  votez pour la plus bel_494087/plus de votes")): Object: 'Object Repository/Page_Concours photo  votez pour la plus bel_494087/plus de votes' is clicked on

2022-07-18 10:56:59 - [MESSAGE][PASSED] - Object: 'Object Repository/Page_Concours photo  votez pour la plus bel_494087/plus de votes' is clicked on

2022-07-18 10:57:00 - [TEST_STEP][PASSED] - click(findTestObject("Object Repository/Page_Concours photo  votez pour la plus bel_494087/i_Votes_fa fa-heart")): Object: 'Object Repository/Page_Concours photo  votez pour la plus bel_494087/i_Votes_fa fa-heart' is clicked on

2022-07-18 10:57:01 - [MESSAGE][PASSED] - Object: 'Object Repository/Page_Concours photo  votez pour la plus bel_494087/i_Votes_fa fa-heart' is clicked on

2022-07-18 10:57:01 - [TEST_STEP][PASSED] - delay(1): Delayed 1 second(s)

2022-07-18 10:57:02 - [MESSAGE][PASSED] - Delayed 1 second(s)

2022-07-18 10:57:02 - [TEST_STEP][PASSED] - closeBrowser(): Browser is closed

2022-07-18 10:57:02 - [MESSAGE][PASSED] - Browser is closed]]></system-out>
         <system-err><![CDATA[]]></system-err>
      </testcase>
      <testcase name="Test Cases/Vote" time="29.514" classname="Test Cases/Vote" status="PASSED">
         <system-out><![CDATA[2022-07-18 10:57:02 - [TEST_CASE][PASSED] - Test Cases/Vote: Test Cases/Vote

2022-07-18 10:57:02 - [TEST_STEP][PASSED] - openBrowser(""): Browser is opened with url: ''

2022-07-18 10:57:02 - [MESSAGE][INFO] - Starting 'Chrome' driver

2022-07-18 10:57:02 - [MESSAGE][INFO] - Action delay is set to 0 milliseconds

2022-07-18 10:57:03 - [MESSAGE][PASSED] - Browser is opened with url: ''

2022-07-18 10:57:03 - [TEST_STEP][PASSED] - navigateToUrl("https://lesechosdutouquet.nordlittoral.fr/147787/article/2022-06-30/concours-photo-montrez-nous-la-plus-belle-photo-de-votre-chien-en-promenade-sur#l5lb6r47qsmp9ur58y"): Navigate to 'https://lesechosdutouquet.nordlittoral.fr/147787/article/2022-06-30/concours-photo-montrez-nous-la-plus-belle-photo-de-votre-chien-en-promenade-sur#l5lb6r47qsmp9ur58y' successfully

2022-07-18 10:57:06 - [MESSAGE][PASSED] - Navigate to 'https://lesechosdutouquet.nordlittoral.fr/147787/article/2022-06-30/concours-photo-montrez-nous-la-plus-belle-photo-de-votre-chien-en-promenade-sur#l5lb6r47qsmp9ur58y' successfully

2022-07-18 10:57:06 - [TEST_STEP][PASSED] - setViewPortSize(1920, 1080): Viewport is set to new size with width = 1920 and height = 1080

2022-07-18 10:57:06 - [MESSAGE][PASSED] - Viewport is set to new size with width = 1920 and height = 1080

2022-07-18 10:57:06 - [TEST_STEP][PASSED] - click(findTestObject("Object Repository/Page_Concours photo  votez pour la plus bel_494087/button_Accepter  Fermer")): Object: 'Object Repository/Page_Concours photo  votez pour la plus bel_494087/button_Accepter  Fermer' is clicked on

2022-07-18 10:57:07 - [MESSAGE][PASSED] - Object: 'Object Repository/Page_Concours photo  votez pour la plus bel_494087/button_Accepter  Fermer' is clicked on

2022-07-18 10:57:07 - [TEST_STEP][PASSED] - delay(12): Delayed 12 second(s)

2022-07-18 10:57:19 - [MESSAGE][PASSED] - Delayed 12 second(s)

2022-07-18 10:57:19 - [TEST_STEP][PASSED] - click(findTestObject("Object Repository/Page_Concours photo  votez pour la plus bel_494087/a_X")): Object: 'Object Repository/Page_Concours photo  votez pour la plus bel_494087/a_X' is clicked on

2022-07-18 10:57:20 - [MESSAGE][PASSED] - Object: 'Object Repository/Page_Concours photo  votez pour la plus bel_494087/a_X' is clicked on

2022-07-18 10:57:20 - [TEST_STEP][PASSED] - delay(1): Delayed 1 second(s)

2022-07-18 10:57:21 - [MESSAGE][PASSED] - Delayed 1 second(s)

2022-07-18 10:57:21 - [TEST_STEP][PASSED] - click(findTestObject("Object Repository/Page_Concours photo  votez pour la plus bel_494087/input_concat(Votez pour le plus beau chien de la cte d, , Opale )_jouer")): Object: 'Object Repository/Page_Concours photo  votez pour la plus bel_494087/input_concat(Votez pour le plus beau chien de la cte d, , Opale )_jouer' is clicked on

2022-07-18 10:57:22 - [MESSAGE][PASSED] - Object: 'Object Repository/Page_Concours photo  votez pour la plus bel_494087/input_concat(Votez pour le plus beau chien de la cte d, , Opale )_jouer' is clicked on

2022-07-18 10:57:22 - [TEST_STEP][PASSED] - if (verifyElementPresent(findTestObject("Page_Concours photo  votez pour la plus bel_494087/input_concat(Votez pour le plus beau chien de la cte d, , Opale )_jouer"), 1, OPTIONAL)): null

2022-07-18 10:57:23 - [MESSAGE][PASSED] - Object 'Object Repository/Page_Concours photo  votez pour la plus bel_494087/input_concat(Votez pour le plus beau chien de la cte d, , Opale )_jouer' is present

2022-07-18 10:57:23 - [TEST_STEP][PASSED] - click(findTestObject("Object Repository/Page_Concours photo  votez pour la plus bel_494087/input_concat(Votez pour le plus beau chien de la cte d, , Opale )_jouer")): Object: 'Object Repository/Page_Concours photo  votez pour la plus bel_494087/input_concat(Votez pour le plus beau chien de la cte d, , Opale )_jouer' is clicked on

2022-07-18 10:57:24 - [MESSAGE][PASSED] - Object: 'Object Repository/Page_Concours photo  votez pour la plus bel_494087/input_concat(Votez pour le plus beau chien de la cte d, , Opale )_jouer' is clicked on

2022-07-18 10:57:24 - [TEST_STEP][PASSED] - delay(1): Delayed 1 second(s)

2022-07-18 10:57:25 - [MESSAGE][PASSED] - Delayed 1 second(s)

2022-07-18 10:57:25 - [TEST_STEP][PASSED] - setText(findTestObject("Object Repository/Page_Concours photo  votez pour la plus bel_494087/input_trie par_keyword"), "Gaspard"): Text 'Gaspard' is set on object 'Object Repository/Page_Concours photo  votez pour la plus bel_494087/input_trie par_keyword'

2022-07-18 10:57:27 - [MESSAGE][PASSED] - Text 'Gaspard' is set on object 'Object Repository/Page_Concours photo  votez pour la plus bel_494087/input_trie par_keyword'

2022-07-18 10:57:27 - [TEST_STEP][PASSED] - sendKeys(findTestObject("Page_Concours photo  votez pour la plus bel_494087/input_trie par_keyword"), Keys.chord(ENTER)): Keys 'ENTER + ' sent to object: 'Object Repository/Page_Concours photo  votez pour la plus bel_494087/input_trie par_keyword'

2022-07-18 10:57:27 - [MESSAGE][PASSED] - Keys 'ENTER + ' sent to object: 'Object Repository/Page_Concours photo  votez pour la plus bel_494087/input_trie par_keyword'

2022-07-18 10:57:27 - [TEST_STEP][PASSED] - click(findTestObject("Page_Concours photo  votez pour la plus bel_494087/tri")): Object: 'Object Repository/Page_Concours photo  votez pour la plus bel_494087/tri' is clicked on

2022-07-18 10:57:28 - [MESSAGE][PASSED] - Object: 'Object Repository/Page_Concours photo  votez pour la plus bel_494087/tri' is clicked on

2022-07-18 10:57:28 - [TEST_STEP][PASSED] - click(findTestObject("Page_Concours photo  votez pour la plus bel_494087/plus de votes")): Object: 'Object Repository/Page_Concours photo  votez pour la plus bel_494087/plus de votes' is clicked on

2022-07-18 10:57:29 - [MESSAGE][PASSED] - Object: 'Object Repository/Page_Concours photo  votez pour la plus bel_494087/plus de votes' is clicked on

2022-07-18 10:57:30 - [TEST_STEP][PASSED] - click(findTestObject("Object Repository/Page_Concours photo  votez pour la plus bel_494087/i_Votes_fa fa-heart")): Object: 'Object Repository/Page_Concours photo  votez pour la plus bel_494087/i_Votes_fa fa-heart' is clicked on

2022-07-18 10:57:30 - [MESSAGE][PASSED] - Object: 'Object Repository/Page_Concours photo  votez pour la plus bel_494087/i_Votes_fa fa-heart' is clicked on

2022-07-18 10:57:30 - [TEST_STEP][PASSED] - delay(1): Delayed 1 second(s)

2022-07-18 10:57:31 - [MESSAGE][PASSED] - Delayed 1 second(s)

2022-07-18 10:57:31 - [TEST_STEP][PASSED] - closeBrowser(): Browser is closed

2022-07-18 10:57:32 - [MESSAGE][PASSED] - Browser is closed]]></system-out>
         <system-err><![CDATA[]]></system-err>
      </testcase>
      <testcase name="Test Cases/Vote" time="30.652" classname="Test Cases/Vote" status="PASSED">
         <system-out><![CDATA[2022-07-18 10:57:32 - [TEST_CASE][PASSED] - Test Cases/Vote: Test Cases/Vote

2022-07-18 10:57:32 - [TEST_STEP][PASSED] - openBrowser(""): Browser is opened with url: ''

2022-07-18 10:57:32 - [MESSAGE][INFO] - Starting 'Chrome' driver

2022-07-18 10:57:32 - [MESSAGE][INFO] - Action delay is set to 0 milliseconds

2022-07-18 10:57:33 - [MESSAGE][PASSED] - Browser is opened with url: ''

2022-07-18 10:57:33 - [TEST_STEP][PASSED] - navigateToUrl("https://lesechosdutouquet.nordlittoral.fr/147787/article/2022-06-30/concours-photo-montrez-nous-la-plus-belle-photo-de-votre-chien-en-promenade-sur#l5lb6r47qsmp9ur58y"): Navigate to 'https://lesechosdutouquet.nordlittoral.fr/147787/article/2022-06-30/concours-photo-montrez-nous-la-plus-belle-photo-de-votre-chien-en-promenade-sur#l5lb6r47qsmp9ur58y' successfully

2022-07-18 10:57:36 - [MESSAGE][PASSED] - Navigate to 'https://lesechosdutouquet.nordlittoral.fr/147787/article/2022-06-30/concours-photo-montrez-nous-la-plus-belle-photo-de-votre-chien-en-promenade-sur#l5lb6r47qsmp9ur58y' successfully

2022-07-18 10:57:36 - [TEST_STEP][PASSED] - setViewPortSize(1920, 1080): Viewport is set to new size with width = 1920 and height = 1080

2022-07-18 10:57:36 - [MESSAGE][PASSED] - Viewport is set to new size with width = 1920 and height = 1080

2022-07-18 10:57:36 - [TEST_STEP][PASSED] - click(findTestObject("Object Repository/Page_Concours photo  votez pour la plus bel_494087/button_Accepter  Fermer")): Object: 'Object Repository/Page_Concours photo  votez pour la plus bel_494087/button_Accepter  Fermer' is clicked on

2022-07-18 10:57:37 - [MESSAGE][PASSED] - Object: 'Object Repository/Page_Concours photo  votez pour la plus bel_494087/button_Accepter  Fermer' is clicked on

2022-07-18 10:57:37 - [TEST_STEP][PASSED] - delay(12): Delayed 12 second(s)

2022-07-18 10:57:49 - [MESSAGE][PASSED] - Delayed 12 second(s)

2022-07-18 10:57:49 - [TEST_STEP][PASSED] - click(findTestObject("Object Repository/Page_Concours photo  votez pour la plus bel_494087/a_X")): Object: 'Object Repository/Page_Concours photo  votez pour la plus bel_494087/a_X' is clicked on

2022-07-18 10:57:50 - [MESSAGE][PASSED] - Object: 'Object Repository/Page_Concours photo  votez pour la plus bel_494087/a_X' is clicked on

2022-07-18 10:57:50 - [TEST_STEP][PASSED] - delay(1): Delayed 1 second(s)

2022-07-18 10:57:51 - [MESSAGE][PASSED] - Delayed 1 second(s)

2022-07-18 10:57:51 - [TEST_STEP][PASSED] - click(findTestObject("Object Repository/Page_Concours photo  votez pour la plus bel_494087/input_concat(Votez pour le plus beau chien de la cte d, , Opale )_jouer")): Object: 'Object Repository/Page_Concours photo  votez pour la plus bel_494087/input_concat(Votez pour le plus beau chien de la cte d, , Opale )_jouer' is clicked on

2022-07-18 10:57:52 - [MESSAGE][PASSED] - Object: 'Object Repository/Page_Concours photo  votez pour la plus bel_494087/input_concat(Votez pour le plus beau chien de la cte d, , Opale )_jouer' is clicked on

2022-07-18 10:57:52 - [TEST_STEP][PASSED] - if (verifyElementPresent(findTestObject("Page_Concours photo  votez pour la plus bel_494087/input_concat(Votez pour le plus beau chien de la cte d, , Opale )_jouer"), 1, OPTIONAL)): null

2022-07-18 10:57:53 - [MESSAGE][PASSED] - Object 'Object Repository/Page_Concours photo  votez pour la plus bel_494087/input_concat(Votez pour le plus beau chien de la cte d, , Opale )_jouer' is present

2022-07-18 10:57:53 - [TEST_STEP][PASSED] - click(findTestObject("Object Repository/Page_Concours photo  votez pour la plus bel_494087/input_concat(Votez pour le plus beau chien de la cte d, , Opale )_jouer")): Object: 'Object Repository/Page_Concours photo  votez pour la plus bel_494087/input_concat(Votez pour le plus beau chien de la cte d, , Opale )_jouer' is clicked on

2022-07-18 10:57:54 - [MESSAGE][PASSED] - Object: 'Object Repository/Page_Concours photo  votez pour la plus bel_494087/input_concat(Votez pour le plus beau chien de la cte d, , Opale )_jouer' is clicked on

2022-07-18 10:57:54 - [TEST_STEP][PASSED] - delay(1): Delayed 1 second(s)

2022-07-18 10:57:55 - [MESSAGE][PASSED] - Delayed 1 second(s)

2022-07-18 10:57:55 - [TEST_STEP][PASSED] - setText(findTestObject("Object Repository/Page_Concours photo  votez pour la plus bel_494087/input_trie par_keyword"), "Gaspard"): Text 'Gaspard' is set on object 'Object Repository/Page_Concours photo  votez pour la plus bel_494087/input_trie par_keyword'

2022-07-18 10:57:57 - [MESSAGE][PASSED] - Text 'Gaspard' is set on object 'Object Repository/Page_Concours photo  votez pour la plus bel_494087/input_trie par_keyword'

2022-07-18 10:57:57 - [TEST_STEP][PASSED] - sendKeys(findTestObject("Page_Concours photo  votez pour la plus bel_494087/input_trie par_keyword"), Keys.chord(ENTER)): Keys 'ENTER + ' sent to object: 'Object Repository/Page_Concours photo  votez pour la plus bel_494087/input_trie par_keyword'

2022-07-18 10:57:57 - [MESSAGE][PASSED] - Keys 'ENTER + ' sent to object: 'Object Repository/Page_Concours photo  votez pour la plus bel_494087/input_trie par_keyword'

2022-07-18 10:57:57 - [TEST_STEP][PASSED] - click(findTestObject("Page_Concours photo  votez pour la plus bel_494087/tri")): Object: 'Object Repository/Page_Concours photo  votez pour la plus bel_494087/tri' is clicked on

2022-07-18 10:57:59 - [MESSAGE][PASSED] - Object: 'Object Repository/Page_Concours photo  votez pour la plus bel_494087/tri' is clicked on

2022-07-18 10:57:59 - [TEST_STEP][PASSED] - click(findTestObject("Page_Concours photo  votez pour la plus bel_494087/plus de votes")): Object: 'Object Repository/Page_Concours photo  votez pour la plus bel_494087/plus de votes' is clicked on

2022-07-18 10:57:59 - [MESSAGE][PASSED] - Object: 'Object Repository/Page_Concours photo  votez pour la plus bel_494087/plus de votes' is clicked on

2022-07-18 10:58:01 - [TEST_STEP][PASSED] - click(findTestObject("Object Repository/Page_Concours photo  votez pour la plus bel_494087/i_Votes_fa fa-heart")): Object: 'Object Repository/Page_Concours photo  votez pour la plus bel_494087/i_Votes_fa fa-heart' is clicked on

2022-07-18 10:58:01 - [MESSAGE][PASSED] - Object: 'Object Repository/Page_Concours photo  votez pour la plus bel_494087/i_Votes_fa fa-heart' is clicked on

2022-07-18 10:58:01 - [TEST_STEP][PASSED] - delay(1): Delayed 1 second(s)

2022-07-18 10:58:02 - [MESSAGE][PASSED] - Delayed 1 second(s)

2022-07-18 10:58:02 - [TEST_STEP][PASSED] - closeBrowser(): Browser is closed

2022-07-18 10:58:02 - [MESSAGE][PASSED] - Browser is closed]]></system-out>
         <system-err><![CDATA[]]></system-err>
      </testcase>
      <testcase name="Test Cases/Vote" time="31.388" classname="Test Cases/Vote" status="PASSED">
         <system-out><![CDATA[2022-07-18 10:58:02 - [TEST_CASE][PASSED] - Test Cases/Vote: Test Cases/Vote

2022-07-18 10:58:02 - [TEST_STEP][PASSED] - openBrowser(""): Browser is opened with url: ''

2022-07-18 10:58:02 - [MESSAGE][INFO] - Starting 'Chrome' driver

2022-07-18 10:58:02 - [MESSAGE][INFO] - Action delay is set to 0 milliseconds

2022-07-18 10:58:04 - [MESSAGE][PASSED] - Browser is opened with url: ''

2022-07-18 10:58:04 - [TEST_STEP][PASSED] - navigateToUrl("https://lesechosdutouquet.nordlittoral.fr/147787/article/2022-06-30/concours-photo-montrez-nous-la-plus-belle-photo-de-votre-chien-en-promenade-sur#l5lb6r47qsmp9ur58y"): Navigate to 'https://lesechosdutouquet.nordlittoral.fr/147787/article/2022-06-30/concours-photo-montrez-nous-la-plus-belle-photo-de-votre-chien-en-promenade-sur#l5lb6r47qsmp9ur58y' successfully

2022-07-18 10:58:07 - [MESSAGE][PASSED] - Navigate to 'https://lesechosdutouquet.nordlittoral.fr/147787/article/2022-06-30/concours-photo-montrez-nous-la-plus-belle-photo-de-votre-chien-en-promenade-sur#l5lb6r47qsmp9ur58y' successfully

2022-07-18 10:58:07 - [TEST_STEP][PASSED] - setViewPortSize(1920, 1080): Viewport is set to new size with width = 1920 and height = 1080

2022-07-18 10:58:08 - [MESSAGE][PASSED] - Viewport is set to new size with width = 1920 and height = 1080

2022-07-18 10:58:08 - [TEST_STEP][PASSED] - click(findTestObject("Object Repository/Page_Concours photo  votez pour la plus bel_494087/button_Accepter  Fermer")): Object: 'Object Repository/Page_Concours photo  votez pour la plus bel_494087/button_Accepter  Fermer' is clicked on

2022-07-18 10:58:09 - [MESSAGE][PASSED] - Object: 'Object Repository/Page_Concours photo  votez pour la plus bel_494087/button_Accepter  Fermer' is clicked on

2022-07-18 10:58:09 - [TEST_STEP][PASSED] - delay(12): Delayed 12 second(s)

2022-07-18 10:58:21 - [MESSAGE][PASSED] - Delayed 12 second(s)

2022-07-18 10:58:21 - [TEST_STEP][PASSED] - click(findTestObject("Object Repository/Page_Concours photo  votez pour la plus bel_494087/a_X")): Object: 'Object Repository/Page_Concours photo  votez pour la plus bel_494087/a_X' is clicked on

2022-07-18 10:58:21 - [MESSAGE][PASSED] - Object: 'Object Repository/Page_Concours photo  votez pour la plus bel_494087/a_X' is clicked on

2022-07-18 10:58:21 - [TEST_STEP][PASSED] - delay(1): Delayed 1 second(s)

2022-07-18 10:58:22 - [MESSAGE][PASSED] - Delayed 1 second(s)

2022-07-18 10:58:22 - [TEST_STEP][PASSED] - click(findTestObject("Object Repository/Page_Concours photo  votez pour la plus bel_494087/input_concat(Votez pour le plus beau chien de la cte d, , Opale )_jouer")): Object: 'Object Repository/Page_Concours photo  votez pour la plus bel_494087/input_concat(Votez pour le plus beau chien de la cte d, , Opale )_jouer' is clicked on

2022-07-18 10:58:23 - [MESSAGE][PASSED] - Object: 'Object Repository/Page_Concours photo  votez pour la plus bel_494087/input_concat(Votez pour le plus beau chien de la cte d, , Opale )_jouer' is clicked on

2022-07-18 10:58:23 - [TEST_STEP][PASSED] - if (verifyElementPresent(findTestObject("Page_Concours photo  votez pour la plus bel_494087/input_concat(Votez pour le plus beau chien de la cte d, , Opale )_jouer"), 1, OPTIONAL)): null

2022-07-18 10:58:24 - [MESSAGE][PASSED] - Object 'Object Repository/Page_Concours photo  votez pour la plus bel_494087/input_concat(Votez pour le plus beau chien de la cte d, , Opale )_jouer' is present

2022-07-18 10:58:24 - [TEST_STEP][PASSED] - click(findTestObject("Object Repository/Page_Concours photo  votez pour la plus bel_494087/input_concat(Votez pour le plus beau chien de la cte d, , Opale )_jouer")): Object: 'Object Repository/Page_Concours photo  votez pour la plus bel_494087/input_concat(Votez pour le plus beau chien de la cte d, , Opale )_jouer' is clicked on

2022-07-18 10:58:25 - [MESSAGE][PASSED] - Object: 'Object Repository/Page_Concours photo  votez pour la plus bel_494087/input_concat(Votez pour le plus beau chien de la cte d, , Opale )_jouer' is clicked on

2022-07-18 10:58:25 - [TEST_STEP][PASSED] - delay(1): Delayed 1 second(s)

2022-07-18 10:58:26 - [MESSAGE][PASSED] - Delayed 1 second(s)

2022-07-18 10:58:26 - [TEST_STEP][PASSED] - setText(findTestObject("Object Repository/Page_Concours photo  votez pour la plus bel_494087/input_trie par_keyword"), "Gaspard"): Text 'Gaspard' is set on object 'Object Repository/Page_Concours photo  votez pour la plus bel_494087/input_trie par_keyword'

2022-07-18 10:58:27 - [MESSAGE][PASSED] - Text 'Gaspard' is set on object 'Object Repository/Page_Concours photo  votez pour la plus bel_494087/input_trie par_keyword'

2022-07-18 10:58:27 - [TEST_STEP][PASSED] - sendKeys(findTestObject("Page_Concours photo  votez pour la plus bel_494087/input_trie par_keyword"), Keys.chord(ENTER)): Keys 'ENTER + ' sent to object: 'Object Repository/Page_Concours photo  votez pour la plus bel_494087/input_trie par_keyword'

2022-07-18 10:58:28 - [MESSAGE][PASSED] - Keys 'ENTER + ' sent to object: 'Object Repository/Page_Concours photo  votez pour la plus bel_494087/input_trie par_keyword'

2022-07-18 10:58:28 - [TEST_STEP][PASSED] - click(findTestObject("Page_Concours photo  votez pour la plus bel_494087/tri")): Object: 'Object Repository/Page_Concours photo  votez pour la plus bel_494087/tri' is clicked on

2022-07-18 10:58:30 - [MESSAGE][PASSED] - Object: 'Object Repository/Page_Concours photo  votez pour la plus bel_494087/tri' is clicked on

2022-07-18 10:58:30 - [TEST_STEP][PASSED] - click(findTestObject("Page_Concours photo  votez pour la plus bel_494087/plus de votes")): Object: 'Object Repository/Page_Concours photo  votez pour la plus bel_494087/plus de votes' is clicked on

2022-07-18 10:58:30 - [MESSAGE][PASSED] - Object: 'Object Repository/Page_Concours photo  votez pour la plus bel_494087/plus de votes' is clicked on

2022-07-18 10:58:32 - [TEST_STEP][PASSED] - click(findTestObject("Object Repository/Page_Concours photo  votez pour la plus bel_494087/i_Votes_fa fa-heart")): Object: 'Object Repository/Page_Concours photo  votez pour la plus bel_494087/i_Votes_fa fa-heart' is clicked on

2022-07-18 10:58:32 - [MESSAGE][PASSED] - Object: 'Object Repository/Page_Concours photo  votez pour la plus bel_494087/i_Votes_fa fa-heart' is clicked on

2022-07-18 10:58:32 - [TEST_STEP][PASSED] - delay(1): Delayed 1 second(s)

2022-07-18 10:58:33 - [MESSAGE][PASSED] - Delayed 1 second(s)

2022-07-18 10:58:33 - [TEST_STEP][PASSED] - closeBrowser(): Browser is closed

2022-07-18 10:58:34 - [MESSAGE][PASSED] - Browser is closed]]></system-out>
         <system-err><![CDATA[]]></system-err>
      </testcase>
      <testcase name="Test Cases/Vote" time="33.04" classname="Test Cases/Vote" status="PASSED">
         <system-out><![CDATA[2022-07-18 10:58:34 - [TEST_CASE][PASSED] - Test Cases/Vote: Test Cases/Vote

2022-07-18 10:58:34 - [TEST_STEP][PASSED] - openBrowser(""): Browser is opened with url: ''

2022-07-18 10:58:34 - [MESSAGE][INFO] - Starting 'Chrome' driver

2022-07-18 10:58:34 - [MESSAGE][INFO] - Action delay is set to 0 milliseconds

2022-07-18 10:58:35 - [MESSAGE][PASSED] - Browser is opened with url: ''

2022-07-18 10:58:35 - [TEST_STEP][PASSED] - navigateToUrl("https://lesechosdutouquet.nordlittoral.fr/147787/article/2022-06-30/concours-photo-montrez-nous-la-plus-belle-photo-de-votre-chien-en-promenade-sur#l5lb6r47qsmp9ur58y"): Navigate to 'https://lesechosdutouquet.nordlittoral.fr/147787/article/2022-06-30/concours-photo-montrez-nous-la-plus-belle-photo-de-votre-chien-en-promenade-sur#l5lb6r47qsmp9ur58y' successfully

2022-07-18 10:58:38 - [MESSAGE][PASSED] - Navigate to 'https://lesechosdutouquet.nordlittoral.fr/147787/article/2022-06-30/concours-photo-montrez-nous-la-plus-belle-photo-de-votre-chien-en-promenade-sur#l5lb6r47qsmp9ur58y' successfully

2022-07-18 10:58:38 - [TEST_STEP][PASSED] - setViewPortSize(1920, 1080): Viewport is set to new size with width = 1920 and height = 1080

2022-07-18 10:58:38 - [MESSAGE][PASSED] - Viewport is set to new size with width = 1920 and height = 1080

2022-07-18 10:58:38 - [TEST_STEP][PASSED] - click(findTestObject("Object Repository/Page_Concours photo  votez pour la plus bel_494087/button_Accepter  Fermer")): Object: 'Object Repository/Page_Concours photo  votez pour la plus bel_494087/button_Accepter  Fermer' is clicked on

2022-07-18 10:58:41 - [MESSAGE][PASSED] - Object: 'Object Repository/Page_Concours photo  votez pour la plus bel_494087/button_Accepter  Fermer' is clicked on

2022-07-18 10:58:41 - [TEST_STEP][PASSED] - delay(12): Delayed 12 second(s)

2022-07-18 10:58:53 - [MESSAGE][PASSED] - Delayed 12 second(s)

2022-07-18 10:58:53 - [TEST_STEP][PASSED] - click(findTestObject("Object Repository/Page_Concours photo  votez pour la plus bel_494087/a_X")): Object: 'Object Repository/Page_Concours photo  votez pour la plus bel_494087/a_X' is clicked on

2022-07-18 10:58:53 - [MESSAGE][PASSED] - Object: 'Object Repository/Page_Concours photo  votez pour la plus bel_494087/a_X' is clicked on

2022-07-18 10:58:53 - [TEST_STEP][PASSED] - delay(1): Delayed 1 second(s)

2022-07-18 10:58:54 - [MESSAGE][PASSED] - Delayed 1 second(s)

2022-07-18 10:58:54 - [TEST_STEP][PASSED] - click(findTestObject("Object Repository/Page_Concours photo  votez pour la plus bel_494087/input_concat(Votez pour le plus beau chien de la cte d, , Opale )_jouer")): Object: 'Object Repository/Page_Concours photo  votez pour la plus bel_494087/input_concat(Votez pour le plus beau chien de la cte d, , Opale )_jouer' is clicked on

2022-07-18 10:58:55 - [MESSAGE][PASSED] - Object: 'Object Repository/Page_Concours photo  votez pour la plus bel_494087/input_concat(Votez pour le plus beau chien de la cte d, , Opale )_jouer' is clicked on

2022-07-18 10:58:55 - [TEST_STEP][PASSED] - if (verifyElementPresent(findTestObject("Page_Concours photo  votez pour la plus bel_494087/input_concat(Votez pour le plus beau chien de la cte d, , Opale )_jouer"), 1, OPTIONAL)): null

2022-07-18 10:58:56 - [MESSAGE][PASSED] - Object 'Object Repository/Page_Concours photo  votez pour la plus bel_494087/input_concat(Votez pour le plus beau chien de la cte d, , Opale )_jouer' is present

2022-07-18 10:58:56 - [TEST_STEP][PASSED] - click(findTestObject("Object Repository/Page_Concours photo  votez pour la plus bel_494087/input_concat(Votez pour le plus beau chien de la cte d, , Opale )_jouer")): Object: 'Object Repository/Page_Concours photo  votez pour la plus bel_494087/input_concat(Votez pour le plus beau chien de la cte d, , Opale )_jouer' is clicked on

2022-07-18 10:58:57 - [MESSAGE][PASSED] - Object: 'Object Repository/Page_Concours photo  votez pour la plus bel_494087/input_concat(Votez pour le plus beau chien de la cte d, , Opale )_jouer' is clicked on

2022-07-18 10:58:57 - [TEST_STEP][PASSED] - delay(1): Delayed 1 second(s)

2022-07-18 10:58:58 - [MESSAGE][PASSED] - Delayed 1 second(s)

2022-07-18 10:58:58 - [TEST_STEP][PASSED] - setText(findTestObject("Object Repository/Page_Concours photo  votez pour la plus bel_494087/input_trie par_keyword"), "Gaspard"): Text 'Gaspard' is set on object 'Object Repository/Page_Concours photo  votez pour la plus bel_494087/input_trie par_keyword'

2022-07-18 10:59:01 - [MESSAGE][PASSED] - Text 'Gaspard' is set on object 'Object Repository/Page_Concours photo  votez pour la plus bel_494087/input_trie par_keyword'

2022-07-18 10:59:01 - [TEST_STEP][PASSED] - sendKeys(findTestObject("Page_Concours photo  votez pour la plus bel_494087/input_trie par_keyword"), Keys.chord(ENTER)): Keys 'ENTER + ' sent to object: 'Object Repository/Page_Concours photo  votez pour la plus bel_494087/input_trie par_keyword'

2022-07-18 10:59:03 - [MESSAGE][PASSED] - Keys 'ENTER + ' sent to object: 'Object Repository/Page_Concours photo  votez pour la plus bel_494087/input_trie par_keyword'

2022-07-18 10:59:03 - [TEST_STEP][PASSED] - click(findTestObject("Page_Concours photo  votez pour la plus bel_494087/tri")): Object: 'Object Repository/Page_Concours photo  votez pour la plus bel_494087/tri' is clicked on

2022-07-18 10:59:03 - [MESSAGE][PASSED] - Object: 'Object Repository/Page_Concours photo  votez pour la plus bel_494087/tri' is clicked on

2022-07-18 10:59:03 - [TEST_STEP][PASSED] - click(findTestObject("Page_Concours photo  votez pour la plus bel_494087/plus de votes")): Object: 'Object Repository/Page_Concours photo  votez pour la plus bel_494087/plus de votes' is clicked on

2022-07-18 10:59:04 - [MESSAGE][PASSED] - Object: 'Object Repository/Page_Concours photo  votez pour la plus bel_494087/plus de votes' is clicked on

2022-07-18 10:59:05 - [TEST_STEP][PASSED] - click(findTestObject("Object Repository/Page_Concours photo  votez pour la plus bel_494087/i_Votes_fa fa-heart")): Object: 'Object Repository/Page_Concours photo  votez pour la plus bel_494087/i_Votes_fa fa-heart' is clicked on

2022-07-18 10:59:05 - [MESSAGE][PASSED] - Object: 'Object Repository/Page_Concours photo  votez pour la plus bel_494087/i_Votes_fa fa-heart' is clicked on

2022-07-18 10:59:05 - [TEST_STEP][PASSED] - delay(1): Delayed 1 second(s)

2022-07-18 10:59:06 - [MESSAGE][PASSED] - Delayed 1 second(s)

2022-07-18 10:59:06 - [TEST_STEP][PASSED] - closeBrowser(): Browser is closed

2022-07-18 10:59:07 - [MESSAGE][PASSED] - Browser is closed]]></system-out>
         <system-err><![CDATA[]]></system-err>
      </testcase>
      <testcase name="Test Cases/Vote" time="32.119" classname="Test Cases/Vote" status="PASSED">
         <system-out><![CDATA[2022-07-18 10:59:07 - [TEST_CASE][PASSED] - Test Cases/Vote: Test Cases/Vote

2022-07-18 10:59:07 - [TEST_STEP][PASSED] - openBrowser(""): Browser is opened with url: ''

2022-07-18 10:59:07 - [MESSAGE][INFO] - Starting 'Chrome' driver

2022-07-18 10:59:07 - [MESSAGE][INFO] - Action delay is set to 0 milliseconds

2022-07-18 10:59:08 - [MESSAGE][PASSED] - Browser is opened with url: ''

2022-07-18 10:59:08 - [TEST_STEP][PASSED] - navigateToUrl("https://lesechosdutouquet.nordlittoral.fr/147787/article/2022-06-30/concours-photo-montrez-nous-la-plus-belle-photo-de-votre-chien-en-promenade-sur#l5lb6r47qsmp9ur58y"): Navigate to 'https://lesechosdutouquet.nordlittoral.fr/147787/article/2022-06-30/concours-photo-montrez-nous-la-plus-belle-photo-de-votre-chien-en-promenade-sur#l5lb6r47qsmp9ur58y' successfully

2022-07-18 10:59:11 - [MESSAGE][PASSED] - Navigate to 'https://lesechosdutouquet.nordlittoral.fr/147787/article/2022-06-30/concours-photo-montrez-nous-la-plus-belle-photo-de-votre-chien-en-promenade-sur#l5lb6r47qsmp9ur58y' successfully

2022-07-18 10:59:11 - [TEST_STEP][PASSED] - setViewPortSize(1920, 1080): Viewport is set to new size with width = 1920 and height = 1080

2022-07-18 10:59:12 - [MESSAGE][PASSED] - Viewport is set to new size with width = 1920 and height = 1080

2022-07-18 10:59:12 - [TEST_STEP][PASSED] - click(findTestObject("Object Repository/Page_Concours photo  votez pour la plus bel_494087/button_Accepter  Fermer")): Object: 'Object Repository/Page_Concours photo  votez pour la plus bel_494087/button_Accepter  Fermer' is clicked on

2022-07-18 10:59:13 - [MESSAGE][PASSED] - Object: 'Object Repository/Page_Concours photo  votez pour la plus bel_494087/button_Accepter  Fermer' is clicked on

2022-07-18 10:59:13 - [TEST_STEP][PASSED] - delay(12): Delayed 12 second(s)

2022-07-18 10:59:25 - [MESSAGE][PASSED] - Delayed 12 second(s)

2022-07-18 10:59:25 - [TEST_STEP][PASSED] - click(findTestObject("Object Repository/Page_Concours photo  votez pour la plus bel_494087/a_X")): Object: 'Object Repository/Page_Concours photo  votez pour la plus bel_494087/a_X' is clicked on

2022-07-18 10:59:25 - [MESSAGE][PASSED] - Object: 'Object Repository/Page_Concours photo  votez pour la plus bel_494087/a_X' is clicked on

2022-07-18 10:59:25 - [TEST_STEP][PASSED] - delay(1): Delayed 1 second(s)

2022-07-18 10:59:26 - [MESSAGE][PASSED] - Delayed 1 second(s)

2022-07-18 10:59:26 - [TEST_STEP][PASSED] - click(findTestObject("Object Repository/Page_Concours photo  votez pour la plus bel_494087/input_concat(Votez pour le plus beau chien de la cte d, , Opale )_jouer")): Object: 'Object Repository/Page_Concours photo  votez pour la plus bel_494087/input_concat(Votez pour le plus beau chien de la cte d, , Opale )_jouer' is clicked on

2022-07-18 10:59:27 - [MESSAGE][PASSED] - Object: 'Object Repository/Page_Concours photo  votez pour la plus bel_494087/input_concat(Votez pour le plus beau chien de la cte d, , Opale )_jouer' is clicked on

2022-07-18 10:59:27 - [TEST_STEP][PASSED] - if (verifyElementPresent(findTestObject("Page_Concours photo  votez pour la plus bel_494087/input_concat(Votez pour le plus beau chien de la cte d, , Opale )_jouer"), 1, OPTIONAL)): null

2022-07-18 10:59:28 - [MESSAGE][PASSED] - Object 'Object Repository/Page_Concours photo  votez pour la plus bel_494087/input_concat(Votez pour le plus beau chien de la cte d, , Opale )_jouer' is present

2022-07-18 10:59:28 - [TEST_STEP][PASSED] - click(findTestObject("Object Repository/Page_Concours photo  votez pour la plus bel_494087/input_concat(Votez pour le plus beau chien de la cte d, , Opale )_jouer")): Object: 'Object Repository/Page_Concours photo  votez pour la plus bel_494087/input_concat(Votez pour le plus beau chien de la cte d, , Opale )_jouer' is clicked on

2022-07-18 10:59:29 - [MESSAGE][PASSED] - Object: 'Object Repository/Page_Concours photo  votez pour la plus bel_494087/input_concat(Votez pour le plus beau chien de la cte d, , Opale )_jouer' is clicked on

2022-07-18 10:59:29 - [TEST_STEP][PASSED] - delay(1): Delayed 1 second(s)

2022-07-18 10:59:30 - [MESSAGE][PASSED] - Delayed 1 second(s)

2022-07-18 10:59:30 - [TEST_STEP][PASSED] - setText(findTestObject("Object Repository/Page_Concours photo  votez pour la plus bel_494087/input_trie par_keyword"), "Gaspard"): Text 'Gaspard' is set on object 'Object Repository/Page_Concours photo  votez pour la plus bel_494087/input_trie par_keyword'

2022-07-18 10:59:33 - [MESSAGE][PASSED] - Text 'Gaspard' is set on object 'Object Repository/Page_Concours photo  votez pour la plus bel_494087/input_trie par_keyword'

2022-07-18 10:59:33 - [TEST_STEP][PASSED] - sendKeys(findTestObject("Page_Concours photo  votez pour la plus bel_494087/input_trie par_keyword"), Keys.chord(ENTER)): Keys 'ENTER + ' sent to object: 'Object Repository/Page_Concours photo  votez pour la plus bel_494087/input_trie par_keyword'

2022-07-18 10:59:34 - [MESSAGE][PASSED] - Keys 'ENTER + ' sent to object: 'Object Repository/Page_Concours photo  votez pour la plus bel_494087/input_trie par_keyword'

2022-07-18 10:59:34 - [TEST_STEP][PASSED] - click(findTestObject("Page_Concours photo  votez pour la plus bel_494087/tri")): Object: 'Object Repository/Page_Concours photo  votez pour la plus bel_494087/tri' is clicked on

2022-07-18 10:59:35 - [MESSAGE][PASSED] - Object: 'Object Repository/Page_Concours photo  votez pour la plus bel_494087/tri' is clicked on

2022-07-18 10:59:35 - [TEST_STEP][PASSED] - click(findTestObject("Page_Concours photo  votez pour la plus bel_494087/plus de votes")): Object: 'Object Repository/Page_Concours photo  votez pour la plus bel_494087/plus de votes' is clicked on

2022-07-18 10:59:36 - [MESSAGE][PASSED] - Object: 'Object Repository/Page_Concours photo  votez pour la plus bel_494087/plus de votes' is clicked on

2022-07-18 10:59:37 - [TEST_STEP][PASSED] - click(findTestObject("Object Repository/Page_Concours photo  votez pour la plus bel_494087/i_Votes_fa fa-heart")): Object: 'Object Repository/Page_Concours photo  votez pour la plus bel_494087/i_Votes_fa fa-heart' is clicked on

2022-07-18 10:59:38 - [MESSAGE][PASSED] - Object: 'Object Repository/Page_Concours photo  votez pour la plus bel_494087/i_Votes_fa fa-heart' is clicked on

2022-07-18 10:59:38 - [TEST_STEP][PASSED] - delay(1): Delayed 1 second(s)

2022-07-18 10:59:39 - [MESSAGE][PASSED] - Delayed 1 second(s)

2022-07-18 10:59:39 - [TEST_STEP][PASSED] - closeBrowser(): Browser is closed

2022-07-18 10:59:39 - [MESSAGE][PASSED] - Browser is closed]]></system-out>
         <system-err><![CDATA[]]></system-err>
      </testcase>
      <testcase name="Test Cases/Vote" time="33.973" classname="Test Cases/Vote" status="PASSED">
         <system-out><![CDATA[2022-07-18 10:59:39 - [TEST_CASE][PASSED] - Test Cases/Vote: Test Cases/Vote

2022-07-18 10:59:39 - [TEST_STEP][PASSED] - openBrowser(""): Browser is opened with url: ''

2022-07-18 10:59:39 - [MESSAGE][INFO] - Starting 'Chrome' driver

2022-07-18 10:59:39 - [MESSAGE][INFO] - Action delay is set to 0 milliseconds

2022-07-18 10:59:40 - [MESSAGE][PASSED] - Browser is opened with url: ''

2022-07-18 10:59:40 - [TEST_STEP][PASSED] - navigateToUrl("https://lesechosdutouquet.nordlittoral.fr/147787/article/2022-06-30/concours-photo-montrez-nous-la-plus-belle-photo-de-votre-chien-en-promenade-sur#l5lb6r47qsmp9ur58y"): Navigate to 'https://lesechosdutouquet.nordlittoral.fr/147787/article/2022-06-30/concours-photo-montrez-nous-la-plus-belle-photo-de-votre-chien-en-promenade-sur#l5lb6r47qsmp9ur58y' successfully

2022-07-18 10:59:48 - [MESSAGE][PASSED] - Navigate to 'https://lesechosdutouquet.nordlittoral.fr/147787/article/2022-06-30/concours-photo-montrez-nous-la-plus-belle-photo-de-votre-chien-en-promenade-sur#l5lb6r47qsmp9ur58y' successfully

2022-07-18 10:59:48 - [TEST_STEP][PASSED] - setViewPortSize(1920, 1080): Viewport is set to new size with width = 1920 and height = 1080

2022-07-18 10:59:48 - [MESSAGE][PASSED] - Viewport is set to new size with width = 1920 and height = 1080

2022-07-18 10:59:48 - [TEST_STEP][PASSED] - click(findTestObject("Object Repository/Page_Concours photo  votez pour la plus bel_494087/button_Accepter  Fermer")): Object: 'Object Repository/Page_Concours photo  votez pour la plus bel_494087/button_Accepter  Fermer' is clicked on

2022-07-18 10:59:49 - [MESSAGE][PASSED] - Object: 'Object Repository/Page_Concours photo  votez pour la plus bel_494087/button_Accepter  Fermer' is clicked on

2022-07-18 10:59:49 - [TEST_STEP][PASSED] - delay(12): Delayed 12 second(s)

2022-07-18 11:00:01 - [MESSAGE][PASSED] - Delayed 12 second(s)

2022-07-18 11:00:01 - [TEST_STEP][PASSED] - click(findTestObject("Object Repository/Page_Concours photo  votez pour la plus bel_494087/a_X")): Object: 'Object Repository/Page_Concours photo  votez pour la plus bel_494087/a_X' is clicked on

2022-07-18 11:00:01 - [MESSAGE][PASSED] - Object: 'Object Repository/Page_Concours photo  votez pour la plus bel_494087/a_X' is clicked on

2022-07-18 11:00:01 - [TEST_STEP][PASSED] - delay(1): Delayed 1 second(s)

2022-07-18 11:00:02 - [MESSAGE][PASSED] - Delayed 1 second(s)

2022-07-18 11:00:02 - [TEST_STEP][PASSED] - click(findTestObject("Object Repository/Page_Concours photo  votez pour la plus bel_494087/input_concat(Votez pour le plus beau chien de la cte d, , Opale )_jouer")): Object: 'Object Repository/Page_Concours photo  votez pour la plus bel_494087/input_concat(Votez pour le plus beau chien de la cte d, , Opale )_jouer' is clicked on

2022-07-18 11:00:03 - [MESSAGE][PASSED] - Object: 'Object Repository/Page_Concours photo  votez pour la plus bel_494087/input_concat(Votez pour le plus beau chien de la cte d, , Opale )_jouer' is clicked on

2022-07-18 11:00:03 - [TEST_STEP][PASSED] - if (verifyElementPresent(findTestObject("Page_Concours photo  votez pour la plus bel_494087/input_concat(Votez pour le plus beau chien de la cte d, , Opale )_jouer"), 1, OPTIONAL)): null

2022-07-18 11:00:05 - [MESSAGE][PASSED] - Object 'Object Repository/Page_Concours photo  votez pour la plus bel_494087/input_concat(Votez pour le plus beau chien de la cte d, , Opale )_jouer' is present

2022-07-18 11:00:05 - [TEST_STEP][PASSED] - click(findTestObject("Object Repository/Page_Concours photo  votez pour la plus bel_494087/input_concat(Votez pour le plus beau chien de la cte d, , Opale )_jouer")): Object: 'Object Repository/Page_Concours photo  votez pour la plus bel_494087/input_concat(Votez pour le plus beau chien de la cte d, , Opale )_jouer' is clicked on

2022-07-18 11:00:05 - [MESSAGE][PASSED] - Object: 'Object Repository/Page_Concours photo  votez pour la plus bel_494087/input_concat(Votez pour le plus beau chien de la cte d, , Opale )_jouer' is clicked on

2022-07-18 11:00:05 - [TEST_STEP][PASSED] - delay(1): Delayed 1 second(s)

2022-07-18 11:00:06 - [MESSAGE][PASSED] - Delayed 1 second(s)

2022-07-18 11:00:06 - [TEST_STEP][PASSED] - setText(findTestObject("Object Repository/Page_Concours photo  votez pour la plus bel_494087/input_trie par_keyword"), "Gaspard"): Text 'Gaspard' is set on object 'Object Repository/Page_Concours photo  votez pour la plus bel_494087/input_trie par_keyword'

2022-07-18 11:00:08 - [MESSAGE][PASSED] - Text 'Gaspard' is set on object 'Object Repository/Page_Concours photo  votez pour la plus bel_494087/input_trie par_keyword'

2022-07-18 11:00:08 - [TEST_STEP][PASSED] - sendKeys(findTestObject("Page_Concours photo  votez pour la plus bel_494087/input_trie par_keyword"), Keys.chord(ENTER)): Keys 'ENTER + ' sent to object: 'Object Repository/Page_Concours photo  votez pour la plus bel_494087/input_trie par_keyword'

2022-07-18 11:00:08 - [MESSAGE][PASSED] - Keys 'ENTER + ' sent to object: 'Object Repository/Page_Concours photo  votez pour la plus bel_494087/input_trie par_keyword'

2022-07-18 11:00:08 - [TEST_STEP][PASSED] - click(findTestObject("Page_Concours photo  votez pour la plus bel_494087/tri")): Object: 'Object Repository/Page_Concours photo  votez pour la plus bel_494087/tri' is clicked on

2022-07-18 11:00:09 - [MESSAGE][PASSED] - Object: 'Object Repository/Page_Concours photo  votez pour la plus bel_494087/tri' is clicked on

2022-07-18 11:00:09 - [TEST_STEP][PASSED] - click(findTestObject("Page_Concours photo  votez pour la plus bel_494087/plus de votes")): Object: 'Object Repository/Page_Concours photo  votez pour la plus bel_494087/plus de votes' is clicked on

2022-07-18 11:00:10 - [MESSAGE][PASSED] - Object: 'Object Repository/Page_Concours photo  votez pour la plus bel_494087/plus de votes' is clicked on

2022-07-18 11:00:11 - [TEST_STEP][PASSED] - click(findTestObject("Object Repository/Page_Concours photo  votez pour la plus bel_494087/i_Votes_fa fa-heart")): Object: 'Object Repository/Page_Concours photo  votez pour la plus bel_494087/i_Votes_fa fa-heart' is clicked on

2022-07-18 11:00:12 - [MESSAGE][PASSED] - Object: 'Object Repository/Page_Concours photo  votez pour la plus bel_494087/i_Votes_fa fa-heart' is clicked on

2022-07-18 11:00:12 - [TEST_STEP][PASSED] - delay(1): Delayed 1 second(s)

2022-07-18 11:00:13 - [MESSAGE][PASSED] - Delayed 1 second(s)

2022-07-18 11:00:13 - [TEST_STEP][PASSED] - closeBrowser(): Browser is closed

2022-07-18 11:00:13 - [MESSAGE][PASSED] - Browser is closed]]></system-out>
         <system-err><![CDATA[]]></system-err>
      </testcase>
      <testcase name="Test Cases/Vote" time="35.41" classname="Test Cases/Vote" status="PASSED">
         <system-out><![CDATA[2022-07-18 11:00:13 - [TEST_CASE][PASSED] - Test Cases/Vote: Test Cases/Vote

2022-07-18 11:00:13 - [TEST_STEP][PASSED] - openBrowser(""): Browser is opened with url: ''

2022-07-18 11:00:13 - [MESSAGE][INFO] - Starting 'Chrome' driver

2022-07-18 11:00:13 - [MESSAGE][INFO] - Action delay is set to 0 milliseconds

2022-07-18 11:00:14 - [MESSAGE][PASSED] - Browser is opened with url: ''

2022-07-18 11:00:15 - [TEST_STEP][PASSED] - navigateToUrl("https://lesechosdutouquet.nordlittoral.fr/147787/article/2022-06-30/concours-photo-montrez-nous-la-plus-belle-photo-de-votre-chien-en-promenade-sur#l5lb6r47qsmp9ur58y"): Navigate to 'https://lesechosdutouquet.nordlittoral.fr/147787/article/2022-06-30/concours-photo-montrez-nous-la-plus-belle-photo-de-votre-chien-en-promenade-sur#l5lb6r47qsmp9ur58y' successfully

2022-07-18 11:00:18 - [MESSAGE][PASSED] - Navigate to 'https://lesechosdutouquet.nordlittoral.fr/147787/article/2022-06-30/concours-photo-montrez-nous-la-plus-belle-photo-de-votre-chien-en-promenade-sur#l5lb6r47qsmp9ur58y' successfully

2022-07-18 11:00:18 - [TEST_STEP][PASSED] - setViewPortSize(1920, 1080): Viewport is set to new size with width = 1920 and height = 1080

2022-07-18 11:00:19 - [MESSAGE][PASSED] - Viewport is set to new size with width = 1920 and height = 1080

2022-07-18 11:00:19 - [TEST_STEP][PASSED] - click(findTestObject("Object Repository/Page_Concours photo  votez pour la plus bel_494087/button_Accepter  Fermer")): Object: 'Object Repository/Page_Concours photo  votez pour la plus bel_494087/button_Accepter  Fermer' is clicked on

2022-07-18 11:00:20 - [MESSAGE][PASSED] - Object: 'Object Repository/Page_Concours photo  votez pour la plus bel_494087/button_Accepter  Fermer' is clicked on

2022-07-18 11:00:20 - [TEST_STEP][PASSED] - delay(12): Delayed 12 second(s)

2022-07-18 11:00:32 - [MESSAGE][PASSED] - Delayed 12 second(s)

2022-07-18 11:00:32 - [TEST_STEP][PASSED] - click(findTestObject("Object Repository/Page_Concours photo  votez pour la plus bel_494087/a_X")): Object: 'Object Repository/Page_Concours photo  votez pour la plus bel_494087/a_X' is clicked on

2022-07-18 11:00:32 - [MESSAGE][PASSED] - Object: 'Object Repository/Page_Concours photo  votez pour la plus bel_494087/a_X' is clicked on

2022-07-18 11:00:32 - [TEST_STEP][PASSED] - delay(1): Delayed 1 second(s)

2022-07-18 11:00:33 - [MESSAGE][PASSED] - Delayed 1 second(s)

2022-07-18 11:00:33 - [TEST_STEP][PASSED] - click(findTestObject("Object Repository/Page_Concours photo  votez pour la plus bel_494087/input_concat(Votez pour le plus beau chien de la cte d, , Opale )_jouer")): Object: 'Object Repository/Page_Concours photo  votez pour la plus bel_494087/input_concat(Votez pour le plus beau chien de la cte d, , Opale )_jouer' is clicked on

2022-07-18 11:00:34 - [MESSAGE][PASSED] - Object: 'Object Repository/Page_Concours photo  votez pour la plus bel_494087/input_concat(Votez pour le plus beau chien de la cte d, , Opale )_jouer' is clicked on

2022-07-18 11:00:34 - [TEST_STEP][PASSED] - if (verifyElementPresent(findTestObject("Page_Concours photo  votez pour la plus bel_494087/input_concat(Votez pour le plus beau chien de la cte d, , Opale )_jouer"), 1, OPTIONAL)): null

2022-07-18 11:00:35 - [MESSAGE][PASSED] - Object 'Object Repository/Page_Concours photo  votez pour la plus bel_494087/input_concat(Votez pour le plus beau chien de la cte d, , Opale )_jouer' is present

2022-07-18 11:00:35 - [TEST_STEP][PASSED] - click(findTestObject("Object Repository/Page_Concours photo  votez pour la plus bel_494087/input_concat(Votez pour le plus beau chien de la cte d, , Opale )_jouer")): Object: 'Object Repository/Page_Concours photo  votez pour la plus bel_494087/input_concat(Votez pour le plus beau chien de la cte d, , Opale )_jouer' is clicked on

2022-07-18 11:00:36 - [MESSAGE][PASSED] - Object: 'Object Repository/Page_Concours photo  votez pour la plus bel_494087/input_concat(Votez pour le plus beau chien de la cte d, , Opale )_jouer' is clicked on

2022-07-18 11:00:36 - [TEST_STEP][PASSED] - delay(1): Delayed 1 second(s)

2022-07-18 11:00:37 - [MESSAGE][PASSED] - Delayed 1 second(s)

2022-07-18 11:00:37 - [TEST_STEP][PASSED] - setText(findTestObject("Object Repository/Page_Concours photo  votez pour la plus bel_494087/input_trie par_keyword"), "Gaspard"): Text 'Gaspard' is set on object 'Object Repository/Page_Concours photo  votez pour la plus bel_494087/input_trie par_keyword'

2022-07-18 11:00:42 - [MESSAGE][PASSED] - Text 'Gaspard' is set on object 'Object Repository/Page_Concours photo  votez pour la plus bel_494087/input_trie par_keyword'

2022-07-18 11:00:42 - [TEST_STEP][PASSED] - sendKeys(findTestObject("Page_Concours photo  votez pour la plus bel_494087/input_trie par_keyword"), Keys.chord(ENTER)): Keys 'ENTER + ' sent to object: 'Object Repository/Page_Concours photo  votez pour la plus bel_494087/input_trie par_keyword'

2022-07-18 11:00:44 - [MESSAGE][PASSED] - Keys 'ENTER + ' sent to object: 'Object Repository/Page_Concours photo  votez pour la plus bel_494087/input_trie par_keyword'

2022-07-18 11:00:44 - [TEST_STEP][PASSED] - click(findTestObject("Page_Concours photo  votez pour la plus bel_494087/tri")): Object: 'Object Repository/Page_Concours photo  votez pour la plus bel_494087/tri' is clicked on

2022-07-18 11:00:44 - [MESSAGE][PASSED] - Object: 'Object Repository/Page_Concours photo  votez pour la plus bel_494087/tri' is clicked on

2022-07-18 11:00:44 - [TEST_STEP][PASSED] - click(findTestObject("Page_Concours photo  votez pour la plus bel_494087/plus de votes")): Object: 'Object Repository/Page_Concours photo  votez pour la plus bel_494087/plus de votes' is clicked on

2022-07-18 11:00:45 - [MESSAGE][PASSED] - Object: 'Object Repository/Page_Concours photo  votez pour la plus bel_494087/plus de votes' is clicked on

2022-07-18 11:00:46 - [TEST_STEP][PASSED] - click(findTestObject("Object Repository/Page_Concours photo  votez pour la plus bel_494087/i_Votes_fa fa-heart")): Object: 'Object Repository/Page_Concours photo  votez pour la plus bel_494087/i_Votes_fa fa-heart' is clicked on

2022-07-18 11:00:47 - [MESSAGE][PASSED] - Object: 'Object Repository/Page_Concours photo  votez pour la plus bel_494087/i_Votes_fa fa-heart' is clicked on

2022-07-18 11:00:47 - [TEST_STEP][PASSED] - delay(1): Delayed 1 second(s)

2022-07-18 11:00:48 - [MESSAGE][PASSED] - Delayed 1 second(s)

2022-07-18 11:00:48 - [TEST_STEP][PASSED] - closeBrowser(): Browser is closed

2022-07-18 11:00:48 - [MESSAGE][PASSED] - Browser is closed]]></system-out>
         <system-err><![CDATA[]]></system-err>
      </testcase>
      <testcase name="Test Cases/Vote" time="32.785" classname="Test Cases/Vote" status="PASSED">
         <system-out><![CDATA[2022-07-18 11:00:48 - [TEST_CASE][PASSED] - Test Cases/Vote: Test Cases/Vote

2022-07-18 11:00:48 - [TEST_STEP][PASSED] - openBrowser(""): Browser is opened with url: ''

2022-07-18 11:00:48 - [MESSAGE][INFO] - Starting 'Chrome' driver

2022-07-18 11:00:48 - [MESSAGE][INFO] - Action delay is set to 0 milliseconds

2022-07-18 11:00:50 - [MESSAGE][PASSED] - Browser is opened with url: ''

2022-07-18 11:00:50 - [TEST_STEP][PASSED] - navigateToUrl("https://lesechosdutouquet.nordlittoral.fr/147787/article/2022-06-30/concours-photo-montrez-nous-la-plus-belle-photo-de-votre-chien-en-promenade-sur#l5lb6r47qsmp9ur58y"): Navigate to 'https://lesechosdutouquet.nordlittoral.fr/147787/article/2022-06-30/concours-photo-montrez-nous-la-plus-belle-photo-de-votre-chien-en-promenade-sur#l5lb6r47qsmp9ur58y' successfully

2022-07-18 11:00:53 - [MESSAGE][PASSED] - Navigate to 'https://lesechosdutouquet.nordlittoral.fr/147787/article/2022-06-30/concours-photo-montrez-nous-la-plus-belle-photo-de-votre-chien-en-promenade-sur#l5lb6r47qsmp9ur58y' successfully

2022-07-18 11:00:53 - [TEST_STEP][PASSED] - setViewPortSize(1920, 1080): Viewport is set to new size with width = 1920 and height = 1080

2022-07-18 11:00:53 - [MESSAGE][PASSED] - Viewport is set to new size with width = 1920 and height = 1080

2022-07-18 11:00:53 - [TEST_STEP][PASSED] - click(findTestObject("Object Repository/Page_Concours photo  votez pour la plus bel_494087/button_Accepter  Fermer")): Object: 'Object Repository/Page_Concours photo  votez pour la plus bel_494087/button_Accepter  Fermer' is clicked on

2022-07-18 11:00:55 - [MESSAGE][PASSED] - Object: 'Object Repository/Page_Concours photo  votez pour la plus bel_494087/button_Accepter  Fermer' is clicked on

2022-07-18 11:00:55 - [TEST_STEP][PASSED] - delay(12): Delayed 12 second(s)

2022-07-18 11:01:07 - [MESSAGE][PASSED] - Delayed 12 second(s)

2022-07-18 11:01:07 - [TEST_STEP][PASSED] - click(findTestObject("Object Repository/Page_Concours photo  votez pour la plus bel_494087/a_X")): Object: 'Object Repository/Page_Concours photo  votez pour la plus bel_494087/a_X' is clicked on

2022-07-18 11:01:08 - [MESSAGE][PASSED] - Object: 'Object Repository/Page_Concours photo  votez pour la plus bel_494087/a_X' is clicked on

2022-07-18 11:01:08 - [TEST_STEP][PASSED] - delay(1): Delayed 1 second(s)

2022-07-18 11:01:09 - [MESSAGE][PASSED] - Delayed 1 second(s)

2022-07-18 11:01:09 - [TEST_STEP][PASSED] - click(findTestObject("Object Repository/Page_Concours photo  votez pour la plus bel_494087/input_concat(Votez pour le plus beau chien de la cte d, , Opale )_jouer")): Object: 'Object Repository/Page_Concours photo  votez pour la plus bel_494087/input_concat(Votez pour le plus beau chien de la cte d, , Opale )_jouer' is clicked on

2022-07-18 11:01:10 - [MESSAGE][PASSED] - Object: 'Object Repository/Page_Concours photo  votez pour la plus bel_494087/input_concat(Votez pour le plus beau chien de la cte d, , Opale )_jouer' is clicked on

2022-07-18 11:01:10 - [TEST_STEP][PASSED] - if (verifyElementPresent(findTestObject("Page_Concours photo  votez pour la plus bel_494087/input_concat(Votez pour le plus beau chien de la cte d, , Opale )_jouer"), 1, OPTIONAL)): null

2022-07-18 11:01:11 - [MESSAGE][PASSED] - Object 'Object Repository/Page_Concours photo  votez pour la plus bel_494087/input_concat(Votez pour le plus beau chien de la cte d, , Opale )_jouer' is present

2022-07-18 11:01:11 - [TEST_STEP][PASSED] - click(findTestObject("Object Repository/Page_Concours photo  votez pour la plus bel_494087/input_concat(Votez pour le plus beau chien de la cte d, , Opale )_jouer")): Object: 'Object Repository/Page_Concours photo  votez pour la plus bel_494087/input_concat(Votez pour le plus beau chien de la cte d, , Opale )_jouer' is clicked on

2022-07-18 11:01:12 - [MESSAGE][PASSED] - Object: 'Object Repository/Page_Concours photo  votez pour la plus bel_494087/input_concat(Votez pour le plus beau chien de la cte d, , Opale )_jouer' is clicked on

2022-07-18 11:01:12 - [TEST_STEP][PASSED] - delay(1): Delayed 1 second(s)

2022-07-18 11:01:13 - [MESSAGE][PASSED] - Delayed 1 second(s)

2022-07-18 11:01:13 - [TEST_STEP][PASSED] - setText(findTestObject("Object Repository/Page_Concours photo  votez pour la plus bel_494087/input_trie par_keyword"), "Gaspard"): Text 'Gaspard' is set on object 'Object Repository/Page_Concours photo  votez pour la plus bel_494087/input_trie par_keyword'

2022-07-18 11:01:15 - [MESSAGE][PASSED] - Text 'Gaspard' is set on object 'Object Repository/Page_Concours photo  votez pour la plus bel_494087/input_trie par_keyword'

2022-07-18 11:01:16 - [TEST_STEP][PASSED] - sendKeys(findTestObject("Page_Concours photo  votez pour la plus bel_494087/input_trie par_keyword"), Keys.chord(ENTER)): Keys 'ENTER + ' sent to object: 'Object Repository/Page_Concours photo  votez pour la plus bel_494087/input_trie par_keyword'

2022-07-18 11:01:16 - [MESSAGE][PASSED] - Keys 'ENTER + ' sent to object: 'Object Repository/Page_Concours photo  votez pour la plus bel_494087/input_trie par_keyword'

2022-07-18 11:01:16 - [TEST_STEP][PASSED] - click(findTestObject("Page_Concours photo  votez pour la plus bel_494087/tri")): Object: 'Object Repository/Page_Concours photo  votez pour la plus bel_494087/tri' is clicked on

2022-07-18 11:01:17 - [MESSAGE][PASSED] - Object: 'Object Repository/Page_Concours photo  votez pour la plus bel_494087/tri' is clicked on

2022-07-18 11:01:17 - [TEST_STEP][PASSED] - click(findTestObject("Page_Concours photo  votez pour la plus bel_494087/plus de votes")): Object: 'Object Repository/Page_Concours photo  votez pour la plus bel_494087/plus de votes' is clicked on

2022-07-18 11:01:18 - [MESSAGE][PASSED] - Object: 'Object Repository/Page_Concours photo  votez pour la plus bel_494087/plus de votes' is clicked on

2022-07-18 11:01:19 - [TEST_STEP][PASSED] - click(findTestObject("Object Repository/Page_Concours photo  votez pour la plus bel_494087/i_Votes_fa fa-heart")): Object: 'Object Repository/Page_Concours photo  votez pour la plus bel_494087/i_Votes_fa fa-heart' is clicked on

2022-07-18 11:01:20 - [MESSAGE][PASSED] - Object: 'Object Repository/Page_Concours photo  votez pour la plus bel_494087/i_Votes_fa fa-heart' is clicked on

2022-07-18 11:01:20 - [TEST_STEP][PASSED] - delay(1): Delayed 1 second(s)

2022-07-18 11:01:21 - [MESSAGE][PASSED] - Delayed 1 second(s)

2022-07-18 11:01:21 - [TEST_STEP][PASSED] - closeBrowser(): Browser is closed

2022-07-18 11:01:21 - [MESSAGE][PASSED] - Browser is closed]]></system-out>
         <system-err><![CDATA[]]></system-err>
      </testcase>
      <testcase name="Test Cases/Vote" time="31.451" classname="Test Cases/Vote" status="PASSED">
         <system-out><![CDATA[2022-07-18 11:01:21 - [TEST_CASE][PASSED] - Test Cases/Vote: Test Cases/Vote

2022-07-18 11:01:21 - [TEST_STEP][PASSED] - openBrowser(""): Browser is opened with url: ''

2022-07-18 11:01:21 - [MESSAGE][INFO] - Starting 'Chrome' driver

2022-07-18 11:01:21 - [MESSAGE][INFO] - Action delay is set to 0 milliseconds

2022-07-18 11:01:23 - [MESSAGE][PASSED] - Browser is opened with url: ''

2022-07-18 11:01:23 - [TEST_STEP][PASSED] - navigateToUrl("https://lesechosdutouquet.nordlittoral.fr/147787/article/2022-06-30/concours-photo-montrez-nous-la-plus-belle-photo-de-votre-chien-en-promenade-sur#l5lb6r47qsmp9ur58y"): Navigate to 'https://lesechosdutouquet.nordlittoral.fr/147787/article/2022-06-30/concours-photo-montrez-nous-la-plus-belle-photo-de-votre-chien-en-promenade-sur#l5lb6r47qsmp9ur58y' successfully

2022-07-18 11:01:25 - [MESSAGE][PASSED] - Navigate to 'https://lesechosdutouquet.nordlittoral.fr/147787/article/2022-06-30/concours-photo-montrez-nous-la-plus-belle-photo-de-votre-chien-en-promenade-sur#l5lb6r47qsmp9ur58y' successfully

2022-07-18 11:01:25 - [TEST_STEP][PASSED] - setViewPortSize(1920, 1080): Viewport is set to new size with width = 1920 and height = 1080

2022-07-18 11:01:25 - [MESSAGE][PASSED] - Viewport is set to new size with width = 1920 and height = 1080

2022-07-18 11:01:25 - [TEST_STEP][PASSED] - click(findTestObject("Object Repository/Page_Concours photo  votez pour la plus bel_494087/button_Accepter  Fermer")): Object: 'Object Repository/Page_Concours photo  votez pour la plus bel_494087/button_Accepter  Fermer' is clicked on

2022-07-18 11:01:27 - [MESSAGE][PASSED] - Object: 'Object Repository/Page_Concours photo  votez pour la plus bel_494087/button_Accepter  Fermer' is clicked on

2022-07-18 11:01:27 - [TEST_STEP][PASSED] - delay(12): Delayed 12 second(s)

2022-07-18 11:01:39 - [MESSAGE][PASSED] - Delayed 12 second(s)

2022-07-18 11:01:39 - [TEST_STEP][PASSED] - click(findTestObject("Object Repository/Page_Concours photo  votez pour la plus bel_494087/a_X")): Object: 'Object Repository/Page_Concours photo  votez pour la plus bel_494087/a_X' is clicked on

2022-07-18 11:01:39 - [MESSAGE][PASSED] - Object: 'Object Repository/Page_Concours photo  votez pour la plus bel_494087/a_X' is clicked on

2022-07-18 11:01:39 - [TEST_STEP][PASSED] - delay(1): Delayed 1 second(s)

2022-07-18 11:01:40 - [MESSAGE][PASSED] - Delayed 1 second(s)

2022-07-18 11:01:40 - [TEST_STEP][PASSED] - click(findTestObject("Object Repository/Page_Concours photo  votez pour la plus bel_494087/input_concat(Votez pour le plus beau chien de la cte d, , Opale )_jouer")): Object: 'Object Repository/Page_Concours photo  votez pour la plus bel_494087/input_concat(Votez pour le plus beau chien de la cte d, , Opale )_jouer' is clicked on

2022-07-18 11:01:41 - [MESSAGE][PASSED] - Object: 'Object Repository/Page_Concours photo  votez pour la plus bel_494087/input_concat(Votez pour le plus beau chien de la cte d, , Opale )_jouer' is clicked on

2022-07-18 11:01:41 - [TEST_STEP][PASSED] - if (verifyElementPresent(findTestObject("Page_Concours photo  votez pour la plus bel_494087/input_concat(Votez pour le plus beau chien de la cte d, , Opale )_jouer"), 1, OPTIONAL)): null

2022-07-18 11:01:42 - [MESSAGE][PASSED] - Object 'Object Repository/Page_Concours photo  votez pour la plus bel_494087/input_concat(Votez pour le plus beau chien de la cte d, , Opale )_jouer' is present

2022-07-18 11:01:42 - [TEST_STEP][PASSED] - click(findTestObject("Object Repository/Page_Concours photo  votez pour la plus bel_494087/input_concat(Votez pour le plus beau chien de la cte d, , Opale )_jouer")): Object: 'Object Repository/Page_Concours photo  votez pour la plus bel_494087/input_concat(Votez pour le plus beau chien de la cte d, , Opale )_jouer' is clicked on

2022-07-18 11:01:43 - [MESSAGE][PASSED] - Object: 'Object Repository/Page_Concours photo  votez pour la plus bel_494087/input_concat(Votez pour le plus beau chien de la cte d, , Opale )_jouer' is clicked on

2022-07-18 11:01:43 - [TEST_STEP][PASSED] - delay(1): Delayed 1 second(s)

2022-07-18 11:01:44 - [MESSAGE][PASSED] - Delayed 1 second(s)

2022-07-18 11:01:44 - [TEST_STEP][PASSED] - setText(findTestObject("Object Repository/Page_Concours photo  votez pour la plus bel_494087/input_trie par_keyword"), "Gaspard"): Text 'Gaspard' is set on object 'Object Repository/Page_Concours photo  votez pour la plus bel_494087/input_trie par_keyword'

2022-07-18 11:01:47 - [MESSAGE][PASSED] - Text 'Gaspard' is set on object 'Object Repository/Page_Concours photo  votez pour la plus bel_494087/input_trie par_keyword'

2022-07-18 11:01:47 - [TEST_STEP][PASSED] - sendKeys(findTestObject("Page_Concours photo  votez pour la plus bel_494087/input_trie par_keyword"), Keys.chord(ENTER)): Keys 'ENTER + ' sent to object: 'Object Repository/Page_Concours photo  votez pour la plus bel_494087/input_trie par_keyword'

2022-07-18 11:01:48 - [MESSAGE][PASSED] - Keys 'ENTER + ' sent to object: 'Object Repository/Page_Concours photo  votez pour la plus bel_494087/input_trie par_keyword'

2022-07-18 11:01:48 - [TEST_STEP][PASSED] - click(findTestObject("Page_Concours photo  votez pour la plus bel_494087/tri")): Object: 'Object Repository/Page_Concours photo  votez pour la plus bel_494087/tri' is clicked on

2022-07-18 11:01:49 - [MESSAGE][PASSED] - Object: 'Object Repository/Page_Concours photo  votez pour la plus bel_494087/tri' is clicked on

2022-07-18 11:01:49 - [TEST_STEP][PASSED] - click(findTestObject("Page_Concours photo  votez pour la plus bel_494087/plus de votes")): Object: 'Object Repository/Page_Concours photo  votez pour la plus bel_494087/plus de votes' is clicked on

2022-07-18 11:01:50 - [MESSAGE][PASSED] - Object: 'Object Repository/Page_Concours photo  votez pour la plus bel_494087/plus de votes' is clicked on

2022-07-18 11:01:51 - [TEST_STEP][PASSED] - click(findTestObject("Object Repository/Page_Concours photo  votez pour la plus bel_494087/i_Votes_fa fa-heart")): Object: 'Object Repository/Page_Concours photo  votez pour la plus bel_494087/i_Votes_fa fa-heart' is clicked on

2022-07-18 11:01:51 - [MESSAGE][PASSED] - Object: 'Object Repository/Page_Concours photo  votez pour la plus bel_494087/i_Votes_fa fa-heart' is clicked on

2022-07-18 11:01:51 - [TEST_STEP][PASSED] - delay(1): Delayed 1 second(s)

2022-07-18 11:01:52 - [MESSAGE][PASSED] - Delayed 1 second(s)

2022-07-18 11:01:52 - [TEST_STEP][PASSED] - closeBrowser(): Browser is closed

2022-07-18 11:01:53 - [MESSAGE][PASSED] - Browser is closed]]></system-out>
         <system-err><![CDATA[]]></system-err>
      </testcase>
      <testcase name="Test Cases/Vote" time="31.02" classname="Test Cases/Vote" status="PASSED">
         <system-out><![CDATA[2022-07-18 11:01:53 - [TEST_CASE][PASSED] - Test Cases/Vote: Test Cases/Vote

2022-07-18 11:01:53 - [TEST_STEP][PASSED] - openBrowser(""): Browser is opened with url: ''

2022-07-18 11:01:53 - [MESSAGE][INFO] - Starting 'Chrome' driver

2022-07-18 11:01:53 - [MESSAGE][INFO] - Action delay is set to 0 milliseconds

2022-07-18 11:01:54 - [MESSAGE][PASSED] - Browser is opened with url: ''

2022-07-18 11:01:54 - [TEST_STEP][PASSED] - navigateToUrl("https://lesechosdutouquet.nordlittoral.fr/147787/article/2022-06-30/concours-photo-montrez-nous-la-plus-belle-photo-de-votre-chien-en-promenade-sur#l5lb6r47qsmp9ur58y"): Navigate to 'https://lesechosdutouquet.nordlittoral.fr/147787/article/2022-06-30/concours-photo-montrez-nous-la-plus-belle-photo-de-votre-chien-en-promenade-sur#l5lb6r47qsmp9ur58y' successfully

2022-07-18 11:01:56 - [MESSAGE][PASSED] - Navigate to 'https://lesechosdutouquet.nordlittoral.fr/147787/article/2022-06-30/concours-photo-montrez-nous-la-plus-belle-photo-de-votre-chien-en-promenade-sur#l5lb6r47qsmp9ur58y' successfully

2022-07-18 11:01:56 - [TEST_STEP][PASSED] - setViewPortSize(1920, 1080): Viewport is set to new size with width = 1920 and height = 1080

2022-07-18 11:01:56 - [MESSAGE][PASSED] - Viewport is set to new size with width = 1920 and height = 1080

2022-07-18 11:01:56 - [TEST_STEP][PASSED] - click(findTestObject("Object Repository/Page_Concours photo  votez pour la plus bel_494087/button_Accepter  Fermer")): Object: 'Object Repository/Page_Concours photo  votez pour la plus bel_494087/button_Accepter  Fermer' is clicked on

2022-07-18 11:01:57 - [MESSAGE][PASSED] - Object: 'Object Repository/Page_Concours photo  votez pour la plus bel_494087/button_Accepter  Fermer' is clicked on

2022-07-18 11:01:57 - [TEST_STEP][PASSED] - delay(12): Delayed 12 second(s)

2022-07-18 11:02:10 - [MESSAGE][PASSED] - Delayed 12 second(s)

2022-07-18 11:02:10 - [TEST_STEP][PASSED] - click(findTestObject("Object Repository/Page_Concours photo  votez pour la plus bel_494087/a_X")): Object: 'Object Repository/Page_Concours photo  votez pour la plus bel_494087/a_X' is clicked on

2022-07-18 11:02:10 - [MESSAGE][PASSED] - Object: 'Object Repository/Page_Concours photo  votez pour la plus bel_494087/a_X' is clicked on

2022-07-18 11:02:10 - [TEST_STEP][PASSED] - delay(1): Delayed 1 second(s)

2022-07-18 11:02:11 - [MESSAGE][PASSED] - Delayed 1 second(s)

2022-07-18 11:02:11 - [TEST_STEP][PASSED] - click(findTestObject("Object Repository/Page_Concours photo  votez pour la plus bel_494087/input_concat(Votez pour le plus beau chien de la cte d, , Opale )_jouer")): Object: 'Object Repository/Page_Concours photo  votez pour la plus bel_494087/input_concat(Votez pour le plus beau chien de la cte d, , Opale )_jouer' is clicked on

2022-07-18 11:02:12 - [MESSAGE][PASSED] - Object: 'Object Repository/Page_Concours photo  votez pour la plus bel_494087/input_concat(Votez pour le plus beau chien de la cte d, , Opale )_jouer' is clicked on

2022-07-18 11:02:12 - [TEST_STEP][PASSED] - if (verifyElementPresent(findTestObject("Page_Concours photo  votez pour la plus bel_494087/input_concat(Votez pour le plus beau chien de la cte d, , Opale )_jouer"), 1, OPTIONAL)): null

2022-07-18 11:02:13 - [MESSAGE][PASSED] - Object 'Object Repository/Page_Concours photo  votez pour la plus bel_494087/input_concat(Votez pour le plus beau chien de la cte d, , Opale )_jouer' is present

2022-07-18 11:02:13 - [TEST_STEP][PASSED] - click(findTestObject("Object Repository/Page_Concours photo  votez pour la plus bel_494087/input_concat(Votez pour le plus beau chien de la cte d, , Opale )_jouer")): Object: 'Object Repository/Page_Concours photo  votez pour la plus bel_494087/input_concat(Votez pour le plus beau chien de la cte d, , Opale )_jouer' is clicked on

2022-07-18 11:02:14 - [MESSAGE][PASSED] - Object: 'Object Repository/Page_Concours photo  votez pour la plus bel_494087/input_concat(Votez pour le plus beau chien de la cte d, , Opale )_jouer' is clicked on

2022-07-18 11:02:14 - [TEST_STEP][PASSED] - delay(1): Delayed 1 second(s)

2022-07-18 11:02:15 - [MESSAGE][PASSED] - Delayed 1 second(s)

2022-07-18 11:02:15 - [TEST_STEP][PASSED] - setText(findTestObject("Object Repository/Page_Concours photo  votez pour la plus bel_494087/input_trie par_keyword"), "Gaspard"): Text 'Gaspard' is set on object 'Object Repository/Page_Concours photo  votez pour la plus bel_494087/input_trie par_keyword'

2022-07-18 11:02:18 - [MESSAGE][PASSED] - Text 'Gaspard' is set on object 'Object Repository/Page_Concours photo  votez pour la plus bel_494087/input_trie par_keyword'

2022-07-18 11:02:18 - [TEST_STEP][PASSED] - sendKeys(findTestObject("Page_Concours photo  votez pour la plus bel_494087/input_trie par_keyword"), Keys.chord(ENTER)): Keys 'ENTER + ' sent to object: 'Object Repository/Page_Concours photo  votez pour la plus bel_494087/input_trie par_keyword'

2022-07-18 11:02:19 - [MESSAGE][PASSED] - Keys 'ENTER + ' sent to object: 'Object Repository/Page_Concours photo  votez pour la plus bel_494087/input_trie par_keyword'

2022-07-18 11:02:19 - [TEST_STEP][PASSED] - click(findTestObject("Page_Concours photo  votez pour la plus bel_494087/tri")): Object: 'Object Repository/Page_Concours photo  votez pour la plus bel_494087/tri' is clicked on

2022-07-18 11:02:20 - [MESSAGE][PASSED] - Object: 'Object Repository/Page_Concours photo  votez pour la plus bel_494087/tri' is clicked on

2022-07-18 11:02:20 - [TEST_STEP][PASSED] - click(findTestObject("Page_Concours photo  votez pour la plus bel_494087/plus de votes")): Object: 'Object Repository/Page_Concours photo  votez pour la plus bel_494087/plus de votes' is clicked on

2022-07-18 11:02:22 - [MESSAGE][PASSED] - Object: 'Object Repository/Page_Concours photo  votez pour la plus bel_494087/plus de votes' is clicked on

2022-07-18 11:02:22 - [TEST_STEP][PASSED] - click(findTestObject("Object Repository/Page_Concours photo  votez pour la plus bel_494087/i_Votes_fa fa-heart")): Object: 'Object Repository/Page_Concours photo  votez pour la plus bel_494087/i_Votes_fa fa-heart' is clicked on

2022-07-18 11:02:22 - [MESSAGE][PASSED] - Object: 'Object Repository/Page_Concours photo  votez pour la plus bel_494087/i_Votes_fa fa-heart' is clicked on

2022-07-18 11:02:22 - [TEST_STEP][PASSED] - delay(1): Delayed 1 second(s)

2022-07-18 11:02:23 - [MESSAGE][PASSED] - Delayed 1 second(s)

2022-07-18 11:02:23 - [TEST_STEP][PASSED] - closeBrowser(): Browser is closed

2022-07-18 11:02:24 - [MESSAGE][PASSED] - Browser is closed]]></system-out>
         <system-err><![CDATA[]]></system-err>
      </testcase>
      <testcase name="Test Cases/Vote" time="39.582" classname="Test Cases/Vote" status="PASSED">
         <system-out><![CDATA[2022-07-18 11:02:24 - [TEST_CASE][PASSED] - Test Cases/Vote: Test Cases/Vote

2022-07-18 11:02:24 - [TEST_STEP][PASSED] - openBrowser(""): Browser is opened with url: ''

2022-07-18 11:02:24 - [MESSAGE][INFO] - Starting 'Chrome' driver

2022-07-18 11:02:24 - [MESSAGE][INFO] - Action delay is set to 0 milliseconds

2022-07-18 11:02:25 - [MESSAGE][PASSED] - Browser is opened with url: ''

2022-07-18 11:02:25 - [TEST_STEP][PASSED] - navigateToUrl("https://lesechosdutouquet.nordlittoral.fr/147787/article/2022-06-30/concours-photo-montrez-nous-la-plus-belle-photo-de-votre-chien-en-promenade-sur#l5lb6r47qsmp9ur58y"): Navigate to 'https://lesechosdutouquet.nordlittoral.fr/147787/article/2022-06-30/concours-photo-montrez-nous-la-plus-belle-photo-de-votre-chien-en-promenade-sur#l5lb6r47qsmp9ur58y' successfully

2022-07-18 11:02:27 - [MESSAGE][PASSED] - Navigate to 'https://lesechosdutouquet.nordlittoral.fr/147787/article/2022-06-30/concours-photo-montrez-nous-la-plus-belle-photo-de-votre-chien-en-promenade-sur#l5lb6r47qsmp9ur58y' successfully

2022-07-18 11:02:27 - [TEST_STEP][PASSED] - setViewPortSize(1920, 1080): Viewport is set to new size with width = 1920 and height = 1080

2022-07-18 11:02:27 - [MESSAGE][PASSED] - Viewport is set to new size with width = 1920 and height = 1080

2022-07-18 11:02:27 - [TEST_STEP][PASSED] - click(findTestObject("Object Repository/Page_Concours photo  votez pour la plus bel_494087/button_Accepter  Fermer")): Object: 'Object Repository/Page_Concours photo  votez pour la plus bel_494087/button_Accepter  Fermer' is clicked on

2022-07-18 11:02:29 - [MESSAGE][PASSED] - Object: 'Object Repository/Page_Concours photo  votez pour la plus bel_494087/button_Accepter  Fermer' is clicked on

2022-07-18 11:02:29 - [TEST_STEP][PASSED] - delay(12): Delayed 12 second(s)

2022-07-18 11:02:41 - [MESSAGE][PASSED] - Delayed 12 second(s)

2022-07-18 11:02:41 - [TEST_STEP][PASSED] - click(findTestObject("Object Repository/Page_Concours photo  votez pour la plus bel_494087/a_X")): Object: 'Object Repository/Page_Concours photo  votez pour la plus bel_494087/a_X' is clicked on

2022-07-18 11:02:41 - [MESSAGE][PASSED] - Object: 'Object Repository/Page_Concours photo  votez pour la plus bel_494087/a_X' is clicked on

2022-07-18 11:02:41 - [TEST_STEP][PASSED] - delay(1): Delayed 1 second(s)

2022-07-18 11:02:42 - [MESSAGE][PASSED] - Delayed 1 second(s)

2022-07-18 11:02:42 - [TEST_STEP][PASSED] - click(findTestObject("Object Repository/Page_Concours photo  votez pour la plus bel_494087/input_concat(Votez pour le plus beau chien de la cte d, , Opale )_jouer")): Object: 'Object Repository/Page_Concours photo  votez pour la plus bel_494087/input_concat(Votez pour le plus beau chien de la cte d, , Opale )_jouer' is clicked on

2022-07-18 11:02:43 - [MESSAGE][PASSED] - Object: 'Object Repository/Page_Concours photo  votez pour la plus bel_494087/input_concat(Votez pour le plus beau chien de la cte d, , Opale )_jouer' is clicked on

2022-07-18 11:02:43 - [TEST_STEP][PASSED] - if (verifyElementPresent(findTestObject("Page_Concours photo  votez pour la plus bel_494087/input_concat(Votez pour le plus beau chien de la cte d, , Opale )_jouer"), 1, OPTIONAL)): null

2022-07-18 11:02:45 - [MESSAGE][PASSED] - Object 'Object Repository/Page_Concours photo  votez pour la plus bel_494087/input_concat(Votez pour le plus beau chien de la cte d, , Opale )_jouer' is present

2022-07-18 11:02:45 - [TEST_STEP][PASSED] - click(findTestObject("Object Repository/Page_Concours photo  votez pour la plus bel_494087/input_concat(Votez pour le plus beau chien de la cte d, , Opale )_jouer")): Object: 'Object Repository/Page_Concours photo  votez pour la plus bel_494087/input_concat(Votez pour le plus beau chien de la cte d, , Opale )_jouer' is clicked on

2022-07-18 11:02:45 - [MESSAGE][PASSED] - Object: 'Object Repository/Page_Concours photo  votez pour la plus bel_494087/input_concat(Votez pour le plus beau chien de la cte d, , Opale )_jouer' is clicked on

2022-07-18 11:02:45 - [TEST_STEP][PASSED] - delay(1): Delayed 1 second(s)

2022-07-18 11:02:46 - [MESSAGE][PASSED] - Delayed 1 second(s)

2022-07-18 11:02:46 - [TEST_STEP][PASSED] - setText(findTestObject("Object Repository/Page_Concours photo  votez pour la plus bel_494087/input_trie par_keyword"), "Gaspard"): Text 'Gaspard' is set on object 'Object Repository/Page_Concours photo  votez pour la plus bel_494087/input_trie par_keyword'

2022-07-18 11:02:55 - [MESSAGE][PASSED] - Text 'Gaspard' is set on object 'Object Repository/Page_Concours photo  votez pour la plus bel_494087/input_trie par_keyword'

2022-07-18 11:02:55 - [TEST_STEP][PASSED] - sendKeys(findTestObject("Page_Concours photo  votez pour la plus bel_494087/input_trie par_keyword"), Keys.chord(ENTER)): Keys 'ENTER + ' sent to object: 'Object Repository/Page_Concours photo  votez pour la plus bel_494087/input_trie par_keyword'

2022-07-18 11:02:56 - [MESSAGE][PASSED] - Keys 'ENTER + ' sent to object: 'Object Repository/Page_Concours photo  votez pour la plus bel_494087/input_trie par_keyword'

2022-07-18 11:02:58 - [TEST_STEP][PASSED] - click(findTestObject("Page_Concours photo  votez pour la plus bel_494087/tri")): Object: 'Object Repository/Page_Concours photo  votez pour la plus bel_494087/tri' is clicked on

2022-07-18 11:02:58 - [MESSAGE][PASSED] - Object: 'Object Repository/Page_Concours photo  votez pour la plus bel_494087/tri' is clicked on

2022-07-18 11:02:58 - [TEST_STEP][PASSED] - click(findTestObject("Page_Concours photo  votez pour la plus bel_494087/plus de votes")): Object: 'Object Repository/Page_Concours photo  votez pour la plus bel_494087/plus de votes' is clicked on

2022-07-18 11:02:59 - [MESSAGE][PASSED] - Object: 'Object Repository/Page_Concours photo  votez pour la plus bel_494087/plus de votes' is clicked on

2022-07-18 11:03:01 - [TEST_STEP][PASSED] - click(findTestObject("Object Repository/Page_Concours photo  votez pour la plus bel_494087/i_Votes_fa fa-heart")): Object: 'Object Repository/Page_Concours photo  votez pour la plus bel_494087/i_Votes_fa fa-heart' is clicked on

2022-07-18 11:03:02 - [MESSAGE][PASSED] - Object: 'Object Repository/Page_Concours photo  votez pour la plus bel_494087/i_Votes_fa fa-heart' is clicked on

2022-07-18 11:03:02 - [TEST_STEP][PASSED] - delay(1): Delayed 1 second(s)

2022-07-18 11:03:03 - [MESSAGE][PASSED] - Delayed 1 second(s)

2022-07-18 11:03:03 - [TEST_STEP][PASSED] - closeBrowser(): Browser is closed

2022-07-18 11:03:03 - [MESSAGE][PASSED] - Browser is closed]]></system-out>
         <system-err><![CDATA[]]></system-err>
      </testcase>
      <testcase name="Test Cases/Vote" time="28.314" classname="Test Cases/Vote" status="PASSED">
         <system-out><![CDATA[2022-07-18 11:03:03 - [TEST_CASE][PASSED] - Test Cases/Vote: Test Cases/Vote

2022-07-18 11:03:03 - [TEST_STEP][PASSED] - openBrowser(""): Browser is opened with url: ''

2022-07-18 11:03:03 - [MESSAGE][INFO] - Starting 'Chrome' driver

2022-07-18 11:03:03 - [MESSAGE][INFO] - Action delay is set to 0 milliseconds

2022-07-18 11:03:04 - [MESSAGE][PASSED] - Browser is opened with url: ''

2022-07-18 11:03:04 - [TEST_STEP][PASSED] - navigateToUrl("https://lesechosdutouquet.nordlittoral.fr/147787/article/2022-06-30/concours-photo-montrez-nous-la-plus-belle-photo-de-votre-chien-en-promenade-sur#l5lb6r47qsmp9ur58y"): Navigate to 'https://lesechosdutouquet.nordlittoral.fr/147787/article/2022-06-30/concours-photo-montrez-nous-la-plus-belle-photo-de-votre-chien-en-promenade-sur#l5lb6r47qsmp9ur58y' successfully

2022-07-18 11:03:07 - [MESSAGE][PASSED] - Navigate to 'https://lesechosdutouquet.nordlittoral.fr/147787/article/2022-06-30/concours-photo-montrez-nous-la-plus-belle-photo-de-votre-chien-en-promenade-sur#l5lb6r47qsmp9ur58y' successfully

2022-07-18 11:03:07 - [TEST_STEP][PASSED] - setViewPortSize(1920, 1080): Viewport is set to new size with width = 1920 and height = 1080

2022-07-18 11:03:07 - [MESSAGE][PASSED] - Viewport is set to new size with width = 1920 and height = 1080

2022-07-18 11:03:07 - [TEST_STEP][PASSED] - click(findTestObject("Object Repository/Page_Concours photo  votez pour la plus bel_494087/button_Accepter  Fermer")): Object: 'Object Repository/Page_Concours photo  votez pour la plus bel_494087/button_Accepter  Fermer' is clicked on

2022-07-18 11:03:08 - [MESSAGE][PASSED] - Object: 'Object Repository/Page_Concours photo  votez pour la plus bel_494087/button_Accepter  Fermer' is clicked on

2022-07-18 11:03:08 - [TEST_STEP][PASSED] - delay(12): Delayed 12 second(s)

2022-07-18 11:03:20 - [MESSAGE][PASSED] - Delayed 12 second(s)

2022-07-18 11:03:20 - [TEST_STEP][PASSED] - click(findTestObject("Object Repository/Page_Concours photo  votez pour la plus bel_494087/a_X")): Object: 'Object Repository/Page_Concours photo  votez pour la plus bel_494087/a_X' is clicked on

2022-07-18 11:03:21 - [MESSAGE][PASSED] - Object: 'Object Repository/Page_Concours photo  votez pour la plus bel_494087/a_X' is clicked on

2022-07-18 11:03:21 - [TEST_STEP][PASSED] - delay(1): Delayed 1 second(s)

2022-07-18 11:03:22 - [MESSAGE][PASSED] - Delayed 1 second(s)

2022-07-18 11:03:22 - [TEST_STEP][PASSED] - click(findTestObject("Object Repository/Page_Concours photo  votez pour la plus bel_494087/input_concat(Votez pour le plus beau chien de la cte d, , Opale )_jouer")): Object: 'Object Repository/Page_Concours photo  votez pour la plus bel_494087/input_concat(Votez pour le plus beau chien de la cte d, , Opale )_jouer' is clicked on

2022-07-18 11:03:23 - [MESSAGE][PASSED] - Object: 'Object Repository/Page_Concours photo  votez pour la plus bel_494087/input_concat(Votez pour le plus beau chien de la cte d, , Opale )_jouer' is clicked on

2022-07-18 11:03:23 - [TEST_STEP][PASSED] - if (verifyElementPresent(findTestObject("Page_Concours photo  votez pour la plus bel_494087/input_concat(Votez pour le plus beau chien de la cte d, , Opale )_jouer"), 1, OPTIONAL)): null

2022-07-18 11:03:24 - [MESSAGE][PASSED] - Object 'Object Repository/Page_Concours photo  votez pour la plus bel_494087/input_concat(Votez pour le plus beau chien de la cte d, , Opale )_jouer' is present

2022-07-18 11:03:24 - [TEST_STEP][PASSED] - click(findTestObject("Object Repository/Page_Concours photo  votez pour la plus bel_494087/input_concat(Votez pour le plus beau chien de la cte d, , Opale )_jouer")): Object: 'Object Repository/Page_Concours photo  votez pour la plus bel_494087/input_concat(Votez pour le plus beau chien de la cte d, , Opale )_jouer' is clicked on

2022-07-18 11:03:24 - [MESSAGE][PASSED] - Object: 'Object Repository/Page_Concours photo  votez pour la plus bel_494087/input_concat(Votez pour le plus beau chien de la cte d, , Opale )_jouer' is clicked on

2022-07-18 11:03:24 - [TEST_STEP][PASSED] - delay(1): Delayed 1 second(s)

2022-07-18 11:03:25 - [MESSAGE][PASSED] - Delayed 1 second(s)

2022-07-18 11:03:25 - [TEST_STEP][PASSED] - setText(findTestObject("Object Repository/Page_Concours photo  votez pour la plus bel_494087/input_trie par_keyword"), "Gaspard"): Text 'Gaspard' is set on object 'Object Repository/Page_Concours photo  votez pour la plus bel_494087/input_trie par_keyword'

2022-07-18 11:03:26 - [MESSAGE][PASSED] - Text 'Gaspard' is set on object 'Object Repository/Page_Concours photo  votez pour la plus bel_494087/input_trie par_keyword'

2022-07-18 11:03:26 - [TEST_STEP][PASSED] - sendKeys(findTestObject("Page_Concours photo  votez pour la plus bel_494087/input_trie par_keyword"), Keys.chord(ENTER)): Keys 'ENTER + ' sent to object: 'Object Repository/Page_Concours photo  votez pour la plus bel_494087/input_trie par_keyword'

2022-07-18 11:03:28 - [MESSAGE][PASSED] - Keys 'ENTER + ' sent to object: 'Object Repository/Page_Concours photo  votez pour la plus bel_494087/input_trie par_keyword'

2022-07-18 11:03:28 - [TEST_STEP][PASSED] - click(findTestObject("Page_Concours photo  votez pour la plus bel_494087/tri")): Object: 'Object Repository/Page_Concours photo  votez pour la plus bel_494087/tri' is clicked on

2022-07-18 11:03:29 - [MESSAGE][PASSED] - Object: 'Object Repository/Page_Concours photo  votez pour la plus bel_494087/tri' is clicked on

2022-07-18 11:03:29 - [TEST_STEP][PASSED] - click(findTestObject("Page_Concours photo  votez pour la plus bel_494087/plus de votes")): Object: 'Object Repository/Page_Concours photo  votez pour la plus bel_494087/plus de votes' is clicked on

2022-07-18 11:03:29 - [MESSAGE][PASSED] - Object: 'Object Repository/Page_Concours photo  votez pour la plus bel_494087/plus de votes' is clicked on

2022-07-18 11:03:29 - [TEST_STEP][PASSED] - click(findTestObject("Object Repository/Page_Concours photo  votez pour la plus bel_494087/i_Votes_fa fa-heart")): Object: 'Object Repository/Page_Concours photo  votez pour la plus bel_494087/i_Votes_fa fa-heart' is clicked on

2022-07-18 11:03:30 - [MESSAGE][PASSED] - Object: 'Object Repository/Page_Concours photo  votez pour la plus bel_494087/i_Votes_fa fa-heart' is clicked on

2022-07-18 11:03:30 - [TEST_STEP][PASSED] - delay(1): Delayed 1 second(s)

2022-07-18 11:03:31 - [MESSAGE][PASSED] - Delayed 1 second(s)

2022-07-18 11:03:31 - [TEST_STEP][PASSED] - closeBrowser(): Browser is closed

2022-07-18 11:03:31 - [MESSAGE][PASSED] - Browser is closed]]></system-out>
         <system-err><![CDATA[]]></system-err>
      </testcase>
      <testcase name="Test Cases/Vote" time="32.149" classname="Test Cases/Vote" status="PASSED">
         <system-out><![CDATA[2022-07-18 11:03:31 - [TEST_CASE][PASSED] - Test Cases/Vote: Test Cases/Vote

2022-07-18 11:03:31 - [TEST_STEP][PASSED] - openBrowser(""): Browser is opened with url: ''

2022-07-18 11:03:31 - [MESSAGE][INFO] - Starting 'Chrome' driver

2022-07-18 11:03:31 - [MESSAGE][INFO] - Action delay is set to 0 milliseconds

2022-07-18 11:03:33 - [MESSAGE][PASSED] - Browser is opened with url: ''

2022-07-18 11:03:33 - [TEST_STEP][PASSED] - navigateToUrl("https://lesechosdutouquet.nordlittoral.fr/147787/article/2022-06-30/concours-photo-montrez-nous-la-plus-belle-photo-de-votre-chien-en-promenade-sur#l5lb6r47qsmp9ur58y"): Navigate to 'https://lesechosdutouquet.nordlittoral.fr/147787/article/2022-06-30/concours-photo-montrez-nous-la-plus-belle-photo-de-votre-chien-en-promenade-sur#l5lb6r47qsmp9ur58y' successfully

2022-07-18 11:03:36 - [MESSAGE][PASSED] - Navigate to 'https://lesechosdutouquet.nordlittoral.fr/147787/article/2022-06-30/concours-photo-montrez-nous-la-plus-belle-photo-de-votre-chien-en-promenade-sur#l5lb6r47qsmp9ur58y' successfully

2022-07-18 11:03:36 - [TEST_STEP][PASSED] - setViewPortSize(1920, 1080): Viewport is set to new size with width = 1920 and height = 1080

2022-07-18 11:03:36 - [MESSAGE][PASSED] - Viewport is set to new size with width = 1920 and height = 1080

2022-07-18 11:03:36 - [TEST_STEP][PASSED] - click(findTestObject("Object Repository/Page_Concours photo  votez pour la plus bel_494087/button_Accepter  Fermer")): Object: 'Object Repository/Page_Concours photo  votez pour la plus bel_494087/button_Accepter  Fermer' is clicked on

2022-07-18 11:03:37 - [MESSAGE][PASSED] - Object: 'Object Repository/Page_Concours photo  votez pour la plus bel_494087/button_Accepter  Fermer' is clicked on

2022-07-18 11:03:37 - [TEST_STEP][PASSED] - delay(12): Delayed 12 second(s)

2022-07-18 11:03:49 - [MESSAGE][PASSED] - Delayed 12 second(s)

2022-07-18 11:03:49 - [TEST_STEP][PASSED] - click(findTestObject("Object Repository/Page_Concours photo  votez pour la plus bel_494087/a_X")): Object: 'Object Repository/Page_Concours photo  votez pour la plus bel_494087/a_X' is clicked on

2022-07-18 11:03:50 - [MESSAGE][PASSED] - Object: 'Object Repository/Page_Concours photo  votez pour la plus bel_494087/a_X' is clicked on

2022-07-18 11:03:50 - [TEST_STEP][PASSED] - delay(1): Delayed 1 second(s)

2022-07-18 11:03:51 - [MESSAGE][PASSED] - Delayed 1 second(s)

2022-07-18 11:03:51 - [TEST_STEP][PASSED] - click(findTestObject("Object Repository/Page_Concours photo  votez pour la plus bel_494087/input_concat(Votez pour le plus beau chien de la cte d, , Opale )_jouer")): Object: 'Object Repository/Page_Concours photo  votez pour la plus bel_494087/input_concat(Votez pour le plus beau chien de la cte d, , Opale )_jouer' is clicked on

2022-07-18 11:03:52 - [MESSAGE][PASSED] - Object: 'Object Repository/Page_Concours photo  votez pour la plus bel_494087/input_concat(Votez pour le plus beau chien de la cte d, , Opale )_jouer' is clicked on

2022-07-18 11:03:52 - [TEST_STEP][PASSED] - if (verifyElementPresent(findTestObject("Page_Concours photo  votez pour la plus bel_494087/input_concat(Votez pour le plus beau chien de la cte d, , Opale )_jouer"), 1, OPTIONAL)): null

2022-07-18 11:03:53 - [MESSAGE][PASSED] - Object 'Object Repository/Page_Concours photo  votez pour la plus bel_494087/input_concat(Votez pour le plus beau chien de la cte d, , Opale )_jouer' is present

2022-07-18 11:03:53 - [TEST_STEP][PASSED] - click(findTestObject("Object Repository/Page_Concours photo  votez pour la plus bel_494087/input_concat(Votez pour le plus beau chien de la cte d, , Opale )_jouer")): Object: 'Object Repository/Page_Concours photo  votez pour la plus bel_494087/input_concat(Votez pour le plus beau chien de la cte d, , Opale )_jouer' is clicked on

2022-07-18 11:03:54 - [MESSAGE][PASSED] - Object: 'Object Repository/Page_Concours photo  votez pour la plus bel_494087/input_concat(Votez pour le plus beau chien de la cte d, , Opale )_jouer' is clicked on

2022-07-18 11:03:54 - [TEST_STEP][PASSED] - delay(1): Delayed 1 second(s)

2022-07-18 11:03:55 - [MESSAGE][PASSED] - Delayed 1 second(s)

2022-07-18 11:03:55 - [TEST_STEP][PASSED] - setText(findTestObject("Object Repository/Page_Concours photo  votez pour la plus bel_494087/input_trie par_keyword"), "Gaspard"): Text 'Gaspard' is set on object 'Object Repository/Page_Concours photo  votez pour la plus bel_494087/input_trie par_keyword'

2022-07-18 11:03:58 - [MESSAGE][PASSED] - Text 'Gaspard' is set on object 'Object Repository/Page_Concours photo  votez pour la plus bel_494087/input_trie par_keyword'

2022-07-18 11:03:58 - [TEST_STEP][PASSED] - sendKeys(findTestObject("Page_Concours photo  votez pour la plus bel_494087/input_trie par_keyword"), Keys.chord(ENTER)): Keys 'ENTER + ' sent to object: 'Object Repository/Page_Concours photo  votez pour la plus bel_494087/input_trie par_keyword'

2022-07-18 11:03:59 - [MESSAGE][PASSED] - Keys 'ENTER + ' sent to object: 'Object Repository/Page_Concours photo  votez pour la plus bel_494087/input_trie par_keyword'

2022-07-18 11:03:59 - [TEST_STEP][PASSED] - click(findTestObject("Page_Concours photo  votez pour la plus bel_494087/tri")): Object: 'Object Repository/Page_Concours photo  votez pour la plus bel_494087/tri' is clicked on

2022-07-18 11:04:00 - [MESSAGE][PASSED] - Object: 'Object Repository/Page_Concours photo  votez pour la plus bel_494087/tri' is clicked on

2022-07-18 11:04:00 - [TEST_STEP][PASSED] - click(findTestObject("Page_Concours photo  votez pour la plus bel_494087/plus de votes")): Object: 'Object Repository/Page_Concours photo  votez pour la plus bel_494087/plus de votes' is clicked on

2022-07-18 11:04:00 - [MESSAGE][PASSED] - Object: 'Object Repository/Page_Concours photo  votez pour la plus bel_494087/plus de votes' is clicked on

2022-07-18 11:04:02 - [TEST_STEP][PASSED] - click(findTestObject("Object Repository/Page_Concours photo  votez pour la plus bel_494087/i_Votes_fa fa-heart")): Object: 'Object Repository/Page_Concours photo  votez pour la plus bel_494087/i_Votes_fa fa-heart' is clicked on

2022-07-18 11:04:02 - [MESSAGE][PASSED] - Object: 'Object Repository/Page_Concours photo  votez pour la plus bel_494087/i_Votes_fa fa-heart' is clicked on

2022-07-18 11:04:02 - [TEST_STEP][PASSED] - delay(1): Delayed 1 second(s)

2022-07-18 11:04:03 - [MESSAGE][PASSED] - Delayed 1 second(s)

2022-07-18 11:04:03 - [TEST_STEP][PASSED] - closeBrowser(): Browser is closed

2022-07-18 11:04:04 - [MESSAGE][PASSED] - Browser is closed]]></system-out>
         <system-err><![CDATA[]]></system-err>
      </testcase>
      <testcase name="Test Cases/Vote" time="30.807" classname="Test Cases/Vote" status="PASSED">
         <system-out><![CDATA[2022-07-18 11:04:04 - [TEST_CASE][PASSED] - Test Cases/Vote: Test Cases/Vote

2022-07-18 11:04:04 - [TEST_STEP][PASSED] - openBrowser(""): Browser is opened with url: ''

2022-07-18 11:04:04 - [MESSAGE][INFO] - Starting 'Chrome' driver

2022-07-18 11:04:04 - [MESSAGE][INFO] - Action delay is set to 0 milliseconds

2022-07-18 11:04:05 - [MESSAGE][PASSED] - Browser is opened with url: ''

2022-07-18 11:04:05 - [TEST_STEP][PASSED] - navigateToUrl("https://lesechosdutouquet.nordlittoral.fr/147787/article/2022-06-30/concours-photo-montrez-nous-la-plus-belle-photo-de-votre-chien-en-promenade-sur#l5lb6r47qsmp9ur58y"): Navigate to 'https://lesechosdutouquet.nordlittoral.fr/147787/article/2022-06-30/concours-photo-montrez-nous-la-plus-belle-photo-de-votre-chien-en-promenade-sur#l5lb6r47qsmp9ur58y' successfully

2022-07-18 11:04:07 - [MESSAGE][PASSED] - Navigate to 'https://lesechosdutouquet.nordlittoral.fr/147787/article/2022-06-30/concours-photo-montrez-nous-la-plus-belle-photo-de-votre-chien-en-promenade-sur#l5lb6r47qsmp9ur58y' successfully

2022-07-18 11:04:07 - [TEST_STEP][PASSED] - setViewPortSize(1920, 1080): Viewport is set to new size with width = 1920 and height = 1080

2022-07-18 11:04:08 - [MESSAGE][PASSED] - Viewport is set to new size with width = 1920 and height = 1080

2022-07-18 11:04:08 - [TEST_STEP][PASSED] - click(findTestObject("Object Repository/Page_Concours photo  votez pour la plus bel_494087/button_Accepter  Fermer")): Object: 'Object Repository/Page_Concours photo  votez pour la plus bel_494087/button_Accepter  Fermer' is clicked on

2022-07-18 11:04:09 - [MESSAGE][PASSED] - Object: 'Object Repository/Page_Concours photo  votez pour la plus bel_494087/button_Accepter  Fermer' is clicked on

2022-07-18 11:04:09 - [TEST_STEP][PASSED] - delay(12): Delayed 12 second(s)

2022-07-18 11:04:21 - [MESSAGE][PASSED] - Delayed 12 second(s)

2022-07-18 11:04:21 - [TEST_STEP][PASSED] - click(findTestObject("Object Repository/Page_Concours photo  votez pour la plus bel_494087/a_X")): Object: 'Object Repository/Page_Concours photo  votez pour la plus bel_494087/a_X' is clicked on

2022-07-18 11:04:21 - [MESSAGE][PASSED] - Object: 'Object Repository/Page_Concours photo  votez pour la plus bel_494087/a_X' is clicked on

2022-07-18 11:04:21 - [TEST_STEP][PASSED] - delay(1): Delayed 1 second(s)

2022-07-18 11:04:22 - [MESSAGE][PASSED] - Delayed 1 second(s)

2022-07-18 11:04:22 - [TEST_STEP][PASSED] - click(findTestObject("Object Repository/Page_Concours photo  votez pour la plus bel_494087/input_concat(Votez pour le plus beau chien de la cte d, , Opale )_jouer")): Object: 'Object Repository/Page_Concours photo  votez pour la plus bel_494087/input_concat(Votez pour le plus beau chien de la cte d, , Opale )_jouer' is clicked on

2022-07-18 11:04:23 - [MESSAGE][PASSED] - Object: 'Object Repository/Page_Concours photo  votez pour la plus bel_494087/input_concat(Votez pour le plus beau chien de la cte d, , Opale )_jouer' is clicked on

2022-07-18 11:04:23 - [TEST_STEP][PASSED] - if (verifyElementPresent(findTestObject("Page_Concours photo  votez pour la plus bel_494087/input_concat(Votez pour le plus beau chien de la cte d, , Opale )_jouer"), 1, OPTIONAL)): null

2022-07-18 11:04:24 - [MESSAGE][PASSED] - Object 'Object Repository/Page_Concours photo  votez pour la plus bel_494087/input_concat(Votez pour le plus beau chien de la cte d, , Opale )_jouer' is present

2022-07-18 11:04:24 - [TEST_STEP][PASSED] - click(findTestObject("Object Repository/Page_Concours photo  votez pour la plus bel_494087/input_concat(Votez pour le plus beau chien de la cte d, , Opale )_jouer")): Object: 'Object Repository/Page_Concours photo  votez pour la plus bel_494087/input_concat(Votez pour le plus beau chien de la cte d, , Opale )_jouer' is clicked on

2022-07-18 11:04:25 - [MESSAGE][PASSED] - Object: 'Object Repository/Page_Concours photo  votez pour la plus bel_494087/input_concat(Votez pour le plus beau chien de la cte d, , Opale )_jouer' is clicked on

2022-07-18 11:04:25 - [TEST_STEP][PASSED] - delay(1): Delayed 1 second(s)

2022-07-18 11:04:26 - [MESSAGE][PASSED] - Delayed 1 second(s)

2022-07-18 11:04:26 - [TEST_STEP][PASSED] - setText(findTestObject("Object Repository/Page_Concours photo  votez pour la plus bel_494087/input_trie par_keyword"), "Gaspard"): Text 'Gaspard' is set on object 'Object Repository/Page_Concours photo  votez pour la plus bel_494087/input_trie par_keyword'

2022-07-18 11:04:29 - [MESSAGE][PASSED] - Text 'Gaspard' is set on object 'Object Repository/Page_Concours photo  votez pour la plus bel_494087/input_trie par_keyword'

2022-07-18 11:04:29 - [TEST_STEP][PASSED] - sendKeys(findTestObject("Page_Concours photo  votez pour la plus bel_494087/input_trie par_keyword"), Keys.chord(ENTER)): Keys 'ENTER + ' sent to object: 'Object Repository/Page_Concours photo  votez pour la plus bel_494087/input_trie par_keyword'

2022-07-18 11:04:30 - [MESSAGE][PASSED] - Keys 'ENTER + ' sent to object: 'Object Repository/Page_Concours photo  votez pour la plus bel_494087/input_trie par_keyword'

2022-07-18 11:04:30 - [TEST_STEP][PASSED] - click(findTestObject("Page_Concours photo  votez pour la plus bel_494087/tri")): Object: 'Object Repository/Page_Concours photo  votez pour la plus bel_494087/tri' is clicked on

2022-07-18 11:04:30 - [MESSAGE][PASSED] - Object: 'Object Repository/Page_Concours photo  votez pour la plus bel_494087/tri' is clicked on

2022-07-18 11:04:30 - [TEST_STEP][PASSED] - click(findTestObject("Page_Concours photo  votez pour la plus bel_494087/plus de votes")): Object: 'Object Repository/Page_Concours photo  votez pour la plus bel_494087/plus de votes' is clicked on

2022-07-18 11:04:31 - [MESSAGE][PASSED] - Object: 'Object Repository/Page_Concours photo  votez pour la plus bel_494087/plus de votes' is clicked on

2022-07-18 11:04:32 - [TEST_STEP][PASSED] - click(findTestObject("Object Repository/Page_Concours photo  votez pour la plus bel_494087/i_Votes_fa fa-heart")): Object: 'Object Repository/Page_Concours photo  votez pour la plus bel_494087/i_Votes_fa fa-heart' is clicked on

2022-07-18 11:04:33 - [MESSAGE][PASSED] - Object: 'Object Repository/Page_Concours photo  votez pour la plus bel_494087/i_Votes_fa fa-heart' is clicked on

2022-07-18 11:04:33 - [TEST_STEP][PASSED] - delay(1): Delayed 1 second(s)

2022-07-18 11:04:34 - [MESSAGE][PASSED] - Delayed 1 second(s)

2022-07-18 11:04:34 - [TEST_STEP][PASSED] - closeBrowser(): Browser is closed

2022-07-18 11:04:34 - [MESSAGE][PASSED] - Browser is closed]]></system-out>
         <system-err><![CDATA[]]></system-err>
      </testcase>
      <testcase name="Test Cases/Vote" time="31.028" classname="Test Cases/Vote" status="PASSED">
         <system-out><![CDATA[2022-07-18 11:04:34 - [TEST_CASE][PASSED] - Test Cases/Vote: Test Cases/Vote

2022-07-18 11:04:34 - [TEST_STEP][PASSED] - openBrowser(""): Browser is opened with url: ''

2022-07-18 11:04:34 - [MESSAGE][INFO] - Starting 'Chrome' driver

2022-07-18 11:04:34 - [MESSAGE][INFO] - Action delay is set to 0 milliseconds

2022-07-18 11:04:35 - [MESSAGE][PASSED] - Browser is opened with url: ''

2022-07-18 11:04:35 - [TEST_STEP][PASSED] - navigateToUrl("https://lesechosdutouquet.nordlittoral.fr/147787/article/2022-06-30/concours-photo-montrez-nous-la-plus-belle-photo-de-votre-chien-en-promenade-sur#l5lb6r47qsmp9ur58y"): Navigate to 'https://lesechosdutouquet.nordlittoral.fr/147787/article/2022-06-30/concours-photo-montrez-nous-la-plus-belle-photo-de-votre-chien-en-promenade-sur#l5lb6r47qsmp9ur58y' successfully

2022-07-18 11:04:38 - [MESSAGE][PASSED] - Navigate to 'https://lesechosdutouquet.nordlittoral.fr/147787/article/2022-06-30/concours-photo-montrez-nous-la-plus-belle-photo-de-votre-chien-en-promenade-sur#l5lb6r47qsmp9ur58y' successfully

2022-07-18 11:04:38 - [TEST_STEP][PASSED] - setViewPortSize(1920, 1080): Viewport is set to new size with width = 1920 and height = 1080

2022-07-18 11:04:38 - [MESSAGE][PASSED] - Viewport is set to new size with width = 1920 and height = 1080

2022-07-18 11:04:38 - [TEST_STEP][PASSED] - click(findTestObject("Object Repository/Page_Concours photo  votez pour la plus bel_494087/button_Accepter  Fermer")): Object: 'Object Repository/Page_Concours photo  votez pour la plus bel_494087/button_Accepter  Fermer' is clicked on

2022-07-18 11:04:39 - [MESSAGE][PASSED] - Object: 'Object Repository/Page_Concours photo  votez pour la plus bel_494087/button_Accepter  Fermer' is clicked on

2022-07-18 11:04:39 - [TEST_STEP][PASSED] - delay(12): Delayed 12 second(s)

2022-07-18 11:04:51 - [MESSAGE][PASSED] - Delayed 12 second(s)

2022-07-18 11:04:51 - [TEST_STEP][PASSED] - click(findTestObject("Object Repository/Page_Concours photo  votez pour la plus bel_494087/a_X")): Object: 'Object Repository/Page_Concours photo  votez pour la plus bel_494087/a_X' is clicked on

2022-07-18 11:04:52 - [MESSAGE][PASSED] - Object: 'Object Repository/Page_Concours photo  votez pour la plus bel_494087/a_X' is clicked on

2022-07-18 11:04:52 - [TEST_STEP][PASSED] - delay(1): Delayed 1 second(s)

2022-07-18 11:04:53 - [MESSAGE][PASSED] - Delayed 1 second(s)

2022-07-18 11:04:53 - [TEST_STEP][PASSED] - click(findTestObject("Object Repository/Page_Concours photo  votez pour la plus bel_494087/input_concat(Votez pour le plus beau chien de la cte d, , Opale )_jouer")): Object: 'Object Repository/Page_Concours photo  votez pour la plus bel_494087/input_concat(Votez pour le plus beau chien de la cte d, , Opale )_jouer' is clicked on

2022-07-18 11:04:53 - [MESSAGE][PASSED] - Object: 'Object Repository/Page_Concours photo  votez pour la plus bel_494087/input_concat(Votez pour le plus beau chien de la cte d, , Opale )_jouer' is clicked on

2022-07-18 11:04:54 - [TEST_STEP][PASSED] - if (verifyElementPresent(findTestObject("Page_Concours photo  votez pour la plus bel_494087/input_concat(Votez pour le plus beau chien de la cte d, , Opale )_jouer"), 1, OPTIONAL)): null

2022-07-18 11:04:55 - [MESSAGE][PASSED] - Object 'Object Repository/Page_Concours photo  votez pour la plus bel_494087/input_concat(Votez pour le plus beau chien de la cte d, , Opale )_jouer' is present

2022-07-18 11:04:55 - [TEST_STEP][PASSED] - click(findTestObject("Object Repository/Page_Concours photo  votez pour la plus bel_494087/input_concat(Votez pour le plus beau chien de la cte d, , Opale )_jouer")): Object: 'Object Repository/Page_Concours photo  votez pour la plus bel_494087/input_concat(Votez pour le plus beau chien de la cte d, , Opale )_jouer' is clicked on

2022-07-18 11:04:56 - [MESSAGE][PASSED] - Object: 'Object Repository/Page_Concours photo  votez pour la plus bel_494087/input_concat(Votez pour le plus beau chien de la cte d, , Opale )_jouer' is clicked on

2022-07-18 11:04:56 - [TEST_STEP][PASSED] - delay(1): Delayed 1 second(s)

2022-07-18 11:04:57 - [MESSAGE][PASSED] - Delayed 1 second(s)

2022-07-18 11:04:57 - [TEST_STEP][PASSED] - setText(findTestObject("Object Repository/Page_Concours photo  votez pour la plus bel_494087/input_trie par_keyword"), "Gaspard"): Text 'Gaspard' is set on object 'Object Repository/Page_Concours photo  votez pour la plus bel_494087/input_trie par_keyword'

2022-07-18 11:05:00 - [MESSAGE][PASSED] - Text 'Gaspard' is set on object 'Object Repository/Page_Concours photo  votez pour la plus bel_494087/input_trie par_keyword'

2022-07-18 11:05:00 - [TEST_STEP][PASSED] - sendKeys(findTestObject("Page_Concours photo  votez pour la plus bel_494087/input_trie par_keyword"), Keys.chord(ENTER)): Keys 'ENTER + ' sent to object: 'Object Repository/Page_Concours photo  votez pour la plus bel_494087/input_trie par_keyword'

2022-07-18 11:05:01 - [MESSAGE][PASSED] - Keys 'ENTER + ' sent to object: 'Object Repository/Page_Concours photo  votez pour la plus bel_494087/input_trie par_keyword'

2022-07-18 11:05:01 - [TEST_STEP][PASSED] - click(findTestObject("Page_Concours photo  votez pour la plus bel_494087/tri")): Object: 'Object Repository/Page_Concours photo  votez pour la plus bel_494087/tri' is clicked on

2022-07-18 11:05:02 - [MESSAGE][PASSED] - Object: 'Object Repository/Page_Concours photo  votez pour la plus bel_494087/tri' is clicked on

2022-07-18 11:05:02 - [TEST_STEP][PASSED] - click(findTestObject("Page_Concours photo  votez pour la plus bel_494087/plus de votes")): Object: 'Object Repository/Page_Concours photo  votez pour la plus bel_494087/plus de votes' is clicked on

2022-07-18 11:05:03 - [MESSAGE][PASSED] - Object: 'Object Repository/Page_Concours photo  votez pour la plus bel_494087/plus de votes' is clicked on

2022-07-18 11:05:04 - [TEST_STEP][PASSED] - click(findTestObject("Object Repository/Page_Concours photo  votez pour la plus bel_494087/i_Votes_fa fa-heart")): Object: 'Object Repository/Page_Concours photo  votez pour la plus bel_494087/i_Votes_fa fa-heart' is clicked on

2022-07-18 11:05:04 - [MESSAGE][PASSED] - Object: 'Object Repository/Page_Concours photo  votez pour la plus bel_494087/i_Votes_fa fa-heart' is clicked on

2022-07-18 11:05:04 - [TEST_STEP][PASSED] - delay(1): Delayed 1 second(s)

2022-07-18 11:05:05 - [MESSAGE][PASSED] - Delayed 1 second(s)

2022-07-18 11:05:05 - [TEST_STEP][PASSED] - closeBrowser(): Browser is closed

2022-07-18 11:05:05 - [MESSAGE][PASSED] - Browser is closed]]></system-out>
         <system-err><![CDATA[]]></system-err>
      </testcase>
      <testcase name="Test Cases/Vote" time="30.509" classname="Test Cases/Vote" status="PASSED">
         <system-out><![CDATA[2022-07-18 11:05:05 - [TEST_CASE][PASSED] - Test Cases/Vote: Test Cases/Vote

2022-07-18 11:05:05 - [TEST_STEP][PASSED] - openBrowser(""): Browser is opened with url: ''

2022-07-18 11:05:05 - [MESSAGE][INFO] - Starting 'Chrome' driver

2022-07-18 11:05:05 - [MESSAGE][INFO] - Action delay is set to 0 milliseconds

2022-07-18 11:05:06 - [MESSAGE][PASSED] - Browser is opened with url: ''

2022-07-18 11:05:07 - [TEST_STEP][PASSED] - navigateToUrl("https://lesechosdutouquet.nordlittoral.fr/147787/article/2022-06-30/concours-photo-montrez-nous-la-plus-belle-photo-de-votre-chien-en-promenade-sur#l5lb6r47qsmp9ur58y"): Navigate to 'https://lesechosdutouquet.nordlittoral.fr/147787/article/2022-06-30/concours-photo-montrez-nous-la-plus-belle-photo-de-votre-chien-en-promenade-sur#l5lb6r47qsmp9ur58y' successfully

2022-07-18 11:05:09 - [MESSAGE][PASSED] - Navigate to 'https://lesechosdutouquet.nordlittoral.fr/147787/article/2022-06-30/concours-photo-montrez-nous-la-plus-belle-photo-de-votre-chien-en-promenade-sur#l5lb6r47qsmp9ur58y' successfully

2022-07-18 11:05:09 - [TEST_STEP][PASSED] - setViewPortSize(1920, 1080): Viewport is set to new size with width = 1920 and height = 1080

2022-07-18 11:05:09 - [MESSAGE][PASSED] - Viewport is set to new size with width = 1920 and height = 1080

2022-07-18 11:05:09 - [TEST_STEP][PASSED] - click(findTestObject("Object Repository/Page_Concours photo  votez pour la plus bel_494087/button_Accepter  Fermer")): Object: 'Object Repository/Page_Concours photo  votez pour la plus bel_494087/button_Accepter  Fermer' is clicked on

2022-07-18 11:05:10 - [MESSAGE][PASSED] - Object: 'Object Repository/Page_Concours photo  votez pour la plus bel_494087/button_Accepter  Fermer' is clicked on

2022-07-18 11:05:10 - [TEST_STEP][PASSED] - delay(12): Delayed 12 second(s)

2022-07-18 11:05:22 - [MESSAGE][PASSED] - Delayed 12 second(s)

2022-07-18 11:05:22 - [TEST_STEP][PASSED] - click(findTestObject("Object Repository/Page_Concours photo  votez pour la plus bel_494087/a_X")): Object: 'Object Repository/Page_Concours photo  votez pour la plus bel_494087/a_X' is clicked on

2022-07-18 11:05:23 - [MESSAGE][PASSED] - Object: 'Object Repository/Page_Concours photo  votez pour la plus bel_494087/a_X' is clicked on

2022-07-18 11:05:23 - [TEST_STEP][PASSED] - delay(1): Delayed 1 second(s)

2022-07-18 11:05:24 - [MESSAGE][PASSED] - Delayed 1 second(s)

2022-07-18 11:05:24 - [TEST_STEP][PASSED] - click(findTestObject("Object Repository/Page_Concours photo  votez pour la plus bel_494087/input_concat(Votez pour le plus beau chien de la cte d, , Opale )_jouer")): Object: 'Object Repository/Page_Concours photo  votez pour la plus bel_494087/input_concat(Votez pour le plus beau chien de la cte d, , Opale )_jouer' is clicked on

2022-07-18 11:05:25 - [MESSAGE][PASSED] - Object: 'Object Repository/Page_Concours photo  votez pour la plus bel_494087/input_concat(Votez pour le plus beau chien de la cte d, , Opale )_jouer' is clicked on

2022-07-18 11:05:25 - [TEST_STEP][PASSED] - if (verifyElementPresent(findTestObject("Page_Concours photo  votez pour la plus bel_494087/input_concat(Votez pour le plus beau chien de la cte d, , Opale )_jouer"), 1, OPTIONAL)): null

2022-07-18 11:05:26 - [MESSAGE][PASSED] - Object 'Object Repository/Page_Concours photo  votez pour la plus bel_494087/input_concat(Votez pour le plus beau chien de la cte d, , Opale )_jouer' is present

2022-07-18 11:05:26 - [TEST_STEP][PASSED] - click(findTestObject("Object Repository/Page_Concours photo  votez pour la plus bel_494087/input_concat(Votez pour le plus beau chien de la cte d, , Opale )_jouer")): Object: 'Object Repository/Page_Concours photo  votez pour la plus bel_494087/input_concat(Votez pour le plus beau chien de la cte d, , Opale )_jouer' is clicked on

2022-07-18 11:05:27 - [MESSAGE][PASSED] - Object: 'Object Repository/Page_Concours photo  votez pour la plus bel_494087/input_concat(Votez pour le plus beau chien de la cte d, , Opale )_jouer' is clicked on

2022-07-18 11:05:27 - [TEST_STEP][PASSED] - delay(1): Delayed 1 second(s)

2022-07-18 11:05:28 - [MESSAGE][PASSED] - Delayed 1 second(s)

2022-07-18 11:05:28 - [TEST_STEP][PASSED] - setText(findTestObject("Object Repository/Page_Concours photo  votez pour la plus bel_494087/input_trie par_keyword"), "Gaspard"): Text 'Gaspard' is set on object 'Object Repository/Page_Concours photo  votez pour la plus bel_494087/input_trie par_keyword'

2022-07-18 11:05:30 - [MESSAGE][PASSED] - Text 'Gaspard' is set on object 'Object Repository/Page_Concours photo  votez pour la plus bel_494087/input_trie par_keyword'

2022-07-18 11:05:30 - [TEST_STEP][PASSED] - sendKeys(findTestObject("Page_Concours photo  votez pour la plus bel_494087/input_trie par_keyword"), Keys.chord(ENTER)): Keys 'ENTER + ' sent to object: 'Object Repository/Page_Concours photo  votez pour la plus bel_494087/input_trie par_keyword'

2022-07-18 11:05:31 - [MESSAGE][PASSED] - Keys 'ENTER + ' sent to object: 'Object Repository/Page_Concours photo  votez pour la plus bel_494087/input_trie par_keyword'

2022-07-18 11:05:31 - [TEST_STEP][PASSED] - click(findTestObject("Page_Concours photo  votez pour la plus bel_494087/tri")): Object: 'Object Repository/Page_Concours photo  votez pour la plus bel_494087/tri' is clicked on

2022-07-18 11:05:32 - [MESSAGE][PASSED] - Object: 'Object Repository/Page_Concours photo  votez pour la plus bel_494087/tri' is clicked on

2022-07-18 11:05:32 - [TEST_STEP][PASSED] - click(findTestObject("Page_Concours photo  votez pour la plus bel_494087/plus de votes")): Object: 'Object Repository/Page_Concours photo  votez pour la plus bel_494087/plus de votes' is clicked on

2022-07-18 11:05:32 - [MESSAGE][PASSED] - Object: 'Object Repository/Page_Concours photo  votez pour la plus bel_494087/plus de votes' is clicked on

2022-07-18 11:05:34 - [TEST_STEP][PASSED] - click(findTestObject("Object Repository/Page_Concours photo  votez pour la plus bel_494087/i_Votes_fa fa-heart")): Object: 'Object Repository/Page_Concours photo  votez pour la plus bel_494087/i_Votes_fa fa-heart' is clicked on

2022-07-18 11:05:35 - [MESSAGE][PASSED] - Object: 'Object Repository/Page_Concours photo  votez pour la plus bel_494087/i_Votes_fa fa-heart' is clicked on

2022-07-18 11:05:35 - [TEST_STEP][PASSED] - delay(1): Delayed 1 second(s)

2022-07-18 11:05:36 - [MESSAGE][PASSED] - Delayed 1 second(s)

2022-07-18 11:05:36 - [TEST_STEP][PASSED] - closeBrowser(): Browser is closed

2022-07-18 11:05:36 - [MESSAGE][PASSED] - Browser is closed]]></system-out>
         <system-err><![CDATA[]]></system-err>
      </testcase>
      <testcase name="Test Cases/Vote" time="34.871" classname="Test Cases/Vote" status="PASSED">
         <system-out><![CDATA[2022-07-18 11:05:36 - [TEST_CASE][PASSED] - Test Cases/Vote: Test Cases/Vote

2022-07-18 11:05:36 - [TEST_STEP][PASSED] - openBrowser(""): Browser is opened with url: ''

2022-07-18 11:05:36 - [MESSAGE][INFO] - Starting 'Chrome' driver

2022-07-18 11:05:36 - [MESSAGE][INFO] - Action delay is set to 0 milliseconds

2022-07-18 11:05:37 - [MESSAGE][PASSED] - Browser is opened with url: ''

2022-07-18 11:05:37 - [TEST_STEP][PASSED] - navigateToUrl("https://lesechosdutouquet.nordlittoral.fr/147787/article/2022-06-30/concours-photo-montrez-nous-la-plus-belle-photo-de-votre-chien-en-promenade-sur#l5lb6r47qsmp9ur58y"): Navigate to 'https://lesechosdutouquet.nordlittoral.fr/147787/article/2022-06-30/concours-photo-montrez-nous-la-plus-belle-photo-de-votre-chien-en-promenade-sur#l5lb6r47qsmp9ur58y' successfully

2022-07-18 11:05:40 - [MESSAGE][PASSED] - Navigate to 'https://lesechosdutouquet.nordlittoral.fr/147787/article/2022-06-30/concours-photo-montrez-nous-la-plus-belle-photo-de-votre-chien-en-promenade-sur#l5lb6r47qsmp9ur58y' successfully

2022-07-18 11:05:40 - [TEST_STEP][PASSED] - setViewPortSize(1920, 1080): Viewport is set to new size with width = 1920 and height = 1080

2022-07-18 11:05:40 - [MESSAGE][PASSED] - Viewport is set to new size with width = 1920 and height = 1080

2022-07-18 11:05:40 - [TEST_STEP][PASSED] - click(findTestObject("Object Repository/Page_Concours photo  votez pour la plus bel_494087/button_Accepter  Fermer")): Object: 'Object Repository/Page_Concours photo  votez pour la plus bel_494087/button_Accepter  Fermer' is clicked on

2022-07-18 11:05:41 - [MESSAGE][PASSED] - Object: 'Object Repository/Page_Concours photo  votez pour la plus bel_494087/button_Accepter  Fermer' is clicked on

2022-07-18 11:05:41 - [TEST_STEP][PASSED] - delay(12): Delayed 12 second(s)

2022-07-18 11:05:54 - [MESSAGE][PASSED] - Delayed 12 second(s)

2022-07-18 11:05:54 - [TEST_STEP][PASSED] - click(findTestObject("Object Repository/Page_Concours photo  votez pour la plus bel_494087/a_X")): Object: 'Object Repository/Page_Concours photo  votez pour la plus bel_494087/a_X' is clicked on

2022-07-18 11:05:54 - [MESSAGE][PASSED] - Object: 'Object Repository/Page_Concours photo  votez pour la plus bel_494087/a_X' is clicked on

2022-07-18 11:05:54 - [TEST_STEP][PASSED] - delay(1): Delayed 1 second(s)

2022-07-18 11:05:55 - [MESSAGE][PASSED] - Delayed 1 second(s)

2022-07-18 11:05:55 - [TEST_STEP][PASSED] - click(findTestObject("Object Repository/Page_Concours photo  votez pour la plus bel_494087/input_concat(Votez pour le plus beau chien de la cte d, , Opale )_jouer")): Object: 'Object Repository/Page_Concours photo  votez pour la plus bel_494087/input_concat(Votez pour le plus beau chien de la cte d, , Opale )_jouer' is clicked on

2022-07-18 11:05:56 - [MESSAGE][PASSED] - Object: 'Object Repository/Page_Concours photo  votez pour la plus bel_494087/input_concat(Votez pour le plus beau chien de la cte d, , Opale )_jouer' is clicked on

2022-07-18 11:05:56 - [TEST_STEP][PASSED] - if (verifyElementPresent(findTestObject("Page_Concours photo  votez pour la plus bel_494087/input_concat(Votez pour le plus beau chien de la cte d, , Opale )_jouer"), 1, OPTIONAL)): null

2022-07-18 11:05:57 - [MESSAGE][PASSED] - Object 'Object Repository/Page_Concours photo  votez pour la plus bel_494087/input_concat(Votez pour le plus beau chien de la cte d, , Opale )_jouer' is present

2022-07-18 11:05:57 - [TEST_STEP][PASSED] - click(findTestObject("Object Repository/Page_Concours photo  votez pour la plus bel_494087/input_concat(Votez pour le plus beau chien de la cte d, , Opale )_jouer")): Object: 'Object Repository/Page_Concours photo  votez pour la plus bel_494087/input_concat(Votez pour le plus beau chien de la cte d, , Opale )_jouer' is clicked on

2022-07-18 11:05:58 - [MESSAGE][PASSED] - Object: 'Object Repository/Page_Concours photo  votez pour la plus bel_494087/input_concat(Votez pour le plus beau chien de la cte d, , Opale )_jouer' is clicked on

2022-07-18 11:05:58 - [TEST_STEP][PASSED] - delay(1): Delayed 1 second(s)

2022-07-18 11:05:59 - [MESSAGE][PASSED] - Delayed 1 second(s)

2022-07-18 11:05:59 - [TEST_STEP][PASSED] - setText(findTestObject("Object Repository/Page_Concours photo  votez pour la plus bel_494087/input_trie par_keyword"), "Gaspard"): Text 'Gaspard' is set on object 'Object Repository/Page_Concours photo  votez pour la plus bel_494087/input_trie par_keyword'

2022-07-18 11:06:04 - [MESSAGE][PASSED] - Text 'Gaspard' is set on object 'Object Repository/Page_Concours photo  votez pour la plus bel_494087/input_trie par_keyword'

2022-07-18 11:06:04 - [TEST_STEP][PASSED] - sendKeys(findTestObject("Page_Concours photo  votez pour la plus bel_494087/input_trie par_keyword"), Keys.chord(ENTER)): Keys 'ENTER + ' sent to object: 'Object Repository/Page_Concours photo  votez pour la plus bel_494087/input_trie par_keyword'

2022-07-18 11:06:06 - [MESSAGE][PASSED] - Keys 'ENTER + ' sent to object: 'Object Repository/Page_Concours photo  votez pour la plus bel_494087/input_trie par_keyword'

2022-07-18 11:06:06 - [TEST_STEP][PASSED] - click(findTestObject("Page_Concours photo  votez pour la plus bel_494087/tri")): Object: 'Object Repository/Page_Concours photo  votez pour la plus bel_494087/tri' is clicked on

2022-07-18 11:06:07 - [MESSAGE][PASSED] - Object: 'Object Repository/Page_Concours photo  votez pour la plus bel_494087/tri' is clicked on

2022-07-18 11:06:07 - [TEST_STEP][PASSED] - click(findTestObject("Page_Concours photo  votez pour la plus bel_494087/plus de votes")): Object: 'Object Repository/Page_Concours photo  votez pour la plus bel_494087/plus de votes' is clicked on

2022-07-18 11:06:07 - [MESSAGE][PASSED] - Object: 'Object Repository/Page_Concours photo  votez pour la plus bel_494087/plus de votes' is clicked on

2022-07-18 11:06:09 - [TEST_STEP][PASSED] - click(findTestObject("Object Repository/Page_Concours photo  votez pour la plus bel_494087/i_Votes_fa fa-heart")): Object: 'Object Repository/Page_Concours photo  votez pour la plus bel_494087/i_Votes_fa fa-heart' is clicked on

2022-07-18 11:06:10 - [MESSAGE][PASSED] - Object: 'Object Repository/Page_Concours photo  votez pour la plus bel_494087/i_Votes_fa fa-heart' is clicked on

2022-07-18 11:06:10 - [TEST_STEP][PASSED] - delay(1): Delayed 1 second(s)

2022-07-18 11:06:11 - [MESSAGE][PASSED] - Delayed 1 second(s)

2022-07-18 11:06:11 - [TEST_STEP][PASSED] - closeBrowser(): Browser is closed

2022-07-18 11:06:11 - [MESSAGE][PASSED] - Browser is closed]]></system-out>
         <system-err><![CDATA[]]></system-err>
      </testcase>
      <testcase name="Test Cases/Vote" time="30.527" classname="Test Cases/Vote" status="PASSED">
         <system-out><![CDATA[2022-07-18 11:06:11 - [TEST_CASE][PASSED] - Test Cases/Vote: Test Cases/Vote

2022-07-18 11:06:11 - [TEST_STEP][PASSED] - openBrowser(""): Browser is opened with url: ''

2022-07-18 11:06:11 - [MESSAGE][INFO] - Starting 'Chrome' driver

2022-07-18 11:06:11 - [MESSAGE][INFO] - Action delay is set to 0 milliseconds

2022-07-18 11:06:12 - [MESSAGE][PASSED] - Browser is opened with url: ''

2022-07-18 11:06:12 - [TEST_STEP][PASSED] - navigateToUrl("https://lesechosdutouquet.nordlittoral.fr/147787/article/2022-06-30/concours-photo-montrez-nous-la-plus-belle-photo-de-votre-chien-en-promenade-sur#l5lb6r47qsmp9ur58y"): Navigate to 'https://lesechosdutouquet.nordlittoral.fr/147787/article/2022-06-30/concours-photo-montrez-nous-la-plus-belle-photo-de-votre-chien-en-promenade-sur#l5lb6r47qsmp9ur58y' successfully

2022-07-18 11:06:14 - [MESSAGE][PASSED] - Navigate to 'https://lesechosdutouquet.nordlittoral.fr/147787/article/2022-06-30/concours-photo-montrez-nous-la-plus-belle-photo-de-votre-chien-en-promenade-sur#l5lb6r47qsmp9ur58y' successfully

2022-07-18 11:06:14 - [TEST_STEP][PASSED] - setViewPortSize(1920, 1080): Viewport is set to new size with width = 1920 and height = 1080

2022-07-18 11:06:15 - [MESSAGE][PASSED] - Viewport is set to new size with width = 1920 and height = 1080

2022-07-18 11:06:15 - [TEST_STEP][PASSED] - click(findTestObject("Object Repository/Page_Concours photo  votez pour la plus bel_494087/button_Accepter  Fermer")): Object: 'Object Repository/Page_Concours photo  votez pour la plus bel_494087/button_Accepter  Fermer' is clicked on

2022-07-18 11:06:16 - [MESSAGE][PASSED] - Object: 'Object Repository/Page_Concours photo  votez pour la plus bel_494087/button_Accepter  Fermer' is clicked on

2022-07-18 11:06:16 - [TEST_STEP][PASSED] - delay(12): Delayed 12 second(s)

2022-07-18 11:06:28 - [MESSAGE][PASSED] - Delayed 12 second(s)

2022-07-18 11:06:28 - [TEST_STEP][PASSED] - click(findTestObject("Object Repository/Page_Concours photo  votez pour la plus bel_494087/a_X")): Object: 'Object Repository/Page_Concours photo  votez pour la plus bel_494087/a_X' is clicked on

2022-07-18 11:06:28 - [MESSAGE][PASSED] - Object: 'Object Repository/Page_Concours photo  votez pour la plus bel_494087/a_X' is clicked on

2022-07-18 11:06:28 - [TEST_STEP][PASSED] - delay(1): Delayed 1 second(s)

2022-07-18 11:06:29 - [MESSAGE][PASSED] - Delayed 1 second(s)

2022-07-18 11:06:29 - [TEST_STEP][PASSED] - click(findTestObject("Object Repository/Page_Concours photo  votez pour la plus bel_494087/input_concat(Votez pour le plus beau chien de la cte d, , Opale )_jouer")): Object: 'Object Repository/Page_Concours photo  votez pour la plus bel_494087/input_concat(Votez pour le plus beau chien de la cte d, , Opale )_jouer' is clicked on

2022-07-18 11:06:30 - [MESSAGE][PASSED] - Object: 'Object Repository/Page_Concours photo  votez pour la plus bel_494087/input_concat(Votez pour le plus beau chien de la cte d, , Opale )_jouer' is clicked on

2022-07-18 11:06:30 - [TEST_STEP][PASSED] - if (verifyElementPresent(findTestObject("Page_Concours photo  votez pour la plus bel_494087/input_concat(Votez pour le plus beau chien de la cte d, , Opale )_jouer"), 1, OPTIONAL)): null

2022-07-18 11:06:31 - [MESSAGE][PASSED] - Object 'Object Repository/Page_Concours photo  votez pour la plus bel_494087/input_concat(Votez pour le plus beau chien de la cte d, , Opale )_jouer' is present

2022-07-18 11:06:31 - [TEST_STEP][PASSED] - click(findTestObject("Object Repository/Page_Concours photo  votez pour la plus bel_494087/input_concat(Votez pour le plus beau chien de la cte d, , Opale )_jouer")): Object: 'Object Repository/Page_Concours photo  votez pour la plus bel_494087/input_concat(Votez pour le plus beau chien de la cte d, , Opale )_jouer' is clicked on

2022-07-18 11:06:32 - [MESSAGE][PASSED] - Object: 'Object Repository/Page_Concours photo  votez pour la plus bel_494087/input_concat(Votez pour le plus beau chien de la cte d, , Opale )_jouer' is clicked on

2022-07-18 11:06:32 - [TEST_STEP][PASSED] - delay(1): Delayed 1 second(s)

2022-07-18 11:06:33 - [MESSAGE][PASSED] - Delayed 1 second(s)

2022-07-18 11:06:33 - [TEST_STEP][PASSED] - setText(findTestObject("Object Repository/Page_Concours photo  votez pour la plus bel_494087/input_trie par_keyword"), "Gaspard"): Text 'Gaspard' is set on object 'Object Repository/Page_Concours photo  votez pour la plus bel_494087/input_trie par_keyword'

2022-07-18 11:06:35 - [MESSAGE][PASSED] - Text 'Gaspard' is set on object 'Object Repository/Page_Concours photo  votez pour la plus bel_494087/input_trie par_keyword'

2022-07-18 11:06:35 - [TEST_STEP][PASSED] - sendKeys(findTestObject("Page_Concours photo  votez pour la plus bel_494087/input_trie par_keyword"), Keys.chord(ENTER)): Keys 'ENTER + ' sent to object: 'Object Repository/Page_Concours photo  votez pour la plus bel_494087/input_trie par_keyword'

2022-07-18 11:06:37 - [MESSAGE][PASSED] - Keys 'ENTER + ' sent to object: 'Object Repository/Page_Concours photo  votez pour la plus bel_494087/input_trie par_keyword'

2022-07-18 11:06:37 - [TEST_STEP][PASSED] - click(findTestObject("Page_Concours photo  votez pour la plus bel_494087/tri")): Object: 'Object Repository/Page_Concours photo  votez pour la plus bel_494087/tri' is clicked on

2022-07-18 11:06:38 - [MESSAGE][PASSED] - Object: 'Object Repository/Page_Concours photo  votez pour la plus bel_494087/tri' is clicked on

2022-07-18 11:06:38 - [TEST_STEP][PASSED] - click(findTestObject("Page_Concours photo  votez pour la plus bel_494087/plus de votes")): Object: 'Object Repository/Page_Concours photo  votez pour la plus bel_494087/plus de votes' is clicked on

2022-07-18 11:06:38 - [MESSAGE][PASSED] - Object: 'Object Repository/Page_Concours photo  votez pour la plus bel_494087/plus de votes' is clicked on

2022-07-18 11:06:39 - [TEST_STEP][PASSED] - click(findTestObject("Object Repository/Page_Concours photo  votez pour la plus bel_494087/i_Votes_fa fa-heart")): Object: 'Object Repository/Page_Concours photo  votez pour la plus bel_494087/i_Votes_fa fa-heart' is clicked on

2022-07-18 11:06:40 - [MESSAGE][PASSED] - Object: 'Object Repository/Page_Concours photo  votez pour la plus bel_494087/i_Votes_fa fa-heart' is clicked on

2022-07-18 11:06:40 - [TEST_STEP][PASSED] - delay(1): Delayed 1 second(s)

2022-07-18 11:06:41 - [MESSAGE][PASSED] - Delayed 1 second(s)

2022-07-18 11:06:41 - [TEST_STEP][PASSED] - closeBrowser(): Browser is closed

2022-07-18 11:06:41 - [MESSAGE][PASSED] - Browser is closed]]></system-out>
         <system-err><![CDATA[]]></system-err>
      </testcase>
      <testcase name="Test Cases/Vote" time="34.525" classname="Test Cases/Vote" status="PASSED">
         <system-out><![CDATA[2022-07-18 11:06:41 - [TEST_CASE][PASSED] - Test Cases/Vote: Test Cases/Vote

2022-07-18 11:06:41 - [TEST_STEP][PASSED] - openBrowser(""): Browser is opened with url: ''

2022-07-18 11:06:41 - [MESSAGE][INFO] - Starting 'Chrome' driver

2022-07-18 11:06:41 - [MESSAGE][INFO] - Action delay is set to 0 milliseconds

2022-07-18 11:06:42 - [MESSAGE][PASSED] - Browser is opened with url: ''

2022-07-18 11:06:42 - [TEST_STEP][PASSED] - navigateToUrl("https://lesechosdutouquet.nordlittoral.fr/147787/article/2022-06-30/concours-photo-montrez-nous-la-plus-belle-photo-de-votre-chien-en-promenade-sur#l5lb6r47qsmp9ur58y"): Navigate to 'https://lesechosdutouquet.nordlittoral.fr/147787/article/2022-06-30/concours-photo-montrez-nous-la-plus-belle-photo-de-votre-chien-en-promenade-sur#l5lb6r47qsmp9ur58y' successfully

2022-07-18 11:06:49 - [MESSAGE][PASSED] - Navigate to 'https://lesechosdutouquet.nordlittoral.fr/147787/article/2022-06-30/concours-photo-montrez-nous-la-plus-belle-photo-de-votre-chien-en-promenade-sur#l5lb6r47qsmp9ur58y' successfully

2022-07-18 11:06:49 - [TEST_STEP][PASSED] - setViewPortSize(1920, 1080): Viewport is set to new size with width = 1920 and height = 1080

2022-07-18 11:06:49 - [MESSAGE][PASSED] - Viewport is set to new size with width = 1920 and height = 1080

2022-07-18 11:06:49 - [TEST_STEP][PASSED] - click(findTestObject("Object Repository/Page_Concours photo  votez pour la plus bel_494087/button_Accepter  Fermer")): Object: 'Object Repository/Page_Concours photo  votez pour la plus bel_494087/button_Accepter  Fermer' is clicked on

2022-07-18 11:06:50 - [MESSAGE][PASSED] - Object: 'Object Repository/Page_Concours photo  votez pour la plus bel_494087/button_Accepter  Fermer' is clicked on

2022-07-18 11:06:50 - [TEST_STEP][PASSED] - delay(12): Delayed 12 second(s)

2022-07-18 11:07:02 - [MESSAGE][PASSED] - Delayed 12 second(s)

2022-07-18 11:07:02 - [TEST_STEP][PASSED] - click(findTestObject("Object Repository/Page_Concours photo  votez pour la plus bel_494087/a_X")): Object: 'Object Repository/Page_Concours photo  votez pour la plus bel_494087/a_X' is clicked on

2022-07-18 11:07:03 - [MESSAGE][PASSED] - Object: 'Object Repository/Page_Concours photo  votez pour la plus bel_494087/a_X' is clicked on

2022-07-18 11:07:03 - [TEST_STEP][PASSED] - delay(1): Delayed 1 second(s)

2022-07-18 11:07:04 - [MESSAGE][PASSED] - Delayed 1 second(s)

2022-07-18 11:07:04 - [TEST_STEP][PASSED] - click(findTestObject("Object Repository/Page_Concours photo  votez pour la plus bel_494087/input_concat(Votez pour le plus beau chien de la cte d, , Opale )_jouer")): Object: 'Object Repository/Page_Concours photo  votez pour la plus bel_494087/input_concat(Votez pour le plus beau chien de la cte d, , Opale )_jouer' is clicked on

2022-07-18 11:07:04 - [MESSAGE][PASSED] - Object: 'Object Repository/Page_Concours photo  votez pour la plus bel_494087/input_concat(Votez pour le plus beau chien de la cte d, , Opale )_jouer' is clicked on

2022-07-18 11:07:05 - [TEST_STEP][PASSED] - if (verifyElementPresent(findTestObject("Page_Concours photo  votez pour la plus bel_494087/input_concat(Votez pour le plus beau chien de la cte d, , Opale )_jouer"), 1, OPTIONAL)): null

2022-07-18 11:07:06 - [MESSAGE][PASSED] - Object 'Object Repository/Page_Concours photo  votez pour la plus bel_494087/input_concat(Votez pour le plus beau chien de la cte d, , Opale )_jouer' is present

2022-07-18 11:07:06 - [TEST_STEP][PASSED] - click(findTestObject("Object Repository/Page_Concours photo  votez pour la plus bel_494087/input_concat(Votez pour le plus beau chien de la cte d, , Opale )_jouer")): Object: 'Object Repository/Page_Concours photo  votez pour la plus bel_494087/input_concat(Votez pour le plus beau chien de la cte d, , Opale )_jouer' is clicked on

2022-07-18 11:07:06 - [MESSAGE][PASSED] - Object: 'Object Repository/Page_Concours photo  votez pour la plus bel_494087/input_concat(Votez pour le plus beau chien de la cte d, , Opale )_jouer' is clicked on

2022-07-18 11:07:06 - [TEST_STEP][PASSED] - delay(1): Delayed 1 second(s)

2022-07-18 11:07:07 - [MESSAGE][PASSED] - Delayed 1 second(s)

2022-07-18 11:07:07 - [TEST_STEP][PASSED] - setText(findTestObject("Object Repository/Page_Concours photo  votez pour la plus bel_494087/input_trie par_keyword"), "Gaspard"): Text 'Gaspard' is set on object 'Object Repository/Page_Concours photo  votez pour la plus bel_494087/input_trie par_keyword'

2022-07-18 11:07:11 - [MESSAGE][PASSED] - Text 'Gaspard' is set on object 'Object Repository/Page_Concours photo  votez pour la plus bel_494087/input_trie par_keyword'

2022-07-18 11:07:11 - [TEST_STEP][PASSED] - sendKeys(findTestObject("Page_Concours photo  votez pour la plus bel_494087/input_trie par_keyword"), Keys.chord(ENTER)): Keys 'ENTER + ' sent to object: 'Object Repository/Page_Concours photo  votez pour la plus bel_494087/input_trie par_keyword'

2022-07-18 11:07:12 - [MESSAGE][PASSED] - Keys 'ENTER + ' sent to object: 'Object Repository/Page_Concours photo  votez pour la plus bel_494087/input_trie par_keyword'

2022-07-18 11:07:12 - [TEST_STEP][PASSED] - click(findTestObject("Page_Concours photo  votez pour la plus bel_494087/tri")): Object: 'Object Repository/Page_Concours photo  votez pour la plus bel_494087/tri' is clicked on

2022-07-18 11:07:13 - [MESSAGE][PASSED] - Object: 'Object Repository/Page_Concours photo  votez pour la plus bel_494087/tri' is clicked on

2022-07-18 11:07:13 - [TEST_STEP][PASSED] - click(findTestObject("Page_Concours photo  votez pour la plus bel_494087/plus de votes")): Object: 'Object Repository/Page_Concours photo  votez pour la plus bel_494087/plus de votes' is clicked on

2022-07-18 11:07:13 - [MESSAGE][PASSED] - Object: 'Object Repository/Page_Concours photo  votez pour la plus bel_494087/plus de votes' is clicked on

2022-07-18 11:07:14 - [TEST_STEP][PASSED] - click(findTestObject("Object Repository/Page_Concours photo  votez pour la plus bel_494087/i_Votes_fa fa-heart")): Object: 'Object Repository/Page_Concours photo  votez pour la plus bel_494087/i_Votes_fa fa-heart' is clicked on

2022-07-18 11:07:15 - [MESSAGE][PASSED] - Object: 'Object Repository/Page_Concours photo  votez pour la plus bel_494087/i_Votes_fa fa-heart' is clicked on

2022-07-18 11:07:15 - [TEST_STEP][PASSED] - delay(1): Delayed 1 second(s)

2022-07-18 11:07:16 - [MESSAGE][PASSED] - Delayed 1 second(s)

2022-07-18 11:07:16 - [TEST_STEP][PASSED] - closeBrowser(): Browser is closed

2022-07-18 11:07:16 - [MESSAGE][PASSED] - Browser is closed]]></system-out>
         <system-err><![CDATA[]]></system-err>
      </testcase>
      <testcase name="Test Cases/Vote" time="31.26" classname="Test Cases/Vote" status="PASSED">
         <system-out><![CDATA[2022-07-18 11:07:16 - [TEST_CASE][PASSED] - Test Cases/Vote: Test Cases/Vote

2022-07-18 11:07:16 - [TEST_STEP][PASSED] - openBrowser(""): Browser is opened with url: ''

2022-07-18 11:07:16 - [MESSAGE][INFO] - Starting 'Chrome' driver

2022-07-18 11:07:16 - [MESSAGE][INFO] - Action delay is set to 0 milliseconds

2022-07-18 11:07:17 - [MESSAGE][PASSED] - Browser is opened with url: ''

2022-07-18 11:07:17 - [TEST_STEP][PASSED] - navigateToUrl("https://lesechosdutouquet.nordlittoral.fr/147787/article/2022-06-30/concours-photo-montrez-nous-la-plus-belle-photo-de-votre-chien-en-promenade-sur#l5lb6r47qsmp9ur58y"): Navigate to 'https://lesechosdutouquet.nordlittoral.fr/147787/article/2022-06-30/concours-photo-montrez-nous-la-plus-belle-photo-de-votre-chien-en-promenade-sur#l5lb6r47qsmp9ur58y' successfully

2022-07-18 11:07:20 - [MESSAGE][PASSED] - Navigate to 'https://lesechosdutouquet.nordlittoral.fr/147787/article/2022-06-30/concours-photo-montrez-nous-la-plus-belle-photo-de-votre-chien-en-promenade-sur#l5lb6r47qsmp9ur58y' successfully

2022-07-18 11:07:20 - [TEST_STEP][PASSED] - setViewPortSize(1920, 1080): Viewport is set to new size with width = 1920 and height = 1080

2022-07-18 11:07:20 - [MESSAGE][PASSED] - Viewport is set to new size with width = 1920 and height = 1080

2022-07-18 11:07:20 - [TEST_STEP][PASSED] - click(findTestObject("Object Repository/Page_Concours photo  votez pour la plus bel_494087/button_Accepter  Fermer")): Object: 'Object Repository/Page_Concours photo  votez pour la plus bel_494087/button_Accepter  Fermer' is clicked on

2022-07-18 11:07:21 - [MESSAGE][PASSED] - Object: 'Object Repository/Page_Concours photo  votez pour la plus bel_494087/button_Accepter  Fermer' is clicked on

2022-07-18 11:07:21 - [TEST_STEP][PASSED] - delay(12): Delayed 12 second(s)

2022-07-18 11:07:33 - [MESSAGE][PASSED] - Delayed 12 second(s)

2022-07-18 11:07:33 - [TEST_STEP][PASSED] - click(findTestObject("Object Repository/Page_Concours photo  votez pour la plus bel_494087/a_X")): Object: 'Object Repository/Page_Concours photo  votez pour la plus bel_494087/a_X' is clicked on

2022-07-18 11:07:34 - [MESSAGE][PASSED] - Object: 'Object Repository/Page_Concours photo  votez pour la plus bel_494087/a_X' is clicked on

2022-07-18 11:07:34 - [TEST_STEP][PASSED] - delay(1): Delayed 1 second(s)

2022-07-18 11:07:35 - [MESSAGE][PASSED] - Delayed 1 second(s)

2022-07-18 11:07:35 - [TEST_STEP][PASSED] - click(findTestObject("Object Repository/Page_Concours photo  votez pour la plus bel_494087/input_concat(Votez pour le plus beau chien de la cte d, , Opale )_jouer")): Object: 'Object Repository/Page_Concours photo  votez pour la plus bel_494087/input_concat(Votez pour le plus beau chien de la cte d, , Opale )_jouer' is clicked on

2022-07-18 11:07:35 - [MESSAGE][PASSED] - Object: 'Object Repository/Page_Concours photo  votez pour la plus bel_494087/input_concat(Votez pour le plus beau chien de la cte d, , Opale )_jouer' is clicked on

2022-07-18 11:07:35 - [TEST_STEP][PASSED] - if (verifyElementPresent(findTestObject("Page_Concours photo  votez pour la plus bel_494087/input_concat(Votez pour le plus beau chien de la cte d, , Opale )_jouer"), 1, OPTIONAL)): null

2022-07-18 11:07:37 - [MESSAGE][PASSED] - Object 'Object Repository/Page_Concours photo  votez pour la plus bel_494087/input_concat(Votez pour le plus beau chien de la cte d, , Opale )_jouer' is present

2022-07-18 11:07:37 - [TEST_STEP][PASSED] - click(findTestObject("Object Repository/Page_Concours photo  votez pour la plus bel_494087/input_concat(Votez pour le plus beau chien de la cte d, , Opale )_jouer")): Object: 'Object Repository/Page_Concours photo  votez pour la plus bel_494087/input_concat(Votez pour le plus beau chien de la cte d, , Opale )_jouer' is clicked on

2022-07-18 11:07:37 - [MESSAGE][PASSED] - Object: 'Object Repository/Page_Concours photo  votez pour la plus bel_494087/input_concat(Votez pour le plus beau chien de la cte d, , Opale )_jouer' is clicked on

2022-07-18 11:07:37 - [TEST_STEP][PASSED] - delay(1): Delayed 1 second(s)

2022-07-18 11:07:38 - [MESSAGE][PASSED] - Delayed 1 second(s)

2022-07-18 11:07:38 - [TEST_STEP][PASSED] - setText(findTestObject("Object Repository/Page_Concours photo  votez pour la plus bel_494087/input_trie par_keyword"), "Gaspard"): Text 'Gaspard' is set on object 'Object Repository/Page_Concours photo  votez pour la plus bel_494087/input_trie par_keyword'

2022-07-18 11:07:42 - [MESSAGE][PASSED] - Text 'Gaspard' is set on object 'Object Repository/Page_Concours photo  votez pour la plus bel_494087/input_trie par_keyword'

2022-07-18 11:07:42 - [TEST_STEP][PASSED] - sendKeys(findTestObject("Page_Concours photo  votez pour la plus bel_494087/input_trie par_keyword"), Keys.chord(ENTER)): Keys 'ENTER + ' sent to object: 'Object Repository/Page_Concours photo  votez pour la plus bel_494087/input_trie par_keyword'

2022-07-18 11:07:43 - [MESSAGE][PASSED] - Keys 'ENTER + ' sent to object: 'Object Repository/Page_Concours photo  votez pour la plus bel_494087/input_trie par_keyword'

2022-07-18 11:07:43 - [TEST_STEP][PASSED] - click(findTestObject("Page_Concours photo  votez pour la plus bel_494087/tri")): Object: 'Object Repository/Page_Concours photo  votez pour la plus bel_494087/tri' is clicked on

2022-07-18 11:07:44 - [MESSAGE][PASSED] - Object: 'Object Repository/Page_Concours photo  votez pour la plus bel_494087/tri' is clicked on

2022-07-18 11:07:44 - [TEST_STEP][PASSED] - click(findTestObject("Page_Concours photo  votez pour la plus bel_494087/plus de votes")): Object: 'Object Repository/Page_Concours photo  votez pour la plus bel_494087/plus de votes' is clicked on

2022-07-18 11:07:44 - [MESSAGE][PASSED] - Object: 'Object Repository/Page_Concours photo  votez pour la plus bel_494087/plus de votes' is clicked on

2022-07-18 11:07:45 - [TEST_STEP][PASSED] - click(findTestObject("Object Repository/Page_Concours photo  votez pour la plus bel_494087/i_Votes_fa fa-heart")): Object: 'Object Repository/Page_Concours photo  votez pour la plus bel_494087/i_Votes_fa fa-heart' is clicked on

2022-07-18 11:07:46 - [MESSAGE][PASSED] - Object: 'Object Repository/Page_Concours photo  votez pour la plus bel_494087/i_Votes_fa fa-heart' is clicked on

2022-07-18 11:07:46 - [TEST_STEP][PASSED] - delay(1): Delayed 1 second(s)

2022-07-18 11:07:47 - [MESSAGE][PASSED] - Delayed 1 second(s)

2022-07-18 11:07:47 - [TEST_STEP][PASSED] - closeBrowser(): Browser is closed

2022-07-18 11:07:47 - [MESSAGE][PASSED] - Browser is closed]]></system-out>
         <system-err><![CDATA[]]></system-err>
      </testcase>
      <testcase name="Test Cases/Vote" time="34.101" classname="Test Cases/Vote" status="PASSED">
         <system-out><![CDATA[2022-07-18 11:07:47 - [TEST_CASE][PASSED] - Test Cases/Vote: Test Cases/Vote

2022-07-18 11:07:47 - [TEST_STEP][PASSED] - openBrowser(""): Browser is opened with url: ''

2022-07-18 11:07:47 - [MESSAGE][INFO] - Starting 'Chrome' driver

2022-07-18 11:07:47 - [MESSAGE][INFO] - Action delay is set to 0 milliseconds

2022-07-18 11:07:48 - [MESSAGE][PASSED] - Browser is opened with url: ''

2022-07-18 11:07:48 - [TEST_STEP][PASSED] - navigateToUrl("https://lesechosdutouquet.nordlittoral.fr/147787/article/2022-06-30/concours-photo-montrez-nous-la-plus-belle-photo-de-votre-chien-en-promenade-sur#l5lb6r47qsmp9ur58y"): Navigate to 'https://lesechosdutouquet.nordlittoral.fr/147787/article/2022-06-30/concours-photo-montrez-nous-la-plus-belle-photo-de-votre-chien-en-promenade-sur#l5lb6r47qsmp9ur58y' successfully

2022-07-18 11:07:50 - [MESSAGE][PASSED] - Navigate to 'https://lesechosdutouquet.nordlittoral.fr/147787/article/2022-06-30/concours-photo-montrez-nous-la-plus-belle-photo-de-votre-chien-en-promenade-sur#l5lb6r47qsmp9ur58y' successfully

2022-07-18 11:07:50 - [TEST_STEP][PASSED] - setViewPortSize(1920, 1080): Viewport is set to new size with width = 1920 and height = 1080

2022-07-18 11:07:50 - [MESSAGE][PASSED] - Viewport is set to new size with width = 1920 and height = 1080

2022-07-18 11:07:50 - [TEST_STEP][PASSED] - click(findTestObject("Object Repository/Page_Concours photo  votez pour la plus bel_494087/button_Accepter  Fermer")): Object: 'Object Repository/Page_Concours photo  votez pour la plus bel_494087/button_Accepter  Fermer' is clicked on

2022-07-18 11:07:55 - [MESSAGE][PASSED] - Object: 'Object Repository/Page_Concours photo  votez pour la plus bel_494087/button_Accepter  Fermer' is clicked on

2022-07-18 11:07:55 - [TEST_STEP][PASSED] - delay(12): Delayed 12 second(s)

2022-07-18 11:08:07 - [MESSAGE][PASSED] - Delayed 12 second(s)

2022-07-18 11:08:07 - [TEST_STEP][PASSED] - click(findTestObject("Object Repository/Page_Concours photo  votez pour la plus bel_494087/a_X")): Object: 'Object Repository/Page_Concours photo  votez pour la plus bel_494087/a_X' is clicked on

2022-07-18 11:08:07 - [MESSAGE][PASSED] - Object: 'Object Repository/Page_Concours photo  votez pour la plus bel_494087/a_X' is clicked on

2022-07-18 11:08:07 - [TEST_STEP][PASSED] - delay(1): Delayed 1 second(s)

2022-07-18 11:08:08 - [MESSAGE][PASSED] - Delayed 1 second(s)

2022-07-18 11:08:08 - [TEST_STEP][PASSED] - click(findTestObject("Object Repository/Page_Concours photo  votez pour la plus bel_494087/input_concat(Votez pour le plus beau chien de la cte d, , Opale )_jouer")): Object: 'Object Repository/Page_Concours photo  votez pour la plus bel_494087/input_concat(Votez pour le plus beau chien de la cte d, , Opale )_jouer' is clicked on

2022-07-18 11:08:09 - [MESSAGE][PASSED] - Object: 'Object Repository/Page_Concours photo  votez pour la plus bel_494087/input_concat(Votez pour le plus beau chien de la cte d, , Opale )_jouer' is clicked on

2022-07-18 11:08:09 - [TEST_STEP][PASSED] - if (verifyElementPresent(findTestObject("Page_Concours photo  votez pour la plus bel_494087/input_concat(Votez pour le plus beau chien de la cte d, , Opale )_jouer"), 1, OPTIONAL)): null

2022-07-18 11:08:11 - [MESSAGE][PASSED] - Object 'Object Repository/Page_Concours photo  votez pour la plus bel_494087/input_concat(Votez pour le plus beau chien de la cte d, , Opale )_jouer' is present

2022-07-18 11:08:11 - [TEST_STEP][PASSED] - click(findTestObject("Object Repository/Page_Concours photo  votez pour la plus bel_494087/input_concat(Votez pour le plus beau chien de la cte d, , Opale )_jouer")): Object: 'Object Repository/Page_Concours photo  votez pour la plus bel_494087/input_concat(Votez pour le plus beau chien de la cte d, , Opale )_jouer' is clicked on

2022-07-18 11:08:11 - [MESSAGE][PASSED] - Object: 'Object Repository/Page_Concours photo  votez pour la plus bel_494087/input_concat(Votez pour le plus beau chien de la cte d, , Opale )_jouer' is clicked on

2022-07-18 11:08:11 - [TEST_STEP][PASSED] - delay(1): Delayed 1 second(s)

2022-07-18 11:08:12 - [MESSAGE][PASSED] - Delayed 1 second(s)

2022-07-18 11:08:12 - [TEST_STEP][PASSED] - setText(findTestObject("Object Repository/Page_Concours photo  votez pour la plus bel_494087/input_trie par_keyword"), "Gaspard"): Text 'Gaspard' is set on object 'Object Repository/Page_Concours photo  votez pour la plus bel_494087/input_trie par_keyword'

2022-07-18 11:08:15 - [MESSAGE][PASSED] - Text 'Gaspard' is set on object 'Object Repository/Page_Concours photo  votez pour la plus bel_494087/input_trie par_keyword'

2022-07-18 11:08:15 - [TEST_STEP][PASSED] - sendKeys(findTestObject("Page_Concours photo  votez pour la plus bel_494087/input_trie par_keyword"), Keys.chord(ENTER)): Keys 'ENTER + ' sent to object: 'Object Repository/Page_Concours photo  votez pour la plus bel_494087/input_trie par_keyword'

2022-07-18 11:08:17 - [MESSAGE][PASSED] - Keys 'ENTER + ' sent to object: 'Object Repository/Page_Concours photo  votez pour la plus bel_494087/input_trie par_keyword'

2022-07-18 11:08:17 - [TEST_STEP][PASSED] - click(findTestObject("Page_Concours photo  votez pour la plus bel_494087/tri")): Object: 'Object Repository/Page_Concours photo  votez pour la plus bel_494087/tri' is clicked on

2022-07-18 11:08:18 - [MESSAGE][PASSED] - Object: 'Object Repository/Page_Concours photo  votez pour la plus bel_494087/tri' is clicked on

2022-07-18 11:08:18 - [TEST_STEP][PASSED] - click(findTestObject("Page_Concours photo  votez pour la plus bel_494087/plus de votes")): Object: 'Object Repository/Page_Concours photo  votez pour la plus bel_494087/plus de votes' is clicked on

2022-07-18 11:08:18 - [MESSAGE][PASSED] - Object: 'Object Repository/Page_Concours photo  votez pour la plus bel_494087/plus de votes' is clicked on

2022-07-18 11:08:19 - [TEST_STEP][PASSED] - click(findTestObject("Object Repository/Page_Concours photo  votez pour la plus bel_494087/i_Votes_fa fa-heart")): Object: 'Object Repository/Page_Concours photo  votez pour la plus bel_494087/i_Votes_fa fa-heart' is clicked on

2022-07-18 11:08:20 - [MESSAGE][PASSED] - Object: 'Object Repository/Page_Concours photo  votez pour la plus bel_494087/i_Votes_fa fa-heart' is clicked on

2022-07-18 11:08:20 - [TEST_STEP][PASSED] - delay(1): Delayed 1 second(s)

2022-07-18 11:08:21 - [MESSAGE][PASSED] - Delayed 1 second(s)

2022-07-18 11:08:21 - [TEST_STEP][PASSED] - closeBrowser(): Browser is closed

2022-07-18 11:08:21 - [MESSAGE][PASSED] - Browser is closed]]></system-out>
         <system-err><![CDATA[]]></system-err>
      </testcase>
      <testcase name="Test Cases/Vote" time="31.542" classname="Test Cases/Vote" status="PASSED">
         <system-out><![CDATA[2022-07-18 11:08:21 - [TEST_CASE][PASSED] - Test Cases/Vote: Test Cases/Vote

2022-07-18 11:08:21 - [TEST_STEP][PASSED] - openBrowser(""): Browser is opened with url: ''

2022-07-18 11:08:21 - [MESSAGE][INFO] - Starting 'Chrome' driver

2022-07-18 11:08:21 - [MESSAGE][INFO] - Action delay is set to 0 milliseconds

2022-07-18 11:08:22 - [MESSAGE][PASSED] - Browser is opened with url: ''

2022-07-18 11:08:22 - [TEST_STEP][PASSED] - navigateToUrl("https://lesechosdutouquet.nordlittoral.fr/147787/article/2022-06-30/concours-photo-montrez-nous-la-plus-belle-photo-de-votre-chien-en-promenade-sur#l5lb6r47qsmp9ur58y"): Navigate to 'https://lesechosdutouquet.nordlittoral.fr/147787/article/2022-06-30/concours-photo-montrez-nous-la-plus-belle-photo-de-votre-chien-en-promenade-sur#l5lb6r47qsmp9ur58y' successfully

2022-07-18 11:08:26 - [MESSAGE][PASSED] - Navigate to 'https://lesechosdutouquet.nordlittoral.fr/147787/article/2022-06-30/concours-photo-montrez-nous-la-plus-belle-photo-de-votre-chien-en-promenade-sur#l5lb6r47qsmp9ur58y' successfully

2022-07-18 11:08:26 - [TEST_STEP][PASSED] - setViewPortSize(1920, 1080): Viewport is set to new size with width = 1920 and height = 1080

2022-07-18 11:08:26 - [MESSAGE][PASSED] - Viewport is set to new size with width = 1920 and height = 1080

2022-07-18 11:08:26 - [TEST_STEP][PASSED] - click(findTestObject("Object Repository/Page_Concours photo  votez pour la plus bel_494087/button_Accepter  Fermer")): Object: 'Object Repository/Page_Concours photo  votez pour la plus bel_494087/button_Accepter  Fermer' is clicked on

2022-07-18 11:08:27 - [MESSAGE][PASSED] - Object: 'Object Repository/Page_Concours photo  votez pour la plus bel_494087/button_Accepter  Fermer' is clicked on

2022-07-18 11:08:27 - [TEST_STEP][PASSED] - delay(12): Delayed 12 second(s)

2022-07-18 11:08:39 - [MESSAGE][PASSED] - Delayed 12 second(s)

2022-07-18 11:08:39 - [TEST_STEP][PASSED] - click(findTestObject("Object Repository/Page_Concours photo  votez pour la plus bel_494087/a_X")): Object: 'Object Repository/Page_Concours photo  votez pour la plus bel_494087/a_X' is clicked on

2022-07-18 11:08:39 - [MESSAGE][PASSED] - Object: 'Object Repository/Page_Concours photo  votez pour la plus bel_494087/a_X' is clicked on

2022-07-18 11:08:39 - [TEST_STEP][PASSED] - delay(1): Delayed 1 second(s)

2022-07-18 11:08:40 - [MESSAGE][PASSED] - Delayed 1 second(s)

2022-07-18 11:08:40 - [TEST_STEP][PASSED] - click(findTestObject("Object Repository/Page_Concours photo  votez pour la plus bel_494087/input_concat(Votez pour le plus beau chien de la cte d, , Opale )_jouer")): Object: 'Object Repository/Page_Concours photo  votez pour la plus bel_494087/input_concat(Votez pour le plus beau chien de la cte d, , Opale )_jouer' is clicked on

2022-07-18 11:08:41 - [MESSAGE][PASSED] - Object: 'Object Repository/Page_Concours photo  votez pour la plus bel_494087/input_concat(Votez pour le plus beau chien de la cte d, , Opale )_jouer' is clicked on

2022-07-18 11:08:41 - [TEST_STEP][PASSED] - if (verifyElementPresent(findTestObject("Page_Concours photo  votez pour la plus bel_494087/input_concat(Votez pour le plus beau chien de la cte d, , Opale )_jouer"), 1, OPTIONAL)): null

2022-07-18 11:08:42 - [MESSAGE][PASSED] - Object 'Object Repository/Page_Concours photo  votez pour la plus bel_494087/input_concat(Votez pour le plus beau chien de la cte d, , Opale )_jouer' is present

2022-07-18 11:08:42 - [TEST_STEP][PASSED] - click(findTestObject("Object Repository/Page_Concours photo  votez pour la plus bel_494087/input_concat(Votez pour le plus beau chien de la cte d, , Opale )_jouer")): Object: 'Object Repository/Page_Concours photo  votez pour la plus bel_494087/input_concat(Votez pour le plus beau chien de la cte d, , Opale )_jouer' is clicked on

2022-07-18 11:08:43 - [MESSAGE][PASSED] - Object: 'Object Repository/Page_Concours photo  votez pour la plus bel_494087/input_concat(Votez pour le plus beau chien de la cte d, , Opale )_jouer' is clicked on

2022-07-18 11:08:43 - [TEST_STEP][PASSED] - delay(1): Delayed 1 second(s)

2022-07-18 11:08:44 - [MESSAGE][PASSED] - Delayed 1 second(s)

2022-07-18 11:08:44 - [TEST_STEP][PASSED] - setText(findTestObject("Object Repository/Page_Concours photo  votez pour la plus bel_494087/input_trie par_keyword"), "Gaspard"): Text 'Gaspard' is set on object 'Object Repository/Page_Concours photo  votez pour la plus bel_494087/input_trie par_keyword'

2022-07-18 11:08:47 - [MESSAGE][PASSED] - Text 'Gaspard' is set on object 'Object Repository/Page_Concours photo  votez pour la plus bel_494087/input_trie par_keyword'

2022-07-18 11:08:47 - [TEST_STEP][PASSED] - sendKeys(findTestObject("Page_Concours photo  votez pour la plus bel_494087/input_trie par_keyword"), Keys.chord(ENTER)): Keys 'ENTER + ' sent to object: 'Object Repository/Page_Concours photo  votez pour la plus bel_494087/input_trie par_keyword'

2022-07-18 11:08:48 - [MESSAGE][PASSED] - Keys 'ENTER + ' sent to object: 'Object Repository/Page_Concours photo  votez pour la plus bel_494087/input_trie par_keyword'

2022-07-18 11:08:48 - [TEST_STEP][PASSED] - click(findTestObject("Page_Concours photo  votez pour la plus bel_494087/tri")): Object: 'Object Repository/Page_Concours photo  votez pour la plus bel_494087/tri' is clicked on

2022-07-18 11:08:49 - [MESSAGE][PASSED] - Object: 'Object Repository/Page_Concours photo  votez pour la plus bel_494087/tri' is clicked on

2022-07-18 11:08:49 - [TEST_STEP][PASSED] - click(findTestObject("Page_Concours photo  votez pour la plus bel_494087/plus de votes")): Object: 'Object Repository/Page_Concours photo  votez pour la plus bel_494087/plus de votes' is clicked on

2022-07-18 11:08:49 - [MESSAGE][PASSED] - Object: 'Object Repository/Page_Concours photo  votez pour la plus bel_494087/plus de votes' is clicked on

2022-07-18 11:08:51 - [TEST_STEP][PASSED] - click(findTestObject("Object Repository/Page_Concours photo  votez pour la plus bel_494087/i_Votes_fa fa-heart")): Object: 'Object Repository/Page_Concours photo  votez pour la plus bel_494087/i_Votes_fa fa-heart' is clicked on

2022-07-18 11:08:51 - [MESSAGE][PASSED] - Object: 'Object Repository/Page_Concours photo  votez pour la plus bel_494087/i_Votes_fa fa-heart' is clicked on

2022-07-18 11:08:51 - [TEST_STEP][PASSED] - delay(1): Delayed 1 second(s)

2022-07-18 11:08:52 - [MESSAGE][PASSED] - Delayed 1 second(s)

2022-07-18 11:08:52 - [TEST_STEP][PASSED] - closeBrowser(): Browser is closed

2022-07-18 11:08:53 - [MESSAGE][PASSED] - Browser is closed]]></system-out>
         <system-err><![CDATA[]]></system-err>
      </testcase>
      <testcase name="Test Cases/Vote" time="53.189" classname="Test Cases/Vote" status="PASSED">
         <system-out><![CDATA[2022-07-18 11:08:53 - [TEST_CASE][PASSED] - Test Cases/Vote: Test Cases/Vote

2022-07-18 11:08:53 - [TEST_STEP][PASSED] - openBrowser(""): Browser is opened with url: ''

2022-07-18 11:08:53 - [MESSAGE][INFO] - Starting 'Chrome' driver

2022-07-18 11:08:53 - [MESSAGE][INFO] - Action delay is set to 0 milliseconds

2022-07-18 11:08:54 - [MESSAGE][PASSED] - Browser is opened with url: ''

2022-07-18 11:08:54 - [TEST_STEP][PASSED] - navigateToUrl("https://lesechosdutouquet.nordlittoral.fr/147787/article/2022-06-30/concours-photo-montrez-nous-la-plus-belle-photo-de-votre-chien-en-promenade-sur#l5lb6r47qsmp9ur58y"): Navigate to 'https://lesechosdutouquet.nordlittoral.fr/147787/article/2022-06-30/concours-photo-montrez-nous-la-plus-belle-photo-de-votre-chien-en-promenade-sur#l5lb6r47qsmp9ur58y' successfully

2022-07-18 11:09:21 - [MESSAGE][PASSED] - Navigate to 'https://lesechosdutouquet.nordlittoral.fr/147787/article/2022-06-30/concours-photo-montrez-nous-la-plus-belle-photo-de-votre-chien-en-promenade-sur#l5lb6r47qsmp9ur58y' successfully

2022-07-18 11:09:21 - [TEST_STEP][PASSED] - setViewPortSize(1920, 1080): Viewport is set to new size with width = 1920 and height = 1080

2022-07-18 11:09:21 - [MESSAGE][PASSED] - Viewport is set to new size with width = 1920 and height = 1080

2022-07-18 11:09:21 - [TEST_STEP][PASSED] - click(findTestObject("Object Repository/Page_Concours photo  votez pour la plus bel_494087/button_Accepter  Fermer")): Object: 'Object Repository/Page_Concours photo  votez pour la plus bel_494087/button_Accepter  Fermer' is clicked on

2022-07-18 11:09:22 - [MESSAGE][PASSED] - Object: 'Object Repository/Page_Concours photo  votez pour la plus bel_494087/button_Accepter  Fermer' is clicked on

2022-07-18 11:09:22 - [TEST_STEP][PASSED] - delay(12): Delayed 12 second(s)

2022-07-18 11:09:34 - [MESSAGE][PASSED] - Delayed 12 second(s)

2022-07-18 11:09:34 - [TEST_STEP][PASSED] - click(findTestObject("Object Repository/Page_Concours photo  votez pour la plus bel_494087/a_X")): Object: 'Object Repository/Page_Concours photo  votez pour la plus bel_494087/a_X' is clicked on

2022-07-18 11:09:34 - [MESSAGE][PASSED] - Object: 'Object Repository/Page_Concours photo  votez pour la plus bel_494087/a_X' is clicked on

2022-07-18 11:09:34 - [TEST_STEP][PASSED] - delay(1): Delayed 1 second(s)

2022-07-18 11:09:35 - [MESSAGE][PASSED] - Delayed 1 second(s)

2022-07-18 11:09:35 - [TEST_STEP][PASSED] - click(findTestObject("Object Repository/Page_Concours photo  votez pour la plus bel_494087/input_concat(Votez pour le plus beau chien de la cte d, , Opale )_jouer")): Object: 'Object Repository/Page_Concours photo  votez pour la plus bel_494087/input_concat(Votez pour le plus beau chien de la cte d, , Opale )_jouer' is clicked on

2022-07-18 11:09:36 - [MESSAGE][PASSED] - Object: 'Object Repository/Page_Concours photo  votez pour la plus bel_494087/input_concat(Votez pour le plus beau chien de la cte d, , Opale )_jouer' is clicked on

2022-07-18 11:09:36 - [TEST_STEP][PASSED] - if (verifyElementPresent(findTestObject("Page_Concours photo  votez pour la plus bel_494087/input_concat(Votez pour le plus beau chien de la cte d, , Opale )_jouer"), 1, OPTIONAL)): null

2022-07-18 11:09:38 - [MESSAGE][PASSED] - Object 'Object Repository/Page_Concours photo  votez pour la plus bel_494087/input_concat(Votez pour le plus beau chien de la cte d, , Opale )_jouer' is present

2022-07-18 11:09:38 - [TEST_STEP][PASSED] - click(findTestObject("Object Repository/Page_Concours photo  votez pour la plus bel_494087/input_concat(Votez pour le plus beau chien de la cte d, , Opale )_jouer")): Object: 'Object Repository/Page_Concours photo  votez pour la plus bel_494087/input_concat(Votez pour le plus beau chien de la cte d, , Opale )_jouer' is clicked on

2022-07-18 11:09:38 - [MESSAGE][PASSED] - Object: 'Object Repository/Page_Concours photo  votez pour la plus bel_494087/input_concat(Votez pour le plus beau chien de la cte d, , Opale )_jouer' is clicked on

2022-07-18 11:09:38 - [TEST_STEP][PASSED] - delay(1): Delayed 1 second(s)

2022-07-18 11:09:40 - [MESSAGE][PASSED] - Delayed 1 second(s)

2022-07-18 11:09:40 - [TEST_STEP][PASSED] - setText(findTestObject("Object Repository/Page_Concours photo  votez pour la plus bel_494087/input_trie par_keyword"), "Gaspard"): Text 'Gaspard' is set on object 'Object Repository/Page_Concours photo  votez pour la plus bel_494087/input_trie par_keyword'

2022-07-18 11:09:41 - [MESSAGE][PASSED] - Text 'Gaspard' is set on object 'Object Repository/Page_Concours photo  votez pour la plus bel_494087/input_trie par_keyword'

2022-07-18 11:09:41 - [TEST_STEP][PASSED] - sendKeys(findTestObject("Page_Concours photo  votez pour la plus bel_494087/input_trie par_keyword"), Keys.chord(ENTER)): Keys 'ENTER + ' sent to object: 'Object Repository/Page_Concours photo  votez pour la plus bel_494087/input_trie par_keyword'

2022-07-18 11:09:42 - [MESSAGE][PASSED] - Keys 'ENTER + ' sent to object: 'Object Repository/Page_Concours photo  votez pour la plus bel_494087/input_trie par_keyword'

2022-07-18 11:09:42 - [TEST_STEP][PASSED] - click(findTestObject("Page_Concours photo  votez pour la plus bel_494087/tri")): Object: 'Object Repository/Page_Concours photo  votez pour la plus bel_494087/tri' is clicked on

2022-07-18 11:09:43 - [MESSAGE][PASSED] - Object: 'Object Repository/Page_Concours photo  votez pour la plus bel_494087/tri' is clicked on

2022-07-18 11:09:43 - [TEST_STEP][PASSED] - click(findTestObject("Page_Concours photo  votez pour la plus bel_494087/plus de votes")): Object: 'Object Repository/Page_Concours photo  votez pour la plus bel_494087/plus de votes' is clicked on

2022-07-18 11:09:44 - [MESSAGE][PASSED] - Object: 'Object Repository/Page_Concours photo  votez pour la plus bel_494087/plus de votes' is clicked on

2022-07-18 11:09:44 - [TEST_STEP][PASSED] - click(findTestObject("Object Repository/Page_Concours photo  votez pour la plus bel_494087/i_Votes_fa fa-heart")): Object: 'Object Repository/Page_Concours photo  votez pour la plus bel_494087/i_Votes_fa fa-heart' is clicked on

2022-07-18 11:09:45 - [MESSAGE][PASSED] - Object: 'Object Repository/Page_Concours photo  votez pour la plus bel_494087/i_Votes_fa fa-heart' is clicked on

2022-07-18 11:09:45 - [TEST_STEP][PASSED] - delay(1): Delayed 1 second(s)

2022-07-18 11:09:46 - [MESSAGE][PASSED] - Delayed 1 second(s)

2022-07-18 11:09:46 - [TEST_STEP][PASSED] - closeBrowser(): Browser is closed

2022-07-18 11:09:46 - [MESSAGE][PASSED] - Browser is closed]]></system-out>
         <system-err><![CDATA[]]></system-err>
      </testcase>
      <testcase name="Test Cases/Vote" time="32.682" classname="Test Cases/Vote" status="PASSED">
         <system-out><![CDATA[2022-07-18 11:09:46 - [TEST_CASE][PASSED] - Test Cases/Vote: Test Cases/Vote

2022-07-18 11:09:46 - [TEST_STEP][PASSED] - openBrowser(""): Browser is opened with url: ''

2022-07-18 11:09:46 - [MESSAGE][INFO] - Starting 'Chrome' driver

2022-07-18 11:09:46 - [MESSAGE][INFO] - Action delay is set to 0 milliseconds

2022-07-18 11:09:48 - [MESSAGE][PASSED] - Browser is opened with url: ''

2022-07-18 11:09:48 - [TEST_STEP][PASSED] - navigateToUrl("https://lesechosdutouquet.nordlittoral.fr/147787/article/2022-06-30/concours-photo-montrez-nous-la-plus-belle-photo-de-votre-chien-en-promenade-sur#l5lb6r47qsmp9ur58y"): Navigate to 'https://lesechosdutouquet.nordlittoral.fr/147787/article/2022-06-30/concours-photo-montrez-nous-la-plus-belle-photo-de-votre-chien-en-promenade-sur#l5lb6r47qsmp9ur58y' successfully

2022-07-18 11:09:51 - [MESSAGE][PASSED] - Navigate to 'https://lesechosdutouquet.nordlittoral.fr/147787/article/2022-06-30/concours-photo-montrez-nous-la-plus-belle-photo-de-votre-chien-en-promenade-sur#l5lb6r47qsmp9ur58y' successfully

2022-07-18 11:09:51 - [TEST_STEP][PASSED] - setViewPortSize(1920, 1080): Viewport is set to new size with width = 1920 and height = 1080

2022-07-18 11:09:51 - [MESSAGE][PASSED] - Viewport is set to new size with width = 1920 and height = 1080

2022-07-18 11:09:51 - [TEST_STEP][PASSED] - click(findTestObject("Object Repository/Page_Concours photo  votez pour la plus bel_494087/button_Accepter  Fermer")): Object: 'Object Repository/Page_Concours photo  votez pour la plus bel_494087/button_Accepter  Fermer' is clicked on

2022-07-18 11:09:53 - [MESSAGE][PASSED] - Object: 'Object Repository/Page_Concours photo  votez pour la plus bel_494087/button_Accepter  Fermer' is clicked on

2022-07-18 11:09:53 - [TEST_STEP][PASSED] - delay(12): Delayed 12 second(s)

2022-07-18 11:10:05 - [MESSAGE][PASSED] - Delayed 12 second(s)

2022-07-18 11:10:05 - [TEST_STEP][PASSED] - click(findTestObject("Object Repository/Page_Concours photo  votez pour la plus bel_494087/a_X")): Object: 'Object Repository/Page_Concours photo  votez pour la plus bel_494087/a_X' is clicked on

2022-07-18 11:10:05 - [MESSAGE][PASSED] - Object: 'Object Repository/Page_Concours photo  votez pour la plus bel_494087/a_X' is clicked on

2022-07-18 11:10:05 - [TEST_STEP][PASSED] - delay(1): Delayed 1 second(s)

2022-07-18 11:10:06 - [MESSAGE][PASSED] - Delayed 1 second(s)

2022-07-18 11:10:06 - [TEST_STEP][PASSED] - click(findTestObject("Object Repository/Page_Concours photo  votez pour la plus bel_494087/input_concat(Votez pour le plus beau chien de la cte d, , Opale )_jouer")): Object: 'Object Repository/Page_Concours photo  votez pour la plus bel_494087/input_concat(Votez pour le plus beau chien de la cte d, , Opale )_jouer' is clicked on

2022-07-18 11:10:07 - [MESSAGE][PASSED] - Object: 'Object Repository/Page_Concours photo  votez pour la plus bel_494087/input_concat(Votez pour le plus beau chien de la cte d, , Opale )_jouer' is clicked on

2022-07-18 11:10:07 - [TEST_STEP][PASSED] - if (verifyElementPresent(findTestObject("Page_Concours photo  votez pour la plus bel_494087/input_concat(Votez pour le plus beau chien de la cte d, , Opale )_jouer"), 1, OPTIONAL)): null

2022-07-18 11:10:08 - [MESSAGE][PASSED] - Object 'Object Repository/Page_Concours photo  votez pour la plus bel_494087/input_concat(Votez pour le plus beau chien de la cte d, , Opale )_jouer' is present

2022-07-18 11:10:08 - [TEST_STEP][PASSED] - click(findTestObject("Object Repository/Page_Concours photo  votez pour la plus bel_494087/input_concat(Votez pour le plus beau chien de la cte d, , Opale )_jouer")): Object: 'Object Repository/Page_Concours photo  votez pour la plus bel_494087/input_concat(Votez pour le plus beau chien de la cte d, , Opale )_jouer' is clicked on

2022-07-18 11:10:09 - [MESSAGE][PASSED] - Object: 'Object Repository/Page_Concours photo  votez pour la plus bel_494087/input_concat(Votez pour le plus beau chien de la cte d, , Opale )_jouer' is clicked on

2022-07-18 11:10:09 - [TEST_STEP][PASSED] - delay(1): Delayed 1 second(s)

2022-07-18 11:10:10 - [MESSAGE][PASSED] - Delayed 1 second(s)

2022-07-18 11:10:10 - [TEST_STEP][PASSED] - setText(findTestObject("Object Repository/Page_Concours photo  votez pour la plus bel_494087/input_trie par_keyword"), "Gaspard"): Text 'Gaspard' is set on object 'Object Repository/Page_Concours photo  votez pour la plus bel_494087/input_trie par_keyword'

2022-07-18 11:10:13 - [MESSAGE][PASSED] - Text 'Gaspard' is set on object 'Object Repository/Page_Concours photo  votez pour la plus bel_494087/input_trie par_keyword'

2022-07-18 11:10:13 - [TEST_STEP][PASSED] - sendKeys(findTestObject("Page_Concours photo  votez pour la plus bel_494087/input_trie par_keyword"), Keys.chord(ENTER)): Keys 'ENTER + ' sent to object: 'Object Repository/Page_Concours photo  votez pour la plus bel_494087/input_trie par_keyword'

2022-07-18 11:10:14 - [MESSAGE][PASSED] - Keys 'ENTER + ' sent to object: 'Object Repository/Page_Concours photo  votez pour la plus bel_494087/input_trie par_keyword'

2022-07-18 11:10:15 - [TEST_STEP][PASSED] - click(findTestObject("Page_Concours photo  votez pour la plus bel_494087/tri")): Object: 'Object Repository/Page_Concours photo  votez pour la plus bel_494087/tri' is clicked on

2022-07-18 11:10:16 - [MESSAGE][PASSED] - Object: 'Object Repository/Page_Concours photo  votez pour la plus bel_494087/tri' is clicked on

2022-07-18 11:10:16 - [TEST_STEP][PASSED] - click(findTestObject("Page_Concours photo  votez pour la plus bel_494087/plus de votes")): Object: 'Object Repository/Page_Concours photo  votez pour la plus bel_494087/plus de votes' is clicked on

2022-07-18 11:10:16 - [MESSAGE][PASSED] - Object: 'Object Repository/Page_Concours photo  votez pour la plus bel_494087/plus de votes' is clicked on

2022-07-18 11:10:16 - [TEST_STEP][PASSED] - click(findTestObject("Object Repository/Page_Concours photo  votez pour la plus bel_494087/i_Votes_fa fa-heart")): Object: 'Object Repository/Page_Concours photo  votez pour la plus bel_494087/i_Votes_fa fa-heart' is clicked on

2022-07-18 11:10:17 - [MESSAGE][PASSED] - Object: 'Object Repository/Page_Concours photo  votez pour la plus bel_494087/i_Votes_fa fa-heart' is clicked on

2022-07-18 11:10:17 - [TEST_STEP][PASSED] - delay(1): Delayed 1 second(s)

2022-07-18 11:10:18 - [MESSAGE][PASSED] - Delayed 1 second(s)

2022-07-18 11:10:18 - [TEST_STEP][PASSED] - closeBrowser(): Browser is closed

2022-07-18 11:10:19 - [MESSAGE][PASSED] - Browser is closed]]></system-out>
         <system-err><![CDATA[]]></system-err>
      </testcase>
      <testcase name="Test Cases/Vote" time="33.025" classname="Test Cases/Vote" status="PASSED">
         <system-out><![CDATA[2022-07-18 11:10:19 - [TEST_CASE][PASSED] - Test Cases/Vote: Test Cases/Vote

2022-07-18 11:10:19 - [TEST_STEP][PASSED] - openBrowser(""): Browser is opened with url: ''

2022-07-18 11:10:19 - [MESSAGE][INFO] - Starting 'Chrome' driver

2022-07-18 11:10:19 - [MESSAGE][INFO] - Action delay is set to 0 milliseconds

2022-07-18 11:10:20 - [MESSAGE][PASSED] - Browser is opened with url: ''

2022-07-18 11:10:20 - [TEST_STEP][PASSED] - navigateToUrl("https://lesechosdutouquet.nordlittoral.fr/147787/article/2022-06-30/concours-photo-montrez-nous-la-plus-belle-photo-de-votre-chien-en-promenade-sur#l5lb6r47qsmp9ur58y"): Navigate to 'https://lesechosdutouquet.nordlittoral.fr/147787/article/2022-06-30/concours-photo-montrez-nous-la-plus-belle-photo-de-votre-chien-en-promenade-sur#l5lb6r47qsmp9ur58y' successfully

2022-07-18 11:10:24 - [MESSAGE][PASSED] - Navigate to 'https://lesechosdutouquet.nordlittoral.fr/147787/article/2022-06-30/concours-photo-montrez-nous-la-plus-belle-photo-de-votre-chien-en-promenade-sur#l5lb6r47qsmp9ur58y' successfully

2022-07-18 11:10:24 - [TEST_STEP][PASSED] - setViewPortSize(1920, 1080): Viewport is set to new size with width = 1920 and height = 1080

2022-07-18 11:10:24 - [MESSAGE][PASSED] - Viewport is set to new size with width = 1920 and height = 1080

2022-07-18 11:10:24 - [TEST_STEP][PASSED] - click(findTestObject("Object Repository/Page_Concours photo  votez pour la plus bel_494087/button_Accepter  Fermer")): Object: 'Object Repository/Page_Concours photo  votez pour la plus bel_494087/button_Accepter  Fermer' is clicked on

2022-07-18 11:10:25 - [MESSAGE][PASSED] - Object: 'Object Repository/Page_Concours photo  votez pour la plus bel_494087/button_Accepter  Fermer' is clicked on

2022-07-18 11:10:25 - [TEST_STEP][PASSED] - delay(12): Delayed 12 second(s)

2022-07-18 11:10:37 - [MESSAGE][PASSED] - Delayed 12 second(s)

2022-07-18 11:10:37 - [TEST_STEP][PASSED] - click(findTestObject("Object Repository/Page_Concours photo  votez pour la plus bel_494087/a_X")): Object: 'Object Repository/Page_Concours photo  votez pour la plus bel_494087/a_X' is clicked on

2022-07-18 11:10:38 - [MESSAGE][PASSED] - Object: 'Object Repository/Page_Concours photo  votez pour la plus bel_494087/a_X' is clicked on

2022-07-18 11:10:38 - [TEST_STEP][PASSED] - delay(1): Delayed 1 second(s)

2022-07-18 11:10:39 - [MESSAGE][PASSED] - Delayed 1 second(s)

2022-07-18 11:10:39 - [TEST_STEP][PASSED] - click(findTestObject("Object Repository/Page_Concours photo  votez pour la plus bel_494087/input_concat(Votez pour le plus beau chien de la cte d, , Opale )_jouer")): Object: 'Object Repository/Page_Concours photo  votez pour la plus bel_494087/input_concat(Votez pour le plus beau chien de la cte d, , Opale )_jouer' is clicked on

2022-07-18 11:10:39 - [MESSAGE][PASSED] - Object: 'Object Repository/Page_Concours photo  votez pour la plus bel_494087/input_concat(Votez pour le plus beau chien de la cte d, , Opale )_jouer' is clicked on

2022-07-18 11:10:40 - [TEST_STEP][PASSED] - if (verifyElementPresent(findTestObject("Page_Concours photo  votez pour la plus bel_494087/input_concat(Votez pour le plus beau chien de la cte d, , Opale )_jouer"), 1, OPTIONAL)): null

2022-07-18 11:10:41 - [MESSAGE][PASSED] - Object 'Object Repository/Page_Concours photo  votez pour la plus bel_494087/input_concat(Votez pour le plus beau chien de la cte d, , Opale )_jouer' is present

2022-07-18 11:10:41 - [TEST_STEP][PASSED] - click(findTestObject("Object Repository/Page_Concours photo  votez pour la plus bel_494087/input_concat(Votez pour le plus beau chien de la cte d, , Opale )_jouer")): Object: 'Object Repository/Page_Concours photo  votez pour la plus bel_494087/input_concat(Votez pour le plus beau chien de la cte d, , Opale )_jouer' is clicked on

2022-07-18 11:10:41 - [MESSAGE][PASSED] - Object: 'Object Repository/Page_Concours photo  votez pour la plus bel_494087/input_concat(Votez pour le plus beau chien de la cte d, , Opale )_jouer' is clicked on

2022-07-18 11:10:41 - [TEST_STEP][PASSED] - delay(1): Delayed 1 second(s)

2022-07-18 11:10:42 - [MESSAGE][PASSED] - Delayed 1 second(s)

2022-07-18 11:10:42 - [TEST_STEP][PASSED] - setText(findTestObject("Object Repository/Page_Concours photo  votez pour la plus bel_494087/input_trie par_keyword"), "Gaspard"): Text 'Gaspard' is set on object 'Object Repository/Page_Concours photo  votez pour la plus bel_494087/input_trie par_keyword'

2022-07-18 11:10:46 - [MESSAGE][PASSED] - Text 'Gaspard' is set on object 'Object Repository/Page_Concours photo  votez pour la plus bel_494087/input_trie par_keyword'

2022-07-18 11:10:46 - [TEST_STEP][PASSED] - sendKeys(findTestObject("Page_Concours photo  votez pour la plus bel_494087/input_trie par_keyword"), Keys.chord(ENTER)): Keys 'ENTER + ' sent to object: 'Object Repository/Page_Concours photo  votez pour la plus bel_494087/input_trie par_keyword'

2022-07-18 11:10:47 - [MESSAGE][PASSED] - Keys 'ENTER + ' sent to object: 'Object Repository/Page_Concours photo  votez pour la plus bel_494087/input_trie par_keyword'

2022-07-18 11:10:47 - [TEST_STEP][PASSED] - click(findTestObject("Page_Concours photo  votez pour la plus bel_494087/tri")): Object: 'Object Repository/Page_Concours photo  votez pour la plus bel_494087/tri' is clicked on

2022-07-18 11:10:48 - [MESSAGE][PASSED] - Object: 'Object Repository/Page_Concours photo  votez pour la plus bel_494087/tri' is clicked on

2022-07-18 11:10:48 - [TEST_STEP][PASSED] - click(findTestObject("Page_Concours photo  votez pour la plus bel_494087/plus de votes")): Object: 'Object Repository/Page_Concours photo  votez pour la plus bel_494087/plus de votes' is clicked on

2022-07-18 11:10:48 - [MESSAGE][PASSED] - Object: 'Object Repository/Page_Concours photo  votez pour la plus bel_494087/plus de votes' is clicked on

2022-07-18 11:10:50 - [TEST_STEP][PASSED] - click(findTestObject("Object Repository/Page_Concours photo  votez pour la plus bel_494087/i_Votes_fa fa-heart")): Object: 'Object Repository/Page_Concours photo  votez pour la plus bel_494087/i_Votes_fa fa-heart' is clicked on

2022-07-18 11:10:50 - [MESSAGE][PASSED] - Object: 'Object Repository/Page_Concours photo  votez pour la plus bel_494087/i_Votes_fa fa-heart' is clicked on

2022-07-18 11:10:50 - [TEST_STEP][PASSED] - delay(1): Delayed 1 second(s)

2022-07-18 11:10:51 - [MESSAGE][PASSED] - Delayed 1 second(s)

2022-07-18 11:10:51 - [TEST_STEP][PASSED] - closeBrowser(): Browser is closed

2022-07-18 11:10:52 - [MESSAGE][PASSED] - Browser is closed]]></system-out>
         <system-err><![CDATA[]]></system-err>
      </testcase>
      <testcase name="Test Cases/Vote" time="31.254" classname="Test Cases/Vote" status="PASSED">
         <system-out><![CDATA[2022-07-18 11:10:52 - [TEST_CASE][PASSED] - Test Cases/Vote: Test Cases/Vote

2022-07-18 11:10:52 - [TEST_STEP][PASSED] - openBrowser(""): Browser is opened with url: ''

2022-07-18 11:10:52 - [MESSAGE][INFO] - Starting 'Chrome' driver

2022-07-18 11:10:52 - [MESSAGE][INFO] - Action delay is set to 0 milliseconds

2022-07-18 11:10:53 - [MESSAGE][PASSED] - Browser is opened with url: ''

2022-07-18 11:10:53 - [TEST_STEP][PASSED] - navigateToUrl("https://lesechosdutouquet.nordlittoral.fr/147787/article/2022-06-30/concours-photo-montrez-nous-la-plus-belle-photo-de-votre-chien-en-promenade-sur#l5lb6r47qsmp9ur58y"): Navigate to 'https://lesechosdutouquet.nordlittoral.fr/147787/article/2022-06-30/concours-photo-montrez-nous-la-plus-belle-photo-de-votre-chien-en-promenade-sur#l5lb6r47qsmp9ur58y' successfully

2022-07-18 11:10:56 - [MESSAGE][PASSED] - Navigate to 'https://lesechosdutouquet.nordlittoral.fr/147787/article/2022-06-30/concours-photo-montrez-nous-la-plus-belle-photo-de-votre-chien-en-promenade-sur#l5lb6r47qsmp9ur58y' successfully

2022-07-18 11:10:56 - [TEST_STEP][PASSED] - setViewPortSize(1920, 1080): Viewport is set to new size with width = 1920 and height = 1080

2022-07-18 11:10:56 - [MESSAGE][PASSED] - Viewport is set to new size with width = 1920 and height = 1080

2022-07-18 11:10:56 - [TEST_STEP][PASSED] - click(findTestObject("Object Repository/Page_Concours photo  votez pour la plus bel_494087/button_Accepter  Fermer")): Object: 'Object Repository/Page_Concours photo  votez pour la plus bel_494087/button_Accepter  Fermer' is clicked on

2022-07-18 11:10:57 - [MESSAGE][PASSED] - Object: 'Object Repository/Page_Concours photo  votez pour la plus bel_494087/button_Accepter  Fermer' is clicked on

2022-07-18 11:10:57 - [TEST_STEP][PASSED] - delay(12): Delayed 12 second(s)

2022-07-18 11:11:09 - [MESSAGE][PASSED] - Delayed 12 second(s)

2022-07-18 11:11:09 - [TEST_STEP][PASSED] - click(findTestObject("Object Repository/Page_Concours photo  votez pour la plus bel_494087/a_X")): Object: 'Object Repository/Page_Concours photo  votez pour la plus bel_494087/a_X' is clicked on

2022-07-18 11:11:09 - [MESSAGE][PASSED] - Object: 'Object Repository/Page_Concours photo  votez pour la plus bel_494087/a_X' is clicked on

2022-07-18 11:11:09 - [TEST_STEP][PASSED] - delay(1): Delayed 1 second(s)

2022-07-18 11:11:10 - [MESSAGE][PASSED] - Delayed 1 second(s)

2022-07-18 11:11:10 - [TEST_STEP][PASSED] - click(findTestObject("Object Repository/Page_Concours photo  votez pour la plus bel_494087/input_concat(Votez pour le plus beau chien de la cte d, , Opale )_jouer")): Object: 'Object Repository/Page_Concours photo  votez pour la plus bel_494087/input_concat(Votez pour le plus beau chien de la cte d, , Opale )_jouer' is clicked on

2022-07-18 11:11:11 - [MESSAGE][PASSED] - Object: 'Object Repository/Page_Concours photo  votez pour la plus bel_494087/input_concat(Votez pour le plus beau chien de la cte d, , Opale )_jouer' is clicked on

2022-07-18 11:11:11 - [TEST_STEP][PASSED] - if (verifyElementPresent(findTestObject("Page_Concours photo  votez pour la plus bel_494087/input_concat(Votez pour le plus beau chien de la cte d, , Opale )_jouer"), 1, OPTIONAL)): null

2022-07-18 11:11:12 - [MESSAGE][PASSED] - Object 'Object Repository/Page_Concours photo  votez pour la plus bel_494087/input_concat(Votez pour le plus beau chien de la cte d, , Opale )_jouer' is present

2022-07-18 11:11:12 - [TEST_STEP][PASSED] - click(findTestObject("Object Repository/Page_Concours photo  votez pour la plus bel_494087/input_concat(Votez pour le plus beau chien de la cte d, , Opale )_jouer")): Object: 'Object Repository/Page_Concours photo  votez pour la plus bel_494087/input_concat(Votez pour le plus beau chien de la cte d, , Opale )_jouer' is clicked on

2022-07-18 11:11:13 - [MESSAGE][PASSED] - Object: 'Object Repository/Page_Concours photo  votez pour la plus bel_494087/input_concat(Votez pour le plus beau chien de la cte d, , Opale )_jouer' is clicked on

2022-07-18 11:11:13 - [TEST_STEP][PASSED] - delay(1): Delayed 1 second(s)

2022-07-18 11:11:14 - [MESSAGE][PASSED] - Delayed 1 second(s)

2022-07-18 11:11:14 - [TEST_STEP][PASSED] - setText(findTestObject("Object Repository/Page_Concours photo  votez pour la plus bel_494087/input_trie par_keyword"), "Gaspard"): Text 'Gaspard' is set on object 'Object Repository/Page_Concours photo  votez pour la plus bel_494087/input_trie par_keyword'

2022-07-18 11:11:17 - [MESSAGE][PASSED] - Text 'Gaspard' is set on object 'Object Repository/Page_Concours photo  votez pour la plus bel_494087/input_trie par_keyword'

2022-07-18 11:11:17 - [TEST_STEP][PASSED] - sendKeys(findTestObject("Page_Concours photo  votez pour la plus bel_494087/input_trie par_keyword"), Keys.chord(ENTER)): Keys 'ENTER + ' sent to object: 'Object Repository/Page_Concours photo  votez pour la plus bel_494087/input_trie par_keyword'

2022-07-18 11:11:18 - [MESSAGE][PASSED] - Keys 'ENTER + ' sent to object: 'Object Repository/Page_Concours photo  votez pour la plus bel_494087/input_trie par_keyword'

2022-07-18 11:11:18 - [TEST_STEP][PASSED] - click(findTestObject("Page_Concours photo  votez pour la plus bel_494087/tri")): Object: 'Object Repository/Page_Concours photo  votez pour la plus bel_494087/tri' is clicked on

2022-07-18 11:11:19 - [MESSAGE][PASSED] - Object: 'Object Repository/Page_Concours photo  votez pour la plus bel_494087/tri' is clicked on

2022-07-18 11:11:19 - [TEST_STEP][PASSED] - click(findTestObject("Page_Concours photo  votez pour la plus bel_494087/plus de votes")): Object: 'Object Repository/Page_Concours photo  votez pour la plus bel_494087/plus de votes' is clicked on

2022-07-18 11:11:20 - [MESSAGE][PASSED] - Object: 'Object Repository/Page_Concours photo  votez pour la plus bel_494087/plus de votes' is clicked on

2022-07-18 11:11:21 - [TEST_STEP][PASSED] - click(findTestObject("Object Repository/Page_Concours photo  votez pour la plus bel_494087/i_Votes_fa fa-heart")): Object: 'Object Repository/Page_Concours photo  votez pour la plus bel_494087/i_Votes_fa fa-heart' is clicked on

2022-07-18 11:11:22 - [MESSAGE][PASSED] - Object: 'Object Repository/Page_Concours photo  votez pour la plus bel_494087/i_Votes_fa fa-heart' is clicked on

2022-07-18 11:11:22 - [TEST_STEP][PASSED] - delay(1): Delayed 1 second(s)

2022-07-18 11:11:23 - [MESSAGE][PASSED] - Delayed 1 second(s)

2022-07-18 11:11:23 - [TEST_STEP][PASSED] - closeBrowser(): Browser is closed

2022-07-18 11:11:23 - [MESSAGE][PASSED] - Browser is closed]]></system-out>
         <system-err><![CDATA[]]></system-err>
      </testcase>
      <testcase name="Test Cases/Vote" time="30.908" classname="Test Cases/Vote" status="PASSED">
         <system-out><![CDATA[2022-07-18 11:11:23 - [TEST_CASE][PASSED] - Test Cases/Vote: Test Cases/Vote

2022-07-18 11:11:23 - [TEST_STEP][PASSED] - openBrowser(""): Browser is opened with url: ''

2022-07-18 11:11:23 - [MESSAGE][INFO] - Starting 'Chrome' driver

2022-07-18 11:11:23 - [MESSAGE][INFO] - Action delay is set to 0 milliseconds

2022-07-18 11:11:24 - [MESSAGE][PASSED] - Browser is opened with url: ''

2022-07-18 11:11:25 - [TEST_STEP][PASSED] - navigateToUrl("https://lesechosdutouquet.nordlittoral.fr/147787/article/2022-06-30/concours-photo-montrez-nous-la-plus-belle-photo-de-votre-chien-en-promenade-sur#l5lb6r47qsmp9ur58y"): Navigate to 'https://lesechosdutouquet.nordlittoral.fr/147787/article/2022-06-30/concours-photo-montrez-nous-la-plus-belle-photo-de-votre-chien-en-promenade-sur#l5lb6r47qsmp9ur58y' successfully

2022-07-18 11:11:27 - [MESSAGE][PASSED] - Navigate to 'https://lesechosdutouquet.nordlittoral.fr/147787/article/2022-06-30/concours-photo-montrez-nous-la-plus-belle-photo-de-votre-chien-en-promenade-sur#l5lb6r47qsmp9ur58y' successfully

2022-07-18 11:11:27 - [TEST_STEP][PASSED] - setViewPortSize(1920, 1080): Viewport is set to new size with width = 1920 and height = 1080

2022-07-18 11:11:27 - [MESSAGE][PASSED] - Viewport is set to new size with width = 1920 and height = 1080

2022-07-18 11:11:27 - [TEST_STEP][PASSED] - click(findTestObject("Object Repository/Page_Concours photo  votez pour la plus bel_494087/button_Accepter  Fermer")): Object: 'Object Repository/Page_Concours photo  votez pour la plus bel_494087/button_Accepter  Fermer' is clicked on

2022-07-18 11:11:28 - [MESSAGE][PASSED] - Object: 'Object Repository/Page_Concours photo  votez pour la plus bel_494087/button_Accepter  Fermer' is clicked on

2022-07-18 11:11:28 - [TEST_STEP][PASSED] - delay(12): Delayed 12 second(s)

2022-07-18 11:11:40 - [MESSAGE][PASSED] - Delayed 12 second(s)

2022-07-18 11:11:40 - [TEST_STEP][PASSED] - click(findTestObject("Object Repository/Page_Concours photo  votez pour la plus bel_494087/a_X")): Object: 'Object Repository/Page_Concours photo  votez pour la plus bel_494087/a_X' is clicked on

2022-07-18 11:11:41 - [MESSAGE][PASSED] - Object: 'Object Repository/Page_Concours photo  votez pour la plus bel_494087/a_X' is clicked on

2022-07-18 11:11:41 - [TEST_STEP][PASSED] - delay(1): Delayed 1 second(s)

2022-07-18 11:11:42 - [MESSAGE][PASSED] - Delayed 1 second(s)

2022-07-18 11:11:42 - [TEST_STEP][PASSED] - click(findTestObject("Object Repository/Page_Concours photo  votez pour la plus bel_494087/input_concat(Votez pour le plus beau chien de la cte d, , Opale )_jouer")): Object: 'Object Repository/Page_Concours photo  votez pour la plus bel_494087/input_concat(Votez pour le plus beau chien de la cte d, , Opale )_jouer' is clicked on

2022-07-18 11:11:43 - [MESSAGE][PASSED] - Object: 'Object Repository/Page_Concours photo  votez pour la plus bel_494087/input_concat(Votez pour le plus beau chien de la cte d, , Opale )_jouer' is clicked on

2022-07-18 11:11:43 - [TEST_STEP][PASSED] - if (verifyElementPresent(findTestObject("Page_Concours photo  votez pour la plus bel_494087/input_concat(Votez pour le plus beau chien de la cte d, , Opale )_jouer"), 1, OPTIONAL)): null

2022-07-18 11:11:44 - [MESSAGE][PASSED] - Object 'Object Repository/Page_Concours photo  votez pour la plus bel_494087/input_concat(Votez pour le plus beau chien de la cte d, , Opale )_jouer' is present

2022-07-18 11:11:44 - [TEST_STEP][PASSED] - click(findTestObject("Object Repository/Page_Concours photo  votez pour la plus bel_494087/input_concat(Votez pour le plus beau chien de la cte d, , Opale )_jouer")): Object: 'Object Repository/Page_Concours photo  votez pour la plus bel_494087/input_concat(Votez pour le plus beau chien de la cte d, , Opale )_jouer' is clicked on

2022-07-18 11:11:45 - [MESSAGE][PASSED] - Object: 'Object Repository/Page_Concours photo  votez pour la plus bel_494087/input_concat(Votez pour le plus beau chien de la cte d, , Opale )_jouer' is clicked on

2022-07-18 11:11:45 - [TEST_STEP][PASSED] - delay(1): Delayed 1 second(s)

2022-07-18 11:11:46 - [MESSAGE][PASSED] - Delayed 1 second(s)

2022-07-18 11:11:46 - [TEST_STEP][PASSED] - setText(findTestObject("Object Repository/Page_Concours photo  votez pour la plus bel_494087/input_trie par_keyword"), "Gaspard"): Text 'Gaspard' is set on object 'Object Repository/Page_Concours photo  votez pour la plus bel_494087/input_trie par_keyword'

2022-07-18 11:11:48 - [MESSAGE][PASSED] - Text 'Gaspard' is set on object 'Object Repository/Page_Concours photo  votez pour la plus bel_494087/input_trie par_keyword'

2022-07-18 11:11:48 - [TEST_STEP][PASSED] - sendKeys(findTestObject("Page_Concours photo  votez pour la plus bel_494087/input_trie par_keyword"), Keys.chord(ENTER)): Keys 'ENTER + ' sent to object: 'Object Repository/Page_Concours photo  votez pour la plus bel_494087/input_trie par_keyword'

2022-07-18 11:11:50 - [MESSAGE][PASSED] - Keys 'ENTER + ' sent to object: 'Object Repository/Page_Concours photo  votez pour la plus bel_494087/input_trie par_keyword'

2022-07-18 11:11:50 - [TEST_STEP][PASSED] - click(findTestObject("Page_Concours photo  votez pour la plus bel_494087/tri")): Object: 'Object Repository/Page_Concours photo  votez pour la plus bel_494087/tri' is clicked on

2022-07-18 11:11:51 - [MESSAGE][PASSED] - Object: 'Object Repository/Page_Concours photo  votez pour la plus bel_494087/tri' is clicked on

2022-07-18 11:11:51 - [TEST_STEP][PASSED] - click(findTestObject("Page_Concours photo  votez pour la plus bel_494087/plus de votes")): Object: 'Object Repository/Page_Concours photo  votez pour la plus bel_494087/plus de votes' is clicked on

2022-07-18 11:11:51 - [MESSAGE][PASSED] - Object: 'Object Repository/Page_Concours photo  votez pour la plus bel_494087/plus de votes' is clicked on

2022-07-18 11:11:52 - [TEST_STEP][PASSED] - click(findTestObject("Object Repository/Page_Concours photo  votez pour la plus bel_494087/i_Votes_fa fa-heart")): Object: 'Object Repository/Page_Concours photo  votez pour la plus bel_494087/i_Votes_fa fa-heart' is clicked on

2022-07-18 11:11:52 - [MESSAGE][PASSED] - Object: 'Object Repository/Page_Concours photo  votez pour la plus bel_494087/i_Votes_fa fa-heart' is clicked on

2022-07-18 11:11:52 - [TEST_STEP][PASSED] - delay(1): Delayed 1 second(s)

2022-07-18 11:11:53 - [MESSAGE][PASSED] - Delayed 1 second(s)

2022-07-18 11:11:53 - [TEST_STEP][PASSED] - closeBrowser(): Browser is closed

2022-07-18 11:11:54 - [MESSAGE][PASSED] - Browser is closed]]></system-out>
         <system-err><![CDATA[]]></system-err>
      </testcase>
      <testcase name="Test Cases/Vote" time="31.68" classname="Test Cases/Vote" status="PASSED">
         <system-out><![CDATA[2022-07-18 11:11:54 - [TEST_CASE][PASSED] - Test Cases/Vote: Test Cases/Vote

2022-07-18 11:11:54 - [TEST_STEP][PASSED] - openBrowser(""): Browser is opened with url: ''

2022-07-18 11:11:54 - [MESSAGE][INFO] - Starting 'Chrome' driver

2022-07-18 11:11:54 - [MESSAGE][INFO] - Action delay is set to 0 milliseconds

2022-07-18 11:11:55 - [MESSAGE][PASSED] - Browser is opened with url: ''

2022-07-18 11:11:55 - [TEST_STEP][PASSED] - navigateToUrl("https://lesechosdutouquet.nordlittoral.fr/147787/article/2022-06-30/concours-photo-montrez-nous-la-plus-belle-photo-de-votre-chien-en-promenade-sur#l5lb6r47qsmp9ur58y"): Navigate to 'https://lesechosdutouquet.nordlittoral.fr/147787/article/2022-06-30/concours-photo-montrez-nous-la-plus-belle-photo-de-votre-chien-en-promenade-sur#l5lb6r47qsmp9ur58y' successfully

2022-07-18 11:11:59 - [MESSAGE][PASSED] - Navigate to 'https://lesechosdutouquet.nordlittoral.fr/147787/article/2022-06-30/concours-photo-montrez-nous-la-plus-belle-photo-de-votre-chien-en-promenade-sur#l5lb6r47qsmp9ur58y' successfully

2022-07-18 11:11:59 - [TEST_STEP][PASSED] - setViewPortSize(1920, 1080): Viewport is set to new size with width = 1920 and height = 1080

2022-07-18 11:11:59 - [MESSAGE][PASSED] - Viewport is set to new size with width = 1920 and height = 1080

2022-07-18 11:11:59 - [TEST_STEP][PASSED] - click(findTestObject("Object Repository/Page_Concours photo  votez pour la plus bel_494087/button_Accepter  Fermer")): Object: 'Object Repository/Page_Concours photo  votez pour la plus bel_494087/button_Accepter  Fermer' is clicked on

2022-07-18 11:12:00 - [MESSAGE][PASSED] - Object: 'Object Repository/Page_Concours photo  votez pour la plus bel_494087/button_Accepter  Fermer' is clicked on

2022-07-18 11:12:00 - [TEST_STEP][PASSED] - delay(12): Delayed 12 second(s)

2022-07-18 11:12:12 - [MESSAGE][PASSED] - Delayed 12 second(s)

2022-07-18 11:12:12 - [TEST_STEP][PASSED] - click(findTestObject("Object Repository/Page_Concours photo  votez pour la plus bel_494087/a_X")): Object: 'Object Repository/Page_Concours photo  votez pour la plus bel_494087/a_X' is clicked on

2022-07-18 11:12:12 - [MESSAGE][PASSED] - Object: 'Object Repository/Page_Concours photo  votez pour la plus bel_494087/a_X' is clicked on

2022-07-18 11:12:12 - [TEST_STEP][PASSED] - delay(1): Delayed 1 second(s)

2022-07-18 11:12:13 - [MESSAGE][PASSED] - Delayed 1 second(s)

2022-07-18 11:12:13 - [TEST_STEP][PASSED] - click(findTestObject("Object Repository/Page_Concours photo  votez pour la plus bel_494087/input_concat(Votez pour le plus beau chien de la cte d, , Opale )_jouer")): Object: 'Object Repository/Page_Concours photo  votez pour la plus bel_494087/input_concat(Votez pour le plus beau chien de la cte d, , Opale )_jouer' is clicked on

2022-07-18 11:12:14 - [MESSAGE][PASSED] - Object: 'Object Repository/Page_Concours photo  votez pour la plus bel_494087/input_concat(Votez pour le plus beau chien de la cte d, , Opale )_jouer' is clicked on

2022-07-18 11:12:14 - [TEST_STEP][PASSED] - if (verifyElementPresent(findTestObject("Page_Concours photo  votez pour la plus bel_494087/input_concat(Votez pour le plus beau chien de la cte d, , Opale )_jouer"), 1, OPTIONAL)): null

2022-07-18 11:12:15 - [MESSAGE][PASSED] - Object 'Object Repository/Page_Concours photo  votez pour la plus bel_494087/input_concat(Votez pour le plus beau chien de la cte d, , Opale )_jouer' is present

2022-07-18 11:12:15 - [TEST_STEP][PASSED] - click(findTestObject("Object Repository/Page_Concours photo  votez pour la plus bel_494087/input_concat(Votez pour le plus beau chien de la cte d, , Opale )_jouer")): Object: 'Object Repository/Page_Concours photo  votez pour la plus bel_494087/input_concat(Votez pour le plus beau chien de la cte d, , Opale )_jouer' is clicked on

2022-07-18 11:12:16 - [MESSAGE][PASSED] - Object: 'Object Repository/Page_Concours photo  votez pour la plus bel_494087/input_concat(Votez pour le plus beau chien de la cte d, , Opale )_jouer' is clicked on

2022-07-18 11:12:16 - [TEST_STEP][PASSED] - delay(1): Delayed 1 second(s)

2022-07-18 11:12:17 - [MESSAGE][PASSED] - Delayed 1 second(s)

2022-07-18 11:12:17 - [TEST_STEP][PASSED] - setText(findTestObject("Object Repository/Page_Concours photo  votez pour la plus bel_494087/input_trie par_keyword"), "Gaspard"): Text 'Gaspard' is set on object 'Object Repository/Page_Concours photo  votez pour la plus bel_494087/input_trie par_keyword'

2022-07-18 11:12:20 - [MESSAGE][PASSED] - Text 'Gaspard' is set on object 'Object Repository/Page_Concours photo  votez pour la plus bel_494087/input_trie par_keyword'

2022-07-18 11:12:20 - [TEST_STEP][PASSED] - sendKeys(findTestObject("Page_Concours photo  votez pour la plus bel_494087/input_trie par_keyword"), Keys.chord(ENTER)): Keys 'ENTER + ' sent to object: 'Object Repository/Page_Concours photo  votez pour la plus bel_494087/input_trie par_keyword'

2022-07-18 11:12:21 - [MESSAGE][PASSED] - Keys 'ENTER + ' sent to object: 'Object Repository/Page_Concours photo  votez pour la plus bel_494087/input_trie par_keyword'

2022-07-18 11:12:21 - [TEST_STEP][PASSED] - click(findTestObject("Page_Concours photo  votez pour la plus bel_494087/tri")): Object: 'Object Repository/Page_Concours photo  votez pour la plus bel_494087/tri' is clicked on

2022-07-18 11:12:22 - [MESSAGE][PASSED] - Object: 'Object Repository/Page_Concours photo  votez pour la plus bel_494087/tri' is clicked on

2022-07-18 11:12:22 - [TEST_STEP][PASSED] - click(findTestObject("Page_Concours photo  votez pour la plus bel_494087/plus de votes")): Object: 'Object Repository/Page_Concours photo  votez pour la plus bel_494087/plus de votes' is clicked on

2022-07-18 11:12:23 - [MESSAGE][PASSED] - Object: 'Object Repository/Page_Concours photo  votez pour la plus bel_494087/plus de votes' is clicked on

2022-07-18 11:12:23 - [TEST_STEP][PASSED] - click(findTestObject("Object Repository/Page_Concours photo  votez pour la plus bel_494087/i_Votes_fa fa-heart")): Object: 'Object Repository/Page_Concours photo  votez pour la plus bel_494087/i_Votes_fa fa-heart' is clicked on

2022-07-18 11:12:24 - [MESSAGE][PASSED] - Object: 'Object Repository/Page_Concours photo  votez pour la plus bel_494087/i_Votes_fa fa-heart' is clicked on

2022-07-18 11:12:24 - [TEST_STEP][PASSED] - delay(1): Delayed 1 second(s)

2022-07-18 11:12:25 - [MESSAGE][PASSED] - Delayed 1 second(s)

2022-07-18 11:12:25 - [TEST_STEP][PASSED] - closeBrowser(): Browser is closed

2022-07-18 11:12:26 - [MESSAGE][PASSED] - Browser is closed]]></system-out>
         <system-err><![CDATA[]]></system-err>
      </testcase>
      <testcase name="Test Cases/Vote" time="31.345" classname="Test Cases/Vote" status="PASSED">
         <system-out><![CDATA[2022-07-18 11:12:26 - [TEST_CASE][PASSED] - Test Cases/Vote: Test Cases/Vote

2022-07-18 11:12:26 - [TEST_STEP][PASSED] - openBrowser(""): Browser is opened with url: ''

2022-07-18 11:12:26 - [MESSAGE][INFO] - Starting 'Chrome' driver

2022-07-18 11:12:26 - [MESSAGE][INFO] - Action delay is set to 0 milliseconds

2022-07-18 11:12:27 - [MESSAGE][PASSED] - Browser is opened with url: ''

2022-07-18 11:12:27 - [TEST_STEP][PASSED] - navigateToUrl("https://lesechosdutouquet.nordlittoral.fr/147787/article/2022-06-30/concours-photo-montrez-nous-la-plus-belle-photo-de-votre-chien-en-promenade-sur#l5lb6r47qsmp9ur58y"): Navigate to 'https://lesechosdutouquet.nordlittoral.fr/147787/article/2022-06-30/concours-photo-montrez-nous-la-plus-belle-photo-de-votre-chien-en-promenade-sur#l5lb6r47qsmp9ur58y' successfully

2022-07-18 11:12:30 - [MESSAGE][PASSED] - Navigate to 'https://lesechosdutouquet.nordlittoral.fr/147787/article/2022-06-30/concours-photo-montrez-nous-la-plus-belle-photo-de-votre-chien-en-promenade-sur#l5lb6r47qsmp9ur58y' successfully

2022-07-18 11:12:30 - [TEST_STEP][PASSED] - setViewPortSize(1920, 1080): Viewport is set to new size with width = 1920 and height = 1080

2022-07-18 11:12:31 - [MESSAGE][PASSED] - Viewport is set to new size with width = 1920 and height = 1080

2022-07-18 11:12:31 - [TEST_STEP][PASSED] - click(findTestObject("Object Repository/Page_Concours photo  votez pour la plus bel_494087/button_Accepter  Fermer")): Object: 'Object Repository/Page_Concours photo  votez pour la plus bel_494087/button_Accepter  Fermer' is clicked on

2022-07-18 11:12:32 - [MESSAGE][PASSED] - Object: 'Object Repository/Page_Concours photo  votez pour la plus bel_494087/button_Accepter  Fermer' is clicked on

2022-07-18 11:12:32 - [TEST_STEP][PASSED] - delay(12): Delayed 12 second(s)

2022-07-18 11:12:44 - [MESSAGE][PASSED] - Delayed 12 second(s)

2022-07-18 11:12:44 - [TEST_STEP][PASSED] - click(findTestObject("Object Repository/Page_Concours photo  votez pour la plus bel_494087/a_X")): Object: 'Object Repository/Page_Concours photo  votez pour la plus bel_494087/a_X' is clicked on

2022-07-18 11:12:44 - [MESSAGE][PASSED] - Object: 'Object Repository/Page_Concours photo  votez pour la plus bel_494087/a_X' is clicked on

2022-07-18 11:12:44 - [TEST_STEP][PASSED] - delay(1): Delayed 1 second(s)

2022-07-18 11:12:45 - [MESSAGE][PASSED] - Delayed 1 second(s)

2022-07-18 11:12:45 - [TEST_STEP][PASSED] - click(findTestObject("Object Repository/Page_Concours photo  votez pour la plus bel_494087/input_concat(Votez pour le plus beau chien de la cte d, , Opale )_jouer")): Object: 'Object Repository/Page_Concours photo  votez pour la plus bel_494087/input_concat(Votez pour le plus beau chien de la cte d, , Opale )_jouer' is clicked on

2022-07-18 11:12:46 - [MESSAGE][PASSED] - Object: 'Object Repository/Page_Concours photo  votez pour la plus bel_494087/input_concat(Votez pour le plus beau chien de la cte d, , Opale )_jouer' is clicked on

2022-07-18 11:12:46 - [TEST_STEP][PASSED] - if (verifyElementPresent(findTestObject("Page_Concours photo  votez pour la plus bel_494087/input_concat(Votez pour le plus beau chien de la cte d, , Opale )_jouer"), 1, OPTIONAL)): null

2022-07-18 11:12:47 - [MESSAGE][PASSED] - Object 'Object Repository/Page_Concours photo  votez pour la plus bel_494087/input_concat(Votez pour le plus beau chien de la cte d, , Opale )_jouer' is present

2022-07-18 11:12:47 - [TEST_STEP][PASSED] - click(findTestObject("Object Repository/Page_Concours photo  votez pour la plus bel_494087/input_concat(Votez pour le plus beau chien de la cte d, , Opale )_jouer")): Object: 'Object Repository/Page_Concours photo  votez pour la plus bel_494087/input_concat(Votez pour le plus beau chien de la cte d, , Opale )_jouer' is clicked on

2022-07-18 11:12:48 - [MESSAGE][PASSED] - Object: 'Object Repository/Page_Concours photo  votez pour la plus bel_494087/input_concat(Votez pour le plus beau chien de la cte d, , Opale )_jouer' is clicked on

2022-07-18 11:12:48 - [TEST_STEP][PASSED] - delay(1): Delayed 1 second(s)

2022-07-18 11:12:49 - [MESSAGE][PASSED] - Delayed 1 second(s)

2022-07-18 11:12:49 - [TEST_STEP][PASSED] - setText(findTestObject("Object Repository/Page_Concours photo  votez pour la plus bel_494087/input_trie par_keyword"), "Gaspard"): Text 'Gaspard' is set on object 'Object Repository/Page_Concours photo  votez pour la plus bel_494087/input_trie par_keyword'

2022-07-18 11:12:51 - [MESSAGE][PASSED] - Text 'Gaspard' is set on object 'Object Repository/Page_Concours photo  votez pour la plus bel_494087/input_trie par_keyword'

2022-07-18 11:12:51 - [TEST_STEP][PASSED] - sendKeys(findTestObject("Page_Concours photo  votez pour la plus bel_494087/input_trie par_keyword"), Keys.chord(ENTER)): Keys 'ENTER + ' sent to object: 'Object Repository/Page_Concours photo  votez pour la plus bel_494087/input_trie par_keyword'

2022-07-18 11:12:52 - [MESSAGE][PASSED] - Keys 'ENTER + ' sent to object: 'Object Repository/Page_Concours photo  votez pour la plus bel_494087/input_trie par_keyword'

2022-07-18 11:12:52 - [TEST_STEP][PASSED] - click(findTestObject("Page_Concours photo  votez pour la plus bel_494087/tri")): Object: 'Object Repository/Page_Concours photo  votez pour la plus bel_494087/tri' is clicked on

2022-07-18 11:12:53 - [MESSAGE][PASSED] - Object: 'Object Repository/Page_Concours photo  votez pour la plus bel_494087/tri' is clicked on

2022-07-18 11:12:53 - [TEST_STEP][PASSED] - click(findTestObject("Page_Concours photo  votez pour la plus bel_494087/plus de votes")): Object: 'Object Repository/Page_Concours photo  votez pour la plus bel_494087/plus de votes' is clicked on

2022-07-18 11:12:54 - [MESSAGE][PASSED] - Object: 'Object Repository/Page_Concours photo  votez pour la plus bel_494087/plus de votes' is clicked on

2022-07-18 11:12:55 - [TEST_STEP][PASSED] - click(findTestObject("Object Repository/Page_Concours photo  votez pour la plus bel_494087/i_Votes_fa fa-heart")): Object: 'Object Repository/Page_Concours photo  votez pour la plus bel_494087/i_Votes_fa fa-heart' is clicked on

2022-07-18 11:12:55 - [MESSAGE][PASSED] - Object: 'Object Repository/Page_Concours photo  votez pour la plus bel_494087/i_Votes_fa fa-heart' is clicked on

2022-07-18 11:12:56 - [TEST_STEP][PASSED] - delay(1): Delayed 1 second(s)

2022-07-18 11:12:57 - [MESSAGE][PASSED] - Delayed 1 second(s)

2022-07-18 11:12:57 - [TEST_STEP][PASSED] - closeBrowser(): Browser is closed

2022-07-18 11:12:57 - [MESSAGE][PASSED] - Browser is closed]]></system-out>
         <system-err><![CDATA[]]></system-err>
      </testcase>
      <testcase name="Test Cases/Vote" time="30.578" classname="Test Cases/Vote" status="PASSED">
         <system-out><![CDATA[2022-07-18 11:12:57 - [TEST_CASE][PASSED] - Test Cases/Vote: Test Cases/Vote

2022-07-18 11:12:57 - [TEST_STEP][PASSED] - openBrowser(""): Browser is opened with url: ''

2022-07-18 11:12:57 - [MESSAGE][INFO] - Starting 'Chrome' driver

2022-07-18 11:12:57 - [MESSAGE][INFO] - Action delay is set to 0 milliseconds

2022-07-18 11:12:58 - [MESSAGE][PASSED] - Browser is opened with url: ''

2022-07-18 11:12:59 - [TEST_STEP][PASSED] - navigateToUrl("https://lesechosdutouquet.nordlittoral.fr/147787/article/2022-06-30/concours-photo-montrez-nous-la-plus-belle-photo-de-votre-chien-en-promenade-sur#l5lb6r47qsmp9ur58y"): Navigate to 'https://lesechosdutouquet.nordlittoral.fr/147787/article/2022-06-30/concours-photo-montrez-nous-la-plus-belle-photo-de-votre-chien-en-promenade-sur#l5lb6r47qsmp9ur58y' successfully

2022-07-18 11:13:02 - [MESSAGE][PASSED] - Navigate to 'https://lesechosdutouquet.nordlittoral.fr/147787/article/2022-06-30/concours-photo-montrez-nous-la-plus-belle-photo-de-votre-chien-en-promenade-sur#l5lb6r47qsmp9ur58y' successfully

2022-07-18 11:13:02 - [TEST_STEP][PASSED] - setViewPortSize(1920, 1080): Viewport is set to new size with width = 1920 and height = 1080

2022-07-18 11:13:02 - [MESSAGE][PASSED] - Viewport is set to new size with width = 1920 and height = 1080

2022-07-18 11:13:02 - [TEST_STEP][PASSED] - click(findTestObject("Object Repository/Page_Concours photo  votez pour la plus bel_494087/button_Accepter  Fermer")): Object: 'Object Repository/Page_Concours photo  votez pour la plus bel_494087/button_Accepter  Fermer' is clicked on

2022-07-18 11:13:03 - [MESSAGE][PASSED] - Object: 'Object Repository/Page_Concours photo  votez pour la plus bel_494087/button_Accepter  Fermer' is clicked on

2022-07-18 11:13:03 - [TEST_STEP][PASSED] - delay(12): Delayed 12 second(s)

2022-07-18 11:13:15 - [MESSAGE][PASSED] - Delayed 12 second(s)

2022-07-18 11:13:15 - [TEST_STEP][PASSED] - click(findTestObject("Object Repository/Page_Concours photo  votez pour la plus bel_494087/a_X")): Object: 'Object Repository/Page_Concours photo  votez pour la plus bel_494087/a_X' is clicked on

2022-07-18 11:13:16 - [MESSAGE][PASSED] - Object: 'Object Repository/Page_Concours photo  votez pour la plus bel_494087/a_X' is clicked on

2022-07-18 11:13:16 - [TEST_STEP][PASSED] - delay(1): Delayed 1 second(s)

2022-07-18 11:13:17 - [MESSAGE][PASSED] - Delayed 1 second(s)

2022-07-18 11:13:17 - [TEST_STEP][PASSED] - click(findTestObject("Object Repository/Page_Concours photo  votez pour la plus bel_494087/input_concat(Votez pour le plus beau chien de la cte d, , Opale )_jouer")): Object: 'Object Repository/Page_Concours photo  votez pour la plus bel_494087/input_concat(Votez pour le plus beau chien de la cte d, , Opale )_jouer' is clicked on

2022-07-18 11:13:17 - [MESSAGE][PASSED] - Object: 'Object Repository/Page_Concours photo  votez pour la plus bel_494087/input_concat(Votez pour le plus beau chien de la cte d, , Opale )_jouer' is clicked on

2022-07-18 11:13:17 - [TEST_STEP][PASSED] - if (verifyElementPresent(findTestObject("Page_Concours photo  votez pour la plus bel_494087/input_concat(Votez pour le plus beau chien de la cte d, , Opale )_jouer"), 1, OPTIONAL)): null

2022-07-18 11:13:19 - [MESSAGE][PASSED] - Object 'Object Repository/Page_Concours photo  votez pour la plus bel_494087/input_concat(Votez pour le plus beau chien de la cte d, , Opale )_jouer' is present

2022-07-18 11:13:19 - [TEST_STEP][PASSED] - click(findTestObject("Object Repository/Page_Concours photo  votez pour la plus bel_494087/input_concat(Votez pour le plus beau chien de la cte d, , Opale )_jouer")): Object: 'Object Repository/Page_Concours photo  votez pour la plus bel_494087/input_concat(Votez pour le plus beau chien de la cte d, , Opale )_jouer' is clicked on

2022-07-18 11:13:19 - [MESSAGE][PASSED] - Object: 'Object Repository/Page_Concours photo  votez pour la plus bel_494087/input_concat(Votez pour le plus beau chien de la cte d, , Opale )_jouer' is clicked on

2022-07-18 11:13:19 - [TEST_STEP][PASSED] - delay(1): Delayed 1 second(s)

2022-07-18 11:13:20 - [MESSAGE][PASSED] - Delayed 1 second(s)

2022-07-18 11:13:20 - [TEST_STEP][PASSED] - setText(findTestObject("Object Repository/Page_Concours photo  votez pour la plus bel_494087/input_trie par_keyword"), "Gaspard"): Text 'Gaspard' is set on object 'Object Repository/Page_Concours photo  votez pour la plus bel_494087/input_trie par_keyword'

2022-07-18 11:13:22 - [MESSAGE][PASSED] - Text 'Gaspard' is set on object 'Object Repository/Page_Concours photo  votez pour la plus bel_494087/input_trie par_keyword'

2022-07-18 11:13:22 - [TEST_STEP][PASSED] - sendKeys(findTestObject("Page_Concours photo  votez pour la plus bel_494087/input_trie par_keyword"), Keys.chord(ENTER)): Keys 'ENTER + ' sent to object: 'Object Repository/Page_Concours photo  votez pour la plus bel_494087/input_trie par_keyword'

2022-07-18 11:13:23 - [MESSAGE][PASSED] - Keys 'ENTER + ' sent to object: 'Object Repository/Page_Concours photo  votez pour la plus bel_494087/input_trie par_keyword'

2022-07-18 11:13:23 - [TEST_STEP][PASSED] - click(findTestObject("Page_Concours photo  votez pour la plus bel_494087/tri")): Object: 'Object Repository/Page_Concours photo  votez pour la plus bel_494087/tri' is clicked on

2022-07-18 11:13:24 - [MESSAGE][PASSED] - Object: 'Object Repository/Page_Concours photo  votez pour la plus bel_494087/tri' is clicked on

2022-07-18 11:13:24 - [TEST_STEP][PASSED] - click(findTestObject("Page_Concours photo  votez pour la plus bel_494087/plus de votes")): Object: 'Object Repository/Page_Concours photo  votez pour la plus bel_494087/plus de votes' is clicked on

2022-07-18 11:13:25 - [MESSAGE][PASSED] - Object: 'Object Repository/Page_Concours photo  votez pour la plus bel_494087/plus de votes' is clicked on

2022-07-18 11:13:25 - [TEST_STEP][PASSED] - click(findTestObject("Object Repository/Page_Concours photo  votez pour la plus bel_494087/i_Votes_fa fa-heart")): Object: 'Object Repository/Page_Concours photo  votez pour la plus bel_494087/i_Votes_fa fa-heart' is clicked on

2022-07-18 11:13:26 - [MESSAGE][PASSED] - Object: 'Object Repository/Page_Concours photo  votez pour la plus bel_494087/i_Votes_fa fa-heart' is clicked on

2022-07-18 11:13:26 - [TEST_STEP][PASSED] - delay(1): Delayed 1 second(s)

2022-07-18 11:13:27 - [MESSAGE][PASSED] - Delayed 1 second(s)

2022-07-18 11:13:27 - [TEST_STEP][PASSED] - closeBrowser(): Browser is closed

2022-07-18 11:13:27 - [MESSAGE][PASSED] - Browser is closed]]></system-out>
         <system-err><![CDATA[]]></system-err>
      </testcase>
      <testcase name="Test Cases/Vote" time="32.205" classname="Test Cases/Vote" status="PASSED">
         <system-out><![CDATA[2022-07-18 11:13:27 - [TEST_CASE][PASSED] - Test Cases/Vote: Test Cases/Vote

2022-07-18 11:13:27 - [TEST_STEP][PASSED] - openBrowser(""): Browser is opened with url: ''

2022-07-18 11:13:27 - [MESSAGE][INFO] - Starting 'Chrome' driver

2022-07-18 11:13:27 - [MESSAGE][INFO] - Action delay is set to 0 milliseconds

2022-07-18 11:13:29 - [MESSAGE][PASSED] - Browser is opened with url: ''

2022-07-18 11:13:29 - [TEST_STEP][PASSED] - navigateToUrl("https://lesechosdutouquet.nordlittoral.fr/147787/article/2022-06-30/concours-photo-montrez-nous-la-plus-belle-photo-de-votre-chien-en-promenade-sur#l5lb6r47qsmp9ur58y"): Navigate to 'https://lesechosdutouquet.nordlittoral.fr/147787/article/2022-06-30/concours-photo-montrez-nous-la-plus-belle-photo-de-votre-chien-en-promenade-sur#l5lb6r47qsmp9ur58y' successfully

2022-07-18 11:13:32 - [MESSAGE][PASSED] - Navigate to 'https://lesechosdutouquet.nordlittoral.fr/147787/article/2022-06-30/concours-photo-montrez-nous-la-plus-belle-photo-de-votre-chien-en-promenade-sur#l5lb6r47qsmp9ur58y' successfully

2022-07-18 11:13:32 - [TEST_STEP][PASSED] - setViewPortSize(1920, 1080): Viewport is set to new size with width = 1920 and height = 1080

2022-07-18 11:13:32 - [MESSAGE][PASSED] - Viewport is set to new size with width = 1920 and height = 1080

2022-07-18 11:13:32 - [TEST_STEP][PASSED] - click(findTestObject("Object Repository/Page_Concours photo  votez pour la plus bel_494087/button_Accepter  Fermer")): Object: 'Object Repository/Page_Concours photo  votez pour la plus bel_494087/button_Accepter  Fermer' is clicked on

2022-07-18 11:13:33 - [MESSAGE][PASSED] - Object: 'Object Repository/Page_Concours photo  votez pour la plus bel_494087/button_Accepter  Fermer' is clicked on

2022-07-18 11:13:33 - [TEST_STEP][PASSED] - delay(12): Delayed 12 second(s)

2022-07-18 11:13:45 - [MESSAGE][PASSED] - Delayed 12 second(s)

2022-07-18 11:13:45 - [TEST_STEP][PASSED] - click(findTestObject("Object Repository/Page_Concours photo  votez pour la plus bel_494087/a_X")): Object: 'Object Repository/Page_Concours photo  votez pour la plus bel_494087/a_X' is clicked on

2022-07-18 11:13:46 - [MESSAGE][PASSED] - Object: 'Object Repository/Page_Concours photo  votez pour la plus bel_494087/a_X' is clicked on

2022-07-18 11:13:46 - [TEST_STEP][PASSED] - delay(1): Delayed 1 second(s)

2022-07-18 11:13:47 - [MESSAGE][PASSED] - Delayed 1 second(s)

2022-07-18 11:13:47 - [TEST_STEP][PASSED] - click(findTestObject("Object Repository/Page_Concours photo  votez pour la plus bel_494087/input_concat(Votez pour le plus beau chien de la cte d, , Opale )_jouer")): Object: 'Object Repository/Page_Concours photo  votez pour la plus bel_494087/input_concat(Votez pour le plus beau chien de la cte d, , Opale )_jouer' is clicked on

2022-07-18 11:13:47 - [MESSAGE][PASSED] - Object: 'Object Repository/Page_Concours photo  votez pour la plus bel_494087/input_concat(Votez pour le plus beau chien de la cte d, , Opale )_jouer' is clicked on

2022-07-18 11:13:48 - [TEST_STEP][PASSED] - if (verifyElementPresent(findTestObject("Page_Concours photo  votez pour la plus bel_494087/input_concat(Votez pour le plus beau chien de la cte d, , Opale )_jouer"), 1, OPTIONAL)): null

2022-07-18 11:13:49 - [MESSAGE][PASSED] - Object 'Object Repository/Page_Concours photo  votez pour la plus bel_494087/input_concat(Votez pour le plus beau chien de la cte d, , Opale )_jouer' is present

2022-07-18 11:13:49 - [TEST_STEP][PASSED] - click(findTestObject("Object Repository/Page_Concours photo  votez pour la plus bel_494087/input_concat(Votez pour le plus beau chien de la cte d, , Opale )_jouer")): Object: 'Object Repository/Page_Concours photo  votez pour la plus bel_494087/input_concat(Votez pour le plus beau chien de la cte d, , Opale )_jouer' is clicked on

2022-07-18 11:13:49 - [MESSAGE][PASSED] - Object: 'Object Repository/Page_Concours photo  votez pour la plus bel_494087/input_concat(Votez pour le plus beau chien de la cte d, , Opale )_jouer' is clicked on

2022-07-18 11:13:49 - [TEST_STEP][PASSED] - delay(1): Delayed 1 second(s)

2022-07-18 11:13:50 - [MESSAGE][PASSED] - Delayed 1 second(s)

2022-07-18 11:13:51 - [TEST_STEP][PASSED] - setText(findTestObject("Object Repository/Page_Concours photo  votez pour la plus bel_494087/input_trie par_keyword"), "Gaspard"): Text 'Gaspard' is set on object 'Object Repository/Page_Concours photo  votez pour la plus bel_494087/input_trie par_keyword'

2022-07-18 11:13:53 - [MESSAGE][PASSED] - Text 'Gaspard' is set on object 'Object Repository/Page_Concours photo  votez pour la plus bel_494087/input_trie par_keyword'

2022-07-18 11:13:53 - [TEST_STEP][PASSED] - sendKeys(findTestObject("Page_Concours photo  votez pour la plus bel_494087/input_trie par_keyword"), Keys.chord(ENTER)): Keys 'ENTER + ' sent to object: 'Object Repository/Page_Concours photo  votez pour la plus bel_494087/input_trie par_keyword'

2022-07-18 11:13:55 - [MESSAGE][PASSED] - Keys 'ENTER + ' sent to object: 'Object Repository/Page_Concours photo  votez pour la plus bel_494087/input_trie par_keyword'

2022-07-18 11:13:56 - [TEST_STEP][PASSED] - click(findTestObject("Page_Concours photo  votez pour la plus bel_494087/tri")): Object: 'Object Repository/Page_Concours photo  votez pour la plus bel_494087/tri' is clicked on

2022-07-18 11:13:56 - [MESSAGE][PASSED] - Object: 'Object Repository/Page_Concours photo  votez pour la plus bel_494087/tri' is clicked on

2022-07-18 11:13:56 - [TEST_STEP][PASSED] - click(findTestObject("Page_Concours photo  votez pour la plus bel_494087/plus de votes")): Object: 'Object Repository/Page_Concours photo  votez pour la plus bel_494087/plus de votes' is clicked on

2022-07-18 11:13:57 - [MESSAGE][PASSED] - Object: 'Object Repository/Page_Concours photo  votez pour la plus bel_494087/plus de votes' is clicked on

2022-07-18 11:13:58 - [TEST_STEP][PASSED] - click(findTestObject("Object Repository/Page_Concours photo  votez pour la plus bel_494087/i_Votes_fa fa-heart")): Object: 'Object Repository/Page_Concours photo  votez pour la plus bel_494087/i_Votes_fa fa-heart' is clicked on

2022-07-18 11:13:58 - [MESSAGE][PASSED] - Object: 'Object Repository/Page_Concours photo  votez pour la plus bel_494087/i_Votes_fa fa-heart' is clicked on

2022-07-18 11:13:58 - [TEST_STEP][PASSED] - delay(1): Delayed 1 second(s)

2022-07-18 11:13:59 - [MESSAGE][PASSED] - Delayed 1 second(s)

2022-07-18 11:13:59 - [TEST_STEP][PASSED] - closeBrowser(): Browser is closed

2022-07-18 11:14:00 - [MESSAGE][PASSED] - Browser is closed]]></system-out>
         <system-err><![CDATA[]]></system-err>
      </testcase>
      <testcase name="Test Cases/Vote" time="41.436" classname="Test Cases/Vote" status="PASSED">
         <system-out><![CDATA[2022-07-18 11:14:00 - [TEST_CASE][PASSED] - Test Cases/Vote: Test Cases/Vote

2022-07-18 11:14:00 - [TEST_STEP][PASSED] - openBrowser(""): Browser is opened with url: ''

2022-07-18 11:14:00 - [MESSAGE][INFO] - Starting 'Chrome' driver

2022-07-18 11:14:00 - [MESSAGE][INFO] - Action delay is set to 0 milliseconds

2022-07-18 11:14:01 - [MESSAGE][PASSED] - Browser is opened with url: ''

2022-07-18 11:14:01 - [TEST_STEP][PASSED] - navigateToUrl("https://lesechosdutouquet.nordlittoral.fr/147787/article/2022-06-30/concours-photo-montrez-nous-la-plus-belle-photo-de-votre-chien-en-promenade-sur#l5lb6r47qsmp9ur58y"): Navigate to 'https://lesechosdutouquet.nordlittoral.fr/147787/article/2022-06-30/concours-photo-montrez-nous-la-plus-belle-photo-de-votre-chien-en-promenade-sur#l5lb6r47qsmp9ur58y' successfully

2022-07-18 11:14:17 - [MESSAGE][PASSED] - Navigate to 'https://lesechosdutouquet.nordlittoral.fr/147787/article/2022-06-30/concours-photo-montrez-nous-la-plus-belle-photo-de-votre-chien-en-promenade-sur#l5lb6r47qsmp9ur58y' successfully

2022-07-18 11:14:17 - [TEST_STEP][PASSED] - setViewPortSize(1920, 1080): Viewport is set to new size with width = 1920 and height = 1080

2022-07-18 11:14:17 - [MESSAGE][PASSED] - Viewport is set to new size with width = 1920 and height = 1080

2022-07-18 11:14:17 - [TEST_STEP][PASSED] - click(findTestObject("Object Repository/Page_Concours photo  votez pour la plus bel_494087/button_Accepter  Fermer")): Object: 'Object Repository/Page_Concours photo  votez pour la plus bel_494087/button_Accepter  Fermer' is clicked on

2022-07-18 11:14:18 - [MESSAGE][PASSED] - Object: 'Object Repository/Page_Concours photo  votez pour la plus bel_494087/button_Accepter  Fermer' is clicked on

2022-07-18 11:14:18 - [TEST_STEP][PASSED] - delay(12): Delayed 12 second(s)

2022-07-18 11:14:30 - [MESSAGE][PASSED] - Delayed 12 second(s)

2022-07-18 11:14:30 - [TEST_STEP][PASSED] - click(findTestObject("Object Repository/Page_Concours photo  votez pour la plus bel_494087/a_X")): Object: 'Object Repository/Page_Concours photo  votez pour la plus bel_494087/a_X' is clicked on

2022-07-18 11:14:30 - [MESSAGE][PASSED] - Object: 'Object Repository/Page_Concours photo  votez pour la plus bel_494087/a_X' is clicked on

2022-07-18 11:14:30 - [TEST_STEP][PASSED] - delay(1): Delayed 1 second(s)

2022-07-18 11:14:31 - [MESSAGE][PASSED] - Delayed 1 second(s)

2022-07-18 11:14:31 - [TEST_STEP][PASSED] - click(findTestObject("Object Repository/Page_Concours photo  votez pour la plus bel_494087/input_concat(Votez pour le plus beau chien de la cte d, , Opale )_jouer")): Object: 'Object Repository/Page_Concours photo  votez pour la plus bel_494087/input_concat(Votez pour le plus beau chien de la cte d, , Opale )_jouer' is clicked on

2022-07-18 11:14:32 - [MESSAGE][PASSED] - Object: 'Object Repository/Page_Concours photo  votez pour la plus bel_494087/input_concat(Votez pour le plus beau chien de la cte d, , Opale )_jouer' is clicked on

2022-07-18 11:14:32 - [TEST_STEP][PASSED] - if (verifyElementPresent(findTestObject("Page_Concours photo  votez pour la plus bel_494087/input_concat(Votez pour le plus beau chien de la cte d, , Opale )_jouer"), 1, OPTIONAL)): null

2022-07-18 11:14:34 - [MESSAGE][PASSED] - Object 'Object Repository/Page_Concours photo  votez pour la plus bel_494087/input_concat(Votez pour le plus beau chien de la cte d, , Opale )_jouer' is present

2022-07-18 11:14:34 - [TEST_STEP][PASSED] - click(findTestObject("Object Repository/Page_Concours photo  votez pour la plus bel_494087/input_concat(Votez pour le plus beau chien de la cte d, , Opale )_jouer")): Object: 'Object Repository/Page_Concours photo  votez pour la plus bel_494087/input_concat(Votez pour le plus beau chien de la cte d, , Opale )_jouer' is clicked on

2022-07-18 11:14:34 - [MESSAGE][PASSED] - Object: 'Object Repository/Page_Concours photo  votez pour la plus bel_494087/input_concat(Votez pour le plus beau chien de la cte d, , Opale )_jouer' is clicked on

2022-07-18 11:14:34 - [TEST_STEP][PASSED] - delay(1): Delayed 1 second(s)

2022-07-18 11:14:35 - [MESSAGE][PASSED] - Delayed 1 second(s)

2022-07-18 11:14:35 - [TEST_STEP][PASSED] - setText(findTestObject("Object Repository/Page_Concours photo  votez pour la plus bel_494087/input_trie par_keyword"), "Gaspard"): Text 'Gaspard' is set on object 'Object Repository/Page_Concours photo  votez pour la plus bel_494087/input_trie par_keyword'

2022-07-18 11:14:36 - [MESSAGE][PASSED] - Text 'Gaspard' is set on object 'Object Repository/Page_Concours photo  votez pour la plus bel_494087/input_trie par_keyword'

2022-07-18 11:14:36 - [TEST_STEP][PASSED] - sendKeys(findTestObject("Page_Concours photo  votez pour la plus bel_494087/input_trie par_keyword"), Keys.chord(ENTER)): Keys 'ENTER + ' sent to object: 'Object Repository/Page_Concours photo  votez pour la plus bel_494087/input_trie par_keyword'

2022-07-18 11:14:37 - [MESSAGE][PASSED] - Keys 'ENTER + ' sent to object: 'Object Repository/Page_Concours photo  votez pour la plus bel_494087/input_trie par_keyword'

2022-07-18 11:14:37 - [TEST_STEP][PASSED] - click(findTestObject("Page_Concours photo  votez pour la plus bel_494087/tri")): Object: 'Object Repository/Page_Concours photo  votez pour la plus bel_494087/tri' is clicked on

2022-07-18 11:14:38 - [MESSAGE][PASSED] - Object: 'Object Repository/Page_Concours photo  votez pour la plus bel_494087/tri' is clicked on

2022-07-18 11:14:38 - [TEST_STEP][PASSED] - click(findTestObject("Page_Concours photo  votez pour la plus bel_494087/plus de votes")): Object: 'Object Repository/Page_Concours photo  votez pour la plus bel_494087/plus de votes' is clicked on

2022-07-18 11:14:38 - [MESSAGE][PASSED] - Object: 'Object Repository/Page_Concours photo  votez pour la plus bel_494087/plus de votes' is clicked on

2022-07-18 11:14:39 - [TEST_STEP][PASSED] - click(findTestObject("Object Repository/Page_Concours photo  votez pour la plus bel_494087/i_Votes_fa fa-heart")): Object: 'Object Repository/Page_Concours photo  votez pour la plus bel_494087/i_Votes_fa fa-heart' is clicked on

2022-07-18 11:14:40 - [MESSAGE][PASSED] - Object: 'Object Repository/Page_Concours photo  votez pour la plus bel_494087/i_Votes_fa fa-heart' is clicked on

2022-07-18 11:14:40 - [TEST_STEP][PASSED] - delay(1): Delayed 1 second(s)

2022-07-18 11:14:41 - [MESSAGE][PASSED] - Delayed 1 second(s)

2022-07-18 11:14:41 - [TEST_STEP][PASSED] - closeBrowser(): Browser is closed

2022-07-18 11:14:41 - [MESSAGE][PASSED] - Browser is closed]]></system-out>
         <system-err><![CDATA[]]></system-err>
      </testcase>
      <testcase name="Test Cases/Vote" time="30.2" classname="Test Cases/Vote" status="PASSED">
         <system-out><![CDATA[2022-07-18 11:14:41 - [TEST_CASE][PASSED] - Test Cases/Vote: Test Cases/Vote

2022-07-18 11:14:41 - [TEST_STEP][PASSED] - openBrowser(""): Browser is opened with url: ''

2022-07-18 11:14:41 - [MESSAGE][INFO] - Starting 'Chrome' driver

2022-07-18 11:14:41 - [MESSAGE][INFO] - Action delay is set to 0 milliseconds

2022-07-18 11:14:42 - [MESSAGE][PASSED] - Browser is opened with url: ''

2022-07-18 11:14:43 - [TEST_STEP][PASSED] - navigateToUrl("https://lesechosdutouquet.nordlittoral.fr/147787/article/2022-06-30/concours-photo-montrez-nous-la-plus-belle-photo-de-votre-chien-en-promenade-sur#l5lb6r47qsmp9ur58y"): Navigate to 'https://lesechosdutouquet.nordlittoral.fr/147787/article/2022-06-30/concours-photo-montrez-nous-la-plus-belle-photo-de-votre-chien-en-promenade-sur#l5lb6r47qsmp9ur58y' successfully

2022-07-18 11:14:46 - [MESSAGE][PASSED] - Navigate to 'https://lesechosdutouquet.nordlittoral.fr/147787/article/2022-06-30/concours-photo-montrez-nous-la-plus-belle-photo-de-votre-chien-en-promenade-sur#l5lb6r47qsmp9ur58y' successfully

2022-07-18 11:14:46 - [TEST_STEP][PASSED] - setViewPortSize(1920, 1080): Viewport is set to new size with width = 1920 and height = 1080

2022-07-18 11:14:46 - [MESSAGE][PASSED] - Viewport is set to new size with width = 1920 and height = 1080

2022-07-18 11:14:46 - [TEST_STEP][PASSED] - click(findTestObject("Object Repository/Page_Concours photo  votez pour la plus bel_494087/button_Accepter  Fermer")): Object: 'Object Repository/Page_Concours photo  votez pour la plus bel_494087/button_Accepter  Fermer' is clicked on

2022-07-18 11:14:47 - [MESSAGE][PASSED] - Object: 'Object Repository/Page_Concours photo  votez pour la plus bel_494087/button_Accepter  Fermer' is clicked on

2022-07-18 11:14:47 - [TEST_STEP][PASSED] - delay(12): Delayed 12 second(s)

2022-07-18 11:14:59 - [MESSAGE][PASSED] - Delayed 12 second(s)

2022-07-18 11:14:59 - [TEST_STEP][PASSED] - click(findTestObject("Object Repository/Page_Concours photo  votez pour la plus bel_494087/a_X")): Object: 'Object Repository/Page_Concours photo  votez pour la plus bel_494087/a_X' is clicked on

2022-07-18 11:14:59 - [MESSAGE][PASSED] - Object: 'Object Repository/Page_Concours photo  votez pour la plus bel_494087/a_X' is clicked on

2022-07-18 11:14:59 - [TEST_STEP][PASSED] - delay(1): Delayed 1 second(s)

2022-07-18 11:15:00 - [MESSAGE][PASSED] - Delayed 1 second(s)

2022-07-18 11:15:00 - [TEST_STEP][PASSED] - click(findTestObject("Object Repository/Page_Concours photo  votez pour la plus bel_494087/input_concat(Votez pour le plus beau chien de la cte d, , Opale )_jouer")): Object: 'Object Repository/Page_Concours photo  votez pour la plus bel_494087/input_concat(Votez pour le plus beau chien de la cte d, , Opale )_jouer' is clicked on

2022-07-18 11:15:01 - [MESSAGE][PASSED] - Object: 'Object Repository/Page_Concours photo  votez pour la plus bel_494087/input_concat(Votez pour le plus beau chien de la cte d, , Opale )_jouer' is clicked on

2022-07-18 11:15:01 - [TEST_STEP][PASSED] - if (verifyElementPresent(findTestObject("Page_Concours photo  votez pour la plus bel_494087/input_concat(Votez pour le plus beau chien de la cte d, , Opale )_jouer"), 1, OPTIONAL)): null

2022-07-18 11:15:03 - [MESSAGE][PASSED] - Object 'Object Repository/Page_Concours photo  votez pour la plus bel_494087/input_concat(Votez pour le plus beau chien de la cte d, , Opale )_jouer' is present

2022-07-18 11:15:03 - [TEST_STEP][PASSED] - click(findTestObject("Object Repository/Page_Concours photo  votez pour la plus bel_494087/input_concat(Votez pour le plus beau chien de la cte d, , Opale )_jouer")): Object: 'Object Repository/Page_Concours photo  votez pour la plus bel_494087/input_concat(Votez pour le plus beau chien de la cte d, , Opale )_jouer' is clicked on

2022-07-18 11:15:03 - [MESSAGE][PASSED] - Object: 'Object Repository/Page_Concours photo  votez pour la plus bel_494087/input_concat(Votez pour le plus beau chien de la cte d, , Opale )_jouer' is clicked on

2022-07-18 11:15:03 - [TEST_STEP][PASSED] - delay(1): Delayed 1 second(s)

2022-07-18 11:15:04 - [MESSAGE][PASSED] - Delayed 1 second(s)

2022-07-18 11:15:04 - [TEST_STEP][PASSED] - setText(findTestObject("Object Repository/Page_Concours photo  votez pour la plus bel_494087/input_trie par_keyword"), "Gaspard"): Text 'Gaspard' is set on object 'Object Repository/Page_Concours photo  votez pour la plus bel_494087/input_trie par_keyword'

2022-07-18 11:15:06 - [MESSAGE][PASSED] - Text 'Gaspard' is set on object 'Object Repository/Page_Concours photo  votez pour la plus bel_494087/input_trie par_keyword'

2022-07-18 11:15:06 - [TEST_STEP][PASSED] - sendKeys(findTestObject("Page_Concours photo  votez pour la plus bel_494087/input_trie par_keyword"), Keys.chord(ENTER)): Keys 'ENTER + ' sent to object: 'Object Repository/Page_Concours photo  votez pour la plus bel_494087/input_trie par_keyword'

2022-07-18 11:15:07 - [MESSAGE][PASSED] - Keys 'ENTER + ' sent to object: 'Object Repository/Page_Concours photo  votez pour la plus bel_494087/input_trie par_keyword'

2022-07-18 11:15:07 - [TEST_STEP][PASSED] - click(findTestObject("Page_Concours photo  votez pour la plus bel_494087/tri")): Object: 'Object Repository/Page_Concours photo  votez pour la plus bel_494087/tri' is clicked on

2022-07-18 11:15:08 - [MESSAGE][PASSED] - Object: 'Object Repository/Page_Concours photo  votez pour la plus bel_494087/tri' is clicked on

2022-07-18 11:15:08 - [TEST_STEP][PASSED] - click(findTestObject("Page_Concours photo  votez pour la plus bel_494087/plus de votes")): Object: 'Object Repository/Page_Concours photo  votez pour la plus bel_494087/plus de votes' is clicked on

2022-07-18 11:15:08 - [MESSAGE][PASSED] - Object: 'Object Repository/Page_Concours photo  votez pour la plus bel_494087/plus de votes' is clicked on

2022-07-18 11:15:09 - [TEST_STEP][PASSED] - click(findTestObject("Object Repository/Page_Concours photo  votez pour la plus bel_494087/i_Votes_fa fa-heart")): Object: 'Object Repository/Page_Concours photo  votez pour la plus bel_494087/i_Votes_fa fa-heart' is clicked on

2022-07-18 11:15:10 - [MESSAGE][PASSED] - Object: 'Object Repository/Page_Concours photo  votez pour la plus bel_494087/i_Votes_fa fa-heart' is clicked on

2022-07-18 11:15:10 - [TEST_STEP][PASSED] - delay(1): Delayed 1 second(s)

2022-07-18 11:15:11 - [MESSAGE][PASSED] - Delayed 1 second(s)

2022-07-18 11:15:11 - [TEST_STEP][PASSED] - closeBrowser(): Browser is closed

2022-07-18 11:15:11 - [MESSAGE][PASSED] - Browser is closed]]></system-out>
         <system-err><![CDATA[]]></system-err>
      </testcase>
      <testcase name="Test Cases/Vote" time="31.916" classname="Test Cases/Vote" status="PASSED">
         <system-out><![CDATA[2022-07-18 11:15:11 - [TEST_CASE][PASSED] - Test Cases/Vote: Test Cases/Vote

2022-07-18 11:15:11 - [TEST_STEP][PASSED] - openBrowser(""): Browser is opened with url: ''

2022-07-18 11:15:11 - [MESSAGE][INFO] - Starting 'Chrome' driver

2022-07-18 11:15:11 - [MESSAGE][INFO] - Action delay is set to 0 milliseconds

2022-07-18 11:15:13 - [MESSAGE][PASSED] - Browser is opened with url: ''

2022-07-18 11:15:13 - [TEST_STEP][PASSED] - navigateToUrl("https://lesechosdutouquet.nordlittoral.fr/147787/article/2022-06-30/concours-photo-montrez-nous-la-plus-belle-photo-de-votre-chien-en-promenade-sur#l5lb6r47qsmp9ur58y"): Navigate to 'https://lesechosdutouquet.nordlittoral.fr/147787/article/2022-06-30/concours-photo-montrez-nous-la-plus-belle-photo-de-votre-chien-en-promenade-sur#l5lb6r47qsmp9ur58y' successfully

2022-07-18 11:15:17 - [MESSAGE][PASSED] - Navigate to 'https://lesechosdutouquet.nordlittoral.fr/147787/article/2022-06-30/concours-photo-montrez-nous-la-plus-belle-photo-de-votre-chien-en-promenade-sur#l5lb6r47qsmp9ur58y' successfully

2022-07-18 11:15:17 - [TEST_STEP][PASSED] - setViewPortSize(1920, 1080): Viewport is set to new size with width = 1920 and height = 1080

2022-07-18 11:15:17 - [MESSAGE][PASSED] - Viewport is set to new size with width = 1920 and height = 1080

2022-07-18 11:15:17 - [TEST_STEP][PASSED] - click(findTestObject("Object Repository/Page_Concours photo  votez pour la plus bel_494087/button_Accepter  Fermer")): Object: 'Object Repository/Page_Concours photo  votez pour la plus bel_494087/button_Accepter  Fermer' is clicked on

2022-07-18 11:15:18 - [MESSAGE][PASSED] - Object: 'Object Repository/Page_Concours photo  votez pour la plus bel_494087/button_Accepter  Fermer' is clicked on

2022-07-18 11:15:18 - [TEST_STEP][PASSED] - delay(12): Delayed 12 second(s)

2022-07-18 11:15:30 - [MESSAGE][PASSED] - Delayed 12 second(s)

2022-07-18 11:15:30 - [TEST_STEP][PASSED] - click(findTestObject("Object Repository/Page_Concours photo  votez pour la plus bel_494087/a_X")): Object: 'Object Repository/Page_Concours photo  votez pour la plus bel_494087/a_X' is clicked on

2022-07-18 11:15:30 - [MESSAGE][PASSED] - Object: 'Object Repository/Page_Concours photo  votez pour la plus bel_494087/a_X' is clicked on

2022-07-18 11:15:30 - [TEST_STEP][PASSED] - delay(1): Delayed 1 second(s)

2022-07-18 11:15:31 - [MESSAGE][PASSED] - Delayed 1 second(s)

2022-07-18 11:15:31 - [TEST_STEP][PASSED] - click(findTestObject("Object Repository/Page_Concours photo  votez pour la plus bel_494087/input_concat(Votez pour le plus beau chien de la cte d, , Opale )_jouer")): Object: 'Object Repository/Page_Concours photo  votez pour la plus bel_494087/input_concat(Votez pour le plus beau chien de la cte d, , Opale )_jouer' is clicked on

2022-07-18 11:15:32 - [MESSAGE][PASSED] - Object: 'Object Repository/Page_Concours photo  votez pour la plus bel_494087/input_concat(Votez pour le plus beau chien de la cte d, , Opale )_jouer' is clicked on

2022-07-18 11:15:32 - [TEST_STEP][PASSED] - if (verifyElementPresent(findTestObject("Page_Concours photo  votez pour la plus bel_494087/input_concat(Votez pour le plus beau chien de la cte d, , Opale )_jouer"), 1, OPTIONAL)): null

2022-07-18 11:15:34 - [MESSAGE][PASSED] - Object 'Object Repository/Page_Concours photo  votez pour la plus bel_494087/input_concat(Votez pour le plus beau chien de la cte d, , Opale )_jouer' is present

2022-07-18 11:15:34 - [TEST_STEP][PASSED] - click(findTestObject("Object Repository/Page_Concours photo  votez pour la plus bel_494087/input_concat(Votez pour le plus beau chien de la cte d, , Opale )_jouer")): Object: 'Object Repository/Page_Concours photo  votez pour la plus bel_494087/input_concat(Votez pour le plus beau chien de la cte d, , Opale )_jouer' is clicked on

2022-07-18 11:15:34 - [MESSAGE][PASSED] - Object: 'Object Repository/Page_Concours photo  votez pour la plus bel_494087/input_concat(Votez pour le plus beau chien de la cte d, , Opale )_jouer' is clicked on

2022-07-18 11:15:34 - [TEST_STEP][PASSED] - delay(1): Delayed 1 second(s)

2022-07-18 11:15:35 - [MESSAGE][PASSED] - Delayed 1 second(s)

2022-07-18 11:15:35 - [TEST_STEP][PASSED] - setText(findTestObject("Object Repository/Page_Concours photo  votez pour la plus bel_494087/input_trie par_keyword"), "Gaspard"): Text 'Gaspard' is set on object 'Object Repository/Page_Concours photo  votez pour la plus bel_494087/input_trie par_keyword'

2022-07-18 11:15:38 - [MESSAGE][PASSED] - Text 'Gaspard' is set on object 'Object Repository/Page_Concours photo  votez pour la plus bel_494087/input_trie par_keyword'

2022-07-18 11:15:38 - [TEST_STEP][PASSED] - sendKeys(findTestObject("Page_Concours photo  votez pour la plus bel_494087/input_trie par_keyword"), Keys.chord(ENTER)): Keys 'ENTER + ' sent to object: 'Object Repository/Page_Concours photo  votez pour la plus bel_494087/input_trie par_keyword'

2022-07-18 11:15:38 - [MESSAGE][PASSED] - Keys 'ENTER + ' sent to object: 'Object Repository/Page_Concours photo  votez pour la plus bel_494087/input_trie par_keyword'

2022-07-18 11:15:38 - [TEST_STEP][PASSED] - click(findTestObject("Page_Concours photo  votez pour la plus bel_494087/tri")): Object: 'Object Repository/Page_Concours photo  votez pour la plus bel_494087/tri' is clicked on

2022-07-18 11:15:39 - [MESSAGE][PASSED] - Object: 'Object Repository/Page_Concours photo  votez pour la plus bel_494087/tri' is clicked on

2022-07-18 11:15:39 - [TEST_STEP][PASSED] - click(findTestObject("Page_Concours photo  votez pour la plus bel_494087/plus de votes")): Object: 'Object Repository/Page_Concours photo  votez pour la plus bel_494087/plus de votes' is clicked on

2022-07-18 11:15:40 - [MESSAGE][PASSED] - Object: 'Object Repository/Page_Concours photo  votez pour la plus bel_494087/plus de votes' is clicked on

2022-07-18 11:15:41 - [TEST_STEP][PASSED] - click(findTestObject("Object Repository/Page_Concours photo  votez pour la plus bel_494087/i_Votes_fa fa-heart")): Object: 'Object Repository/Page_Concours photo  votez pour la plus bel_494087/i_Votes_fa fa-heart' is clicked on

2022-07-18 11:15:42 - [MESSAGE][PASSED] - Object: 'Object Repository/Page_Concours photo  votez pour la plus bel_494087/i_Votes_fa fa-heart' is clicked on

2022-07-18 11:15:42 - [TEST_STEP][PASSED] - delay(1): Delayed 1 second(s)

2022-07-18 11:15:43 - [MESSAGE][PASSED] - Delayed 1 second(s)

2022-07-18 11:15:43 - [TEST_STEP][PASSED] - closeBrowser(): Browser is closed

2022-07-18 11:15:43 - [MESSAGE][PASSED] - Browser is closed]]></system-out>
         <system-err><![CDATA[]]></system-err>
      </testcase>
      <testcase name="Test Cases/Vote" time="33.192" classname="Test Cases/Vote" status="PASSED">
         <system-out><![CDATA[2022-07-18 11:15:43 - [TEST_CASE][PASSED] - Test Cases/Vote: Test Cases/Vote

2022-07-18 11:15:43 - [TEST_STEP][PASSED] - openBrowser(""): Browser is opened with url: ''

2022-07-18 11:15:43 - [MESSAGE][INFO] - Starting 'Chrome' driver

2022-07-18 11:15:43 - [MESSAGE][INFO] - Action delay is set to 0 milliseconds

2022-07-18 11:15:45 - [MESSAGE][PASSED] - Browser is opened with url: ''

2022-07-18 11:15:45 - [TEST_STEP][PASSED] - navigateToUrl("https://lesechosdutouquet.nordlittoral.fr/147787/article/2022-06-30/concours-photo-montrez-nous-la-plus-belle-photo-de-votre-chien-en-promenade-sur#l5lb6r47qsmp9ur58y"): Navigate to 'https://lesechosdutouquet.nordlittoral.fr/147787/article/2022-06-30/concours-photo-montrez-nous-la-plus-belle-photo-de-votre-chien-en-promenade-sur#l5lb6r47qsmp9ur58y' successfully

2022-07-18 11:15:49 - [MESSAGE][PASSED] - Navigate to 'https://lesechosdutouquet.nordlittoral.fr/147787/article/2022-06-30/concours-photo-montrez-nous-la-plus-belle-photo-de-votre-chien-en-promenade-sur#l5lb6r47qsmp9ur58y' successfully

2022-07-18 11:15:49 - [TEST_STEP][PASSED] - setViewPortSize(1920, 1080): Viewport is set to new size with width = 1920 and height = 1080

2022-07-18 11:15:49 - [MESSAGE][PASSED] - Viewport is set to new size with width = 1920 and height = 1080

2022-07-18 11:15:49 - [TEST_STEP][PASSED] - click(findTestObject("Object Repository/Page_Concours photo  votez pour la plus bel_494087/button_Accepter  Fermer")): Object: 'Object Repository/Page_Concours photo  votez pour la plus bel_494087/button_Accepter  Fermer' is clicked on

2022-07-18 11:15:50 - [MESSAGE][PASSED] - Object: 'Object Repository/Page_Concours photo  votez pour la plus bel_494087/button_Accepter  Fermer' is clicked on

2022-07-18 11:15:50 - [TEST_STEP][PASSED] - delay(12): Delayed 12 second(s)

2022-07-18 11:16:02 - [MESSAGE][PASSED] - Delayed 12 second(s)

2022-07-18 11:16:02 - [TEST_STEP][PASSED] - click(findTestObject("Object Repository/Page_Concours photo  votez pour la plus bel_494087/a_X")): Object: 'Object Repository/Page_Concours photo  votez pour la plus bel_494087/a_X' is clicked on

2022-07-18 11:16:02 - [MESSAGE][PASSED] - Object: 'Object Repository/Page_Concours photo  votez pour la plus bel_494087/a_X' is clicked on

2022-07-18 11:16:02 - [TEST_STEP][PASSED] - delay(1): Delayed 1 second(s)

2022-07-18 11:16:03 - [MESSAGE][PASSED] - Delayed 1 second(s)

2022-07-18 11:16:03 - [TEST_STEP][PASSED] - click(findTestObject("Object Repository/Page_Concours photo  votez pour la plus bel_494087/input_concat(Votez pour le plus beau chien de la cte d, , Opale )_jouer")): Object: 'Object Repository/Page_Concours photo  votez pour la plus bel_494087/input_concat(Votez pour le plus beau chien de la cte d, , Opale )_jouer' is clicked on

2022-07-18 11:16:04 - [MESSAGE][PASSED] - Object: 'Object Repository/Page_Concours photo  votez pour la plus bel_494087/input_concat(Votez pour le plus beau chien de la cte d, , Opale )_jouer' is clicked on

2022-07-18 11:16:04 - [TEST_STEP][PASSED] - if (verifyElementPresent(findTestObject("Page_Concours photo  votez pour la plus bel_494087/input_concat(Votez pour le plus beau chien de la cte d, , Opale )_jouer"), 1, OPTIONAL)): null

2022-07-18 11:16:06 - [MESSAGE][PASSED] - Object 'Object Repository/Page_Concours photo  votez pour la plus bel_494087/input_concat(Votez pour le plus beau chien de la cte d, , Opale )_jouer' is present

2022-07-18 11:16:06 - [TEST_STEP][PASSED] - click(findTestObject("Object Repository/Page_Concours photo  votez pour la plus bel_494087/input_concat(Votez pour le plus beau chien de la cte d, , Opale )_jouer")): Object: 'Object Repository/Page_Concours photo  votez pour la plus bel_494087/input_concat(Votez pour le plus beau chien de la cte d, , Opale )_jouer' is clicked on

2022-07-18 11:16:06 - [MESSAGE][PASSED] - Object: 'Object Repository/Page_Concours photo  votez pour la plus bel_494087/input_concat(Votez pour le plus beau chien de la cte d, , Opale )_jouer' is clicked on

2022-07-18 11:16:06 - [TEST_STEP][PASSED] - delay(1): Delayed 1 second(s)

2022-07-18 11:16:07 - [MESSAGE][PASSED] - Delayed 1 second(s)

2022-07-18 11:16:07 - [TEST_STEP][PASSED] - setText(findTestObject("Object Repository/Page_Concours photo  votez pour la plus bel_494087/input_trie par_keyword"), "Gaspard"): Text 'Gaspard' is set on object 'Object Repository/Page_Concours photo  votez pour la plus bel_494087/input_trie par_keyword'

2022-07-18 11:16:11 - [MESSAGE][PASSED] - Text 'Gaspard' is set on object 'Object Repository/Page_Concours photo  votez pour la plus bel_494087/input_trie par_keyword'

2022-07-18 11:16:11 - [TEST_STEP][PASSED] - sendKeys(findTestObject("Page_Concours photo  votez pour la plus bel_494087/input_trie par_keyword"), Keys.chord(ENTER)): Keys 'ENTER + ' sent to object: 'Object Repository/Page_Concours photo  votez pour la plus bel_494087/input_trie par_keyword'

2022-07-18 11:16:12 - [MESSAGE][PASSED] - Keys 'ENTER + ' sent to object: 'Object Repository/Page_Concours photo  votez pour la plus bel_494087/input_trie par_keyword'

2022-07-18 11:16:12 - [TEST_STEP][PASSED] - click(findTestObject("Page_Concours photo  votez pour la plus bel_494087/tri")): Object: 'Object Repository/Page_Concours photo  votez pour la plus bel_494087/tri' is clicked on

2022-07-18 11:16:13 - [MESSAGE][PASSED] - Object: 'Object Repository/Page_Concours photo  votez pour la plus bel_494087/tri' is clicked on

2022-07-18 11:16:13 - [TEST_STEP][PASSED] - click(findTestObject("Page_Concours photo  votez pour la plus bel_494087/plus de votes")): Object: 'Object Repository/Page_Concours photo  votez pour la plus bel_494087/plus de votes' is clicked on

2022-07-18 11:16:13 - [MESSAGE][PASSED] - Object: 'Object Repository/Page_Concours photo  votez pour la plus bel_494087/plus de votes' is clicked on

2022-07-18 11:16:15 - [TEST_STEP][PASSED] - click(findTestObject("Object Repository/Page_Concours photo  votez pour la plus bel_494087/i_Votes_fa fa-heart")): Object: 'Object Repository/Page_Concours photo  votez pour la plus bel_494087/i_Votes_fa fa-heart' is clicked on

2022-07-18 11:16:15 - [MESSAGE][PASSED] - Object: 'Object Repository/Page_Concours photo  votez pour la plus bel_494087/i_Votes_fa fa-heart' is clicked on

2022-07-18 11:16:15 - [TEST_STEP][PASSED] - delay(1): Delayed 1 second(s)

2022-07-18 11:16:16 - [MESSAGE][PASSED] - Delayed 1 second(s)

2022-07-18 11:16:16 - [TEST_STEP][PASSED] - closeBrowser(): Browser is closed

2022-07-18 11:16:16 - [MESSAGE][PASSED] - Browser is closed]]></system-out>
         <system-err><![CDATA[]]></system-err>
      </testcase>
      <testcase name="Test Cases/Vote" time="31.668" classname="Test Cases/Vote" status="PASSED">
         <system-out><![CDATA[2022-07-18 11:16:16 - [TEST_CASE][PASSED] - Test Cases/Vote: Test Cases/Vote

2022-07-18 11:16:16 - [TEST_STEP][PASSED] - openBrowser(""): Browser is opened with url: ''

2022-07-18 11:16:16 - [MESSAGE][INFO] - Starting 'Chrome' driver

2022-07-18 11:16:16 - [MESSAGE][INFO] - Action delay is set to 0 milliseconds

2022-07-18 11:16:18 - [MESSAGE][PASSED] - Browser is opened with url: ''

2022-07-18 11:16:18 - [TEST_STEP][PASSED] - navigateToUrl("https://lesechosdutouquet.nordlittoral.fr/147787/article/2022-06-30/concours-photo-montrez-nous-la-plus-belle-photo-de-votre-chien-en-promenade-sur#l5lb6r47qsmp9ur58y"): Navigate to 'https://lesechosdutouquet.nordlittoral.fr/147787/article/2022-06-30/concours-photo-montrez-nous-la-plus-belle-photo-de-votre-chien-en-promenade-sur#l5lb6r47qsmp9ur58y' successfully

2022-07-18 11:16:20 - [MESSAGE][PASSED] - Navigate to 'https://lesechosdutouquet.nordlittoral.fr/147787/article/2022-06-30/concours-photo-montrez-nous-la-plus-belle-photo-de-votre-chien-en-promenade-sur#l5lb6r47qsmp9ur58y' successfully

2022-07-18 11:16:20 - [TEST_STEP][PASSED] - setViewPortSize(1920, 1080): Viewport is set to new size with width = 1920 and height = 1080

2022-07-18 11:16:20 - [MESSAGE][PASSED] - Viewport is set to new size with width = 1920 and height = 1080

2022-07-18 11:16:20 - [TEST_STEP][PASSED] - click(findTestObject("Object Repository/Page_Concours photo  votez pour la plus bel_494087/button_Accepter  Fermer")): Object: 'Object Repository/Page_Concours photo  votez pour la plus bel_494087/button_Accepter  Fermer' is clicked on

2022-07-18 11:16:22 - [MESSAGE][PASSED] - Object: 'Object Repository/Page_Concours photo  votez pour la plus bel_494087/button_Accepter  Fermer' is clicked on

2022-07-18 11:16:22 - [TEST_STEP][PASSED] - delay(12): Delayed 12 second(s)

2022-07-18 11:16:34 - [MESSAGE][PASSED] - Delayed 12 second(s)

2022-07-18 11:16:34 - [TEST_STEP][PASSED] - click(findTestObject("Object Repository/Page_Concours photo  votez pour la plus bel_494087/a_X")): Object: 'Object Repository/Page_Concours photo  votez pour la plus bel_494087/a_X' is clicked on

2022-07-18 11:16:34 - [MESSAGE][PASSED] - Object: 'Object Repository/Page_Concours photo  votez pour la plus bel_494087/a_X' is clicked on

2022-07-18 11:16:34 - [TEST_STEP][PASSED] - delay(1): Delayed 1 second(s)

2022-07-18 11:16:35 - [MESSAGE][PASSED] - Delayed 1 second(s)

2022-07-18 11:16:35 - [TEST_STEP][PASSED] - click(findTestObject("Object Repository/Page_Concours photo  votez pour la plus bel_494087/input_concat(Votez pour le plus beau chien de la cte d, , Opale )_jouer")): Object: 'Object Repository/Page_Concours photo  votez pour la plus bel_494087/input_concat(Votez pour le plus beau chien de la cte d, , Opale )_jouer' is clicked on

2022-07-18 11:16:36 - [MESSAGE][PASSED] - Object: 'Object Repository/Page_Concours photo  votez pour la plus bel_494087/input_concat(Votez pour le plus beau chien de la cte d, , Opale )_jouer' is clicked on

2022-07-18 11:16:36 - [TEST_STEP][PASSED] - if (verifyElementPresent(findTestObject("Page_Concours photo  votez pour la plus bel_494087/input_concat(Votez pour le plus beau chien de la cte d, , Opale )_jouer"), 1, OPTIONAL)): null

2022-07-18 11:16:37 - [MESSAGE][PASSED] - Object 'Object Repository/Page_Concours photo  votez pour la plus bel_494087/input_concat(Votez pour le plus beau chien de la cte d, , Opale )_jouer' is present

2022-07-18 11:16:37 - [TEST_STEP][PASSED] - click(findTestObject("Object Repository/Page_Concours photo  votez pour la plus bel_494087/input_concat(Votez pour le plus beau chien de la cte d, , Opale )_jouer")): Object: 'Object Repository/Page_Concours photo  votez pour la plus bel_494087/input_concat(Votez pour le plus beau chien de la cte d, , Opale )_jouer' is clicked on

2022-07-18 11:16:38 - [MESSAGE][PASSED] - Object: 'Object Repository/Page_Concours photo  votez pour la plus bel_494087/input_concat(Votez pour le plus beau chien de la cte d, , Opale )_jouer' is clicked on

2022-07-18 11:16:38 - [TEST_STEP][PASSED] - delay(1): Delayed 1 second(s)

2022-07-18 11:16:39 - [MESSAGE][PASSED] - Delayed 1 second(s)

2022-07-18 11:16:39 - [TEST_STEP][PASSED] - setText(findTestObject("Object Repository/Page_Concours photo  votez pour la plus bel_494087/input_trie par_keyword"), "Gaspard"): Text 'Gaspard' is set on object 'Object Repository/Page_Concours photo  votez pour la plus bel_494087/input_trie par_keyword'

2022-07-18 11:16:42 - [MESSAGE][PASSED] - Text 'Gaspard' is set on object 'Object Repository/Page_Concours photo  votez pour la plus bel_494087/input_trie par_keyword'

2022-07-18 11:16:42 - [TEST_STEP][PASSED] - sendKeys(findTestObject("Page_Concours photo  votez pour la plus bel_494087/input_trie par_keyword"), Keys.chord(ENTER)): Keys 'ENTER + ' sent to object: 'Object Repository/Page_Concours photo  votez pour la plus bel_494087/input_trie par_keyword'

2022-07-18 11:16:44 - [MESSAGE][PASSED] - Keys 'ENTER + ' sent to object: 'Object Repository/Page_Concours photo  votez pour la plus bel_494087/input_trie par_keyword'

2022-07-18 11:16:44 - [TEST_STEP][PASSED] - click(findTestObject("Page_Concours photo  votez pour la plus bel_494087/tri")): Object: 'Object Repository/Page_Concours photo  votez pour la plus bel_494087/tri' is clicked on

2022-07-18 11:16:44 - [MESSAGE][PASSED] - Object: 'Object Repository/Page_Concours photo  votez pour la plus bel_494087/tri' is clicked on

2022-07-18 11:16:44 - [TEST_STEP][PASSED] - click(findTestObject("Page_Concours photo  votez pour la plus bel_494087/plus de votes")): Object: 'Object Repository/Page_Concours photo  votez pour la plus bel_494087/plus de votes' is clicked on

2022-07-18 11:16:45 - [MESSAGE][PASSED] - Object: 'Object Repository/Page_Concours photo  votez pour la plus bel_494087/plus de votes' is clicked on

2022-07-18 11:16:45 - [TEST_STEP][PASSED] - click(findTestObject("Object Repository/Page_Concours photo  votez pour la plus bel_494087/i_Votes_fa fa-heart")): Object: 'Object Repository/Page_Concours photo  votez pour la plus bel_494087/i_Votes_fa fa-heart' is clicked on

2022-07-18 11:16:47 - [MESSAGE][PASSED] - Object: 'Object Repository/Page_Concours photo  votez pour la plus bel_494087/i_Votes_fa fa-heart' is clicked on

2022-07-18 11:16:47 - [TEST_STEP][PASSED] - delay(1): Delayed 1 second(s)

2022-07-18 11:16:48 - [MESSAGE][PASSED] - Delayed 1 second(s)

2022-07-18 11:16:48 - [TEST_STEP][PASSED] - closeBrowser(): Browser is closed

2022-07-18 11:16:48 - [MESSAGE][PASSED] - Browser is closed]]></system-out>
         <system-err><![CDATA[]]></system-err>
      </testcase>
      <testcase name="Test Cases/Vote" time="31.994" classname="Test Cases/Vote" status="PASSED">
         <system-out><![CDATA[2022-07-18 11:16:48 - [TEST_CASE][PASSED] - Test Cases/Vote: Test Cases/Vote

2022-07-18 11:16:48 - [TEST_STEP][PASSED] - openBrowser(""): Browser is opened with url: ''

2022-07-18 11:16:48 - [MESSAGE][INFO] - Starting 'Chrome' driver

2022-07-18 11:16:48 - [MESSAGE][INFO] - Action delay is set to 0 milliseconds

2022-07-18 11:16:49 - [MESSAGE][PASSED] - Browser is opened with url: ''

2022-07-18 11:16:49 - [TEST_STEP][PASSED] - navigateToUrl("https://lesechosdutouquet.nordlittoral.fr/147787/article/2022-06-30/concours-photo-montrez-nous-la-plus-belle-photo-de-votre-chien-en-promenade-sur#l5lb6r47qsmp9ur58y"): Navigate to 'https://lesechosdutouquet.nordlittoral.fr/147787/article/2022-06-30/concours-photo-montrez-nous-la-plus-belle-photo-de-votre-chien-en-promenade-sur#l5lb6r47qsmp9ur58y' successfully

2022-07-18 11:16:53 - [MESSAGE][PASSED] - Navigate to 'https://lesechosdutouquet.nordlittoral.fr/147787/article/2022-06-30/concours-photo-montrez-nous-la-plus-belle-photo-de-votre-chien-en-promenade-sur#l5lb6r47qsmp9ur58y' successfully

2022-07-18 11:16:53 - [TEST_STEP][PASSED] - setViewPortSize(1920, 1080): Viewport is set to new size with width = 1920 and height = 1080

2022-07-18 11:16:53 - [MESSAGE][PASSED] - Viewport is set to new size with width = 1920 and height = 1080

2022-07-18 11:16:53 - [TEST_STEP][PASSED] - click(findTestObject("Object Repository/Page_Concours photo  votez pour la plus bel_494087/button_Accepter  Fermer")): Object: 'Object Repository/Page_Concours photo  votez pour la plus bel_494087/button_Accepter  Fermer' is clicked on

2022-07-18 11:16:54 - [MESSAGE][PASSED] - Object: 'Object Repository/Page_Concours photo  votez pour la plus bel_494087/button_Accepter  Fermer' is clicked on

2022-07-18 11:16:54 - [TEST_STEP][PASSED] - delay(12): Delayed 12 second(s)

2022-07-18 11:17:06 - [MESSAGE][PASSED] - Delayed 12 second(s)

2022-07-18 11:17:06 - [TEST_STEP][PASSED] - click(findTestObject("Object Repository/Page_Concours photo  votez pour la plus bel_494087/a_X")): Object: 'Object Repository/Page_Concours photo  votez pour la plus bel_494087/a_X' is clicked on

2022-07-18 11:17:07 - [MESSAGE][PASSED] - Object: 'Object Repository/Page_Concours photo  votez pour la plus bel_494087/a_X' is clicked on

2022-07-18 11:17:07 - [TEST_STEP][PASSED] - delay(1): Delayed 1 second(s)

2022-07-18 11:17:08 - [MESSAGE][PASSED] - Delayed 1 second(s)

2022-07-18 11:17:08 - [TEST_STEP][PASSED] - click(findTestObject("Object Repository/Page_Concours photo  votez pour la plus bel_494087/input_concat(Votez pour le plus beau chien de la cte d, , Opale )_jouer")): Object: 'Object Repository/Page_Concours photo  votez pour la plus bel_494087/input_concat(Votez pour le plus beau chien de la cte d, , Opale )_jouer' is clicked on

2022-07-18 11:17:09 - [MESSAGE][PASSED] - Object: 'Object Repository/Page_Concours photo  votez pour la plus bel_494087/input_concat(Votez pour le plus beau chien de la cte d, , Opale )_jouer' is clicked on

2022-07-18 11:17:09 - [TEST_STEP][PASSED] - if (verifyElementPresent(findTestObject("Page_Concours photo  votez pour la plus bel_494087/input_concat(Votez pour le plus beau chien de la cte d, , Opale )_jouer"), 1, OPTIONAL)): null

2022-07-18 11:17:10 - [MESSAGE][PASSED] - Object 'Object Repository/Page_Concours photo  votez pour la plus bel_494087/input_concat(Votez pour le plus beau chien de la cte d, , Opale )_jouer' is present

2022-07-18 11:17:10 - [TEST_STEP][PASSED] - click(findTestObject("Object Repository/Page_Concours photo  votez pour la plus bel_494087/input_concat(Votez pour le plus beau chien de la cte d, , Opale )_jouer")): Object: 'Object Repository/Page_Concours photo  votez pour la plus bel_494087/input_concat(Votez pour le plus beau chien de la cte d, , Opale )_jouer' is clicked on

2022-07-18 11:17:11 - [MESSAGE][PASSED] - Object: 'Object Repository/Page_Concours photo  votez pour la plus bel_494087/input_concat(Votez pour le plus beau chien de la cte d, , Opale )_jouer' is clicked on

2022-07-18 11:17:11 - [TEST_STEP][PASSED] - delay(1): Delayed 1 second(s)

2022-07-18 11:17:12 - [MESSAGE][PASSED] - Delayed 1 second(s)

2022-07-18 11:17:12 - [TEST_STEP][PASSED] - setText(findTestObject("Object Repository/Page_Concours photo  votez pour la plus bel_494087/input_trie par_keyword"), "Gaspard"): Text 'Gaspard' is set on object 'Object Repository/Page_Concours photo  votez pour la plus bel_494087/input_trie par_keyword'

2022-07-18 11:17:14 - [MESSAGE][PASSED] - Text 'Gaspard' is set on object 'Object Repository/Page_Concours photo  votez pour la plus bel_494087/input_trie par_keyword'

2022-07-18 11:17:14 - [TEST_STEP][PASSED] - sendKeys(findTestObject("Page_Concours photo  votez pour la plus bel_494087/input_trie par_keyword"), Keys.chord(ENTER)): Keys 'ENTER + ' sent to object: 'Object Repository/Page_Concours photo  votez pour la plus bel_494087/input_trie par_keyword'

2022-07-18 11:17:16 - [MESSAGE][PASSED] - Keys 'ENTER + ' sent to object: 'Object Repository/Page_Concours photo  votez pour la plus bel_494087/input_trie par_keyword'

2022-07-18 11:17:16 - [TEST_STEP][PASSED] - click(findTestObject("Page_Concours photo  votez pour la plus bel_494087/tri")): Object: 'Object Repository/Page_Concours photo  votez pour la plus bel_494087/tri' is clicked on

2022-07-18 11:17:16 - [MESSAGE][PASSED] - Object: 'Object Repository/Page_Concours photo  votez pour la plus bel_494087/tri' is clicked on

2022-07-18 11:17:16 - [TEST_STEP][PASSED] - click(findTestObject("Page_Concours photo  votez pour la plus bel_494087/plus de votes")): Object: 'Object Repository/Page_Concours photo  votez pour la plus bel_494087/plus de votes' is clicked on

2022-07-18 11:17:17 - [MESSAGE][PASSED] - Object: 'Object Repository/Page_Concours photo  votez pour la plus bel_494087/plus de votes' is clicked on

2022-07-18 11:17:18 - [TEST_STEP][PASSED] - click(findTestObject("Object Repository/Page_Concours photo  votez pour la plus bel_494087/i_Votes_fa fa-heart")): Object: 'Object Repository/Page_Concours photo  votez pour la plus bel_494087/i_Votes_fa fa-heart' is clicked on

2022-07-18 11:17:19 - [MESSAGE][PASSED] - Object: 'Object Repository/Page_Concours photo  votez pour la plus bel_494087/i_Votes_fa fa-heart' is clicked on

2022-07-18 11:17:19 - [TEST_STEP][PASSED] - delay(1): Delayed 1 second(s)

2022-07-18 11:17:20 - [MESSAGE][PASSED] - Delayed 1 second(s)

2022-07-18 11:17:20 - [TEST_STEP][PASSED] - closeBrowser(): Browser is closed

2022-07-18 11:17:20 - [MESSAGE][PASSED] - Browser is closed]]></system-out>
         <system-err><![CDATA[]]></system-err>
      </testcase>
      <testcase name="Test Cases/Vote" time="28.739" classname="Test Cases/Vote" status="PASSED">
         <system-out><![CDATA[2022-07-18 11:17:20 - [TEST_CASE][PASSED] - Test Cases/Vote: Test Cases/Vote

2022-07-18 11:17:20 - [TEST_STEP][PASSED] - openBrowser(""): Browser is opened with url: ''

2022-07-18 11:17:20 - [MESSAGE][INFO] - Starting 'Chrome' driver

2022-07-18 11:17:20 - [MESSAGE][INFO] - Action delay is set to 0 milliseconds

2022-07-18 11:17:21 - [MESSAGE][PASSED] - Browser is opened with url: ''

2022-07-18 11:17:21 - [TEST_STEP][PASSED] - navigateToUrl("https://lesechosdutouquet.nordlittoral.fr/147787/article/2022-06-30/concours-photo-montrez-nous-la-plus-belle-photo-de-votre-chien-en-promenade-sur#l5lb6r47qsmp9ur58y"): Navigate to 'https://lesechosdutouquet.nordlittoral.fr/147787/article/2022-06-30/concours-photo-montrez-nous-la-plus-belle-photo-de-votre-chien-en-promenade-sur#l5lb6r47qsmp9ur58y' successfully

2022-07-18 11:17:24 - [MESSAGE][PASSED] - Navigate to 'https://lesechosdutouquet.nordlittoral.fr/147787/article/2022-06-30/concours-photo-montrez-nous-la-plus-belle-photo-de-votre-chien-en-promenade-sur#l5lb6r47qsmp9ur58y' successfully

2022-07-18 11:17:24 - [TEST_STEP][PASSED] - setViewPortSize(1920, 1080): Viewport is set to new size with width = 1920 and height = 1080

2022-07-18 11:17:24 - [MESSAGE][PASSED] - Viewport is set to new size with width = 1920 and height = 1080

2022-07-18 11:17:24 - [TEST_STEP][PASSED] - click(findTestObject("Object Repository/Page_Concours photo  votez pour la plus bel_494087/button_Accepter  Fermer")): Object: 'Object Repository/Page_Concours photo  votez pour la plus bel_494087/button_Accepter  Fermer' is clicked on

2022-07-18 11:17:25 - [MESSAGE][PASSED] - Object: 'Object Repository/Page_Concours photo  votez pour la plus bel_494087/button_Accepter  Fermer' is clicked on

2022-07-18 11:17:25 - [TEST_STEP][PASSED] - delay(12): Delayed 12 second(s)

2022-07-18 11:17:37 - [MESSAGE][PASSED] - Delayed 12 second(s)

2022-07-18 11:17:37 - [TEST_STEP][PASSED] - click(findTestObject("Object Repository/Page_Concours photo  votez pour la plus bel_494087/a_X")): Object: 'Object Repository/Page_Concours photo  votez pour la plus bel_494087/a_X' is clicked on

2022-07-18 11:17:38 - [MESSAGE][PASSED] - Object: 'Object Repository/Page_Concours photo  votez pour la plus bel_494087/a_X' is clicked on

2022-07-18 11:17:38 - [TEST_STEP][PASSED] - delay(1): Delayed 1 second(s)

2022-07-18 11:17:39 - [MESSAGE][PASSED] - Delayed 1 second(s)

2022-07-18 11:17:39 - [TEST_STEP][PASSED] - click(findTestObject("Object Repository/Page_Concours photo  votez pour la plus bel_494087/input_concat(Votez pour le plus beau chien de la cte d, , Opale )_jouer")): Object: 'Object Repository/Page_Concours photo  votez pour la plus bel_494087/input_concat(Votez pour le plus beau chien de la cte d, , Opale )_jouer' is clicked on

2022-07-18 11:17:40 - [MESSAGE][PASSED] - Object: 'Object Repository/Page_Concours photo  votez pour la plus bel_494087/input_concat(Votez pour le plus beau chien de la cte d, , Opale )_jouer' is clicked on

2022-07-18 11:17:40 - [TEST_STEP][PASSED] - if (verifyElementPresent(findTestObject("Page_Concours photo  votez pour la plus bel_494087/input_concat(Votez pour le plus beau chien de la cte d, , Opale )_jouer"), 1, OPTIONAL)): null

2022-07-18 11:17:41 - [MESSAGE][PASSED] - Object 'Object Repository/Page_Concours photo  votez pour la plus bel_494087/input_concat(Votez pour le plus beau chien de la cte d, , Opale )_jouer' is present

2022-07-18 11:17:41 - [TEST_STEP][PASSED] - click(findTestObject("Object Repository/Page_Concours photo  votez pour la plus bel_494087/input_concat(Votez pour le plus beau chien de la cte d, , Opale )_jouer")): Object: 'Object Repository/Page_Concours photo  votez pour la plus bel_494087/input_concat(Votez pour le plus beau chien de la cte d, , Opale )_jouer' is clicked on

2022-07-18 11:17:42 - [MESSAGE][PASSED] - Object: 'Object Repository/Page_Concours photo  votez pour la plus bel_494087/input_concat(Votez pour le plus beau chien de la cte d, , Opale )_jouer' is clicked on

2022-07-18 11:17:42 - [TEST_STEP][PASSED] - delay(1): Delayed 1 second(s)

2022-07-18 11:17:43 - [MESSAGE][PASSED] - Delayed 1 second(s)

2022-07-18 11:17:43 - [TEST_STEP][PASSED] - setText(findTestObject("Object Repository/Page_Concours photo  votez pour la plus bel_494087/input_trie par_keyword"), "Gaspard"): Text 'Gaspard' is set on object 'Object Repository/Page_Concours photo  votez pour la plus bel_494087/input_trie par_keyword'

2022-07-18 11:17:43 - [MESSAGE][PASSED] - Text 'Gaspard' is set on object 'Object Repository/Page_Concours photo  votez pour la plus bel_494087/input_trie par_keyword'

2022-07-18 11:17:43 - [TEST_STEP][PASSED] - sendKeys(findTestObject("Page_Concours photo  votez pour la plus bel_494087/input_trie par_keyword"), Keys.chord(ENTER)): Keys 'ENTER + ' sent to object: 'Object Repository/Page_Concours photo  votez pour la plus bel_494087/input_trie par_keyword'

2022-07-18 11:17:45 - [MESSAGE][PASSED] - Keys 'ENTER + ' sent to object: 'Object Repository/Page_Concours photo  votez pour la plus bel_494087/input_trie par_keyword'

2022-07-18 11:17:45 - [TEST_STEP][PASSED] - click(findTestObject("Page_Concours photo  votez pour la plus bel_494087/tri")): Object: 'Object Repository/Page_Concours photo  votez pour la plus bel_494087/tri' is clicked on

2022-07-18 11:17:46 - [MESSAGE][PASSED] - Object: 'Object Repository/Page_Concours photo  votez pour la plus bel_494087/tri' is clicked on

2022-07-18 11:17:46 - [TEST_STEP][PASSED] - click(findTestObject("Page_Concours photo  votez pour la plus bel_494087/plus de votes")): Object: 'Object Repository/Page_Concours photo  votez pour la plus bel_494087/plus de votes' is clicked on

2022-07-18 11:17:47 - [MESSAGE][PASSED] - Object: 'Object Repository/Page_Concours photo  votez pour la plus bel_494087/plus de votes' is clicked on

2022-07-18 11:17:47 - [TEST_STEP][PASSED] - click(findTestObject("Object Repository/Page_Concours photo  votez pour la plus bel_494087/i_Votes_fa fa-heart")): Object: 'Object Repository/Page_Concours photo  votez pour la plus bel_494087/i_Votes_fa fa-heart' is clicked on

2022-07-18 11:17:48 - [MESSAGE][PASSED] - Object: 'Object Repository/Page_Concours photo  votez pour la plus bel_494087/i_Votes_fa fa-heart' is clicked on

2022-07-18 11:17:48 - [TEST_STEP][PASSED] - delay(1): Delayed 1 second(s)

2022-07-18 11:17:49 - [MESSAGE][PASSED] - Delayed 1 second(s)

2022-07-18 11:17:49 - [TEST_STEP][PASSED] - closeBrowser(): Browser is closed

2022-07-18 11:17:49 - [MESSAGE][PASSED] - Browser is closed]]></system-out>
         <system-err><![CDATA[]]></system-err>
      </testcase>
      <testcase name="Test Cases/Vote" time="31.437" classname="Test Cases/Vote" status="PASSED">
         <system-out><![CDATA[2022-07-18 11:17:49 - [TEST_CASE][PASSED] - Test Cases/Vote: Test Cases/Vote

2022-07-18 11:17:49 - [TEST_STEP][PASSED] - openBrowser(""): Browser is opened with url: ''

2022-07-18 11:17:49 - [MESSAGE][INFO] - Starting 'Chrome' driver

2022-07-18 11:17:49 - [MESSAGE][INFO] - Action delay is set to 0 milliseconds

2022-07-18 11:17:50 - [MESSAGE][PASSED] - Browser is opened with url: ''

2022-07-18 11:17:50 - [TEST_STEP][PASSED] - navigateToUrl("https://lesechosdutouquet.nordlittoral.fr/147787/article/2022-06-30/concours-photo-montrez-nous-la-plus-belle-photo-de-votre-chien-en-promenade-sur#l5lb6r47qsmp9ur58y"): Navigate to 'https://lesechosdutouquet.nordlittoral.fr/147787/article/2022-06-30/concours-photo-montrez-nous-la-plus-belle-photo-de-votre-chien-en-promenade-sur#l5lb6r47qsmp9ur58y' successfully

2022-07-18 11:17:53 - [MESSAGE][PASSED] - Navigate to 'https://lesechosdutouquet.nordlittoral.fr/147787/article/2022-06-30/concours-photo-montrez-nous-la-plus-belle-photo-de-votre-chien-en-promenade-sur#l5lb6r47qsmp9ur58y' successfully

2022-07-18 11:17:53 - [TEST_STEP][PASSED] - setViewPortSize(1920, 1080): Viewport is set to new size with width = 1920 and height = 1080

2022-07-18 11:17:53 - [MESSAGE][PASSED] - Viewport is set to new size with width = 1920 and height = 1080

2022-07-18 11:17:53 - [TEST_STEP][PASSED] - click(findTestObject("Object Repository/Page_Concours photo  votez pour la plus bel_494087/button_Accepter  Fermer")): Object: 'Object Repository/Page_Concours photo  votez pour la plus bel_494087/button_Accepter  Fermer' is clicked on

2022-07-18 11:17:54 - [MESSAGE][PASSED] - Object: 'Object Repository/Page_Concours photo  votez pour la plus bel_494087/button_Accepter  Fermer' is clicked on

2022-07-18 11:17:54 - [TEST_STEP][PASSED] - delay(12): Delayed 12 second(s)

2022-07-18 11:18:06 - [MESSAGE][PASSED] - Delayed 12 second(s)

2022-07-18 11:18:06 - [TEST_STEP][PASSED] - click(findTestObject("Object Repository/Page_Concours photo  votez pour la plus bel_494087/a_X")): Object: 'Object Repository/Page_Concours photo  votez pour la plus bel_494087/a_X' is clicked on

2022-07-18 11:18:07 - [MESSAGE][PASSED] - Object: 'Object Repository/Page_Concours photo  votez pour la plus bel_494087/a_X' is clicked on

2022-07-18 11:18:07 - [TEST_STEP][PASSED] - delay(1): Delayed 1 second(s)

2022-07-18 11:18:08 - [MESSAGE][PASSED] - Delayed 1 second(s)

2022-07-18 11:18:08 - [TEST_STEP][PASSED] - click(findTestObject("Object Repository/Page_Concours photo  votez pour la plus bel_494087/input_concat(Votez pour le plus beau chien de la cte d, , Opale )_jouer")): Object: 'Object Repository/Page_Concours photo  votez pour la plus bel_494087/input_concat(Votez pour le plus beau chien de la cte d, , Opale )_jouer' is clicked on

2022-07-18 11:18:09 - [MESSAGE][PASSED] - Object: 'Object Repository/Page_Concours photo  votez pour la plus bel_494087/input_concat(Votez pour le plus beau chien de la cte d, , Opale )_jouer' is clicked on

2022-07-18 11:18:09 - [TEST_STEP][PASSED] - if (verifyElementPresent(findTestObject("Page_Concours photo  votez pour la plus bel_494087/input_concat(Votez pour le plus beau chien de la cte d, , Opale )_jouer"), 1, OPTIONAL)): null

2022-07-18 11:18:10 - [MESSAGE][PASSED] - Object 'Object Repository/Page_Concours photo  votez pour la plus bel_494087/input_concat(Votez pour le plus beau chien de la cte d, , Opale )_jouer' is present

2022-07-18 11:18:10 - [TEST_STEP][PASSED] - click(findTestObject("Object Repository/Page_Concours photo  votez pour la plus bel_494087/input_concat(Votez pour le plus beau chien de la cte d, , Opale )_jouer")): Object: 'Object Repository/Page_Concours photo  votez pour la plus bel_494087/input_concat(Votez pour le plus beau chien de la cte d, , Opale )_jouer' is clicked on

2022-07-18 11:18:11 - [MESSAGE][PASSED] - Object: 'Object Repository/Page_Concours photo  votez pour la plus bel_494087/input_concat(Votez pour le plus beau chien de la cte d, , Opale )_jouer' is clicked on

2022-07-18 11:18:11 - [TEST_STEP][PASSED] - delay(1): Delayed 1 second(s)

2022-07-18 11:18:12 - [MESSAGE][PASSED] - Delayed 1 second(s)

2022-07-18 11:18:12 - [TEST_STEP][PASSED] - setText(findTestObject("Object Repository/Page_Concours photo  votez pour la plus bel_494087/input_trie par_keyword"), "Gaspard"): Text 'Gaspard' is set on object 'Object Repository/Page_Concours photo  votez pour la plus bel_494087/input_trie par_keyword'

2022-07-18 11:18:14 - [MESSAGE][PASSED] - Text 'Gaspard' is set on object 'Object Repository/Page_Concours photo  votez pour la plus bel_494087/input_trie par_keyword'

2022-07-18 11:18:14 - [TEST_STEP][PASSED] - sendKeys(findTestObject("Page_Concours photo  votez pour la plus bel_494087/input_trie par_keyword"), Keys.chord(ENTER)): Keys 'ENTER + ' sent to object: 'Object Repository/Page_Concours photo  votez pour la plus bel_494087/input_trie par_keyword'

2022-07-18 11:18:16 - [MESSAGE][PASSED] - Keys 'ENTER + ' sent to object: 'Object Repository/Page_Concours photo  votez pour la plus bel_494087/input_trie par_keyword'

2022-07-18 11:18:16 - [TEST_STEP][PASSED] - click(findTestObject("Page_Concours photo  votez pour la plus bel_494087/tri")): Object: 'Object Repository/Page_Concours photo  votez pour la plus bel_494087/tri' is clicked on

2022-07-18 11:18:16 - [MESSAGE][PASSED] - Object: 'Object Repository/Page_Concours photo  votez pour la plus bel_494087/tri' is clicked on

2022-07-18 11:18:16 - [TEST_STEP][PASSED] - click(findTestObject("Page_Concours photo  votez pour la plus bel_494087/plus de votes")): Object: 'Object Repository/Page_Concours photo  votez pour la plus bel_494087/plus de votes' is clicked on

2022-07-18 11:18:17 - [MESSAGE][PASSED] - Object: 'Object Repository/Page_Concours photo  votez pour la plus bel_494087/plus de votes' is clicked on

2022-07-18 11:18:18 - [TEST_STEP][PASSED] - click(findTestObject("Object Repository/Page_Concours photo  votez pour la plus bel_494087/i_Votes_fa fa-heart")): Object: 'Object Repository/Page_Concours photo  votez pour la plus bel_494087/i_Votes_fa fa-heart' is clicked on

2022-07-18 11:18:19 - [MESSAGE][PASSED] - Object: 'Object Repository/Page_Concours photo  votez pour la plus bel_494087/i_Votes_fa fa-heart' is clicked on

2022-07-18 11:18:19 - [TEST_STEP][PASSED] - delay(1): Delayed 1 second(s)

2022-07-18 11:18:20 - [MESSAGE][PASSED] - Delayed 1 second(s)

2022-07-18 11:18:20 - [TEST_STEP][PASSED] - closeBrowser(): Browser is closed

2022-07-18 11:18:20 - [MESSAGE][PASSED] - Browser is closed]]></system-out>
         <system-err><![CDATA[]]></system-err>
      </testcase>
      <testcase name="Test Cases/Vote" time="30.553" classname="Test Cases/Vote" status="PASSED">
         <system-out><![CDATA[2022-07-18 11:18:20 - [TEST_CASE][PASSED] - Test Cases/Vote: Test Cases/Vote

2022-07-18 11:18:20 - [TEST_STEP][PASSED] - openBrowser(""): Browser is opened with url: ''

2022-07-18 11:18:20 - [MESSAGE][INFO] - Starting 'Chrome' driver

2022-07-18 11:18:20 - [MESSAGE][INFO] - Action delay is set to 0 milliseconds

2022-07-18 11:18:21 - [MESSAGE][PASSED] - Browser is opened with url: ''

2022-07-18 11:18:21 - [TEST_STEP][PASSED] - navigateToUrl("https://lesechosdutouquet.nordlittoral.fr/147787/article/2022-06-30/concours-photo-montrez-nous-la-plus-belle-photo-de-votre-chien-en-promenade-sur#l5lb6r47qsmp9ur58y"): Navigate to 'https://lesechosdutouquet.nordlittoral.fr/147787/article/2022-06-30/concours-photo-montrez-nous-la-plus-belle-photo-de-votre-chien-en-promenade-sur#l5lb6r47qsmp9ur58y' successfully

2022-07-18 11:18:24 - [MESSAGE][PASSED] - Navigate to 'https://lesechosdutouquet.nordlittoral.fr/147787/article/2022-06-30/concours-photo-montrez-nous-la-plus-belle-photo-de-votre-chien-en-promenade-sur#l5lb6r47qsmp9ur58y' successfully

2022-07-18 11:18:24 - [TEST_STEP][PASSED] - setViewPortSize(1920, 1080): Viewport is set to new size with width = 1920 and height = 1080

2022-07-18 11:18:24 - [MESSAGE][PASSED] - Viewport is set to new size with width = 1920 and height = 1080

2022-07-18 11:18:24 - [TEST_STEP][PASSED] - click(findTestObject("Object Repository/Page_Concours photo  votez pour la plus bel_494087/button_Accepter  Fermer")): Object: 'Object Repository/Page_Concours photo  votez pour la plus bel_494087/button_Accepter  Fermer' is clicked on

2022-07-18 11:18:25 - [MESSAGE][PASSED] - Object: 'Object Repository/Page_Concours photo  votez pour la plus bel_494087/button_Accepter  Fermer' is clicked on

2022-07-18 11:18:25 - [TEST_STEP][PASSED] - delay(12): Delayed 12 second(s)

2022-07-18 11:18:37 - [MESSAGE][PASSED] - Delayed 12 second(s)

2022-07-18 11:18:37 - [TEST_STEP][PASSED] - click(findTestObject("Object Repository/Page_Concours photo  votez pour la plus bel_494087/a_X")): Object: 'Object Repository/Page_Concours photo  votez pour la plus bel_494087/a_X' is clicked on

2022-07-18 11:18:38 - [MESSAGE][PASSED] - Object: 'Object Repository/Page_Concours photo  votez pour la plus bel_494087/a_X' is clicked on

2022-07-18 11:18:38 - [TEST_STEP][PASSED] - delay(1): Delayed 1 second(s)

2022-07-18 11:18:39 - [MESSAGE][PASSED] - Delayed 1 second(s)

2022-07-18 11:18:39 - [TEST_STEP][PASSED] - click(findTestObject("Object Repository/Page_Concours photo  votez pour la plus bel_494087/input_concat(Votez pour le plus beau chien de la cte d, , Opale )_jouer")): Object: 'Object Repository/Page_Concours photo  votez pour la plus bel_494087/input_concat(Votez pour le plus beau chien de la cte d, , Opale )_jouer' is clicked on

2022-07-18 11:18:39 - [MESSAGE][PASSED] - Object: 'Object Repository/Page_Concours photo  votez pour la plus bel_494087/input_concat(Votez pour le plus beau chien de la cte d, , Opale )_jouer' is clicked on

2022-07-18 11:18:39 - [TEST_STEP][PASSED] - if (verifyElementPresent(findTestObject("Page_Concours photo  votez pour la plus bel_494087/input_concat(Votez pour le plus beau chien de la cte d, , Opale )_jouer"), 1, OPTIONAL)): null

2022-07-18 11:18:41 - [MESSAGE][PASSED] - Object 'Object Repository/Page_Concours photo  votez pour la plus bel_494087/input_concat(Votez pour le plus beau chien de la cte d, , Opale )_jouer' is present

2022-07-18 11:18:41 - [TEST_STEP][PASSED] - click(findTestObject("Object Repository/Page_Concours photo  votez pour la plus bel_494087/input_concat(Votez pour le plus beau chien de la cte d, , Opale )_jouer")): Object: 'Object Repository/Page_Concours photo  votez pour la plus bel_494087/input_concat(Votez pour le plus beau chien de la cte d, , Opale )_jouer' is clicked on

2022-07-18 11:18:41 - [MESSAGE][PASSED] - Object: 'Object Repository/Page_Concours photo  votez pour la plus bel_494087/input_concat(Votez pour le plus beau chien de la cte d, , Opale )_jouer' is clicked on

2022-07-18 11:18:41 - [TEST_STEP][PASSED] - delay(1): Delayed 1 second(s)

2022-07-18 11:18:42 - [MESSAGE][PASSED] - Delayed 1 second(s)

2022-07-18 11:18:42 - [TEST_STEP][PASSED] - setText(findTestObject("Object Repository/Page_Concours photo  votez pour la plus bel_494087/input_trie par_keyword"), "Gaspard"): Text 'Gaspard' is set on object 'Object Repository/Page_Concours photo  votez pour la plus bel_494087/input_trie par_keyword'

2022-07-18 11:18:44 - [MESSAGE][PASSED] - Text 'Gaspard' is set on object 'Object Repository/Page_Concours photo  votez pour la plus bel_494087/input_trie par_keyword'

2022-07-18 11:18:45 - [TEST_STEP][PASSED] - sendKeys(findTestObject("Page_Concours photo  votez pour la plus bel_494087/input_trie par_keyword"), Keys.chord(ENTER)): Keys 'ENTER + ' sent to object: 'Object Repository/Page_Concours photo  votez pour la plus bel_494087/input_trie par_keyword'

2022-07-18 11:18:45 - [MESSAGE][PASSED] - Keys 'ENTER + ' sent to object: 'Object Repository/Page_Concours photo  votez pour la plus bel_494087/input_trie par_keyword'

2022-07-18 11:18:46 - [TEST_STEP][PASSED] - click(findTestObject("Page_Concours photo  votez pour la plus bel_494087/tri")): Object: 'Object Repository/Page_Concours photo  votez pour la plus bel_494087/tri' is clicked on

2022-07-18 11:18:47 - [MESSAGE][PASSED] - Object: 'Object Repository/Page_Concours photo  votez pour la plus bel_494087/tri' is clicked on

2022-07-18 11:18:47 - [TEST_STEP][PASSED] - click(findTestObject("Page_Concours photo  votez pour la plus bel_494087/plus de votes")): Object: 'Object Repository/Page_Concours photo  votez pour la plus bel_494087/plus de votes' is clicked on

2022-07-18 11:18:48 - [MESSAGE][PASSED] - Object: 'Object Repository/Page_Concours photo  votez pour la plus bel_494087/plus de votes' is clicked on

2022-07-18 11:18:49 - [TEST_STEP][PASSED] - click(findTestObject("Object Repository/Page_Concours photo  votez pour la plus bel_494087/i_Votes_fa fa-heart")): Object: 'Object Repository/Page_Concours photo  votez pour la plus bel_494087/i_Votes_fa fa-heart' is clicked on

2022-07-18 11:18:50 - [MESSAGE][PASSED] - Object: 'Object Repository/Page_Concours photo  votez pour la plus bel_494087/i_Votes_fa fa-heart' is clicked on

2022-07-18 11:18:50 - [TEST_STEP][PASSED] - delay(1): Delayed 1 second(s)

2022-07-18 11:18:51 - [MESSAGE][PASSED] - Delayed 1 second(s)

2022-07-18 11:18:51 - [TEST_STEP][PASSED] - closeBrowser(): Browser is closed

2022-07-18 11:18:51 - [MESSAGE][PASSED] - Browser is closed]]></system-out>
         <system-err><![CDATA[]]></system-err>
      </testcase>
      <testcase name="Test Cases/Vote" time="28.789" classname="Test Cases/Vote" status="PASSED">
         <system-out><![CDATA[2022-07-18 11:18:51 - [TEST_CASE][PASSED] - Test Cases/Vote: Test Cases/Vote

2022-07-18 11:18:51 - [TEST_STEP][PASSED] - openBrowser(""): Browser is opened with url: ''

2022-07-18 11:18:51 - [MESSAGE][INFO] - Starting 'Chrome' driver

2022-07-18 11:18:51 - [MESSAGE][INFO] - Action delay is set to 0 milliseconds

2022-07-18 11:18:52 - [MESSAGE][PASSED] - Browser is opened with url: ''

2022-07-18 11:18:52 - [TEST_STEP][PASSED] - navigateToUrl("https://lesechosdutouquet.nordlittoral.fr/147787/article/2022-06-30/concours-photo-montrez-nous-la-plus-belle-photo-de-votre-chien-en-promenade-sur#l5lb6r47qsmp9ur58y"): Navigate to 'https://lesechosdutouquet.nordlittoral.fr/147787/article/2022-06-30/concours-photo-montrez-nous-la-plus-belle-photo-de-votre-chien-en-promenade-sur#l5lb6r47qsmp9ur58y' successfully

2022-07-18 11:18:55 - [MESSAGE][PASSED] - Navigate to 'https://lesechosdutouquet.nordlittoral.fr/147787/article/2022-06-30/concours-photo-montrez-nous-la-plus-belle-photo-de-votre-chien-en-promenade-sur#l5lb6r47qsmp9ur58y' successfully

2022-07-18 11:18:55 - [TEST_STEP][PASSED] - setViewPortSize(1920, 1080): Viewport is set to new size with width = 1920 and height = 1080

2022-07-18 11:18:55 - [MESSAGE][PASSED] - Viewport is set to new size with width = 1920 and height = 1080

2022-07-18 11:18:55 - [TEST_STEP][PASSED] - click(findTestObject("Object Repository/Page_Concours photo  votez pour la plus bel_494087/button_Accepter  Fermer")): Object: 'Object Repository/Page_Concours photo  votez pour la plus bel_494087/button_Accepter  Fermer' is clicked on

2022-07-18 11:18:56 - [MESSAGE][PASSED] - Object: 'Object Repository/Page_Concours photo  votez pour la plus bel_494087/button_Accepter  Fermer' is clicked on

2022-07-18 11:18:56 - [TEST_STEP][PASSED] - delay(12): Delayed 12 second(s)

2022-07-18 11:19:08 - [MESSAGE][PASSED] - Delayed 12 second(s)

2022-07-18 11:19:08 - [TEST_STEP][PASSED] - click(findTestObject("Object Repository/Page_Concours photo  votez pour la plus bel_494087/a_X")): Object: 'Object Repository/Page_Concours photo  votez pour la plus bel_494087/a_X' is clicked on

2022-07-18 11:19:08 - [MESSAGE][PASSED] - Object: 'Object Repository/Page_Concours photo  votez pour la plus bel_494087/a_X' is clicked on

2022-07-18 11:19:08 - [TEST_STEP][PASSED] - delay(1): Delayed 1 second(s)

2022-07-18 11:19:09 - [MESSAGE][PASSED] - Delayed 1 second(s)

2022-07-18 11:19:09 - [TEST_STEP][PASSED] - click(findTestObject("Object Repository/Page_Concours photo  votez pour la plus bel_494087/input_concat(Votez pour le plus beau chien de la cte d, , Opale )_jouer")): Object: 'Object Repository/Page_Concours photo  votez pour la plus bel_494087/input_concat(Votez pour le plus beau chien de la cte d, , Opale )_jouer' is clicked on

2022-07-18 11:19:10 - [MESSAGE][PASSED] - Object: 'Object Repository/Page_Concours photo  votez pour la plus bel_494087/input_concat(Votez pour le plus beau chien de la cte d, , Opale )_jouer' is clicked on

2022-07-18 11:19:10 - [TEST_STEP][PASSED] - if (verifyElementPresent(findTestObject("Page_Concours photo  votez pour la plus bel_494087/input_concat(Votez pour le plus beau chien de la cte d, , Opale )_jouer"), 1, OPTIONAL)): null

2022-07-18 11:19:11 - [MESSAGE][PASSED] - Object 'Object Repository/Page_Concours photo  votez pour la plus bel_494087/input_concat(Votez pour le plus beau chien de la cte d, , Opale )_jouer' is present

2022-07-18 11:19:11 - [TEST_STEP][PASSED] - click(findTestObject("Object Repository/Page_Concours photo  votez pour la plus bel_494087/input_concat(Votez pour le plus beau chien de la cte d, , Opale )_jouer")): Object: 'Object Repository/Page_Concours photo  votez pour la plus bel_494087/input_concat(Votez pour le plus beau chien de la cte d, , Opale )_jouer' is clicked on

2022-07-18 11:19:11 - [MESSAGE][PASSED] - Object: 'Object Repository/Page_Concours photo  votez pour la plus bel_494087/input_concat(Votez pour le plus beau chien de la cte d, , Opale )_jouer' is clicked on

2022-07-18 11:19:11 - [TEST_STEP][PASSED] - delay(1): Delayed 1 second(s)

2022-07-18 11:19:12 - [MESSAGE][PASSED] - Delayed 1 second(s)

2022-07-18 11:19:12 - [TEST_STEP][PASSED] - setText(findTestObject("Object Repository/Page_Concours photo  votez pour la plus bel_494087/input_trie par_keyword"), "Gaspard"): Text 'Gaspard' is set on object 'Object Repository/Page_Concours photo  votez pour la plus bel_494087/input_trie par_keyword'

2022-07-18 11:19:15 - [MESSAGE][PASSED] - Text 'Gaspard' is set on object 'Object Repository/Page_Concours photo  votez pour la plus bel_494087/input_trie par_keyword'

2022-07-18 11:19:15 - [TEST_STEP][PASSED] - sendKeys(findTestObject("Page_Concours photo  votez pour la plus bel_494087/input_trie par_keyword"), Keys.chord(ENTER)): Keys 'ENTER + ' sent to object: 'Object Repository/Page_Concours photo  votez pour la plus bel_494087/input_trie par_keyword'

2022-07-18 11:19:15 - [MESSAGE][PASSED] - Keys 'ENTER + ' sent to object: 'Object Repository/Page_Concours photo  votez pour la plus bel_494087/input_trie par_keyword'

2022-07-18 11:19:15 - [TEST_STEP][PASSED] - click(findTestObject("Page_Concours photo  votez pour la plus bel_494087/tri")): Object: 'Object Repository/Page_Concours photo  votez pour la plus bel_494087/tri' is clicked on

2022-07-18 11:19:16 - [MESSAGE][PASSED] - Object: 'Object Repository/Page_Concours photo  votez pour la plus bel_494087/tri' is clicked on

2022-07-18 11:19:16 - [TEST_STEP][PASSED] - click(findTestObject("Page_Concours photo  votez pour la plus bel_494087/plus de votes")): Object: 'Object Repository/Page_Concours photo  votez pour la plus bel_494087/plus de votes' is clicked on

2022-07-18 11:19:17 - [MESSAGE][PASSED] - Object: 'Object Repository/Page_Concours photo  votez pour la plus bel_494087/plus de votes' is clicked on

2022-07-18 11:19:17 - [TEST_STEP][PASSED] - click(findTestObject("Object Repository/Page_Concours photo  votez pour la plus bel_494087/i_Votes_fa fa-heart")): Object: 'Object Repository/Page_Concours photo  votez pour la plus bel_494087/i_Votes_fa fa-heart' is clicked on

2022-07-18 11:19:18 - [MESSAGE][PASSED] - Object: 'Object Repository/Page_Concours photo  votez pour la plus bel_494087/i_Votes_fa fa-heart' is clicked on

2022-07-18 11:19:18 - [TEST_STEP][PASSED] - delay(1): Delayed 1 second(s)

2022-07-18 11:19:19 - [MESSAGE][PASSED] - Delayed 1 second(s)

2022-07-18 11:19:19 - [TEST_STEP][PASSED] - closeBrowser(): Browser is closed

2022-07-18 11:19:20 - [MESSAGE][PASSED] - Browser is closed]]></system-out>
         <system-err><![CDATA[]]></system-err>
      </testcase>
      <testcase name="Test Cases/Vote" time="41.848" classname="Test Cases/Vote" status="PASSED">
         <system-out><![CDATA[2022-07-18 11:19:20 - [TEST_CASE][PASSED] - Test Cases/Vote: Test Cases/Vote

2022-07-18 11:19:20 - [TEST_STEP][PASSED] - openBrowser(""): Browser is opened with url: ''

2022-07-18 11:19:20 - [MESSAGE][INFO] - Starting 'Chrome' driver

2022-07-18 11:19:20 - [MESSAGE][INFO] - Action delay is set to 0 milliseconds

2022-07-18 11:19:21 - [MESSAGE][PASSED] - Browser is opened with url: ''

2022-07-18 11:19:21 - [TEST_STEP][PASSED] - navigateToUrl("https://lesechosdutouquet.nordlittoral.fr/147787/article/2022-06-30/concours-photo-montrez-nous-la-plus-belle-photo-de-votre-chien-en-promenade-sur#l5lb6r47qsmp9ur58y"): Navigate to 'https://lesechosdutouquet.nordlittoral.fr/147787/article/2022-06-30/concours-photo-montrez-nous-la-plus-belle-photo-de-votre-chien-en-promenade-sur#l5lb6r47qsmp9ur58y' successfully

2022-07-18 11:19:36 - [MESSAGE][PASSED] - Navigate to 'https://lesechosdutouquet.nordlittoral.fr/147787/article/2022-06-30/concours-photo-montrez-nous-la-plus-belle-photo-de-votre-chien-en-promenade-sur#l5lb6r47qsmp9ur58y' successfully

2022-07-18 11:19:36 - [TEST_STEP][PASSED] - setViewPortSize(1920, 1080): Viewport is set to new size with width = 1920 and height = 1080

2022-07-18 11:19:36 - [MESSAGE][PASSED] - Viewport is set to new size with width = 1920 and height = 1080

2022-07-18 11:19:36 - [TEST_STEP][PASSED] - click(findTestObject("Object Repository/Page_Concours photo  votez pour la plus bel_494087/button_Accepter  Fermer")): Object: 'Object Repository/Page_Concours photo  votez pour la plus bel_494087/button_Accepter  Fermer' is clicked on

2022-07-18 11:19:37 - [MESSAGE][PASSED] - Object: 'Object Repository/Page_Concours photo  votez pour la plus bel_494087/button_Accepter  Fermer' is clicked on

2022-07-18 11:19:37 - [TEST_STEP][PASSED] - delay(12): Delayed 12 second(s)

2022-07-18 11:19:49 - [MESSAGE][PASSED] - Delayed 12 second(s)

2022-07-18 11:19:49 - [TEST_STEP][PASSED] - click(findTestObject("Object Repository/Page_Concours photo  votez pour la plus bel_494087/a_X")): Object: 'Object Repository/Page_Concours photo  votez pour la plus bel_494087/a_X' is clicked on

2022-07-18 11:19:50 - [MESSAGE][PASSED] - Object: 'Object Repository/Page_Concours photo  votez pour la plus bel_494087/a_X' is clicked on

2022-07-18 11:19:50 - [TEST_STEP][PASSED] - delay(1): Delayed 1 second(s)

2022-07-18 11:19:51 - [MESSAGE][PASSED] - Delayed 1 second(s)

2022-07-18 11:19:51 - [TEST_STEP][PASSED] - click(findTestObject("Object Repository/Page_Concours photo  votez pour la plus bel_494087/input_concat(Votez pour le plus beau chien de la cte d, , Opale )_jouer")): Object: 'Object Repository/Page_Concours photo  votez pour la plus bel_494087/input_concat(Votez pour le plus beau chien de la cte d, , Opale )_jouer' is clicked on

2022-07-18 11:19:51 - [MESSAGE][PASSED] - Object: 'Object Repository/Page_Concours photo  votez pour la plus bel_494087/input_concat(Votez pour le plus beau chien de la cte d, , Opale )_jouer' is clicked on

2022-07-18 11:19:51 - [TEST_STEP][PASSED] - if (verifyElementPresent(findTestObject("Page_Concours photo  votez pour la plus bel_494087/input_concat(Votez pour le plus beau chien de la cte d, , Opale )_jouer"), 1, OPTIONAL)): null

2022-07-18 11:19:53 - [MESSAGE][PASSED] - Object 'Object Repository/Page_Concours photo  votez pour la plus bel_494087/input_concat(Votez pour le plus beau chien de la cte d, , Opale )_jouer' is present

2022-07-18 11:19:53 - [TEST_STEP][PASSED] - click(findTestObject("Object Repository/Page_Concours photo  votez pour la plus bel_494087/input_concat(Votez pour le plus beau chien de la cte d, , Opale )_jouer")): Object: 'Object Repository/Page_Concours photo  votez pour la plus bel_494087/input_concat(Votez pour le plus beau chien de la cte d, , Opale )_jouer' is clicked on

2022-07-18 11:19:53 - [MESSAGE][PASSED] - Object: 'Object Repository/Page_Concours photo  votez pour la plus bel_494087/input_concat(Votez pour le plus beau chien de la cte d, , Opale )_jouer' is clicked on

2022-07-18 11:19:53 - [TEST_STEP][PASSED] - delay(1): Delayed 1 second(s)

2022-07-18 11:19:54 - [MESSAGE][PASSED] - Delayed 1 second(s)

2022-07-18 11:19:54 - [TEST_STEP][PASSED] - setText(findTestObject("Object Repository/Page_Concours photo  votez pour la plus bel_494087/input_trie par_keyword"), "Gaspard"): Text 'Gaspard' is set on object 'Object Repository/Page_Concours photo  votez pour la plus bel_494087/input_trie par_keyword'

2022-07-18 11:19:57 - [MESSAGE][PASSED] - Text 'Gaspard' is set on object 'Object Repository/Page_Concours photo  votez pour la plus bel_494087/input_trie par_keyword'

2022-07-18 11:19:57 - [TEST_STEP][PASSED] - sendKeys(findTestObject("Page_Concours photo  votez pour la plus bel_494087/input_trie par_keyword"), Keys.chord(ENTER)): Keys 'ENTER + ' sent to object: 'Object Repository/Page_Concours photo  votez pour la plus bel_494087/input_trie par_keyword'

2022-07-18 11:19:57 - [MESSAGE][PASSED] - Keys 'ENTER + ' sent to object: 'Object Repository/Page_Concours photo  votez pour la plus bel_494087/input_trie par_keyword'

2022-07-18 11:19:57 - [TEST_STEP][PASSED] - click(findTestObject("Page_Concours photo  votez pour la plus bel_494087/tri")): Object: 'Object Repository/Page_Concours photo  votez pour la plus bel_494087/tri' is clicked on

2022-07-18 11:19:58 - [MESSAGE][PASSED] - Object: 'Object Repository/Page_Concours photo  votez pour la plus bel_494087/tri' is clicked on

2022-07-18 11:19:58 - [TEST_STEP][PASSED] - click(findTestObject("Page_Concours photo  votez pour la plus bel_494087/plus de votes")): Object: 'Object Repository/Page_Concours photo  votez pour la plus bel_494087/plus de votes' is clicked on

2022-07-18 11:19:59 - [MESSAGE][PASSED] - Object: 'Object Repository/Page_Concours photo  votez pour la plus bel_494087/plus de votes' is clicked on

2022-07-18 11:19:59 - [TEST_STEP][PASSED] - click(findTestObject("Object Repository/Page_Concours photo  votez pour la plus bel_494087/i_Votes_fa fa-heart")): Object: 'Object Repository/Page_Concours photo  votez pour la plus bel_494087/i_Votes_fa fa-heart' is clicked on

2022-07-18 11:20:00 - [MESSAGE][PASSED] - Object: 'Object Repository/Page_Concours photo  votez pour la plus bel_494087/i_Votes_fa fa-heart' is clicked on

2022-07-18 11:20:00 - [TEST_STEP][PASSED] - delay(1): Delayed 1 second(s)

2022-07-18 11:20:01 - [MESSAGE][PASSED] - Delayed 1 second(s)

2022-07-18 11:20:01 - [TEST_STEP][PASSED] - closeBrowser(): Browser is closed

2022-07-18 11:20:01 - [MESSAGE][PASSED] - Browser is closed]]></system-out>
         <system-err><![CDATA[]]></system-err>
      </testcase>
      <testcase name="Test Cases/Vote" time="28.352" classname="Test Cases/Vote" status="PASSED">
         <system-out><![CDATA[2022-07-18 11:20:01 - [TEST_CASE][PASSED] - Test Cases/Vote: Test Cases/Vote

2022-07-18 11:20:01 - [TEST_STEP][PASSED] - openBrowser(""): Browser is opened with url: ''

2022-07-18 11:20:01 - [MESSAGE][INFO] - Starting 'Chrome' driver

2022-07-18 11:20:02 - [MESSAGE][INFO] - Action delay is set to 0 milliseconds

2022-07-18 11:20:03 - [MESSAGE][PASSED] - Browser is opened with url: ''

2022-07-18 11:20:03 - [TEST_STEP][PASSED] - navigateToUrl("https://lesechosdutouquet.nordlittoral.fr/147787/article/2022-06-30/concours-photo-montrez-nous-la-plus-belle-photo-de-votre-chien-en-promenade-sur#l5lb6r47qsmp9ur58y"): Navigate to 'https://lesechosdutouquet.nordlittoral.fr/147787/article/2022-06-30/concours-photo-montrez-nous-la-plus-belle-photo-de-votre-chien-en-promenade-sur#l5lb6r47qsmp9ur58y' successfully

2022-07-18 11:20:06 - [MESSAGE][PASSED] - Navigate to 'https://lesechosdutouquet.nordlittoral.fr/147787/article/2022-06-30/concours-photo-montrez-nous-la-plus-belle-photo-de-votre-chien-en-promenade-sur#l5lb6r47qsmp9ur58y' successfully

2022-07-18 11:20:06 - [TEST_STEP][PASSED] - setViewPortSize(1920, 1080): Viewport is set to new size with width = 1920 and height = 1080

2022-07-18 11:20:06 - [MESSAGE][PASSED] - Viewport is set to new size with width = 1920 and height = 1080

2022-07-18 11:20:06 - [TEST_STEP][PASSED] - click(findTestObject("Object Repository/Page_Concours photo  votez pour la plus bel_494087/button_Accepter  Fermer")): Object: 'Object Repository/Page_Concours photo  votez pour la plus bel_494087/button_Accepter  Fermer' is clicked on

2022-07-18 11:20:07 - [MESSAGE][PASSED] - Object: 'Object Repository/Page_Concours photo  votez pour la plus bel_494087/button_Accepter  Fermer' is clicked on

2022-07-18 11:20:07 - [TEST_STEP][PASSED] - delay(12): Delayed 12 second(s)

2022-07-18 11:20:19 - [MESSAGE][PASSED] - Delayed 12 second(s)

2022-07-18 11:20:19 - [TEST_STEP][PASSED] - click(findTestObject("Object Repository/Page_Concours photo  votez pour la plus bel_494087/a_X")): Object: 'Object Repository/Page_Concours photo  votez pour la plus bel_494087/a_X' is clicked on

2022-07-18 11:20:19 - [MESSAGE][PASSED] - Object: 'Object Repository/Page_Concours photo  votez pour la plus bel_494087/a_X' is clicked on

2022-07-18 11:20:19 - [TEST_STEP][PASSED] - delay(1): Delayed 1 second(s)

2022-07-18 11:20:20 - [MESSAGE][PASSED] - Delayed 1 second(s)

2022-07-18 11:20:20 - [TEST_STEP][PASSED] - click(findTestObject("Object Repository/Page_Concours photo  votez pour la plus bel_494087/input_concat(Votez pour le plus beau chien de la cte d, , Opale )_jouer")): Object: 'Object Repository/Page_Concours photo  votez pour la plus bel_494087/input_concat(Votez pour le plus beau chien de la cte d, , Opale )_jouer' is clicked on

2022-07-18 11:20:21 - [MESSAGE][PASSED] - Object: 'Object Repository/Page_Concours photo  votez pour la plus bel_494087/input_concat(Votez pour le plus beau chien de la cte d, , Opale )_jouer' is clicked on

2022-07-18 11:20:21 - [TEST_STEP][PASSED] - if (verifyElementPresent(findTestObject("Page_Concours photo  votez pour la plus bel_494087/input_concat(Votez pour le plus beau chien de la cte d, , Opale )_jouer"), 1, OPTIONAL)): null

2022-07-18 11:20:22 - [MESSAGE][PASSED] - Object 'Object Repository/Page_Concours photo  votez pour la plus bel_494087/input_concat(Votez pour le plus beau chien de la cte d, , Opale )_jouer' is present

2022-07-18 11:20:22 - [TEST_STEP][PASSED] - click(findTestObject("Object Repository/Page_Concours photo  votez pour la plus bel_494087/input_concat(Votez pour le plus beau chien de la cte d, , Opale )_jouer")): Object: 'Object Repository/Page_Concours photo  votez pour la plus bel_494087/input_concat(Votez pour le plus beau chien de la cte d, , Opale )_jouer' is clicked on

2022-07-18 11:20:23 - [MESSAGE][PASSED] - Object: 'Object Repository/Page_Concours photo  votez pour la plus bel_494087/input_concat(Votez pour le plus beau chien de la cte d, , Opale )_jouer' is clicked on

2022-07-18 11:20:23 - [TEST_STEP][PASSED] - delay(1): Delayed 1 second(s)

2022-07-18 11:20:24 - [MESSAGE][PASSED] - Delayed 1 second(s)

2022-07-18 11:20:24 - [TEST_STEP][PASSED] - setText(findTestObject("Object Repository/Page_Concours photo  votez pour la plus bel_494087/input_trie par_keyword"), "Gaspard"): Text 'Gaspard' is set on object 'Object Repository/Page_Concours photo  votez pour la plus bel_494087/input_trie par_keyword'

2022-07-18 11:20:25 - [MESSAGE][PASSED] - Text 'Gaspard' is set on object 'Object Repository/Page_Concours photo  votez pour la plus bel_494087/input_trie par_keyword'

2022-07-18 11:20:25 - [TEST_STEP][PASSED] - sendKeys(findTestObject("Page_Concours photo  votez pour la plus bel_494087/input_trie par_keyword"), Keys.chord(ENTER)): Keys 'ENTER + ' sent to object: 'Object Repository/Page_Concours photo  votez pour la plus bel_494087/input_trie par_keyword'

2022-07-18 11:20:25 - [MESSAGE][PASSED] - Keys 'ENTER + ' sent to object: 'Object Repository/Page_Concours photo  votez pour la plus bel_494087/input_trie par_keyword'

2022-07-18 11:20:25 - [TEST_STEP][PASSED] - click(findTestObject("Page_Concours photo  votez pour la plus bel_494087/tri")): Object: 'Object Repository/Page_Concours photo  votez pour la plus bel_494087/tri' is clicked on

2022-07-18 11:20:27 - [MESSAGE][PASSED] - Object: 'Object Repository/Page_Concours photo  votez pour la plus bel_494087/tri' is clicked on

2022-07-18 11:20:27 - [TEST_STEP][PASSED] - click(findTestObject("Page_Concours photo  votez pour la plus bel_494087/plus de votes")): Object: 'Object Repository/Page_Concours photo  votez pour la plus bel_494087/plus de votes' is clicked on

2022-07-18 11:20:28 - [MESSAGE][PASSED] - Object: 'Object Repository/Page_Concours photo  votez pour la plus bel_494087/plus de votes' is clicked on

2022-07-18 11:20:28 - [TEST_STEP][PASSED] - click(findTestObject("Object Repository/Page_Concours photo  votez pour la plus bel_494087/i_Votes_fa fa-heart")): Object: 'Object Repository/Page_Concours photo  votez pour la plus bel_494087/i_Votes_fa fa-heart' is clicked on

2022-07-18 11:20:29 - [MESSAGE][PASSED] - Object: 'Object Repository/Page_Concours photo  votez pour la plus bel_494087/i_Votes_fa fa-heart' is clicked on

2022-07-18 11:20:29 - [TEST_STEP][PASSED] - delay(1): Delayed 1 second(s)

2022-07-18 11:20:30 - [MESSAGE][PASSED] - Delayed 1 second(s)

2022-07-18 11:20:30 - [TEST_STEP][PASSED] - closeBrowser(): Browser is closed

2022-07-18 11:20:30 - [MESSAGE][PASSED] - Browser is closed]]></system-out>
         <system-err><![CDATA[]]></system-err>
      </testcase>
      <testcase name="Test Cases/Vote" time="30.71" classname="Test Cases/Vote" status="PASSED">
         <system-out><![CDATA[2022-07-18 11:20:30 - [TEST_CASE][PASSED] - Test Cases/Vote: Test Cases/Vote

2022-07-18 11:20:30 - [TEST_STEP][PASSED] - openBrowser(""): Browser is opened with url: ''

2022-07-18 11:20:30 - [MESSAGE][INFO] - Starting 'Chrome' driver

2022-07-18 11:20:30 - [MESSAGE][INFO] - Action delay is set to 0 milliseconds

2022-07-18 11:20:31 - [MESSAGE][PASSED] - Browser is opened with url: ''

2022-07-18 11:20:31 - [TEST_STEP][PASSED] - navigateToUrl("https://lesechosdutouquet.nordlittoral.fr/147787/article/2022-06-30/concours-photo-montrez-nous-la-plus-belle-photo-de-votre-chien-en-promenade-sur#l5lb6r47qsmp9ur58y"): Navigate to 'https://lesechosdutouquet.nordlittoral.fr/147787/article/2022-06-30/concours-photo-montrez-nous-la-plus-belle-photo-de-votre-chien-en-promenade-sur#l5lb6r47qsmp9ur58y' successfully

2022-07-18 11:20:34 - [MESSAGE][PASSED] - Navigate to 'https://lesechosdutouquet.nordlittoral.fr/147787/article/2022-06-30/concours-photo-montrez-nous-la-plus-belle-photo-de-votre-chien-en-promenade-sur#l5lb6r47qsmp9ur58y' successfully

2022-07-18 11:20:34 - [TEST_STEP][PASSED] - setViewPortSize(1920, 1080): Viewport is set to new size with width = 1920 and height = 1080

2022-07-18 11:20:34 - [MESSAGE][PASSED] - Viewport is set to new size with width = 1920 and height = 1080

2022-07-18 11:20:34 - [TEST_STEP][PASSED] - click(findTestObject("Object Repository/Page_Concours photo  votez pour la plus bel_494087/button_Accepter  Fermer")): Object: 'Object Repository/Page_Concours photo  votez pour la plus bel_494087/button_Accepter  Fermer' is clicked on

2022-07-18 11:20:35 - [MESSAGE][PASSED] - Object: 'Object Repository/Page_Concours photo  votez pour la plus bel_494087/button_Accepter  Fermer' is clicked on

2022-07-18 11:20:35 - [TEST_STEP][PASSED] - delay(12): Delayed 12 second(s)

2022-07-18 11:20:47 - [MESSAGE][PASSED] - Delayed 12 second(s)

2022-07-18 11:20:47 - [TEST_STEP][PASSED] - click(findTestObject("Object Repository/Page_Concours photo  votez pour la plus bel_494087/a_X")): Object: 'Object Repository/Page_Concours photo  votez pour la plus bel_494087/a_X' is clicked on

2022-07-18 11:20:48 - [MESSAGE][PASSED] - Object: 'Object Repository/Page_Concours photo  votez pour la plus bel_494087/a_X' is clicked on

2022-07-18 11:20:48 - [TEST_STEP][PASSED] - delay(1): Delayed 1 second(s)

2022-07-18 11:20:49 - [MESSAGE][PASSED] - Delayed 1 second(s)

2022-07-18 11:20:49 - [TEST_STEP][PASSED] - click(findTestObject("Object Repository/Page_Concours photo  votez pour la plus bel_494087/input_concat(Votez pour le plus beau chien de la cte d, , Opale )_jouer")): Object: 'Object Repository/Page_Concours photo  votez pour la plus bel_494087/input_concat(Votez pour le plus beau chien de la cte d, , Opale )_jouer' is clicked on

2022-07-18 11:20:50 - [MESSAGE][PASSED] - Object: 'Object Repository/Page_Concours photo  votez pour la plus bel_494087/input_concat(Votez pour le plus beau chien de la cte d, , Opale )_jouer' is clicked on

2022-07-18 11:20:50 - [TEST_STEP][PASSED] - if (verifyElementPresent(findTestObject("Page_Concours photo  votez pour la plus bel_494087/input_concat(Votez pour le plus beau chien de la cte d, , Opale )_jouer"), 1, OPTIONAL)): null

2022-07-18 11:20:51 - [MESSAGE][PASSED] - Object 'Object Repository/Page_Concours photo  votez pour la plus bel_494087/input_concat(Votez pour le plus beau chien de la cte d, , Opale )_jouer' is present

2022-07-18 11:20:51 - [TEST_STEP][PASSED] - click(findTestObject("Object Repository/Page_Concours photo  votez pour la plus bel_494087/input_concat(Votez pour le plus beau chien de la cte d, , Opale )_jouer")): Object: 'Object Repository/Page_Concours photo  votez pour la plus bel_494087/input_concat(Votez pour le plus beau chien de la cte d, , Opale )_jouer' is clicked on

2022-07-18 11:20:51 - [MESSAGE][PASSED] - Object: 'Object Repository/Page_Concours photo  votez pour la plus bel_494087/input_concat(Votez pour le plus beau chien de la cte d, , Opale )_jouer' is clicked on

2022-07-18 11:20:51 - [TEST_STEP][PASSED] - delay(1): Delayed 1 second(s)

2022-07-18 11:20:52 - [MESSAGE][PASSED] - Delayed 1 second(s)

2022-07-18 11:20:52 - [TEST_STEP][PASSED] - setText(findTestObject("Object Repository/Page_Concours photo  votez pour la plus bel_494087/input_trie par_keyword"), "Gaspard"): Text 'Gaspard' is set on object 'Object Repository/Page_Concours photo  votez pour la plus bel_494087/input_trie par_keyword'

2022-07-18 11:20:54 - [MESSAGE][PASSED] - Text 'Gaspard' is set on object 'Object Repository/Page_Concours photo  votez pour la plus bel_494087/input_trie par_keyword'

2022-07-18 11:20:54 - [TEST_STEP][PASSED] - sendKeys(findTestObject("Page_Concours photo  votez pour la plus bel_494087/input_trie par_keyword"), Keys.chord(ENTER)): Keys 'ENTER + ' sent to object: 'Object Repository/Page_Concours photo  votez pour la plus bel_494087/input_trie par_keyword'

2022-07-18 11:20:55 - [MESSAGE][PASSED] - Keys 'ENTER + ' sent to object: 'Object Repository/Page_Concours photo  votez pour la plus bel_494087/input_trie par_keyword'

2022-07-18 11:20:55 - [TEST_STEP][PASSED] - click(findTestObject("Page_Concours photo  votez pour la plus bel_494087/tri")): Object: 'Object Repository/Page_Concours photo  votez pour la plus bel_494087/tri' is clicked on

2022-07-18 11:20:57 - [MESSAGE][PASSED] - Object: 'Object Repository/Page_Concours photo  votez pour la plus bel_494087/tri' is clicked on

2022-07-18 11:20:57 - [TEST_STEP][PASSED] - click(findTestObject("Page_Concours photo  votez pour la plus bel_494087/plus de votes")): Object: 'Object Repository/Page_Concours photo  votez pour la plus bel_494087/plus de votes' is clicked on

2022-07-18 11:20:58 - [MESSAGE][PASSED] - Object: 'Object Repository/Page_Concours photo  votez pour la plus bel_494087/plus de votes' is clicked on

2022-07-18 11:20:59 - [TEST_STEP][PASSED] - click(findTestObject("Object Repository/Page_Concours photo  votez pour la plus bel_494087/i_Votes_fa fa-heart")): Object: 'Object Repository/Page_Concours photo  votez pour la plus bel_494087/i_Votes_fa fa-heart' is clicked on

2022-07-18 11:20:59 - [MESSAGE][PASSED] - Object: 'Object Repository/Page_Concours photo  votez pour la plus bel_494087/i_Votes_fa fa-heart' is clicked on

2022-07-18 11:20:59 - [TEST_STEP][PASSED] - delay(1): Delayed 1 second(s)

2022-07-18 11:21:00 - [MESSAGE][PASSED] - Delayed 1 second(s)

2022-07-18 11:21:00 - [TEST_STEP][PASSED] - closeBrowser(): Browser is closed

2022-07-18 11:21:01 - [MESSAGE][PASSED] - Browser is closed]]></system-out>
         <system-err><![CDATA[]]></system-err>
      </testcase>
      <testcase name="Test Cases/Vote" time="32.178" classname="Test Cases/Vote" status="PASSED">
         <system-out><![CDATA[2022-07-18 11:21:01 - [TEST_CASE][PASSED] - Test Cases/Vote: Test Cases/Vote

2022-07-18 11:21:01 - [TEST_STEP][PASSED] - openBrowser(""): Browser is opened with url: ''

2022-07-18 11:21:01 - [MESSAGE][INFO] - Starting 'Chrome' driver

2022-07-18 11:21:01 - [MESSAGE][INFO] - Action delay is set to 0 milliseconds

2022-07-18 11:21:02 - [MESSAGE][PASSED] - Browser is opened with url: ''

2022-07-18 11:21:02 - [TEST_STEP][PASSED] - navigateToUrl("https://lesechosdutouquet.nordlittoral.fr/147787/article/2022-06-30/concours-photo-montrez-nous-la-plus-belle-photo-de-votre-chien-en-promenade-sur#l5lb6r47qsmp9ur58y"): Navigate to 'https://lesechosdutouquet.nordlittoral.fr/147787/article/2022-06-30/concours-photo-montrez-nous-la-plus-belle-photo-de-votre-chien-en-promenade-sur#l5lb6r47qsmp9ur58y' successfully

2022-07-18 11:21:03 - [MESSAGE][PASSED] - Navigate to 'https://lesechosdutouquet.nordlittoral.fr/147787/article/2022-06-30/concours-photo-montrez-nous-la-plus-belle-photo-de-votre-chien-en-promenade-sur#l5lb6r47qsmp9ur58y' successfully

2022-07-18 11:21:03 - [TEST_STEP][PASSED] - setViewPortSize(1920, 1080): Viewport is set to new size with width = 1920 and height = 1080

2022-07-18 11:21:03 - [MESSAGE][PASSED] - Viewport is set to new size with width = 1920 and height = 1080

2022-07-18 11:21:03 - [TEST_STEP][PASSED] - click(findTestObject("Object Repository/Page_Concours photo  votez pour la plus bel_494087/button_Accepter  Fermer")): Object: 'Object Repository/Page_Concours photo  votez pour la plus bel_494087/button_Accepter  Fermer' is clicked on

2022-07-18 11:21:08 - [MESSAGE][PASSED] - Object: 'Object Repository/Page_Concours photo  votez pour la plus bel_494087/button_Accepter  Fermer' is clicked on

2022-07-18 11:21:08 - [TEST_STEP][PASSED] - delay(12): Delayed 12 second(s)

2022-07-18 11:21:20 - [MESSAGE][PASSED] - Delayed 12 second(s)

2022-07-18 11:21:20 - [TEST_STEP][PASSED] - click(findTestObject("Object Repository/Page_Concours photo  votez pour la plus bel_494087/a_X")): Object: 'Object Repository/Page_Concours photo  votez pour la plus bel_494087/a_X' is clicked on

2022-07-18 11:21:21 - [MESSAGE][PASSED] - Object: 'Object Repository/Page_Concours photo  votez pour la plus bel_494087/a_X' is clicked on

2022-07-18 11:21:21 - [TEST_STEP][PASSED] - delay(1): Delayed 1 second(s)

2022-07-18 11:21:22 - [MESSAGE][PASSED] - Delayed 1 second(s)

2022-07-18 11:21:22 - [TEST_STEP][PASSED] - click(findTestObject("Object Repository/Page_Concours photo  votez pour la plus bel_494087/input_concat(Votez pour le plus beau chien de la cte d, , Opale )_jouer")): Object: 'Object Repository/Page_Concours photo  votez pour la plus bel_494087/input_concat(Votez pour le plus beau chien de la cte d, , Opale )_jouer' is clicked on

2022-07-18 11:21:23 - [MESSAGE][PASSED] - Object: 'Object Repository/Page_Concours photo  votez pour la plus bel_494087/input_concat(Votez pour le plus beau chien de la cte d, , Opale )_jouer' is clicked on

2022-07-18 11:21:23 - [TEST_STEP][PASSED] - if (verifyElementPresent(findTestObject("Page_Concours photo  votez pour la plus bel_494087/input_concat(Votez pour le plus beau chien de la cte d, , Opale )_jouer"), 1, OPTIONAL)): null

2022-07-18 11:21:24 - [MESSAGE][PASSED] - Object 'Object Repository/Page_Concours photo  votez pour la plus bel_494087/input_concat(Votez pour le plus beau chien de la cte d, , Opale )_jouer' is present

2022-07-18 11:21:24 - [TEST_STEP][PASSED] - click(findTestObject("Object Repository/Page_Concours photo  votez pour la plus bel_494087/input_concat(Votez pour le plus beau chien de la cte d, , Opale )_jouer")): Object: 'Object Repository/Page_Concours photo  votez pour la plus bel_494087/input_concat(Votez pour le plus beau chien de la cte d, , Opale )_jouer' is clicked on

2022-07-18 11:21:24 - [MESSAGE][PASSED] - Object: 'Object Repository/Page_Concours photo  votez pour la plus bel_494087/input_concat(Votez pour le plus beau chien de la cte d, , Opale )_jouer' is clicked on

2022-07-18 11:21:24 - [TEST_STEP][PASSED] - delay(1): Delayed 1 second(s)

2022-07-18 11:21:25 - [MESSAGE][PASSED] - Delayed 1 second(s)

2022-07-18 11:21:25 - [TEST_STEP][PASSED] - setText(findTestObject("Object Repository/Page_Concours photo  votez pour la plus bel_494087/input_trie par_keyword"), "Gaspard"): Text 'Gaspard' is set on object 'Object Repository/Page_Concours photo  votez pour la plus bel_494087/input_trie par_keyword'

2022-07-18 11:21:27 - [MESSAGE][PASSED] - Text 'Gaspard' is set on object 'Object Repository/Page_Concours photo  votez pour la plus bel_494087/input_trie par_keyword'

2022-07-18 11:21:27 - [TEST_STEP][PASSED] - sendKeys(findTestObject("Page_Concours photo  votez pour la plus bel_494087/input_trie par_keyword"), Keys.chord(ENTER)): Keys 'ENTER + ' sent to object: 'Object Repository/Page_Concours photo  votez pour la plus bel_494087/input_trie par_keyword'

2022-07-18 11:21:28 - [MESSAGE][PASSED] - Keys 'ENTER + ' sent to object: 'Object Repository/Page_Concours photo  votez pour la plus bel_494087/input_trie par_keyword'

2022-07-18 11:21:28 - [TEST_STEP][PASSED] - click(findTestObject("Page_Concours photo  votez pour la plus bel_494087/tri")): Object: 'Object Repository/Page_Concours photo  votez pour la plus bel_494087/tri' is clicked on

2022-07-18 11:21:29 - [MESSAGE][PASSED] - Object: 'Object Repository/Page_Concours photo  votez pour la plus bel_494087/tri' is clicked on

2022-07-18 11:21:29 - [TEST_STEP][PASSED] - click(findTestObject("Page_Concours photo  votez pour la plus bel_494087/plus de votes")): Object: 'Object Repository/Page_Concours photo  votez pour la plus bel_494087/plus de votes' is clicked on

2022-07-18 11:21:30 - [MESSAGE][PASSED] - Object: 'Object Repository/Page_Concours photo  votez pour la plus bel_494087/plus de votes' is clicked on

2022-07-18 11:21:31 - [TEST_STEP][PASSED] - click(findTestObject("Object Repository/Page_Concours photo  votez pour la plus bel_494087/i_Votes_fa fa-heart")): Object: 'Object Repository/Page_Concours photo  votez pour la plus bel_494087/i_Votes_fa fa-heart' is clicked on

2022-07-18 11:21:31 - [MESSAGE][PASSED] - Object: 'Object Repository/Page_Concours photo  votez pour la plus bel_494087/i_Votes_fa fa-heart' is clicked on

2022-07-18 11:21:31 - [TEST_STEP][PASSED] - delay(1): Delayed 1 second(s)

2022-07-18 11:21:32 - [MESSAGE][PASSED] - Delayed 1 second(s)

2022-07-18 11:21:32 - [TEST_STEP][PASSED] - closeBrowser(): Browser is closed

2022-07-18 11:21:33 - [MESSAGE][PASSED] - Browser is closed]]></system-out>
         <system-err><![CDATA[]]></system-err>
      </testcase>
      <testcase name="Test Cases/Vote" time="31.89" classname="Test Cases/Vote" status="PASSED">
         <system-out><![CDATA[2022-07-18 11:21:33 - [TEST_CASE][PASSED] - Test Cases/Vote: Test Cases/Vote

2022-07-18 11:21:33 - [TEST_STEP][PASSED] - openBrowser(""): Browser is opened with url: ''

2022-07-18 11:21:33 - [MESSAGE][INFO] - Starting 'Chrome' driver

2022-07-18 11:21:33 - [MESSAGE][INFO] - Action delay is set to 0 milliseconds

2022-07-18 11:21:34 - [MESSAGE][PASSED] - Browser is opened with url: ''

2022-07-18 11:21:34 - [TEST_STEP][PASSED] - navigateToUrl("https://lesechosdutouquet.nordlittoral.fr/147787/article/2022-06-30/concours-photo-montrez-nous-la-plus-belle-photo-de-votre-chien-en-promenade-sur#l5lb6r47qsmp9ur58y"): Navigate to 'https://lesechosdutouquet.nordlittoral.fr/147787/article/2022-06-30/concours-photo-montrez-nous-la-plus-belle-photo-de-votre-chien-en-promenade-sur#l5lb6r47qsmp9ur58y' successfully

2022-07-18 11:21:37 - [MESSAGE][PASSED] - Navigate to 'https://lesechosdutouquet.nordlittoral.fr/147787/article/2022-06-30/concours-photo-montrez-nous-la-plus-belle-photo-de-votre-chien-en-promenade-sur#l5lb6r47qsmp9ur58y' successfully

2022-07-18 11:21:37 - [TEST_STEP][PASSED] - setViewPortSize(1920, 1080): Viewport is set to new size with width = 1920 and height = 1080

2022-07-18 11:21:37 - [MESSAGE][PASSED] - Viewport is set to new size with width = 1920 and height = 1080

2022-07-18 11:21:37 - [TEST_STEP][PASSED] - click(findTestObject("Object Repository/Page_Concours photo  votez pour la plus bel_494087/button_Accepter  Fermer")): Object: 'Object Repository/Page_Concours photo  votez pour la plus bel_494087/button_Accepter  Fermer' is clicked on

2022-07-18 11:21:38 - [MESSAGE][PASSED] - Object: 'Object Repository/Page_Concours photo  votez pour la plus bel_494087/button_Accepter  Fermer' is clicked on

2022-07-18 11:21:38 - [TEST_STEP][PASSED] - delay(12): Delayed 12 second(s)

2022-07-18 11:21:50 - [MESSAGE][PASSED] - Delayed 12 second(s)

2022-07-18 11:21:50 - [TEST_STEP][PASSED] - click(findTestObject("Object Repository/Page_Concours photo  votez pour la plus bel_494087/a_X")): Object: 'Object Repository/Page_Concours photo  votez pour la plus bel_494087/a_X' is clicked on

2022-07-18 11:21:51 - [MESSAGE][PASSED] - Object: 'Object Repository/Page_Concours photo  votez pour la plus bel_494087/a_X' is clicked on

2022-07-18 11:21:51 - [TEST_STEP][PASSED] - delay(1): Delayed 1 second(s)

2022-07-18 11:21:52 - [MESSAGE][PASSED] - Delayed 1 second(s)

2022-07-18 11:21:52 - [TEST_STEP][PASSED] - click(findTestObject("Object Repository/Page_Concours photo  votez pour la plus bel_494087/input_concat(Votez pour le plus beau chien de la cte d, , Opale )_jouer")): Object: 'Object Repository/Page_Concours photo  votez pour la plus bel_494087/input_concat(Votez pour le plus beau chien de la cte d, , Opale )_jouer' is clicked on

2022-07-18 11:21:52 - [MESSAGE][PASSED] - Object: 'Object Repository/Page_Concours photo  votez pour la plus bel_494087/input_concat(Votez pour le plus beau chien de la cte d, , Opale )_jouer' is clicked on

2022-07-18 11:21:53 - [TEST_STEP][PASSED] - if (verifyElementPresent(findTestObject("Page_Concours photo  votez pour la plus bel_494087/input_concat(Votez pour le plus beau chien de la cte d, , Opale )_jouer"), 1, OPTIONAL)): null

2022-07-18 11:21:54 - [MESSAGE][PASSED] - Object 'Object Repository/Page_Concours photo  votez pour la plus bel_494087/input_concat(Votez pour le plus beau chien de la cte d, , Opale )_jouer' is present

2022-07-18 11:21:54 - [TEST_STEP][PASSED] - click(findTestObject("Object Repository/Page_Concours photo  votez pour la plus bel_494087/input_concat(Votez pour le plus beau chien de la cte d, , Opale )_jouer")): Object: 'Object Repository/Page_Concours photo  votez pour la plus bel_494087/input_concat(Votez pour le plus beau chien de la cte d, , Opale )_jouer' is clicked on

2022-07-18 11:21:54 - [MESSAGE][PASSED] - Object: 'Object Repository/Page_Concours photo  votez pour la plus bel_494087/input_concat(Votez pour le plus beau chien de la cte d, , Opale )_jouer' is clicked on

2022-07-18 11:21:54 - [TEST_STEP][PASSED] - delay(1): Delayed 1 second(s)

2022-07-18 11:21:55 - [MESSAGE][PASSED] - Delayed 1 second(s)

2022-07-18 11:21:55 - [TEST_STEP][PASSED] - setText(findTestObject("Object Repository/Page_Concours photo  votez pour la plus bel_494087/input_trie par_keyword"), "Gaspard"): Text 'Gaspard' is set on object 'Object Repository/Page_Concours photo  votez pour la plus bel_494087/input_trie par_keyword'

2022-07-18 11:21:58 - [MESSAGE][PASSED] - Text 'Gaspard' is set on object 'Object Repository/Page_Concours photo  votez pour la plus bel_494087/input_trie par_keyword'

2022-07-18 11:21:58 - [TEST_STEP][PASSED] - sendKeys(findTestObject("Page_Concours photo  votez pour la plus bel_494087/input_trie par_keyword"), Keys.chord(ENTER)): Keys 'ENTER + ' sent to object: 'Object Repository/Page_Concours photo  votez pour la plus bel_494087/input_trie par_keyword'

2022-07-18 11:21:59 - [MESSAGE][PASSED] - Keys 'ENTER + ' sent to object: 'Object Repository/Page_Concours photo  votez pour la plus bel_494087/input_trie par_keyword'

2022-07-18 11:21:59 - [TEST_STEP][PASSED] - click(findTestObject("Page_Concours photo  votez pour la plus bel_494087/tri")): Object: 'Object Repository/Page_Concours photo  votez pour la plus bel_494087/tri' is clicked on

2022-07-18 11:22:01 - [MESSAGE][PASSED] - Object: 'Object Repository/Page_Concours photo  votez pour la plus bel_494087/tri' is clicked on

2022-07-18 11:22:01 - [TEST_STEP][PASSED] - click(findTestObject("Page_Concours photo  votez pour la plus bel_494087/plus de votes")): Object: 'Object Repository/Page_Concours photo  votez pour la plus bel_494087/plus de votes' is clicked on

2022-07-18 11:22:01 - [MESSAGE][PASSED] - Object: 'Object Repository/Page_Concours photo  votez pour la plus bel_494087/plus de votes' is clicked on

2022-07-18 11:22:03 - [TEST_STEP][PASSED] - click(findTestObject("Object Repository/Page_Concours photo  votez pour la plus bel_494087/i_Votes_fa fa-heart")): Object: 'Object Repository/Page_Concours photo  votez pour la plus bel_494087/i_Votes_fa fa-heart' is clicked on

2022-07-18 11:22:03 - [MESSAGE][PASSED] - Object: 'Object Repository/Page_Concours photo  votez pour la plus bel_494087/i_Votes_fa fa-heart' is clicked on

2022-07-18 11:22:03 - [TEST_STEP][PASSED] - delay(1): Delayed 1 second(s)

2022-07-18 11:22:04 - [MESSAGE][PASSED] - Delayed 1 second(s)

2022-07-18 11:22:04 - [TEST_STEP][PASSED] - closeBrowser(): Browser is closed

2022-07-18 11:22:05 - [MESSAGE][PASSED] - Browser is closed]]></system-out>
         <system-err><![CDATA[]]></system-err>
      </testcase>
      <testcase name="Test Cases/Vote" time="31.72" classname="Test Cases/Vote" status="PASSED">
         <system-out><![CDATA[2022-07-18 11:22:05 - [TEST_CASE][PASSED] - Test Cases/Vote: Test Cases/Vote

2022-07-18 11:22:05 - [TEST_STEP][PASSED] - openBrowser(""): Browser is opened with url: ''

2022-07-18 11:22:05 - [MESSAGE][INFO] - Starting 'Chrome' driver

2022-07-18 11:22:05 - [MESSAGE][INFO] - Action delay is set to 0 milliseconds

2022-07-18 11:22:06 - [MESSAGE][PASSED] - Browser is opened with url: ''

2022-07-18 11:22:06 - [TEST_STEP][PASSED] - navigateToUrl("https://lesechosdutouquet.nordlittoral.fr/147787/article/2022-06-30/concours-photo-montrez-nous-la-plus-belle-photo-de-votre-chien-en-promenade-sur#l5lb6r47qsmp9ur58y"): Navigate to 'https://lesechosdutouquet.nordlittoral.fr/147787/article/2022-06-30/concours-photo-montrez-nous-la-plus-belle-photo-de-votre-chien-en-promenade-sur#l5lb6r47qsmp9ur58y' successfully

2022-07-18 11:22:08 - [MESSAGE][PASSED] - Navigate to 'https://lesechosdutouquet.nordlittoral.fr/147787/article/2022-06-30/concours-photo-montrez-nous-la-plus-belle-photo-de-votre-chien-en-promenade-sur#l5lb6r47qsmp9ur58y' successfully

2022-07-18 11:22:08 - [TEST_STEP][PASSED] - setViewPortSize(1920, 1080): Viewport is set to new size with width = 1920 and height = 1080

2022-07-18 11:22:09 - [MESSAGE][PASSED] - Viewport is set to new size with width = 1920 and height = 1080

2022-07-18 11:22:09 - [TEST_STEP][PASSED] - click(findTestObject("Object Repository/Page_Concours photo  votez pour la plus bel_494087/button_Accepter  Fermer")): Object: 'Object Repository/Page_Concours photo  votez pour la plus bel_494087/button_Accepter  Fermer' is clicked on

2022-07-18 11:22:10 - [MESSAGE][PASSED] - Object: 'Object Repository/Page_Concours photo  votez pour la plus bel_494087/button_Accepter  Fermer' is clicked on

2022-07-18 11:22:10 - [TEST_STEP][PASSED] - delay(12): Delayed 12 second(s)

2022-07-18 11:22:22 - [MESSAGE][PASSED] - Delayed 12 second(s)

2022-07-18 11:22:22 - [TEST_STEP][PASSED] - click(findTestObject("Object Repository/Page_Concours photo  votez pour la plus bel_494087/a_X")): Object: 'Object Repository/Page_Concours photo  votez pour la plus bel_494087/a_X' is clicked on

2022-07-18 11:22:22 - [MESSAGE][PASSED] - Object: 'Object Repository/Page_Concours photo  votez pour la plus bel_494087/a_X' is clicked on

2022-07-18 11:22:22 - [TEST_STEP][PASSED] - delay(1): Delayed 1 second(s)

2022-07-18 11:22:23 - [MESSAGE][PASSED] - Delayed 1 second(s)

2022-07-18 11:22:23 - [TEST_STEP][PASSED] - click(findTestObject("Object Repository/Page_Concours photo  votez pour la plus bel_494087/input_concat(Votez pour le plus beau chien de la cte d, , Opale )_jouer")): Object: 'Object Repository/Page_Concours photo  votez pour la plus bel_494087/input_concat(Votez pour le plus beau chien de la cte d, , Opale )_jouer' is clicked on

2022-07-18 11:22:24 - [MESSAGE][PASSED] - Object: 'Object Repository/Page_Concours photo  votez pour la plus bel_494087/input_concat(Votez pour le plus beau chien de la cte d, , Opale )_jouer' is clicked on

2022-07-18 11:22:24 - [TEST_STEP][PASSED] - if (verifyElementPresent(findTestObject("Page_Concours photo  votez pour la plus bel_494087/input_concat(Votez pour le plus beau chien de la cte d, , Opale )_jouer"), 1, OPTIONAL)): null

2022-07-18 11:22:26 - [MESSAGE][PASSED] - Object 'Object Repository/Page_Concours photo  votez pour la plus bel_494087/input_concat(Votez pour le plus beau chien de la cte d, , Opale )_jouer' is present

2022-07-18 11:22:26 - [TEST_STEP][PASSED] - click(findTestObject("Object Repository/Page_Concours photo  votez pour la plus bel_494087/input_concat(Votez pour le plus beau chien de la cte d, , Opale )_jouer")): Object: 'Object Repository/Page_Concours photo  votez pour la plus bel_494087/input_concat(Votez pour le plus beau chien de la cte d, , Opale )_jouer' is clicked on

2022-07-18 11:22:26 - [MESSAGE][PASSED] - Object: 'Object Repository/Page_Concours photo  votez pour la plus bel_494087/input_concat(Votez pour le plus beau chien de la cte d, , Opale )_jouer' is clicked on

2022-07-18 11:22:26 - [TEST_STEP][PASSED] - delay(1): Delayed 1 second(s)

2022-07-18 11:22:27 - [MESSAGE][PASSED] - Delayed 1 second(s)

2022-07-18 11:22:27 - [TEST_STEP][PASSED] - setText(findTestObject("Object Repository/Page_Concours photo  votez pour la plus bel_494087/input_trie par_keyword"), "Gaspard"): Text 'Gaspard' is set on object 'Object Repository/Page_Concours photo  votez pour la plus bel_494087/input_trie par_keyword'

2022-07-18 11:22:31 - [MESSAGE][PASSED] - Text 'Gaspard' is set on object 'Object Repository/Page_Concours photo  votez pour la plus bel_494087/input_trie par_keyword'

2022-07-18 11:22:31 - [TEST_STEP][PASSED] - sendKeys(findTestObject("Page_Concours photo  votez pour la plus bel_494087/input_trie par_keyword"), Keys.chord(ENTER)): Keys 'ENTER + ' sent to object: 'Object Repository/Page_Concours photo  votez pour la plus bel_494087/input_trie par_keyword'

2022-07-18 11:22:32 - [MESSAGE][PASSED] - Keys 'ENTER + ' sent to object: 'Object Repository/Page_Concours photo  votez pour la plus bel_494087/input_trie par_keyword'

2022-07-18 11:22:32 - [TEST_STEP][PASSED] - click(findTestObject("Page_Concours photo  votez pour la plus bel_494087/tri")): Object: 'Object Repository/Page_Concours photo  votez pour la plus bel_494087/tri' is clicked on

2022-07-18 11:22:33 - [MESSAGE][PASSED] - Object: 'Object Repository/Page_Concours photo  votez pour la plus bel_494087/tri' is clicked on

2022-07-18 11:22:33 - [TEST_STEP][PASSED] - click(findTestObject("Page_Concours photo  votez pour la plus bel_494087/plus de votes")): Object: 'Object Repository/Page_Concours photo  votez pour la plus bel_494087/plus de votes' is clicked on

2022-07-18 11:22:33 - [MESSAGE][PASSED] - Object: 'Object Repository/Page_Concours photo  votez pour la plus bel_494087/plus de votes' is clicked on

2022-07-18 11:22:35 - [TEST_STEP][PASSED] - click(findTestObject("Object Repository/Page_Concours photo  votez pour la plus bel_494087/i_Votes_fa fa-heart")): Object: 'Object Repository/Page_Concours photo  votez pour la plus bel_494087/i_Votes_fa fa-heart' is clicked on

2022-07-18 11:22:35 - [MESSAGE][PASSED] - Object: 'Object Repository/Page_Concours photo  votez pour la plus bel_494087/i_Votes_fa fa-heart' is clicked on

2022-07-18 11:22:35 - [TEST_STEP][PASSED] - delay(1): Delayed 1 second(s)

2022-07-18 11:22:36 - [MESSAGE][PASSED] - Delayed 1 second(s)

2022-07-18 11:22:36 - [TEST_STEP][PASSED] - closeBrowser(): Browser is closed

2022-07-18 11:22:36 - [MESSAGE][PASSED] - Browser is closed]]></system-out>
         <system-err><![CDATA[]]></system-err>
      </testcase>
      <testcase name="Test Cases/Vote" time="30.789" classname="Test Cases/Vote" status="PASSED">
         <system-out><![CDATA[2022-07-18 11:22:36 - [TEST_CASE][PASSED] - Test Cases/Vote: Test Cases/Vote

2022-07-18 11:22:36 - [TEST_STEP][PASSED] - openBrowser(""): Browser is opened with url: ''

2022-07-18 11:22:36 - [MESSAGE][INFO] - Starting 'Chrome' driver

2022-07-18 11:22:36 - [MESSAGE][INFO] - Action delay is set to 0 milliseconds

2022-07-18 11:22:37 - [MESSAGE][PASSED] - Browser is opened with url: ''

2022-07-18 11:22:37 - [TEST_STEP][PASSED] - navigateToUrl("https://lesechosdutouquet.nordlittoral.fr/147787/article/2022-06-30/concours-photo-montrez-nous-la-plus-belle-photo-de-votre-chien-en-promenade-sur#l5lb6r47qsmp9ur58y"): Navigate to 'https://lesechosdutouquet.nordlittoral.fr/147787/article/2022-06-30/concours-photo-montrez-nous-la-plus-belle-photo-de-votre-chien-en-promenade-sur#l5lb6r47qsmp9ur58y' successfully

2022-07-18 11:22:41 - [MESSAGE][PASSED] - Navigate to 'https://lesechosdutouquet.nordlittoral.fr/147787/article/2022-06-30/concours-photo-montrez-nous-la-plus-belle-photo-de-votre-chien-en-promenade-sur#l5lb6r47qsmp9ur58y' successfully

2022-07-18 11:22:41 - [TEST_STEP][PASSED] - setViewPortSize(1920, 1080): Viewport is set to new size with width = 1920 and height = 1080

2022-07-18 11:22:41 - [MESSAGE][PASSED] - Viewport is set to new size with width = 1920 and height = 1080

2022-07-18 11:22:41 - [TEST_STEP][PASSED] - click(findTestObject("Object Repository/Page_Concours photo  votez pour la plus bel_494087/button_Accepter  Fermer")): Object: 'Object Repository/Page_Concours photo  votez pour la plus bel_494087/button_Accepter  Fermer' is clicked on

2022-07-18 11:22:42 - [MESSAGE][PASSED] - Object: 'Object Repository/Page_Concours photo  votez pour la plus bel_494087/button_Accepter  Fermer' is clicked on

2022-07-18 11:22:42 - [TEST_STEP][PASSED] - delay(12): Delayed 12 second(s)

2022-07-18 11:22:54 - [MESSAGE][PASSED] - Delayed 12 second(s)

2022-07-18 11:22:54 - [TEST_STEP][PASSED] - click(findTestObject("Object Repository/Page_Concours photo  votez pour la plus bel_494087/a_X")): Object: 'Object Repository/Page_Concours photo  votez pour la plus bel_494087/a_X' is clicked on

2022-07-18 11:22:54 - [MESSAGE][PASSED] - Object: 'Object Repository/Page_Concours photo  votez pour la plus bel_494087/a_X' is clicked on

2022-07-18 11:22:54 - [TEST_STEP][PASSED] - delay(1): Delayed 1 second(s)

2022-07-18 11:22:55 - [MESSAGE][PASSED] - Delayed 1 second(s)

2022-07-18 11:22:55 - [TEST_STEP][PASSED] - click(findTestObject("Object Repository/Page_Concours photo  votez pour la plus bel_494087/input_concat(Votez pour le plus beau chien de la cte d, , Opale )_jouer")): Object: 'Object Repository/Page_Concours photo  votez pour la plus bel_494087/input_concat(Votez pour le plus beau chien de la cte d, , Opale )_jouer' is clicked on

2022-07-18 11:22:56 - [MESSAGE][PASSED] - Object: 'Object Repository/Page_Concours photo  votez pour la plus bel_494087/input_concat(Votez pour le plus beau chien de la cte d, , Opale )_jouer' is clicked on

2022-07-18 11:22:56 - [TEST_STEP][PASSED] - if (verifyElementPresent(findTestObject("Page_Concours photo  votez pour la plus bel_494087/input_concat(Votez pour le plus beau chien de la cte d, , Opale )_jouer"), 1, OPTIONAL)): null

2022-07-18 11:22:58 - [MESSAGE][PASSED] - Object 'Object Repository/Page_Concours photo  votez pour la plus bel_494087/input_concat(Votez pour le plus beau chien de la cte d, , Opale )_jouer' is present

2022-07-18 11:22:58 - [TEST_STEP][PASSED] - click(findTestObject("Object Repository/Page_Concours photo  votez pour la plus bel_494087/input_concat(Votez pour le plus beau chien de la cte d, , Opale )_jouer")): Object: 'Object Repository/Page_Concours photo  votez pour la plus bel_494087/input_concat(Votez pour le plus beau chien de la cte d, , Opale )_jouer' is clicked on

2022-07-18 11:22:58 - [MESSAGE][PASSED] - Object: 'Object Repository/Page_Concours photo  votez pour la plus bel_494087/input_concat(Votez pour le plus beau chien de la cte d, , Opale )_jouer' is clicked on

2022-07-18 11:22:58 - [TEST_STEP][PASSED] - delay(1): Delayed 1 second(s)

2022-07-18 11:22:59 - [MESSAGE][PASSED] - Delayed 1 second(s)

2022-07-18 11:22:59 - [TEST_STEP][PASSED] - setText(findTestObject("Object Repository/Page_Concours photo  votez pour la plus bel_494087/input_trie par_keyword"), "Gaspard"): Text 'Gaspard' is set on object 'Object Repository/Page_Concours photo  votez pour la plus bel_494087/input_trie par_keyword'

2022-07-18 11:23:01 - [MESSAGE][PASSED] - Text 'Gaspard' is set on object 'Object Repository/Page_Concours photo  votez pour la plus bel_494087/input_trie par_keyword'

2022-07-18 11:23:01 - [TEST_STEP][PASSED] - sendKeys(findTestObject("Page_Concours photo  votez pour la plus bel_494087/input_trie par_keyword"), Keys.chord(ENTER)): Keys 'ENTER + ' sent to object: 'Object Repository/Page_Concours photo  votez pour la plus bel_494087/input_trie par_keyword'

2022-07-18 11:23:02 - [MESSAGE][PASSED] - Keys 'ENTER + ' sent to object: 'Object Repository/Page_Concours photo  votez pour la plus bel_494087/input_trie par_keyword'

2022-07-18 11:23:02 - [TEST_STEP][PASSED] - click(findTestObject("Page_Concours photo  votez pour la plus bel_494087/tri")): Object: 'Object Repository/Page_Concours photo  votez pour la plus bel_494087/tri' is clicked on

2022-07-18 11:23:03 - [MESSAGE][PASSED] - Object: 'Object Repository/Page_Concours photo  votez pour la plus bel_494087/tri' is clicked on

2022-07-18 11:23:03 - [TEST_STEP][PASSED] - click(findTestObject("Page_Concours photo  votez pour la plus bel_494087/plus de votes")): Object: 'Object Repository/Page_Concours photo  votez pour la plus bel_494087/plus de votes' is clicked on

2022-07-18 11:23:04 - [MESSAGE][PASSED] - Object: 'Object Repository/Page_Concours photo  votez pour la plus bel_494087/plus de votes' is clicked on

2022-07-18 11:23:05 - [TEST_STEP][PASSED] - click(findTestObject("Object Repository/Page_Concours photo  votez pour la plus bel_494087/i_Votes_fa fa-heart")): Object: 'Object Repository/Page_Concours photo  votez pour la plus bel_494087/i_Votes_fa fa-heart' is clicked on

2022-07-18 11:23:06 - [MESSAGE][PASSED] - Object: 'Object Repository/Page_Concours photo  votez pour la plus bel_494087/i_Votes_fa fa-heart' is clicked on

2022-07-18 11:23:06 - [TEST_STEP][PASSED] - delay(1): Delayed 1 second(s)

2022-07-18 11:23:07 - [MESSAGE][PASSED] - Delayed 1 second(s)

2022-07-18 11:23:07 - [TEST_STEP][PASSED] - closeBrowser(): Browser is closed

2022-07-18 11:23:07 - [MESSAGE][PASSED] - Browser is closed]]></system-out>
         <system-err><![CDATA[]]></system-err>
      </testcase>
      <testcase name="Test Cases/Vote" time="31.474" classname="Test Cases/Vote" status="PASSED">
         <system-out><![CDATA[2022-07-18 11:23:07 - [TEST_CASE][PASSED] - Test Cases/Vote: Test Cases/Vote

2022-07-18 11:23:07 - [TEST_STEP][PASSED] - openBrowser(""): Browser is opened with url: ''

2022-07-18 11:23:07 - [MESSAGE][INFO] - Starting 'Chrome' driver

2022-07-18 11:23:07 - [MESSAGE][INFO] - Action delay is set to 0 milliseconds

2022-07-18 11:23:08 - [MESSAGE][PASSED] - Browser is opened with url: ''

2022-07-18 11:23:08 - [TEST_STEP][PASSED] - navigateToUrl("https://lesechosdutouquet.nordlittoral.fr/147787/article/2022-06-30/concours-photo-montrez-nous-la-plus-belle-photo-de-votre-chien-en-promenade-sur#l5lb6r47qsmp9ur58y"): Navigate to 'https://lesechosdutouquet.nordlittoral.fr/147787/article/2022-06-30/concours-photo-montrez-nous-la-plus-belle-photo-de-votre-chien-en-promenade-sur#l5lb6r47qsmp9ur58y' successfully

2022-07-18 11:23:11 - [MESSAGE][PASSED] - Navigate to 'https://lesechosdutouquet.nordlittoral.fr/147787/article/2022-06-30/concours-photo-montrez-nous-la-plus-belle-photo-de-votre-chien-en-promenade-sur#l5lb6r47qsmp9ur58y' successfully

2022-07-18 11:23:11 - [TEST_STEP][PASSED] - setViewPortSize(1920, 1080): Viewport is set to new size with width = 1920 and height = 1080

2022-07-18 11:23:11 - [MESSAGE][PASSED] - Viewport is set to new size with width = 1920 and height = 1080

2022-07-18 11:23:11 - [TEST_STEP][PASSED] - click(findTestObject("Object Repository/Page_Concours photo  votez pour la plus bel_494087/button_Accepter  Fermer")): Object: 'Object Repository/Page_Concours photo  votez pour la plus bel_494087/button_Accepter  Fermer' is clicked on

2022-07-18 11:23:12 - [MESSAGE][PASSED] - Object: 'Object Repository/Page_Concours photo  votez pour la plus bel_494087/button_Accepter  Fermer' is clicked on

2022-07-18 11:23:12 - [TEST_STEP][PASSED] - delay(12): Delayed 12 second(s)

2022-07-18 11:23:24 - [MESSAGE][PASSED] - Delayed 12 second(s)

2022-07-18 11:23:24 - [TEST_STEP][PASSED] - click(findTestObject("Object Repository/Page_Concours photo  votez pour la plus bel_494087/a_X")): Object: 'Object Repository/Page_Concours photo  votez pour la plus bel_494087/a_X' is clicked on

2022-07-18 11:23:25 - [MESSAGE][PASSED] - Object: 'Object Repository/Page_Concours photo  votez pour la plus bel_494087/a_X' is clicked on

2022-07-18 11:23:25 - [TEST_STEP][PASSED] - delay(1): Delayed 1 second(s)

2022-07-18 11:23:26 - [MESSAGE][PASSED] - Delayed 1 second(s)

2022-07-18 11:23:26 - [TEST_STEP][PASSED] - click(findTestObject("Object Repository/Page_Concours photo  votez pour la plus bel_494087/input_concat(Votez pour le plus beau chien de la cte d, , Opale )_jouer")): Object: 'Object Repository/Page_Concours photo  votez pour la plus bel_494087/input_concat(Votez pour le plus beau chien de la cte d, , Opale )_jouer' is clicked on

2022-07-18 11:23:26 - [MESSAGE][PASSED] - Object: 'Object Repository/Page_Concours photo  votez pour la plus bel_494087/input_concat(Votez pour le plus beau chien de la cte d, , Opale )_jouer' is clicked on

2022-07-18 11:23:26 - [TEST_STEP][PASSED] - if (verifyElementPresent(findTestObject("Page_Concours photo  votez pour la plus bel_494087/input_concat(Votez pour le plus beau chien de la cte d, , Opale )_jouer"), 1, OPTIONAL)): null

2022-07-18 11:23:28 - [MESSAGE][PASSED] - Object 'Object Repository/Page_Concours photo  votez pour la plus bel_494087/input_concat(Votez pour le plus beau chien de la cte d, , Opale )_jouer' is present

2022-07-18 11:23:28 - [TEST_STEP][PASSED] - click(findTestObject("Object Repository/Page_Concours photo  votez pour la plus bel_494087/input_concat(Votez pour le plus beau chien de la cte d, , Opale )_jouer")): Object: 'Object Repository/Page_Concours photo  votez pour la plus bel_494087/input_concat(Votez pour le plus beau chien de la cte d, , Opale )_jouer' is clicked on

2022-07-18 11:23:28 - [MESSAGE][PASSED] - Object: 'Object Repository/Page_Concours photo  votez pour la plus bel_494087/input_concat(Votez pour le plus beau chien de la cte d, , Opale )_jouer' is clicked on

2022-07-18 11:23:28 - [TEST_STEP][PASSED] - delay(1): Delayed 1 second(s)

2022-07-18 11:23:29 - [MESSAGE][PASSED] - Delayed 1 second(s)

2022-07-18 11:23:29 - [TEST_STEP][PASSED] - setText(findTestObject("Object Repository/Page_Concours photo  votez pour la plus bel_494087/input_trie par_keyword"), "Gaspard"): Text 'Gaspard' is set on object 'Object Repository/Page_Concours photo  votez pour la plus bel_494087/input_trie par_keyword'

2022-07-18 11:23:32 - [MESSAGE][PASSED] - Text 'Gaspard' is set on object 'Object Repository/Page_Concours photo  votez pour la plus bel_494087/input_trie par_keyword'

2022-07-18 11:23:32 - [TEST_STEP][PASSED] - sendKeys(findTestObject("Page_Concours photo  votez pour la plus bel_494087/input_trie par_keyword"), Keys.chord(ENTER)): Keys 'ENTER + ' sent to object: 'Object Repository/Page_Concours photo  votez pour la plus bel_494087/input_trie par_keyword'

2022-07-18 11:23:33 - [MESSAGE][PASSED] - Keys 'ENTER + ' sent to object: 'Object Repository/Page_Concours photo  votez pour la plus bel_494087/input_trie par_keyword'

2022-07-18 11:23:33 - [TEST_STEP][PASSED] - click(findTestObject("Page_Concours photo  votez pour la plus bel_494087/tri")): Object: 'Object Repository/Page_Concours photo  votez pour la plus bel_494087/tri' is clicked on

2022-07-18 11:23:34 - [MESSAGE][PASSED] - Object: 'Object Repository/Page_Concours photo  votez pour la plus bel_494087/tri' is clicked on

2022-07-18 11:23:34 - [TEST_STEP][PASSED] - click(findTestObject("Page_Concours photo  votez pour la plus bel_494087/plus de votes")): Object: 'Object Repository/Page_Concours photo  votez pour la plus bel_494087/plus de votes' is clicked on

2022-07-18 11:23:35 - [MESSAGE][PASSED] - Object: 'Object Repository/Page_Concours photo  votez pour la plus bel_494087/plus de votes' is clicked on

2022-07-18 11:23:37 - [TEST_STEP][PASSED] - click(findTestObject("Object Repository/Page_Concours photo  votez pour la plus bel_494087/i_Votes_fa fa-heart")): Object: 'Object Repository/Page_Concours photo  votez pour la plus bel_494087/i_Votes_fa fa-heart' is clicked on

2022-07-18 11:23:37 - [MESSAGE][PASSED] - Object: 'Object Repository/Page_Concours photo  votez pour la plus bel_494087/i_Votes_fa fa-heart' is clicked on

2022-07-18 11:23:37 - [TEST_STEP][PASSED] - delay(1): Delayed 1 second(s)

2022-07-18 11:23:38 - [MESSAGE][PASSED] - Delayed 1 second(s)

2022-07-18 11:23:38 - [TEST_STEP][PASSED] - closeBrowser(): Browser is closed

2022-07-18 11:23:39 - [MESSAGE][PASSED] - Browser is closed]]></system-out>
         <system-err><![CDATA[]]></system-err>
      </testcase>
      <testcase name="Test Cases/Vote" time="40.145" classname="Test Cases/Vote" status="PASSED">
         <system-out><![CDATA[2022-07-18 11:23:39 - [TEST_CASE][PASSED] - Test Cases/Vote: Test Cases/Vote

2022-07-18 11:23:39 - [TEST_STEP][PASSED] - openBrowser(""): Browser is opened with url: ''

2022-07-18 11:23:39 - [MESSAGE][INFO] - Starting 'Chrome' driver

2022-07-18 11:23:39 - [MESSAGE][INFO] - Action delay is set to 0 milliseconds

2022-07-18 11:23:40 - [MESSAGE][PASSED] - Browser is opened with url: ''

2022-07-18 11:23:40 - [TEST_STEP][PASSED] - navigateToUrl("https://lesechosdutouquet.nordlittoral.fr/147787/article/2022-06-30/concours-photo-montrez-nous-la-plus-belle-photo-de-votre-chien-en-promenade-sur#l5lb6r47qsmp9ur58y"): Navigate to 'https://lesechosdutouquet.nordlittoral.fr/147787/article/2022-06-30/concours-photo-montrez-nous-la-plus-belle-photo-de-votre-chien-en-promenade-sur#l5lb6r47qsmp9ur58y' successfully

2022-07-18 11:23:52 - [MESSAGE][PASSED] - Navigate to 'https://lesechosdutouquet.nordlittoral.fr/147787/article/2022-06-30/concours-photo-montrez-nous-la-plus-belle-photo-de-votre-chien-en-promenade-sur#l5lb6r47qsmp9ur58y' successfully

2022-07-18 11:23:52 - [TEST_STEP][PASSED] - setViewPortSize(1920, 1080): Viewport is set to new size with width = 1920 and height = 1080

2022-07-18 11:23:52 - [MESSAGE][PASSED] - Viewport is set to new size with width = 1920 and height = 1080

2022-07-18 11:23:52 - [TEST_STEP][PASSED] - click(findTestObject("Object Repository/Page_Concours photo  votez pour la plus bel_494087/button_Accepter  Fermer")): Object: 'Object Repository/Page_Concours photo  votez pour la plus bel_494087/button_Accepter  Fermer' is clicked on

2022-07-18 11:23:54 - [MESSAGE][PASSED] - Object: 'Object Repository/Page_Concours photo  votez pour la plus bel_494087/button_Accepter  Fermer' is clicked on

2022-07-18 11:23:54 - [TEST_STEP][PASSED] - delay(12): Delayed 12 second(s)

2022-07-18 11:24:06 - [MESSAGE][PASSED] - Delayed 12 second(s)

2022-07-18 11:24:06 - [TEST_STEP][PASSED] - click(findTestObject("Object Repository/Page_Concours photo  votez pour la plus bel_494087/a_X")): Object: 'Object Repository/Page_Concours photo  votez pour la plus bel_494087/a_X' is clicked on

2022-07-18 11:24:06 - [MESSAGE][PASSED] - Object: 'Object Repository/Page_Concours photo  votez pour la plus bel_494087/a_X' is clicked on

2022-07-18 11:24:06 - [TEST_STEP][PASSED] - delay(1): Delayed 1 second(s)

2022-07-18 11:24:07 - [MESSAGE][PASSED] - Delayed 1 second(s)

2022-07-18 11:24:07 - [TEST_STEP][PASSED] - click(findTestObject("Object Repository/Page_Concours photo  votez pour la plus bel_494087/input_concat(Votez pour le plus beau chien de la cte d, , Opale )_jouer")): Object: 'Object Repository/Page_Concours photo  votez pour la plus bel_494087/input_concat(Votez pour le plus beau chien de la cte d, , Opale )_jouer' is clicked on

2022-07-18 11:24:09 - [MESSAGE][PASSED] - Object: 'Object Repository/Page_Concours photo  votez pour la plus bel_494087/input_concat(Votez pour le plus beau chien de la cte d, , Opale )_jouer' is clicked on

2022-07-18 11:24:09 - [TEST_STEP][PASSED] - if (verifyElementPresent(findTestObject("Page_Concours photo  votez pour la plus bel_494087/input_concat(Votez pour le plus beau chien de la cte d, , Opale )_jouer"), 1, OPTIONAL)): null

2022-07-18 11:24:09 - [MESSAGE][PASSED] - Object 'Object Repository/Page_Concours photo  votez pour la plus bel_494087/input_concat(Votez pour le plus beau chien de la cte d, , Opale )_jouer' is present

2022-07-18 11:24:09 - [TEST_STEP][PASSED] - click(findTestObject("Object Repository/Page_Concours photo  votez pour la plus bel_494087/input_concat(Votez pour le plus beau chien de la cte d, , Opale )_jouer")): Object: 'Object Repository/Page_Concours photo  votez pour la plus bel_494087/input_concat(Votez pour le plus beau chien de la cte d, , Opale )_jouer' is clicked on

2022-07-18 11:24:11 - [MESSAGE][PASSED] - Object: 'Object Repository/Page_Concours photo  votez pour la plus bel_494087/input_concat(Votez pour le plus beau chien de la cte d, , Opale )_jouer' is clicked on

2022-07-18 11:24:12 - [TEST_STEP][PASSED] - delay(1): Delayed 1 second(s)

2022-07-18 11:24:13 - [MESSAGE][PASSED] - Delayed 1 second(s)

2022-07-18 11:24:13 - [TEST_STEP][PASSED] - setText(findTestObject("Object Repository/Page_Concours photo  votez pour la plus bel_494087/input_trie par_keyword"), "Gaspard"): Text 'Gaspard' is set on object 'Object Repository/Page_Concours photo  votez pour la plus bel_494087/input_trie par_keyword'

2022-07-18 11:24:13 - [MESSAGE][PASSED] - Text 'Gaspard' is set on object 'Object Repository/Page_Concours photo  votez pour la plus bel_494087/input_trie par_keyword'

2022-07-18 11:24:13 - [TEST_STEP][PASSED] - sendKeys(findTestObject("Page_Concours photo  votez pour la plus bel_494087/input_trie par_keyword"), Keys.chord(ENTER)): Keys 'ENTER + ' sent to object: 'Object Repository/Page_Concours photo  votez pour la plus bel_494087/input_trie par_keyword'

2022-07-18 11:24:15 - [MESSAGE][PASSED] - Keys 'ENTER + ' sent to object: 'Object Repository/Page_Concours photo  votez pour la plus bel_494087/input_trie par_keyword'

2022-07-18 11:24:15 - [TEST_STEP][PASSED] - click(findTestObject("Page_Concours photo  votez pour la plus bel_494087/tri")): Object: 'Object Repository/Page_Concours photo  votez pour la plus bel_494087/tri' is clicked on

2022-07-18 11:24:15 - [MESSAGE][PASSED] - Object: 'Object Repository/Page_Concours photo  votez pour la plus bel_494087/tri' is clicked on

2022-07-18 11:24:15 - [TEST_STEP][PASSED] - click(findTestObject("Page_Concours photo  votez pour la plus bel_494087/plus de votes")): Object: 'Object Repository/Page_Concours photo  votez pour la plus bel_494087/plus de votes' is clicked on

2022-07-18 11:24:16 - [MESSAGE][PASSED] - Object: 'Object Repository/Page_Concours photo  votez pour la plus bel_494087/plus de votes' is clicked on

2022-07-18 11:24:17 - [TEST_STEP][PASSED] - click(findTestObject("Object Repository/Page_Concours photo  votez pour la plus bel_494087/i_Votes_fa fa-heart")): Object: 'Object Repository/Page_Concours photo  votez pour la plus bel_494087/i_Votes_fa fa-heart' is clicked on

2022-07-18 11:24:17 - [MESSAGE][PASSED] - Object: 'Object Repository/Page_Concours photo  votez pour la plus bel_494087/i_Votes_fa fa-heart' is clicked on

2022-07-18 11:24:17 - [TEST_STEP][PASSED] - delay(1): Delayed 1 second(s)

2022-07-18 11:24:18 - [MESSAGE][PASSED] - Delayed 1 second(s)

2022-07-18 11:24:18 - [TEST_STEP][PASSED] - closeBrowser(): Browser is closed

2022-07-18 11:24:19 - [MESSAGE][PASSED] - Browser is closed]]></system-out>
         <system-err><![CDATA[]]></system-err>
      </testcase>
      <testcase name="Test Cases/Vote" time="29.604" classname="Test Cases/Vote" status="PASSED">
         <system-out><![CDATA[2022-07-18 11:24:19 - [TEST_CASE][PASSED] - Test Cases/Vote: Test Cases/Vote

2022-07-18 11:24:19 - [TEST_STEP][PASSED] - openBrowser(""): Browser is opened with url: ''

2022-07-18 11:24:19 - [MESSAGE][INFO] - Starting 'Chrome' driver

2022-07-18 11:24:19 - [MESSAGE][INFO] - Action delay is set to 0 milliseconds

2022-07-18 11:24:20 - [MESSAGE][PASSED] - Browser is opened with url: ''

2022-07-18 11:24:20 - [TEST_STEP][PASSED] - navigateToUrl("https://lesechosdutouquet.nordlittoral.fr/147787/article/2022-06-30/concours-photo-montrez-nous-la-plus-belle-photo-de-votre-chien-en-promenade-sur#l5lb6r47qsmp9ur58y"): Navigate to 'https://lesechosdutouquet.nordlittoral.fr/147787/article/2022-06-30/concours-photo-montrez-nous-la-plus-belle-photo-de-votre-chien-en-promenade-sur#l5lb6r47qsmp9ur58y' successfully

2022-07-18 11:24:23 - [MESSAGE][PASSED] - Navigate to 'https://lesechosdutouquet.nordlittoral.fr/147787/article/2022-06-30/concours-photo-montrez-nous-la-plus-belle-photo-de-votre-chien-en-promenade-sur#l5lb6r47qsmp9ur58y' successfully

2022-07-18 11:24:23 - [TEST_STEP][PASSED] - setViewPortSize(1920, 1080): Viewport is set to new size with width = 1920 and height = 1080

2022-07-18 11:24:24 - [MESSAGE][PASSED] - Viewport is set to new size with width = 1920 and height = 1080

2022-07-18 11:24:24 - [TEST_STEP][PASSED] - click(findTestObject("Object Repository/Page_Concours photo  votez pour la plus bel_494087/button_Accepter  Fermer")): Object: 'Object Repository/Page_Concours photo  votez pour la plus bel_494087/button_Accepter  Fermer' is clicked on

2022-07-18 11:24:25 - [MESSAGE][PASSED] - Object: 'Object Repository/Page_Concours photo  votez pour la plus bel_494087/button_Accepter  Fermer' is clicked on

2022-07-18 11:24:25 - [TEST_STEP][PASSED] - delay(12): Delayed 12 second(s)

2022-07-18 11:24:37 - [MESSAGE][PASSED] - Delayed 12 second(s)

2022-07-18 11:24:37 - [TEST_STEP][PASSED] - click(findTestObject("Object Repository/Page_Concours photo  votez pour la plus bel_494087/a_X")): Object: 'Object Repository/Page_Concours photo  votez pour la plus bel_494087/a_X' is clicked on

2022-07-18 11:24:37 - [MESSAGE][PASSED] - Object: 'Object Repository/Page_Concours photo  votez pour la plus bel_494087/a_X' is clicked on

2022-07-18 11:24:37 - [TEST_STEP][PASSED] - delay(1): Delayed 1 second(s)

2022-07-18 11:24:38 - [MESSAGE][PASSED] - Delayed 1 second(s)

2022-07-18 11:24:39 - [TEST_STEP][PASSED] - click(findTestObject("Object Repository/Page_Concours photo  votez pour la plus bel_494087/input_concat(Votez pour le plus beau chien de la cte d, , Opale )_jouer")): Object: 'Object Repository/Page_Concours photo  votez pour la plus bel_494087/input_concat(Votez pour le plus beau chien de la cte d, , Opale )_jouer' is clicked on

2022-07-18 11:24:39 - [MESSAGE][PASSED] - Object: 'Object Repository/Page_Concours photo  votez pour la plus bel_494087/input_concat(Votez pour le plus beau chien de la cte d, , Opale )_jouer' is clicked on

2022-07-18 11:24:39 - [TEST_STEP][PASSED] - if (verifyElementPresent(findTestObject("Page_Concours photo  votez pour la plus bel_494087/input_concat(Votez pour le plus beau chien de la cte d, , Opale )_jouer"), 1, OPTIONAL)): null

2022-07-18 11:24:41 - [MESSAGE][PASSED] - Object 'Object Repository/Page_Concours photo  votez pour la plus bel_494087/input_concat(Votez pour le plus beau chien de la cte d, , Opale )_jouer' is present

2022-07-18 11:24:41 - [TEST_STEP][PASSED] - click(findTestObject("Object Repository/Page_Concours photo  votez pour la plus bel_494087/input_concat(Votez pour le plus beau chien de la cte d, , Opale )_jouer")): Object: 'Object Repository/Page_Concours photo  votez pour la plus bel_494087/input_concat(Votez pour le plus beau chien de la cte d, , Opale )_jouer' is clicked on

2022-07-18 11:24:41 - [MESSAGE][PASSED] - Object: 'Object Repository/Page_Concours photo  votez pour la plus bel_494087/input_concat(Votez pour le plus beau chien de la cte d, , Opale )_jouer' is clicked on

2022-07-18 11:24:41 - [TEST_STEP][PASSED] - delay(1): Delayed 1 second(s)

2022-07-18 11:24:42 - [MESSAGE][PASSED] - Delayed 1 second(s)

2022-07-18 11:24:42 - [TEST_STEP][PASSED] - setText(findTestObject("Object Repository/Page_Concours photo  votez pour la plus bel_494087/input_trie par_keyword"), "Gaspard"): Text 'Gaspard' is set on object 'Object Repository/Page_Concours photo  votez pour la plus bel_494087/input_trie par_keyword'

2022-07-18 11:24:43 - [MESSAGE][PASSED] - Text 'Gaspard' is set on object 'Object Repository/Page_Concours photo  votez pour la plus bel_494087/input_trie par_keyword'

2022-07-18 11:24:43 - [TEST_STEP][PASSED] - sendKeys(findTestObject("Page_Concours photo  votez pour la plus bel_494087/input_trie par_keyword"), Keys.chord(ENTER)): Keys 'ENTER + ' sent to object: 'Object Repository/Page_Concours photo  votez pour la plus bel_494087/input_trie par_keyword'

2022-07-18 11:24:45 - [MESSAGE][PASSED] - Keys 'ENTER + ' sent to object: 'Object Repository/Page_Concours photo  votez pour la plus bel_494087/input_trie par_keyword'

2022-07-18 11:24:45 - [TEST_STEP][PASSED] - click(findTestObject("Page_Concours photo  votez pour la plus bel_494087/tri")): Object: 'Object Repository/Page_Concours photo  votez pour la plus bel_494087/tri' is clicked on

2022-07-18 11:24:46 - [MESSAGE][PASSED] - Object: 'Object Repository/Page_Concours photo  votez pour la plus bel_494087/tri' is clicked on

2022-07-18 11:24:46 - [TEST_STEP][PASSED] - click(findTestObject("Page_Concours photo  votez pour la plus bel_494087/plus de votes")): Object: 'Object Repository/Page_Concours photo  votez pour la plus bel_494087/plus de votes' is clicked on

2022-07-18 11:24:46 - [MESSAGE][PASSED] - Object: 'Object Repository/Page_Concours photo  votez pour la plus bel_494087/plus de votes' is clicked on

2022-07-18 11:24:46 - [TEST_STEP][PASSED] - click(findTestObject("Object Repository/Page_Concours photo  votez pour la plus bel_494087/i_Votes_fa fa-heart")): Object: 'Object Repository/Page_Concours photo  votez pour la plus bel_494087/i_Votes_fa fa-heart' is clicked on

2022-07-18 11:24:47 - [MESSAGE][PASSED] - Object: 'Object Repository/Page_Concours photo  votez pour la plus bel_494087/i_Votes_fa fa-heart' is clicked on

2022-07-18 11:24:47 - [TEST_STEP][PASSED] - delay(1): Delayed 1 second(s)

2022-07-18 11:24:48 - [MESSAGE][PASSED] - Delayed 1 second(s)

2022-07-18 11:24:48 - [TEST_STEP][PASSED] - closeBrowser(): Browser is closed

2022-07-18 11:24:48 - [MESSAGE][PASSED] - Browser is closed]]></system-out>
         <system-err><![CDATA[]]></system-err>
      </testcase>
      <system-out><![CDATA[2022-07-18 10:56:29 - [TEST_SUITE][PASSED] - New Test Suite: Test Cases/Vote]]></system-out>
      <system-err><![CDATA[]]></system-err>
   </testsuite>
</testsuites>
